status file for recon-all
Thu Mar 12 16:42:41 CET 2026
#@# Tessellate rh Thu Mar 12 16:42:41 CET 2026
#@# Smooth1 rh Thu Mar 12 16:42:44 CET 2026
#@# Inflation1 rh Thu Mar 12 16:42:47 CET 2026
#@# QSphere rh Thu Mar 12 16:43:00 CET 2026
#@# Fix Topology rh Thu Mar 12 16:44:17 CET 2026
#@# Smooth2 rh Thu Mar 12 16:49:32 CET 2026
#@# Inflation2 rh Thu Mar 12 16:49:35 CET 2026
#@# Curv .H and .K rh Thu Mar 12 16:49:49 CET 2026
#@# Sphere rh Thu Mar 12 16:50:36 CET 2026
#@# Surf Reg rh Thu Mar 12 16:53:38 CET 2026
#@# Jacobian white rh Thu Mar 12 16:58:07 CET 2026
#@# AvgCurv rh Thu Mar 12 16:58:08 CET 2026
#@# Cortical Parc rh Thu Mar 12 16:58:09 CET 2026
#@# white curv rh Thu Mar 12 17:04:02 CET 2026
#@# white area rh Thu Mar 12 17:04:04 CET 2026
#@# pial curv rh Thu Mar 12 17:04:05 CET 2026
#@# pial area rh Thu Mar 12 17:04:06 CET 2026
#@# thickness rh Thu Mar 12 17:04:07 CET 2026
#@# area and vertex vol rh Thu Mar 12 17:04:36 CET 2026
#@# Curvature Stats rh Thu Mar 12 17:04:37 CET 2026
#@# Cortical Parc 2 rh Thu Mar 12 17:04:40 CET 2026
#@# Cortical Parc 3 rh Thu Mar 12 17:04:52 CET 2026
#@# WM/GM Contrast rh Thu Mar 12 17:05:02 CET 2026
recon-all -s sub-v1s1x0050669_ses-1 finished without error at Thu Mar 12 17:05:05 CET 2026



#New# invocation of recon-all 



status file for recon-all
Thu Mar 12 17:14:12 CET 2026
#@# white curv rh Thu Mar 12 17:14:12 CET 2026
#@# white area rh Thu Mar 12 17:14:12 CET 2026
#@# pial curv rh Thu Mar 12 17:14:12 CET 2026
#@# pial area rh Thu Mar 12 17:14:12 CET 2026
#@# thickness rh Thu Mar 12 17:14:12 CET 2026
#@# area and vertex vol rh Thu Mar 12 17:14:12 CET 2026
#@# Parcellation Stats rh Thu Mar 12 17:14:12 CET 2026
#@# Parcellation Stats 2 rh Thu Mar 12 17:14:30 CET 2026
#@# Parcellation Stats 3 rh Thu Mar 12 17:14:39 CET 2026
#@# BA_exvivo Labels rh Thu Mar 12 17:14:49 CET 2026
recon-all -s sub-v1s1x0050669_ses-1 finished without error at Thu Mar 12 17:17:33 CET 2026
