status file for recon-all
Thu Mar 12 16:18:43 CET 2026
#@# Tessellate lh Thu Mar 12 16:18:43 CET 2026
#@# Smooth1 lh Thu Mar 12 16:18:47 CET 2026
#@# Inflation1 lh Thu Mar 12 16:18:50 CET 2026
#@# QSphere lh Thu Mar 12 16:19:03 CET 2026
#@# Fix Topology lh Thu Mar 12 16:20:34 CET 2026
#@# Smooth2 lh Thu Mar 12 16:26:41 CET 2026
#@# Inflation2 lh Thu Mar 12 16:26:44 CET 2026
#@# Curv .H and .K lh Thu Mar 12 16:26:58 CET 2026
#@# Sphere lh Thu Mar 12 16:27:45 CET 2026
#@# Surf Reg lh Thu Mar 12 16:31:28 CET 2026
#@# Jacobian white lh Thu Mar 12 16:35:43 CET 2026
#@# AvgCurv lh Thu Mar 12 16:35:44 CET 2026
#@# Cortical Parc lh Thu Mar 12 16:35:45 CET 2026
#@# white curv lh Thu Mar 12 16:41:32 CET 2026
#@# white area lh Thu Mar 12 16:41:34 CET 2026
#@# pial curv lh Thu Mar 12 16:41:35 CET 2026
#@# pial area lh Thu Mar 12 16:41:37 CET 2026
#@# thickness lh Thu Mar 12 16:41:37 CET 2026
#@# area and vertex vol lh Thu Mar 12 16:42:05 CET 2026
#@# Curvature Stats lh Thu Mar 12 16:42:07 CET 2026
#@# Cortical Parc 2 lh Thu Mar 12 16:42:10 CET 2026
#@# Cortical Parc 3 lh Thu Mar 12 16:42:23 CET 2026
#@# WM/GM Contrast lh Thu Mar 12 16:42:33 CET 2026
recon-all -s sub-v1s1x0050669_ses-1 finished without error at Thu Mar 12 16:42:36 CET 2026



#New# invocation of recon-all 



status file for recon-all
Thu Mar 12 17:10:51 CET 2026
#@# white curv lh Thu Mar 12 17:10:51 CET 2026
#@# white area lh Thu Mar 12 17:10:51 CET 2026
#@# pial curv lh Thu Mar 12 17:10:51 CET 2026
#@# pial area lh Thu Mar 12 17:10:51 CET 2026
#@# thickness lh Thu Mar 12 17:10:51 CET 2026
#@# area and vertex vol lh Thu Mar 12 17:10:51 CET 2026
#@# Parcellation Stats lh Thu Mar 12 17:10:51 CET 2026
#@# Parcellation Stats 2 lh Thu Mar 12 17:11:10 CET 2026
#@# Parcellation Stats 3 lh Thu Mar 12 17:11:21 CET 2026
#@# BA_exvivo Labels lh Thu Mar 12 17:11:30 CET 2026
recon-all -s sub-v1s1x0050669_ses-1 finished without error at Thu Mar 12 17:14:09 CET 2026
