/out/sourcedata/freesurfer/sub-v1s1x0050658_ses-1/mri
/opt/freesurfer/bin/talairach_avi
--i orig_nu.mgz --xfm transforms/talairach.auto.xfm
talairach_avi 7.3.2
Linux dna020 5.14.0-427.37.1.el9_4.x86_64 #1 SMP PREEMPT_DYNAMIC Fri Sep 13 12:41:50 EDT 2024 x86_64 x86_64 x86_64 GNU/Linux
Thu Mar 12 14:33:43 CET 2026
mri_convert orig_nu.mgz talsrcimg.img 
reading from orig_nu.mgz...
TR=0.00, TE=0.00, TI=0.00, flip angle=0.00
i_ras = (-1, 0, 0)
j_ras = (0, 0, -1)
k_ras = (0, 1, 0)
writing to talsrcimg.img...
Analyze Output Matrix
-1.00000   0.00000   0.00000   129.50000;
 0.00000   0.00000   1.00000  -128.00000;
 0.00000  -1.00000   0.00000   123.15833;
 0.00000   0.00000   0.00000   1.00000;
--------------------
INFO: set hdr.hist.orient to -1
mpr2mni305 talsrcimg
Thu Mar 12 14:33:44 CET 2026
/opt/freesurfer/bin/mpr2mni305 talsrcimg
mpr2mni305 7.3.2
target=711-2C_as_mni_average_305

---------------------------------------------------------------------
analyzeto4dfp talsrcimg -O0 -y
---------------------------------------------------------------------

freesurfer ifh2hdr.c
Thu Mar 12 14:33:44 2026
Writing: talsrcimg.4dfp.hdr
freesurfer analyzeto4dfp.c
Reading: talsrcimg.hdr
header size 348 bytes
hdr.dime.datatype	offset=70	value=2
hdr.dime.bitpix		offset=72	value=8
hdr.hist.orient		offset=252	value=-1
dimensionality     4
dimensions       256       256       256         1
Reading: talsrcimg.img
Writing: talsrcimg.4dfp.img
Writing: talsrcimg.4dfp.ifh
ifh2hdr talsrcimg -r0to255
ori=2

---------------------------------------------------------------------
gauss_4dfp talsrcimg 1.1
---------------------------------------------------------------------

freesurfer gauss_4dfp.c
Reading: talsrcimg.4dfp.img
Writing: talsrcimg_g11.4dfp.img
image dimensions 256 256 256 padded to 288 288 288
processing volume 1freesurfer ifh2hdr.c
Thu Mar 12 14:33:45 2026
Writing: talsrcimg_g11.4dfp.hdr

Writing: talsrcimg_g11.4dfp.ifh
including: talsrcimg.4dfp.img.rec in talsrcimg_g11.4dfp.img.rec

---------------------------------------------------------------------
imgreg_4dfp /opt/freesurfer/average/711-2C_as_mni_average_305 none talsrcimg_g11 none talsrcimg_to_711-2C_as_mni_average_305_t4 4355
---------------------------------------------------------------------

freesurfer imgreg_4dfp.c
/opt/freesurfer/average/711-2C_as_mni_average_305.4dfp.img
       256       256       256         1
  1.000000  1.000000  1.000000
orientation T byte_order littleendian
Reading image: /opt/freesurfer/average/711-2C_as_mni_average_305.4dfp.img
dimensions:      256       256       256
mmppix:       1.0000   -1.0000   -1.0000
center:     128.0000 -129.0000 -129.0000
talsrcimg_g11.4dfp.img
       256       256       256         1
  1.000000  1.000000  1.000000
orientation T byte_order littleendian
Reading image: talsrcimg_g11.4dfp.img
dimensions:      256       256       256
mmppix:       1.0000   -1.0000   -1.0000
center:     128.0000 -129.0000 -129.0000
t4_read: open error in t4_sub.f l:  41 t4_file(1:l)talsrcimg_to_711-2C_as_mni_average_305_t4 
t4_read: transform initialized to I4
rotation matrix determinant  1.000000
image alignment mode   4355 decimal     1103 hex
   -7.5000  -45.0000  -45.0000 8131.8423   11.2233
    0.0000  -45.0000  -45.0000 8532.9805   11.2124
    7.5000  -45.0000  -45.0000 8140.4102   11.2050
   -7.5000  -37.5000  -45.0000 8767.6045   11.0774
    0.0000  -37.5000  -45.0000 9191.7373   11.0707
    7.5000  -37.5000  -45.0000 8774.5713   11.0652
   -7.5000  -30.0000  -45.0000 9739.2578   11.0143
    0.0000  -30.0000  -45.000010207.2715   11.0059
    7.5000  -30.0000  -45.0000 9739.7012   10.9999
   -7.5000  -22.5000  -45.000010701.1758   11.0260
    0.0000  -22.5000  -45.000011195.0898   11.0121
    7.5000  -22.5000  -45.000010708.1816   11.0042
   -7.5000  -15.0000  -45.000011665.3828   11.0332
    0.0000  -15.0000  -45.000012209.9033   11.0160
    7.5000  -15.0000  -45.000011687.4805   11.0067
   -7.5000   -7.5000  -45.000012593.4678   11.0248
    0.0000   -7.5000  -45.000013200.3125   11.0092
    7.5000   -7.5000  -45.000012617.2197   11.0002
   -7.5000    0.0000  -45.000013402.5420   11.0043
    0.0000    0.0000  -45.000014045.0430   10.9939
    7.5000    0.0000  -45.000013438.4180   10.9869
   -7.5000    7.5000  -45.000013075.5684   10.9864
    0.0000    7.5000  -45.000013708.8516   10.9800
    7.5000    7.5000  -45.000013107.0947   10.9749
   -7.5000   15.0000  -45.000012653.3828   10.9916
    0.0000   15.0000  -45.000013271.1094   10.9834
    7.5000   15.0000  -45.000012653.0371   10.9775
   -7.5000   22.5000  -45.000012120.3193   11.0108
    0.0000   22.5000  -45.000012709.4785   10.9970
    7.5000   22.5000  -45.000012101.7314   10.9892
   -7.5000   30.0000  -45.000011472.9023   10.8797
    0.0000   30.0000  -45.000012063.4229   10.8627
    7.5000   30.0000  -45.000011490.4844   10.8536
   -7.5000   37.5000  -45.000011208.7764   10.8765
    0.0000   37.5000  -45.000011795.5957   10.8611
    7.5000   37.5000  -45.000011238.1533   10.8523
   -7.5000   45.0000  -45.000010460.4785   10.5822
    0.0000   45.0000  -45.000010980.9443   10.5722
    7.5000   45.0000  -45.000010491.3701   10.5655
   -7.5000  -45.0000  -37.5000 8425.5312   11.2227
    0.0000  -45.0000  -37.5000 8850.6445   11.2096
    7.5000  -45.0000  -37.5000 8439.3057   11.2076
   -7.5000  -37.5000  -37.5000 9108.2812   11.0781
    0.0000  -37.5000  -37.5000 9574.7764   11.0709
    7.5000  -37.5000  -37.5000 9126.0703   11.0711
   -7.5000  -30.0000  -37.500010135.7656   11.0078
    0.0000  -30.0000  -37.500010647.1094   11.0021
    7.5000  -30.0000  -37.500010158.2871   11.0021
   -7.5000  -22.5000  -37.500011146.2725   11.0168
    0.0000  -22.5000  -37.500011701.6299   11.0067
    7.5000  -22.5000  -37.500011185.3164   11.0045
   -7.5000  -15.0000  -37.500012134.8379   11.0241
    0.0000  -15.0000  -37.500012763.6826   11.0089
    7.5000  -15.0000  -37.500012192.8828   11.0049
   -7.5000   -7.5000  -37.500013129.4951   11.0171
    0.0000   -7.5000  -37.500013825.8359   11.0007
    7.5000   -7.5000  -37.500013176.6338   10.9968
   -7.5000    0.0000  -37.500013936.6299   11.0036
    0.0000    0.0000  -37.500014681.9883   10.9911
    7.5000    0.0000  -37.500013989.0332   10.9893
   -7.5000    7.5000  -37.500013619.3262   10.9871
    0.0000    7.5000  -37.500014352.8730   10.9803
    7.5000    7.5000  -37.500013667.9600   10.9807
   -7.5000   15.0000  -37.500013141.8262   10.9851
    0.0000   15.0000  -37.500013871.9238   10.9796
    7.5000   15.0000  -37.500013180.9717   10.9797
   -7.5000   22.5000  -37.500012604.4551   11.0016
    0.0000   22.5000  -37.500013307.5723   10.9916
    7.5000   22.5000  -37.500012638.2734   10.9895
   -7.5000   30.0000  -37.500011926.0117   10.8707
    0.0000   30.0000  -37.500012585.4746   10.8558
    7.5000   30.0000  -37.500011955.8848   10.8518
   -7.5000   37.5000  -37.500011625.5557   10.8690
    0.0000   37.5000  -37.500012266.2715   10.8528
    7.5000   37.5000  -37.500011674.1992   10.8490
   -7.5000   45.0000  -37.500010843.9502   10.5815
    0.0000   45.0000  -37.500011419.0830   10.5695
    7.5000   45.0000  -37.500010893.5605   10.5678
   -7.5000  -45.0000  -30.0000 8869.6523   11.6828
    0.0000  -45.0000  -30.0000 9327.9053   11.6657
    7.5000  -45.0000  -30.0000 8883.2266   11.6661
   -7.5000  -37.5000  -30.0000 9621.9561   11.5394
    0.0000  -37.5000  -30.000010114.4111   11.5292
    7.5000  -37.5000  -30.0000 9633.2900   11.5318
   -7.5000  -30.0000  -30.000010724.8379   11.4630
    0.0000  -30.0000  -30.000011262.2676   11.4570
    7.5000  -30.0000  -30.000010756.4580   11.4592
   -7.5000  -22.5000  -30.000011805.8320   11.4665
    0.0000  -22.5000  -30.000012406.5244   11.4576
    7.5000  -22.5000  -30.000011862.4893   11.4571
   -7.5000  -15.0000  -30.000012828.5400   11.4727
    0.0000  -15.0000  -30.000013502.3701   11.4578
    7.5000  -15.0000  -30.000012897.0850   11.4552
   -7.5000   -7.5000  -30.000013845.2598   11.4646
    0.0000   -7.5000  -30.000014640.1191   11.4460
    7.5000   -7.5000  -30.000013951.4678   11.4441
   -7.5000    0.0000  -30.000014682.2910   11.4552
    0.0000    0.0000  -30.000015528.5801   11.4387
    7.5000    0.0000  -30.000014786.7109   11.4393
   -7.5000    7.5000  -30.000014344.7666   11.4447
    0.0000    7.5000  -30.000015136.9131   11.4349
    7.5000    7.5000  -30.000014422.8174   11.4376
   -7.5000   15.0000  -30.000013836.9043   11.4394
    0.0000   15.0000  -30.000014614.7842   11.4336
    7.5000   15.0000  -30.000013900.0312   11.4359
   -7.5000   22.5000  -30.000013281.1885   11.4495
    0.0000   22.5000  -30.000014022.2979   11.4408
    7.5000   22.5000  -30.000013342.4707   11.4403
   -7.5000   30.0000  -30.000012548.4980   11.3142
    0.0000   30.0000  -30.000013266.8008   11.2995
    7.5000   30.0000  -30.000012611.0801   11.2970
   -7.5000   37.5000  -30.000012209.8477   11.3116
    0.0000   37.5000  -30.000012894.1787   11.2933
    7.5000   37.5000  -30.000012269.0703   11.2914
   -7.5000   45.0000  -30.000011394.9160   11.0239
    0.0000   45.0000  -30.000012019.5732   11.0081
    7.5000   45.0000  -30.000011429.8232   11.0086
   -7.5000  -45.0000  -22.5000 9294.0742   12.0860
    0.0000  -45.0000  -22.5000 9769.4609   12.0668
    7.5000  -45.0000  -22.5000 9308.6602   12.0634
   -7.5000  -37.5000  -22.500010101.9580   11.9438
    0.0000  -37.5000  -22.500010589.6094   11.9304
    7.5000  -37.5000  -22.500010124.6982   11.9293
   -7.5000  -30.0000  -22.500011272.2568   11.8707
    0.0000  -30.0000  -22.500011810.0762   11.8607
    7.5000  -30.0000  -22.500011302.2549   11.8586
   -7.5000  -22.5000  -22.500012408.6377   11.8719
    0.0000  -22.5000  -22.500013023.5908   11.8597
    7.5000  -22.5000  -22.500012434.7559   11.8541
   -7.5000  -15.0000  -22.500013448.8906   11.8768
    0.0000  -15.0000  -22.500014164.8486   11.8597
    7.5000  -15.0000  -22.500013489.0986   11.8520
   -7.5000   -7.5000  -22.500014453.9141   11.8649
    0.0000   -7.5000  -22.500015315.8945   11.8448
    7.5000   -7.5000  -22.500014569.9414   11.8384
   -7.5000    0.0000  -22.500015351.9082   11.8507
    0.0000    0.0000  -22.500016294.1660   11.8323
    7.5000    0.0000  -22.500015484.0088   11.8292
   -7.5000    7.5000  -22.500014986.5850   11.8457
    0.0000    7.5000  -22.500015824.4756   11.8327
    7.5000    7.5000  -22.500015083.6416   11.8318
   -7.5000   15.0000  -22.500014468.5723   11.8462
    0.0000   15.0000  -22.500015249.6348   11.8365
    7.5000   15.0000  -22.500014567.2666   11.8346
   -7.5000   22.5000  -22.500013874.9736   11.8535
    0.0000   22.5000  -22.500014643.2295   11.8414
    7.5000   22.5000  -22.500013962.3701   11.8359
   -7.5000   30.0000  -22.500013154.7217   11.7145
    0.0000   30.0000  -22.500013916.9854   11.6977
    7.5000   30.0000  -22.500013241.2090   11.6901
   -7.5000   37.5000  -22.500012777.7861   11.7083
    0.0000   37.5000  -22.500013510.5684   11.6885
    7.5000   37.5000  -22.500012840.4248   11.6822
   -7.5000   45.0000  -22.500011881.2451   11.4132
    0.0000   45.0000  -22.500012571.7344   11.3955
    7.5000   45.0000  -22.500011941.7842   11.3925
   -7.5000  -45.0000  -15.0000 9631.2969   12.3852
    0.0000  -45.0000  -15.000010126.0127   12.3667
    7.5000  -45.0000  -15.0000 9659.5449   12.3568
   -7.5000  -37.5000  -15.000010486.0732   12.2388
    0.0000  -37.5000  -15.000011023.2891   12.2243
    7.5000  -37.5000  -15.000010523.9541   12.2167
   -7.5000  -30.0000  -15.000011704.1406   12.1719
    0.0000  -30.0000  -15.000012313.0283   12.1579
    7.5000  -30.0000  -15.000011754.6953   12.1487
   -7.5000  -22.5000  -15.000012876.7002   12.1760
    0.0000  -22.5000  -15.000013569.2529   12.1584
    7.5000  -22.5000  -15.000012953.9766   12.1459
   -7.5000  -15.0000  -15.000013970.4912   12.1808
    0.0000  -15.0000  -15.000014743.3418   12.1601
    7.5000  -15.0000  -15.000014045.9395   12.1458
   -7.5000   -7.5000  -15.000014998.6953   12.1665
    0.0000   -7.5000  -15.000015920.4072   12.1456
    7.5000   -7.5000  -15.000015157.5400   12.1328
   -7.5000    0.0000  -15.000015977.4805   12.1440
    0.0000    0.0000  -15.000017039.0703   12.1263
    7.5000    0.0000  -15.000016223.9170   12.1170
   -7.5000    7.5000  -15.000015698.1279   12.1381
    0.0000    7.5000  -15.000016639.0371   12.1242
    7.5000    7.5000  -15.000015893.5166   12.1169
   -7.5000   15.0000  -15.000015156.1377   12.1468
    0.0000   15.0000  -15.000016021.2705   12.1330
    7.5000   15.0000  -15.000015277.4873   12.1240
   -7.5000   22.5000  -15.000014550.9385   12.1566
    0.0000   22.5000  -15.000015394.3330   12.1391
    7.5000   22.5000  -15.000014609.0459   12.1267
   -7.5000   30.0000  -15.000013782.8613   12.0160
    0.0000   30.0000  -15.000014617.6006   11.9956
    7.5000   30.0000  -15.000013845.4668   11.9815
   -7.5000   37.5000  -15.000013363.1416   12.0076
    0.0000   37.5000  -15.000014181.7461   11.9870
    7.5000   37.5000  -15.000013431.8311   11.9744
   -7.5000   45.0000  -15.000012377.2803   11.7027
    0.0000   45.0000  -15.000013137.6992   11.6856
    7.5000   45.0000  -15.000012450.5557   11.6767
   -7.5000  -45.0000   -7.5000 9944.5908   12.5364
    0.0000  -45.0000   -7.500010436.9736   12.5217
    7.5000  -45.0000   -7.5000 9993.0244   12.5097
   -7.5000  -37.5000   -7.500010840.1924   12.3803
    0.0000  -37.5000   -7.500011376.8604   12.3691
    7.5000  -37.5000   -7.500010897.0254   12.3591
   -7.5000  -30.0000   -7.500012105.7705   12.3147
    0.0000  -30.0000   -7.500012740.4834   12.3012
    7.5000  -30.0000   -7.500012183.3223   12.2898
   -7.5000  -22.5000   -7.500013339.6064   12.3242
    0.0000  -22.5000   -7.500014064.8584   12.3054
    7.5000  -22.5000   -7.500013437.8926   12.2915
   -7.5000  -15.0000   -7.500014474.5889   12.3305
    0.0000  -15.0000   -7.500015275.5391   12.3090
    7.5000  -15.0000   -7.500014575.2881   12.2940
   -7.5000   -7.5000   -7.500015529.9023   12.3181
    0.0000   -7.5000   -7.500016452.2559   12.2987
    7.5000   -7.5000   -7.500015674.1787   12.2847
   -7.5000    0.0000   -7.500016593.4590   12.2920
    0.0000    0.0000   -7.500017769.3887   12.2779
    7.5000    0.0000   -7.500016838.4219   12.2666
   -7.5000    7.5000   -7.500016380.1133   12.2785
    0.0000    7.5000   -7.500017670.7246   12.2678
    7.5000    7.5000   -7.500016675.2285   12.2581
   -7.5000   15.0000   -7.500015837.2803   12.2892
    0.0000   15.0000   -7.500016980.9531   12.2761
    7.5000   15.0000   -7.500016021.1943   12.2648
   -7.5000   22.5000   -7.500015167.7617   12.3032
    0.0000   22.5000   -7.500016149.6846   12.2845
    7.5000   22.5000   -7.500015263.0127   12.2708
   -7.5000   30.0000   -7.500014323.2031   12.1634
    0.0000   30.0000   -7.500015220.9502   12.1422
    7.5000   30.0000   -7.500014426.0518   12.1274
   -7.5000   37.5000   -7.500013886.3926   12.1569
    0.0000   37.5000   -7.500014734.7705   12.1378
    7.5000   37.5000   -7.500014010.3535   12.1239
   -7.5000   45.0000   -7.500012855.8760   11.8476
    0.0000   45.0000   -7.500013633.8867   11.8339
    7.5000   45.0000   -7.500012971.3682   11.8230
   -7.5000  -45.0000    0.000010105.0869   12.5591
    0.0000  -45.0000    0.000010622.4873   12.5470
    7.5000  -45.0000    0.000010169.7529   12.5387
   -7.5000  -37.5000    0.000011040.8955   12.3959
    0.0000  -37.5000    0.000011611.4629   12.3883
    7.5000  -37.5000    0.000011097.4395   12.3823
   -7.5000  -30.0000    0.000012377.2988   12.3253
    0.0000  -30.0000    0.000013033.6553   12.3159
    7.5000  -30.0000    0.000012460.0029   12.3091
   -7.5000  -22.5000    0.000013684.0420   12.3384
    0.0000  -22.5000    0.000014412.0645   12.3228
    7.5000  -22.5000    0.000013785.4199   12.3139
   -7.5000  -15.0000    0.000014924.4062   12.3464
    0.0000  -15.0000    0.000015697.8291   12.3271
    7.5000  -15.0000    0.000015046.2607   12.3168
   -7.5000   -7.5000    0.000016076.9121   12.3370
    0.0000   -7.5000    0.000016936.3379   12.3195
    7.5000   -7.5000    0.000016252.3945   12.3095
   -7.5000    0.0000    0.000017100.7734   12.3141
    0.0000    0.0000    0.000018133.1016   12.3024
    7.5000    0.0000    0.000017379.0527   12.2947
   -7.5000    7.5000    0.000016850.0020   12.2941
    0.0000    7.5000    0.000017863.1055   12.2870
    7.5000    7.5000    0.000017103.1758   12.2812
   -7.5000   15.0000    0.000016272.3848   12.2999
    0.0000   15.0000    0.000017128.4766   12.2907
    7.5000   15.0000    0.000016409.5000   12.2841
   -7.5000   22.5000    0.000015613.0166   12.3174
    0.0000   22.5000    0.000016449.3379   12.3019
    7.5000   22.5000    0.000015747.2100   12.2932
   -7.5000   30.0000    0.000014753.8213   12.1794
    0.0000   30.0000    0.000015592.8564   12.1604
    7.5000   30.0000    0.000014910.8604   12.1502
   -7.5000   37.5000    0.000014280.8018   12.1759
    0.0000   37.5000    0.000015114.1338   12.1586
    7.5000   37.5000    0.000014436.3438   12.1487
   -7.5000   45.0000    0.000013203.7148   11.8696
    0.0000   45.0000    0.000013977.6738   11.8584
    7.5000   45.0000    0.000013327.4492   11.8509
   -7.5000  -45.0000    7.5000 9497.4268   12.5584
    0.0000  -45.0000    7.5000 9994.5020   12.5438
    7.5000  -45.0000    7.5000 9551.6543   12.5416
   -7.5000  -37.5000    7.500010388.3682   12.3966
    0.0000  -37.5000    7.500010909.6270   12.3887
    7.5000  -37.5000    7.500010444.6230   12.3889
   -7.5000  -30.0000    7.500011683.9473   12.3180
    0.0000  -30.0000    7.500012266.3213   12.3116
    7.5000  -30.0000    7.500011769.4443   12.3116
   -7.5000  -22.5000    7.500012966.6826   12.3281
    0.0000  -22.5000    7.500013606.6191   12.3168
    7.5000  -22.5000    7.500013065.6650   12.3143
   -7.5000  -15.0000    7.500014159.4346   12.3363
    0.0000  -15.0000    7.500014839.5000   12.3192
    7.5000  -15.0000    7.500014292.6318   12.3147
   -7.5000   -7.5000    7.500015292.1445   12.3284
    0.0000   -7.5000    7.500016039.3008   12.3101
    7.5000   -7.5000    7.500015438.2080   12.3058
   -7.5000    0.0000    7.500016272.3008   12.3133
    0.0000    0.0000    7.500017165.9609   12.2993
    7.5000    0.0000    7.500016496.2383   12.2974
   -7.5000    7.5000    7.500015976.5205   12.2948
    0.0000    7.5000    7.500016772.2676   12.2873
    7.5000    7.5000    7.500016100.8340   12.2876
   -7.5000   15.0000    7.500015400.7158   12.2926
    0.0000   15.0000    7.500016063.9873   12.2865
    7.5000   15.0000    7.500015450.6533   12.2866
   -7.5000   22.5000    7.500014802.0293   12.3071
    0.0000   22.5000    7.500015513.5527   12.2959
    7.5000   22.5000    7.500014891.3682   12.2936
   -7.5000   30.0000    7.500014035.6953   12.1694
    0.0000   30.0000    7.500014791.9521   12.1526
    7.5000   30.0000    7.500014148.9502   12.1482
   -7.5000   37.5000    7.500013562.3291   12.1674
    0.0000   37.5000    7.500014324.0039   12.1493
    7.5000   37.5000    7.500013689.0996   12.1450
   -7.5000   45.0000    7.500012498.4609   11.8689
    0.0000   45.0000    7.500013207.0615   11.8554
    7.5000   45.0000    7.500012619.9121   11.8535
   -7.5000  -45.0000   15.0000 8860.5176   12.6544
    0.0000  -45.0000   15.0000 9319.9854   12.6358
    7.5000  -45.0000   15.0000 8896.3105   12.6363
   -7.5000  -37.5000   15.0000 9704.2637   12.4979
    0.0000  -37.5000   15.000010185.4531   12.4869
    7.5000  -37.5000   15.0000 9750.5371   12.4897
   -7.5000  -30.0000   15.000010936.5459   12.4144
    0.0000  -30.0000   15.000011468.9619   12.4080
    7.5000  -30.0000   15.000011002.5635   12.4104
   -7.5000  -22.5000   15.000012169.8418   12.4179
    0.0000  -22.5000   15.000012759.7578   12.4084
    7.5000  -22.5000   15.000012253.3457   12.4079
   -7.5000  -15.0000   15.000013286.8770   12.4245
    0.0000  -15.0000   15.000013910.2930   12.4084
    7.5000  -15.0000   15.000013376.9512   12.4057
   -7.5000   -7.5000   15.000014325.3291   12.4158
    0.0000   -7.5000   15.000015009.6455   12.3956
    7.5000   -7.5000   15.000014441.7803   12.3936
   -7.5000    0.0000   15.000015247.6318   12.4057
    0.0000    0.0000   15.000016019.9736   12.3879
    7.5000    0.0000   15.000015410.0420   12.3885
   -7.5000    7.5000   15.000014973.3721   12.3944
    0.0000    7.5000   15.000015635.5771   12.3839
    7.5000    7.5000   15.000015016.0488   12.3868
   -7.5000   15.0000   15.000014417.1211   12.3886
    0.0000   15.0000   15.000015023.2383   12.3824
    7.5000   15.0000   15.000014425.0928   12.3850
   -7.5000   22.5000   15.000013883.1846   12.3967
    0.0000   22.5000   15.000014518.6172   12.3873
    7.5000   22.5000   15.000013931.0908   12.3869
   -7.5000   30.0000   15.000013154.6201   12.2564
    0.0000   30.0000   15.000013805.4707   12.2405
    7.5000   30.0000   15.000013233.1426   12.2379
   -7.5000   37.5000   15.000012719.6045   12.2537
    0.0000   37.5000   15.000013365.1768   12.2337
    7.5000   37.5000   15.000012792.2344   12.2317
   -7.5000   45.0000   15.000011707.5352   11.9580
    0.0000   45.0000   15.000012313.5156   11.9408
    7.5000   45.0000   15.000011762.9111   11.9414
   -7.5000  -45.0000   22.5000 8194.4287   12.8272
    0.0000  -45.0000   22.5000 8623.9463   12.8060
    7.5000  -45.0000   22.5000 8243.7920   12.8023
   -7.5000  -37.5000   22.5000 8995.7480   12.6736
    0.0000  -37.5000   22.5000 9471.6436   12.6585
    7.5000  -37.5000   22.5000 9052.6816   12.6572
   -7.5000  -30.0000   22.500010133.4082   12.5944
    0.0000  -30.0000   22.500010655.0459   12.5832
    7.5000  -30.0000   22.500010189.8506   12.5807
   -7.5000  -22.5000   22.500011258.6572   12.5952
    0.0000  -22.5000   22.500011819.2080   12.5816
    7.5000  -22.5000   22.500011325.6895   12.5755
   -7.5000  -15.0000   22.500012277.5732   12.6000
    0.0000  -15.0000   22.500012865.6084   12.5812
    7.5000  -15.0000   22.500012343.5176   12.5729
   -7.5000   -7.5000   22.500013227.9824   12.5869
    0.0000   -7.5000   22.500013860.7275   12.5649
    7.5000   -7.5000   22.500013314.6426   12.5581
   -7.5000    0.0000   22.500014094.2910   12.5720
    0.0000    0.0000   22.500014765.4355   12.5517
    7.5000    0.0000   22.500014193.5195   12.5483
   -7.5000    7.5000   22.500013813.4443   12.5672
    0.0000    7.5000   22.500014417.5098   12.5527
    7.5000    7.5000   22.500013843.6533   12.5515
   -7.5000   15.0000   22.500013306.5596   12.5678
    0.0000   15.0000   22.500013881.6270   12.5569
    7.5000   15.0000   22.500013337.7676   12.5546
   -7.5000   22.5000   22.500012820.2598   12.5735
    0.0000   22.5000   22.500013398.7227   12.5601
    7.5000   22.5000   22.500012865.2354   12.5540
   -7.5000   30.0000   22.500012147.1562   12.4294
    0.0000   30.0000   22.500012715.8027   12.4109
    7.5000   30.0000   22.500012206.8291   12.4027
   -7.5000   37.5000   22.500011779.8799   12.4226
    0.0000   37.5000   22.500012338.3271   12.4008
    7.5000   37.5000   22.500011821.2891   12.3941
   -7.5000   45.0000   22.500010848.2344   12.1183
    0.0000   45.0000   22.500011373.5742   12.0988
    7.5000   45.0000   22.500010867.9941   12.0955
   -7.5000  -45.0000   30.0000 7501.3892   13.1330
    0.0000  -45.0000   30.0000 7925.2192   13.1139
    7.5000  -45.0000   30.0000 7572.1113   13.1022
   -7.5000  -37.5000   30.0000 8245.8164   12.9711
    0.0000  -37.5000   30.0000 8696.1719   12.9566
    7.5000  -37.5000   30.0000 8317.9756   12.9476
   -7.5000  -30.0000   30.0000 9269.7695   12.8964
    0.0000  -30.0000   30.0000 9757.8154   12.8822
    7.5000  -30.0000   30.0000 9332.8604   12.8714
   -7.5000  -22.5000   30.000010271.7363   12.8997
    0.0000  -22.5000   30.000010799.1328   12.8815
    7.5000  -22.5000   30.000010334.5674   12.8665
   -7.5000  -15.0000   30.000011230.5771   12.9047
    0.0000  -15.0000   30.000011782.2061   12.8828
    7.5000  -15.0000   30.000011282.2568   12.8657
   -7.5000   -7.5000   30.000012103.4814   12.8896
    0.0000   -7.5000   30.000012718.3135   12.8676
    7.5000   -7.5000   30.000012190.7510   12.8523
   -7.5000    0.0000   30.000012911.7109   12.8658
    0.0000    0.0000   30.000013552.8975   12.8475
    7.5000    0.0000   30.000013003.4980   12.8364
   -7.5000    7.5000   30.000012665.3936   12.8596
    0.0000    7.5000   30.000013233.5537   12.8457
    7.5000    7.5000   30.000012689.6738   12.8370
   -7.5000   15.0000   30.000012192.4883   12.8686
    0.0000   15.0000   30.000012748.7520   12.8547
    7.5000   15.0000   30.000012228.9941   12.8440
   -7.5000   22.5000   30.000011728.2256   12.8771
    0.0000   22.5000   30.000012271.8311   12.8590
    7.5000   22.5000   30.000011789.7705   12.8441
   -7.5000   30.0000   30.000011134.5361   12.7298
    0.0000   30.0000   30.000011640.9316   12.7082
    7.5000   30.0000   30.000011181.8447   12.6913
   -7.5000   37.5000   30.000010809.7393   12.7212
    0.0000   37.5000   30.000011311.6523   12.6995
    7.5000   37.5000   30.000010849.0732   12.6844
   -7.5000   45.0000   30.0000 9962.4912   12.4015
    0.0000   45.0000   30.000010447.7998   12.3839
    7.5000   45.0000   30.000010007.1445   12.3733
   -7.5000  -45.0000   37.5000 7108.0825   13.5895
    0.0000  -45.0000   37.5000 7492.1216   13.5755
    7.5000  -45.0000   37.5000 7178.3823   13.5607
   -7.5000  -37.5000   37.5000 7790.2427   13.4086
    0.0000  -37.5000   37.5000 8215.2822   13.3986
    7.5000  -37.5000   37.5000 7859.8193   13.3860
   -7.5000  -30.0000   37.5000 8769.1504   13.3302
    0.0000  -30.0000   37.5000 9228.3320   13.3170
    7.5000  -30.0000   37.5000 8829.4678   13.3019
   -7.5000  -22.5000   37.5000 9727.8291   13.3377
    0.0000  -22.5000   37.500010225.1201   13.3176
    7.5000  -22.5000   37.5000 9782.4590   13.2990
   -7.5000  -15.0000   37.500010636.7051   13.3430
    0.0000  -15.0000   37.500011194.5322   13.3198
    7.5000  -15.0000   37.500010713.8271   13.2999
   -7.5000   -7.5000   37.500011488.8018   13.3303
    0.0000   -7.5000   37.500012089.6465   13.3101
    7.5000   -7.5000   37.500011587.0547   13.2923
   -7.5000    0.0000   37.500012242.0576   13.3034
    0.0000    0.0000   37.500012873.4131   13.2899
    7.5000    0.0000   37.500012339.6738   13.2760
   -7.5000    7.5000   37.500012021.9219   13.2895
    0.0000    7.5000   37.500012601.1670   13.2800
    7.5000    7.5000   37.500012065.8203   13.2678
   -7.5000   15.0000   37.500011582.9746   13.3005
    0.0000   15.0000   37.500012151.7529   13.2876
    7.5000   15.0000   37.500011650.4639   13.2727
   -7.5000   22.5000   37.500011138.6191   13.3136
    0.0000   22.5000   37.500011679.5713   13.2937
    7.5000   22.5000   37.500011214.0537   13.2753
   -7.5000   30.0000   37.500010607.3154   13.1618
    0.0000   30.0000   37.500011098.0264   13.1390
    7.5000   30.0000   37.500010659.2559   13.1194
   -7.5000   37.5000   37.500010302.9004   13.1561
    0.0000   37.5000   37.500010793.7646   13.1362
    7.5000   37.5000   37.500010354.6143   13.1186
   -7.5000   45.0000   37.5000 9490.7793   12.8230
    0.0000   45.0000   37.5000 9964.9131   12.8100
    7.5000   45.0000   37.5000 9557.0205   12.7966
   -7.5000  -45.0000   45.0000 6430.3496   14.0973
    0.0000  -45.0000   45.0000 6753.2476   14.0832
    7.5000  -45.0000   45.0000 6503.0591   14.0714
   -7.5000  -37.5000   45.0000 7035.5581   13.8954
    0.0000  -37.5000   45.0000 7396.6885   13.8865
    7.5000  -37.5000   45.0000 7103.2061   13.8766
   -7.5000  -30.0000   45.0000 7926.3828   13.8055
    0.0000  -30.0000   45.0000 8311.5146   13.7941
    7.5000  -30.0000   45.0000 7970.7559   13.7827
   -7.5000  -22.5000   45.0000 8806.3057   13.8162
    0.0000  -22.5000   45.0000 9239.9941   13.7975
    7.5000  -22.5000   45.0000 8845.1445   13.7837
   -7.5000  -15.0000   45.0000 9635.0215   13.8216
    0.0000  -15.0000   45.000010135.7344   13.7990
    7.5000  -15.0000   45.0000 9703.2744   13.7840
   -7.5000   -7.5000   45.000010442.7266   13.8108
    0.0000   -7.5000   45.000010987.0283   13.7906
    7.5000   -7.5000   45.000010528.6611   13.7767
   -7.5000    0.0000   45.000011133.4453   13.7873
    0.0000    0.0000   45.000011713.1465   13.7739
    7.5000    0.0000   45.000011221.6650   13.7629
   -7.5000    7.5000   45.000010940.1152   13.7668
    0.0000    7.5000   45.000011489.8057   13.7584
    7.5000    7.5000   45.000011003.7148   13.7489
   -7.5000   15.0000   45.000010559.6992   13.7734
    0.0000   15.0000   45.000011080.5166   13.7623
    7.5000   15.0000   45.000010626.0410   13.7511
   -7.5000   22.5000   45.000010142.9629   13.7904
    0.0000   22.5000   45.000010626.5791   13.7720
    7.5000   22.5000   45.000010213.6885   13.7583
   -7.5000   30.0000   45.0000 9644.4150   13.6323
    0.0000   30.0000   45.000010091.2637   13.6101
    7.5000   30.0000   45.0000 9693.3799   13.5954
   -7.5000   37.5000   45.0000 9388.6055   13.6291
    0.0000   37.5000   45.0000 9835.2266   13.6090
    7.5000   37.5000   45.0000 9453.7676   13.5954
   -7.5000   45.0000   45.0000 8698.7588   13.2954
    0.0000   45.0000   45.0000 9107.9004   13.2825
    7.5000   45.0000   45.0000 8750.7373   13.2718

---------------------------------------------------------------------
imgreg_4dfp /opt/freesurfer/average/711-2C_as_mni_average_305 /opt/freesurfer/average/711-2B_as_mni_average_305_mask talsrcimg_g11 none talsrcimg_to_711-2C_as_mni_average_305_t4 4355
---------------------------------------------------------------------

freesurfer imgreg_4dfp.c
/opt/freesurfer/average/711-2C_as_mni_average_305.4dfp.img
       256       256       256         1
  1.000000  1.000000  1.000000
orientation T byte_order littleendian
Reading image: /opt/freesurfer/average/711-2C_as_mni_average_305.4dfp.img
dimensions:      256       256       256
mmppix:       1.0000   -1.0000   -1.0000
center:     128.0000 -129.0000 -129.0000
/opt/freesurfer/average/711-2B_as_mni_average_305_mask.4dfp.img
       256       256       256         1
  1.000000  1.000000  1.000000
orientation T byte_order littleendian
Reading mask: /opt/freesurfer/average/711-2B_as_mni_average_305_mask.4dfp.img (2306576 pixels)
talsrcimg_g11.4dfp.img
       256       256       256         1
  1.000000  1.000000  1.000000
orientation T byte_order littleendian
Reading image: talsrcimg_g11.4dfp.img
dimensions:      256       256       256
mmppix:       1.0000   -1.0000   -1.0000
center:     128.0000 -129.0000 -129.0000
rotation matrix determinant  1.000000
image alignment mode   4355 decimal     1103 hex
   -7.5000  -45.0000  -45.0000 2165.7095   13.0571
    0.0000  -45.0000  -45.0000 2180.8918   13.0402
    7.5000  -45.0000  -45.0000 2171.1384   13.0888
   -7.5000  -37.5000  -45.0000 2286.4551   11.7295
    0.0000  -37.5000  -45.0000 2301.4937   11.6972
    7.5000  -37.5000  -45.0000 2288.4656   11.7686
   -7.5000  -30.0000  -45.0000 2386.9253   10.7081
    0.0000  -30.0000  -45.0000 2401.2725   10.6658
    7.5000  -30.0000  -45.0000 2385.1328   10.7310
   -7.5000  -22.5000  -45.0000 2468.1626    9.9408
    0.0000  -22.5000  -45.0000 2483.7649    9.8873
    7.5000  -22.5000  -45.0000 2469.8018    9.9555
   -7.5000  -15.0000  -45.0000 2530.8762    9.4175
    0.0000  -15.0000  -45.0000 2549.9497    9.3376
    7.5000  -15.0000  -45.0000 2539.4978    9.4137
   -7.5000   -7.5000  -45.0000 2578.4287    9.0775
    0.0000   -7.5000  -45.0000 2600.2605    8.9718
    7.5000   -7.5000  -45.0000 2589.5454    9.0503
   -7.5000    0.0000  -45.0000 2602.0190    8.9087
    0.0000    0.0000  -45.0000 2624.0515    8.7997
    7.5000    0.0000  -45.0000 2611.9915    8.8985
   -7.5000    7.5000  -45.0000 2606.3318    8.9145
    0.0000    7.5000  -45.0000 2626.7488    8.8098
    7.5000    7.5000  -45.0000 2613.9763    8.8924
   -7.5000   15.0000  -45.0000 2591.2021    9.0941
    0.0000   15.0000  -45.0000 2616.5017    8.9972
    7.5000   15.0000  -45.0000 2602.6082    9.0599
   -7.5000   22.5000  -45.0000 2555.4351    9.3772
    0.0000   22.5000  -45.0000 2578.0940    9.2715
    7.5000   22.5000  -45.0000 2565.6799    9.3518
   -7.5000   30.0000  -45.0000 2492.3088    9.8089
    0.0000   30.0000  -45.0000 2516.4263    9.6975
    7.5000   30.0000  -45.0000 2506.1428    9.7658
   -7.5000   37.5000  -45.0000 2409.7834   10.4152
    0.0000   37.5000  -45.0000 2434.9451   10.2840
    7.5000   37.5000  -45.0000 2424.9368   10.3612
   -7.5000   45.0000  -45.0000 2312.7058   11.2567
    0.0000   45.0000  -45.0000 2336.0242   11.1337
    7.5000   45.0000  -45.0000 2333.4158   11.1757
   -7.5000  -45.0000  -37.5000 2203.5044   12.5860
    0.0000  -45.0000  -37.5000 2218.6313   12.5636
    7.5000  -45.0000  -37.5000 2206.7581   12.6366
   -7.5000  -37.5000  -37.5000 2332.2295   11.2865
    0.0000  -37.5000  -37.5000 2347.0354   11.2673
    7.5000  -37.5000  -37.5000 2331.8787   11.3509
   -7.5000  -30.0000  -37.5000 2439.5496   10.2611
    0.0000  -30.0000  -37.5000 2456.0127   10.2411
    7.5000  -30.0000  -37.5000 2438.7671   10.3179
   -7.5000  -22.5000  -37.5000 2527.6628    9.4708
    0.0000  -22.5000  -37.5000 2545.1575    9.4280
    7.5000  -22.5000  -37.5000 2529.3535    9.5081
   -7.5000  -15.0000  -37.5000 2601.3391    8.9032
    0.0000  -15.0000  -37.5000 2625.5713    8.8359
    7.5000  -15.0000  -37.5000 2610.9219    8.9080
   -7.5000   -7.5000  -37.5000 2661.4380    8.5306
    0.0000   -7.5000  -37.5000 2686.0881    8.4622
    7.5000   -7.5000  -37.5000 2669.2412    8.5210
   -7.5000    0.0000  -37.5000 2684.9048    8.3482
    0.0000    0.0000  -37.5000 2709.6382    8.2730
    7.5000    0.0000  -37.5000 2696.5781    8.3240
   -7.5000    7.5000  -37.5000 2687.3020    8.3465
    0.0000    7.5000  -37.5000 2714.1411    8.2661
    7.5000    7.5000  -37.5000 2699.1196    8.3241
   -7.5000   15.0000  -37.5000 2674.0066    8.5079
    0.0000   15.0000  -37.5000 2702.9258    8.4124
    7.5000   15.0000  -37.5000 2687.0491    8.4836
   -7.5000   22.5000  -37.5000 2639.0474    8.7736
    0.0000   22.5000  -37.5000 2669.5422    8.6672
    7.5000   22.5000  -37.5000 2656.2837    8.7513
   -7.5000   30.0000  -37.5000 2582.8484    9.1941
    0.0000   30.0000  -37.5000 2607.1372    9.0610
    7.5000   30.0000  -37.5000 2596.5168    9.1392
   -7.5000   37.5000  -37.5000 2499.1211    9.7391
    0.0000   37.5000  -37.5000 2523.8176    9.6081
    7.5000   37.5000  -37.5000 2514.1355    9.6751
   -7.5000   45.0000  -37.5000 2395.3645   10.5136
    0.0000   45.0000  -37.5000 2421.4873   10.3701
    7.5000   45.0000  -37.5000 2415.7502   10.4364
   -7.5000  -45.0000  -30.0000 2277.7302   12.6210
    0.0000  -45.0000  -30.0000 2295.1577   12.6040
    7.5000  -45.0000  -30.0000 2280.3123   12.6969
   -7.5000  -37.5000  -30.0000 2410.8220   11.3089
    0.0000  -37.5000  -30.0000 2428.7119   11.2821
    7.5000  -37.5000  -30.0000 2410.5508   11.3720
   -7.5000  -30.0000  -30.0000 2524.6174   10.2444
    0.0000  -30.0000  -30.0000 2543.5964   10.2009
    7.5000  -30.0000  -30.0000 2526.9236   10.2891
   -7.5000  -22.5000  -30.0000 2622.7195    9.4091
    0.0000  -22.5000  -30.0000 2643.4075    9.3677
    7.5000  -22.5000  -30.0000 2628.0496    9.4501
   -7.5000  -15.0000  -30.0000 2699.9004    8.7718
    0.0000  -15.0000  -30.0000 2725.6343    8.7081
    7.5000  -15.0000  -30.0000 2710.5559    8.7825
   -7.5000   -7.5000  -30.0000 2774.9268    8.3284
    0.0000   -7.5000  -30.0000 2802.4250    8.2706
    7.5000   -7.5000  -30.0000 2783.4990    8.3289
   -7.5000    0.0000  -30.0000 2809.7673    8.1048
    0.0000    0.0000  -30.0000 2840.6985    8.0535
    7.5000    0.0000  -30.0000 2822.2004    8.1061
   -7.5000    7.5000  -30.0000 2819.5359    8.0810
    0.0000    7.5000  -30.0000 2849.1404    7.9955
    7.5000    7.5000  -30.0000 2830.6235    8.0703
   -7.5000   15.0000  -30.0000 2809.9749    8.2433
    0.0000   15.0000  -30.0000 2841.4973    8.1247
    7.5000   15.0000  -30.0000 2821.3181    8.2224
   -7.5000   22.5000  -30.0000 2772.6504    8.5154
    0.0000   22.5000  -30.0000 2806.8855    8.3899
    7.5000   22.5000  -30.0000 2793.0103    8.4833
   -7.5000   30.0000  -30.0000 2708.3894    8.9407
    0.0000   30.0000  -30.0000 2744.3591    8.7947
    7.5000   30.0000  -30.0000 2730.3130    8.8880
   -7.5000   37.5000  -30.0000 2624.7915    9.4872
    0.0000   37.5000  -30.0000 2655.9941    9.3449
    7.5000   37.5000  -30.0000 2643.3506    9.4317
   -7.5000   45.0000  -30.0000 2517.4612   10.2457
    0.0000   45.0000  -30.0000 2548.8721   10.0807
    7.5000   45.0000  -30.0000 2538.3171   10.1724
   -7.5000  -45.0000  -22.5000 2312.3625   12.6944
    0.0000  -45.0000  -22.5000 2330.4089   12.6373
    7.5000  -45.0000  -22.5000 2313.6406   12.7633
   -7.5000  -37.5000  -22.5000 2447.8306   11.3246
    0.0000  -37.5000  -22.5000 2466.2476   11.2602
    7.5000  -37.5000  -22.5000 2451.9443   11.3975
   -7.5000  -30.0000  -22.5000 2566.4941   10.2301
    0.0000  -30.0000  -22.5000 2585.5503   10.1442
    7.5000  -30.0000  -22.5000 2572.0671   10.2606
   -7.5000  -22.5000  -22.5000 2666.7598    9.3530
    0.0000  -22.5000  -22.5000 2688.6938    9.2614
    7.5000  -22.5000  -22.5000 2671.3440    9.3520
   -7.5000  -15.0000  -22.5000 2749.9514    8.6555
    0.0000  -15.0000  -22.5000 2773.9829    8.5628
    7.5000  -15.0000  -22.5000 2755.5574    8.6357
   -7.5000   -7.5000  -22.5000 2828.8162    8.1478
    0.0000   -7.5000  -22.5000 2855.7893    8.0865
    7.5000   -7.5000  -22.5000 2835.4446    8.1393
   -7.5000    0.0000  -22.5000 2881.7034    7.8774
    0.0000    0.0000  -22.5000 2913.1611    7.8316
    7.5000    0.0000  -22.5000 2891.5159    7.8789
   -7.5000    7.5000  -22.5000 2902.8477    7.8228
    0.0000    7.5000  -22.5000 2939.9082    7.7184
    7.5000    7.5000  -22.5000 2912.9197    7.8203
   -7.5000   15.0000  -22.5000 2898.0601    7.9729
    0.0000   15.0000  -22.5000 2931.7104    7.8445
    7.5000   15.0000  -22.5000 2911.0244    7.9528
   -7.5000   22.5000  -22.5000 2866.5483    8.2609
    0.0000   22.5000  -22.5000 2902.5210    8.1310
    7.5000   22.5000  -22.5000 2886.6123    8.2331
   -7.5000   30.0000  -22.5000 2802.5754    8.6949
    0.0000   30.0000  -22.5000 2845.4807    8.5480
    7.5000   30.0000  -22.5000 2828.5679    8.6412
   -7.5000   37.5000  -22.5000 2713.9204    9.2586
    0.0000   37.5000  -22.5000 2751.2949    9.1128
    7.5000   37.5000  -22.5000 2738.7883    9.2006
   -7.5000   45.0000  -22.5000 2601.1155   10.0062
    0.0000   45.0000  -22.5000 2635.2849    9.8468
    7.5000   45.0000  -22.5000 2626.1987    9.9240
   -7.5000  -45.0000  -15.0000 2307.7051   12.7923
    0.0000  -45.0000  -15.0000 2324.5681   12.7163
    7.5000  -45.0000  -15.0000 2314.4915   12.8174
   -7.5000  -37.5000  -15.0000 2450.6978   11.3789
    0.0000  -37.5000  -15.0000 2467.4668   11.2920
    7.5000  -37.5000  -15.0000 2455.9670   11.3956
   -7.5000  -30.0000  -15.0000 2567.0398   10.2480
    0.0000  -30.0000  -15.0000 2586.4553   10.1492
    7.5000  -30.0000  -15.0000 2573.6553   10.2382
   -7.5000  -22.5000  -15.0000 2666.0515    9.3164
    0.0000  -22.5000  -15.0000 2688.7368    9.2201
    7.5000  -22.5000  -15.0000 2675.6787    9.3079
   -7.5000  -15.0000  -15.0000 2757.9270    8.5800
    0.0000  -15.0000  -15.0000 2781.3000    8.4882
    7.5000  -15.0000  -15.0000 2763.8811    8.5634
   -7.5000   -7.5000  -15.0000 2835.8174    8.0502
    0.0000   -7.5000  -15.0000 2861.9517    7.9696
    7.5000   -7.5000  -15.0000 2844.0540    8.0466
   -7.5000    0.0000  -15.0000 2901.2300    7.7743
    0.0000    0.0000  -15.0000 2931.5510    7.7019
    7.5000    0.0000  -15.0000 2915.0703    7.7655
   -7.5000    7.5000  -15.0000 2938.1897    7.7067
    0.0000    7.5000  -15.0000 2980.1919    7.6241
    7.5000    7.5000  -15.0000 2956.0156    7.6965
   -7.5000   15.0000  -15.0000 2943.1533    7.8027
    0.0000   15.0000  -15.0000 2987.4705    7.6858
    7.5000   15.0000  -15.0000 2961.8003    7.7669
   -7.5000   22.5000  -15.0000 2917.1016    8.0883
    0.0000   22.5000  -15.0000 2958.4734    7.9800
    7.5000   22.5000  -15.0000 2938.8833    8.0206
   -7.5000   30.0000  -15.0000 2854.2053    8.5087
    0.0000   30.0000  -15.0000 2896.5474    8.3953
    7.5000   30.0000  -15.0000 2883.0032    8.4339
   -7.5000   37.5000  -15.0000 2763.0745    9.0856
    0.0000   37.5000  -15.0000 2800.5076    8.9504
    7.5000   37.5000  -15.0000 2793.5249    9.0086
   -7.5000   45.0000  -15.0000 2646.1785    9.8363
    0.0000   45.0000  -15.0000 2681.3684    9.7079
    7.5000   45.0000  -15.0000 2672.5378    9.7518
   -7.5000  -45.0000   -7.5000 2280.8171   12.9341
    0.0000  -45.0000   -7.5000 2296.9272   12.8448
    7.5000  -45.0000   -7.5000 2288.7979   12.9641
   -7.5000  -37.5000   -7.5000 2423.9573   11.4431
    0.0000  -37.5000   -7.5000 2443.7910   11.3174
    7.5000  -37.5000   -7.5000 2431.2185   11.4598
   -7.5000  -30.0000   -7.5000 2542.9580   10.2650
    0.0000  -30.0000   -7.5000 2562.4392   10.1360
    7.5000  -30.0000   -7.5000 2548.8999   10.2519
   -7.5000  -22.5000   -7.5000 2645.1343    9.3227
    0.0000  -22.5000   -7.5000 2663.0667    9.2052
    7.5000  -22.5000   -7.5000 2653.2229    9.2986
   -7.5000  -15.0000   -7.5000 2739.2351    8.5902
    0.0000  -15.0000   -7.5000 2758.4045    8.4697
    7.5000  -15.0000   -7.5000 2748.4277    8.5531
   -7.5000   -7.5000   -7.5000 2816.8430    8.0436
    0.0000   -7.5000   -7.5000 2837.6912    7.9440
    7.5000   -7.5000   -7.5000 2827.6746    8.0136
   -7.5000    0.0000   -7.5000 2883.6001    7.7702
    0.0000    0.0000   -7.5000 2911.8638    7.6981
    7.5000    0.0000   -7.5000 2901.8193    7.7483
   -7.5000    7.5000   -7.5000 2934.2732    7.6907
    0.0000    7.5000   -7.5000 2975.7715    7.6411
    7.5000    7.5000   -7.5000 2957.7244    7.6650
   -7.5000   15.0000   -7.5000 2954.0908    7.7488
    0.0000   15.0000   -7.5000 3005.6943    7.6645
    7.5000   15.0000   -7.5000 2984.2231    7.6971
   -7.5000   22.5000   -7.5000 2937.4919    7.9869
    0.0000   22.5000   -7.5000 2981.8521    7.8761
    7.5000   22.5000   -7.5000 2965.9656    7.9055
   -7.5000   30.0000   -7.5000 2874.7239    8.4069
    0.0000   30.0000   -7.5000 2918.8584    8.2426
    7.5000   30.0000   -7.5000 2907.8335    8.2963
   -7.5000   37.5000   -7.5000 2782.7891    8.9898
    0.0000   37.5000   -7.5000 2820.7202    8.8166
    7.5000   37.5000   -7.5000 2817.6123    8.8785
   -7.5000   45.0000   -7.5000 2661.6077    9.7461
    0.0000   45.0000   -7.5000 2693.9565    9.6000
    7.5000   45.0000   -7.5000 2690.1453    9.6571
   -7.5000  -45.0000    0.0000 2236.6682   13.2289
    0.0000  -45.0000    0.0000 2251.5789   13.0634
    7.5000  -45.0000    0.0000 2245.7979   13.2427
   -7.5000  -37.5000    0.0000 2376.7871   11.6606
    0.0000  -37.5000    0.0000 2393.1260   11.5167
    7.5000  -37.5000    0.0000 2381.3796   11.6646
   -7.5000  -30.0000    0.0000 2499.0779   10.4530
    0.0000  -30.0000    0.0000 2511.4346   10.2917
    7.5000  -30.0000    0.0000 2502.6404   10.4240
   -7.5000  -22.5000    0.0000 2602.5950    9.4979
    0.0000  -22.5000    0.0000 2613.9634    9.3380
    7.5000  -22.5000    0.0000 2608.4915    9.4603
   -7.5000  -15.0000    0.0000 2696.8499    8.7576
    0.0000  -15.0000    0.0000 2708.9473    8.6024
    7.5000  -15.0000    0.0000 2708.6997    8.7033
   -7.5000   -7.5000    0.0000 2782.2463    8.2265
    0.0000   -7.5000    0.0000 2804.2195    8.0584
    7.5000   -7.5000    0.0000 2800.1270    8.1734
   -7.5000    0.0000    0.0000 2851.9954    7.9011
    0.0000    0.0000    0.0000 2880.6387    7.7465
    7.5000    0.0000    0.0000 2873.3320    7.8560
   -7.5000    7.5000    0.0000 2907.9785    7.7657
    0.0000    7.5000    0.0000 2952.9861    7.6420
    7.5000    7.5000    0.0000 2939.3906    7.7304
   -7.5000   15.0000    0.0000 2934.6006    7.7952
    0.0000   15.0000    0.0000 2985.1897    7.6037
    7.5000   15.0000    0.0000 2971.4580    7.7081
   -7.5000   22.5000    0.0000 2921.1296    8.0433
    0.0000   22.5000    0.0000 2965.3015    7.8202
    7.5000   22.5000    0.0000 2955.8208    7.9143
   -7.5000   30.0000    0.0000 2865.9968    8.4626
    0.0000   30.0000    0.0000 2906.9583    8.2755
    7.5000   30.0000    0.0000 2897.2947    8.3644
   -7.5000   37.5000    0.0000 2775.8562    9.0291
    0.0000   37.5000    0.0000 2814.2126    8.8635
    7.5000   37.5000    0.0000 2809.2329    8.9309
   -7.5000   45.0000    0.0000 2653.6357    9.7871
    0.0000   45.0000    0.0000 2687.5642    9.6434
    7.5000   45.0000    0.0000 2684.9666    9.6885
   -7.5000  -45.0000    7.5000 2188.1936   13.6624
    0.0000  -45.0000    7.5000 2206.2493   13.4838
    7.5000  -45.0000    7.5000 2196.3467   13.6763
   -7.5000  -37.5000    7.5000 2321.5757   12.0669
    0.0000  -37.5000    7.5000 2338.5061   11.8585
    7.5000  -37.5000    7.5000 2324.7668   12.0603
   -7.5000  -30.0000    7.5000 2443.3245   10.8161
    0.0000  -30.0000    7.5000 2455.4446   10.5928
    7.5000  -30.0000    7.5000 2448.3550   10.7885
   -7.5000  -22.5000    7.5000 2546.0603    9.8508
    0.0000  -22.5000    7.5000 2556.2812    9.6375
    7.5000  -22.5000    7.5000 2554.1418    9.7923
   -7.5000  -15.0000    7.5000 2639.1196    9.0992
    0.0000  -15.0000    7.5000 2654.0303    8.8848
    7.5000  -15.0000    7.5000 2652.6985    9.0405
   -7.5000   -7.5000    7.5000 2738.2712    8.5329
    0.0000   -7.5000    7.5000 2758.9048    8.3113
    7.5000   -7.5000    7.5000 2754.0486    8.4642
   -7.5000    0.0000    7.5000 2811.7766    8.1466
    0.0000    0.0000    7.5000 2841.9551    7.9600
    7.5000    0.0000    7.5000 2835.5688    8.0843
   -7.5000    7.5000    7.5000 2870.7322    7.9758
    0.0000    7.5000    7.5000 2909.4519    7.8124
    7.5000    7.5000    7.5000 2899.3447    7.9226
   -7.5000   15.0000    7.5000 2898.8025    7.9842
    0.0000   15.0000    7.5000 2940.2161    7.7387
    7.5000   15.0000    7.5000 2931.3540    7.8571
   -7.5000   22.5000    7.5000 2890.9868    8.1984
    0.0000   22.5000    7.5000 2937.3462    7.9803
    7.5000   22.5000    7.5000 2927.8594    8.0740
   -7.5000   30.0000    7.5000 2834.6218    8.6401
    0.0000   30.0000    7.5000 2881.1497    8.4553
    7.5000   30.0000    7.5000 2872.2300    8.5351
   -7.5000   37.5000    7.5000 2745.6245    9.2283
    0.0000   37.5000    7.5000 2785.0161    9.0604
    7.5000   37.5000    7.5000 2779.2292    9.1275
   -7.5000   45.0000    7.5000 2627.2295    9.9733
    0.0000   45.0000    7.5000 2660.4829    9.8242
    7.5000   45.0000    7.5000 2659.1121    9.8780
   -7.5000  -45.0000   15.0000 2132.4497   14.3573
    0.0000  -45.0000   15.0000 2150.9939   14.1191
    7.5000  -45.0000   15.0000 2135.7515   14.3313
   -7.5000  -37.5000   15.0000 2265.4878   12.7025
    0.0000  -37.5000   15.0000 2277.1572   12.4615
    7.5000  -37.5000   15.0000 2261.9546   12.6908
   -7.5000  -30.0000   15.0000 2381.9050   11.3861
    0.0000  -30.0000   15.0000 2392.2461   11.1471
    7.5000  -30.0000   15.0000 2383.2239   11.3532
   -7.5000  -22.5000   15.0000 2489.1799   10.3775
    0.0000  -22.5000   15.0000 2503.5959   10.1376
    7.5000  -22.5000   15.0000 2494.2769   10.3222
   -7.5000  -15.0000   15.0000 2583.2144    9.5679
    0.0000  -15.0000   15.0000 2602.3997    9.3110
    7.5000  -15.0000   15.0000 2595.5996    9.4981
   -7.5000   -7.5000   15.0000 2675.1333    8.9610
    0.0000   -7.5000   15.0000 2701.9460    8.7097
    7.5000   -7.5000   15.0000 2692.4219    8.8752
   -7.5000    0.0000   15.0000 2757.0576    8.5438
    0.0000    0.0000   15.0000 2786.8301    8.3378
    7.5000    0.0000   15.0000 2779.2524    8.4600
   -7.5000    7.5000   15.0000 2816.6157    8.3522
    0.0000    7.5000   15.0000 2852.7092    8.1502
    7.5000    7.5000   15.0000 2843.6345    8.2594
   -7.5000   15.0000   15.0000 2843.6919    8.3638
    0.0000   15.0000   15.0000 2876.6689    8.1263
    7.5000   15.0000   15.0000 2867.9290    8.2162
   -7.5000   22.5000   15.0000 2834.1611    8.5650
    0.0000   22.5000   15.0000 2867.9329    8.3740
    7.5000   22.5000   15.0000 2863.7046    8.4570
   -7.5000   30.0000   15.0000 2777.2727    8.9756
    0.0000   30.0000   15.0000 2816.4949    8.8081
    7.5000   30.0000   15.0000 2812.1812    8.8835
   -7.5000   37.5000   15.0000 2690.9705    9.5519
    0.0000   37.5000   15.0000 2729.4380    9.3786
    7.5000   37.5000   15.0000 2723.7402    9.4452
   -7.5000   45.0000   15.0000 2581.3372   10.2880
    0.0000   45.0000   15.0000 2614.8508   10.1174
    7.5000   45.0000   15.0000 2608.3325   10.1779
   -7.5000  -45.0000   22.5000 2069.9829   15.3084
    0.0000  -45.0000   22.5000 2078.9326   15.0947
    7.5000  -45.0000   22.5000 2069.1250   15.2630
   -7.5000  -37.5000   22.5000 2198.8345   13.5842
    0.0000  -37.5000   22.5000 2212.0979   13.3700
    7.5000  -37.5000   22.5000 2197.8376   13.5554
   -7.5000  -30.0000   22.5000 2313.4592   12.1546
    0.0000  -30.0000   22.5000 2328.7217   11.9140
    7.5000  -30.0000   22.5000 2314.3315   12.0934
   -7.5000  -22.5000   22.5000 2423.8872   11.0418
    0.0000  -22.5000   22.5000 2438.8259   10.7979
    7.5000  -22.5000   22.5000 2430.5156   10.9494
   -7.5000  -15.0000   22.5000 2519.8423   10.1908
    0.0000  -15.0000   22.5000 2541.4302    9.9173
    7.5000  -15.0000   22.5000 2533.7141   10.0686
   -7.5000   -7.5000   22.5000 2605.1741    9.5309
    0.0000   -7.5000   22.5000 2635.5364    9.2669
    7.5000   -7.5000   22.5000 2624.1826    9.3965
   -7.5000    0.0000   22.5000 2689.6289    9.0818
    0.0000    0.0000   22.5000 2717.0254    8.8608
    7.5000    0.0000   22.5000 2708.8853    8.9661
   -7.5000    7.5000   22.5000 2744.5574    8.8740
    0.0000    7.5000   22.5000 2783.3979    8.6439
    7.5000    7.5000   22.5000 2769.6919    8.7423
   -7.5000   15.0000   22.5000 2767.6667    8.8770
    0.0000   15.0000   22.5000 2799.2607    8.6646
    7.5000   15.0000   22.5000 2791.3142    8.7427
   -7.5000   22.5000   22.5000 2753.0493    9.1192
    0.0000   22.5000   22.5000 2783.2720    8.9137
    7.5000   22.5000   22.5000 2778.6438    8.9843
   -7.5000   30.0000   22.5000 2695.7861    9.5171
    0.0000   30.0000   22.5000 2728.9497    9.3378
    7.5000   30.0000   22.5000 2725.4204    9.3913
   -7.5000   37.5000   22.5000 2620.4255   10.0508
    0.0000   37.5000   22.5000 2653.1841    9.8814
    7.5000   37.5000   22.5000 2646.2231    9.9229
   -7.5000   45.0000   22.5000 2517.6099   10.7450
    0.0000   45.0000   22.5000 2553.0168   10.5733
    7.5000   45.0000   22.5000 2543.0315   10.6344
   -7.5000  -45.0000   30.0000 1990.8398   16.4477
    0.0000  -45.0000   30.0000 2000.9697   16.2886
    7.5000  -45.0000   30.0000 1995.5173   16.4003
   -7.5000  -37.5000   30.0000 2123.2620   14.6075
    0.0000  -37.5000   30.0000 2136.2607   14.3842
    7.5000  -37.5000   30.0000 2129.4119   14.5116
   -7.5000  -30.0000   30.0000 2237.6367   13.0745
    0.0000  -30.0000   30.0000 2251.0361   12.8226
    7.5000  -30.0000   30.0000 2240.8767   12.9730
   -7.5000  -22.5000   30.0000 2346.1548   11.8464
    0.0000  -22.5000   30.0000 2363.3901   11.5841
    7.5000  -22.5000   30.0000 2355.2961   11.7104
   -7.5000  -15.0000   30.0000 2446.7375   10.9252
    0.0000  -15.0000   30.0000 2472.7913   10.6547
    7.5000  -15.0000   30.0000 2462.5437   10.7665
   -7.5000   -7.5000   30.0000 2535.3987   10.2193
    0.0000   -7.5000   30.0000 2568.3467    9.9589
    7.5000   -7.5000   30.0000 2556.0859   10.0563
   -7.5000    0.0000   30.0000 2609.7695    9.7357
    0.0000    0.0000   30.0000 2641.4751    9.5197
    7.5000    0.0000   30.0000 2632.7725    9.6047
   -7.5000    7.5000   30.0000 2662.9731    9.5131
    0.0000    7.5000   30.0000 2695.4824    9.2907
    7.5000    7.5000   30.0000 2682.3982    9.3781
   -7.5000   15.0000   30.0000 2677.7417    9.5038
    0.0000   15.0000   30.0000 2707.2141    9.3169
    7.5000   15.0000   30.0000 2696.5530    9.3600
   -7.5000   22.5000   30.0000 2654.6621    9.7563
    0.0000   22.5000   30.0000 2685.5684    9.5626
    7.5000   22.5000   30.0000 2683.4348    9.6069
   -7.5000   30.0000   30.0000 2601.5933   10.1536
    0.0000   30.0000   30.0000 2631.1584    9.9690
    7.5000   30.0000   30.0000 2628.3157   10.0038
   -7.5000   37.5000   30.0000 2530.0017   10.7022
    0.0000   37.5000   30.0000 2561.6658   10.5140
    7.5000   37.5000   30.0000 2557.9121   10.5526
   -7.5000   45.0000   30.0000 2442.0884   11.3615
    0.0000   45.0000   30.0000 2479.5916   11.1839
    7.5000   45.0000   30.0000 2474.5862   11.2260
   -7.5000  -45.0000   37.5000 1906.6438   17.8818
    0.0000  -45.0000   37.5000 1918.3265   17.6496
    7.5000  -45.0000   37.5000 1917.7178   17.7792
   -7.5000  -37.5000   37.5000 2037.7019   15.7553
    0.0000  -37.5000   37.5000 2053.7556   15.4884
    7.5000  -37.5000   37.5000 2048.6226   15.5897
   -7.5000  -30.0000   37.5000 2159.2061   14.1296
    0.0000  -30.0000   37.5000 2175.7363   13.8529
    7.5000  -30.0000   37.5000 2167.1243   13.9579
   -7.5000  -22.5000   37.5000 2263.5496   12.8267
    0.0000  -22.5000   37.5000 2285.1445   12.5453
    7.5000  -22.5000   37.5000 2276.6968   12.6368
   -7.5000  -15.0000   37.5000 2363.0681   11.8205
    0.0000  -15.0000   37.5000 2394.7844   11.5579
    7.5000  -15.0000   37.5000 2384.5894   11.6340
   -7.5000   -7.5000   37.5000 2450.8169   11.0509
    0.0000   -7.5000   37.5000 2482.9028   10.8286
    7.5000   -7.5000   37.5000 2474.1885   10.9082
   -7.5000    0.0000   37.5000 2517.2388   10.5494
    0.0000    0.0000   37.5000 2551.0242   10.3608
    7.5000    0.0000   37.5000 2542.8176   10.4182
   -7.5000    7.5000   37.5000 2561.7959   10.2799
    0.0000    7.5000   37.5000 2596.3870   10.1116
    7.5000    7.5000   37.5000 2583.5300   10.1590
   -7.5000   15.0000   37.5000 2571.9065   10.2413
    0.0000   15.0000   37.5000 2603.4580   10.0781
    7.5000   15.0000   37.5000 2597.4294   10.1045
   -7.5000   22.5000   37.5000 2550.1804   10.4868
    0.0000   22.5000   37.5000 2580.6238   10.3246
    7.5000   22.5000   37.5000 2579.5728   10.3270
   -7.5000   30.0000   37.5000 2511.4014   10.9032
    0.0000   30.0000   37.5000 2537.6570   10.7353
    7.5000   30.0000   37.5000 2536.0354   10.7480
   -7.5000   37.5000   37.5000 2441.3755   11.4525
    0.0000   37.5000   37.5000 2474.2849   11.2863
    7.5000   37.5000   37.5000 2470.7952   11.2977
   -7.5000   45.0000   37.5000 2351.9097   12.0975
    0.0000   45.0000   37.5000 2389.2356   11.9402
    7.5000   45.0000   37.5000 2385.4458   11.9490
   -7.5000  -45.0000   45.0000 1815.8231   19.6980
    0.0000  -45.0000   45.0000 1830.4301   19.3484
    7.5000  -45.0000   45.0000 1829.6759   19.5392
   -7.5000  -37.5000   45.0000 1945.4377   17.1905
    0.0000  -37.5000   45.0000 1960.4156   16.8897
    7.5000  -37.5000   45.0000 1955.3379   17.0039
   -7.5000  -30.0000   45.0000 2066.9712   15.4087
    0.0000  -30.0000   45.0000 2084.2676   15.1065
    7.5000  -30.0000   45.0000 2076.8989   15.1648
   -7.5000  -22.5000   45.0000 2170.7085   14.0064
    0.0000  -22.5000   45.0000 2191.8625   13.7224
    7.5000  -22.5000   45.0000 2184.6375   13.7725
   -7.5000  -15.0000   45.0000 2267.4197   12.8886
    0.0000  -15.0000   45.0000 2298.3340   12.6669
    7.5000  -15.0000   45.0000 2289.6028   12.7048
   -7.5000   -7.5000   45.0000 2358.2959   12.0906
    0.0000   -7.5000   45.0000 2388.7439   11.9103
    7.5000   -7.5000   45.0000 2383.7920   11.9237
   -7.5000    0.0000   45.0000 2421.9575   11.5431
    0.0000    0.0000   45.0000 2454.8723   11.3839
    7.5000    0.0000   45.0000 2448.9773   11.4030
   -7.5000    7.5000   45.0000 2457.8889   11.2063
    0.0000    7.5000   45.0000 2490.4197   11.0714
    7.5000    7.5000   45.0000 2482.2029   11.0897
   -7.5000   15.0000   45.0000 2466.1147   11.1469
    0.0000   15.0000   45.0000 2494.3169   10.9974
    7.5000   15.0000   45.0000 2490.2842   11.0115
   -7.5000   22.5000   45.0000 2447.2979   11.3490
    0.0000   22.5000   45.0000 2473.4321   11.1932
    7.5000   22.5000   45.0000 2474.0396   11.2059
   -7.5000   30.0000   45.0000 2408.6206   11.7735
    0.0000   30.0000   45.0000 2433.8833   11.6246
    7.5000   30.0000   45.0000 2433.2024   11.6319
   -7.5000   37.5000   45.0000 2346.9512   12.3151
    0.0000   37.5000   45.0000 2374.8708   12.1787
    7.5000   37.5000   45.0000 2375.5271   12.1870
   -7.5000   45.0000   45.0000 2269.3784   12.9816
    0.0000   45.0000   45.0000 2294.6357   12.8277
    7.5000   45.0000   45.0000 2291.9495   12.8283

---------------------------------------------------------------------
imgreg_4dfp /opt/freesurfer/average/711-2C_as_mni_average_305 /opt/freesurfer/average/711-2B_as_mni_average_305_mask talsrcimg_g11 none talsrcimg_to_711-2C_as_mni_average_305_t4 1283
---------------------------------------------------------------------

freesurfer imgreg_4dfp.c
/opt/freesurfer/average/711-2C_as_mni_average_305.4dfp.img
       256       256       256         1
  1.000000  1.000000  1.000000
orientation T byte_order littleendian
Reading image: /opt/freesurfer/average/711-2C_as_mni_average_305.4dfp.img
dimensions:      256       256       256
mmppix:       1.0000   -1.0000   -1.0000
center:     128.0000 -129.0000 -129.0000
/opt/freesurfer/average/711-2B_as_mni_average_305_mask.4dfp.img
       256       256       256         1
  1.000000  1.000000  1.000000
orientation T byte_order littleendian
Reading mask: /opt/freesurfer/average/711-2B_as_mni_average_305_mask.4dfp.img (2306576 pixels)
talsrcimg_g11.4dfp.img
       256       256       256         1
  1.000000  1.000000  1.000000
orientation T byte_order littleendian
Reading image: talsrcimg_g11.4dfp.img
dimensions:      256       256       256
mmppix:       1.0000   -1.0000   -1.0000
center:     128.0000 -129.0000 -129.0000
rotation matrix determinant  1.000000
fimgreg.f
image alignment mode   1283 decimal      503 hex
parameters
    0.0000   15.0000   -7.5000    0.0000    0.0000    0.0000
eta,q 0.94095  7.68075
niter,ni,del,rscale     5    3   12.0000    1.2000
parameter  3  7.280957 -> -0.500000 qaram    1.1500
parameter  4********** ->  0.500000 qaram    1.1500
parameters
    1.7836   16.1733   -4.0500   -3.4500   -0.9147    0.4942
eta,q 0.94643  7.53320
  0.0760  0.0673  0.0620  0.0502  0.0572  0.0575
  0.0698  0.0642  0.0619  0.0531  0.0550  0.0559
  0.0649  0.0624  0.0622  0.0561  0.0538  0.0545
  0.0623  0.0620  0.0619  0.0599  0.0540  0.0537
  0.0623  0.0621  0.0606  0.0634  0.0551  0.0536
  0.0634  0.0627  0.0597  0.0665  0.0569  0.0547
  0.0657  0.0639  0.0611  0.0693  0.0598  0.0568
niter,ni,del,rscale     6    3   12.0000    1.2000
parameter  4  4.848333 ->  0.500000 qaram    1.3225
parameters
    2.6561   17.0861   -5.5637   -7.4175   -2.5753   -0.0418
eta,q 0.95375  7.48553
  0.0680  0.0629  0.0571  0.0434  0.0491  0.0508
  0.0612  0.0583  0.0562  0.0460  0.0470  0.0482
  0.0564  0.0545  0.0548  0.0496  0.0463  0.0466
  0.0536  0.0532  0.0534  0.0541  0.0469  0.0463
  0.0536  0.0541  0.0558  0.0581  0.0486  0.0474
  0.0568  0.0558  0.0593  0.0623  0.0507  0.0497
  0.0617  0.0580  0.0623  0.0668  0.0532  0.0525
niter,ni,del,rscale     6    3   12.0000    1.2000
parameter  4  1.726296 ->  0.500000 qaram    1.5209
parameters
    3.0122   17.6578   -6.9113  -11.9801   -2.5603   -0.8209
eta,q 0.95852  7.50379
  0.0598  0.0579  0.0499  0.0390  0.0463  0.0451
  0.0534  0.0525  0.0480  0.0412  0.0436  0.0428
  0.0484  0.0482  0.0469  0.0430  0.0419  0.0416
  0.0463  0.0463  0.0463  0.0465  0.0416  0.0416
  0.0477  0.0477  0.0481  0.0519  0.0424  0.0426
  0.0516  0.0506  0.0509  0.0572  0.0437  0.0447
  0.0569  0.0539  0.0539  0.0615  0.0461  0.0471
niter,ni,del,rscale     6    3   12.0000    1.2000
parameter  4  1.805486 ->  0.500000 qaram    1.7490
parameters
    2.8108   18.0833   -7.8676  -17.2272   -1.9675   -1.2926
eta,q 0.96299  7.53609
  0.0539  0.0517  0.0450  0.0326  0.0430  0.0401
  0.0470  0.0467  0.0427  0.0359  0.0403  0.0384
  0.0427  0.0433  0.0421  0.0395  0.0382  0.0374
  0.0415  0.0414  0.0414  0.0417  0.0370  0.0370
  0.0438  0.0425  0.0418  0.0447  0.0377  0.0375
  0.0490  0.0457  0.0443  0.0505  0.0392  0.0389
  0.0549  0.0488  0.0488  0.0572  0.0410  0.0415
niter,ni,del,rscale     6    3   12.0000    1.2000
parameter  4  0.789215 ->  0.500000 qaram    2.0114
parameters
    2.5087   19.4134   -8.3332  -23.2612   -1.3581   -1.3887
eta,q 0.97188  7.55010
  0.0501  0.0462  0.0408  0.0338  0.0380  0.0352
  0.0435  0.0413  0.0391  0.0282  0.0336  0.0317
  0.0385  0.0383  0.0380  0.0306  0.0304  0.0291
  0.0370  0.0369  0.0365  0.0368  0.0284  0.0281
  0.0400  0.0364  0.0362  0.0410  0.0283  0.0292
  0.0458  0.0373  0.0391  0.0446  0.0308  0.0319
  0.0524  0.0404  0.0440  0.0504  0.0353  0.0357
niter,ni,del,rscale     6    3   12.0000    1.2000
parameters
    2.2159   20.6794   -9.6984  -24.0976   -1.2159   -1.4788
eta,q 0.97312  7.56320
  0.0460  0.0470  0.0344  0.0440  0.0359  0.0335
  0.0365  0.0390  0.0304  0.0376  0.0316  0.0302
  0.0294  0.0321  0.0278  0.0271  0.0284  0.0278
  0.0281  0.0279  0.0276  0.0274  0.0269  0.0269
  0.0324  0.0280  0.0304  0.0337  0.0276  0.0278
  0.0401  0.0311  0.0361  0.0415  0.0306  0.0305
  0.0482  0.0362  0.0438  0.0467  0.0355  0.0340
niter,ni,del,rscale     5    3   12.0000    1.2000
parameters
    2.1014   20.6207  -10.0834  -24.5304   -1.1670   -1.5014
eta,q 0.97345  7.56475
  0.0461  0.0408  0.0369  0.0444  0.0355  0.0334
  0.0361  0.0328  0.0314  0.0388  0.0312  0.0300
  0.0287  0.0274  0.0280  0.0281  0.0280  0.0275
  0.0269  0.0268  0.0268  0.0268  0.0265  0.0265
  0.0309  0.0292  0.0282  0.0324  0.0275  0.0275
  0.0381  0.0340  0.0328  0.0405  0.0307  0.0301
  0.0463  0.0403  0.0399  0.0458  0.0356  0.0335
niter,ni,del,rscale     4    3   12.0000    1.2000
parameters
    2.0590   20.6123  -10.2428  -24.7230   -1.1597   -1.5099
eta,q 0.97359  7.56558
  0.0463  0.0412  0.0376  0.0448  0.0354  0.0333
  0.0363  0.0329  0.0317  0.0393  0.0311  0.0300
  0.0287  0.0272  0.0279  0.0290  0.0278  0.0274
  0.0266  0.0265  0.0265  0.0265  0.0264  0.0264
  0.0303  0.0288  0.0278  0.0317  0.0274  0.0274
  0.0375  0.0338  0.0322  0.0399  0.0307  0.0300
  0.0459  0.0401  0.0390  0.0452  0.0357  0.0334
niter,ni,del,rscale     3    3   12.0000    1.2000
parameters
    2.0466   20.6173  -10.3111  -24.8041   -1.1607   -1.5160
eta,q 0.97364  7.56609
  0.0465  0.0413  0.0380  0.0450  0.0354  0.0333
  0.0364  0.0329  0.0319  0.0395  0.0310  0.0299
  0.0287  0.0271  0.0279  0.0294  0.0277  0.0274
  0.0264  0.0264  0.0264  0.0264  0.0264  0.0264
  0.0300  0.0287  0.0277  0.0314  0.0274  0.0273
  0.0373  0.0337  0.0320  0.0395  0.0307  0.0299
  0.0457  0.0401  0.0387  0.0450  0.0357  0.0334
registration optimization eta report
parameter search radius
    6.0000    6.0000    6.9000   12.0681    6.0000    6.0000
100000*second partial in parameter space
       53.       40.       25.       12.       25.       19.
  0.0465  0.0413  0.0380  0.0450  0.0354  0.0333
  0.0364  0.0329  0.0319  0.0395  0.0310  0.0299
  0.0287  0.0271  0.0279  0.0294  0.0277  0.0274
  0.0264  0.0264  0.0264  0.0264  0.0264  0.0264
  0.0300  0.0287  0.0277  0.0314  0.0274  0.0273
  0.0373  0.0337  0.0320  0.0395  0.0307  0.0299
  0.0457  0.0401  0.0387  0.0450  0.0357  0.0334
    2.0466   20.6173  -10.3111  -24.8041   -1.1607   -1.5160
eta,q 0.97364  7.56609

---------------------------------------------------------------------
imgreg_4dfp /opt/freesurfer/average/711-2C_as_mni_average_305 /opt/freesurfer/average/711-2B_as_mni_average_305_mask talsrcimg_g11 none talsrcimg_to_711-2C_as_mni_average_305_t4 3335
---------------------------------------------------------------------

freesurfer imgreg_4dfp.c
/opt/freesurfer/average/711-2C_as_mni_average_305.4dfp.img
       256       256       256         1
  1.000000  1.000000  1.000000
orientation T byte_order littleendian
Reading image: /opt/freesurfer/average/711-2C_as_mni_average_305.4dfp.img
dimensions:      256       256       256
mmppix:       1.0000   -1.0000   -1.0000
center:     128.0000 -129.0000 -129.0000
/opt/freesurfer/average/711-2B_as_mni_average_305_mask.4dfp.img
       256       256       256         1
  1.000000  1.000000  1.000000
orientation T byte_order littleendian
Reading mask: /opt/freesurfer/average/711-2B_as_mni_average_305_mask.4dfp.img (2306576 pixels)
talsrcimg_g11.4dfp.img
       256       256       256         1
  1.000000  1.000000  1.000000
orientation T byte_order littleendian
Reading image: talsrcimg_g11.4dfp.img
dimensions:      256       256       256
mmppix:       1.0000   -1.0000   -1.0000
center:     128.0000 -129.0000 -129.0000
fimgreg.f
image alignment mode   3335 decimal      D07 hex
parameters
    2.0466   20.6173  -10.3111   -0.0555   -9.2345   -9.2439
    1.5520    2.9481   -2.6451   41.8883   -2.0257  -41.9431
eta,q 0.97297  7.65307
niter,ni,del,rscale     5    3    5.0000    1.2000
parameter  4  0.727265 ->  0.500000 qaram    1.1500
parameter  5  0.852999 ->  0.500000 qaram    1.1500
parameters
    2.0023   21.2198  -10.4676   -4.1955  -13.3745   -7.0433
    1.8585    3.5667   -1.7064   40.6333   -3.2594  -44.9123
eta,q 0.97759  7.56457
  0.0304  0.0302  0.0281  0.0254  0.0233  0.0255  0.0257  0.0271  0.0249  0.0243  0.0234  0.0232
  0.0285  0.0287  0.0274  0.0249  0.0231  0.0244  0.0242  0.0248  0.0238  0.0236  0.0230  0.0225
  0.0274  0.0277  0.0270  0.0254  0.0236  0.0236  0.0232  0.0234  0.0231  0.0231  0.0228  0.0224
  0.0270  0.0270  0.0268  0.0268  0.0250  0.0232  0.0228  0.0228  0.0228  0.0227  0.0229  0.0228
  0.0275  0.0269  0.0270  0.0294  0.0270  0.0227  0.0230  0.0230  0.0228  0.0230  0.0231  0.0235
  0.0287  0.0272  0.0276  0.0326  0.0292  0.0226  0.0239  0.0239  0.0232  0.0244  0.0234  0.0243
  0.0306  0.0281  0.0285  0.0359  0.0319  0.0239  0.0253  0.0259  0.0240  0.0270  0.0239  0.0251
niter,ni,del,rscale     6    3    5.0000    1.2000
parameters
    2.0163   21.2823  -10.1334   -5.6338  -16.1456   -8.0555
    1.6015    3.1930   -1.3612   41.0487   -3.6748  -45.8898
eta,q 0.97762  7.43813
  0.0260  0.0249  0.0245  0.0248  0.0237  0.0236  0.0247  0.0250  0.0239  0.0239  0.0232  0.0237
  0.0240  0.0235  0.0235  0.0238  0.0228  0.0228  0.0235  0.0234  0.0232  0.0230  0.0228  0.0228
  0.0228  0.0227  0.0228  0.0229  0.0224  0.0225  0.0227  0.0226  0.0227  0.0226  0.0225  0.0224
  0.0224  0.0224  0.0224  0.0224  0.0226  0.0224  0.0225  0.0225  0.0225  0.0225  0.0224  0.0224
  0.0228  0.0227  0.0224  0.0230  0.0236  0.0223  0.0228  0.0229  0.0225  0.0224  0.0226  0.0228
  0.0240  0.0234  0.0228  0.0251  0.0258  0.0231  0.0237  0.0239  0.0230  0.0227  0.0229  0.0235
  0.0259  0.0246  0.0236  0.0286  0.0285  0.0253  0.0250  0.0255  0.0237  0.0237  0.0234  0.0244
niter,ni,del,rscale     5    3    5.0000    1.2000
parameters
    2.1223   21.6831   -9.8301   -5.9240  -16.9585   -7.9286
    1.5131    3.0413   -1.4989   41.2231   -4.1030  -45.9849
eta,q 0.97764  7.40918
  0.0257  0.0250  0.0241  0.0250  0.0247  0.0242  0.0247  0.0251  0.0237  0.0238  0.0232  0.0240
  0.0240  0.0236  0.0232  0.0239  0.0234  0.0231  0.0235  0.0235  0.0230  0.0229  0.0227  0.0230
  0.0229  0.0228  0.0226  0.0230  0.0226  0.0225  0.0227  0.0226  0.0225  0.0225  0.0224  0.0225
  0.0224  0.0224  0.0223  0.0223  0.0223  0.0224  0.0224  0.0224  0.0224  0.0224  0.0224  0.0224
  0.0226  0.0224  0.0223  0.0224  0.0226  0.0223  0.0226  0.0228  0.0225  0.0224  0.0225  0.0226
  0.0236  0.0228  0.0227  0.0236  0.0240  0.0227  0.0235  0.0237  0.0230  0.0227  0.0229  0.0232
  0.0252  0.0236  0.0234  0.0261  0.0263  0.0244  0.0248  0.0252  0.0238  0.0237  0.0234  0.0240
niter,ni,del,rscale     4    3    5.0000    1.2000
parameters
    2.1673   21.8082   -9.8078   -5.8987  -17.0752   -7.9376
    1.4965    3.0144   -1.5578   41.2507   -4.2006  -46.0365
eta,q 0.97765  7.40687
  0.0255  0.0244  0.0238  0.0252  0.0251  0.0242  0.0247  0.0253  0.0237  0.0237  0.0233  0.0240
  0.0239  0.0233  0.0231  0.0240  0.0237  0.0232  0.0235  0.0235  0.0230  0.0228  0.0228  0.0230
  0.0228  0.0226  0.0226  0.0231  0.0227  0.0225  0.0227  0.0226  0.0225  0.0224  0.0224  0.0225
  0.0224  0.0224  0.0224  0.0224  0.0223  0.0224  0.0224  0.0224  0.0224  0.0224  0.0224  0.0224
  0.0227  0.0225  0.0225  0.0224  0.0225  0.0222  0.0226  0.0228  0.0225  0.0224  0.0225  0.0226
  0.0237  0.0231  0.0230  0.0235  0.0235  0.0228  0.0234  0.0237  0.0230  0.0227  0.0228  0.0232
  0.0253  0.0240  0.0238  0.0258  0.0256  0.0246  0.0248  0.0252  0.0238  0.0238  0.0233  0.0240
niter,ni,del,rscale     3    3    5.0000    1.2000
parameters
    2.1734   21.8210   -9.8187   -5.8992  -17.0964   -7.9485
    1.4913    3.0154   -1.5695   41.2750   -4.2313  -46.0669
eta,q 0.97765  7.40696
  0.0254  0.0242  0.0238  0.0252  0.0252  0.0242  0.0247  0.0253  0.0237  0.0237  0.0234  0.0240
  0.0238  0.0232  0.0230  0.0240  0.0237  0.0232  0.0235  0.0236  0.0230  0.0228  0.0228  0.0230
  0.0228  0.0226  0.0225  0.0231  0.0228  0.0225  0.0227  0.0226  0.0225  0.0224  0.0224  0.0225
  0.0224  0.0224  0.0224  0.0224  0.0224  0.0224  0.0224  0.0224  0.0224  0.0224  0.0224  0.0224
  0.0227  0.0226  0.0225  0.0224  0.0224  0.0222  0.0226  0.0228  0.0225  0.0224  0.0225  0.0226
  0.0237  0.0232  0.0230  0.0235  0.0234  0.0228  0.0234  0.0237  0.0230  0.0227  0.0228  0.0232
  0.0254  0.0242  0.0239  0.0258  0.0255  0.0246  0.0248  0.0251  0.0238  0.0238  0.0233  0.0240
registration optimization eta report
parameter search radius
    2.4000    2.4000    2.4000    8.2800    8.2800    7.2000
    7.2000    7.2000    7.2000    7.2000    7.2000    7.2000
100000*second partial in parameter space
       53.       33.       26.        5.        4.        4.
        5.        6.        3.        3.        2.        3.
  0.0254  0.0242  0.0238  0.0252  0.0252  0.0242  0.0247  0.0253  0.0237  0.0237  0.0234  0.0240
  0.0238  0.0232  0.0230  0.0240  0.0237  0.0232  0.0235  0.0236  0.0230  0.0228  0.0228  0.0230
  0.0228  0.0226  0.0225  0.0231  0.0228  0.0225  0.0227  0.0226  0.0225  0.0224  0.0224  0.0225
  0.0224  0.0224  0.0224  0.0224  0.0224  0.0224  0.0224  0.0224  0.0224  0.0224  0.0224  0.0224
  0.0227  0.0226  0.0225  0.0224  0.0224  0.0222  0.0226  0.0228  0.0225  0.0224  0.0225  0.0226
  0.0237  0.0232  0.0230  0.0235  0.0234  0.0228  0.0234  0.0237  0.0230  0.0227  0.0228  0.0232
  0.0254  0.0242  0.0239  0.0258  0.0255  0.0246  0.0248  0.0251  0.0238  0.0238  0.0233  0.0240
    2.1734   21.8210   -9.8187   -5.8992  -17.0964   -7.9485
    1.4913    3.0154   -1.5695   41.2750   -4.2313  -46.0669
eta,q 0.97765  7.40696

---------------------------------------------------------------------
imgreg_4dfp /opt/freesurfer/average/711-2C_as_mni_average_305 /opt/freesurfer/average/711-2B_as_mni_average_305_mask talsrcimg_g11 none talsrcimg_to_711-2C_as_mni_average_305_t4 2311
---------------------------------------------------------------------

freesurfer imgreg_4dfp.c
/opt/freesurfer/average/711-2C_as_mni_average_305.4dfp.img
       256       256       256         1
  1.000000  1.000000  1.000000
orientation T byte_order littleendian
Reading image: /opt/freesurfer/average/711-2C_as_mni_average_305.4dfp.img
dimensions:      256       256       256
mmppix:       1.0000   -1.0000   -1.0000
center:     128.0000 -129.0000 -129.0000
/opt/freesurfer/average/711-2B_as_mni_average_305_mask.4dfp.img
       256       256       256         1
  1.000000  1.000000  1.000000
orientation T byte_order littleendian
Reading mask: /opt/freesurfer/average/711-2B_as_mni_average_305_mask.4dfp.img (2306576 pixels)
talsrcimg_g11.4dfp.img
       256       256       256         1
  1.000000  1.000000  1.000000
orientation T byte_order littleendian
Reading image: talsrcimg_g11.4dfp.img
dimensions:      256       256       256
mmppix:       1.0000   -1.0000   -1.0000
center:     128.0000 -129.0000 -129.0000
fimgreg.f
image alignment mode   2311 decimal      907 hex
parameters
    2.1734   21.8210   -9.8187   -5.8992  -17.0964   -7.9485
    1.4913    3.0154   -1.5695   41.2750   -4.2313  -46.0669
eta,q 0.97765  7.40696
niter,ni,del,rscale     5    3    5.0000    0.8000
parameters
    2.1925   21.8169   -9.7813   -4.9123  -16.5060   -7.0348
    1.4769    3.1159   -1.7415   42.4486   -4.5130  -46.0577
eta,q 0.97793  7.50318
  0.0238  0.0232  0.0230  0.0238  0.0233  0.0231  0.0233  0.0236  0.0228  0.0229  0.0225  0.0229
  0.0230  0.0227  0.0227  0.0233  0.0228  0.0226  0.0227  0.0227  0.0224  0.0225  0.0223  0.0224
  0.0225  0.0224  0.0224  0.0228  0.0224  0.0223  0.0223  0.0223  0.0222  0.0223  0.0221  0.0221
  0.0224  0.0224  0.0224  0.0224  0.0222  0.0222  0.0222  0.0222  0.0221  0.0222  0.0221  0.0221
  0.0225  0.0225  0.0224  0.0222  0.0222  0.0221  0.0223  0.0223  0.0222  0.0221  0.0222  0.0222
  0.0230  0.0227  0.0226  0.0225  0.0224  0.0221  0.0227  0.0227  0.0225  0.0221  0.0224  0.0225
  0.0237  0.0232  0.0230  0.0231  0.0230  0.0227  0.0234  0.0234  0.0229  0.0224  0.0226  0.0229
niter,ni,del,rscale     4    3    5.0000    0.7000
parameters
    2.1395   21.5836  -10.2173   -4.4573  -16.3017   -6.6849
    1.4616    3.4745   -1.6490   43.1503   -4.1454  -46.4889
eta,q 0.97821  7.55596
  0.0231  0.0226  0.0223  0.0233  0.0228  0.0228  0.0228  0.0234  0.0224  0.0227  0.0224  0.0224
  0.0225  0.0222  0.0221  0.0227  0.0224  0.0225  0.0223  0.0225  0.0221  0.0224  0.0221  0.0220
  0.0222  0.0221  0.0220  0.0223  0.0221  0.0222  0.0220  0.0220  0.0219  0.0221  0.0219  0.0218
  0.0221  0.0221  0.0220  0.0220  0.0220  0.0219  0.0219  0.0219  0.0219  0.0219  0.0218  0.0218
  0.0222  0.0222  0.0222  0.0220  0.0219  0.0218  0.0220  0.0220  0.0219  0.0218  0.0218  0.0220
  0.0227  0.0226  0.0226  0.0223  0.0222  0.0220  0.0223  0.0223  0.0221  0.0219  0.0220  0.0222
  0.0233  0.0230  0.0230  0.0229  0.0228  0.0228  0.0228  0.0229  0.0224  0.0224  0.0222  0.0226
niter,ni,del,rscale     3    3    5.0000    0.6000
parameters
    2.0435   21.4525  -10.4487   -4.1649  -16.3228   -6.3229
    1.4508    3.6819   -1.6286   43.4121   -3.7734  -46.7487
eta,q 0.97835  7.58144
  0.0225  0.0222  0.0221  0.0228  0.0224  0.0227  0.0224  0.0228  0.0221  0.0225  0.0221  0.0221
  0.0221  0.0220  0.0219  0.0223  0.0221  0.0224  0.0220  0.0222  0.0219  0.0221  0.0219  0.0218
  0.0218  0.0218  0.0218  0.0220  0.0219  0.0220  0.0218  0.0218  0.0217  0.0219  0.0217  0.0217
  0.0218  0.0218  0.0218  0.0218  0.0217  0.0217  0.0217  0.0217  0.0217  0.0217  0.0217  0.0217
  0.0219  0.0219  0.0219  0.0218  0.0218  0.0216  0.0218  0.0218  0.0217  0.0216  0.0217  0.0218
  0.0223  0.0221  0.0221  0.0220  0.0220  0.0219  0.0220  0.0221  0.0219  0.0218  0.0218  0.0220
  0.0228  0.0225  0.0225  0.0226  0.0225  0.0226  0.0224  0.0226  0.0221  0.0224  0.0219  0.0223
niter,ni,del,rscale     2    3    5.0000    0.5000
parameters
    1.9834   21.4011  -10.5229   -3.9992  -16.3352   -6.0924
    1.4278    3.7276   -1.6531   43.5464   -3.6084  -46.8590
eta,q 0.97840  7.59359
  0.0222  0.0220  0.0220  0.0224  0.0221  0.0225  0.0221  0.0224  0.0219  0.0222  0.0219  0.0220
  0.0219  0.0218  0.0218  0.0221  0.0219  0.0222  0.0218  0.0220  0.0217  0.0219  0.0217  0.0217
  0.0217  0.0217  0.0217  0.0218  0.0217  0.0219  0.0217  0.0217  0.0216  0.0217  0.0216  0.0216
  0.0216  0.0216  0.0216  0.0216  0.0216  0.0216  0.0216  0.0216  0.0216  0.0216  0.0216  0.0216
  0.0217  0.0217  0.0217  0.0217  0.0217  0.0216  0.0217  0.0217  0.0216  0.0216  0.0216  0.0217
  0.0220  0.0219  0.0219  0.0219  0.0218  0.0219  0.0218  0.0219  0.0217  0.0218  0.0217  0.0218
  0.0224  0.0221  0.0221  0.0223  0.0222  0.0224  0.0221  0.0224  0.0219  0.0222  0.0218  0.0220
niter,ni,del,rscale     1    3    5.0000    0.4000
parameters
    1.9529   21.3850  -10.5363   -3.9190  -16.2958   -5.9438
    1.4172    3.7550   -1.6972   43.6236   -3.5256  -46.8916
eta,q 0.97843  7.60085
  0.0220  0.0219  0.0219  0.0221  0.0219  0.0222  0.0219  0.0221  0.0218  0.0220  0.0218  0.0218
  0.0218  0.0217  0.0217  0.0219  0.0218  0.0220  0.0217  0.0218  0.0217  0.0218  0.0217  0.0217
  0.0216  0.0216  0.0216  0.0217  0.0216  0.0217  0.0216  0.0216  0.0216  0.0216  0.0216  0.0216
  0.0216  0.0216  0.0216  0.0216  0.0216  0.0216  0.0216  0.0216  0.0216  0.0216  0.0216  0.0216
  0.0217  0.0216  0.0216  0.0216  0.0216  0.0216  0.0216  0.0216  0.0216  0.0216  0.0216  0.0216
  0.0218  0.0217  0.0217  0.0218  0.0217  0.0218  0.0217  0.0218  0.0217  0.0217  0.0216  0.0217
  0.0221  0.0219  0.0219  0.0221  0.0219  0.0222  0.0219  0.0221  0.0218  0.0220  0.0217  0.0218
registration optimization eta report
parameter search radius
    0.8000    0.8000    0.8000    2.4000    2.4000    2.4000
    2.4000    2.4000    2.4000    2.4000    2.4000    2.4000
100000*second partial in parameter space
       67.       44.       41.        9.        6.       11.
        6.        9.        3.        7.        3.        5.
  0.0220  0.0219  0.0219  0.0221  0.0219  0.0222  0.0219  0.0221  0.0218  0.0220  0.0218  0.0218
  0.0218  0.0217  0.0217  0.0219  0.0218  0.0220  0.0217  0.0218  0.0217  0.0218  0.0217  0.0217
  0.0216  0.0216  0.0216  0.0217  0.0216  0.0217  0.0216  0.0216  0.0216  0.0216  0.0216  0.0216
  0.0216  0.0216  0.0216  0.0216  0.0216  0.0216  0.0216  0.0216  0.0216  0.0216  0.0216  0.0216
  0.0217  0.0216  0.0216  0.0216  0.0216  0.0216  0.0216  0.0216  0.0216  0.0216  0.0216  0.0216
  0.0218  0.0217  0.0217  0.0218  0.0217  0.0218  0.0217  0.0218  0.0217  0.0217  0.0216  0.0217
  0.0221  0.0219  0.0219  0.0221  0.0219  0.0222  0.0219  0.0221  0.0218  0.0220  0.0217  0.0218
    1.9529   21.3850  -10.5363   -3.9190  -16.2958   -5.9438
    1.4172    3.7550   -1.6972   43.6236   -3.5256  -46.8916
eta,q 0.97843  7.60085

---------------------------------------------------------------------
imgreg_4dfp /opt/freesurfer/average/711-2C_as_mni_average_305 /opt/freesurfer/average/711-2B_as_mni_average_305_mask talsrcimg_g11 none talsrcimg_to_711-2C_as_mni_average_305_t4 2311
---------------------------------------------------------------------

freesurfer imgreg_4dfp.c
/opt/freesurfer/average/711-2C_as_mni_average_305.4dfp.img
       256       256       256         1
  1.000000  1.000000  1.000000
orientation T byte_order littleendian
Reading image: /opt/freesurfer/average/711-2C_as_mni_average_305.4dfp.img
dimensions:      256       256       256
mmppix:       1.0000   -1.0000   -1.0000
center:     128.0000 -129.0000 -129.0000
/opt/freesurfer/average/711-2B_as_mni_average_305_mask.4dfp.img
       256       256       256         1
  1.000000  1.000000  1.000000
orientation T byte_order littleendian
Reading mask: /opt/freesurfer/average/711-2B_as_mni_average_305_mask.4dfp.img (2306576 pixels)
talsrcimg_g11.4dfp.img
       256       256       256         1
  1.000000  1.000000  1.000000
orientation T byte_order littleendian
Reading image: talsrcimg_g11.4dfp.img
dimensions:      256       256       256
mmppix:       1.0000   -1.0000   -1.0000
center:     128.0000 -129.0000 -129.0000
fimgreg.f
image alignment mode   2311 decimal      907 hex
parameters
    1.9529   21.3850  -10.5363   -3.9190  -16.2958   -5.9438
    1.4172    3.7550   -1.6972   43.6236   -3.5256  -46.8916
eta,q 0.97843  7.60085
niter,ni,del,rscale     5    3    5.0000    0.8000
parameters
    1.9462   21.3985  -10.5348   -4.3335  -16.7872   -6.5738
    1.5361    3.5881   -1.5540   43.2009   -3.6685  -46.8898
eta,q 0.97826  7.55781
  0.0233  0.0227  0.0226  0.0230  0.0226  0.0229  0.0230  0.0234  0.0224  0.0227  0.0223  0.0227
  0.0223  0.0221  0.0221  0.0224  0.0221  0.0225  0.0223  0.0224  0.0220  0.0223  0.0220  0.0221
  0.0218  0.0217  0.0217  0.0218  0.0218  0.0220  0.0219  0.0218  0.0218  0.0219  0.0218  0.0218
  0.0216  0.0216  0.0216  0.0216  0.0216  0.0216  0.0217  0.0217  0.0217  0.0217  0.0217  0.0217
  0.0218  0.0217  0.0217  0.0218  0.0217  0.0219  0.0218  0.0220  0.0218  0.0218  0.0218  0.0219
  0.0224  0.0221  0.0221  0.0225  0.0223  0.0228  0.0222  0.0226  0.0220  0.0223  0.0220  0.0222
  0.0233  0.0227  0.0226  0.0238  0.0234  0.0244  0.0229  0.0236  0.0224  0.0235  0.0223  0.0226
niter,ni,del,rscale     4    3    5.0000    0.7000
parameters
    1.9990   21.4244  -10.5162   -4.1804  -16.5703   -6.5295
    1.4805    3.6285   -1.6048   43.3542   -3.6926  -46.8728
eta,q 0.97831  7.57103
  0.0231  0.0226  0.0225  0.0230  0.0227  0.0228  0.0227  0.0231  0.0222  0.0226  0.0222  0.0225
  0.0224  0.0221  0.0221  0.0225  0.0223  0.0225  0.0221  0.0223  0.0219  0.0223  0.0219  0.0220
  0.0219  0.0218  0.0218  0.0220  0.0219  0.0221  0.0218  0.0218  0.0218  0.0219  0.0217  0.0218
  0.0217  0.0217  0.0217  0.0217  0.0217  0.0217  0.0217  0.0217  0.0217  0.0217  0.0217  0.0217
  0.0218  0.0218  0.0218  0.0218  0.0217  0.0216  0.0218  0.0218  0.0218  0.0217  0.0218  0.0218
  0.0222  0.0221  0.0220  0.0222  0.0220  0.0221  0.0222  0.0223  0.0220  0.0220  0.0219  0.0221
  0.0229  0.0225  0.0224  0.0230  0.0226  0.0231  0.0227  0.0230  0.0223  0.0227  0.0222  0.0224
niter,ni,del,rscale     3    3    5.0000    0.6000
parameters
    1.9849   21.4177  -10.5423   -4.0622  -16.4601   -6.2979
    1.4464    3.6890   -1.6288   43.5053   -3.6363  -46.8996
eta,q 0.97837  7.58477
  0.0226  0.0223  0.0222  0.0227  0.0224  0.0227  0.0224  0.0228  0.0220  0.0224  0.0220  0.0222
  0.0221  0.0219  0.0219  0.0222  0.0221  0.0224  0.0220  0.0221  0.0218  0.0221  0.0218  0.0219
  0.0218  0.0218  0.0217  0.0219  0.0218  0.0220  0.0217  0.0218  0.0217  0.0218  0.0217  0.0217
  0.0217  0.0217  0.0217  0.0217  0.0217  0.0217  0.0216  0.0216  0.0216  0.0216  0.0216  0.0216
  0.0218  0.0218  0.0218  0.0217  0.0217  0.0216  0.0217  0.0217  0.0217  0.0216  0.0217  0.0217
  0.0221  0.0220  0.0219  0.0221  0.0219  0.0219  0.0220  0.0221  0.0218  0.0219  0.0218  0.0219
  0.0226  0.0223  0.0223  0.0227  0.0224  0.0227  0.0224  0.0227  0.0221  0.0224  0.0220  0.0222
niter,ni,del,rscale     2    3    5.0000    0.5000
parameters
    1.9657   21.3984  -10.5508   -3.9681  -16.4019   -6.1019
    1.4235    3.7279   -1.6605   43.5935   -3.5640  -46.9187
eta,q 0.97840  7.59403
  0.0223  0.0220  0.0220  0.0224  0.0221  0.0225  0.0221  0.0224  0.0219  0.0222  0.0219  0.0220
  0.0219  0.0218  0.0218  0.0220  0.0219  0.0222  0.0218  0.0220  0.0217  0.0219  0.0217  0.0218
  0.0217  0.0217  0.0217  0.0218  0.0217  0.0219  0.0217  0.0217  0.0216  0.0217  0.0216  0.0216
  0.0216  0.0216  0.0216  0.0216  0.0216  0.0216  0.0216  0.0216  0.0216  0.0216  0.0216  0.0216
  0.0217  0.0217  0.0217  0.0217  0.0216  0.0216  0.0217  0.0217  0.0216  0.0216  0.0216  0.0216
  0.0219  0.0218  0.0218  0.0219  0.0218  0.0219  0.0218  0.0219  0.0217  0.0218  0.0217  0.0218
  0.0223  0.0221  0.0220  0.0223  0.0222  0.0224  0.0221  0.0224  0.0219  0.0222  0.0218  0.0220
niter,ni,del,rscale     1    3    5.0000    0.4000
parameters
    1.9510   21.3873  -10.5467   -3.9154  -16.3324   -5.9512
    1.4202    3.7579   -1.6987   43.6532   -3.5259  -46.9126
eta,q 0.97842  7.60068
  0.0220  0.0219  0.0219  0.0221  0.0219  0.0222  0.0219  0.0221  0.0218  0.0220  0.0218  0.0219
  0.0218  0.0217  0.0217  0.0218  0.0218  0.0220  0.0217  0.0218  0.0217  0.0218  0.0217  0.0217
  0.0216  0.0216  0.0216  0.0217  0.0217  0.0217  0.0216  0.0216  0.0216  0.0216  0.0216  0.0216
  0.0216  0.0216  0.0216  0.0216  0.0216  0.0216  0.0216  0.0216  0.0216  0.0216  0.0216  0.0216
  0.0217  0.0216  0.0216  0.0216  0.0216  0.0216  0.0216  0.0216  0.0216  0.0216  0.0216  0.0216
  0.0218  0.0217  0.0217  0.0218  0.0217  0.0218  0.0217  0.0218  0.0217  0.0217  0.0216  0.0217
  0.0220  0.0219  0.0219  0.0221  0.0219  0.0222  0.0219  0.0221  0.0218  0.0220  0.0217  0.0218
registration optimization eta report
parameter search radius
    0.8000    0.8000    0.8000    2.4000    2.4000    2.4000
    2.4000    2.4000    2.4000    2.4000    2.4000    2.4000
100000*second partial in parameter space
       66.       44.       41.        9.        6.       11.
        6.        9.        3.        7.        3.        5.
  0.0220  0.0219  0.0219  0.0221  0.0219  0.0222  0.0219  0.0221  0.0218  0.0220  0.0218  0.0219
  0.0218  0.0217  0.0217  0.0218  0.0218  0.0220  0.0217  0.0218  0.0217  0.0218  0.0217  0.0217
  0.0216  0.0216  0.0216  0.0217  0.0217  0.0217  0.0216  0.0216  0.0216  0.0216  0.0216  0.0216
  0.0216  0.0216  0.0216  0.0216  0.0216  0.0216  0.0216  0.0216  0.0216  0.0216  0.0216  0.0216
  0.0217  0.0216  0.0216  0.0216  0.0216  0.0216  0.0216  0.0216  0.0216  0.0216  0.0216  0.0216
  0.0218  0.0217  0.0217  0.0218  0.0217  0.0218  0.0217  0.0218  0.0217  0.0217  0.0216  0.0217
  0.0220  0.0219  0.0219  0.0221  0.0219  0.0222  0.0219  0.0221  0.0218  0.0220  0.0217  0.0218
    1.9510   21.3873  -10.5467   -3.9154  -16.3324   -5.9512
    1.4202    3.7579   -1.6987   43.6532   -3.5259  -46.9126
eta,q 0.97842  7.60068

---------------------------------------------------------------------
compute_vox2vox talsrcimg talsrcimg_to_711-2C_as_mni_average_305_t4 /opt/freesurfer/average/711-2C_as_mni_average_305
---------------------------------------------------------------------

freesurfer compute_vox2vox.c
Reading: talsrcimg.4dfp.ifh
Reading: talsrcimg_to_711-2C_as_mni_average_305_t4
Reading: /opt/freesurfer/average/711-2C_as_mni_average_305.4dfp.ifh
Writing: talsrcimg_to_711-2C_as_mni_average_305_t4_vox2vox.txt

start time Thu Mar 12 14:33:44 CET 2026
end		time Thu Mar 12 14:35:09 CET 2026

mpr2mni305 success

avi2talxfm orig_nu.mgz /opt/freesurfer/average/mni305.cor.mgz talsrcimg_to_711-2C_as_mni_average_305_t4_vox2vox.txt transforms/talairach.auto.xfm
avi2talxfm done
mv -f /out/sourcedata/freesurfer/sub-v1s1x0050658_ses-1/mri/talsrcimg_to_711-2C_as_mni_average_305_t4_vox2vox.txt /out/sourcedata/freesurfer/sub-v1s1x0050658_ses-1/mri/transforms/talsrcimg_to_711-2C_as_mni_average_305_t4_vox2vox.txt
lta_convert --src orig_nu.mgz --trg /opt/freesurfer/average/mni305.cor.mgz --inxfm transforms/talairach.auto.xfm --outlta transforms/talairach.auto.xfm.lta --subject fsaverage
7.3.2

--src: orig_nu.mgz src image (geometry).
--trg: /opt/freesurfer/average/mni305.cor.mgz trg image (geometry).
--inmni: transforms/talairach.auto.xfm input MNI/XFM transform.
--outlta: transforms/talairach.auto.xfm.lta output LTA.
--s: fsaverage subject name
 LTA read, type : 1
 1.03920  -0.02645  -0.03247  -2.32127;
 0.03926   0.84270   0.47184   0.45643;
 0.00061  -0.44021   0.94837  -19.38721;
 0.00000   0.00000   0.00000   1.00000;
setting subject to fsaverage
Writing  LTA to file transforms/talairach.auto.xfm.lta...
lta_convert successful.
 
 
Started at Thu Mar 12 14:33:43 CET 2026
Ended   at Thu Mar 12 14:35:09 CET 2026
talairach_avi done
