status file for recon-all
Thu Mar 12 16:02:18 CET 2026
#@# Tessellate lh Thu Mar 12 16:02:18 CET 2026
#@# Smooth1 lh Thu Mar 12 16:02:21 CET 2026
#@# Inflation1 lh Thu Mar 12 16:02:23 CET 2026
#@# QSphere lh Thu Mar 12 16:02:32 CET 2026
#@# Fix Topology lh Thu Mar 12 16:03:14 CET 2026
#@# Smooth2 lh Thu Mar 12 16:07:53 CET 2026
#@# Inflation2 lh Thu Mar 12 16:07:55 CET 2026
#@# Curv .H and .K lh Thu Mar 12 16:08:04 CET 2026
#@# Sphere lh Thu Mar 12 16:08:44 CET 2026
#@# Surf Reg lh Thu Mar 12 16:10:57 CET 2026
#@# Jacobian white lh Thu Mar 12 16:13:51 CET 2026
#@# AvgCurv lh Thu Mar 12 16:13:51 CET 2026
#@# Cortical Parc lh Thu Mar 12 16:13:52 CET 2026
#@# white curv lh Thu Mar 12 16:19:12 CET 2026
#@# white area lh Thu Mar 12 16:19:13 CET 2026
#@# pial curv lh Thu Mar 12 16:19:13 CET 2026
#@# pial area lh Thu Mar 12 16:19:15 CET 2026
#@# thickness lh Thu Mar 12 16:19:15 CET 2026
#@# area and vertex vol lh Thu Mar 12 16:19:36 CET 2026
#@# Curvature Stats lh Thu Mar 12 16:19:37 CET 2026
#@# Cortical Parc 2 lh Thu Mar 12 16:19:39 CET 2026
#@# Cortical Parc 3 lh Thu Mar 12 16:19:48 CET 2026
#@# WM/GM Contrast lh Thu Mar 12 16:19:56 CET 2026
recon-all -s sub-v1s1x0050657_ses-1 finished without error at Thu Mar 12 16:19:58 CET 2026



#New# invocation of recon-all 



status file for recon-all
Thu Mar 12 16:41:54 CET 2026
#@# white curv lh Thu Mar 12 16:41:55 CET 2026
#@# white area lh Thu Mar 12 16:41:55 CET 2026
#@# pial curv lh Thu Mar 12 16:41:55 CET 2026
#@# pial area lh Thu Mar 12 16:41:55 CET 2026
#@# thickness lh Thu Mar 12 16:41:55 CET 2026
#@# area and vertex vol lh Thu Mar 12 16:41:55 CET 2026
#@# Parcellation Stats lh Thu Mar 12 16:41:55 CET 2026
#@# Parcellation Stats 2 lh Thu Mar 12 16:42:11 CET 2026
#@# Parcellation Stats 3 lh Thu Mar 12 16:42:19 CET 2026
#@# BA_exvivo Labels lh Thu Mar 12 16:42:28 CET 2026
recon-all -s sub-v1s1x0050657_ses-1 finished without error at Thu Mar 12 16:44:23 CET 2026
