status file for recon-all
Thu Mar 12 16:18:21 CET 2026
#@# Tessellate lh Thu Mar 12 16:18:21 CET 2026
#@# Smooth1 lh Thu Mar 12 16:18:25 CET 2026
#@# Inflation1 lh Thu Mar 12 16:18:29 CET 2026
#@# QSphere lh Thu Mar 12 16:18:44 CET 2026
#@# Fix Topology lh Thu Mar 12 16:20:21 CET 2026
#@# Smooth2 lh Thu Mar 12 16:26:49 CET 2026
#@# Inflation2 lh Thu Mar 12 16:26:52 CET 2026
#@# Curv .H and .K lh Thu Mar 12 16:27:09 CET 2026
#@# Sphere lh Thu Mar 12 16:28:01 CET 2026
#@# Surf Reg lh Thu Mar 12 16:31:47 CET 2026
#@# Jacobian white lh Thu Mar 12 16:36:16 CET 2026
#@# AvgCurv lh Thu Mar 12 16:36:17 CET 2026
#@# Cortical Parc lh Thu Mar 12 16:36:18 CET 2026
#@# white curv lh Thu Mar 12 16:43:23 CET 2026
#@# white area lh Thu Mar 12 16:43:26 CET 2026
#@# pial curv lh Thu Mar 12 16:43:26 CET 2026
#@# pial area lh Thu Mar 12 16:43:28 CET 2026
#@# thickness lh Thu Mar 12 16:43:29 CET 2026
#@# area and vertex vol lh Thu Mar 12 16:44:05 CET 2026
#@# Curvature Stats lh Thu Mar 12 16:44:07 CET 2026
#@# Cortical Parc 2 lh Thu Mar 12 16:44:10 CET 2026
#@# Cortical Parc 3 lh Thu Mar 12 16:44:25 CET 2026
#@# WM/GM Contrast lh Thu Mar 12 16:44:36 CET 2026
recon-all -s sub-v1s1x0050658_ses-1 finished without error at Thu Mar 12 16:44:40 CET 2026



#New# invocation of recon-all 



status file for recon-all
Thu Mar 12 17:25:37 CET 2026
#@# white curv lh Thu Mar 12 17:25:37 CET 2026
#@# white area lh Thu Mar 12 17:25:37 CET 2026
#@# pial curv lh Thu Mar 12 17:25:37 CET 2026
#@# pial area lh Thu Mar 12 17:25:37 CET 2026
#@# thickness lh Thu Mar 12 17:25:37 CET 2026
#@# area and vertex vol lh Thu Mar 12 17:25:37 CET 2026
#@# Parcellation Stats lh Thu Mar 12 17:25:37 CET 2026
#@# Parcellation Stats 2 lh Thu Mar 12 17:26:00 CET 2026
#@# Parcellation Stats 3 lh Thu Mar 12 17:26:11 CET 2026
#@# BA_exvivo Labels lh Thu Mar 12 17:26:22 CET 2026
recon-all -s sub-v1s1x0050658_ses-1 finished without error at Thu Mar 12 17:29:17 CET 2026
