status file for recon-all
Thu Mar 12 14:30:38 CET 2026
#@# MotionCor Thu Mar 12 14:30:40 CET 2026
#@# Talairach Thu Mar 12 14:30:48 CET 2026
#@# Talairach Failure Detection Thu Mar 12 14:35:11 CET 2026
#@# Nu Intensity Correction Thu Mar 12 14:35:12 CET 2026
#@# Intensity Normalization Thu Mar 12 14:38:26 CET 2026
recon-all -s sub-v1s1x0050658_ses-1 finished without error at Thu Mar 12 14:40:05 CET 2026



#New# invocation of recon-all 



status file for recon-all
Thu Mar 12 14:47:06 CET 2026
#@# EM Registration Thu Mar 12 14:47:06 CET 2026
recon-all -s sub-v1s1x0050658_ses-1 finished without error at Thu Mar 12 14:49:25 CET 2026



#New# invocation of recon-all 



status file for recon-all
Thu Mar 12 14:49:28 CET 2026
#@# CA Normalize Thu Mar 12 14:49:28 CET 2026
#@# CA Reg Thu Mar 12 14:50:52 CET 2026
#@# SubCort Seg Thu Mar 12 15:34:13 CET 2026
#@# CC Seg Thu Mar 12 16:12:03 CET 2026
#@# Merge ASeg Thu Mar 12 16:12:42 CET 2026
#@# Intensity Normalization2 Thu Mar 12 16:12:42 CET 2026
#@# Mask BFS Thu Mar 12 16:15:05 CET 2026
#@# WM Segmentation Thu Mar 12 16:15:06 CET 2026
#@# Fill Thu Mar 12 16:17:15 CET 2026
recon-all -s sub-v1s1x0050658_ses-1 finished without error at Thu Mar 12 16:18:16 CET 2026



#New# invocation of recon-all 



status file for recon-all
Thu Mar 12 17:18:43 CET 2026
#@# white curv lh Thu Mar 12 17:18:43 CET 2026
#@# white area lh Thu Mar 12 17:18:43 CET 2026
#@# pial curv lh Thu Mar 12 17:18:43 CET 2026
#@# pial area lh Thu Mar 12 17:18:43 CET 2026
#@# thickness lh Thu Mar 12 17:18:43 CET 2026
#@# area and vertex vol lh Thu Mar 12 17:18:43 CET 2026
#@# white curv rh Thu Mar 12 17:18:43 CET 2026
#@# white area rh Thu Mar 12 17:18:43 CET 2026
#@# pial curv rh Thu Mar 12 17:18:43 CET 2026
#@# pial area rh Thu Mar 12 17:18:43 CET 2026
#@# thickness rh Thu Mar 12 17:18:43 CET 2026
#@# area and vertex vol rh Thu Mar 12 17:18:43 CET 2026
#@# Cortical ribbon mask Thu Mar 12 17:18:43 CET 2026
recon-all -s sub-v1s1x0050658_ses-1 finished without error at Thu Mar 12 17:25:32 CET 2026



#New# invocation of recon-all 



status file for recon-all
Thu Mar 12 17:33:11 CET 2026
#@# white curv lh Thu Mar 12 17:33:11 CET 2026
#@# white area lh Thu Mar 12 17:33:11 CET 2026
#@# pial curv lh Thu Mar 12 17:33:11 CET 2026
#@# pial area lh Thu Mar 12 17:33:11 CET 2026
#@# thickness lh Thu Mar 12 17:33:11 CET 2026
#@# area and vertex vol lh Thu Mar 12 17:33:11 CET 2026
#@# white curv rh Thu Mar 12 17:33:11 CET 2026
#@# white area rh Thu Mar 12 17:33:11 CET 2026
#@# pial curv rh Thu Mar 12 17:33:11 CET 2026
#@# pial area rh Thu Mar 12 17:33:11 CET 2026
#@# thickness rh Thu Mar 12 17:33:11 CET 2026
#@# area and vertex vol rh Thu Mar 12 17:33:11 CET 2026
#@# Curvature Stats lh Thu Mar 12 17:33:11 CET 2026
#@# Curvature Stats rh Thu Mar 12 17:33:14 CET 2026
#@# Relabel Hypointensities Thu Mar 12 17:33:17 CET 2026
#@# APas-to-ASeg Thu Mar 12 17:33:33 CET 2026
#@# AParc-to-ASeg aparc Thu Mar 12 17:33:42 CET 2026
#@# AParc-to-ASeg aparc.a2009s Thu Mar 12 17:34:19 CET 2026
#@# AParc-to-ASeg aparc.DKTatlas Thu Mar 12 17:34:57 CET 2026
#@# WMParc Thu Mar 12 17:35:39 CET 2026
#@# ASeg Stats Thu Mar 12 17:39:18 CET 2026
recon-all -s sub-v1s1x0050658_ses-1 finished without error at Thu Mar 12 17:40:01 CET 2026
