status file for recon-all
Thu Mar 12 14:17:18 CET 2026
#@# MotionCor Thu Mar 12 14:17:19 CET 2026
#@# Talairach Thu Mar 12 14:17:24 CET 2026
#@# Talairach Failure Detection Thu Mar 12 14:20:16 CET 2026
#@# Nu Intensity Correction Thu Mar 12 14:20:16 CET 2026
#@# Intensity Normalization Thu Mar 12 14:23:02 CET 2026
recon-all -s sub-v1s1x0050645_ses-1 finished without error at Thu Mar 12 14:24:00 CET 2026



#New# invocation of recon-all 



status file for recon-all
Thu Mar 12 14:28:54 CET 2026
#@# EM Registration Thu Mar 12 14:28:54 CET 2026
recon-all -s sub-v1s1x0050645_ses-1 finished without error at Thu Mar 12 14:30:41 CET 2026



#New# invocation of recon-all 



status file for recon-all
Thu Mar 12 14:30:44 CET 2026
#@# CA Normalize Thu Mar 12 14:30:44 CET 2026
#@# CA Reg Thu Mar 12 14:31:36 CET 2026
#@# SubCort Seg Thu Mar 12 15:08:52 CET 2026
#@# CC Seg Thu Mar 12 15:36:03 CET 2026
#@# Merge ASeg Thu Mar 12 15:36:34 CET 2026
#@# Intensity Normalization2 Thu Mar 12 15:36:34 CET 2026
#@# Mask BFS Thu Mar 12 15:37:57 CET 2026
#@# WM Segmentation Thu Mar 12 15:37:58 CET 2026
#@# Fill Thu Mar 12 15:39:49 CET 2026
recon-all -s sub-v1s1x0050645_ses-1 finished without error at Thu Mar 12 15:40:26 CET 2026



#New# invocation of recon-all 



status file for recon-all
Thu Mar 12 16:25:00 CET 2026
#@# white curv lh Thu Mar 12 16:25:00 CET 2026
#@# white area lh Thu Mar 12 16:25:00 CET 2026
#@# pial curv lh Thu Mar 12 16:25:00 CET 2026
#@# pial area lh Thu Mar 12 16:25:00 CET 2026
#@# thickness lh Thu Mar 12 16:25:00 CET 2026
#@# area and vertex vol lh Thu Mar 12 16:25:00 CET 2026
#@# white curv rh Thu Mar 12 16:25:00 CET 2026
#@# white area rh Thu Mar 12 16:25:00 CET 2026
#@# pial curv rh Thu Mar 12 16:25:00 CET 2026
#@# pial area rh Thu Mar 12 16:25:00 CET 2026
#@# thickness rh Thu Mar 12 16:25:00 CET 2026
#@# area and vertex vol rh Thu Mar 12 16:25:00 CET 2026
#@# Cortical ribbon mask Thu Mar 12 16:25:00 CET 2026
recon-all -s sub-v1s1x0050645_ses-1 finished without error at Thu Mar 12 16:27:53 CET 2026



#New# invocation of recon-all 



status file for recon-all
Thu Mar 12 16:33:06 CET 2026
#@# white curv lh Thu Mar 12 16:33:06 CET 2026
#@# white area lh Thu Mar 12 16:33:06 CET 2026
#@# pial curv lh Thu Mar 12 16:33:06 CET 2026
#@# pial area lh Thu Mar 12 16:33:06 CET 2026
#@# thickness lh Thu Mar 12 16:33:06 CET 2026
#@# area and vertex vol lh Thu Mar 12 16:33:06 CET 2026
#@# white curv rh Thu Mar 12 16:33:06 CET 2026
#@# white area rh Thu Mar 12 16:33:06 CET 2026
#@# pial curv rh Thu Mar 12 16:33:06 CET 2026
#@# pial area rh Thu Mar 12 16:33:06 CET 2026
#@# thickness rh Thu Mar 12 16:33:06 CET 2026
#@# area and vertex vol rh Thu Mar 12 16:33:06 CET 2026
#@# Curvature Stats lh Thu Mar 12 16:33:06 CET 2026
#@# Curvature Stats rh Thu Mar 12 16:33:08 CET 2026
#@# Relabel Hypointensities Thu Mar 12 16:33:10 CET 2026
#@# APas-to-ASeg Thu Mar 12 16:33:21 CET 2026
#@# AParc-to-ASeg aparc Thu Mar 12 16:33:27 CET 2026
#@# AParc-to-ASeg aparc.a2009s Thu Mar 12 16:33:48 CET 2026
#@# AParc-to-ASeg aparc.DKTatlas Thu Mar 12 16:34:11 CET 2026
#@# WMParc Thu Mar 12 16:34:35 CET 2026
#@# ASeg Stats Thu Mar 12 16:36:45 CET 2026
recon-all -s sub-v1s1x0050645_ses-1 finished without error at Thu Mar 12 16:37:06 CET 2026
