/out/sourcedata/freesurfer/sub-v1s1x0050655_ses-1/mri
/opt/freesurfer/bin/talairach_avi
--i orig_nu.mgz --xfm transforms/talairach.auto.xfm
talairach_avi 7.3.2
Linux dna063 5.14.0-427.37.1.el9_4.x86_64 #1 SMP PREEMPT_DYNAMIC Fri Sep 13 12:41:50 EDT 2024 x86_64 x86_64 x86_64 GNU/Linux
Thu Mar 12 14:29:53 CET 2026
mri_convert orig_nu.mgz talsrcimg.img 
reading from orig_nu.mgz...
TR=0.00, TE=0.00, TI=0.00, flip angle=0.00
i_ras = (-1, 0, 0)
j_ras = (0, 0, -1)
k_ras = (0, 1, 0)
writing to talsrcimg.img...
Analyze Output Matrix
-1.00000   0.00000   0.00000   129.50000;
 0.00000   0.00000   1.00000  -128.00000;
 0.00000  -1.00000   0.00000   130.00000;
 0.00000   0.00000   0.00000   1.00000;
--------------------
INFO: set hdr.hist.orient to -1
mpr2mni305 talsrcimg
Thu Mar 12 14:29:54 CET 2026
/opt/freesurfer/bin/mpr2mni305 talsrcimg
mpr2mni305 7.3.2
target=711-2C_as_mni_average_305

---------------------------------------------------------------------
analyzeto4dfp talsrcimg -O0 -y
---------------------------------------------------------------------

freesurfer ifh2hdr.c
Thu Mar 12 14:29:54 2026
Writing: talsrcimg.4dfp.hdr
freesurfer analyzeto4dfp.c
Reading: talsrcimg.hdr
header size 348 bytes
hdr.dime.datatype	offset=70	value=2
hdr.dime.bitpix		offset=72	value=8
hdr.hist.orient		offset=252	value=-1
dimensionality     4
dimensions       256       256       256         1
Reading: talsrcimg.img
Writing: talsrcimg.4dfp.img
Writing: talsrcimg.4dfp.ifh
ifh2hdr talsrcimg -r0to255
ori=2

---------------------------------------------------------------------
gauss_4dfp talsrcimg 1.1
---------------------------------------------------------------------

freesurfer gauss_4dfp.c
Reading: talsrcimg.4dfp.img
Writing: talsrcimg_g11.4dfp.img
image dimensions 256 256 256 padded to 288 288 288
processing volume 1freesurfer ifh2hdr.c
Thu Mar 12 14:29:56 2026
Writing: talsrcimg_g11.4dfp.hdr

Writing: talsrcimg_g11.4dfp.ifh
including: talsrcimg.4dfp.img.rec in talsrcimg_g11.4dfp.img.rec

---------------------------------------------------------------------
imgreg_4dfp /opt/freesurfer/average/711-2C_as_mni_average_305 none talsrcimg_g11 none talsrcimg_to_711-2C_as_mni_average_305_t4 4355
---------------------------------------------------------------------

freesurfer imgreg_4dfp.c
/opt/freesurfer/average/711-2C_as_mni_average_305.4dfp.img
       256       256       256         1
  1.000000  1.000000  1.000000
orientation T byte_order littleendian
Reading image: /opt/freesurfer/average/711-2C_as_mni_average_305.4dfp.img
dimensions:      256       256       256
mmppix:       1.0000   -1.0000   -1.0000
center:     128.0000 -129.0000 -129.0000
talsrcimg_g11.4dfp.img
       256       256       256         1
  1.000000  1.000000  1.000000
orientation T byte_order littleendian
Reading image: talsrcimg_g11.4dfp.img
dimensions:      256       256       256
mmppix:       1.0000   -1.0000   -1.0000
center:     128.0000 -129.0000 -129.0000
t4_read: open error in t4_sub.f l:  41 t4_file(1:l)talsrcimg_to_711-2C_as_mni_average_305_t4 
t4_read: transform initialized to I4
rotation matrix determinant  1.000000
image alignment mode   4355 decimal     1103 hex
   -7.5000  -45.0000  -45.0000 9118.6758    9.2202
    0.0000  -45.0000  -45.0000 9580.2773    9.2284
    7.5000  -45.0000  -45.0000 9231.2637    9.2317
   -7.5000  -37.5000  -45.0000 9618.0361    9.2136
    0.0000  -37.5000  -45.000010096.4170    9.2246
    7.5000  -37.5000  -45.0000 9719.8652    9.2298
   -7.5000  -30.0000  -45.000010463.7969    9.2048
    0.0000  -30.0000  -45.000011016.9619    9.2183
    7.5000  -30.0000  -45.000010602.2793    9.2282
   -7.5000  -22.5000  -45.000011312.5625    9.1998
    0.0000  -22.5000  -45.000011904.2871    9.2127
    7.5000  -22.5000  -45.000011449.6416    9.2248
   -7.5000  -15.0000  -45.000012030.2588    9.2015
    0.0000  -15.0000  -45.000012672.2236    9.2115
    7.5000  -15.0000  -45.000012139.9336    9.2212
   -7.5000   -7.5000  -45.000012549.6885    9.2073
    0.0000   -7.5000  -45.000013234.9697    9.2149
    7.5000   -7.5000  -45.000012633.9365    9.2205
   -7.5000    0.0000  -45.000012937.2236    9.2116
    0.0000    0.0000  -45.000013601.5596    9.2197
    7.5000    0.0000  -45.000012991.5996    9.2230
   -7.5000    7.5000  -45.000012305.5850    9.2098
    0.0000    7.5000  -45.000012976.6953    9.2208
    7.5000    7.5000  -45.000012400.1318    9.2260
   -7.5000   15.0000  -45.000011557.2158    9.2037
    0.0000   15.0000  -45.000012170.5254    9.2171
    7.5000   15.0000  -45.000011667.9541    9.2270
   -7.5000   22.5000  -45.000010742.5527    9.1984
    0.0000   22.5000  -45.000011279.5781    9.2113
    7.5000   22.5000  -45.000010870.2861    9.2234
   -7.5000   30.0000  -45.0000 9822.1895    9.0794
    0.0000   30.0000  -45.000010303.2607    9.0892
    7.5000   30.0000  -45.0000 9949.2363    9.0988
   -7.5000   37.5000  -45.0000 9291.9229    9.1180
    0.0000   37.5000  -45.0000 9772.6338    9.1257
    7.5000   37.5000  -45.0000 9438.8809    9.1313
   -7.5000   45.0000  -45.0000 8494.7363    8.9949
    0.0000   45.0000  -45.0000 8934.5146    9.0037
    7.5000   45.0000  -45.0000 8624.6865    9.0072
   -7.5000  -45.0000  -37.5000 9497.1846    9.1619
    0.0000  -45.0000  -37.5000 9978.0928    9.1702
    7.5000  -45.0000  -37.5000 9617.0293    9.1754
   -7.5000  -37.5000  -37.500010028.2168    9.1531
    0.0000  -37.5000  -37.500010535.6641    9.1632
    7.5000  -37.5000  -37.500010164.9678    9.1702
   -7.5000  -30.0000  -37.500010911.3701    9.1431
    0.0000  -30.0000  -37.500011502.9814    9.1553
    7.5000  -30.0000  -37.500011093.7314    9.1666
   -7.5000  -22.5000  -37.500011811.0430    9.1395
    0.0000  -22.5000  -37.500012442.3594    9.1522
    7.5000  -22.5000  -37.500011981.4131    9.1651
   -7.5000  -15.0000  -37.500012553.6445    9.1436
    0.0000  -15.0000  -37.500013252.1172    9.1546
    7.5000  -15.0000  -37.500012699.5586    9.1652
   -7.5000   -7.5000  -37.500013099.0469    9.1502
    0.0000   -7.5000  -37.500013820.9258    9.1589
    7.5000   -7.5000  -37.500013226.5449    9.1659
   -7.5000    0.0000  -37.500013493.7646    9.1534
    0.0000    0.0000  -37.500014203.6748    9.1616
    7.5000    0.0000  -37.500013574.1309    9.1668
   -7.5000    7.5000  -37.500012816.1064    9.1494
    0.0000    7.5000  -37.500013505.7070    9.1595
    7.5000    7.5000  -37.500012932.5977    9.1665
   -7.5000   15.0000  -37.500012079.7305    9.1419
    0.0000   15.0000  -37.500012718.0215    9.1541
    7.5000   15.0000  -37.500012228.7568    9.1654
   -7.5000   22.5000  -37.500011243.2051    9.1381
    0.0000   22.5000  -37.500011815.3223    9.1508
    7.5000   22.5000  -37.500011395.1895    9.1638
   -7.5000   30.0000  -37.500010298.2764    9.0222
    0.0000   30.0000  -37.500010815.9141    9.0331
    7.5000   30.0000  -37.500010439.3057    9.0435
   -7.5000   37.5000  -37.5000 9751.9609    9.0617
    0.0000   37.5000  -37.500010242.5049    9.0704
    7.5000   37.5000  -37.5000 9882.3037    9.0774
   -7.5000   45.0000  -37.5000 8874.7803    8.9371
    0.0000   45.0000  -37.5000 9328.7676    8.9456
    7.5000   45.0000  -37.5000 9003.4746    8.9509
   -7.5000  -45.0000  -30.000010025.8379    9.5119
    0.0000  -45.0000  -30.000010541.6885    9.5202
    7.5000  -45.0000  -30.000010155.0225    9.5272
   -7.5000  -37.5000  -30.000010619.0908    9.4997
    0.0000  -37.5000  -30.000011174.7021    9.5102
    7.5000  -37.5000  -30.000010779.2666    9.5196
   -7.5000  -30.0000  -30.000011565.0439    9.4876
    0.0000  -30.0000  -30.000012205.9121    9.5001
    7.5000  -30.0000  -30.000011765.3057    9.5143
   -7.5000  -22.5000  -30.000012514.0225    9.4859
    0.0000  -22.5000  -30.000013234.0723    9.4985
    7.5000  -22.5000  -30.000012729.6289    9.5144
   -7.5000  -15.0000  -30.000013307.1357    9.4938
    0.0000  -15.0000  -30.000014114.5283    9.5042
    7.5000  -15.0000  -30.000013522.5459    9.5173
   -7.5000   -7.5000  -30.000013906.6758    9.5016
    0.0000   -7.5000  -30.000014704.8271    9.5097
    7.5000   -7.5000  -30.000014097.0273    9.5187
   -7.5000    0.0000  -30.000014312.1689    9.5031
    0.0000    0.0000  -30.000015085.9082    9.5114
    7.5000    0.0000  -30.000014477.5527    9.5183
   -7.5000    7.5000  -30.000013595.1650    9.4959
    0.0000    7.5000  -30.000014339.5674    9.5064
    7.5000    7.5000  -30.000013790.7197    9.5157
   -7.5000   15.0000  -30.000012838.6797    9.4864
    0.0000   15.0000  -30.000013536.8535    9.4989
    7.5000   15.0000  -30.000013059.7158    9.5131
   -7.5000   22.5000  -30.000011971.4902    9.4835
    0.0000   22.5000  -30.000012626.4854    9.4961
    7.5000   22.5000  -30.000012190.3340    9.5121
   -7.5000   30.0000  -30.000010990.0439    9.3687
    0.0000   30.0000  -30.000011585.1406    9.3789
    7.5000   30.0000  -30.000011185.5215    9.3918
   -7.5000   37.5000  -30.000010412.1768    9.4101
    0.0000   37.5000  -30.000010964.5049    9.4182
    7.5000   37.5000  -30.000010579.5195    9.4271
   -7.5000   45.0000  -30.0000 9458.6035    9.2836
    0.0000   45.0000  -30.0000 9955.4082    9.2921
    7.5000   45.0000  -30.0000 9597.9209    9.2990
   -7.5000  -45.0000  -22.500010553.4053    9.8440
    0.0000  -45.0000  -22.500011117.0449    9.8516
    7.5000  -45.0000  -22.500010696.5107    9.8580
   -7.5000  -37.5000  -22.500011173.9932    9.8290
    0.0000  -37.5000  -22.500011806.6572    9.8406
    7.5000  -37.5000  -22.500011362.5938    9.8502
   -7.5000  -30.0000  -22.500012209.6738    9.8154
    0.0000  -30.0000  -22.500012958.8779    9.8294
    7.5000  -30.0000  -22.500012472.2539    9.8452
   -7.5000  -22.5000  -22.500013230.0947    9.8155
    0.0000  -22.5000  -22.500014103.3291    9.8278
    7.5000  -22.5000  -22.500013551.2178    9.8460
   -7.5000  -15.0000  -22.500014070.3008    9.8267
    0.0000  -15.0000  -22.500015040.2695    9.8347
    7.5000  -15.0000  -22.500014412.2002    9.8492
   -7.5000   -7.5000  -22.500014736.0488    9.8353
    0.0000   -7.5000  -22.500015677.1475    9.8409
    7.5000   -7.5000  -22.500015041.1279    9.8499
   -7.5000    0.0000  -22.500015181.2930    9.8349
    0.0000    0.0000  -22.500016121.2500    9.8425
    7.5000    0.0000  -22.500015474.0459    9.8488
   -7.5000    7.5000  -22.500014445.0449    9.8250
    0.0000    7.5000  -22.500015374.1201    9.8366
    7.5000    7.5000  -22.500014769.3584    9.8462
   -7.5000   15.0000  -22.500013667.0215    9.8142
    0.0000   15.0000  -22.500014533.2637    9.8281
    7.5000   15.0000  -22.500013979.6475    9.8439
   -7.5000   22.5000  -22.500012793.4082    9.8124
    0.0000   22.5000  -22.500013603.4424    9.8247
    7.5000   22.5000  -22.500013089.9805    9.8428
   -7.5000   30.0000  -22.500011743.0801    9.6987
    0.0000   30.0000  -22.500012482.6650    9.7066
    7.5000   30.0000  -22.500012007.7598    9.7209
   -7.5000   37.5000  -22.500011124.1934    9.7412
    0.0000   37.5000  -22.500011779.0596    9.7469
    7.5000   37.5000  -22.500011352.0889    9.7558
   -7.5000   45.0000  -22.500010072.0352    9.6140
    0.0000   45.0000  -22.500010643.4150    9.6219
    7.5000   45.0000  -22.500010263.7109    9.6285
   -7.5000  -45.0000  -15.000010986.0020   10.0826
    0.0000  -45.0000  -15.000011593.5459   10.0893
    7.5000  -45.0000  -15.000011156.3496   10.0938
   -7.5000  -37.5000  -15.000011654.6719   10.0683
    0.0000  -37.5000  -15.000012359.7246   10.0805
    7.5000  -37.5000  -15.000011881.5137   10.0885
   -7.5000  -30.0000  -15.000012816.6670   10.0545
    0.0000  -30.0000  -15.000013673.7539   10.0698
    7.5000  -30.0000  -15.000013156.0430   10.0851
   -7.5000  -22.5000  -15.000013976.7881   10.0532
    0.0000  -22.5000  -15.000015048.1699   10.0659
    7.5000  -22.5000  -15.000014485.5137   10.0843
   -7.5000  -15.0000  -15.000014882.2334   10.0635
    0.0000  -15.0000  -15.000016119.9131   10.0702
    7.5000  -15.0000  -15.000015468.9668   10.0848
   -7.5000   -7.5000  -15.000015613.1006   10.0727
    0.0000   -7.5000  -15.000016856.0078   10.0765
    7.5000   -7.5000  -15.000016146.2266   10.0844
   -7.5000    0.0000  -15.000016122.7803   10.0734
    0.0000    0.0000  -15.000017406.2871   10.0800
    7.5000    0.0000  -15.000016629.7324   10.0845
   -7.5000    7.5000  -15.000015356.3613   10.0643
    0.0000    7.5000  -15.000016588.2578   10.0765
    7.5000    7.5000  -15.000015837.5371   10.0844
   -7.5000   15.0000  -15.000014487.0625   10.0533
    0.0000   15.0000  -15.000015609.5938   10.0686
    7.5000   15.0000  -15.000014914.4844   10.0838
   -7.5000   22.5000  -15.000013565.8906   10.0496
    0.0000   22.5000  -15.000014548.9014   10.0623
    7.5000   22.5000  -15.000013944.3672   10.0807
   -7.5000   30.0000  -15.000012466.2188    9.9338
    0.0000   30.0000  -15.000013347.9629    9.9405
    7.5000   30.0000  -15.000012823.6445    9.9548
   -7.5000   37.5000  -15.000011806.6748    9.9773
    0.0000   37.5000  -15.000012575.5693    9.9811
    7.5000   37.5000  -15.000012121.5957    9.9890
   -7.5000   45.0000  -15.000010689.0684    9.8530
    0.0000   45.0000  -15.000011363.5791    9.8605
    7.5000   45.0000  -15.000010970.7559    9.8654
   -7.5000  -45.0000   -7.500011389.5469   10.1947
    0.0000  -45.0000   -7.500012018.0615   10.2021
    7.5000  -45.0000   -7.500011551.4521   10.2052
   -7.5000  -37.5000   -7.500012078.1562   10.1841
    0.0000  -37.5000   -7.500012811.5957   10.1966
    7.5000  -37.5000   -7.500012277.6201   10.2026
   -7.5000  -30.0000   -7.500013369.5537   10.1720
    0.0000  -30.0000   -7.500014330.3877   10.1876
    7.5000  -30.0000   -7.500013710.9209   10.2004
   -7.5000  -22.5000   -7.500014730.2031   10.1678
    0.0000  -22.5000   -7.500016105.5811   10.1813
    7.5000  -22.5000   -7.500015368.5713   10.1971
   -7.5000  -15.0000   -7.500015832.2158   10.1734
    0.0000  -15.0000   -7.500017532.6484   10.1815
    7.5000  -15.0000   -7.500016691.1074   10.1940
   -7.5000   -7.5000   -7.500016623.0801   10.1818
    0.0000   -7.5000   -7.500018359.2383   10.1869
    7.5000   -7.5000   -7.500017473.1426   10.1933
   -7.5000    0.0000   -7.500017114.0957   10.1853
    0.0000    0.0000   -7.500018778.0996   10.1926
    7.5000    0.0000   -7.500017854.1523   10.1957
   -7.5000    7.5000   -7.500016213.6367   10.1800
    0.0000    7.5000   -7.500017651.5449   10.1925
    7.5000    7.5000   -7.500016828.9395   10.1984
   -7.5000   15.0000   -7.500015241.1270   10.1707
    0.0000   15.0000   -7.500016497.2246   10.1864
    7.5000   15.0000   -7.500015782.4365   10.1991
   -7.5000   22.5000   -7.500014258.0391   10.1630
    0.0000   22.5000   -7.500015330.4531   10.1764
    7.5000   22.5000   -7.500014723.2441   10.1923
   -7.5000   30.0000   -7.500013150.4951   10.0421
    0.0000   30.0000   -7.500014093.8818   10.0501
    7.5000   30.0000   -7.500013578.9395   10.0623
   -7.5000   37.5000   -7.500012490.2119   10.0854
    0.0000   37.5000   -7.500013339.6777   10.0907
    7.5000   37.5000   -7.500012881.8887   10.0971
   -7.5000   45.0000   -7.500011316.1953    9.9656
    0.0000   45.0000   -7.500012071.2656    9.9739
    7.5000   45.0000   -7.500011682.8789    9.9774
   -7.5000  -45.0000    0.000011708.0801   10.2071
    0.0000  -45.0000    0.000012372.7324   10.2159
    7.5000  -45.0000    0.000011848.1875   10.2195
   -7.5000  -37.5000    0.000012439.5703   10.1990
    0.0000  -37.5000    0.000013188.3125   10.2111
    7.5000  -37.5000    0.000012591.5840   10.2170
   -7.5000  -30.0000    0.000013776.9062   10.1883
    0.0000  -30.0000    0.000014728.5566   10.2033
    7.5000  -30.0000    0.000014035.9326   10.2144
   -7.5000  -22.5000    0.000015215.2910   10.1826
    0.0000  -22.5000    0.000016532.1816   10.1969
    7.5000  -22.5000    0.000015726.4766   10.2102
   -7.5000  -15.0000    0.000016418.0586   10.1852
    0.0000  -15.0000    0.000018159.6133   10.1961
    7.5000  -15.0000    0.000017288.0801   10.2066
   -7.5000   -7.5000    0.000017297.8223   10.1926
    0.0000   -7.5000    0.000019135.6641   10.2007
    7.5000   -7.5000    0.000018298.7930   10.2067
   -7.5000    0.0000    0.000017767.7148   10.1977
    0.0000    0.0000    0.000019529.0293   10.2064
    7.5000    0.0000    0.000018686.5293   10.2100
   -7.5000    7.5000    0.000016775.4766   10.1949
    0.0000    7.5000    0.000018297.9199   10.2070
    7.5000    7.5000    0.000017529.3574   10.2128
   -7.5000   15.0000    0.000015763.7832   10.1871
    0.0000   15.0000    0.000017092.4648   10.2020
    7.5000   15.0000    0.000016415.5898   10.2131
   -7.5000   22.5000    0.000014776.3848   10.1778
    0.0000   22.5000    0.000015900.4854   10.1921
    7.5000   22.5000    0.000015292.8281   10.2054
   -7.5000   30.0000    0.000013670.3730   10.0540
    0.0000   30.0000    0.000014687.2656   10.0647
    7.5000   30.0000    0.000014150.0664   10.0751
   -7.5000   37.5000    0.000013023.4600   10.0974
    0.0000   37.5000    0.000013951.6914   10.1055
    7.5000   37.5000    0.000013477.9736   10.1116
   -7.5000   45.0000    0.000011842.8994    9.9796
    0.0000   45.0000    0.000012660.2148    9.9891
    7.5000   45.0000    0.000012244.0879    9.9929
   -7.5000  -45.0000    7.500011181.1289   10.2100
    0.0000  -45.0000    7.500011823.0615   10.2193
    7.5000  -45.0000    7.500011307.4248   10.2251
   -7.5000  -37.5000    7.500011895.0410   10.2006
    0.0000  -37.5000    7.500012616.1982   10.2119
    7.5000  -37.5000    7.500012044.3418   10.2198
   -7.5000  -30.0000    7.500013085.3672   10.1893
    0.0000  -30.0000    7.500013955.5918   10.2030
    7.5000  -30.0000    7.500013312.6758   10.2156
   -7.5000  -22.5000    7.500014376.8252   10.1847
    0.0000  -22.5000    7.500015517.7119   10.1990
    7.5000  -22.5000    7.500014804.2090   10.2134
   -7.5000  -15.0000    7.500015517.9141   10.1889
    0.0000  -15.0000    7.500016998.2715   10.2013
    7.5000  -15.0000    7.500016330.3926   10.2130
   -7.5000   -7.5000    7.500016391.5137   10.1965
    0.0000   -7.5000    7.500018003.1660   10.2062
    7.5000   -7.5000    7.500017378.9336   10.2141
   -7.5000    0.0000    7.500016947.0547   10.2006
    0.0000    0.0000    7.500018499.1836   10.2098
    7.5000    0.0000    7.500017795.4395   10.2156
   -7.5000    7.5000    7.500016058.3994   10.1965
    0.0000    7.5000    7.500017451.7793   10.2077
    7.5000    7.5000    7.500016752.1875   10.2156
   -7.5000   15.0000    7.500015092.3281   10.1880
    0.0000   15.0000    7.500016354.8906   10.2017
    7.5000   15.0000    7.500015718.1904   10.2143
   -7.5000   22.5000    7.500014118.9902   10.1799
    0.0000   22.5000    7.500015239.2773   10.1941
    7.5000   22.5000    7.500014655.0391   10.2086
   -7.5000   30.0000    7.500013083.2139   10.0576
    0.0000   30.0000    7.500014090.3125   10.0698
    7.5000   30.0000    7.500013563.1777   10.0814
   -7.5000   37.5000    7.500012446.7041   10.1016
    0.0000   37.5000    7.500013392.3232   10.1114
    7.5000   37.5000    7.500012925.1152   10.1192
   -7.5000   45.0000    7.500011321.4541    9.9823
    0.0000   45.0000    7.500012159.0537    9.9920
    7.5000   45.0000    7.500011754.0225    9.9978
   -7.5000  -45.0000   15.000010573.2734   10.2897
    0.0000  -45.0000   15.000011220.0518   10.2988
    7.5000  -45.0000   15.000010728.8213   10.3065
   -7.5000  -37.5000   15.000011238.0674   10.2763
    0.0000  -37.5000   15.000011945.5430   10.2876
    7.5000  -37.5000   15.000011411.5234   10.2979
   -7.5000  -30.0000   15.000012335.3145   10.2632
    0.0000  -30.0000   15.000013158.8262   10.2767
    7.5000  -30.0000   15.000012548.3164   10.2923
   -7.5000  -22.5000   15.000013519.2246   10.2616
    0.0000  -22.5000   15.000014595.9766   10.2753
    7.5000  -22.5000   15.000013965.3154   10.2930
   -7.5000  -15.0000   15.000014580.4004   10.2704
    0.0000  -15.0000   15.000015996.0361   10.2818
    7.5000  -15.0000   15.000015488.9961   10.2964
   -7.5000   -7.5000   15.000015418.7285   10.2787
    0.0000   -7.5000   15.000016956.9160   10.2876
    7.5000   -7.5000   15.000016421.5996   10.2976
   -7.5000    0.0000   15.000015961.6006   10.2801
    0.0000    0.0000   15.000017378.0488   10.2891
    7.5000    0.0000   15.000016667.4844   10.2967
   -7.5000    7.5000   15.000015156.6963   10.2721
    0.0000    7.5000   15.000016427.6562   10.2834
    7.5000    7.5000   15.000015718.1299   10.2937
   -7.5000   15.0000   15.000014268.9033   10.2619
    0.0000   15.0000   15.000015458.7881   10.2753
    7.5000   15.0000   15.000014838.5225   10.2910
   -7.5000   22.5000   15.000013345.1494   10.2567
    0.0000   22.5000   15.000014437.8115   10.2704
    7.5000   22.5000   15.000013897.6699   10.2881
   -7.5000   30.0000   15.000012389.0576   10.1380
    0.0000   30.0000   15.000013373.1992   10.1493
    7.5000   30.0000   15.000012860.1113   10.1637
   -7.5000   37.5000   15.000011762.2939   10.1830
    0.0000   37.5000   15.000012703.5918   10.1919
    7.5000   37.5000   15.000012225.6191   10.2019
   -7.5000   45.0000   15.000010681.2666   10.0600
    0.0000   45.0000   15.000011507.8555   10.0693
    7.5000   45.0000   15.000011107.1709   10.0770
   -7.5000  -45.0000   22.5000 9944.7725   10.4777
    0.0000  -45.0000   22.500010560.9521   10.4857
    7.5000  -45.0000   22.500010095.2793   10.4926
   -7.5000  -37.5000   22.500010556.0918   10.4611
    0.0000  -37.5000   22.500011230.0771   10.4736
    7.5000  -37.5000   22.500010728.4990   10.4840
   -7.5000  -30.0000   22.500011581.4990   10.4462
    0.0000  -30.0000   22.500012359.1689   10.4614
    7.5000  -30.0000   22.500011837.2832   10.4788
   -7.5000  -22.5000   22.500012662.9131   10.4464
    0.0000  -22.5000   22.500013651.8115   10.4599
    7.5000  -22.5000   22.500013185.7012   10.4799
   -7.5000  -15.0000   22.500013618.1006   10.4588
    0.0000  -15.0000   22.500014879.6631   10.4675
    7.5000  -15.0000   22.500014488.2842   10.4835
   -7.5000   -7.5000   22.500014417.9531   10.4683
    0.0000   -7.5000   22.500015691.5146   10.4743
    7.5000   -7.5000   22.500015134.8232   10.4840
   -7.5000    0.0000   22.500014931.8379   10.4678
    0.0000    0.0000   22.500016040.2725   10.4758
    7.5000    0.0000   22.500015295.7422   10.4826
   -7.5000    7.5000   22.500014229.9648   10.4568
    0.0000    7.5000   22.500015274.9648   10.4692
    7.5000    7.5000   22.500014560.1035   10.4797
   -7.5000   15.0000   22.500013427.4219   10.4449
    0.0000   15.0000   22.500014470.0342   10.4601
    7.5000   15.0000   22.500013849.1953   10.4774
   -7.5000   22.5000   22.500012560.6572   10.4415
    0.0000   22.5000   22.500013549.1650   10.4550
    7.5000   22.5000   22.500013014.9062   10.4750
   -7.5000   30.0000   22.500011632.7900   10.3240
    0.0000   30.0000   22.500012558.2617   10.3327
    7.5000   30.0000   22.500012072.3662   10.3484
   -7.5000   37.5000   22.500011046.9844   10.3706
    0.0000   37.5000   22.500011933.5127   10.3766
    7.5000   37.5000   22.500011492.4561   10.3863
   -7.5000   45.0000   22.500010051.3271   10.2454
    0.0000   45.0000   22.500010826.0010   10.2538
    7.5000   45.0000   22.500010448.7471   10.2609
   -7.5000  -45.0000   30.0000 9250.8916   10.7291
    0.0000  -45.0000   30.0000 9814.2002   10.7360
    7.5000  -45.0000   30.0000 9381.7471   10.7406
   -7.5000  -37.5000   30.0000 9822.2959   10.7131
    0.0000  -37.5000   30.000010425.0303   10.7261
    7.5000  -37.5000   30.000010003.8457   10.7347
   -7.5000  -30.0000   30.000010762.6328   10.6979
    0.0000  -30.0000   30.000011441.4326   10.7145
    7.5000  -30.0000   30.000011032.8721   10.7313
   -7.5000  -22.5000   30.000011744.3994   10.6965
    0.0000  -22.5000   30.000012581.3213   10.7103
    7.5000  -22.5000   30.000012214.5527   10.7306
   -7.5000  -15.0000   30.000012620.9795   10.7079
    0.0000  -15.0000   30.000013637.9521   10.7151
    7.5000  -15.0000   30.000013239.7891   10.7310
   -7.5000   -7.5000   30.000013384.7568   10.7181
    0.0000   -7.5000   30.000014292.6338   10.7219
    7.5000   -7.5000   30.000013716.7266   10.7303
   -7.5000    0.0000   30.000013872.8760   10.7187
    0.0000    0.0000   30.000014687.7148   10.7256
    7.5000    0.0000   30.000013985.5059   10.7301
   -7.5000    7.5000   30.000013291.8564   10.7086
    0.0000    7.5000   30.000014120.9150   10.7216
    7.5000    7.5000   30.000013483.1875   10.7301
   -7.5000   15.0000   30.000012565.8848   10.6965
    0.0000   15.0000   30.000013442.1758   10.7131
    7.5000   15.0000   30.000012854.4854   10.7298
   -7.5000   22.5000   30.000011744.7285   10.6915
    0.0000   22.5000   30.000012600.4766   10.7053
    7.5000   22.5000   30.000012052.3750   10.7256
   -7.5000   30.0000   30.000010850.5098   10.5699
    0.0000   30.0000   30.000011682.2480   10.5771
    7.5000   30.0000   30.000011207.8555   10.5928
   -7.5000   37.5000   30.000010310.9219   10.6182
    0.0000   37.5000   30.000011106.8965   10.6221
    7.5000   37.5000   30.000010681.3486   10.6306
   -7.5000   45.0000   30.0000 9403.3877   10.4944
    0.0000   45.0000   30.000010076.4727   10.5023
    7.5000   45.0000   30.0000 9716.8525   10.5073
   -7.5000  -45.0000   37.5000 8913.9443   11.0763
    0.0000  -45.0000   37.5000 9432.0977   11.0851
    7.5000  -45.0000   37.5000 9061.0879   11.0890
   -7.5000  -37.5000   37.5000 9474.4199   11.0656
    0.0000  -37.5000   37.500010022.6279   11.0798
    7.5000  -37.5000   37.5000 9661.9688   11.0867
   -7.5000  -30.0000   37.500010376.6641   11.0521
    0.0000  -30.0000   37.500010962.4424   11.0696
    7.5000  -30.0000   37.500010618.3545   11.0843
   -7.5000  -22.5000   37.500011314.8604   11.0457
    0.0000  -22.5000   37.500012022.3086   11.0610
    7.5000  -22.5000   37.500011694.9258   11.0793
   -7.5000  -15.0000   37.500012168.8867   11.0505
    0.0000  -15.0000   37.500012974.7451   11.0600
    7.5000  -15.0000   37.500012571.9326   11.0746
   -7.5000   -7.5000   37.500012886.3232   11.0599
    0.0000   -7.5000   37.500013597.7773   11.0663
    7.5000   -7.5000   37.500013041.6084   11.0741
   -7.5000    0.0000   37.500013353.1309   11.0653
    0.0000    0.0000   37.500014047.3418   11.0740
    7.5000    0.0000   37.500013427.1279   11.0778
   -7.5000    7.5000   37.500012839.2246   11.0608
    0.0000    7.5000   37.500013563.2432   11.0750
    7.5000    7.5000   37.500012992.6895   11.0818
   -7.5000   15.0000   37.500012176.9453   11.0506
    0.0000   15.0000   37.500012940.7178   11.0681
    7.5000   15.0000   37.500012388.8379   11.0828
   -7.5000   22.5000   37.500011362.4990   11.0405
    0.0000   22.5000   37.500012123.0811   11.0558
    7.5000   22.5000   37.500011610.1416   11.0741
   -7.5000   30.0000   37.500010513.5801   10.9076
    0.0000   30.0000   37.500011254.3379   10.9171
    7.5000   30.0000   37.500010785.8994   10.9314
   -7.5000   37.5000   37.5000 9998.8271   10.9574
    0.0000   37.5000   37.500010694.3486   10.9639
    7.5000   37.5000   37.500010280.7080   10.9718
   -7.5000   45.0000   37.5000 9124.5322   10.8386
    0.0000   45.0000   37.5000 9713.9863   10.8485
    7.5000   45.0000   37.5000 9358.5879   10.8529
   -7.5000  -45.0000   45.0000 8240.2051   11.4815
    0.0000  -45.0000   45.0000 8698.3711   11.4930
    7.5000  -45.0000   45.0000 8395.4629   11.4977
   -7.5000  -37.5000   45.0000 8760.3018   11.4718
    0.0000  -37.5000   45.0000 9234.2520   11.4870
    7.5000  -37.5000   45.0000 8937.3418   11.4939
   -7.5000  -30.0000   45.0000 9611.2109   11.4579
    0.0000  -30.0000   45.000010129.0879   11.4768
    7.5000  -30.0000   45.0000 9829.8955   11.4903
   -7.5000  -22.5000   45.000010474.0049   11.4494
    0.0000  -22.5000   45.000011083.1758   11.4680
    7.5000  -22.5000   45.000010771.8193   11.4850
   -7.5000  -15.0000   45.000011250.7344   11.4522
    0.0000  -15.0000   45.000011905.0938   11.4668
    7.5000  -15.0000   45.000011507.5488   11.4811
   -7.5000   -7.5000   45.000011890.3682   11.4621
    0.0000   -7.5000   45.000012486.4697   11.4733
    7.5000   -7.5000   45.000012013.4805   11.4818
   -7.5000    0.0000   45.000012338.3574   11.4695
    0.0000    0.0000   45.000012966.4443   11.4809
    7.5000    0.0000   45.000012452.5156   11.4856
   -7.5000    7.5000   45.000011882.6914   11.4666
    0.0000    7.5000   45.000012517.7197   11.4817
    7.5000    7.5000   45.000012018.9580   11.4886
   -7.5000   15.0000   45.000011294.5088   11.4562
    0.0000   15.0000   45.000011952.4580   11.4751
    7.5000   15.0000   45.000011465.2012   11.4886
   -7.5000   22.5000   45.000010547.9004   11.4439
    0.0000   22.5000   45.000011202.0352   11.4625
    7.5000   22.5000   45.000010747.7021   11.4795
   -7.5000   30.0000   45.0000 9783.3945   11.3030
    0.0000   30.0000   45.000010388.7715   11.3175
    7.5000   30.0000   45.0000 9979.5605   11.3316
   -7.5000   37.5000   45.0000 9309.8457   11.3561
    0.0000   37.5000   45.0000 9877.2686   11.3672
    7.5000   37.5000   45.0000 9511.9775   11.3758
   -7.5000   45.0000   45.0000 8496.6807   11.2324
    0.0000   45.0000   45.0000 8974.1025   11.2447
    7.5000   45.0000   45.0000 8648.2373   11.2498

---------------------------------------------------------------------
imgreg_4dfp /opt/freesurfer/average/711-2C_as_mni_average_305 /opt/freesurfer/average/711-2B_as_mni_average_305_mask talsrcimg_g11 none talsrcimg_to_711-2C_as_mni_average_305_t4 4355
---------------------------------------------------------------------

freesurfer imgreg_4dfp.c
/opt/freesurfer/average/711-2C_as_mni_average_305.4dfp.img
       256       256       256         1
  1.000000  1.000000  1.000000
orientation T byte_order littleendian
Reading image: /opt/freesurfer/average/711-2C_as_mni_average_305.4dfp.img
dimensions:      256       256       256
mmppix:       1.0000   -1.0000   -1.0000
center:     128.0000 -129.0000 -129.0000
/opt/freesurfer/average/711-2B_as_mni_average_305_mask.4dfp.img
       256       256       256         1
  1.000000  1.000000  1.000000
orientation T byte_order littleendian
Reading mask: /opt/freesurfer/average/711-2B_as_mni_average_305_mask.4dfp.img (2306576 pixels)
talsrcimg_g11.4dfp.img
       256       256       256         1
  1.000000  1.000000  1.000000
orientation T byte_order littleendian
Reading image: talsrcimg_g11.4dfp.img
dimensions:      256       256       256
mmppix:       1.0000   -1.0000   -1.0000
center:     128.0000 -129.0000 -129.0000
rotation matrix determinant  1.000000
image alignment mode   4355 decimal     1103 hex
   -7.5000  -45.0000  -45.0000 2484.5896   10.6554
    0.0000  -45.0000  -45.0000 2505.4451   10.5300
    7.5000  -45.0000  -45.0000 2508.2791   10.5700
   -7.5000  -37.5000  -45.0000 2537.7573   10.1869
    0.0000  -37.5000  -45.0000 2555.1599   10.0396
    7.5000  -37.5000  -45.0000 2559.0708   10.0829
   -7.5000  -30.0000  -45.0000 2572.8672    9.8977
    0.0000  -30.0000  -45.0000 2596.1963    9.7404
    7.5000  -30.0000  -45.0000 2597.9292    9.7623
   -7.5000  -22.5000  -45.0000 2595.7690    9.7685
    0.0000  -22.5000  -45.0000 2619.6340    9.6166
    7.5000  -22.5000  -45.0000 2623.5203    9.6328
   -7.5000  -15.0000  -45.0000 2601.9241    9.6959
    0.0000  -15.0000  -45.0000 2626.5234    9.5663
    7.5000  -15.0000  -45.0000 2631.1270    9.5698
   -7.5000   -7.5000  -45.0000 2602.6577    9.7687
    0.0000   -7.5000  -45.0000 2630.7273    9.6294
    7.5000   -7.5000  -45.0000 2632.1511    9.6225
   -7.5000    0.0000  -45.0000 2584.7322   10.0112
    0.0000    0.0000  -45.0000 2611.7200    9.8362
    7.5000    0.0000  -45.0000 2614.3252    9.8555
   -7.5000    7.5000  -45.0000 2547.0764   10.3860
    0.0000    7.5000  -45.0000 2577.7312   10.2213
    7.5000    7.5000  -45.0000 2577.9800   10.2237
   -7.5000   15.0000  -45.0000 2485.3613   10.8516
    0.0000   15.0000  -45.0000 2517.6416   10.6893
    7.5000   15.0000  -45.0000 2522.0286   10.6856
   -7.5000   22.5000  -45.0000 2413.7222   11.4845
    0.0000   22.5000  -45.0000 2441.1995   11.2900
    7.5000   22.5000  -45.0000 2451.1030   11.2975
   -7.5000   30.0000  -45.0000 2321.9121   12.3350
    0.0000   30.0000  -45.0000 2351.8135   12.1403
    7.5000   30.0000  -45.0000 2358.0510   12.1278
   -7.5000   37.5000  -45.0000 2216.6047   13.4782
    0.0000   37.5000  -45.0000 2248.2927   13.2542
    7.5000   37.5000  -45.0000 2251.3018   13.2117
   -7.5000   45.0000  -45.0000 2098.0840   14.9069
    0.0000   45.0000  -45.0000 2124.4475   14.7258
    7.5000   45.0000  -45.0000 2127.9802   14.6549
   -7.5000  -45.0000  -37.5000 2548.1704   10.2506
    0.0000  -45.0000  -37.5000 2567.9138   10.1020
    7.5000  -45.0000  -37.5000 2569.8892   10.1250
   -7.5000  -37.5000  -37.5000 2609.7034    9.7072
    0.0000  -37.5000  -37.5000 2626.7283    9.5610
    7.5000  -37.5000  -37.5000 2636.3582    9.5833
   -7.5000  -30.0000  -37.5000 2641.3096    9.3669
    0.0000  -30.0000  -37.5000 2665.8276    9.2259
    7.5000  -30.0000  -37.5000 2678.0647    9.2462
   -7.5000  -22.5000  -37.5000 2667.9280    9.1932
    0.0000  -22.5000  -37.5000 2692.5996    9.0601
    7.5000  -22.5000  -37.5000 2703.2974    9.0585
   -7.5000  -15.0000  -37.5000 2679.0762    9.1253
    0.0000  -15.0000  -37.5000 2705.6406    8.9962
    7.5000  -15.0000  -37.5000 2709.9678    8.9845
   -7.5000   -7.5000  -37.5000 2682.0789    9.1625
    0.0000   -7.5000  -37.5000 2704.1963    9.0126
    7.5000   -7.5000  -37.5000 2707.1265    9.0077
   -7.5000    0.0000  -37.5000 2670.4211    9.3849
    0.0000    0.0000  -37.5000 2691.8237    9.1938
    7.5000    0.0000  -37.5000 2694.9429    9.2165
   -7.5000    7.5000  -37.5000 2634.0493    9.7106
    0.0000    7.5000  -37.5000 2658.1396    9.5310
    7.5000    7.5000  -37.5000 2661.5486    9.5310
   -7.5000   15.0000  -37.5000 2572.9580   10.1418
    0.0000   15.0000  -37.5000 2597.9963    9.9634
    7.5000   15.0000  -37.5000 2605.6289    9.9590
   -7.5000   22.5000  -37.5000 2497.1697   10.7228
    0.0000   22.5000  -37.5000 2527.0830   10.5317
    7.5000   22.5000  -37.5000 2533.6890   10.5375
   -7.5000   30.0000  -37.5000 2404.3110   11.5320
    0.0000   30.0000  -37.5000 2436.9260   11.3399
    7.5000   30.0000  -37.5000 2444.6094   11.3268
   -7.5000   37.5000  -37.5000 2298.1230   12.6084
    0.0000   37.5000  -37.5000 2329.1323   12.3929
    7.5000   37.5000  -37.5000 2336.0200   12.3614
   -7.5000   45.0000  -37.5000 2171.1079   13.9303
    0.0000   45.0000  -37.5000 2198.1826   13.7484
    7.5000   45.0000  -37.5000 2201.2817   13.6945
   -7.5000  -45.0000  -30.0000 2637.7964   10.2570
    0.0000  -45.0000  -30.0000 2660.5632   10.0960
    7.5000  -45.0000  -30.0000 2668.4714   10.1277
   -7.5000  -37.5000  -30.0000 2711.6785    9.6181
    0.0000  -37.5000  -30.0000 2732.7310    9.4726
    7.5000  -37.5000  -30.0000 2744.5693    9.4896
   -7.5000  -30.0000  -30.0000 2748.2490    9.2283
    0.0000  -30.0000  -30.0000 2769.8484    9.1095
    7.5000  -30.0000  -30.0000 2779.5164    9.1258
   -7.5000  -22.5000  -30.0000 2782.6511    9.0067
    0.0000  -22.5000  -30.0000 2805.1895    8.8744
    7.5000  -22.5000  -30.0000 2812.1028    8.8717
   -7.5000  -15.0000  -30.0000 2792.4841    8.9162
    0.0000  -15.0000  -30.0000 2818.5405    8.7780
    7.5000  -15.0000  -30.0000 2824.5610    8.7703
   -7.5000   -7.5000  -30.0000 2799.9712    8.9376
    0.0000   -7.5000  -30.0000 2818.8079    8.7551
    7.5000   -7.5000  -30.0000 2826.3706    8.7725
   -7.5000    0.0000  -30.0000 2793.8032    9.1392
    0.0000    0.0000  -30.0000 2811.7163    8.9361
    7.5000    0.0000  -30.0000 2817.8740    8.9534
   -7.5000    7.5000  -30.0000 2761.6829    9.4606
    0.0000    7.5000  -30.0000 2779.0264    9.2642
    7.5000    7.5000  -30.0000 2790.7468    9.2633
   -7.5000   15.0000  -30.0000 2701.8821    9.8800
    0.0000   15.0000  -30.0000 2722.5310    9.6849
    7.5000   15.0000  -30.0000 2737.6550    9.6882
   -7.5000   22.5000  -30.0000 2624.1497   10.4482
    0.0000   22.5000  -30.0000 2653.7302   10.2424
    7.5000   22.5000  -30.0000 2664.3245   10.2640
   -7.5000   30.0000  -30.0000 2529.3242   11.2474
    0.0000   30.0000  -30.0000 2563.6960   11.0296
    7.5000   30.0000  -30.0000 2570.1130   11.0376
   -7.5000   37.5000  -30.0000 2417.6279   12.2796
    0.0000   37.5000  -30.0000 2454.3525   12.0442
    7.5000   37.5000  -30.0000 2458.9448   12.0364
   -7.5000   45.0000  -30.0000 2282.4707   13.5491
    0.0000   45.0000  -30.0000 2309.4998   13.3250
    7.5000   45.0000  -30.0000 2316.4626   13.2993
   -7.5000  -45.0000  -22.5000 2695.3823   10.2307
    0.0000  -45.0000  -22.5000 2712.0950   10.0922
    7.5000  -45.0000  -22.5000 2724.6426   10.1330
   -7.5000  -37.5000  -22.5000 2768.2061    9.5254
    0.0000  -37.5000  -22.5000 2789.8611    9.4182
    7.5000  -37.5000  -22.5000 2798.2839    9.4331
   -7.5000  -30.0000  -22.5000 2813.7227    9.0455
    0.0000  -30.0000  -22.5000 2831.4507    8.9693
    7.5000  -30.0000  -22.5000 2842.5020    8.9785
   -7.5000  -22.5000  -22.5000 2850.4062    8.7724
    0.0000  -22.5000  -22.5000 2865.6035    8.7091
    7.5000  -22.5000  -22.5000 2876.8047    8.7080
   -7.5000  -15.0000  -22.5000 2865.2168    8.6512
    0.0000  -15.0000  -22.5000 2880.5603    8.5587
    7.5000  -15.0000  -22.5000 2891.2505    8.5579
   -7.5000   -7.5000  -22.5000 2875.5562    8.6806
    0.0000   -7.5000  -22.5000 2886.4929    8.5241
    7.5000   -7.5000  -22.5000 2896.8286    8.5654
   -7.5000    0.0000  -22.5000 2875.2732    8.8856
    0.0000    0.0000  -22.5000 2895.7676    8.7033
    7.5000    0.0000  -22.5000 2898.8708    8.7355
   -7.5000    7.5000  -22.5000 2849.8606    9.1875
    0.0000    7.5000  -22.5000 2871.1765    9.0187
    7.5000    7.5000  -22.5000 2879.7390    9.0221
   -7.5000   15.0000  -22.5000 2795.3381    9.5872
    0.0000   15.0000  -22.5000 2818.6233    9.4216
    7.5000   15.0000  -22.5000 2833.8755    9.4224
   -7.5000   22.5000  -22.5000 2721.1162   10.1480
    0.0000   22.5000  -22.5000 2751.4897    9.9617
    7.5000   22.5000  -22.5000 2762.2666    9.9652
   -7.5000   30.0000  -22.5000 2622.6667   10.9285
    0.0000   30.0000  -22.5000 2657.8491   10.7165
    7.5000   30.0000  -22.5000 2664.2268   10.6952
   -7.5000   37.5000  -22.5000 2506.6138   11.9139
    0.0000   37.5000  -22.5000 2544.7119   11.6783
    7.5000   37.5000  -22.5000 2551.2627   11.6426
   -7.5000   45.0000  -22.5000 2367.2883   13.1423
    0.0000   45.0000  -22.5000 2395.3840   12.8847
    7.5000   45.0000  -22.5000 2403.4548   12.8388
   -7.5000  -45.0000  -15.0000 2702.1763   10.1965
    0.0000  -45.0000  -15.0000 2722.8328   10.0967
    7.5000  -45.0000  -15.0000 2734.0344   10.1573
   -7.5000  -37.5000  -15.0000 2774.7273    9.4895
    0.0000  -37.5000  -15.0000 2798.1538    9.4296
    7.5000  -37.5000  -15.0000 2806.9934    9.4470
   -7.5000  -30.0000  -15.0000 2837.0312    8.9558
    0.0000  -30.0000  -15.0000 2858.5254    8.9470
    7.5000  -30.0000  -15.0000 2864.3796    8.9503
   -7.5000  -22.5000  -15.0000 2869.2192    8.6693
    0.0000  -22.5000  -15.0000 2888.7681    8.6891
    7.5000  -22.5000  -15.0000 2905.6365    8.7119
   -7.5000  -15.0000  -15.0000 2888.8091    8.5235
    0.0000  -15.0000  -15.0000 2912.5205    8.5370
    7.5000  -15.0000  -15.0000 2926.1052    8.5556
   -7.5000   -7.5000  -15.0000 2907.9434    8.5132
    0.0000   -7.5000  -15.0000 2921.2327    8.4677
    7.5000   -7.5000  -15.0000 2929.6257    8.4941
   -7.5000    0.0000  -15.0000 2913.3679    8.6746
    0.0000    0.0000  -15.0000 2943.1931    8.6054
    7.5000    0.0000  -15.0000 2938.1289    8.5954
   -7.5000    7.5000  -15.0000 2892.2693    8.9418
    0.0000    7.5000  -15.0000 2926.3638    8.8590
    7.5000    7.5000  -15.0000 2925.4924    8.8256
   -7.5000   15.0000  -15.0000 2842.6331    9.3190
    0.0000   15.0000  -15.0000 2880.8853    9.2049
    7.5000   15.0000  -15.0000 2887.6951    9.1760
   -7.5000   22.5000  -15.0000 2773.1990    9.8557
    0.0000   22.5000  -15.0000 2814.4480    9.7089
    7.5000   22.5000  -15.0000 2820.3411    9.6844
   -7.5000   30.0000  -15.0000 2677.4292   10.6279
    0.0000   30.0000  -15.0000 2724.1665   10.4424
    7.5000   30.0000  -15.0000 2728.6792   10.4020
   -7.5000   37.5000  -15.0000 2567.2087   11.6149
    0.0000   37.5000  -15.0000 2611.6182   11.4040
    7.5000   37.5000  -15.0000 2619.4768   11.3300
   -7.5000   45.0000  -15.0000 2430.0498   12.8379
    0.0000   45.0000  -15.0000 2464.2490   12.5888
    7.5000   45.0000  -15.0000 2470.6689   12.5204
   -7.5000  -45.0000   -7.5000 2686.7341   10.1866
    0.0000  -45.0000   -7.5000 2704.3113   10.0931
    7.5000  -45.0000   -7.5000 2715.1169   10.1415
   -7.5000  -37.5000   -7.5000 2757.1750    9.4657
    0.0000  -37.5000   -7.5000 2774.7275    9.4388
    7.5000  -37.5000   -7.5000 2785.6489    9.4550
   -7.5000  -30.0000   -7.5000 2826.6741    8.9707
    0.0000  -30.0000   -7.5000 2850.4004    9.0236
    7.5000  -30.0000   -7.5000 2862.4761    9.0198
   -7.5000  -22.5000   -7.5000 2872.7336    8.7589
    0.0000  -22.5000   -7.5000 2916.0166    8.9036
    7.5000  -22.5000   -7.5000 2917.8655    8.8779
   -7.5000  -15.0000   -7.5000 2905.2903    8.5852
    0.0000  -15.0000   -7.5000 2961.3660    8.7918
    7.5000  -15.0000   -7.5000 2960.0249    8.7554
   -7.5000   -7.5000   -7.5000 2920.3833    8.4888
    0.0000   -7.5000   -7.5000 2959.2556    8.5979
    7.5000   -7.5000   -7.5000 2958.6770    8.5892
   -7.5000    0.0000   -7.5000 2925.6516    8.5295
    0.0000    0.0000   -7.5000 2963.5354    8.5391
    7.5000    0.0000   -7.5000 2956.0020    8.5246
   -7.5000    7.5000   -7.5000 2912.2402    8.7202
    0.0000    7.5000   -7.5000 2943.6536    8.6627
    7.5000    7.5000   -7.5000 2946.4175    8.6439
   -7.5000   15.0000   -7.5000 2869.3262    9.0781
    0.0000   15.0000   -7.5000 2903.8928    8.9574
    7.5000   15.0000   -7.5000 2915.2485    8.9487
   -7.5000   22.5000   -7.5000 2806.2285    9.6068
    0.0000   22.5000   -7.5000 2842.4741    9.4463
    7.5000   22.5000   -7.5000 2854.3098    9.4299
   -7.5000   30.0000   -7.5000 2715.8503   10.3619
    0.0000   30.0000   -7.5000 2761.4866   10.1874
    7.5000   30.0000   -7.5000 2768.9509   10.1496
   -7.5000   37.5000   -7.5000 2610.5469   11.3561
    0.0000   37.5000   -7.5000 2655.5554   11.1495
    7.5000   37.5000   -7.5000 2665.9822   11.0925
   -7.5000   45.0000   -7.5000 2470.1514   12.5871
    0.0000   45.0000   -7.5000 2510.5518   12.3526
    7.5000   45.0000   -7.5000 2520.5679   12.2797
   -7.5000  -45.0000    0.0000 2654.7295   10.3341
    0.0000  -45.0000    0.0000 2667.6936   10.2781
    7.5000  -45.0000    0.0000 2678.6016   10.3159
   -7.5000  -37.5000    0.0000 2731.0022    9.6339
    0.0000  -37.5000    0.0000 2745.9719    9.6495
    7.5000  -37.5000    0.0000 2755.3606    9.6658
   -7.5000  -30.0000    0.0000 2812.4768    9.1867
    0.0000  -30.0000    0.0000 2845.8271    9.2857
    7.5000  -30.0000    0.0000 2849.9968    9.2713
   -7.5000  -22.5000    0.0000 2874.0925    8.9240
    0.0000  -22.5000    0.0000 2922.1069    9.0964
    7.5000  -22.5000    0.0000 2925.0278    9.0633
   -7.5000  -15.0000    0.0000 2915.7708    8.7312
    0.0000  -15.0000    0.0000 2976.8662    8.9505
    7.5000  -15.0000    0.0000 2981.1023    8.9306
   -7.5000   -7.5000    0.0000 2934.5894    8.6059
    0.0000   -7.5000    0.0000 2989.9221    8.7651
    7.5000   -7.5000    0.0000 2995.4285    8.7717
   -7.5000    0.0000    0.0000 2932.1887    8.5638
    0.0000    0.0000    0.0000 2977.7954    8.5849
    7.5000    0.0000    0.0000 2982.5532    8.6125
   -7.5000    7.5000    0.0000 2913.9104    8.6869
    0.0000    7.5000    0.0000 2950.8010    8.6352
    7.5000    7.5000    0.0000 2958.7529    8.6476
   -7.5000   15.0000    0.0000 2875.0825    8.9807
    0.0000   15.0000    0.0000 2911.5732    8.8688
    7.5000   15.0000    0.0000 2923.9443    8.8708
   -7.5000   22.5000    0.0000 2822.5828    9.4836
    0.0000   22.5000    0.0000 2856.6914    9.3154
    7.5000   22.5000    0.0000 2868.0845    9.2943
   -7.5000   30.0000    0.0000 2735.7910   10.2142
    0.0000   30.0000    0.0000 2777.5063   10.0331
    7.5000   30.0000    0.0000 2788.4023    9.9879
   -7.5000   37.5000    0.0000 2635.6677   11.2201
    0.0000   37.5000    0.0000 2677.9517   11.0018
    7.5000   37.5000    0.0000 2689.7861   10.9445
   -7.5000   45.0000    0.0000 2497.4866   12.4646
    0.0000   45.0000    0.0000 2540.4822   12.2149
    7.5000   45.0000    0.0000 2549.3860   12.1540
   -7.5000  -45.0000    7.5000 2616.0356   10.7054
    0.0000  -45.0000    7.5000 2625.1270   10.6607
    7.5000  -45.0000    7.5000 2638.4844   10.7260
   -7.5000  -37.5000    7.5000 2706.3501    9.9657
    0.0000  -37.5000    7.5000 2722.2031    9.9859
    7.5000  -37.5000    7.5000 2734.5151   10.0199
   -7.5000  -30.0000    7.5000 2786.5305    9.4428
    0.0000  -30.0000    7.5000 2821.7805    9.5319
    7.5000  -30.0000    7.5000 2829.5962    9.5312
   -7.5000  -22.5000    7.5000 2859.5381    9.0504
    0.0000  -22.5000    7.5000 2909.8186    9.1792
    7.5000  -22.5000    7.5000 2911.0320    9.1719
   -7.5000  -15.0000    7.5000 2913.3738    8.8493
    0.0000  -15.0000    7.5000 2971.1860    8.9864
    7.5000  -15.0000    7.5000 2979.3135    9.0169
   -7.5000   -7.5000    7.5000 2940.5269    8.6974
    0.0000   -7.5000    7.5000 2994.1763    8.7709
    7.5000   -7.5000    7.5000 3012.0774    8.8338
   -7.5000    0.0000    7.5000 2943.1165    8.6840
    0.0000    0.0000    7.5000 2983.5979    8.6294
    7.5000    0.0000    7.5000 2997.6545    8.6655
   -7.5000    7.5000    7.5000 2917.6006    8.7999
    0.0000    7.5000    7.5000 2959.7866    8.7038
    7.5000    7.5000    7.5000 2968.4551    8.7094
   -7.5000   15.0000    7.5000 2876.1167    9.0730
    0.0000   15.0000    7.5000 2916.5649    8.9594
    7.5000   15.0000    7.5000 2927.3137    8.9598
   -7.5000   22.5000    7.5000 2827.3542    9.5524
    0.0000   22.5000    7.5000 2860.6458    9.3910
    7.5000   22.5000    7.5000 2870.1226    9.3763
   -7.5000   30.0000    7.5000 2742.9006   10.2579
    0.0000   30.0000    7.5000 2782.1377   10.0835
    7.5000   30.0000    7.5000 2796.3101   10.0405
   -7.5000   37.5000    7.5000 2642.9937   11.2355
    0.0000   37.5000    7.5000 2685.4834   11.0268
    7.5000   37.5000    7.5000 2695.7561   10.9725
   -7.5000   45.0000    7.5000 2504.9771   12.4570
    0.0000   45.0000    7.5000 2548.8718   12.1955
    7.5000   45.0000    7.5000 2555.8757   12.1576
   -7.5000  -45.0000   15.0000 2573.8464   11.1651
    0.0000  -45.0000   15.0000 2590.2583   11.1378
    7.5000  -45.0000   15.0000 2598.5383   11.1857
   -7.5000  -37.5000   15.0000 2671.6375   10.3489
    0.0000  -37.5000   15.0000 2692.5100   10.3502
    7.5000  -37.5000   15.0000 2702.0928   10.3911
   -7.5000  -30.0000   15.0000 2751.6223    9.7170
    0.0000  -30.0000   15.0000 2786.3816    9.7515
    7.5000  -30.0000   15.0000 2792.0601    9.7713
   -7.5000  -22.5000   15.0000 2834.5898    9.2545
    0.0000  -22.5000   15.0000 2879.2661    9.3225
    7.5000  -22.5000   15.0000 2884.4001    9.3448
   -7.5000  -15.0000   15.0000 2898.1064    9.0007
    0.0000  -15.0000   15.0000 2951.3069    9.1007
    7.5000  -15.0000   15.0000 2964.3879    9.1508
   -7.5000   -7.5000   15.0000 2933.3657    8.8210
    0.0000   -7.5000   15.0000 2983.6265    8.8431
    7.5000   -7.5000   15.0000 3005.7480    8.9190
   -7.5000    0.0000   15.0000 2936.4390    8.7939
    0.0000    0.0000   15.0000 2980.0723    8.6901
    7.5000    0.0000   15.0000 2984.5002    8.6908
   -7.5000    7.5000   15.0000 2908.8750    8.9311
    0.0000    7.5000   15.0000 2951.8994    8.7724
    7.5000    7.5000   15.0000 2957.7166    8.7269
   -7.5000   15.0000   15.0000 2865.9507    9.2581
    0.0000   15.0000   15.0000 2912.1509    9.0741
    7.5000   15.0000   15.0000 2921.3296    9.0404
   -7.5000   22.5000   15.0000 2815.5225    9.7633
    0.0000   22.5000   15.0000 2851.2839    9.5892
    7.5000   22.5000   15.0000 2864.9346    9.5701
   -7.5000   30.0000   15.0000 2732.6592   10.4686
    0.0000   30.0000   15.0000 2776.3689   10.2969
    7.5000   30.0000   15.0000 2785.8728   10.2649
   -7.5000   37.5000   15.0000 2629.5454   11.4021
    0.0000   37.5000   15.0000 2679.2368   11.2034
    7.5000   37.5000   15.0000 2686.4368   11.1638
   -7.5000   45.0000   15.0000 2491.7053   12.5781
    0.0000   45.0000   15.0000 2539.2471   12.3612
    7.5000   45.0000   15.0000 2547.8643   12.3138
   -7.5000  -45.0000   22.5000 2526.0503   11.7202
    0.0000  -45.0000   22.5000 2548.1780   11.6420
    7.5000  -45.0000   22.5000 2555.8911   11.6900
   -7.5000  -37.5000   22.5000 2625.1128   10.8236
    0.0000  -37.5000   22.5000 2650.2607   10.7655
    7.5000  -37.5000   22.5000 2656.0193   10.7892
   -7.5000  -30.0000   22.5000 2710.1104   10.0958
    0.0000  -30.0000   22.5000 2740.8176   10.0630
    7.5000  -30.0000   22.5000 2749.0332   10.0801
   -7.5000  -22.5000   22.5000 2798.1145    9.5978
    0.0000  -22.5000   22.5000 2830.9490    9.5882
    7.5000  -22.5000   22.5000 2843.2266    9.6238
   -7.5000  -15.0000   22.5000 2862.5886    9.2405
    0.0000  -15.0000   22.5000 2905.6350    9.2759
    7.5000  -15.0000   22.5000 2920.3979    9.3275
   -7.5000   -7.5000   22.5000 2899.8442    9.0399
    0.0000   -7.5000   22.5000 2943.0701    8.9750
    7.5000   -7.5000   22.5000 2965.0151    9.0103
   -7.5000    0.0000   22.5000 2912.4019    8.9866
    0.0000    0.0000   22.5000 2946.2390    8.7766
    7.5000    0.0000   22.5000 2943.9990    8.7021
   -7.5000    7.5000   22.5000 2888.7317    9.1391
    0.0000    7.5000   22.5000 2930.3110    8.8771
    7.5000    7.5000   22.5000 2928.8704    8.7881
   -7.5000   15.0000   22.5000 2851.8438    9.4825
    0.0000   15.0000   22.5000 2902.4004    9.2462
    7.5000   15.0000   22.5000 2909.2039    9.2031
   -7.5000   22.5000   22.5000 2796.5442   10.0294
    0.0000   22.5000   22.5000 2836.7812    9.8435
    7.5000   22.5000   22.5000 2847.5554    9.8190
   -7.5000   30.0000   22.5000 2708.2834   10.7746
    0.0000   30.0000   22.5000 2755.8564   10.6020
    7.5000   30.0000   22.5000 2766.5513   10.5743
   -7.5000   37.5000   22.5000 2602.0811   11.7204
    0.0000   37.5000   22.5000 2651.5369   11.5446
    7.5000   37.5000   22.5000 2664.0276   11.5026
   -7.5000   45.0000   22.5000 2471.9414   12.8853
    0.0000   45.0000   22.5000 2513.9509   12.6783
    7.5000   45.0000   22.5000 2524.9473   12.6366
   -7.5000  -45.0000   30.0000 2478.4561   12.3664
    0.0000  -45.0000   30.0000 2497.1067   12.1921
    7.5000  -45.0000   30.0000 2502.0681   12.2228
   -7.5000  -37.5000   30.0000 2574.1101   11.3779
    0.0000  -37.5000   30.0000 2592.8406   11.2208
    7.5000  -37.5000   30.0000 2604.7981   11.2486
   -7.5000  -30.0000   30.0000 2661.5330   10.5972
    0.0000  -30.0000   30.0000 2681.4683   10.4572
    7.5000  -30.0000   30.0000 2695.9280   10.4785
   -7.5000  -22.5000   30.0000 2747.3521   10.0208
    0.0000  -22.5000   30.0000 2775.5022    9.9255
    7.5000  -22.5000   30.0000 2787.9729    9.9722
   -7.5000  -15.0000   30.0000 2809.8398    9.5944
    0.0000  -15.0000   30.0000 2846.5203    9.5058
    7.5000  -15.0000   30.0000 2862.3259    9.5601
   -7.5000   -7.5000   30.0000 2852.2346    9.4022
    0.0000   -7.5000   30.0000 2878.0920    9.1986
    7.5000   -7.5000   30.0000 2888.8633    9.1599
   -7.5000    0.0000   30.0000 2869.7556    9.3223
    0.0000    0.0000   30.0000 2895.3408    9.0219
    7.5000    0.0000   30.0000 2886.3118    8.8981
   -7.5000    7.5000   30.0000 2858.4165    9.4698
    0.0000    7.5000   30.0000 2895.4324    9.1914
    7.5000    7.5000   30.0000 2898.2090    9.1007
   -7.5000   15.0000   30.0000 2822.6980    9.8074
    0.0000   15.0000   30.0000 2877.3809    9.5663
    7.5000   15.0000   30.0000 2880.3340    9.5245
   -7.5000   22.5000   30.0000 2762.5593   10.3597
    0.0000   22.5000   30.0000 2810.4475   10.1674
    7.5000   22.5000   30.0000 2812.7219   10.1327
   -7.5000   30.0000   30.0000 2669.4128   11.1470
    0.0000   30.0000   30.0000 2722.4294   10.9657
    7.5000   30.0000   30.0000 2733.0295   10.9390
   -7.5000   37.5000   30.0000 2560.2925   12.1033
    0.0000   37.5000   30.0000 2615.0225   11.9223
    7.5000   37.5000   30.0000 2627.4185   11.8887
   -7.5000   45.0000   30.0000 2436.6665   13.2863
    0.0000   45.0000   30.0000 2469.4592   13.0759
    7.5000   45.0000   30.0000 2484.7207   13.0359
   -7.5000  -45.0000   37.5000 2419.0422   13.1012
    0.0000  -45.0000   37.5000 2430.9226   12.8200
    7.5000  -45.0000   37.5000 2442.6438   12.8706
   -7.5000  -37.5000   37.5000 2518.4302   12.0041
    0.0000  -37.5000   37.5000 2535.3223   11.7419
    7.5000  -37.5000   37.5000 2547.7512   11.8002
   -7.5000  -30.0000   37.5000 2605.7141   11.1647
    0.0000  -30.0000   37.5000 2620.3279   10.9254
    7.5000  -30.0000   37.5000 2636.4619   10.9799
   -7.5000  -22.5000   37.5000 2687.4932   10.5443
    0.0000  -22.5000   37.5000 2704.2500   10.3246
    7.5000  -22.5000   37.5000 2722.0457   10.3862
   -7.5000  -15.0000   37.5000 2755.3147   10.0811
    0.0000  -15.0000   37.5000 2779.0464    9.8722
    7.5000  -15.0000   37.5000 2795.7974    9.8880
   -7.5000   -7.5000   37.5000 2792.9392    9.8625
    0.0000   -7.5000   37.5000 2811.8989    9.5459
    7.5000   -7.5000   37.5000 2817.7515    9.4464
   -7.5000    0.0000   37.5000 2804.0530    9.7904
    0.0000    0.0000   37.5000 2831.4890    9.4396
    7.5000    0.0000   37.5000 2833.8613    9.3279
   -7.5000    7.5000   37.5000 2803.4023    9.9155
    0.0000    7.5000   37.5000 2843.0515    9.6428
    7.5000    7.5000   37.5000 2851.9856    9.5678
   -7.5000   15.0000   37.5000 2771.3958   10.2477
    0.0000   15.0000   37.5000 2824.5283   10.0321
    7.5000   15.0000   37.5000 2829.7808    9.9832
   -7.5000   22.5000   37.5000 2709.6919   10.7981
    0.0000   22.5000   37.5000 2765.8562   10.5929
    7.5000   22.5000   37.5000 2769.9790   10.5659
   -7.5000   30.0000   37.5000 2618.8525   11.5814
    0.0000   30.0000   37.5000 2674.2261   11.3781
    7.5000   30.0000   37.5000 2686.7002   11.3585
   -7.5000   37.5000   37.5000 2513.3984   12.5970
    0.0000   37.5000   37.5000 2559.9688   12.3918
    7.5000   37.5000   37.5000 2578.2129   12.3613
   -7.5000   45.0000   37.5000 2392.0547   13.8477
    0.0000   45.0000   37.5000 2415.7769   13.6195
    7.5000   45.0000   37.5000 2431.4727   13.5802
   -7.5000  -45.0000   45.0000 2352.1355   13.9007
    0.0000  -45.0000   45.0000 2362.3096   13.5397
    7.5000  -45.0000   45.0000 2375.8977   13.6487
   -7.5000  -37.5000   45.0000 2455.3889   12.7192
    0.0000  -37.5000   45.0000 2469.3489   12.3751
    7.5000  -37.5000   45.0000 2483.8777   12.4698
   -7.5000  -30.0000   45.0000 2548.3301   11.8667
    0.0000  -30.0000   45.0000 2560.7263   11.5207
    7.5000  -30.0000   45.0000 2573.9817   11.5959
   -7.5000  -22.5000   45.0000 2625.0332   11.1830
    0.0000  -22.5000   45.0000 2646.3125   10.8532
    7.5000  -22.5000   45.0000 2658.4473   10.8873
   -7.5000  -15.0000   45.0000 2686.3962   10.6941
    0.0000  -15.0000   45.0000 2711.7078   10.3594
    7.5000  -15.0000   45.0000 2723.1895   10.3314
   -7.5000   -7.5000   45.0000 2717.1179   10.4010
    0.0000   -7.5000   45.0000 2741.0254   10.0129
    7.5000   -7.5000   45.0000 2753.4590    9.9480
   -7.5000    0.0000   45.0000 2729.0229   10.3428
    0.0000    0.0000   45.0000 2765.7415    9.9890
    7.5000    0.0000   45.0000 2772.8269    9.9249
   -7.5000    7.5000   45.0000 2728.8149   10.4848
    0.0000    7.5000   45.0000 2770.4380   10.2115
    7.5000    7.5000   45.0000 2780.1309   10.1426
   -7.5000   15.0000   45.0000 2701.9111   10.8195
    0.0000   15.0000   45.0000 2752.0620   10.5978
    7.5000   15.0000   45.0000 2761.0271   10.5313
   -7.5000   22.5000   45.0000 2646.5295   11.3574
    0.0000   22.5000   45.0000 2700.5093   11.1393
    7.5000   22.5000   45.0000 2710.3623   11.0863
   -7.5000   30.0000   45.0000 2558.7068   12.1273
    0.0000   30.0000   45.0000 2604.3809   11.9002
    7.5000   30.0000   45.0000 2621.9211   11.8742
   -7.5000   37.5000   45.0000 2453.5251   13.1853
    0.0000   37.5000   45.0000 2492.0547   12.9360
    7.5000   37.5000   45.0000 2513.5867   12.9295
   -7.5000   45.0000   45.0000 2328.7380   14.4689
    0.0000   45.0000   45.0000 2349.3357   14.2133
    7.5000   45.0000   45.0000 2367.0146   14.1931

---------------------------------------------------------------------
imgreg_4dfp /opt/freesurfer/average/711-2C_as_mni_average_305 /opt/freesurfer/average/711-2B_as_mni_average_305_mask talsrcimg_g11 none talsrcimg_to_711-2C_as_mni_average_305_t4 1283
---------------------------------------------------------------------

freesurfer imgreg_4dfp.c
/opt/freesurfer/average/711-2C_as_mni_average_305.4dfp.img
       256       256       256         1
  1.000000  1.000000  1.000000
orientation T byte_order littleendian
Reading image: /opt/freesurfer/average/711-2C_as_mni_average_305.4dfp.img
dimensions:      256       256       256
mmppix:       1.0000   -1.0000   -1.0000
center:     128.0000 -129.0000 -129.0000
/opt/freesurfer/average/711-2B_as_mni_average_305_mask.4dfp.img
       256       256       256         1
  1.000000  1.000000  1.000000
orientation T byte_order littleendian
Reading mask: /opt/freesurfer/average/711-2B_as_mni_average_305_mask.4dfp.img (2306576 pixels)
talsrcimg_g11.4dfp.img
       256       256       256         1
  1.000000  1.000000  1.000000
orientation T byte_order littleendian
Reading image: talsrcimg_g11.4dfp.img
dimensions:      256       256       256
mmppix:       1.0000   -1.0000   -1.0000
center:     128.0000 -129.0000 -129.0000
rotation matrix determinant  1.000000
fimgreg.f
image alignment mode   1283 decimal      503 hex
parameters
    7.5000   -7.5000    7.5000    0.0000    0.0000    0.0000
eta,q 0.94589  8.88689
niter,ni,del,rscale     5    3   12.0000    1.2000
parameter  4  2.497117 ->  0.500000 qaram    1.1500
parameters
    5.0781   -6.5905    7.1456   -3.4500   -1.9942   -1.9339
eta,q 0.95826  8.80872
  0.0554  0.0597  0.0517  0.0412  0.0462  0.0436
  0.0512  0.0559  0.0509  0.0428  0.0431  0.0421
  0.0501  0.0533  0.0499  0.0451  0.0422  0.0417
  0.0522  0.0502  0.0492  0.0494  0.0433  0.0422
  0.0576  0.0491  0.0494  0.0544  0.0462  0.0435
  0.0642  0.0517  0.0508  0.0587  0.0502  0.0458
  0.0704  0.0565  0.0531  0.0621  0.0539  0.0487
niter,ni,del,rscale     5    3   12.0000    1.2000
parameter  4  1.097501 ->  0.500000 qaram    1.3225
parameters
    5.2743   -6.3521    7.2290   -7.4175   -1.8775   -2.1530
eta,q 0.96212  8.87376
  0.0591  0.0540  0.0471  0.0360  0.0461  0.0423
  0.0518  0.0483  0.0453  0.0374  0.0421  0.0401
  0.0449  0.0434  0.0430  0.0394  0.0392  0.0383
  0.0417  0.0417  0.0416  0.0416  0.0379  0.0379
  0.0432  0.0427  0.0422  0.0452  0.0393  0.0388
  0.0494  0.0467  0.0444  0.0510  0.0419  0.0404
  0.0579  0.0524  0.0475  0.0567  0.0453  0.0430
niter,ni,del,rscale     5    3   12.0000    1.2000
parameter  4  0.867004 ->  0.500000 qaram    1.5209
parameters
    5.2212   -5.4895    6.7899  -11.9801   -1.7247   -1.8202
eta,q 0.96541  8.87205
  0.0558  0.0500  0.0427  0.0342  0.0430  0.0384
  0.0475  0.0438  0.0398  0.0345  0.0387  0.0365
  0.0405  0.0397  0.0380  0.0355  0.0358  0.0352
  0.0379  0.0379  0.0380  0.0379  0.0346  0.0346
  0.0402  0.0389  0.0390  0.0406  0.0357  0.0347
  0.0474  0.0413  0.0410  0.0439  0.0383  0.0359
  0.0569  0.0441  0.0440  0.0499  0.0421  0.0378
niter,ni,del,rscale     5    3   12.0000    1.2000
parameters
    5.1008   -4.3175    6.4650  -16.3855   -1.3052   -2.0969
eta,q 0.96780  8.90760
  0.0527  0.0464  0.0385  0.0349  0.0416  0.0351
  0.0439  0.0417  0.0369  0.0317  0.0374  0.0333
  0.0369  0.0375  0.0351  0.0325  0.0338  0.0328
  0.0346  0.0346  0.0340  0.0340  0.0322  0.0322
  0.0377  0.0341  0.0344  0.0369  0.0330  0.0324
  0.0448  0.0364  0.0368  0.0407  0.0355  0.0335
  0.0541  0.0405  0.0407  0.0445  0.0396  0.0361
niter,ni,del,rscale     4    3   12.0000    1.2000
parameters
    4.8115   -3.8570    5.2613  -15.9940   -1.1503   -1.8506
eta,q 0.96824  8.88482
  0.0493  0.0455  0.0361  0.0436  0.0402  0.0350
  0.0413  0.0389  0.0335  0.0368  0.0358  0.0334
  0.0344  0.0351  0.0318  0.0307  0.0327  0.0328
  0.0322  0.0322  0.0318  0.0316  0.0318  0.0319
  0.0357  0.0316  0.0339  0.0338  0.0327  0.0318
  0.0435  0.0357  0.0374  0.0365  0.0352  0.0327
  0.0530  0.0430  0.0412  0.0400  0.0394  0.0350
niter,ni,del,rscale     3    3   12.0000    1.2000
parameters
    4.7401   -4.0312    5.0831  -15.8482   -1.1741   -1.8916
eta,q 0.96800  8.88424
  0.0507  0.0421  0.0378  0.0434  0.0399  0.0349
  0.0420  0.0375  0.0354  0.0359  0.0355  0.0334
  0.0345  0.0340  0.0330  0.0305  0.0326  0.0329
  0.0318  0.0318  0.0319  0.0319  0.0320  0.0320
  0.0347  0.0325  0.0325  0.0343  0.0330  0.0321
  0.0422  0.0378  0.0354  0.0370  0.0356  0.0331
  0.0520  0.0445  0.0391  0.0403  0.0399  0.0354
niter,ni,del,rscale     2    3   12.0000    1.2000
parameters
    4.7252   -4.0928    5.0688  -15.7887   -1.1776   -1.9002
eta,q 0.96791  8.88433
  0.0509  0.0423  0.0380  0.0432  0.0400  0.0349
  0.0424  0.0378  0.0357  0.0355  0.0356  0.0335
  0.0349  0.0343  0.0333  0.0305  0.0327  0.0329
  0.0320  0.0320  0.0320  0.0320  0.0321  0.0321
  0.0347  0.0324  0.0325  0.0344  0.0331  0.0322
  0.0419  0.0373  0.0351  0.0370  0.0356  0.0332
  0.0516  0.0440  0.0388  0.0405  0.0399  0.0354
niter,ni,del,rscale     1    3   12.0000    1.2000
parameters
    4.7238   -4.1082    5.0767  -15.7647   -1.1804   -1.9042
eta,q 0.96789  8.88451
  0.0509  0.0424  0.0380  0.0432  0.0400  0.0350
  0.0425  0.0379  0.0358  0.0353  0.0356  0.0335
  0.0350  0.0345  0.0334  0.0305  0.0327  0.0330
  0.0321  0.0321  0.0321  0.0321  0.0321  0.0321
  0.0347  0.0324  0.0325  0.0345  0.0331  0.0322
  0.0418  0.0371  0.0350  0.0371  0.0356  0.0332
  0.0515  0.0438  0.0388  0.0405  0.0399  0.0354
registration optimization eta report
parameter search radius
    6.0000    6.0000    6.0000    9.1253    6.0000    6.0000
100000*second partial in parameter space
       52.       30.       17.       12.       22.        8.
  0.0509  0.0424  0.0380  0.0432  0.0400  0.0350
  0.0425  0.0379  0.0358  0.0353  0.0356  0.0335
  0.0350  0.0345  0.0334  0.0305  0.0327  0.0330
  0.0321  0.0321  0.0321  0.0321  0.0321  0.0321
  0.0347  0.0324  0.0325  0.0345  0.0331  0.0322
  0.0418  0.0371  0.0350  0.0371  0.0356  0.0332
  0.0515  0.0438  0.0388  0.0405  0.0399  0.0354
    4.7238   -4.1082    5.0767  -15.7647   -1.1804   -1.9042
eta,q 0.96789  8.88451

---------------------------------------------------------------------
imgreg_4dfp /opt/freesurfer/average/711-2C_as_mni_average_305 /opt/freesurfer/average/711-2B_as_mni_average_305_mask talsrcimg_g11 none talsrcimg_to_711-2C_as_mni_average_305_t4 3335
---------------------------------------------------------------------

freesurfer imgreg_4dfp.c
/opt/freesurfer/average/711-2C_as_mni_average_305.4dfp.img
       256       256       256         1
  1.000000  1.000000  1.000000
orientation T byte_order littleendian
Reading image: /opt/freesurfer/average/711-2C_as_mni_average_305.4dfp.img
dimensions:      256       256       256
mmppix:       1.0000   -1.0000   -1.0000
center:     128.0000 -129.0000 -129.0000
/opt/freesurfer/average/711-2B_as_mni_average_305_mask.4dfp.img
       256       256       256         1
  1.000000  1.000000  1.000000
orientation T byte_order littleendian
Reading mask: /opt/freesurfer/average/711-2B_as_mni_average_305_mask.4dfp.img (2306576 pixels)
talsrcimg_g11.4dfp.img
       256       256       256         1
  1.000000  1.000000  1.000000
orientation T byte_order littleendian
Reading image: talsrcimg_g11.4dfp.img
dimensions:      256       256       256
mmppix:       1.0000   -1.0000   -1.0000
center:     128.0000 -129.0000 -129.0000
fimgreg.f
image alignment mode   3335 decimal      D07 hex
parameters
    4.7238   -4.1082    5.0767   -0.0764   -3.7960   -3.7819
    2.6386    2.8842   -3.3222   27.0879   -2.0600  -27.1630
eta,q 0.97010  8.98254
niter,ni,del,rscale     5    3    5.0000    1.2000
parameter  5  0.755473 ->  0.500000 qaram    1.1500
parameter  6 -0.604850 -> -0.500000 qaram    1.1500
parameters
    4.5647   -3.3498    5.6648   -3.5103   -7.9360    0.3581
    4.3989    3.3627   -3.0546   27.1410   -2.5840  -29.6077
eta,q 0.97403  9.01416
  0.0333  0.0345  0.0311  0.0299  0.0264  0.0295  0.0294  0.0292  0.0283  0.0291  0.0266  0.0263
  0.0313  0.0325  0.0304  0.0289  0.0265  0.0283  0.0279  0.0275  0.0271  0.0275  0.0263  0.0260
  0.0302  0.0309  0.0299  0.0285  0.0270  0.0273  0.0268  0.0265  0.0264  0.0264  0.0261  0.0260
  0.0299  0.0299  0.0296  0.0295  0.0285  0.0266  0.0262  0.0261  0.0261  0.0261  0.0261  0.0261
  0.0306  0.0296  0.0295  0.0325  0.0317  0.0262  0.0261  0.0263  0.0263  0.0265  0.0262  0.0263
  0.0321  0.0300  0.0297  0.0374  0.0360  0.0263  0.0265  0.0271  0.0269  0.0275  0.0264  0.0267
  0.0344  0.0310  0.0301  0.0430  0.0403  0.0263  0.0273  0.0284  0.0280  0.0290  0.0268  0.0273
niter,ni,del,rscale     6    3    5.0000    1.2000
parameters
    4.5248   -2.2910    6.0371   -3.9062  -10.6807    2.6047
    4.1905    3.4292   -2.9256   29.3195   -2.4941  -31.2705
eta,q 0.97513  9.05140
  0.0287  0.0301  0.0266  0.0291  0.0274  0.0276  0.0271  0.0278  0.0272  0.0297  0.0256  0.0255
  0.0272  0.0284  0.0260  0.0277  0.0261  0.0264  0.0261  0.0263  0.0262  0.0279  0.0252  0.0250
  0.0263  0.0270  0.0256  0.0264  0.0254  0.0256  0.0255  0.0255  0.0255  0.0264  0.0250  0.0249
  0.0260  0.0260  0.0254  0.0254  0.0255  0.0254  0.0253  0.0253  0.0253  0.0253  0.0250  0.0250
  0.0263  0.0255  0.0254  0.0254  0.0273  0.0253  0.0255  0.0256  0.0255  0.0250  0.0250  0.0252
  0.0273  0.0256  0.0256  0.0272  0.0310  0.0252  0.0262  0.0264  0.0261  0.0255  0.0252  0.0256
  0.0289  0.0263  0.0261  0.0314  0.0362  0.0260  0.0274  0.0276  0.0271  0.0266  0.0256  0.0262
niter,ni,del,rscale     5    3    5.0000    1.2000
parameters
    4.6384   -2.0900    5.9312   -3.4999  -12.1383    2.3237
    4.1206    3.7454   -2.8855   30.4157   -2.5927  -32.1240
eta,q 0.97535  9.04470
  0.0277  0.0275  0.0257  0.0290  0.0276  0.0266  0.0266  0.0275  0.0265  0.0282  0.0253  0.0254
  0.0262  0.0262  0.0252  0.0275  0.0261  0.0255  0.0256  0.0259  0.0256  0.0268  0.0250  0.0249
  0.0253  0.0253  0.0250  0.0261  0.0250  0.0250  0.0250  0.0251  0.0250  0.0255  0.0247  0.0247
  0.0249  0.0249  0.0249  0.0249  0.0247  0.0248  0.0248  0.0248  0.0248  0.0248  0.0247  0.0247
  0.0251  0.0250  0.0249  0.0244  0.0254  0.0245  0.0250  0.0250  0.0250  0.0248  0.0247  0.0249
  0.0259  0.0256  0.0253  0.0257  0.0277  0.0251  0.0256  0.0258  0.0255  0.0255  0.0250  0.0252
  0.0272  0.0268  0.0259  0.0293  0.0321  0.0275  0.0267  0.0270  0.0265  0.0268  0.0254  0.0258
niter,ni,del,rscale     4    3    5.0000    1.2000
parameters
    4.6741   -2.0811    5.7740   -3.4055  -12.6516    2.4381
    4.0083    3.9454   -2.8926   30.9375   -2.6479  -32.6607
eta,q 0.97541  9.04930
  0.0274  0.0268  0.0254  0.0287  0.0281  0.0268  0.0265  0.0273  0.0264  0.0277  0.0253  0.0255
  0.0259  0.0256  0.0250  0.0273  0.0264  0.0256  0.0254  0.0258  0.0254  0.0263  0.0249  0.0249
  0.0250  0.0249  0.0247  0.0259  0.0251  0.0250  0.0248  0.0249  0.0248  0.0252  0.0247  0.0246
  0.0246  0.0246  0.0246  0.0247  0.0246  0.0246  0.0246  0.0246  0.0246  0.0246  0.0246  0.0246
  0.0249  0.0249  0.0248  0.0243  0.0250  0.0244  0.0249  0.0249  0.0248  0.0248  0.0247  0.0248
  0.0258  0.0256  0.0251  0.0259  0.0264  0.0249  0.0255  0.0257  0.0254  0.0257  0.0249  0.0251
  0.0272  0.0268  0.0258  0.0297  0.0298  0.0272  0.0266  0.0270  0.0264  0.0270  0.0253  0.0257
niter,ni,del,rscale     3    3    5.0000    1.2000
parameters
    4.6930   -2.0567    5.6656   -3.3800  -12.9200    2.3707
    3.9394    4.0484   -2.8999   31.2259   -2.6818  -32.9770
eta,q 0.97542  9.04847
  0.0273  0.0268  0.0254  0.0286  0.0282  0.0268  0.0265  0.0272  0.0263  0.0275  0.0253  0.0255
  0.0258  0.0256  0.0250  0.0272  0.0264  0.0256  0.0254  0.0257  0.0254  0.0261  0.0249  0.0249
  0.0249  0.0248  0.0247  0.0258  0.0251  0.0250  0.0248  0.0249  0.0248  0.0251  0.0247  0.0246
  0.0246  0.0246  0.0246  0.0246  0.0246  0.0246  0.0246  0.0246  0.0246  0.0246  0.0246  0.0246
  0.0249  0.0248  0.0247  0.0243  0.0249  0.0243  0.0248  0.0249  0.0248  0.0249  0.0247  0.0248
  0.0258  0.0256  0.0250  0.0260  0.0261  0.0250  0.0255  0.0257  0.0254  0.0258  0.0249  0.0251
  0.0272  0.0266  0.0257  0.0298  0.0292  0.0275  0.0265  0.0270  0.0264  0.0271  0.0253  0.0256
niter,ni,del,rscale     2    3    5.0000    1.2000
parameters
    4.7069   -2.0377    5.5960   -3.3718  -13.0583    2.3409
    3.8923    4.1198   -2.9076   31.3954   -2.7103  -33.1621
eta,q 0.97542  9.04840
  0.0273  0.0267  0.0255  0.0286  0.0282  0.0268  0.0265  0.0272  0.0263  0.0274  0.0253  0.0256
  0.0258  0.0255  0.0250  0.0272  0.0264  0.0257  0.0254  0.0257  0.0254  0.0260  0.0249  0.0249
  0.0249  0.0248  0.0247  0.0258  0.0251  0.0250  0.0248  0.0249  0.0248  0.0250  0.0247  0.0246
  0.0246  0.0246  0.0246  0.0246  0.0246  0.0246  0.0246  0.0246  0.0246  0.0246  0.0246  0.0246
  0.0249  0.0249  0.0247  0.0243  0.0249  0.0243  0.0248  0.0249  0.0248  0.0249  0.0247  0.0248
  0.0258  0.0256  0.0250  0.0260  0.0260  0.0250  0.0255  0.0257  0.0254  0.0259  0.0249  0.0251
  0.0273  0.0266  0.0256  0.0299  0.0290  0.0276  0.0265  0.0270  0.0264  0.0271  0.0253  0.0256
niter,ni,del,rscale     1    3    5.0000    1.2000
parameters
    4.7157   -2.0217    5.5526   -3.3706  -13.1434    2.3145
    3.8547    4.1623   -2.9116   31.5043   -2.7109  -33.2730
eta,q 0.97541  9.04805
  0.0273  0.0267  0.0255  0.0286  0.0283  0.0268  0.0265  0.0272  0.0263  0.0273  0.0253  0.0256
  0.0258  0.0255  0.0250  0.0272  0.0265  0.0257  0.0254  0.0257  0.0254  0.0260  0.0249  0.0250
  0.0249  0.0248  0.0247  0.0258  0.0251  0.0250  0.0248  0.0249  0.0248  0.0250  0.0247  0.0246
  0.0246  0.0246  0.0246  0.0246  0.0246  0.0246  0.0246  0.0246  0.0246  0.0246  0.0246  0.0246
  0.0249  0.0249  0.0247  0.0243  0.0249  0.0243  0.0248  0.0249  0.0248  0.0249  0.0247  0.0248
  0.0258  0.0256  0.0250  0.0260  0.0260  0.0250  0.0255  0.0257  0.0254  0.0259  0.0249  0.0251
  0.0273  0.0266  0.0256  0.0299  0.0289  0.0276  0.0265  0.0270  0.0263  0.0272  0.0253  0.0256
registration optimization eta report
parameter search radius
    2.4000    2.4000    2.4000    7.2000    8.2800    8.2800
    7.2000    7.2000    7.2000    7.2000    7.2000    7.2000
100000*second partial in parameter space
       47.       36.       17.        9.        6.        4.
        4.        5.        3.        5.        1.        2.
  0.0273  0.0267  0.0255  0.0286  0.0283  0.0268  0.0265  0.0272  0.0263  0.0273  0.0253  0.0256
  0.0258  0.0255  0.0250  0.0272  0.0265  0.0257  0.0254  0.0257  0.0254  0.0260  0.0249  0.0250
  0.0249  0.0248  0.0247  0.0258  0.0251  0.0250  0.0248  0.0249  0.0248  0.0250  0.0247  0.0246
  0.0246  0.0246  0.0246  0.0246  0.0246  0.0246  0.0246  0.0246  0.0246  0.0246  0.0246  0.0246
  0.0249  0.0249  0.0247  0.0243  0.0249  0.0243  0.0248  0.0249  0.0248  0.0249  0.0247  0.0248
  0.0258  0.0256  0.0250  0.0260  0.0260  0.0250  0.0255  0.0257  0.0254  0.0259  0.0249  0.0251
  0.0273  0.0266  0.0256  0.0299  0.0289  0.0276  0.0265  0.0270  0.0263  0.0272  0.0253  0.0256
    4.7157   -2.0217    5.5526   -3.3706  -13.1434    2.3145
    3.8547    4.1623   -2.9116   31.5043   -2.7109  -33.2730
eta,q 0.97541  9.04805

---------------------------------------------------------------------
imgreg_4dfp /opt/freesurfer/average/711-2C_as_mni_average_305 /opt/freesurfer/average/711-2B_as_mni_average_305_mask talsrcimg_g11 none talsrcimg_to_711-2C_as_mni_average_305_t4 2311
---------------------------------------------------------------------

freesurfer imgreg_4dfp.c
/opt/freesurfer/average/711-2C_as_mni_average_305.4dfp.img
       256       256       256         1
  1.000000  1.000000  1.000000
orientation T byte_order littleendian
Reading image: /opt/freesurfer/average/711-2C_as_mni_average_305.4dfp.img
dimensions:      256       256       256
mmppix:       1.0000   -1.0000   -1.0000
center:     128.0000 -129.0000 -129.0000
/opt/freesurfer/average/711-2B_as_mni_average_305_mask.4dfp.img
       256       256       256         1
  1.000000  1.000000  1.000000
orientation T byte_order littleendian
Reading mask: /opt/freesurfer/average/711-2B_as_mni_average_305_mask.4dfp.img (2306576 pixels)
talsrcimg_g11.4dfp.img
       256       256       256         1
  1.000000  1.000000  1.000000
orientation T byte_order littleendian
Reading image: talsrcimg_g11.4dfp.img
dimensions:      256       256       256
mmppix:       1.0000   -1.0000   -1.0000
center:     128.0000 -129.0000 -129.0000
fimgreg.f
image alignment mode   2311 decimal      907 hex
parameters
    4.7157   -2.0217    5.5526   -3.3706  -13.1434    2.3145
    3.8547    4.1623   -2.9116   31.5043   -2.7109  -33.2730
eta,q 0.97541  9.04805
niter,ni,del,rscale     5    3    5.0000    0.8000
parameters
    4.7165   -2.0448    5.5879   -2.3428  -12.8967    4.4912
    3.7690    4.4442   -2.8033   31.4113   -2.6495  -33.5564
eta,q 0.97599  9.11471
  0.0258  0.0255  0.0250  0.0272  0.0257  0.0252  0.0250  0.0258  0.0249  0.0255  0.0245  0.0245
  0.0251  0.0250  0.0248  0.0263  0.0249  0.0248  0.0244  0.0248  0.0244  0.0247  0.0242  0.0242
  0.0247  0.0247  0.0247  0.0253  0.0245  0.0245  0.0241  0.0242  0.0241  0.0242  0.0241  0.0240
  0.0246  0.0246  0.0246  0.0246  0.0243  0.0243  0.0240  0.0240  0.0240  0.0240  0.0240  0.0240
  0.0247  0.0247  0.0246  0.0242  0.0244  0.0241  0.0241  0.0242  0.0241  0.0242  0.0241  0.0241
  0.0251  0.0251  0.0248  0.0246  0.0248  0.0240  0.0245  0.0246  0.0244  0.0248  0.0242  0.0243
  0.0258  0.0256  0.0250  0.0260  0.0254  0.0244  0.0250  0.0254  0.0248  0.0256  0.0244  0.0245
niter,ni,del,rscale     4    3    5.0000    0.7000
parameters
    4.6429   -2.0935    5.5590   -2.3259  -13.1724    4.0254
    3.7720    4.2683   -2.7399   31.5306   -2.5679  -33.8000
eta,q 0.97596  9.10466
  0.0250  0.0247  0.0244  0.0260  0.0249  0.0246  0.0248  0.0251  0.0247  0.0253  0.0244  0.0244
  0.0244  0.0243  0.0242  0.0252  0.0244  0.0244  0.0244  0.0245  0.0243  0.0246  0.0242  0.0241
  0.0241  0.0241  0.0240  0.0244  0.0241  0.0242  0.0241  0.0241  0.0241  0.0242  0.0241  0.0240
  0.0240  0.0240  0.0240  0.0240  0.0240  0.0240  0.0240  0.0240  0.0240  0.0240  0.0240  0.0240
  0.0242  0.0241  0.0241  0.0241  0.0242  0.0240  0.0241  0.0242  0.0241  0.0242  0.0241  0.0241
  0.0246  0.0244  0.0242  0.0248  0.0245  0.0244  0.0244  0.0246  0.0243  0.0245  0.0242  0.0242
  0.0253  0.0248  0.0244  0.0264  0.0251  0.0253  0.0248  0.0253  0.0247  0.0251  0.0243  0.0244
niter,ni,del,rscale     3    3    5.0000    0.6000
parameters
    4.6259   -2.1053    5.4676   -2.1356  -13.2178    4.1695
    3.7452    4.2906   -2.6736   31.5698   -2.4790  -34.0228
eta,q 0.97602  9.11040
  0.0248  0.0246  0.0243  0.0257  0.0247  0.0246  0.0246  0.0249  0.0245  0.0249  0.0242  0.0242
  0.0244  0.0243  0.0241  0.0250  0.0243  0.0244  0.0242  0.0244  0.0242  0.0244  0.0241  0.0241
  0.0241  0.0241  0.0240  0.0244  0.0241  0.0242  0.0240  0.0241  0.0240  0.0241  0.0240  0.0240
  0.0240  0.0240  0.0240  0.0240  0.0240  0.0240  0.0240  0.0240  0.0240  0.0240  0.0240  0.0240
  0.0241  0.0241  0.0241  0.0240  0.0241  0.0239  0.0241  0.0241  0.0240  0.0241  0.0240  0.0240
  0.0244  0.0243  0.0242  0.0245  0.0243  0.0241  0.0242  0.0244  0.0242  0.0244  0.0241  0.0241
  0.0249  0.0246  0.0244  0.0256  0.0247  0.0246  0.0246  0.0248  0.0245  0.0249  0.0242  0.0243
niter,ni,del,rscale     2    3    5.0000    0.5000
parameters
    4.6103   -2.1132    5.4344   -2.0012  -13.3270    4.4099
    3.7377    4.2846   -2.6360   31.6409   -2.4269  -34.1852
eta,q 0.97607  9.11567
  0.0246  0.0244  0.0242  0.0252  0.0244  0.0244  0.0243  0.0246  0.0243  0.0246  0.0241  0.0241
  0.0242  0.0242  0.0241  0.0247  0.0242  0.0243  0.0241  0.0242  0.0241  0.0243  0.0240  0.0240
  0.0240  0.0240  0.0240  0.0242  0.0240  0.0241  0.0240  0.0240  0.0240  0.0240  0.0240  0.0239
  0.0240  0.0240  0.0240  0.0240  0.0240  0.0240  0.0239  0.0239  0.0239  0.0239  0.0239  0.0239
  0.0241  0.0240  0.0240  0.0240  0.0240  0.0239  0.0240  0.0240  0.0240  0.0240  0.0240  0.0240
  0.0243  0.0242  0.0241  0.0244  0.0242  0.0240  0.0241  0.0242  0.0241  0.0242  0.0240  0.0240
  0.0246  0.0244  0.0242  0.0251  0.0245  0.0244  0.0244  0.0246  0.0243  0.0246  0.0241  0.0241
niter,ni,del,rscale     1    3    5.0000    0.4000
parameters
    4.5896   -2.1229    5.4282   -1.8960  -13.4535    4.6348
    3.7180    4.2713   -2.5934   31.7025   -2.3997  -34.2936
eta,q 0.97609  9.11944
  0.0243  0.0242  0.0241  0.0248  0.0242  0.0243  0.0242  0.0243  0.0241  0.0244  0.0240  0.0240
  0.0241  0.0240  0.0240  0.0244  0.0241  0.0242  0.0240  0.0241  0.0240  0.0241  0.0240  0.0240
  0.0240  0.0240  0.0240  0.0241  0.0239  0.0240  0.0239  0.0239  0.0239  0.0240  0.0239  0.0239
  0.0239  0.0239  0.0239  0.0239  0.0239  0.0239  0.0239  0.0239  0.0239  0.0239  0.0239  0.0239
  0.0240  0.0240  0.0240  0.0240  0.0240  0.0239  0.0239  0.0240  0.0239  0.0240  0.0239  0.0239
  0.0241  0.0241  0.0240  0.0242  0.0241  0.0240  0.0240  0.0241  0.0240  0.0241  0.0240  0.0240
  0.0243  0.0242  0.0241  0.0247  0.0243  0.0242  0.0242  0.0243  0.0241  0.0243  0.0240  0.0240
registration optimization eta report
parameter search radius
    0.8000    0.8000    0.8000    2.4000    2.4000    2.4000
    2.4000    2.4000    2.4000    2.4000    2.4000    2.4000
100000*second partial in parameter space
       61.       41.       23.       14.        6.        6.
        5.        7.        4.        8.        2.        2.
  0.0243  0.0242  0.0241  0.0248  0.0242  0.0243  0.0242  0.0243  0.0241  0.0244  0.0240  0.0240
  0.0241  0.0240  0.0240  0.0244  0.0241  0.0242  0.0240  0.0241  0.0240  0.0241  0.0240  0.0240
  0.0240  0.0240  0.0240  0.0241  0.0239  0.0240  0.0239  0.0239  0.0239  0.0240  0.0239  0.0239
  0.0239  0.0239  0.0239  0.0239  0.0239  0.0239  0.0239  0.0239  0.0239  0.0239  0.0239  0.0239
  0.0240  0.0240  0.0240  0.0240  0.0240  0.0239  0.0239  0.0240  0.0239  0.0240  0.0239  0.0239
  0.0241  0.0241  0.0240  0.0242  0.0241  0.0240  0.0240  0.0241  0.0240  0.0241  0.0240  0.0240
  0.0243  0.0242  0.0241  0.0247  0.0243  0.0242  0.0242  0.0243  0.0241  0.0243  0.0240  0.0240
    4.5896   -2.1229    5.4282   -1.8960  -13.4535    4.6348
    3.7180    4.2713   -2.5934   31.7025   -2.3997  -34.2936
eta,q 0.97609  9.11944

---------------------------------------------------------------------
imgreg_4dfp /opt/freesurfer/average/711-2C_as_mni_average_305 /opt/freesurfer/average/711-2B_as_mni_average_305_mask talsrcimg_g11 none talsrcimg_to_711-2C_as_mni_average_305_t4 2311
---------------------------------------------------------------------

freesurfer imgreg_4dfp.c
/opt/freesurfer/average/711-2C_as_mni_average_305.4dfp.img
       256       256       256         1
  1.000000  1.000000  1.000000
orientation T byte_order littleendian
Reading image: /opt/freesurfer/average/711-2C_as_mni_average_305.4dfp.img
dimensions:      256       256       256
mmppix:       1.0000   -1.0000   -1.0000
center:     128.0000 -129.0000 -129.0000
/opt/freesurfer/average/711-2B_as_mni_average_305_mask.4dfp.img
       256       256       256         1
  1.000000  1.000000  1.000000
orientation T byte_order littleendian
Reading mask: /opt/freesurfer/average/711-2B_as_mni_average_305_mask.4dfp.img (2306576 pixels)
talsrcimg_g11.4dfp.img
       256       256       256         1
  1.000000  1.000000  1.000000
orientation T byte_order littleendian
Reading image: talsrcimg_g11.4dfp.img
dimensions:      256       256       256
mmppix:       1.0000   -1.0000   -1.0000
center:     128.0000 -129.0000 -129.0000
fimgreg.f
image alignment mode   2311 decimal      907 hex
parameters
    4.5896   -2.1229    5.4282   -1.8960  -13.4535    4.6348
    3.7180    4.2713   -2.5934   31.7025   -2.3997  -34.2936
eta,q 0.97609  9.11944
niter,ni,del,rscale     5    3    5.0000    0.8000
parameters
    4.5885   -2.1168    5.4991   -2.4120  -13.4481    3.8076
    3.7491    4.2187   -2.7169   31.7881   -2.4704  -33.9218
eta,q 0.97593  9.09824
  0.0255  0.0250  0.0246  0.0261  0.0253  0.0247  0.0251  0.0255  0.0249  0.0256  0.0245  0.0247
  0.0246  0.0244  0.0242  0.0251  0.0246  0.0245  0.0245  0.0247  0.0244  0.0248  0.0242  0.0243
  0.0241  0.0240  0.0240  0.0243  0.0241  0.0242  0.0242  0.0242  0.0242  0.0243  0.0241  0.0241
  0.0239  0.0239  0.0239  0.0239  0.0240  0.0240  0.0241  0.0241  0.0241  0.0241  0.0241  0.0241
  0.0241  0.0240  0.0240  0.0242  0.0241  0.0241  0.0242  0.0243  0.0242  0.0242  0.0241  0.0241
  0.0246  0.0244  0.0242  0.0256  0.0246  0.0248  0.0245  0.0248  0.0245  0.0247  0.0243  0.0243
  0.0255  0.0249  0.0245  0.0279  0.0253  0.0261  0.0250  0.0255  0.0250  0.0255  0.0245  0.0245
niter,ni,del,rscale     4    3    5.0000    0.7000
parameters
    4.6300   -2.0882    5.4484   -2.2704  -13.3269    3.9036
    3.7397    4.2977   -2.6966   31.6937   -2.4787  -34.0304
eta,q 0.97597  9.10336
  0.0253  0.0249  0.0244  0.0261  0.0251  0.0247  0.0248  0.0252  0.0247  0.0251  0.0244  0.0244
  0.0246  0.0244  0.0242  0.0253  0.0245  0.0245  0.0244  0.0246  0.0243  0.0245  0.0242  0.0242
  0.0242  0.0242  0.0241  0.0245  0.0242  0.0243  0.0241  0.0242  0.0241  0.0242  0.0241  0.0240
  0.0241  0.0241  0.0241  0.0241  0.0240  0.0240  0.0240  0.0240  0.0240  0.0240  0.0240  0.0240
  0.0242  0.0242  0.0241  0.0241  0.0242  0.0239  0.0241  0.0242  0.0241  0.0242  0.0241  0.0241
  0.0245  0.0244  0.0243  0.0248  0.0245  0.0242  0.0244  0.0245  0.0243  0.0246  0.0242  0.0242
  0.0251  0.0248  0.0245  0.0262  0.0250  0.0249  0.0248  0.0251  0.0247  0.0252  0.0244  0.0244
niter,ni,del,rscale     3    3    5.0000    0.6000
parameters
    4.6287   -2.0933    5.4227   -2.1215  -13.3226    4.1470
    3.7213    4.3126   -2.6661   31.6839   -2.4444  -34.1521
eta,q 0.97602  9.11008
  0.0249  0.0246  0.0243  0.0257  0.0247  0.0246  0.0246  0.0249  0.0245  0.0249  0.0242  0.0243
  0.0244  0.0243  0.0242  0.0250  0.0243  0.0244  0.0242  0.0244  0.0242  0.0244  0.0241  0.0241
  0.0241  0.0241  0.0241  0.0244  0.0241  0.0242  0.0240  0.0241  0.0240  0.0241  0.0240  0.0240
  0.0240  0.0240  0.0240  0.0240  0.0240  0.0240  0.0240  0.0240  0.0240  0.0240  0.0240  0.0240
  0.0241  0.0241  0.0241  0.0241  0.0241  0.0239  0.0240  0.0241  0.0240  0.0241  0.0240  0.0240
  0.0244  0.0243  0.0242  0.0246  0.0243  0.0241  0.0242  0.0244  0.0242  0.0244  0.0241  0.0241
  0.0249  0.0246  0.0243  0.0256  0.0247  0.0246  0.0246  0.0248  0.0245  0.0249  0.0242  0.0243
niter,ni,del,rscale     2    3    5.0000    0.5000
parameters
    4.6131   -2.1051    5.4082   -1.9921  -13.4000    4.3851
    3.7172    4.3104   -2.6277   31.7059   -2.3985  -34.2620
eta,q 0.97607  9.11517
  0.0246  0.0244  0.0242  0.0252  0.0245  0.0244  0.0243  0.0246  0.0243  0.0246  0.0241  0.0241
  0.0242  0.0241  0.0241  0.0247  0.0242  0.0243  0.0241  0.0242  0.0241  0.0242  0.0240  0.0240
  0.0240  0.0240  0.0240  0.0242  0.0240  0.0241  0.0240  0.0240  0.0240  0.0240  0.0240  0.0239
  0.0240  0.0240  0.0240  0.0240  0.0240  0.0240  0.0239  0.0239  0.0239  0.0239  0.0239  0.0239
  0.0241  0.0240  0.0240  0.0240  0.0240  0.0239  0.0240  0.0240  0.0240  0.0240  0.0240  0.0240
  0.0243  0.0242  0.0241  0.0244  0.0242  0.0240  0.0241  0.0242  0.0241  0.0242  0.0240  0.0240
  0.0246  0.0244  0.0242  0.0251  0.0245  0.0244  0.0243  0.0246  0.0243  0.0246  0.0241  0.0241
niter,ni,del,rscale     1    3    5.0000    0.4000
parameters
    4.5994   -2.1223    5.4127   -1.8930  -13.5037    4.6096
    3.6992    4.2853   -2.5746   31.7473   -2.3770  -34.3637
eta,q 0.97609  9.11899
  0.0243  0.0242  0.0241  0.0248  0.0242  0.0243  0.0242  0.0243  0.0241  0.0244  0.0240  0.0240
  0.0241  0.0240  0.0240  0.0244  0.0241  0.0242  0.0240  0.0241  0.0240  0.0241  0.0240  0.0240
  0.0240  0.0240  0.0240  0.0241  0.0240  0.0240  0.0239  0.0239  0.0239  0.0240  0.0239  0.0239
  0.0239  0.0239  0.0239  0.0239  0.0239  0.0239  0.0239  0.0239  0.0239  0.0239  0.0239  0.0239
  0.0240  0.0240  0.0240  0.0240  0.0240  0.0239  0.0239  0.0240  0.0239  0.0240  0.0239  0.0239
  0.0241  0.0241  0.0240  0.0242  0.0241  0.0240  0.0240  0.0241  0.0240  0.0241  0.0240  0.0240
  0.0243  0.0242  0.0241  0.0247  0.0243  0.0242  0.0242  0.0243  0.0241  0.0243  0.0240  0.0240
registration optimization eta report
parameter search radius
    0.8000    0.8000    0.8000    2.4000    2.4000    2.4000
    2.4000    2.4000    2.4000    2.4000    2.4000    2.4000
100000*second partial in parameter space
       61.       41.       24.       14.        6.        6.
        5.        7.        4.        8.        2.        2.
  0.0243  0.0242  0.0241  0.0248  0.0242  0.0243  0.0242  0.0243  0.0241  0.0244  0.0240  0.0240
  0.0241  0.0240  0.0240  0.0244  0.0241  0.0242  0.0240  0.0241  0.0240  0.0241  0.0240  0.0240
  0.0240  0.0240  0.0240  0.0241  0.0240  0.0240  0.0239  0.0239  0.0239  0.0240  0.0239  0.0239
  0.0239  0.0239  0.0239  0.0239  0.0239  0.0239  0.0239  0.0239  0.0239  0.0239  0.0239  0.0239
  0.0240  0.0240  0.0240  0.0240  0.0240  0.0239  0.0239  0.0240  0.0239  0.0240  0.0239  0.0239
  0.0241  0.0241  0.0240  0.0242  0.0241  0.0240  0.0240  0.0241  0.0240  0.0241  0.0240  0.0240
  0.0243  0.0242  0.0241  0.0247  0.0243  0.0242  0.0242  0.0243  0.0241  0.0243  0.0240  0.0240
    4.5994   -2.1223    5.4127   -1.8930  -13.5037    4.6096
    3.6992    4.2853   -2.5746   31.7473   -2.3770  -34.3637
eta,q 0.97609  9.11899

---------------------------------------------------------------------
compute_vox2vox talsrcimg talsrcimg_to_711-2C_as_mni_average_305_t4 /opt/freesurfer/average/711-2C_as_mni_average_305
---------------------------------------------------------------------

freesurfer compute_vox2vox.c
Reading: talsrcimg.4dfp.ifh
Reading: talsrcimg_to_711-2C_as_mni_average_305_t4
Reading: /opt/freesurfer/average/711-2C_as_mni_average_305.4dfp.ifh
Writing: talsrcimg_to_711-2C_as_mni_average_305_t4_vox2vox.txt

start time Thu Mar 12 14:29:54 CET 2026
end		time Thu Mar 12 14:31:24 CET 2026

mpr2mni305 success

avi2talxfm orig_nu.mgz /opt/freesurfer/average/mni305.cor.mgz talsrcimg_to_711-2C_as_mni_average_305_t4_vox2vox.txt transforms/talairach.auto.xfm
avi2talxfm done
mv -f /out/sourcedata/freesurfer/sub-v1s1x0050655_ses-1/mri/talsrcimg_to_711-2C_as_mni_average_305_t4_vox2vox.txt /out/sourcedata/freesurfer/sub-v1s1x0050655_ses-1/mri/transforms/talsrcimg_to_711-2C_as_mni_average_305_t4_vox2vox.txt
lta_convert --src orig_nu.mgz --trg /opt/freesurfer/average/mni305.cor.mgz --inxfm transforms/talairach.auto.xfm --outlta transforms/talairach.auto.xfm.lta --subject fsaverage
7.3.2

--src: orig_nu.mgz src image (geometry).
--trg: /opt/freesurfer/average/mni305.cor.mgz trg image (geometry).
--inmni: transforms/talairach.auto.xfm input MNI/XFM transform.
--outlta: transforms/talairach.auto.xfm.lta output LTA.
--s: fsaverage subject name
 LTA read, type : 1
 1.01727  -0.02541  -0.05360  -5.11012;
 0.02950   0.85234   0.33736  -5.38530;
 0.01945  -0.31360   1.03070   2.75497;
 0.00000   0.00000   0.00000   1.00000;
setting subject to fsaverage
Writing  LTA to file transforms/talairach.auto.xfm.lta...
lta_convert successful.
 
 
Started at Thu Mar 12 14:29:53 CET 2026
Ended   at Thu Mar 12 14:31:24 CET 2026
talairach_avi done
