status file for recon-all
Thu Mar 12 14:15:12 CET 2026
#@# MotionCor Thu Mar 12 14:15:14 CET 2026
#@# Talairach Thu Mar 12 14:15:22 CET 2026
#@# Talairach Failure Detection Thu Mar 12 14:19:44 CET 2026
#@# Nu Intensity Correction Thu Mar 12 14:19:44 CET 2026
#@# Intensity Normalization Thu Mar 12 14:23:00 CET 2026
recon-all -s sub-v1s1x0050644_ses-1 finished without error at Thu Mar 12 14:24:31 CET 2026



#New# invocation of recon-all 



status file for recon-all
Thu Mar 12 14:31:06 CET 2026
#@# EM Registration Thu Mar 12 14:31:06 CET 2026
recon-all -s sub-v1s1x0050644_ses-1 finished without error at Thu Mar 12 14:32:42 CET 2026



#New# invocation of recon-all 



status file for recon-all
Thu Mar 12 14:32:45 CET 2026
#@# CA Normalize Thu Mar 12 14:32:45 CET 2026
#@# CA Reg Thu Mar 12 14:34:06 CET 2026
#@# SubCort Seg Thu Mar 12 15:12:15 CET 2026
#@# CC Seg Thu Mar 12 15:48:51 CET 2026
#@# Merge ASeg Thu Mar 12 15:49:29 CET 2026
#@# Intensity Normalization2 Thu Mar 12 15:49:29 CET 2026
#@# Mask BFS Thu Mar 12 15:51:45 CET 2026
#@# WM Segmentation Thu Mar 12 15:51:46 CET 2026
#@# Fill Thu Mar 12 15:53:58 CET 2026
recon-all -s sub-v1s1x0050644_ses-1 finished without error at Thu Mar 12 15:54:58 CET 2026



#New# invocation of recon-all 



status file for recon-all
Thu Mar 12 16:39:36 CET 2026
#@# white curv lh Thu Mar 12 16:39:36 CET 2026
#@# white area lh Thu Mar 12 16:39:36 CET 2026
#@# pial curv lh Thu Mar 12 16:39:36 CET 2026
#@# pial area lh Thu Mar 12 16:39:36 CET 2026
#@# thickness lh Thu Mar 12 16:39:36 CET 2026
#@# area and vertex vol lh Thu Mar 12 16:39:36 CET 2026
#@# white curv rh Thu Mar 12 16:39:36 CET 2026
#@# white area rh Thu Mar 12 16:39:36 CET 2026
#@# pial curv rh Thu Mar 12 16:39:36 CET 2026
#@# pial area rh Thu Mar 12 16:39:36 CET 2026
#@# thickness rh Thu Mar 12 16:39:36 CET 2026
#@# area and vertex vol rh Thu Mar 12 16:39:36 CET 2026
#@# Cortical ribbon mask Thu Mar 12 16:39:36 CET 2026
recon-all -s sub-v1s1x0050644_ses-1 finished without error at Thu Mar 12 16:43:39 CET 2026



#New# invocation of recon-all 



status file for recon-all
Thu Mar 12 16:49:54 CET 2026
#@# white curv lh Thu Mar 12 16:49:54 CET 2026
#@# white area lh Thu Mar 12 16:49:54 CET 2026
#@# pial curv lh Thu Mar 12 16:49:54 CET 2026
#@# pial area lh Thu Mar 12 16:49:54 CET 2026
#@# thickness lh Thu Mar 12 16:49:54 CET 2026
#@# area and vertex vol lh Thu Mar 12 16:49:54 CET 2026
#@# white curv rh Thu Mar 12 16:49:54 CET 2026
#@# white area rh Thu Mar 12 16:49:54 CET 2026
#@# pial curv rh Thu Mar 12 16:49:54 CET 2026
#@# pial area rh Thu Mar 12 16:49:54 CET 2026
#@# thickness rh Thu Mar 12 16:49:54 CET 2026
#@# area and vertex vol rh Thu Mar 12 16:49:54 CET 2026
#@# Curvature Stats lh Thu Mar 12 16:49:54 CET 2026
#@# Curvature Stats rh Thu Mar 12 16:49:57 CET 2026
#@# Relabel Hypointensities Thu Mar 12 16:49:59 CET 2026
#@# APas-to-ASeg Thu Mar 12 16:50:14 CET 2026
#@# AParc-to-ASeg aparc Thu Mar 12 16:50:21 CET 2026
#@# AParc-to-ASeg aparc.a2009s Thu Mar 12 16:51:01 CET 2026
#@# AParc-to-ASeg aparc.DKTatlas Thu Mar 12 16:51:40 CET 2026
#@# WMParc Thu Mar 12 16:52:18 CET 2026
#@# ASeg Stats Thu Mar 12 16:55:53 CET 2026
recon-all -s sub-v1s1x0050644_ses-1 finished without error at Thu Mar 12 16:56:34 CET 2026
