status file for recon-all
Thu Mar 12 15:55:02 CET 2026
#@# Tessellate lh Thu Mar 12 15:55:02 CET 2026
#@# Smooth1 lh Thu Mar 12 15:55:06 CET 2026
#@# Inflation1 lh Thu Mar 12 15:55:08 CET 2026
#@# QSphere lh Thu Mar 12 15:55:21 CET 2026
#@# Fix Topology lh Thu Mar 12 15:56:18 CET 2026
#@# Smooth2 lh Thu Mar 12 16:02:33 CET 2026
#@# Inflation2 lh Thu Mar 12 16:02:36 CET 2026
#@# Curv .H and .K lh Thu Mar 12 16:02:48 CET 2026
#@# Sphere lh Thu Mar 12 16:03:34 CET 2026
#@# Surf Reg lh Thu Mar 12 16:05:40 CET 2026
#@# Jacobian white lh Thu Mar 12 16:08:59 CET 2026
#@# AvgCurv lh Thu Mar 12 16:09:00 CET 2026
#@# Cortical Parc lh Thu Mar 12 16:09:00 CET 2026
#@# white curv lh Thu Mar 12 16:14:45 CET 2026
#@# white area lh Thu Mar 12 16:14:47 CET 2026
#@# pial curv lh Thu Mar 12 16:14:48 CET 2026
#@# pial area lh Thu Mar 12 16:14:50 CET 2026
#@# thickness lh Thu Mar 12 16:14:51 CET 2026
#@# area and vertex vol lh Thu Mar 12 16:15:22 CET 2026
#@# Curvature Stats lh Thu Mar 12 16:15:24 CET 2026
#@# Cortical Parc 2 lh Thu Mar 12 16:15:26 CET 2026
#@# Cortical Parc 3 lh Thu Mar 12 16:15:40 CET 2026
#@# WM/GM Contrast lh Thu Mar 12 16:15:50 CET 2026
recon-all -s sub-v1s1x0050644_ses-1 finished without error at Thu Mar 12 16:15:53 CET 2026



#New# invocation of recon-all 



status file for recon-all
Thu Mar 12 16:43:44 CET 2026
#@# white curv lh Thu Mar 12 16:43:44 CET 2026
#@# white area lh Thu Mar 12 16:43:44 CET 2026
#@# pial curv lh Thu Mar 12 16:43:44 CET 2026
#@# pial area lh Thu Mar 12 16:43:44 CET 2026
#@# thickness lh Thu Mar 12 16:43:44 CET 2026
#@# area and vertex vol lh Thu Mar 12 16:43:44 CET 2026
#@# Parcellation Stats lh Thu Mar 12 16:43:44 CET 2026
#@# Parcellation Stats 2 lh Thu Mar 12 16:44:01 CET 2026
#@# Parcellation Stats 3 lh Thu Mar 12 16:44:11 CET 2026
#@# BA_exvivo Labels lh Thu Mar 12 16:44:20 CET 2026
recon-all -s sub-v1s1x0050644_ses-1 finished without error at Thu Mar 12 16:46:47 CET 2026
