/out/sourcedata/freesurfer/sub-v1s1x0050661_ses-1/mri
/opt/freesurfer/bin/talairach_avi
--i orig_nu.mgz --xfm transforms/talairach.auto.xfm
talairach_avi 7.3.2
Linux dna003 5.14.0-427.37.1.el9_4.x86_64 #1 SMP PREEMPT_DYNAMIC Fri Sep 13 12:41:50 EDT 2024 x86_64 x86_64 x86_64 GNU/Linux
Thu Mar 12 14:34:20 CET 2026
mri_convert orig_nu.mgz talsrcimg.img 
reading from orig_nu.mgz...
TR=0.00, TE=0.00, TI=0.00, flip angle=0.00
i_ras = (-1, 0, 0)
j_ras = (0, 0, -1)
k_ras = (0, 1, 0)
writing to talsrcimg.img...
Analyze Output Matrix
-1.00000   0.00000   0.00000   131.00000;
 0.00000   0.00000   1.00000  -151.00000;
 0.00000  -1.00000   0.00000   149.50000;
 0.00000   0.00000   0.00000   1.00000;
--------------------
INFO: set hdr.hist.orient to -1
mpr2mni305 talsrcimg
Thu Mar 12 14:34:20 CET 2026
/opt/freesurfer/bin/mpr2mni305 talsrcimg
mpr2mni305 7.3.2
target=711-2C_as_mni_average_305

---------------------------------------------------------------------
analyzeto4dfp talsrcimg -O0 -y
---------------------------------------------------------------------

freesurfer ifh2hdr.c
Thu Mar 12 14:34:20 2026
Writing: talsrcimg.4dfp.hdr
freesurfer analyzeto4dfp.c
Reading: talsrcimg.hdr
header size 348 bytes
hdr.dime.datatype	offset=70	value=2
hdr.dime.bitpix		offset=72	value=8
hdr.hist.orient		offset=252	value=-1
dimensionality     4
dimensions       256       256       256         1
Reading: talsrcimg.img
Writing: talsrcimg.4dfp.img
Writing: talsrcimg.4dfp.ifh
ifh2hdr talsrcimg -r0to243
ori=2

---------------------------------------------------------------------
gauss_4dfp talsrcimg 1.1
---------------------------------------------------------------------

freesurfer gauss_4dfp.c
Reading: talsrcimg.4dfp.img
Writing: talsrcimg_g11.4dfp.img
image dimensions 256 256 256 padded to 288 288 288
processing volume 1freesurfer ifh2hdr.c
Thu Mar 12 14:34:22 2026
Writing: talsrcimg_g11.4dfp.hdr

Writing: talsrcimg_g11.4dfp.ifh
including: talsrcimg.4dfp.img.rec in talsrcimg_g11.4dfp.img.rec

---------------------------------------------------------------------
imgreg_4dfp /opt/freesurfer/average/711-2C_as_mni_average_305 none talsrcimg_g11 none talsrcimg_to_711-2C_as_mni_average_305_t4 4355
---------------------------------------------------------------------

freesurfer imgreg_4dfp.c
/opt/freesurfer/average/711-2C_as_mni_average_305.4dfp.img
       256       256       256         1
  1.000000  1.000000  1.000000
orientation T byte_order littleendian
Reading image: /opt/freesurfer/average/711-2C_as_mni_average_305.4dfp.img
dimensions:      256       256       256
mmppix:       1.0000   -1.0000   -1.0000
center:     128.0000 -129.0000 -129.0000
talsrcimg_g11.4dfp.img
       256       256       256         1
  1.000000  1.000000  1.000000
orientation T byte_order littleendian
Reading image: talsrcimg_g11.4dfp.img
dimensions:      256       256       256
mmppix:       1.0000   -1.0000   -1.0000
center:     128.0000 -129.0000 -129.0000
t4_read: open error in t4_sub.f l:  41 t4_file(1:l)talsrcimg_to_711-2C_as_mni_average_305_t4 
t4_read: transform initialized to I4
rotation matrix determinant  1.000000
image alignment mode   4355 decimal     1103 hex
   -7.5000  -45.0000  -45.0000 7644.5635   16.2538
    0.0000  -45.0000  -45.0000 7951.8066   16.2470
    7.5000  -45.0000  -45.0000 7642.9819   16.2387
   -7.5000  -37.5000  -45.0000 8156.0825   16.2639
    0.0000  -37.5000  -45.0000 8480.8398   16.2559
    7.5000  -37.5000  -45.0000 8156.0552   16.2450
   -7.5000  -30.0000  -45.0000 8940.5664   16.2644
    0.0000  -30.0000  -45.0000 9284.4502   16.2599
    7.5000  -30.0000  -45.0000 8938.3682   16.2508
   -7.5000  -22.5000  -45.0000 9605.1182   16.2492
    0.0000  -22.5000  -45.0000 9984.1377   16.2504
    7.5000  -22.5000  -45.0000 9600.2266   16.2463
   -7.5000  -15.0000  -45.000010141.7285   16.2384
    0.0000  -15.0000  -45.000010565.6582   16.2406
    7.5000  -15.0000  -45.000010132.3125   16.2398
   -7.5000   -7.5000  -45.000010726.3096   16.2434
    0.0000   -7.5000  -45.000011176.1758   16.2412
    7.5000   -7.5000  -45.000010699.3291   16.2381
   -7.5000    0.0000  -45.000011232.1914   16.2538
    0.0000    0.0000  -45.000011668.9375   16.2470
    7.5000    0.0000  -45.000011166.7715   16.2387
   -7.5000    7.5000  -45.000010799.5781   16.2639
    0.0000    7.5000  -45.000011182.4229   16.2559
    7.5000    7.5000  -45.000010724.1992   16.2450
   -7.5000   15.0000  -45.000010383.3877   16.2644
    0.0000   15.0000  -45.000010759.4170   16.2599
    7.5000   15.0000  -45.000010303.3496   16.2508
   -7.5000   22.5000  -45.0000 9712.6279   16.2470
    0.0000   22.5000  -45.000010084.1162   16.2481
    7.5000   22.5000  -45.0000 9652.1660   16.2440
   -7.5000   30.0000  -45.0000 8788.0420   16.0220
    0.0000   30.0000  -45.0000 9121.3564   16.0241
    7.5000   30.0000  -45.0000 8741.7109   16.0234
   -7.5000   37.5000  -45.0000 8236.0146   16.0269
    0.0000   37.5000  -45.0000 8534.2285   16.0248
    7.5000   37.5000  -45.0000 8175.6846   16.0217
   -7.5000   45.0000  -45.0000 7476.5220   15.6300
    0.0000   45.0000  -45.0000 7739.5366   15.6234
    7.5000   45.0000  -45.0000 7407.8213   15.6155
   -7.5000  -45.0000  -37.5000 8208.1611   16.2196
    0.0000  -45.0000  -37.5000 8555.2051   16.2134
    7.5000  -45.0000  -37.5000 8200.8672   16.2053
   -7.5000  -37.5000  -37.5000 8747.3213   16.2271
    0.0000  -37.5000  -37.5000 9128.3135   16.2194
    7.5000  -37.5000  -37.5000 8724.3301   16.2084
   -7.5000  -30.0000  -37.5000 9582.1270   16.2201
    0.0000  -30.0000  -37.5000 9991.7920   16.2140
    7.5000  -30.0000  -37.5000 9554.0166   16.2042
   -7.5000  -22.5000  -37.500010278.6514   16.1997
    0.0000  -22.5000  -37.500010725.9473   16.1978
    7.5000  -22.5000  -37.500010239.7930   16.1927
   -7.5000  -15.0000  -37.500010868.4180   16.1909
    0.0000  -15.0000  -37.500011399.4072   16.1901
    7.5000  -15.0000  -37.500010830.0078   16.1891
   -7.5000   -7.5000  -37.500011485.7627   16.2038
    0.0000   -7.5000  -37.500012017.3740   16.2004
    7.5000   -7.5000  -37.500011417.0674   16.1974
   -7.5000    0.0000  -37.500011988.6094   16.2196
    0.0000    0.0000  -37.500012490.6191   16.2134
    7.5000    0.0000  -37.500011892.6250   16.2053
   -7.5000    7.5000  -37.500011494.7559   16.2271
    0.0000    7.5000  -37.500011942.6504   16.2194
    7.5000    7.5000  -37.500011378.9023   16.2084
   -7.5000   15.0000  -37.500011060.0166   16.2201
    0.0000   15.0000  -37.500011500.1924   16.2140
    7.5000   15.0000  -37.500010908.5117   16.2042
   -7.5000   22.5000  -37.500010351.7314   16.1975
    0.0000   22.5000  -37.500010784.6572   16.1956
    7.5000   22.5000  -37.500010232.1152   16.1905
   -7.5000   30.0000  -37.5000 9339.1514   15.9751
    0.0000   30.0000  -37.5000 9751.5137   15.9744
    7.5000   30.0000  -37.5000 9266.6826   15.9734
   -7.5000   37.5000  -37.5000 8704.1689   15.9879
    0.0000   37.5000  -37.5000 9070.4395   15.9845
    7.5000   37.5000  -37.5000 8643.6758   15.9815
   -7.5000   45.0000  -37.5000 7895.1104   15.5971
    0.0000   45.0000  -37.5000 8221.5381   15.5912
    7.5000   45.0000  -37.5000 7834.7842   15.5834
   -7.5000  -45.0000  -30.0000 8906.9355   16.8876
    0.0000  -45.0000  -30.0000 9318.8535   16.8891
    7.5000  -45.0000  -30.0000 8889.4590   16.8842
   -7.5000  -37.5000  -30.0000 9482.1309   16.9018
    0.0000  -37.5000  -30.0000 9916.9805   16.9027
    7.5000  -37.5000  -30.0000 9451.8223   16.8934
   -7.5000  -30.0000  -30.000010378.7256   16.9003
    0.0000  -30.0000  -30.000010864.0830   16.9033
    7.5000  -30.0000  -30.000010310.4756   16.8936
   -7.5000  -22.5000  -30.000011111.9121   16.8785
    0.0000  -22.5000  -30.000011630.6006   16.8847
    7.5000  -22.5000  -30.000011010.7041   16.8801
   -7.5000  -15.0000  -30.000011778.8672   16.8628
    0.0000  -15.0000  -30.000012351.2412   16.8687
    7.5000  -15.0000  -30.000011663.0488   16.8702
   -7.5000   -7.5000  -30.000012427.5137   16.8705
    0.0000   -7.5000  -30.000013009.3965   16.8737
    7.5000   -7.5000  -30.000012276.6289   16.8744
   -7.5000    0.0000  -30.000012964.6299   16.8876
    0.0000    0.0000  -30.000013568.3779   16.8891
    7.5000    0.0000  -30.000012815.5527   16.8842
   -7.5000    7.5000  -30.000012403.8877   16.9018
    0.0000    7.5000  -30.000012950.4004   16.9027
    7.5000    7.5000  -30.000012252.2676   16.8934
   -7.5000   15.0000  -30.000011862.5410   16.9003
    0.0000   15.0000  -30.000012388.0225   16.9033
    7.5000   15.0000  -30.000011687.8564   16.8936
   -7.5000   22.5000  -30.000011127.2275   16.8744
    0.0000   22.5000  -30.000011640.0977   16.8806
    7.5000   22.5000  -30.000010976.8418   16.8761
   -7.5000   30.0000  -30.000010063.7002   16.6396
    0.0000   30.0000  -30.000010539.6113   16.6455
    7.5000   30.0000  -30.0000 9942.9414   16.6470
   -7.5000   37.5000  -30.0000 9337.6025   16.6473
    0.0000   37.5000  -30.0000 9767.4980   16.6504
    7.5000   37.5000  -30.0000 9250.9131   16.6512
   -7.5000   45.0000  -30.0000 8459.9834   16.2514
    0.0000   45.0000  -30.0000 8836.6084   16.2528
    7.5000   45.0000  -30.0000 8394.2090   16.2481
   -7.5000  -45.0000  -22.5000 9647.1357   17.4522
    0.0000  -45.0000  -22.500010118.3799   17.4610
    7.5000  -45.0000  -22.5000 9605.1514   17.4588
   -7.5000  -37.5000  -22.500010211.5996   17.4774
    0.0000  -37.5000  -22.500010715.7998   17.4872
    7.5000  -37.5000  -22.500010158.8252   17.4790
   -7.5000  -30.0000  -22.500011149.6885   17.4898
    0.0000  -30.0000  -22.500011710.7314   17.5044
    7.5000  -30.0000  -22.500011065.8516   17.4951
   -7.5000  -22.5000  -22.500011943.0791   17.4703
    0.0000  -22.5000  -22.500012515.9531   17.4890
    7.5000  -22.5000  -22.500011814.0166   17.4862
   -7.5000  -15.0000  -22.500012655.7090   17.4437
    0.0000  -15.0000  -22.500013278.4336   17.4606
    7.5000  -15.0000  -22.500012488.2041   17.4655
   -7.5000   -7.5000  -22.500013380.7334   17.4381
    0.0000   -7.5000  -22.500014040.3486   17.4497
    7.5000   -7.5000  -22.500013164.9932   17.4542
   -7.5000    0.0000  -22.500013976.1055   17.4522
    0.0000    0.0000  -22.500014693.2988   17.4610
    7.5000    0.0000  -22.500013746.5176   17.4588
   -7.5000    7.5000  -22.500013323.5479   17.4774
    0.0000    7.5000  -22.500014010.1318   17.4872
    7.5000    7.5000  -22.500013129.1807   17.4790
   -7.5000   15.0000  -22.500012635.3145   17.4898
    0.0000   15.0000  -22.500013284.0195   17.5044
    7.5000   15.0000  -22.500012436.9961   17.4951
   -7.5000   22.5000  -22.500011877.7373   17.4649
    0.0000   22.5000  -22.500012490.6514   17.4836
    7.5000   22.5000  -22.500011685.1172   17.4808
   -7.5000   30.0000  -22.500010767.2412   17.2155
    0.0000   30.0000  -22.500011328.9414   17.2322
    7.5000   30.0000  -22.500010594.4658   17.2370
   -7.5000   37.5000  -22.5000 9990.2656   17.2100
    0.0000   37.5000  -22.500010474.1562   17.2215
    7.5000   37.5000  -22.5000 9849.0156   17.2259
   -7.5000   45.0000  -22.5000 9021.3252   16.8074
    0.0000   45.0000  -22.5000 9459.3623   16.8158
    7.5000   45.0000  -22.5000 8928.9561   16.8137
   -7.5000  -45.0000  -15.000010362.2236   17.8686
    0.0000  -45.0000  -15.000010863.2607   17.8773
    7.5000  -45.0000  -15.000010327.7725   17.8754
   -7.5000  -37.5000  -15.000010939.3291   17.8973
    0.0000  -37.5000  -15.000011469.5693   17.9077
    7.5000  -37.5000  -15.000010895.4688   17.8997
   -7.5000  -30.0000  -15.000011923.2100   17.9196
    0.0000  -30.0000  -15.000012518.8779   17.9379
    7.5000  -30.0000  -15.000011850.7803   17.9297
   -7.5000  -22.5000  -15.000012767.6826   17.9070
    0.0000  -22.5000  -15.000013401.6719   17.9318
    7.5000  -22.5000  -15.000012636.8760   17.9308
   -7.5000  -15.0000  -15.000013494.5166   17.8776
    0.0000  -15.0000  -15.000014158.1348   17.9001
    7.5000  -15.0000  -15.000013304.8877   17.9067
   -7.5000   -7.5000  -15.000014254.8037   17.8616
    0.0000   -7.5000  -15.000014961.3682   17.8758
    7.5000   -7.5000  -15.000014015.8242   17.8813
   -7.5000    0.0000  -15.000014936.1182   17.8686
    0.0000    0.0000  -15.000015699.5020   17.8773
    7.5000    0.0000  -15.000014666.6211   17.8754
   -7.5000    7.5000  -15.000014238.5225   17.8973
    0.0000    7.5000  -15.000015022.5146   17.9077
    7.5000    7.5000  -15.000014026.5293   17.8997
   -7.5000   15.0000  -15.000013433.5635   17.9196
    0.0000   15.0000  -15.000014162.1416   17.9379
    7.5000   15.0000  -15.000013203.7451   17.9297
   -7.5000   22.5000  -15.000012596.6084   17.9007
    0.0000   22.5000  -15.000013258.9932   17.9254
    7.5000   22.5000  -15.000012367.7949   17.9244
   -7.5000   30.0000  -15.000011421.8506   17.6463
    0.0000   30.0000  -15.000012022.2773   17.6685
    7.5000   30.0000  -15.000011221.9502   17.6749
   -7.5000   37.5000  -15.000010617.2246   17.6304
    0.0000   37.5000  -15.000011175.2969   17.6445
    7.5000   37.5000  -15.000010437.7812   17.6499
   -7.5000   45.0000  -15.0000 9561.9453   17.2187
    0.0000   45.0000  -15.000010069.9141   17.2271
    7.5000   45.0000  -15.0000 9428.1641   17.2253
   -7.5000  -45.0000   -7.500011089.3203   18.0945
    0.0000  -45.0000   -7.500011617.6602   18.0949
    7.5000  -45.0000   -7.500011075.5898   18.0898
   -7.5000  -37.5000   -7.500011735.4912   18.1152
    0.0000  -37.5000   -7.500012304.9844   18.1160
    7.5000  -37.5000   -7.500011703.4619   18.1064
   -7.5000  -30.0000   -7.500012770.8848   18.1314
    0.0000  -30.0000   -7.500013410.6885   18.1395
    7.5000  -30.0000   -7.500012701.8682   18.1310
   -7.5000  -22.5000   -7.500013641.3711   18.1214
    0.0000  -22.5000   -7.500014316.9785   18.1368
    7.5000  -22.5000   -7.500013515.7324   18.1347
   -7.5000  -15.0000   -7.500014361.1621   18.1005
    0.0000  -15.0000   -7.500015051.9609   18.1153
    7.5000  -15.0000   -7.500014184.1074   18.1185
   -7.5000   -7.5000   -7.500015152.8740   18.0898
    0.0000   -7.5000   -7.500015874.1787   18.0969
    7.5000   -7.5000   -7.500014918.8135   18.0982
   -7.5000    0.0000   -7.500015908.7109   18.0945
    0.0000    0.0000   -7.500016723.4609   18.0949
    7.5000    0.0000   -7.500015644.4062   18.0898
   -7.5000    7.5000   -7.500015209.9863   18.1152
    0.0000    7.5000   -7.500016006.6074   18.1160
    7.5000    7.5000   -7.500014958.3750   18.1064
   -7.5000   15.0000   -7.500014335.6484   18.1314
    0.0000   15.0000   -7.500015066.8955   18.1395
    7.5000   15.0000   -7.500014032.0820   18.1310
   -7.5000   22.5000   -7.500013389.5176   18.1130
    0.0000   22.5000   -7.500014052.3691   18.1284
    7.5000   22.5000   -7.500013092.6797   18.1263
   -7.5000   30.0000   -7.500012139.0361   17.8657
    0.0000   30.0000   -7.500012768.0029   17.8804
    7.5000   30.0000   -7.500011907.2109   17.8836
   -7.5000   37.5000   -7.500011290.8242   17.8552
    0.0000   37.5000   -7.500011889.7686   17.8622
    7.5000   37.5000   -7.500011078.8613   17.8635
   -7.5000   45.0000   -7.500010181.0273   17.4397
    0.0000   45.0000   -7.500010699.0820   17.4401
    7.5000   45.0000   -7.5000 9994.1426   17.4352
   -7.5000  -45.0000    0.000011767.2695   18.1492
    0.0000  -45.0000    0.000012299.6309   18.1415
    7.5000  -45.0000    0.000011726.2363   18.1321
   -7.5000  -37.5000    0.000012464.7266   18.1601
    0.0000  -37.5000    0.000013056.7432   18.1510
    7.5000  -37.5000    0.000012397.2041   18.1387
   -7.5000  -30.0000    0.000013570.6074   18.1603
    0.0000  -30.0000    0.000014231.0000   18.1551
    7.5000  -30.0000    0.000013471.0293   18.1447
   -7.5000  -22.5000    0.000014504.0576   18.1437
    0.0000  -22.5000    0.000015208.9668   18.1447
    7.5000  -22.5000    0.000014356.3467   18.1399
   -7.5000  -15.0000    0.000015245.2324   18.1320
    0.0000  -15.0000    0.000015951.6914   18.1342
    7.5000  -15.0000    0.000015038.5215   18.1331
   -7.5000   -7.5000    0.000016039.6162   18.1378
    0.0000   -7.5000    0.000016716.5215   18.1352
    7.5000   -7.5000    0.000015802.0391   18.1315
   -7.5000    0.0000    0.000016844.0684   18.1492
    0.0000    0.0000    0.000017613.3359   18.1415
    7.5000    0.0000    0.000016574.9551   18.1321
   -7.5000    7.5000    0.000016135.8877   18.1601
    0.0000    7.5000    0.000016883.0371   18.1510
    7.5000    7.5000    0.000015836.6787   18.1387
   -7.5000   15.0000    0.000015180.4990   18.1603
    0.0000   15.0000    0.000015904.7080   18.1551
    7.5000   15.0000    0.000014841.9346   18.1447
   -7.5000   22.5000    0.000014132.5508   18.1353
    0.0000   22.5000    0.000014782.7979   18.1363
    7.5000   22.5000    0.000013770.5576   18.1315
   -7.5000   30.0000    0.000012835.1299   17.8973
    0.0000   30.0000    0.000013434.1182   17.8995
    7.5000   30.0000    0.000012518.3477   17.8985
   -7.5000   37.5000    0.000011990.3857   17.9030
    0.0000   37.5000    0.000012535.1426   17.9005
    7.5000   37.5000    0.000011691.9766   17.8969
   -7.5000   45.0000    0.000010791.2715   17.4938
    0.0000   45.0000    0.000011265.7354   17.4863
    7.5000   45.0000    0.000010522.6572   17.4773
   -7.5000  -45.0000    7.500011527.1406   18.1498
    0.0000  -45.0000    7.500012003.3555   18.1429
    7.5000  -45.0000    7.500011469.3564   18.1338
   -7.5000  -37.5000    7.500012194.2656   18.1581
    0.0000  -37.5000    7.500012713.9180   18.1495
    7.5000  -37.5000    7.500012109.6475   18.1372
   -7.5000  -30.0000    7.500013317.5830   18.1503
    0.0000  -30.0000    7.500013901.4814   18.1435
    7.5000  -30.0000    7.500013185.5850   18.1326
   -7.5000  -22.5000    7.500014347.9170   18.1276
    0.0000  -22.5000    7.500015054.4307   18.1255
    7.5000  -22.5000    7.500014145.3945   18.1198
   -7.5000  -15.0000    7.500015038.2158   18.1177
    0.0000  -15.0000    7.500015626.0049   18.1169
    7.5000  -15.0000    7.500014815.8955   18.1157
   -7.5000   -7.5000    7.500015675.6514   18.1322
    0.0000   -7.5000    7.500016207.5098   18.1283
    7.5000   -7.5000    7.500015493.1904   18.1250
   -7.5000    0.0000    7.500016467.4258   18.1498
    0.0000    0.0000    7.500017069.3652   18.1429
    7.5000    0.0000    7.500016268.0391   18.1338
   -7.5000    7.5000    7.500015844.8486   18.1581
    0.0000    7.5000    7.500016461.4551   18.1495
    7.5000    7.5000    7.500015607.7939   18.1372
   -7.5000   15.0000    7.500014912.8828   18.1503
    0.0000   15.0000    7.500015513.2627   18.1435
    7.5000   15.0000    7.500014612.0254   18.1326
   -7.5000   22.5000    7.500013823.3545   18.1193
    0.0000   22.5000    7.500014369.3379   18.1171
    7.5000   22.5000    7.500013476.5449   18.1115
   -7.5000   30.0000    7.500012544.0791   17.8833
    0.0000   30.0000    7.500013058.0381   17.8825
    7.5000   30.0000    7.500012211.3037   17.8813
   -7.5000   37.5000    7.500011688.6523   17.8975
    0.0000   37.5000    7.500012199.4893   17.8937
    7.5000   37.5000    7.500011375.1025   17.8904
   -7.5000   45.0000    7.500010539.4531   17.4943
    0.0000   45.0000    7.500010994.7959   17.4876
    7.5000   45.0000    7.500010253.4844   17.4789
   -7.5000  -45.0000   15.000011135.3662   18.1345
    0.0000  -45.0000   15.000011621.1494   18.1361
    7.5000  -45.0000   15.000011068.3369   18.1309
   -7.5000  -37.5000   15.000011748.9619   18.1497
    0.0000  -37.5000   15.000012247.4932   18.1508
    7.5000  -37.5000   15.000011680.7871   18.1407
   -7.5000  -30.0000   15.000012770.7754   18.1482
    0.0000  -30.0000   15.000013335.1992   18.1514
    7.5000  -30.0000   15.000012680.1260   18.1409
   -7.5000  -22.5000   15.000013822.5254   18.1247
    0.0000  -22.5000   15.000014438.7920   18.1314
    7.5000  -22.5000   15.000013666.3252   18.1265
   -7.5000  -15.0000   15.000014568.1797   18.1078
    0.0000  -15.0000   15.000014974.0693   18.1142
    7.5000  -15.0000   15.000014457.8818   18.1158
   -7.5000   -7.5000   15.000015248.7578   18.1162
    0.0000   -7.5000   15.000015531.7188   18.1195
    7.5000   -7.5000   15.000015172.5098   18.1204
   -7.5000    0.0000   15.000016110.9102   18.1345
    0.0000    0.0000   15.000016463.1211   18.1361
    7.5000    0.0000   15.000015930.8232   18.1309
   -7.5000    7.5000   15.000015503.9443   18.1497
    0.0000    7.5000   15.000015970.3779   18.1508
    7.5000    7.5000   15.000015240.8535   18.1407
   -7.5000   15.0000   15.000014498.7656   18.1482
    0.0000   15.0000   15.000015003.8994   18.1514
    7.5000   15.0000   15.000014163.0078   18.1409
   -7.5000   22.5000   15.000013282.6338   18.1164
    0.0000   22.5000   15.000013834.8662   18.1230
    7.5000   22.5000   15.000012939.8271   18.1181
   -7.5000   30.0000   15.000012040.8311   17.8735
    0.0000   30.0000   15.000012575.1650   17.8798
    7.5000   30.0000   15.000011725.7188   17.8814
   -7.5000   37.5000   15.000011231.3398   17.8817
    0.0000   37.5000   15.000011759.2510   17.8850
    7.5000   37.5000   15.000010947.5576   17.8859
   -7.5000   45.0000   15.000010139.4971   17.4796
    0.0000   45.0000   15.000010624.8809   17.4811
    7.5000   45.0000   15.0000 9891.5146   17.4761
   -7.5000  -45.0000   22.500010644.2041   18.1168
    0.0000  -45.0000   22.500011085.2090   18.1260
    7.5000  -45.0000   22.500010575.6436   18.1237
   -7.5000  -37.5000   22.500011200.0879   18.1429
    0.0000  -37.5000   22.500011647.7432   18.1532
    7.5000  -37.5000   22.500011148.5557   18.1445
   -7.5000  -30.0000   22.500012154.6494   18.1558
    0.0000  -30.0000   22.500012643.6963   18.1710
    7.5000  -30.0000   22.500012112.0371   18.1613
   -7.5000  -22.5000   22.500013023.0029   18.1355
    0.0000  -22.5000   22.500013533.4824   18.1550
    7.5000  -22.5000   22.500012991.4658   18.1521
   -7.5000  -15.0000   22.500013799.9824   18.1079
    0.0000  -15.0000   22.500014333.0625   18.1255
    7.5000  -15.0000   22.500013791.3105   18.1305
   -7.5000   -7.5000   22.500014645.2324   18.1021
    0.0000   -7.5000   22.500015272.3574   18.1142
    7.5000   -7.5000   22.500014591.6328   18.1189
   -7.5000    0.0000   22.500015481.5234   18.1168
    0.0000    0.0000   22.500016192.1729   18.1260
    7.5000    0.0000   22.500015327.9121   18.1237
   -7.5000    7.5000   22.500014850.6367   18.1429
    0.0000    7.5000   22.500015543.3398   18.1532
    7.5000    7.5000   22.500014592.6182   18.1445
   -7.5000   15.0000   22.500013815.6270   18.1558
    0.0000   15.0000   22.500014426.5918   18.1710
    7.5000   15.0000   22.500013534.1807   18.1613
   -7.5000   22.5000   22.500012588.6270   18.1272
    0.0000   22.5000   22.500013121.6572   18.1467
    7.5000   22.5000   22.500012325.2539   18.1437
   -7.5000   30.0000   22.500011435.7793   17.8736
    0.0000   30.0000   22.500011899.6221   17.8909
    7.5000   30.0000   22.500011173.6768   17.8959
   -7.5000   37.5000   22.500010668.3535   17.8678
    0.0000   37.5000   22.500011092.6650   17.8798
    7.5000   37.5000   22.500010440.6221   17.8844
   -7.5000   45.0000   22.5000 9602.8398   17.4625
    0.0000   45.0000   22.500010015.4043   17.4713
    7.5000   45.0000   22.5000 9406.7695   17.4691
   -7.5000  -45.0000   30.000010004.5449   18.1138
    0.0000  -45.0000   30.000010471.0332   18.1226
    7.5000  -45.0000   30.0000 9944.4150   18.1207
   -7.5000  -37.5000   30.000010516.4805   18.1429
    0.0000  -37.5000   30.000011043.1250   18.1534
    7.5000  -37.5000   30.000010475.4512   18.1454
   -7.5000  -30.0000   30.000011428.1543   18.1655
    0.0000  -30.0000   30.000012015.7725   18.1841
    7.5000  -30.0000   30.000011403.2412   18.1757
   -7.5000  -22.5000   30.000012250.3125   18.1527
    0.0000  -22.5000   30.000012860.9678   18.1778
    7.5000  -22.5000   30.000012270.3486   18.1769
   -7.5000  -15.0000   30.000012958.0820   18.1230
    0.0000  -15.0000   30.000013559.5381   18.1458
    7.5000  -15.0000   30.000012945.5332   18.1524
   -7.5000   -7.5000   30.000013673.6514   18.1067
    0.0000   -7.5000   30.000014306.2803   18.1211
    7.5000   -7.5000   30.000013607.8252   18.1267
   -7.5000    0.0000   30.000014429.1953   18.1138
    0.0000    0.0000   30.000015069.2646   18.1226
    7.5000    0.0000   30.000014334.6738   18.1207
   -7.5000    7.5000   30.000013847.5107   18.1429
    0.0000    7.5000   30.000014459.5293   18.1534
    7.5000    7.5000   30.000013715.8945   18.1454
   -7.5000   15.0000   30.000012923.6055   18.1655
    0.0000   15.0000   30.000013503.1328   18.1841
    7.5000   15.0000   30.000012769.7256   18.1757
   -7.5000   22.5000   30.000011805.9199   18.1444
    0.0000   22.5000   30.000012328.5977   18.1695
    7.5000   22.5000   30.000011626.7275   18.1685
   -7.5000   30.0000   30.000010709.3613   17.8884
    0.0000   30.0000   30.000011192.5498   17.9109
    7.5000   30.0000   30.000010512.0010   17.9175
   -7.5000   37.5000   30.0000 9973.2236   17.8723
    0.0000   37.5000   30.000010407.5859   17.8866
    7.5000   37.5000   30.0000 9805.7227   17.8921
   -7.5000   45.0000   30.0000 8963.7148   17.4596
    0.0000   45.0000   30.0000 9345.2520   17.4681
    7.5000   45.0000   30.0000 8797.2656   17.4663
   -7.5000  -45.0000   37.5000 9712.6826   18.1635
    0.0000  -45.0000   37.500010176.2061   18.1640
    7.5000  -45.0000   37.5000 9656.1357   18.1590
   -7.5000  -37.5000   37.500010241.7822   18.1843
    0.0000  -37.5000   37.500010756.4082   18.1852
    7.5000  -37.5000   37.500010200.0469   18.1757
   -7.5000  -30.0000   37.500011137.0332   18.2009
    0.0000  -30.0000   37.500011692.6152   18.2090
    7.5000  -30.0000   37.500011140.5205   18.2006
   -7.5000  -22.5000   37.500011910.9326   18.1910
    0.0000  -22.5000   37.500012435.6865   18.2064
    7.5000  -22.5000   37.500011940.2246   18.2046
   -7.5000  -15.0000   37.500012543.1426   18.1699
    0.0000  -15.0000   37.500013062.6484   18.1848
    7.5000  -15.0000   37.500012550.7900   18.1883
   -7.5000   -7.5000   37.500013155.2197   18.1590
    0.0000   -7.5000   37.500013677.1377   18.1661
    7.5000   -7.5000   37.500013132.9639   18.1676
   -7.5000    0.0000   37.500013773.1699   18.1635
    0.0000    0.0000   37.500014302.5488   18.1640
    7.5000    0.0000   37.500013739.2734   18.1590
   -7.5000    7.5000   37.500013233.5684   18.1843
    0.0000    7.5000   37.500013761.0244   18.1852
    7.5000    7.5000   37.500013194.2178   18.1757
   -7.5000   15.0000   37.500012439.4736   18.2009
    0.0000   15.0000   37.500012963.1895   18.2090
    7.5000   15.0000   37.500012374.2344   18.2006
   -7.5000   22.5000   37.500011393.1104   18.1826
    0.0000   22.5000   37.500011877.7295   18.1980
    7.5000   22.5000   37.500011310.0898   18.1962
   -7.5000   30.0000   37.500010329.3672   17.9348
    0.0000   30.0000   37.500010762.9365   17.9495
    7.5000   30.0000   37.500010224.8613   17.9529
   -7.5000   37.5000   37.5000 9636.6953   17.9240
    0.0000   37.5000   37.500010034.3916   17.9310
    7.5000   37.5000   37.5000 9516.0625   17.9325
   -7.5000   45.0000   37.5000 8640.1758   17.5075
    0.0000   45.0000   37.5000 8995.5166   17.5080
    7.5000   45.0000   37.5000 8514.6357   17.5032
   -7.5000  -45.0000   45.0000 8963.3975   18.2470
    0.0000  -45.0000   45.0000 9411.0352   18.2384
    7.5000  -45.0000   45.0000 8937.0723   18.2279
   -7.5000  -37.5000   45.0000 9422.7783   18.2583
    0.0000  -37.5000   45.0000 9900.8643   18.2482
    7.5000  -37.5000   45.0000 9409.7324   18.2345
   -7.5000  -30.0000   45.000010218.0605   18.2581
    0.0000  -30.0000   45.000010714.8467   18.2520
    7.5000  -30.0000   45.000010229.5127   18.2403
   -7.5000  -22.5000   45.000010918.3975   18.2407
    0.0000  -22.5000   45.000011405.1475   18.2410
    7.5000  -22.5000   45.000010929.3379   18.2351
   -7.5000  -15.0000   45.000011488.5723   18.2285
    0.0000  -15.0000   45.000011980.7305   18.2303
    7.5000  -15.0000   45.000011498.1846   18.2283
   -7.5000   -7.5000   45.000012045.2480   18.2348
    0.0000   -7.5000   45.000012532.8125   18.2317
    7.5000   -7.5000   45.000012036.6650   18.2271
   -7.5000    0.0000   45.000012557.5723   18.2470
    0.0000    0.0000   45.000013051.3271   18.2384
    7.5000    0.0000   45.000012544.0957   18.2279
   -7.5000    7.5000   45.000012097.9170   18.2583
    0.0000    7.5000   45.000012570.2861   18.2482
    7.5000    7.5000   45.000012067.4307   18.2345
   -7.5000   15.0000   45.000011413.7725   18.2581
    0.0000   15.0000   45.000011910.0137   18.2520
    7.5000   15.0000   45.000011368.3301   18.2403
   -7.5000   22.5000   45.000010437.6279   18.2322
    0.0000   22.5000   45.000010909.3564   18.2326
    7.5000   22.5000   45.000010375.4629   18.2267
   -7.5000   30.0000   45.0000 9451.1426   17.9911
    0.0000   30.0000   45.0000 9881.7822   17.9928
    7.5000   30.0000   45.0000 9384.0176   17.9909
   -7.5000   37.5000   45.0000 8847.5615   17.9972
    0.0000   37.5000   45.0000 9234.7705   17.9941
    7.5000   37.5000   45.0000 8761.7441   17.9896
   -7.5000   45.0000   45.0000 7955.5557   17.5960
    0.0000   45.0000   45.0000 8281.6523   17.5877
    7.5000   45.0000   45.0000 7858.2788   17.5776

---------------------------------------------------------------------
imgreg_4dfp /opt/freesurfer/average/711-2C_as_mni_average_305 /opt/freesurfer/average/711-2B_as_mni_average_305_mask talsrcimg_g11 none talsrcimg_to_711-2C_as_mni_average_305_t4 4355
---------------------------------------------------------------------

freesurfer imgreg_4dfp.c
/opt/freesurfer/average/711-2C_as_mni_average_305.4dfp.img
       256       256       256         1
  1.000000  1.000000  1.000000
orientation T byte_order littleendian
Reading image: /opt/freesurfer/average/711-2C_as_mni_average_305.4dfp.img
dimensions:      256       256       256
mmppix:       1.0000   -1.0000   -1.0000
center:     128.0000 -129.0000 -129.0000
/opt/freesurfer/average/711-2B_as_mni_average_305_mask.4dfp.img
       256       256       256         1
  1.000000  1.000000  1.000000
orientation T byte_order littleendian
Reading mask: /opt/freesurfer/average/711-2B_as_mni_average_305_mask.4dfp.img (2306576 pixels)
talsrcimg_g11.4dfp.img
       256       256       256         1
  1.000000  1.000000  1.000000
orientation T byte_order littleendian
Reading image: talsrcimg_g11.4dfp.img
dimensions:      256       256       256
mmppix:       1.0000   -1.0000   -1.0000
center:     128.0000 -129.0000 -129.0000
rotation matrix determinant  1.000000
image alignment mode   4355 decimal     1103 hex
   -7.5000  -45.0000  -45.0000 2016.4545   18.5909
    0.0000  -45.0000  -45.0000 2032.6295   18.4876
    7.5000  -45.0000  -45.0000 2021.8713   18.5481
   -7.5000  -37.5000  -45.0000 2105.5854   17.3708
    0.0000  -37.5000  -45.0000 2116.6748   17.3406
    7.5000  -37.5000  -45.0000 2112.5623   17.3693
   -7.5000  -30.0000  -45.0000 2158.1975   16.5216
    0.0000  -30.0000  -45.0000 2167.0701   16.4834
    7.5000  -30.0000  -45.0000 2165.4402   16.5121
   -7.5000  -22.5000  -45.0000 2188.7085   15.9891
    0.0000  -22.5000  -45.0000 2198.9072   15.8673
    7.5000  -22.5000  -45.0000 2194.3591   16.0002
   -7.5000  -15.0000  -45.0000 2198.6584   15.8642
    0.0000  -15.0000  -45.0000 2205.5002   15.6771
    7.5000  -15.0000  -45.0000 2196.5791   15.8486
   -7.5000   -7.5000  -45.0000 2189.1453   16.0929
    0.0000   -7.5000  -45.0000 2201.0952   15.9365
    7.5000   -7.5000  -45.0000 2188.6704   16.1032
   -7.5000    0.0000  -45.0000 2179.6194   16.4415
    0.0000    0.0000  -45.0000 2189.3962   16.3054
    7.5000    0.0000  -45.0000 2172.3159   16.4736
   -7.5000    7.5000  -45.0000 2141.6638   17.1028
    0.0000    7.5000  -45.0000 2156.2556   16.9634
    7.5000    7.5000  -45.0000 2137.0967   17.1279
   -7.5000   15.0000  -45.0000 2091.4590   18.0350
    0.0000   15.0000  -45.0000 2104.8054   17.8516
    7.5000   15.0000  -45.0000 2090.2957   18.0883
   -7.5000   22.5000  -45.0000 2029.9733   19.3702
    0.0000   22.5000  -45.0000 2046.3320   19.1330
    7.5000   22.5000  -45.0000 2028.3230   19.4191
   -7.5000   30.0000  -45.0000 1942.3527   21.2115
    0.0000   30.0000  -45.0000 1957.2955   20.9796
    7.5000   30.0000  -45.0000 1939.1813   21.3007
   -7.5000   37.5000  -45.0000 1841.2794   23.7295
    0.0000   37.5000  -45.0000 1854.0742   23.4052
    7.5000   37.5000  -45.0000 1837.4559   23.8494
   -7.5000   45.0000  -45.0000 1724.1841   27.1126
    0.0000   45.0000  -45.0000 1735.9860   26.7642
    7.5000   45.0000  -45.0000 1716.8452   27.2109
   -7.5000  -45.0000  -37.5000 2119.5090   17.1053
    0.0000  -45.0000  -37.5000 2130.6802   17.0498
    7.5000  -45.0000  -37.5000 2121.9536   17.0671
   -7.5000  -37.5000  -37.5000 2211.3838   15.9521
    0.0000  -37.5000  -37.5000 2226.4839   15.9629
    7.5000  -37.5000  -37.5000 2214.5454   15.9012
   -7.5000  -30.0000  -37.5000 2269.9465   15.1111
    0.0000  -30.0000  -37.5000 2284.6262   15.1082
    7.5000  -30.0000  -37.5000 2274.1724   15.0692
   -7.5000  -22.5000  -37.5000 2298.1531   14.6173
    0.0000  -22.5000  -37.5000 2310.5940   14.6089
    7.5000  -22.5000  -37.5000 2294.8416   14.6120
   -7.5000  -15.0000  -37.5000 2301.3091   14.5152
    0.0000  -15.0000  -37.5000 2320.6018   14.4463
    7.5000  -15.0000  -37.5000 2300.1331   14.5233
   -7.5000   -7.5000  -37.5000 2294.8550   14.7347
    0.0000   -7.5000  -37.5000 2318.6602   14.6833
    7.5000   -7.5000  -37.5000 2291.7195   14.7488
   -7.5000    0.0000  -37.5000 2281.1782   15.0057
    0.0000    0.0000  -37.5000 2294.5562   14.9514
    7.5000    0.0000  -37.5000 2274.4512   15.0322
   -7.5000    7.5000  -37.5000 2248.5325   15.5678
    0.0000    7.5000  -37.5000 2262.1934   15.4941
    7.5000    7.5000  -37.5000 2242.2981   15.6123
   -7.5000   15.0000  -37.5000 2199.8118   16.3958
    0.0000   15.0000  -37.5000 2213.1445   16.3129
    7.5000   15.0000  -37.5000 2193.7512   16.4659
   -7.5000   22.5000  -37.5000 2133.5144   17.6051
    0.0000   22.5000  -37.5000 2144.9333   17.4848
    7.5000   22.5000  -37.5000 2124.9895   17.6858
   -7.5000   30.0000  -37.5000 2039.6384   19.2812
    0.0000   30.0000  -37.5000 2051.4309   19.1141
    7.5000   30.0000  -37.5000 2034.6959   19.3653
   -7.5000   37.5000  -37.5000 1933.5610   21.6338
    0.0000   37.5000  -37.5000 1941.7349   21.4094
    7.5000   37.5000  -37.5000 1926.1647   21.7125
   -7.5000   45.0000  -37.5000 1812.4476   24.6820
    0.0000   45.0000  -37.5000 1822.5135   24.4069
    7.5000   45.0000  -37.5000 1801.9464   24.7349
   -7.5000  -45.0000  -30.0000 2250.2039   16.4116
    0.0000  -45.0000  -30.0000 2264.6401   16.3944
    7.5000  -45.0000  -30.0000 2249.4985   16.3545
   -7.5000  -37.5000  -30.0000 2352.5198   15.1860
    0.0000  -37.5000  -30.0000 2366.1001   15.2092
    7.5000  -37.5000  -30.0000 2352.1418   15.1632
   -7.5000  -30.0000  -30.0000 2417.2188   14.3853
    0.0000  -30.0000  -30.0000 2434.5569   14.4181
    7.5000  -30.0000  -30.0000 2413.2866   14.3440
   -7.5000  -22.5000  -30.0000 2439.1855   13.9089
    0.0000  -22.5000  -30.0000 2454.9329   13.9310
    7.5000  -22.5000  -30.0000 2430.6667   13.8948
   -7.5000  -15.0000  -30.0000 2454.0837   13.7058
    0.0000  -15.0000  -30.0000 2473.5547   13.7241
    7.5000  -15.0000  -30.0000 2450.8323   13.7146
   -7.5000   -7.5000  -30.0000 2449.4292   13.9407
    0.0000   -7.5000  -30.0000 2469.2053   13.9376
    7.5000   -7.5000  -30.0000 2444.6396   13.9256
   -7.5000    0.0000  -30.0000 2431.3176   14.2123
    0.0000    0.0000  -30.0000 2449.3420   14.2439
    7.5000    0.0000  -30.0000 2427.0747   14.2505
   -7.5000    7.5000  -30.0000 2401.3628   14.7773
    0.0000    7.5000  -30.0000 2419.2593   14.7594
    7.5000    7.5000  -30.0000 2395.5811   14.8245
   -7.5000   15.0000  -30.0000 2349.9204   15.5517
    0.0000   15.0000  -30.0000 2366.1299   15.5262
    7.5000   15.0000  -30.0000 2344.1475   15.6232
   -7.5000   22.5000  -30.0000 2275.7673   16.6764
    0.0000   22.5000  -30.0000 2288.3303   16.6561
    7.5000   22.5000  -30.0000 2264.6604   16.7865
   -7.5000   30.0000  -30.0000 2178.1326   18.2343
    0.0000   30.0000  -30.0000 2187.0278   18.1966
    7.5000   30.0000  -30.0000 2164.5330   18.3656
   -7.5000   37.5000  -30.0000 2055.1055   20.4023
    0.0000   37.5000  -30.0000 2068.0115   20.3011
    7.5000   37.5000  -30.0000 2044.5323   20.4690
   -7.5000   45.0000  -30.0000 1926.3955   23.2198
    0.0000   45.0000  -30.0000 1941.7570   23.1243
    7.5000   45.0000  -30.0000 1915.8082   23.3062
   -7.5000  -45.0000  -22.5000 2351.3118   15.6186
    0.0000  -45.0000  -22.5000 2367.0759   15.6509
    7.5000  -45.0000  -22.5000 2350.7327   15.5690
   -7.5000  -37.5000  -22.5000 2450.2297   14.4246
    0.0000  -37.5000  -22.5000 2469.9182   14.4307
    7.5000  -37.5000  -22.5000 2448.1765   14.3770
   -7.5000  -30.0000  -22.5000 2524.8337   13.5779
    0.0000  -30.0000  -22.5000 2545.8035   13.5794
    7.5000  -30.0000  -22.5000 2518.5798   13.5287
   -7.5000  -22.5000  -22.5000 2556.9514   13.0756
    0.0000  -22.5000  -22.5000 2573.7119   13.0909
    7.5000  -22.5000  -22.5000 2548.1357   13.0628
   -7.5000  -15.0000  -22.5000 2582.0613   12.8702
    0.0000  -15.0000  -22.5000 2597.6238   12.8852
    7.5000  -15.0000  -22.5000 2572.5981   12.8603
   -7.5000   -7.5000  -22.5000 2596.2517   13.0532
    0.0000   -7.5000  -22.5000 2611.1365   13.0990
    7.5000   -7.5000  -22.5000 2583.3069   13.0671
   -7.5000    0.0000  -22.5000 2572.6667   13.3796
    0.0000    0.0000  -22.5000 2592.6865   13.4264
    7.5000    0.0000  -22.5000 2565.8582   13.4159
   -7.5000    7.5000  -22.5000 2536.0312   13.9366
    0.0000    7.5000  -22.5000 2557.7817   13.9567
    7.5000    7.5000  -22.5000 2528.9910   13.9952
   -7.5000   15.0000  -22.5000 2477.1538   14.6939
    0.0000   15.0000  -22.5000 2498.5188   14.7510
    7.5000   15.0000  -22.5000 2467.1885   14.7966
   -7.5000   22.5000  -22.5000 2396.5212   15.7394
    0.0000   22.5000  -22.5000 2416.1873   15.7867
    7.5000   22.5000  -22.5000 2385.8164   15.8788
   -7.5000   30.0000  -22.5000 2287.9756   17.2198
    0.0000   30.0000  -22.5000 2306.4333   17.2052
    7.5000   30.0000  -22.5000 2275.5239   17.3201
   -7.5000   37.5000  -22.5000 2156.5916   19.2303
    0.0000   37.5000  -22.5000 2169.1946   19.1615
    7.5000   37.5000  -22.5000 2144.0320   19.2889
   -7.5000   45.0000  -22.5000 2015.0933   21.8802
    0.0000   45.0000  -22.5000 2030.6437   21.7702
    7.5000   45.0000  -22.5000 2004.2404   21.9495
   -7.5000  -45.0000  -15.0000 2413.0359   14.8402
    0.0000  -45.0000  -15.0000 2432.9424   14.8247
    7.5000  -45.0000  -15.0000 2412.3066   14.8246
   -7.5000  -37.5000  -15.0000 2515.0710   13.6609
    0.0000  -37.5000  -15.0000 2535.2773   13.6428
    7.5000  -37.5000  -15.0000 2514.3833   13.6212
   -7.5000  -30.0000  -15.0000 2594.6082   12.8542
    0.0000  -30.0000  -15.0000 2617.6370   12.8275
    7.5000  -30.0000  -15.0000 2593.0403   12.7898
   -7.5000  -22.5000  -15.0000 2649.6069   12.3012
    0.0000  -22.5000  -15.0000 2667.3689   12.2723
    7.5000  -22.5000  -15.0000 2642.7869   12.2569
   -7.5000  -15.0000  -15.0000 2679.2930   12.0576
    0.0000  -15.0000  -15.0000 2694.7563   12.0623
    7.5000  -15.0000  -15.0000 2667.6807   12.0414
   -7.5000   -7.5000  -15.0000 2697.7737   12.1743
    0.0000   -7.5000  -15.0000 2713.0159   12.2119
    7.5000   -7.5000  -15.0000 2682.6326   12.1644
   -7.5000    0.0000  -15.0000 2683.4541   12.5508
    0.0000    0.0000  -15.0000 2705.5977   12.6019
    7.5000    0.0000  -15.0000 2666.4348   12.5769
   -7.5000    7.5000  -15.0000 2643.5762   13.1571
    0.0000    7.5000  -15.0000 2672.4570   13.1897
    7.5000    7.5000  -15.0000 2640.8250   13.1987
   -7.5000   15.0000  -15.0000 2577.0251   13.8860
    0.0000   15.0000  -15.0000 2606.8169   13.9255
    7.5000   15.0000  -15.0000 2570.7527   13.9861
   -7.5000   22.5000  -15.0000 2486.4836   14.9084
    0.0000   22.5000  -15.0000 2510.5078   14.9296
    7.5000   22.5000  -15.0000 2480.0212   15.0196
   -7.5000   30.0000  -15.0000 2367.9492   16.3219
    0.0000   30.0000  -15.0000 2387.5410   16.3085
    7.5000   30.0000  -15.0000 2360.7700   16.4007
   -7.5000   37.5000  -15.0000 2232.0703   18.2123
    0.0000   37.5000  -15.0000 2247.0271   18.2141
    7.5000   37.5000  -15.0000 2217.6060   18.2693
   -7.5000   45.0000  -15.0000 2077.2288   20.6860
    0.0000   45.0000  -15.0000 2092.2971   20.6637
    7.5000   45.0000  -15.0000 2067.6558   20.7482
   -7.5000  -45.0000   -7.5000 2447.1672   14.1741
    0.0000  -45.0000   -7.5000 2467.3804   14.1452
    7.5000  -45.0000   -7.5000 2450.6399   14.1841
   -7.5000  -37.5000   -7.5000 2557.8708   13.0435
    0.0000  -37.5000   -7.5000 2580.5859   12.9991
    7.5000  -37.5000   -7.5000 2563.7249   13.0281
   -7.5000  -30.0000   -7.5000 2652.4382   12.2051
    0.0000  -30.0000   -7.5000 2676.4832   12.1549
    7.5000  -30.0000   -7.5000 2655.9365   12.1709
   -7.5000  -22.5000   -7.5000 2721.1768   11.6047
    0.0000  -22.5000   -7.5000 2744.3452   11.5618
    7.5000  -22.5000   -7.5000 2721.5913   11.5976
   -7.5000  -15.0000   -7.5000 2756.9485   11.3179
    0.0000  -15.0000   -7.5000 2779.8730   11.2994
    7.5000  -15.0000   -7.5000 2749.6038   11.3251
   -7.5000   -7.5000   -7.5000 2782.7056   11.3575
    0.0000   -7.5000   -7.5000 2804.2305   11.3607
    7.5000   -7.5000   -7.5000 2768.1912   11.3819
   -7.5000    0.0000   -7.5000 2773.8154   11.7844
    0.0000    0.0000   -7.5000 2804.1848   11.7930
    7.5000    0.0000   -7.5000 2761.9844   11.8074
   -7.5000    7.5000   -7.5000 2734.7761   12.4192
    0.0000    7.5000   -7.5000 2761.9475   12.4120
    7.5000    7.5000   -7.5000 2729.4189   12.4419
   -7.5000   15.0000   -7.5000 2662.2888   13.1297
    0.0000   15.0000   -7.5000 2686.0149   13.1146
    7.5000   15.0000   -7.5000 2655.9463   13.1974
   -7.5000   22.5000   -7.5000 2560.5535   14.1450
    0.0000   22.5000   -7.5000 2580.6072   14.1300
    7.5000   22.5000   -7.5000 2549.1082   14.2162
   -7.5000   30.0000   -7.5000 2428.7380   15.5437
    0.0000   30.0000   -7.5000 2449.3367   15.5486
    7.5000   30.0000   -7.5000 2417.7415   15.6048
   -7.5000   37.5000   -7.5000 2284.0256   17.3869
    0.0000   37.5000   -7.5000 2304.0654   17.3667
    7.5000   37.5000   -7.5000 2273.3535   17.4053
   -7.5000   45.0000   -7.5000 2122.3777   19.7218
    0.0000   45.0000   -7.5000 2134.3484   19.7083
    7.5000   45.0000   -7.5000 2112.8511   19.7465
   -7.5000  -45.0000    0.0000 2467.8025   13.7636
    0.0000  -45.0000    0.0000 2485.6206   13.6519
    7.5000  -45.0000    0.0000 2474.5193   13.7548
   -7.5000  -37.5000    0.0000 2588.5815   12.6352
    0.0000  -37.5000    0.0000 2613.4922   12.5361
    7.5000  -37.5000    0.0000 2597.2908   12.6132
   -7.5000  -30.0000    0.0000 2689.3206   11.7587
    0.0000  -30.0000    0.0000 2714.7888   11.6750
    7.5000  -30.0000    0.0000 2699.3464   11.7354
   -7.5000  -22.5000    0.0000 2774.1025   11.1395
    0.0000  -22.5000    0.0000 2806.6931   11.0640
    7.5000  -22.5000    0.0000 2781.8450   11.1441
   -7.5000  -15.0000    0.0000 2826.7119   10.7685
    0.0000  -15.0000    0.0000 2856.2695   10.7056
    7.5000  -15.0000    0.0000 2822.8042   10.8021
   -7.5000   -7.5000    0.0000 2859.9844   10.7770
    0.0000   -7.5000    0.0000 2882.8101   10.6933
    7.5000   -7.5000    0.0000 2848.9287   10.8169
   -7.5000    0.0000    0.0000 2855.6594   11.2426
    0.0000    0.0000    0.0000 2882.8315   11.1580
    7.5000    0.0000    0.0000 2842.3745   11.2545
   -7.5000    7.5000    0.0000 2804.9167   11.8161
    0.0000    7.5000    0.0000 2827.3064   11.7677
    7.5000    7.5000    0.0000 2796.0430   11.8395
   -7.5000   15.0000    0.0000 2720.9460   12.5658
    0.0000   15.0000    0.0000 2741.7556   12.5011
    7.5000   15.0000    0.0000 2712.5615   12.6100
   -7.5000   22.5000    0.0000 2606.7629   13.5691
    0.0000   22.5000    0.0000 2623.8167   13.4986
    7.5000   22.5000    0.0000 2597.3704   13.6368
   -7.5000   30.0000    0.0000 2469.7122   14.9601
    0.0000   30.0000    0.0000 2485.9414   14.8912
    7.5000   30.0000    0.0000 2460.0229   15.0170
   -7.5000   37.5000    0.0000 2324.3489   16.7377
    0.0000   37.5000    0.0000 2336.4497   16.6915
    7.5000   37.5000    0.0000 2312.4976   16.8099
   -7.5000   45.0000    0.0000 2154.5881   19.0001
    0.0000   45.0000    0.0000 2164.4656   18.9631
    7.5000   45.0000    0.0000 2145.4014   19.0884
   -7.5000  -45.0000    7.5000 2476.8538   13.5688
    0.0000  -45.0000    7.5000 2489.9487   13.3470
    7.5000  -45.0000    7.5000 2486.1584   13.5323
   -7.5000  -37.5000    7.5000 2605.6157   12.3990
    0.0000  -37.5000    7.5000 2625.2268   12.2152
    7.5000  -37.5000    7.5000 2613.3315   12.3875
   -7.5000  -30.0000    7.5000 2711.7126   11.5056
    0.0000  -30.0000    7.5000 2733.3298   11.3536
    7.5000  -30.0000    7.5000 2721.6116   11.5109
   -7.5000  -22.5000    7.5000 2811.3760   10.9050
    0.0000  -22.5000    7.5000 2837.7327   10.7679
    7.5000  -22.5000    7.5000 2816.1458   10.9251
   -7.5000  -15.0000    7.5000 2876.4536   10.4904
    0.0000  -15.0000    7.5000 2906.5188   10.3178
    7.5000  -15.0000    7.5000 2874.0222   10.5346
   -7.5000   -7.5000    7.5000 2930.5415   10.3804
    0.0000   -7.5000    7.5000 2952.8279   10.1744
    7.5000   -7.5000    7.5000 2914.2744   10.4472
   -7.5000    0.0000    7.5000 2916.5972   10.8304
    0.0000    0.0000    7.5000 2939.2659   10.6411
    7.5000    0.0000    7.5000 2901.1021   10.8856
   -7.5000    7.5000    7.5000 2856.0442   11.4962
    0.0000    7.5000    7.5000 2874.4243   11.3263
    7.5000    7.5000    7.5000 2844.2593   11.5457
   -7.5000   15.0000    7.5000 2760.3513   12.2505
    0.0000   15.0000    7.5000 2772.0085   12.1128
    7.5000   15.0000    7.5000 2749.8452   12.3148
   -7.5000   22.5000    7.5000 2640.9241   13.2393
    0.0000   22.5000    7.5000 2651.4001   13.0899
    7.5000   22.5000    7.5000 2631.2310   13.2974
   -7.5000   30.0000    7.5000 2498.8601   14.6178
    0.0000   30.0000    7.5000 2508.8762   14.5005
    7.5000   30.0000    7.5000 2488.7527   14.6810
   -7.5000   37.5000    7.5000 2344.0259   16.4062
    0.0000   37.5000    7.5000 2356.0566   16.3042
    7.5000   37.5000    7.5000 2333.2876   16.4859
   -7.5000   45.0000    7.5000 2174.3816   18.6646
    0.0000   45.0000    7.5000 2182.3826   18.5678
    7.5000   45.0000    7.5000 2163.2195   18.7691
   -7.5000  -45.0000   15.0000 2467.9072   13.4912
    0.0000  -45.0000   15.0000 2482.1814   13.2554
    7.5000  -45.0000   15.0000 2472.5457   13.5195
   -7.5000  -37.5000   15.0000 2596.6772   12.3242
    0.0000  -37.5000   15.0000 2613.7744   12.1320
    7.5000  -37.5000   15.0000 2604.6445   12.3632
   -7.5000  -30.0000   15.0000 2703.5967   11.4368
    0.0000  -30.0000   15.0000 2723.6963   11.2438
    7.5000  -30.0000   15.0000 2709.7876   11.4751
   -7.5000  -22.5000   15.0000 2809.7246   10.8178
    0.0000  -22.5000   15.0000 2827.3347   10.6263
    7.5000  -22.5000   15.0000 2807.3984   10.8757
   -7.5000  -15.0000   15.0000 2888.1243   10.4624
    0.0000  -15.0000   15.0000 2907.4971   10.2196
    7.5000  -15.0000   15.0000 2879.6377   10.4954
   -7.5000   -7.5000   15.0000 2951.4648   10.3480
    0.0000   -7.5000   15.0000 2965.5940   10.0276
    7.5000   -7.5000   15.0000 2934.6799   10.4617
   -7.5000    0.0000   15.0000 2949.5850   10.7260
    0.0000    0.0000   15.0000 2963.2083   10.4764
    7.5000    0.0000   15.0000 2925.5127   10.8586
   -7.5000    7.5000   15.0000 2874.0256   11.3335
    0.0000    7.5000   15.0000 2894.0234   11.1459
    7.5000    7.5000   15.0000 2855.4150   11.3912
   -7.5000   15.0000   15.0000 2763.3728   12.1175
    0.0000   15.0000   15.0000 2776.2856   11.9663
    7.5000   15.0000   15.0000 2751.5520   12.1431
   -7.5000   22.5000   15.0000 2636.4744   13.1495
    0.0000   22.5000   15.0000 2651.9282   13.0289
    7.5000   22.5000   15.0000 2625.3772   13.1720
   -7.5000   30.0000   15.0000 2494.0435   14.5341
    0.0000   30.0000   15.0000 2511.6946   14.4724
    7.5000   30.0000   15.0000 2484.7146   14.5675
   -7.5000   37.5000   15.0000 2342.9126   16.2850
    0.0000   37.5000   15.0000 2362.9189   16.3003
    7.5000   37.5000   15.0000 2335.1384   16.3563
   -7.5000   45.0000   15.0000 2174.4421   18.4993
    0.0000   45.0000   15.0000 2191.8652   18.5377
    7.5000   45.0000   15.0000 2165.4915   18.5898
   -7.5000  -45.0000   22.5000 2460.0493   13.5869
    0.0000  -45.0000   22.5000 2466.6008   13.3365
    7.5000  -45.0000   22.5000 2455.0420   13.6686
   -7.5000  -37.5000   22.5000 2578.8083   12.4440
    0.0000  -37.5000   22.5000 2585.4070   12.2064
    7.5000  -37.5000   22.5000 2581.0007   12.5183
   -7.5000  -30.0000   22.5000 2684.9209   11.5682
    0.0000  -30.0000   22.5000 2691.9358   11.3419
    7.5000  -30.0000   22.5000 2686.7815   11.6663
   -7.5000  -22.5000   22.5000 2782.7883   10.9627
    0.0000  -22.5000   22.5000 2792.2393   10.7699
    7.5000  -22.5000   22.5000 2776.5791   11.0721
   -7.5000  -15.0000   22.5000 2866.5195   10.6118
    0.0000  -15.0000   22.5000 2887.5100   10.4377
    7.5000  -15.0000   22.5000 2852.4453   10.7634
   -7.5000   -7.5000   22.5000 2933.2073   10.5823
    0.0000   -7.5000   22.5000 2957.5610   10.4695
    7.5000   -7.5000   22.5000 2910.8774   10.7321
   -7.5000    0.0000   22.5000 2915.2766   10.9335
    0.0000    0.0000   22.5000 2948.4175   10.8864
    7.5000    0.0000   22.5000 2895.7898   11.0414
   -7.5000    7.5000   22.5000 2850.2302   11.4492
    0.0000    7.5000   22.5000 2882.0481   11.3916
    7.5000    7.5000   22.5000 2829.6309   11.5202
   -7.5000   15.0000   22.5000 2745.9092   12.2292
    0.0000   15.0000   22.5000 2763.5483   12.1437
    7.5000   15.0000   22.5000 2730.1611   12.2726
   -7.5000   22.5000   22.5000 2610.9165   13.2653
    0.0000   22.5000   22.5000 2623.4956   13.1683
    7.5000   22.5000   22.5000 2601.5098   13.2993
   -7.5000   30.0000   22.5000 2477.2690   14.6039
    0.0000   30.0000   22.5000 2484.2419   14.5224
    7.5000   30.0000   22.5000 2468.4661   14.6459
   -7.5000   37.5000   22.5000 2326.6824   16.3124
    0.0000   37.5000   22.5000 2337.9475   16.2863
    7.5000   37.5000   22.5000 2317.5237   16.3916
   -7.5000   45.0000   22.5000 2157.0542   18.5100
    0.0000   45.0000   22.5000 2174.4270   18.5110
    7.5000   45.0000   22.5000 2146.0703   18.6033
   -7.5000  -45.0000   30.0000 2428.7410   13.9219
    0.0000  -45.0000   30.0000 2432.2837   13.7105
    7.5000  -45.0000   30.0000 2416.9863   14.0536
   -7.5000  -37.5000   30.0000 2539.8040   12.7904
    0.0000  -37.5000   30.0000 2548.1045   12.6202
    7.5000  -37.5000   30.0000 2534.1438   12.9199
   -7.5000  -30.0000   30.0000 2648.8743   11.9489
    0.0000  -30.0000   30.0000 2657.6221   11.8167
    7.5000  -30.0000   30.0000 2640.7349   12.0897
   -7.5000  -22.5000   30.0000 2740.0039   11.3564
    0.0000  -22.5000   30.0000 2752.5801   11.2428
    7.5000  -22.5000   30.0000 2732.2302   11.5395
   -7.5000  -15.0000   30.0000 2815.6570   10.9940
    0.0000  -15.0000   30.0000 2834.7803   10.8435
    7.5000  -15.0000   30.0000 2801.9890   11.1763
   -7.5000   -7.5000   30.0000 2862.6663   11.0071
    0.0000   -7.5000   30.0000 2880.3508   10.8935
    7.5000   -7.5000   30.0000 2846.2620   11.1156
   -7.5000    0.0000   30.0000 2850.1475   11.3075
    0.0000    0.0000   30.0000 2869.5781   11.2274
    7.5000    0.0000   30.0000 2837.2566   11.3870
   -7.5000    7.5000   30.0000 2787.3816   11.8410
    0.0000    7.5000   30.0000 2808.5610   11.7591
    7.5000    7.5000   30.0000 2772.4836   11.9067
   -7.5000   15.0000   30.0000 2692.6997   12.6153
    0.0000   15.0000   30.0000 2713.8794   12.5784
    7.5000   15.0000   30.0000 2676.2808   12.7017
   -7.5000   22.5000   30.0000 2572.2312   13.6001
    0.0000   22.5000   30.0000 2585.9404   13.5749
    7.5000   22.5000   30.0000 2557.0479   13.6774
   -7.5000   30.0000   30.0000 2440.4514   14.8717
    0.0000   30.0000   30.0000 2455.1597   14.8522
    7.5000   30.0000   30.0000 2427.2358   14.9498
   -7.5000   37.5000   30.0000 2289.3721   16.5970
    0.0000   37.5000   30.0000 2298.9592   16.5881
    7.5000   37.5000   30.0000 2279.6270   16.6355
   -7.5000   45.0000   30.0000 2125.4375   18.7365
    0.0000   45.0000   30.0000 2139.5640   18.7208
    7.5000   45.0000   30.0000 2117.7358   18.7741
   -7.5000  -45.0000   37.5000 2386.7583   14.5452
    0.0000  -45.0000   37.5000 2395.6064   14.4421
    7.5000  -45.0000   37.5000 2371.7527   14.7156
   -7.5000  -37.5000   37.5000 2498.8293   13.4530
    0.0000  -37.5000   37.5000 2514.0491   13.3450
    7.5000  -37.5000   37.5000 2486.0842   13.6208
   -7.5000  -30.0000   37.5000 2601.2073   12.5827
    0.0000  -30.0000   37.5000 2621.4285   12.4693
    7.5000  -30.0000   37.5000 2595.5901   12.7696
   -7.5000  -22.5000   37.5000 2687.8352   11.9305
    0.0000  -22.5000   37.5000 2701.2849   11.7376
    7.5000  -22.5000   37.5000 2680.8049   12.1296
   -7.5000  -15.0000   37.5000 2749.6628   11.5720
    0.0000  -15.0000   37.5000 2756.9453   11.3912
    7.5000  -15.0000   37.5000 2733.9744   11.7329
   -7.5000   -7.5000   37.5000 2771.1389   11.5701
    0.0000   -7.5000   37.5000 2775.3625   11.4135
    7.5000   -7.5000   37.5000 2754.5889   11.6758
   -7.5000    0.0000   37.5000 2757.4236   11.8340
    0.0000    0.0000   37.5000 2770.2273   11.6838
    7.5000    0.0000   37.5000 2744.6565   11.9192
   -7.5000    7.5000   37.5000 2702.5820   12.3932
    0.0000    7.5000   37.5000 2721.4617   12.2544
    7.5000    7.5000   37.5000 2691.9409   12.4793
   -7.5000   15.0000   37.5000 2618.6770   13.1775
    0.0000   15.0000   37.5000 2638.7124   13.0594
    7.5000   15.0000   37.5000 2602.2600   13.2706
   -7.5000   22.5000   37.5000 2509.5068   14.1563
    0.0000   22.5000   37.5000 2525.3979   14.1071
    7.5000   22.5000   37.5000 2496.4771   14.2596
   -7.5000   30.0000   37.5000 2382.9717   15.4212
    0.0000   30.0000   37.5000 2395.7463   15.4217
    7.5000   30.0000   37.5000 2373.3774   15.5397
   -7.5000   37.5000   37.5000 2240.8921   17.0861
    0.0000   37.5000   37.5000 2251.8442   17.1003
    7.5000   37.5000   37.5000 2227.8899   17.1891
   -7.5000   45.0000   37.5000 2083.8081   19.2357
    0.0000   45.0000   37.5000 2098.7517   19.2635
    7.5000   45.0000   37.5000 2071.3350   19.3453
   -7.5000  -45.0000   45.0000 2326.8967   15.4542
    0.0000  -45.0000   45.0000 2348.1899   15.3742
    7.5000  -45.0000   45.0000 2323.6294   15.6389
   -7.5000  -37.5000   45.0000 2439.1638   14.2692
    0.0000  -37.5000   45.0000 2462.4092   14.1793
    7.5000  -37.5000   45.0000 2432.9092   14.4689
   -7.5000  -30.0000   45.0000 2537.8708   13.3527
    0.0000  -30.0000   45.0000 2560.3582   13.2189
    7.5000  -30.0000   45.0000 2531.4460   13.5540
   -7.5000  -22.5000   45.0000 2617.8411   12.6887
    0.0000  -22.5000   45.0000 2633.1553   12.5082
    7.5000  -22.5000   45.0000 2603.1023   12.8726
   -7.5000  -15.0000   45.0000 2663.7102   12.3184
    0.0000  -15.0000   45.0000 2670.4089   12.1670
    7.5000  -15.0000   45.0000 2648.2932   12.4806
   -7.5000   -7.5000   45.0000 2676.1982   12.3238
    0.0000   -7.5000   45.0000 2686.2935   12.1615
    7.5000   -7.5000   45.0000 2663.5957   12.4142
   -7.5000    0.0000   45.0000 2655.1072   12.5437
    0.0000    0.0000   45.0000 2666.9434   12.3986
    7.5000    0.0000   45.0000 2646.6741   12.6219
   -7.5000    7.5000   45.0000 2607.3062   13.1206
    0.0000    7.5000   45.0000 2619.7454   12.9934
    7.5000    7.5000   45.0000 2597.8169   13.2147
   -7.5000   15.0000   45.0000 2531.8645   13.8723
    0.0000   15.0000   45.0000 2550.4163   13.7618
    7.5000   15.0000   45.0000 2519.9622   13.9766
   -7.5000   22.5000   45.0000 2434.8787   14.8204
    0.0000   22.5000   45.0000 2452.1743   14.7361
    7.5000   22.5000   45.0000 2420.8765   14.9408
   -7.5000   30.0000   45.0000 2313.3933   16.1032
    0.0000   30.0000   45.0000 2330.1577   16.0803
    7.5000   30.0000   45.0000 2301.3147   16.2335
   -7.5000   37.5000   45.0000 2174.4380   17.8710
    0.0000   37.5000   45.0000 2191.8000   17.9035
    7.5000   37.5000   45.0000 2165.7183   17.9800
   -7.5000   45.0000   45.0000 2032.7506   20.0227
    0.0000   45.0000   45.0000 2044.8594   20.0943
    7.5000   45.0000   45.0000 2023.3613   20.1836

---------------------------------------------------------------------
imgreg_4dfp /opt/freesurfer/average/711-2C_as_mni_average_305 /opt/freesurfer/average/711-2B_as_mni_average_305_mask talsrcimg_g11 none talsrcimg_to_711-2C_as_mni_average_305_t4 1283
---------------------------------------------------------------------

freesurfer imgreg_4dfp.c
/opt/freesurfer/average/711-2C_as_mni_average_305.4dfp.img
       256       256       256         1
  1.000000  1.000000  1.000000
orientation T byte_order littleendian
Reading image: /opt/freesurfer/average/711-2C_as_mni_average_305.4dfp.img
dimensions:      256       256       256
mmppix:       1.0000   -1.0000   -1.0000
center:     128.0000 -129.0000 -129.0000
/opt/freesurfer/average/711-2B_as_mni_average_305_mask.4dfp.img
       256       256       256         1
  1.000000  1.000000  1.000000
orientation T byte_order littleendian
Reading mask: /opt/freesurfer/average/711-2B_as_mni_average_305_mask.4dfp.img (2306576 pixels)
talsrcimg_g11.4dfp.img
       256       256       256         1
  1.000000  1.000000  1.000000
orientation T byte_order littleendian
Reading image: talsrcimg_g11.4dfp.img
dimensions:      256       256       256
mmppix:       1.0000   -1.0000   -1.0000
center:     128.0000 -129.0000 -129.0000
rotation matrix determinant  1.000000
fimgreg.f
image alignment mode   1283 decimal      503 hex
parameters
    0.0000   -7.5000   15.0000    0.0000    0.0000    0.0000
eta,q 0.93262 10.06344
niter,ni,del,rscale     5    3   12.0000    1.2000
parameter  2 -0.533372 -> -0.500000 qaram    1.1500
parameter  4  1.183737 ->  0.500000 qaram    1.1500
parameters
   -0.1386   -4.0500   16.2725   -3.4500    2.0740   -0.0458
eta,q 0.93552 10.11288
  0.0754  0.0778  0.0746  0.0649  0.0725  0.0681
  0.0730  0.0751  0.0725  0.0650  0.0702  0.0668
  0.0713  0.0718  0.0701  0.0657  0.0673  0.0656
  0.0696  0.0694  0.0680  0.0673  0.0651  0.0645
  0.0705  0.0680  0.0678  0.0691  0.0645  0.0645
  0.0733  0.0677  0.0690  0.0711  0.0653  0.0662
  0.0763  0.0697  0.0714  0.0732  0.0670  0.0691
niter,ni,del,rscale     6    3   12.0000    1.2000
parameters
   -0.9912   -3.1502   15.8367   -6.7448    2.0874   -0.7448
eta,q 0.93668 10.02443
  0.0722  0.0753  0.0698  0.0644  0.0708  0.0660
  0.0682  0.0698  0.0679  0.0632  0.0673  0.0638
  0.0653  0.0658  0.0653  0.0637  0.0648  0.0630
  0.0645  0.0645  0.0641  0.0641  0.0635  0.0635
  0.0673  0.0640  0.0655  0.0658  0.0648  0.0640
  0.0727  0.0664  0.0684  0.0683  0.0674  0.0649
  0.0773  0.0709  0.0723  0.0718  0.0706  0.0673
niter,ni,del,rscale     5    3   12.0000    1.2000
parameters
   -1.0512   -1.4984   14.8604   -8.5926    2.6051   -0.9314
eta,q 0.93679 10.03591
  0.0735  0.0764  0.0672  0.0655  0.0687  0.0667
  0.0700  0.0701  0.0672  0.0625  0.0662  0.0642
  0.0659  0.0645  0.0650  0.0633  0.0646  0.0628
  0.0633  0.0634  0.0634  0.0639  0.0635  0.0633
  0.0645  0.0634  0.0648  0.0643  0.0635  0.0643
  0.0694  0.0647  0.0682  0.0658  0.0649  0.0649
  0.0750  0.0674  0.0729  0.0693  0.0675  0.0665
niter,ni,del,rscale     4    3   12.0000    1.2000
parameters
   -1.0520   -0.7018   13.4853   -9.3954    3.8161   -0.5552
eta,q 0.93652 10.01069
  0.0717  0.0740  0.0645  0.0680  0.0672  0.0690
  0.0685  0.0690  0.0655  0.0638  0.0654  0.0657
  0.0653  0.0646  0.0650  0.0629  0.0649  0.0635
  0.0632  0.0632  0.0629  0.0643  0.0639  0.0633
  0.0635  0.0628  0.0631  0.0651  0.0632  0.0642
  0.0673  0.0653  0.0663  0.0664  0.0635  0.0653
  0.0731  0.0704  0.0707  0.0688  0.0657  0.0671
niter,ni,del,rscale     3    3   12.0000    1.2000
parameters
   -1.0532   -0.9895   12.7853   -9.1513    3.9367   -0.3679
eta,q 0.93559  9.98654
  0.0709  0.0717  0.0653  0.0705  0.0669  0.0694
  0.0682  0.0675  0.0638  0.0656  0.0661  0.0661
  0.0659  0.0648  0.0645  0.0625  0.0654  0.0643
  0.0635  0.0635  0.0637  0.0642  0.0644  0.0643
  0.0627  0.0637  0.0625  0.0652  0.0639  0.0650
  0.0665  0.0681  0.0644  0.0663  0.0649  0.0662
  0.0731  0.0742  0.0681  0.0680  0.0678  0.0682
niter,ni,del,rscale     2    3   12.0000    1.2000
parameters
   -0.9010   -1.3560   13.1287   -8.8023    3.8899   -0.5062
eta,q 0.93563  9.97720
  0.0716  0.0708  0.0676  0.0700  0.0671  0.0689
  0.0691  0.0664  0.0642  0.0656  0.0664  0.0656
  0.0671  0.0647  0.0645  0.0624  0.0656  0.0641
  0.0644  0.0642  0.0644  0.0642  0.0644  0.0644
  0.0632  0.0634  0.0631  0.0649  0.0641  0.0654
  0.0665  0.0674  0.0638  0.0658  0.0654  0.0666
  0.0733  0.0734  0.0670  0.0674  0.0685  0.0685
niter,ni,del,rscale     1    3   12.0000    1.2000
parameters
   -0.8976   -1.3539   13.0963   -8.8249    3.9180   -0.5004
eta,q 0.93564  9.97712
  0.0715  0.0712  0.0671  0.0694  0.0671  0.0692
  0.0689  0.0668  0.0646  0.0649  0.0664  0.0658
  0.0670  0.0652  0.0650  0.0625  0.0656  0.0641
  0.0644  0.0644  0.0644  0.0644  0.0644  0.0644
  0.0635  0.0632  0.0631  0.0651  0.0640  0.0653
  0.0672  0.0665  0.0645  0.0661  0.0652  0.0665
  0.0738  0.0720  0.0679  0.0678  0.0683  0.0683
registration optimization eta report
parameter search radius
    6.0000    6.9000    6.0000    6.9000    6.0000    6.0000
100000*second partial in parameter space
       23.       17.       10.       10.        9.       13.
  0.0715  0.0712  0.0671  0.0694  0.0671  0.0692
  0.0689  0.0668  0.0646  0.0649  0.0664  0.0658
  0.0670  0.0652  0.0650  0.0625  0.0656  0.0641
  0.0644  0.0644  0.0644  0.0644  0.0644  0.0644
  0.0635  0.0632  0.0631  0.0651  0.0640  0.0653
  0.0672  0.0665  0.0645  0.0661  0.0652  0.0665
  0.0738  0.0720  0.0679  0.0678  0.0683  0.0683
   -0.8976   -1.3539   13.0963   -8.8249    3.9180   -0.5004
eta,q 0.93564  9.97712

---------------------------------------------------------------------
imgreg_4dfp /opt/freesurfer/average/711-2C_as_mni_average_305 /opt/freesurfer/average/711-2B_as_mni_average_305_mask talsrcimg_g11 none talsrcimg_to_711-2C_as_mni_average_305_t4 3335
---------------------------------------------------------------------

freesurfer imgreg_4dfp.c
/opt/freesurfer/average/711-2C_as_mni_average_305.4dfp.img
       256       256       256         1
  1.000000  1.000000  1.000000
orientation T byte_order littleendian
Reading image: /opt/freesurfer/average/711-2C_as_mni_average_305.4dfp.img
dimensions:      256       256       256
mmppix:       1.0000   -1.0000   -1.0000
center:     128.0000 -129.0000 -129.0000
/opt/freesurfer/average/711-2B_as_mni_average_305_mask.4dfp.img
       256       256       256         1
  1.000000  1.000000  1.000000
orientation T byte_order littleendian
Reading mask: /opt/freesurfer/average/711-2B_as_mni_average_305_mask.4dfp.img (2306576 pixels)
talsrcimg_g11.4dfp.img
       256       256       256         1
  1.000000  1.000000  1.000000
orientation T byte_order littleendian
Reading image: talsrcimg_g11.4dfp.img
dimensions:      256       256       256
mmppix:       1.0000   -1.0000   -1.0000
center:     128.0000 -129.0000 -129.0000
fimgreg.f
image alignment mode   3335 decimal      D07 hex
parameters
   -0.8976   -1.3539   13.0963   -0.2375   -1.1967   -1.4148
    1.9113   -6.6178   -0.8714   15.3999    6.8329  -15.3057
eta,q 0.93859 10.15517
niter,ni,del,rscale     5    3    5.0000    1.2000
parameter  2 -2.171599 -> -0.500000 qaram    1.1500
parameter  4-36.739864 ->  0.500000 qaram    1.1500
parameter  5  5.130092 ->  0.500000 qaram    1.1500
parameter  6  2.839239 ->  0.500000 qaram    1.1500
parameter 11  0.560144 ->  0.500000 qaram    1.1500
parameters
   -1.1940    0.0261   13.8540   -4.3775   -5.3367   -5.5548
    0.5351   -3.3244   -0.3616   13.4321    2.6929  -12.3898
eta,q 0.96674 10.03058
  0.0620  0.0633  0.0618  0.0460  0.0404  0.0334  0.0380  0.0474  0.0372  0.0366  0.0342  0.0369
  0.0617  0.0626  0.0612  0.0498  0.0435  0.0355  0.0368  0.0435  0.0359  0.0352  0.0336  0.0356
  0.0615  0.0620  0.0607  0.0547  0.0468  0.0390  0.0362  0.0396  0.0349  0.0345  0.0337  0.0344
  0.0614  0.0614  0.0604  0.0603  0.0511  0.0444  0.0363  0.0362  0.0345  0.0345  0.0344  0.0336
  0.0615  0.0608  0.0603  0.0656  0.0558  0.0509  0.0370  0.0345  0.0347  0.0357  0.0357  0.0333
  0.0618  0.0603  0.0605  0.0700  0.0599  0.0562  0.0383  0.0351  0.0354  0.0387  0.0374  0.0334
  0.0625  0.0603  0.0608  0.0741  0.0643  0.0608  0.0399  0.0374  0.0366  0.0422  0.0395  0.0340
niter,ni,del,rscale     7    3    5.0000    1.2000
parameter  4  0.866809 ->  0.500000 qaram    1.3225
parameter  5  1.387048 ->  0.500000 qaram    1.3225
parameters
   -1.6608   -1.0678   12.9641   -9.1385  -10.0977   -9.5344
    0.4963   -2.6975    0.6903   13.2987    1.8186  -13.7459
eta,q 0.97853  9.80084
  0.0360  0.0337  0.0333  0.0276  0.0210  0.0226  0.0243  0.0274  0.0247  0.0250  0.0229  0.0227
  0.0341  0.0328  0.0324  0.0271  0.0220  0.0218  0.0229  0.0243  0.0232  0.0233  0.0221  0.0218
  0.0332  0.0326  0.0322  0.0283  0.0243  0.0216  0.0220  0.0224  0.0221  0.0221  0.0217  0.0215
  0.0333  0.0331  0.0326  0.0322  0.0272  0.0225  0.0216  0.0216  0.0216  0.0216  0.0216  0.0216
  0.0344  0.0342  0.0336  0.0382  0.0306  0.0260  0.0220  0.0219  0.0217  0.0220  0.0219  0.0220
  0.0365  0.0360  0.0350  0.0454  0.0355  0.0325  0.0229  0.0232  0.0222  0.0233  0.0226  0.0228
  0.0393  0.0385  0.0368  0.0518  0.0403  0.0406  0.0244  0.0256  0.0234  0.0255  0.0237  0.0238
niter,ni,del,rscale     7    3    5.0000    1.2000
parameters
   -1.3940   -1.6326   11.9317  -11.1763  -14.0906  -10.9014
    0.3702   -2.5549    0.8647   13.0985    2.9871  -16.2192
eta,q 0.97953  9.57353
  0.0257  0.0237  0.0214  0.0240  0.0223  0.0223  0.0232  0.0243  0.0227  0.0232  0.0218  0.0212
  0.0236  0.0220  0.0209  0.0227  0.0211  0.0213  0.0218  0.0222  0.0217  0.0218  0.0213  0.0206
  0.0222  0.0212  0.0209  0.0217  0.0205  0.0209  0.0210  0.0211  0.0210  0.0210  0.0209  0.0205
  0.0215  0.0214  0.0212  0.0209  0.0214  0.0206  0.0207  0.0207  0.0207  0.0207  0.0207  0.0207
  0.0216  0.0224  0.0219  0.0216  0.0239  0.0203  0.0211  0.0210  0.0209  0.0209  0.0207  0.0212
  0.0225  0.0242  0.0231  0.0252  0.0271  0.0216  0.0220  0.0220  0.0215  0.0219  0.0209  0.0220
  0.0243  0.0266  0.0247  0.0317  0.0321  0.0264  0.0233  0.0240  0.0226  0.0237  0.0214  0.0229
niter,ni,del,rscale     6    3    5.0000    1.2000
parameters
   -1.1864   -1.4217   12.2636  -11.0248  -15.1012  -10.2085
    0.6775   -2.6061    0.9271   13.7523    2.1214  -16.3874
eta,q 0.97963  9.58291
  0.0239  0.0245  0.0223  0.0239  0.0240  0.0231  0.0232  0.0239  0.0224  0.0235  0.0212  0.0219
  0.0222  0.0224  0.0214  0.0224  0.0222  0.0217  0.0217  0.0218  0.0213  0.0218  0.0207  0.0210
  0.0210  0.0210  0.0208  0.0213  0.0209  0.0208  0.0207  0.0207  0.0206  0.0207  0.0205  0.0205
  0.0205  0.0204  0.0204  0.0204  0.0203  0.0204  0.0204  0.0204  0.0204  0.0204  0.0204  0.0204
  0.0206  0.0206  0.0204  0.0199  0.0211  0.0203  0.0206  0.0206  0.0206  0.0205  0.0205  0.0206
  0.0214  0.0217  0.0208  0.0212  0.0234  0.0205  0.0214  0.0218  0.0213  0.0211  0.0209  0.0212
  0.0229  0.0235  0.0215  0.0248  0.0263  0.0227  0.0228  0.0240  0.0224  0.0225  0.0217  0.0220
niter,ni,del,rscale     5    3    5.0000    1.2000
parameters
   -1.1912   -1.3421   12.3493  -10.7788  -15.2338  -10.2229
    0.6554   -2.5699    0.9193   13.6914    1.9937  -16.3832
eta,q 0.97970  9.58620
  0.0233  0.0240  0.0219  0.0241  0.0246  0.0228  0.0229  0.0239  0.0223  0.0229  0.0213  0.0219
  0.0217  0.0221  0.0211  0.0226  0.0226  0.0215  0.0215  0.0217  0.0212  0.0213  0.0207  0.0210
  0.0207  0.0208  0.0206  0.0214  0.0211  0.0207  0.0206  0.0206  0.0205  0.0205  0.0204  0.0205
  0.0204  0.0204  0.0204  0.0204  0.0203  0.0203  0.0203  0.0203  0.0203  0.0203  0.0203  0.0203
  0.0207  0.0207  0.0205  0.0198  0.0205  0.0200  0.0206  0.0206  0.0205  0.0206  0.0204  0.0205
  0.0217  0.0218  0.0209  0.0211  0.0225  0.0205  0.0215  0.0217  0.0212  0.0214  0.0207  0.0211
  0.0233  0.0236  0.0218  0.0249  0.0253  0.0238  0.0229  0.0238  0.0223  0.0230  0.0214  0.0218
niter,ni,del,rscale     4    3    5.0000    1.2000
parameters
   -1.1947   -1.3208   12.3564  -10.7976  -15.2532  -10.2315
    0.6412   -2.5747    0.9097   13.6892    1.9889  -16.4007
eta,q 0.97969  9.58422
  0.0232  0.0238  0.0218  0.0240  0.0247  0.0228  0.0229  0.0239  0.0223  0.0229  0.0213  0.0219
  0.0217  0.0219  0.0210  0.0225  0.0227  0.0215  0.0215  0.0217  0.0212  0.0214  0.0208  0.0210
  0.0207  0.0207  0.0205  0.0213  0.0212  0.0207  0.0206  0.0206  0.0205  0.0205  0.0204  0.0205
  0.0203  0.0203  0.0203  0.0203  0.0203  0.0203  0.0203  0.0203  0.0203  0.0203  0.0203  0.0203
  0.0206  0.0206  0.0204  0.0198  0.0205  0.0200  0.0206  0.0206  0.0205  0.0206  0.0204  0.0205
  0.0216  0.0218  0.0209  0.0213  0.0224  0.0205  0.0215  0.0217  0.0212  0.0214  0.0207  0.0211
  0.0233  0.0237  0.0218  0.0253  0.0251  0.0237  0.0229  0.0239  0.0223  0.0229  0.0214  0.0219
registration optimization eta report
parameter search radius
    2.4000    2.7600    2.4000    9.5220    9.5220    8.2800
    7.2000    7.2000    7.2000    7.2000    8.2800    7.2000
100000*second partial in parameter space
       52.       45.       26.        5.        5.        5.
        5.        7.        4.        5.        2.        3.
  0.0232  0.0238  0.0218  0.0240  0.0247  0.0228  0.0229  0.0239  0.0223  0.0229  0.0213  0.0219
  0.0217  0.0219  0.0210  0.0225  0.0227  0.0215  0.0215  0.0217  0.0212  0.0214  0.0208  0.0210
  0.0207  0.0207  0.0205  0.0213  0.0212  0.0207  0.0206  0.0206  0.0205  0.0205  0.0204  0.0205
  0.0203  0.0203  0.0203  0.0203  0.0203  0.0203  0.0203  0.0203  0.0203  0.0203  0.0203  0.0203
  0.0206  0.0206  0.0204  0.0198  0.0205  0.0200  0.0206  0.0206  0.0205  0.0206  0.0204  0.0205
  0.0216  0.0218  0.0209  0.0213  0.0224  0.0205  0.0215  0.0217  0.0212  0.0214  0.0207  0.0211
  0.0233  0.0237  0.0218  0.0253  0.0251  0.0237  0.0229  0.0239  0.0223  0.0229  0.0214  0.0219
   -1.1947   -1.3208   12.3564  -10.7976  -15.2532  -10.2315
    0.6412   -2.5747    0.9097   13.6892    1.9889  -16.4007
eta,q 0.97969  9.58422

---------------------------------------------------------------------
imgreg_4dfp /opt/freesurfer/average/711-2C_as_mni_average_305 /opt/freesurfer/average/711-2B_as_mni_average_305_mask talsrcimg_g11 none talsrcimg_to_711-2C_as_mni_average_305_t4 2311
---------------------------------------------------------------------

freesurfer imgreg_4dfp.c
/opt/freesurfer/average/711-2C_as_mni_average_305.4dfp.img
       256       256       256         1
  1.000000  1.000000  1.000000
orientation T byte_order littleendian
Reading image: /opt/freesurfer/average/711-2C_as_mni_average_305.4dfp.img
dimensions:      256       256       256
mmppix:       1.0000   -1.0000   -1.0000
center:     128.0000 -129.0000 -129.0000
/opt/freesurfer/average/711-2B_as_mni_average_305_mask.4dfp.img
       256       256       256         1
  1.000000  1.000000  1.000000
orientation T byte_order littleendian
Reading mask: /opt/freesurfer/average/711-2B_as_mni_average_305_mask.4dfp.img (2306576 pixels)
talsrcimg_g11.4dfp.img
       256       256       256         1
  1.000000  1.000000  1.000000
orientation T byte_order littleendian
Reading image: talsrcimg_g11.4dfp.img
dimensions:      256       256       256
mmppix:       1.0000   -1.0000   -1.0000
center:     128.0000 -129.0000 -129.0000
fimgreg.f
image alignment mode   2311 decimal      907 hex
parameters
   -1.1947   -1.3208   12.3564  -10.7976  -15.2532  -10.2315
    0.6412   -2.5747    0.9097   13.6892    1.9889  -16.4007
eta,q 0.97969  9.58422
niter,ni,del,rscale     5    3    5.0000    0.8000
parameter  4 -0.556665 -> -0.500000 qaram    1.1500
parameters
   -1.1632   -1.2980   12.4120   -8.0376  -14.7334   -8.4003
    0.7745   -2.4557    1.0699   14.5599    1.4869  -16.0176
eta,q 0.98062  9.78971
  0.0217  0.0215  0.0210  0.0219  0.0214  0.0212  0.0209  0.0225  0.0205  0.0212  0.0201  0.0203
  0.0209  0.0209  0.0207  0.0213  0.0207  0.0206  0.0202  0.0208  0.0200  0.0203  0.0197  0.0198
  0.0205  0.0204  0.0204  0.0208  0.0202  0.0201  0.0197  0.0198  0.0196  0.0198  0.0194  0.0195
  0.0203  0.0203  0.0203  0.0203  0.0198  0.0198  0.0195  0.0195  0.0195  0.0195  0.0194  0.0194
  0.0204  0.0204  0.0204  0.0199  0.0198  0.0195  0.0196  0.0198  0.0196  0.0194  0.0196  0.0194
  0.0209  0.0208  0.0206  0.0199  0.0201  0.0195  0.0201  0.0207  0.0199  0.0196  0.0199  0.0197
  0.0216  0.0214  0.0210  0.0203  0.0210  0.0200  0.0208  0.0221  0.0204  0.0204  0.0204  0.0200
niter,ni,del,rscale     5    3    5.0000    0.8000
parameters
   -1.3844   -1.4761   12.1328   -8.9620  -14.3602   -8.7677
    0.7221   -2.5628    1.0528   14.4757    1.7306  -16.0271
eta,q 0.98058  9.77069
  0.0208  0.0204  0.0200  0.0211  0.0211  0.0206  0.0207  0.0219  0.0204  0.0207  0.0202  0.0202
  0.0199  0.0197  0.0195  0.0203  0.0204  0.0201  0.0200  0.0204  0.0199  0.0201  0.0198  0.0198
  0.0194  0.0194  0.0193  0.0196  0.0198  0.0197  0.0196  0.0196  0.0195  0.0197  0.0195  0.0195
  0.0194  0.0193  0.0193  0.0193  0.0194  0.0193  0.0194  0.0194  0.0194  0.0194  0.0194  0.0194
  0.0198  0.0196  0.0196  0.0198  0.0193  0.0192  0.0196  0.0198  0.0195  0.0194  0.0195  0.0195
  0.0206  0.0201  0.0200  0.0212  0.0198  0.0199  0.0200  0.0207  0.0198  0.0200  0.0197  0.0198
  0.0218  0.0210  0.0207  0.0236  0.0209  0.0218  0.0208  0.0220  0.0204  0.0211  0.0200  0.0202
niter,ni,del,rscale     4    3    5.0000    0.7000
parameters
   -1.2946   -1.5075   12.0734   -8.8941  -14.1759   -8.4542
    0.7786   -2.5728    1.0814   14.6351    1.6706  -16.0656
eta,q 0.98072  9.79107
  0.0209  0.0204  0.0200  0.0212  0.0207  0.0205  0.0204  0.0215  0.0201  0.0205  0.0199  0.0199
  0.0201  0.0198  0.0197  0.0205  0.0202  0.0201  0.0198  0.0202  0.0197  0.0200  0.0195  0.0196
  0.0196  0.0195  0.0195  0.0199  0.0197  0.0197  0.0194  0.0195  0.0194  0.0196  0.0193  0.0193
  0.0194  0.0194  0.0194  0.0194  0.0194  0.0194  0.0193  0.0193  0.0193  0.0193  0.0193  0.0193
  0.0195  0.0195  0.0195  0.0194  0.0194  0.0192  0.0194  0.0196  0.0194  0.0193  0.0194  0.0194
  0.0199  0.0199  0.0197  0.0201  0.0198  0.0194  0.0197  0.0203  0.0196  0.0197  0.0196  0.0196
  0.0206  0.0205  0.0201  0.0214  0.0207  0.0205  0.0203  0.0214  0.0201  0.0205  0.0199  0.0199
niter,ni,del,rscale     3    3    5.0000    0.6000
parameters
   -1.2977   -1.5373   12.0370   -8.7607  -14.0683   -8.2342
    0.7867   -2.5907    1.0674   14.7705    1.6225  -16.1153
eta,q 0.98080  9.80738
  0.0203  0.0200  0.0198  0.0208  0.0203  0.0202  0.0200  0.0209  0.0198  0.0202  0.0197  0.0197
  0.0198  0.0196  0.0195  0.0202  0.0199  0.0199  0.0196  0.0199  0.0195  0.0198  0.0194  0.0194
  0.0194  0.0194  0.0193  0.0197  0.0195  0.0196  0.0193  0.0194  0.0193  0.0194  0.0193  0.0192
  0.0193  0.0193  0.0193  0.0193  0.0193  0.0193  0.0192  0.0192  0.0192  0.0192  0.0192  0.0192
  0.0194  0.0194  0.0194  0.0193  0.0193  0.0191  0.0193  0.0194  0.0193  0.0192  0.0193  0.0193
  0.0197  0.0197  0.0195  0.0198  0.0196  0.0194  0.0196  0.0200  0.0195  0.0195  0.0194  0.0194
  0.0203  0.0201  0.0199  0.0209  0.0203  0.0203  0.0200  0.0209  0.0198  0.0202  0.0197  0.0197
niter,ni,del,rscale     2    3    5.0000    0.5000
parameters
   -1.3097   -1.5408   12.0221   -8.6465  -13.9962   -8.0215
    0.7792   -2.6147    1.0553   14.8774    1.5749  -16.2081
eta,q 0.98086  9.82071
  0.0199  0.0198  0.0196  0.0204  0.0200  0.0200  0.0197  0.0204  0.0196  0.0199  0.0195  0.0195
  0.0195  0.0194  0.0194  0.0199  0.0196  0.0197  0.0194  0.0197  0.0193  0.0196  0.0193  0.0193
  0.0193  0.0193  0.0192  0.0195  0.0193  0.0194  0.0192  0.0193  0.0192  0.0193  0.0192  0.0192
  0.0192  0.0192  0.0192  0.0192  0.0192  0.0192  0.0192  0.0192  0.0192  0.0192  0.0191  0.0191
  0.0193  0.0193  0.0192  0.0192  0.0192  0.0191  0.0192  0.0193  0.0192  0.0192  0.0192  0.0192
  0.0195  0.0195  0.0194  0.0196  0.0195  0.0193  0.0194  0.0198  0.0193  0.0194  0.0193  0.0193
  0.0200  0.0198  0.0196  0.0204  0.0200  0.0200  0.0197  0.0204  0.0196  0.0199  0.0195  0.0195
niter,ni,del,rscale     1    3    5.0000    0.4000
parameters
   -1.3242   -1.5395   12.0191   -8.5728  -13.9609   -7.8409
    0.7794   -2.6431    1.0748   14.9833    1.5355  -16.3249
eta,q 0.98089  9.83016
  0.0196  0.0195  0.0194  0.0200  0.0197  0.0197  0.0195  0.0200  0.0194  0.0197  0.0194  0.0193
  0.0194  0.0193  0.0193  0.0196  0.0194  0.0195  0.0193  0.0195  0.0192  0.0194  0.0192  0.0192
  0.0192  0.0192  0.0192  0.0193  0.0192  0.0193  0.0192  0.0192  0.0192  0.0192  0.0191  0.0191
  0.0191  0.0191  0.0191  0.0191  0.0191  0.0191  0.0191  0.0191  0.0191  0.0191  0.0191  0.0191
  0.0192  0.0192  0.0192  0.0192  0.0192  0.0191  0.0192  0.0192  0.0191  0.0191  0.0192  0.0192
  0.0194  0.0193  0.0193  0.0195  0.0194  0.0193  0.0193  0.0195  0.0192  0.0193  0.0192  0.0192
  0.0197  0.0195  0.0194  0.0200  0.0197  0.0197  0.0195  0.0200  0.0194  0.0196  0.0194  0.0194
registration optimization eta report
parameter search radius
    0.8000    0.8000    0.8000    2.7600    2.4000    2.4000
    2.4000    2.4000    2.4000    2.4000    2.4000    2.4000
100000*second partial in parameter space
       78.       59.       43.       11.       10.       10.
        6.       15.        5.        9.        5.        4.
  0.0196  0.0195  0.0194  0.0200  0.0197  0.0197  0.0195  0.0200  0.0194  0.0197  0.0194  0.0193
  0.0194  0.0193  0.0193  0.0196  0.0194  0.0195  0.0193  0.0195  0.0192  0.0194  0.0192  0.0192
  0.0192  0.0192  0.0192  0.0193  0.0192  0.0193  0.0192  0.0192  0.0192  0.0192  0.0191  0.0191
  0.0191  0.0191  0.0191  0.0191  0.0191  0.0191  0.0191  0.0191  0.0191  0.0191  0.0191  0.0191
  0.0192  0.0192  0.0192  0.0192  0.0192  0.0191  0.0192  0.0192  0.0191  0.0191  0.0192  0.0192
  0.0194  0.0193  0.0193  0.0195  0.0194  0.0193  0.0193  0.0195  0.0192  0.0193  0.0192  0.0192
  0.0197  0.0195  0.0194  0.0200  0.0197  0.0197  0.0195  0.0200  0.0194  0.0196  0.0194  0.0194
   -1.3242   -1.5395   12.0191   -8.5728  -13.9609   -7.8409
    0.7794   -2.6431    1.0748   14.9833    1.5355  -16.3249
eta,q 0.98089  9.83016

---------------------------------------------------------------------
imgreg_4dfp /opt/freesurfer/average/711-2C_as_mni_average_305 /opt/freesurfer/average/711-2B_as_mni_average_305_mask talsrcimg_g11 none talsrcimg_to_711-2C_as_mni_average_305_t4 2311
---------------------------------------------------------------------

freesurfer imgreg_4dfp.c
/opt/freesurfer/average/711-2C_as_mni_average_305.4dfp.img
       256       256       256         1
  1.000000  1.000000  1.000000
orientation T byte_order littleendian
Reading image: /opt/freesurfer/average/711-2C_as_mni_average_305.4dfp.img
dimensions:      256       256       256
mmppix:       1.0000   -1.0000   -1.0000
center:     128.0000 -129.0000 -129.0000
/opt/freesurfer/average/711-2B_as_mni_average_305_mask.4dfp.img
       256       256       256         1
  1.000000  1.000000  1.000000
orientation T byte_order littleendian
Reading mask: /opt/freesurfer/average/711-2B_as_mni_average_305_mask.4dfp.img (2306576 pixels)
talsrcimg_g11.4dfp.img
       256       256       256         1
  1.000000  1.000000  1.000000
orientation T byte_order littleendian
Reading image: talsrcimg_g11.4dfp.img
dimensions:      256       256       256
mmppix:       1.0000   -1.0000   -1.0000
center:     128.0000 -129.0000 -129.0000
fimgreg.f
image alignment mode   2311 decimal      907 hex
parameters
   -1.3242   -1.5395   12.0191   -8.5728  -13.9609   -7.8409
    0.7794   -2.6431    1.0748   14.9833    1.5355  -16.3249
eta,q 0.98089  9.83016
niter,ni,del,rscale     5    3    5.0000    0.8000
parameters
   -1.3575   -1.5228   12.0139   -9.0644  -14.3597   -8.6446
    0.7346   -2.5630    1.0563   14.5870    1.7097  -16.1192
eta,q 0.98061  9.77531
  0.0210  0.0207  0.0203  0.0208  0.0207  0.0205  0.0207  0.0222  0.0203  0.0206  0.0202  0.0203
  0.0200  0.0198  0.0196  0.0201  0.0200  0.0200  0.0200  0.0206  0.0198  0.0200  0.0197  0.0198
  0.0193  0.0193  0.0193  0.0195  0.0194  0.0196  0.0195  0.0196  0.0195  0.0196  0.0195  0.0195
  0.0191  0.0191  0.0191  0.0191  0.0192  0.0192  0.0193  0.0194  0.0194  0.0194  0.0194  0.0194
  0.0193  0.0193  0.0192  0.0194  0.0194  0.0193  0.0195  0.0197  0.0195  0.0195  0.0195  0.0195
  0.0201  0.0198  0.0196  0.0204  0.0202  0.0205  0.0200  0.0205  0.0198  0.0202  0.0197  0.0197
  0.0212  0.0206  0.0203  0.0221  0.0215  0.0229  0.0207  0.0219  0.0204  0.0214  0.0200  0.0201
niter,ni,del,rscale     4    3    5.0000    0.7000
parameters
   -1.2812   -1.5181   12.0492   -8.7276  -14.1943   -8.5316
    0.7824   -2.5371    1.0744   14.6410    1.6592  -16.0539
eta,q 0.98072  9.79307
  0.0209  0.0204  0.0201  0.0209  0.0207  0.0204  0.0204  0.0215  0.0201  0.0205  0.0199  0.0199
  0.0201  0.0198  0.0197  0.0203  0.0201  0.0200  0.0198  0.0202  0.0196  0.0199  0.0196  0.0196
  0.0196  0.0195  0.0195  0.0198  0.0196  0.0197  0.0194  0.0195  0.0194  0.0195  0.0193  0.0194
  0.0194  0.0194  0.0194  0.0194  0.0193  0.0193  0.0193  0.0193  0.0193  0.0193  0.0193  0.0193
  0.0195  0.0195  0.0194  0.0193  0.0193  0.0192  0.0194  0.0196  0.0194  0.0193  0.0194  0.0193
  0.0199  0.0198  0.0197  0.0198  0.0198  0.0195  0.0197  0.0203  0.0196  0.0197  0.0196  0.0195
  0.0206  0.0204  0.0200  0.0207  0.0207  0.0207  0.0203  0.0214  0.0201  0.0206  0.0199  0.0199
niter,ni,del,rscale     3    3    5.0000    0.6000
parameters
   -1.3059   -1.5272   12.0395   -8.5928  -14.0763   -8.2700
    0.7662   -2.5724    1.0622   14.7604    1.6058  -16.0939
eta,q 0.98081  9.81059
  0.0203  0.0201  0.0198  0.0205  0.0203  0.0202  0.0200  0.0209  0.0198  0.0202  0.0197  0.0197
  0.0197  0.0196  0.0195  0.0200  0.0199  0.0199  0.0196  0.0199  0.0195  0.0197  0.0194  0.0194
  0.0194  0.0194  0.0193  0.0196  0.0195  0.0196  0.0193  0.0194  0.0193  0.0194  0.0192  0.0192
  0.0193  0.0193  0.0193  0.0193  0.0193  0.0193  0.0192  0.0192  0.0192  0.0192  0.0192  0.0192
  0.0194  0.0194  0.0193  0.0193  0.0193  0.0191  0.0193  0.0194  0.0193  0.0192  0.0193  0.0193
  0.0198  0.0196  0.0195  0.0197  0.0196  0.0194  0.0196  0.0200  0.0195  0.0195  0.0194  0.0194
  0.0204  0.0201  0.0198  0.0205  0.0203  0.0203  0.0200  0.0210  0.0198  0.0202  0.0197  0.0197
niter,ni,del,rscale     2    3    5.0000    0.5000
parameters
   -1.3251   -1.5358   12.0314   -8.5296  -14.0085   -8.0499
    0.7645   -2.6024    1.0548   14.8726    1.5544  -16.1771
eta,q 0.98086  9.82242
  0.0199  0.0198  0.0196  0.0201  0.0200  0.0200  0.0197  0.0204  0.0196  0.0199  0.0195  0.0195
  0.0195  0.0194  0.0194  0.0197  0.0196  0.0197  0.0194  0.0197  0.0193  0.0196  0.0193  0.0193
  0.0193  0.0192  0.0192  0.0194  0.0193  0.0194  0.0192  0.0193  0.0192  0.0193  0.0192  0.0192
  0.0192  0.0192  0.0192  0.0192  0.0192  0.0192  0.0192  0.0192  0.0192  0.0192  0.0191  0.0191
  0.0193  0.0193  0.0192  0.0192  0.0192  0.0191  0.0192  0.0193  0.0192  0.0192  0.0192  0.0192
  0.0195  0.0195  0.0194  0.0196  0.0195  0.0193  0.0194  0.0198  0.0193  0.0194  0.0193  0.0193
  0.0200  0.0198  0.0196  0.0201  0.0200  0.0200  0.0197  0.0205  0.0196  0.0199  0.0195  0.0195
niter,ni,del,rscale     1    3    5.0000    0.4000
parameters
   -1.3370   -1.5381   12.0237   -8.4943  -13.9646   -7.8599
    0.7650   -2.6368    1.0651   14.9718    1.5274  -16.3068
eta,q 0.98089  9.83139
  0.0196  0.0195  0.0194  0.0198  0.0197  0.0197  0.0195  0.0200  0.0194  0.0197  0.0194  0.0193
  0.0194  0.0193  0.0193  0.0195  0.0194  0.0195  0.0193  0.0195  0.0193  0.0194  0.0192  0.0192
  0.0192  0.0192  0.0192  0.0193  0.0192  0.0193  0.0192  0.0192  0.0192  0.0192  0.0191  0.0191
  0.0191  0.0191  0.0191  0.0191  0.0191  0.0191  0.0191  0.0191  0.0191  0.0191  0.0191  0.0191
  0.0192  0.0192  0.0192  0.0192  0.0192  0.0191  0.0192  0.0192  0.0191  0.0191  0.0192  0.0192
  0.0194  0.0193  0.0193  0.0194  0.0194  0.0193  0.0193  0.0195  0.0192  0.0193  0.0192  0.0192
  0.0197  0.0195  0.0194  0.0198  0.0197  0.0197  0.0195  0.0200  0.0194  0.0196  0.0194  0.0194
registration optimization eta report
parameter search radius
    0.8000    0.8000    0.8000    2.4000    2.4000    2.4000
    2.4000    2.4000    2.4000    2.4000    2.4000    2.4000
100000*second partial in parameter space
       78.       59.       44.       11.       10.       10.
        6.       15.        5.        9.        5.        4.
  0.0196  0.0195  0.0194  0.0198  0.0197  0.0197  0.0195  0.0200  0.0194  0.0197  0.0194  0.0193
  0.0194  0.0193  0.0193  0.0195  0.0194  0.0195  0.0193  0.0195  0.0193  0.0194  0.0192  0.0192
  0.0192  0.0192  0.0192  0.0193  0.0192  0.0193  0.0192  0.0192  0.0192  0.0192  0.0191  0.0191
  0.0191  0.0191  0.0191  0.0191  0.0191  0.0191  0.0191  0.0191  0.0191  0.0191  0.0191  0.0191
  0.0192  0.0192  0.0192  0.0192  0.0192  0.0191  0.0192  0.0192  0.0191  0.0191  0.0192  0.0192
  0.0194  0.0193  0.0193  0.0194  0.0194  0.0193  0.0193  0.0195  0.0192  0.0193  0.0192  0.0192
  0.0197  0.0195  0.0194  0.0198  0.0197  0.0197  0.0195  0.0200  0.0194  0.0196  0.0194  0.0194
   -1.3370   -1.5381   12.0237   -8.4943  -13.9646   -7.8599
    0.7650   -2.6368    1.0651   14.9718    1.5274  -16.3068
eta,q 0.98089  9.83139

---------------------------------------------------------------------
compute_vox2vox talsrcimg talsrcimg_to_711-2C_as_mni_average_305_t4 /opt/freesurfer/average/711-2C_as_mni_average_305
---------------------------------------------------------------------

freesurfer compute_vox2vox.c
Reading: talsrcimg.4dfp.ifh
Reading: talsrcimg_to_711-2C_as_mni_average_305_t4
Reading: /opt/freesurfer/average/711-2C_as_mni_average_305.4dfp.ifh
Writing: talsrcimg_to_711-2C_as_mni_average_305_t4_vox2vox.txt

start time Thu Mar 12 14:34:20 CET 2026
end		time Thu Mar 12 14:35:46 CET 2026

mpr2mni305 success

avi2talxfm orig_nu.mgz /opt/freesurfer/average/mni305.cor.mgz talsrcimg_to_711-2C_as_mni_average_305_t4_vox2vox.txt transforms/talairach.auto.xfm
avi2talxfm done
mv -f /out/sourcedata/freesurfer/sub-v1s1x0050661_ses-1/mri/talsrcimg_to_711-2C_as_mni_average_305_t4_vox2vox.txt /out/sourcedata/freesurfer/sub-v1s1x0050661_ses-1/mri/transforms/talsrcimg_to_711-2C_as_mni_average_305_t4_vox2vox.txt
lta_convert --src orig_nu.mgz --trg /opt/freesurfer/average/mni305.cor.mgz --inxfm transforms/talairach.auto.xfm --outlta transforms/talairach.auto.xfm.lta --subject fsaverage
7.3.2

--src: orig_nu.mgz src image (geometry).
--trg: /opt/freesurfer/average/mni305.cor.mgz trg image (geometry).
--inmni: transforms/talairach.auto.xfm input MNI/XFM transform.
--outlta: transforms/talairach.auto.xfm.lta output LTA.
--s: fsaverage subject name
 LTA read, type : 1
 1.09234   0.03186  -0.00368  -0.30484;
-0.01989   1.05230   0.19963   6.77828;
-0.01006  -0.18351   1.12762  -23.38950;
 0.00000   0.00000   0.00000   1.00000;
setting subject to fsaverage
Writing  LTA to file transforms/talairach.auto.xfm.lta...
lta_convert successful.
 
 
Started at Thu Mar 12 14:34:20 CET 2026
Ended   at Thu Mar 12 14:35:46 CET 2026
talairach_avi done
