/out/sourcedata/freesurfer/sub-v1s1x0050650_ses-1/mri
/opt/freesurfer/bin/talairach_avi
--i orig_nu.mgz --xfm transforms/talairach.auto.xfm
talairach_avi 7.3.2
Linux dna006 5.14.0-427.37.1.el9_4.x86_64 #1 SMP PREEMPT_DYNAMIC Fri Sep 13 12:41:50 EDT 2024 x86_64 x86_64 x86_64 GNU/Linux
Thu Mar 12 14:21:30 CET 2026
mri_convert orig_nu.mgz talsrcimg.img 
reading from orig_nu.mgz...
TR=0.00, TE=0.00, TI=0.00, flip angle=0.00
i_ras = (-1, 0, 0)
j_ras = (0, 0, -1)
k_ras = (0, 1, 0)
writing to talsrcimg.img...
Analyze Output Matrix
-1.00000   0.00000   0.00000   124.50000;
 0.00000   0.00000   1.00000  -143.00000;
 0.00000  -1.00000   0.00000   153.00000;
 0.00000   0.00000   0.00000   1.00000;
--------------------
INFO: set hdr.hist.orient to -1
mpr2mni305 talsrcimg
Thu Mar 12 14:21:31 CET 2026
/opt/freesurfer/bin/mpr2mni305 talsrcimg
mpr2mni305 7.3.2
target=711-2C_as_mni_average_305

---------------------------------------------------------------------
analyzeto4dfp talsrcimg -O0 -y
---------------------------------------------------------------------

freesurfer ifh2hdr.c
Thu Mar 12 14:21:31 2026
Writing: talsrcimg.4dfp.hdr
freesurfer analyzeto4dfp.c
Reading: talsrcimg.hdr
header size 348 bytes
hdr.dime.datatype	offset=70	value=2
hdr.dime.bitpix		offset=72	value=8
hdr.hist.orient		offset=252	value=-1
dimensionality     4
dimensions       256       256       256         1
Reading: talsrcimg.img
Writing: talsrcimg.4dfp.img
Writing: talsrcimg.4dfp.ifh
ifh2hdr talsrcimg -r0to249
ori=2

---------------------------------------------------------------------
gauss_4dfp talsrcimg 1.1
---------------------------------------------------------------------

freesurfer gauss_4dfp.c
Reading: talsrcimg.4dfp.img
Writing: talsrcimg_g11.4dfp.img
image dimensions 256 256 256 padded to 288 288 288
processing volume 1freesurfer ifh2hdr.c
Thu Mar 12 14:21:33 2026
Writing: talsrcimg_g11.4dfp.hdr

Writing: talsrcimg_g11.4dfp.ifh
including: talsrcimg.4dfp.img.rec in talsrcimg_g11.4dfp.img.rec

---------------------------------------------------------------------
imgreg_4dfp /opt/freesurfer/average/711-2C_as_mni_average_305 none talsrcimg_g11 none talsrcimg_to_711-2C_as_mni_average_305_t4 4355
---------------------------------------------------------------------

freesurfer imgreg_4dfp.c
/opt/freesurfer/average/711-2C_as_mni_average_305.4dfp.img
       256       256       256         1
  1.000000  1.000000  1.000000
orientation T byte_order littleendian
Reading image: /opt/freesurfer/average/711-2C_as_mni_average_305.4dfp.img
dimensions:      256       256       256
mmppix:       1.0000   -1.0000   -1.0000
center:     128.0000 -129.0000 -129.0000
talsrcimg_g11.4dfp.img
       256       256       256         1
  1.000000  1.000000  1.000000
orientation T byte_order littleendian
Reading image: talsrcimg_g11.4dfp.img
dimensions:      256       256       256
mmppix:       1.0000   -1.0000   -1.0000
center:     128.0000 -129.0000 -129.0000
t4_read: open error in t4_sub.f l:  41 t4_file(1:l)talsrcimg_to_711-2C_as_mni_average_305_t4 
t4_read: transform initialized to I4
rotation matrix determinant  1.000000
image alignment mode   4355 decimal     1103 hex
   -7.5000  -45.0000  -45.0000 8140.6592   18.1032
    0.0000  -45.0000  -45.0000 8488.2686   18.1059
    7.5000  -45.0000  -45.0000 8070.9683   18.1127
   -7.5000  -37.5000  -45.0000 8429.7910   18.2752
    0.0000  -37.5000  -45.0000 8818.8867   18.2889
    7.5000  -37.5000  -45.0000 8363.6572   18.3005
   -7.5000  -30.0000  -45.0000 8992.3086   18.3181
    0.0000  -30.0000  -45.0000 9380.7334   18.3264
    7.5000  -30.0000  -45.0000 8919.0020   18.3382
   -7.5000  -22.5000  -45.0000 9530.0996   18.1970
    0.0000  -22.5000  -45.0000 9953.5391   18.1880
    7.5000  -22.5000  -45.0000 9428.9775   18.1946
   -7.5000  -15.0000  -45.000010026.6260   18.0510
    0.0000  -15.0000  -45.000010459.6797   18.0301
    7.5000  -15.0000  -45.0000 9907.2588   18.0315
   -7.5000   -7.5000  -45.000010538.7783   18.0010
    0.0000   -7.5000  -45.000010977.8975   17.9864
    7.5000   -7.5000  -45.000010399.2178   17.9882
   -7.5000    0.0000  -45.000010953.8340   18.1032
    0.0000    0.0000  -45.000011420.4639   18.1059
    7.5000    0.0000  -45.000010824.3672   18.1127
   -7.5000    7.5000  -45.000010532.7910   18.2752
    0.0000    7.5000  -45.000010992.2646   18.2889
    7.5000    7.5000  -45.000010428.1309   18.3005
   -7.5000   15.0000  -45.000010065.5918   18.3181
    0.0000   15.0000  -45.000010497.6523   18.3264
    7.5000   15.0000  -45.0000 9946.3037   18.3382
   -7.5000   22.5000  -45.0000 9472.1836   18.1945
    0.0000   22.5000  -45.0000 9838.1904   18.1855
    7.5000   22.5000  -45.0000 9314.5215   18.1921
   -7.5000   30.0000  -45.0000 8484.7188   17.8105
    0.0000   30.0000  -45.0000 8779.4727   17.7898
    7.5000   30.0000  -45.0000 8323.8115   17.7913
   -7.5000   37.5000  -45.0000 7893.6021   17.7611
    0.0000   37.5000  -45.0000 8154.7061   17.7467
    7.5000   37.5000  -45.0000 7734.7485   17.7485
   -7.5000   45.0000  -45.0000 7012.7808   17.4084
    0.0000   45.0000  -45.0000 7232.9033   17.4110
    7.5000   45.0000  -45.0000 6855.1597   17.4175
   -7.5000  -45.0000  -37.5000 8695.5684   18.0969
    0.0000  -45.0000  -37.5000 9083.7627   18.0900
    7.5000  -45.0000  -37.5000 8582.6338   18.0926
   -7.5000  -37.5000  -37.5000 9007.4980   18.2693
    0.0000  -37.5000  -37.5000 9416.9746   18.2720
    7.5000  -37.5000  -37.5000 8880.1826   18.2815
   -7.5000  -30.0000  -37.5000 9601.1318   18.3010
    0.0000  -30.0000  -37.500010021.4326   18.3002
    7.5000  -30.0000  -37.5000 9462.2559   18.3154
   -7.5000  -22.5000  -37.500010176.6514   18.1658
    0.0000  -22.5000  -37.500010649.9600   18.1519
    7.5000  -22.5000  -37.500010028.7871   18.1657
   -7.5000  -15.0000  -37.500010715.5576   18.0172
    0.0000  -15.0000  -37.500011195.9648   17.9933
    7.5000  -15.0000  -37.500010547.5127   18.0003
   -7.5000   -7.5000  -37.500011267.6777   17.9810
    0.0000   -7.5000  -37.500011764.3467   17.9607
    7.5000   -7.5000  -37.500011078.2119   17.9618
   -7.5000    0.0000  -37.500011684.0342   18.0969
    0.0000    0.0000  -37.500012201.5420   18.0900
    7.5000    0.0000  -37.500011503.4971   18.0926
   -7.5000    7.5000  -37.500011193.4443   18.2693
    0.0000    7.5000  -37.500011696.4922   18.2720
    7.5000    7.5000  -37.500011033.3643   18.2815
   -7.5000   15.0000  -37.500010666.7891   18.3010
    0.0000   15.0000  -37.500011129.8027   18.3002
    7.5000   15.0000  -37.500010496.3975   18.3154
   -7.5000   22.5000  -37.5000 9977.5996   18.1633
    0.0000   22.5000  -37.500010400.1982   18.1494
    7.5000   22.5000  -37.5000 9808.6230   18.1632
   -7.5000   30.0000  -37.5000 8918.6475   17.7771
    0.0000   30.0000  -37.5000 9277.7041   17.7535
    7.5000   30.0000  -37.5000 8760.0303   17.7605
   -7.5000   37.5000  -37.5000 8272.8799   17.7414
    0.0000   37.5000  -37.5000 8583.7930   17.7213
    7.5000   37.5000  -37.5000 8126.6333   17.7225
   -7.5000   45.0000  -37.5000 7333.1465   17.4023
    0.0000   45.0000  -37.5000 7586.6929   17.3957
    7.5000   45.0000  -37.5000 7215.1787   17.3982
   -7.5000  -45.0000  -30.0000 9390.5635   18.8235
    0.0000  -45.0000  -30.0000 9786.3066   18.8115
    7.5000  -45.0000  -30.0000 9237.6113   18.8113
   -7.5000  -37.5000  -30.0000 9696.9385   19.0098
    0.0000  -37.5000  -30.000010091.9238   19.0065
    7.5000  -37.5000  -30.0000 9531.3896   19.0116
   -7.5000  -30.0000  -30.000010305.2148   19.0448
    0.0000  -30.0000  -30.000010744.5752   19.0397
    7.5000  -30.0000  -30.000010129.2822   19.0530
   -7.5000  -22.5000  -30.000010958.0752   18.8971
    0.0000  -22.5000  -30.000011463.3740   18.8821
    7.5000  -22.5000  -30.000010758.6074   18.8986
   -7.5000  -15.0000  -30.000011549.9629   18.7339
    0.0000  -15.0000  -30.000012069.4414   18.7109
    7.5000  -15.0000  -30.000011318.2832   18.7226
   -7.5000   -7.5000  -30.000012132.1152   18.6962
    0.0000   -7.5000  -30.000012676.9990   18.6743
    7.5000   -7.5000  -30.000011868.1143   18.6775
   -7.5000    0.0000  -30.000012544.3369   18.8235
    0.0000    0.0000  -30.000013126.4424   18.8115
    7.5000    0.0000  -30.000012299.5908   18.8113
   -7.5000    7.5000  -30.000012003.4297   19.0098
    0.0000    7.5000  -30.000012552.6797   19.0065
    7.5000    7.5000  -30.000011769.1816   19.0116
   -7.5000   15.0000  -30.000011423.0928   19.0448
    0.0000   15.0000  -30.000011949.4072   19.0397
    7.5000   15.0000  -30.000011213.7041   19.0530
   -7.5000   22.5000  -30.000010619.4180   18.8925
    0.0000   22.5000  -30.000011091.0986   18.8776
    7.5000   22.5000  -30.000010431.9941   18.8941
   -7.5000   30.0000  -30.0000 9487.7061   18.4860
    0.0000   30.0000  -30.0000 9893.2568   18.4633
    7.5000   30.0000  -30.0000 9300.3691   18.4749
   -7.5000   37.5000  -30.0000 8758.6016   18.4488
    0.0000   37.5000  -30.0000 9100.1992   18.4272
    7.5000   37.5000  -30.0000 8598.6152   18.4304
   -7.5000   45.0000  -30.0000 7775.7363   18.1143
    0.0000   45.0000  -30.0000 8044.6787   18.1028
    7.5000   45.0000  -30.0000 7631.8564   18.1026
   -7.5000  -45.0000  -22.500010082.9141   19.4381
    0.0000  -45.0000  -22.500010487.7188   19.4334
    7.5000  -45.0000  -22.5000 9930.1123   19.4342
   -7.5000  -37.5000  -22.500010378.8301   19.6368
    0.0000  -37.5000  -22.500010787.4570   19.6411
    7.5000  -37.5000  -22.500010200.7910   19.6431
   -7.5000  -30.0000  -22.500011004.9170   19.6878
    0.0000  -30.0000  -22.500011468.0957   19.6900
    7.5000  -30.0000  -22.500010799.5869   19.6973
   -7.5000  -22.5000  -22.500011702.7725   19.5450
    0.0000  -22.5000  -22.500012231.4414   19.5363
    7.5000  -22.5000  -22.500011480.2422   19.5474
   -7.5000  -15.0000  -22.500012335.9756   19.3713
    0.0000  -15.0000  -22.500012896.3760   19.3546
    7.5000  -15.0000  -22.500012054.7197   19.3650
   -7.5000   -7.5000  -22.500012949.6162   19.3164
    0.0000   -7.5000  -22.500013543.2061   19.3015
    7.5000   -7.5000  -22.500012619.9922   19.3070
   -7.5000    0.0000  -22.500013378.7275   19.4381
    0.0000    0.0000  -22.500014024.8340   19.4334
    7.5000    0.0000  -22.500013058.7988   19.4342
   -7.5000    7.5000  -22.500012796.9053   19.6368
    0.0000    7.5000  -22.500013402.3926   19.6411
    7.5000    7.5000  -22.500012502.3760   19.6431
   -7.5000   15.0000  -22.500012180.4834   19.6878
    0.0000   15.0000  -22.500012771.0947   19.6900
    7.5000   15.0000  -22.500011931.6953   19.6973
   -7.5000   22.5000  -22.500011267.8242   19.5389
    0.0000   22.5000  -22.500011794.0283   19.5303
    7.5000   22.5000  -22.500011028.8262   19.5414
   -7.5000   30.0000  -22.500010032.7852   19.1179
    0.0000   30.0000  -22.500010486.1172   19.1014
    7.5000   30.0000  -22.5000 9844.5410   19.1117
   -7.5000   37.5000  -22.5000 9254.1592   19.0637
    0.0000   37.5000  -22.5000 9638.3213   19.0490
    7.5000   37.5000  -22.5000 9093.2412   19.0544
   -7.5000   45.0000  -22.5000 8209.7119   18.7198
    0.0000   45.0000  -22.5000 8514.6934   18.7154
    7.5000   45.0000  -22.5000 8064.0205   18.7161
   -7.5000  -45.0000  -15.000010762.6201   19.9085
    0.0000  -45.0000  -15.000011215.3584   19.9156
    7.5000  -45.0000  -15.000010621.8779   19.9206
   -7.5000  -37.5000  -15.000011033.0723   20.1111
    0.0000  -37.5000  -15.000011465.8096   20.1281
    7.5000  -37.5000  -15.000010877.7520   20.1318
   -7.5000  -30.0000  -15.000011676.6572   20.1752
    0.0000  -30.0000  -15.000012144.7598   20.1878
    7.5000  -30.0000  -15.000011497.8818   20.1917
   -7.5000  -22.5000  -15.000012395.7168   20.0450
    0.0000  -22.5000  -15.000012928.4824   20.0428
    7.5000  -22.5000  -15.000012180.7109   20.0467
   -7.5000  -15.0000  -15.000013076.1553   19.8708
    0.0000  -15.0000  -15.000013647.8965   19.8590
    7.5000  -15.0000  -15.000012792.0713   19.8643
   -7.5000   -7.5000  -15.000013725.0264   19.7994
    0.0000   -7.5000  -15.000014356.0850   19.7925
    7.5000   -7.5000  -15.000013392.8096   19.7989
   -7.5000    0.0000  -15.000014202.7891   19.9085
    0.0000    0.0000  -15.000014847.9023   19.9156
    7.5000    0.0000  -15.000013862.2871   19.9206
   -7.5000    7.5000  -15.000013538.5088   20.1111
    0.0000    7.5000  -15.000014195.6982   20.1281
    7.5000    7.5000  -15.000013238.7969   20.1318
   -7.5000   15.0000  -15.000012881.3818   20.1752
    0.0000   15.0000  -15.000013530.4463   20.1878
    7.5000   15.0000  -15.000012618.0332   20.1917
   -7.5000   22.5000  -15.000011917.0293   20.0379
    0.0000   22.5000  -15.000012480.9131   20.0357
    7.5000   22.5000  -15.000011644.0996   20.0396
   -7.5000   30.0000  -15.000010629.9414   19.6136
    0.0000   30.0000  -15.000011114.5615   19.6020
    7.5000   30.0000  -15.000010393.5527   19.6072
   -7.5000   37.5000  -15.0000 9758.7891   19.5432
    0.0000   37.5000  -15.000010195.0225   19.5364
    7.5000   37.5000  -15.0000 9588.9561   19.5427
   -7.5000   45.0000  -15.0000 8646.2041   19.1845
    0.0000   45.0000  -15.0000 9011.2793   19.1913
    7.5000   45.0000  -15.0000 8491.1504   19.1961
   -7.5000  -45.0000   -7.500011470.2832   20.1830
    0.0000  -45.0000   -7.500011986.0254   20.1929
    7.5000  -45.0000   -7.500011344.2148   20.2016
   -7.5000  -37.5000   -7.500011707.6006   20.3814
    0.0000  -37.5000   -7.500012182.8301   20.4028
    7.5000  -37.5000   -7.500011596.0371   20.4124
   -7.5000  -30.0000   -7.500012362.8809   20.4434
    0.0000  -30.0000   -7.500012895.2969   20.4585
    7.5000  -30.0000   -7.500012246.9307   20.4653
   -7.5000  -22.5000   -7.500013172.9795   20.3170
    0.0000  -22.5000   -7.500013748.2461   20.3132
    7.5000  -22.5000   -7.500013011.4229   20.3152
   -7.5000  -15.0000   -7.500013903.3398   20.1487
    0.0000  -15.0000   -7.500014537.5898   20.1327
    7.5000  -15.0000   -7.500013691.3867   20.1336
   -7.5000   -7.5000   -7.500014540.2461   20.0776
    0.0000   -7.5000   -7.500015192.6025   20.0691
    7.5000   -7.5000   -7.500014314.6221   20.0739
   -7.5000    0.0000   -7.500015051.1074   20.1830
    0.0000    0.0000   -7.500015740.6055   20.1929
    7.5000    0.0000   -7.500014805.1504   20.2016
   -7.5000    7.5000   -7.500014342.3809   20.3814
    0.0000    7.5000   -7.500015072.4707   20.4028
    7.5000    7.5000   -7.500014102.4570   20.4124
   -7.5000   15.0000   -7.500013637.2324   20.4434
    0.0000   15.0000   -7.500014368.9502   20.4585
    7.5000   15.0000   -7.500013406.0146   20.4653
   -7.5000   22.5000   -7.500012618.6680   20.3077
    0.0000   22.5000   -7.500013254.2100   20.3038
    7.5000   22.5000   -7.500012346.2480   20.3058
   -7.5000   30.0000   -7.500011260.6768   19.8874
    0.0000   30.0000   -7.500011790.8203   19.8716
    7.5000   30.0000   -7.500011027.8223   19.8725
   -7.5000   37.5000   -7.500010314.2178   19.8172
    0.0000   37.5000   -7.500010789.6670   19.8088
    7.5000   37.5000   -7.500010101.3682   19.8136
   -7.5000   45.0000   -7.5000 9104.8008   19.4526
    0.0000   45.0000   -7.5000 9509.7852   19.4622
    7.5000   45.0000   -7.5000 8898.4746   19.4705
   -7.5000  -45.0000    0.000012108.8027   20.2579
    0.0000  -45.0000    0.000012684.2490   20.2610
    7.5000  -45.0000    0.000011959.7471   20.2685
   -7.5000  -37.5000    0.000012404.1113   20.4504
    0.0000  -37.5000    0.000012966.8037   20.4657
    7.5000  -37.5000    0.000012302.3115   20.4787
   -7.5000  -30.0000    0.000013043.4258   20.4984
    0.0000  -30.0000    0.000013691.8545   20.5077
    7.5000  -30.0000    0.000013024.6621   20.5209
   -7.5000  -22.5000    0.000013812.4473   20.3628
    0.0000  -22.5000    0.000014431.5098   20.3528
    7.5000  -22.5000    0.000013787.7754   20.3602
   -7.5000  -15.0000    0.000014464.9531   20.1995
    0.0000  -15.0000    0.000015124.1885   20.1761
    7.5000  -15.0000    0.000014451.2490   20.1778
   -7.5000   -7.5000    0.000015154.2227   20.1435
    0.0000   -7.5000    0.000015828.3877   20.1272
    7.5000   -7.5000    0.000015115.1836   20.1293
   -7.5000    0.0000    0.000015759.8008   20.2579
    0.0000    0.0000    0.000016496.4648   20.2610
    7.5000    0.0000    0.000015629.6143   20.2685
   -7.5000    7.5000    0.000015084.6338   20.4504
    0.0000    7.5000    0.000015857.2451   20.4657
    7.5000    7.5000    0.000014893.1660   20.4787
   -7.5000   15.0000    0.000014375.9277   20.4984
    0.0000   15.0000    0.000015145.7080   20.5077
    7.5000   15.0000    0.000014129.7285   20.5209
   -7.5000   22.5000    0.000013282.6660   20.3535
    0.0000   22.5000    0.000013951.4609   20.3435
    7.5000   22.5000    0.000012948.6240   20.3508
   -7.5000   30.0000    0.000011783.2363   19.9381
    0.0000   30.0000    0.000012352.4688   19.9150
    7.5000   30.0000    0.000011502.1729   19.9166
   -7.5000   37.5000    0.000010767.0625   19.8828
    0.0000   37.5000    0.000011265.2480   19.8668
    7.5000   37.5000    0.000010493.6230   19.8688
   -7.5000   45.0000    0.0000 9474.8760   19.5263
    0.0000   45.0000    0.0000 9875.8506   19.5293
    7.5000   45.0000    0.0000 9226.3311   19.5365
   -7.5000  -45.0000    7.500011775.9492   20.2509
    0.0000  -45.0000    7.500012325.2725   20.2432
    7.5000  -45.0000    7.500011600.0127   20.2461
   -7.5000  -37.5000    7.500012280.0830   20.4439
    0.0000  -37.5000    7.500012875.1562   20.4469
    7.5000  -37.5000    7.500012077.6006   20.4574
   -7.5000  -30.0000    7.500012871.0420   20.4793
    0.0000  -30.0000    7.500013458.7373   20.4784
    7.5000  -30.0000    7.500012879.8232   20.4954
   -7.5000  -22.5000    7.500013347.1016   20.3280
    0.0000  -22.5000    7.500013886.1855   20.3124
    7.5000  -22.5000    7.500013526.0742   20.3280
   -7.5000  -15.0000    7.500013961.1309   20.1617
    0.0000  -15.0000    7.500014566.5156   20.1350
    7.5000  -15.0000    7.500014097.8516   20.1429
   -7.5000   -7.5000    7.500014762.0605   20.1212
    0.0000   -7.5000    7.500015425.3037   20.0985
    7.5000   -7.5000    7.500014722.6768   20.0998
   -7.5000    0.0000    7.500015418.9619   20.2509
    0.0000    0.0000    7.500016105.2285   20.2432
    7.5000    0.0000    7.500015162.0771   20.2461
   -7.5000    7.5000    7.500014771.9785   20.4439
    0.0000    7.5000    7.500015423.6719   20.4469
    7.5000    7.5000    7.500014406.4844   20.4574
   -7.5000   15.0000    7.500014030.6465   20.4793
    0.0000   15.0000    7.500014644.7217   20.4784
    7.5000   15.0000    7.500013628.0752   20.4954
   -7.5000   22.5000    7.500012876.4863   20.3186
    0.0000   22.5000    7.500013445.9834   20.3031
    7.5000   22.5000    7.500012437.7178   20.3186
   -7.5000   30.0000    7.500011423.0566   19.9008
    0.0000   30.0000    7.500011919.6699   19.8744
    7.5000   30.0000    7.500011056.1699   19.8822
   -7.5000   37.5000    7.500010398.8789   19.8608
    0.0000   37.5000    7.500010864.1182   19.8384
    7.5000   37.5000    7.500010095.0811   19.8396
   -7.5000   45.0000    7.5000 9153.2812   19.5196
    0.0000   45.0000    7.5000 9543.6357   19.5121
    7.5000   45.0000    7.5000 8909.8398   19.5149
   -7.5000  -45.0000   15.000011217.9854   20.2133
    0.0000  -45.0000   15.000011760.0332   20.2004
    7.5000  -45.0000   15.000011031.1699   20.2002
   -7.5000  -37.5000   15.000011760.5342   20.4134
    0.0000  -37.5000   15.000012286.8535   20.4098
    7.5000  -37.5000   15.000011474.1221   20.4154
   -7.5000  -30.0000   15.000012536.7227   20.4510
    0.0000  -30.0000   15.000012959.5791   20.4455
    7.5000  -30.0000   15.000012253.9434   20.4598
   -7.5000  -22.5000   15.000013184.5713   20.2923
    0.0000  -22.5000   15.000013546.2295   20.2763
    7.5000  -22.5000   15.000012908.4648   20.2940
   -7.5000  -15.0000   15.000013820.0391   20.1171
    0.0000  -15.0000   15.000014231.8115   20.0924
    7.5000  -15.0000   15.000013490.7197   20.1050
   -7.5000   -7.5000   15.000014475.5654   20.0767
    0.0000   -7.5000   15.000014937.3662   20.0531
    7.5000   -7.5000   15.000014061.1826   20.0566
   -7.5000    0.0000   15.000014949.8779   20.2133
    0.0000    0.0000   15.000015472.4072   20.2004
    7.5000    0.0000   15.000014492.3486   20.2002
   -7.5000    7.5000   15.000014212.5703   20.4134
    0.0000    7.5000   15.000014764.2686   20.4098
    7.5000    7.5000   15.000013810.3643   20.4154
   -7.5000   15.0000   15.000013435.2617   20.4510
    0.0000   15.0000   15.000014013.0654   20.4455
    7.5000   15.0000   15.000013091.5674   20.4598
   -7.5000   22.5000   15.000012252.4238   20.2830
    0.0000   22.5000   15.000012764.2617   20.2669
    7.5000   22.5000   15.000011887.7158   20.2846
   -7.5000   30.0000   15.000010889.6982   19.8568
    0.0000   30.0000   15.000011348.3389   19.8324
    7.5000   30.0000   15.000010575.9404   19.8448
   -7.5000   37.5000   15.0000 9903.8232   19.8168
    0.0000   37.5000   15.000010311.1104   19.7936
    7.5000   37.5000   15.0000 9628.3643   19.7970
   -7.5000   45.0000   15.0000 8690.4902   19.4833
    0.0000   45.0000   15.0000 9037.6133   19.4709
    7.5000   45.0000   15.0000 8477.7891   19.4707
   -7.5000  -45.0000   22.500010641.0059   20.1783
    0.0000  -45.0000   22.500011113.3486   20.1735
    7.5000  -45.0000   22.500010392.3271   20.1743
   -7.5000  -37.5000   22.500011048.7588   20.3846
    0.0000  -37.5000   22.500011469.1514   20.3890
    7.5000  -37.5000   22.500010776.2080   20.3911
   -7.5000  -30.0000   22.500011692.3105   20.4375
    0.0000  -30.0000   22.500012035.3477   20.4398
    7.5000  -30.0000   22.500011453.4707   20.4474
   -7.5000  -22.5000   22.500012356.8066   20.2892
    0.0000  -22.5000   22.500012694.2812   20.2802
    7.5000  -22.5000   22.500012107.8281   20.2918
   -7.5000  -15.0000   22.500013048.7578   20.1090
    0.0000  -15.0000   22.500013460.3066   20.0916
    7.5000  -15.0000   22.500012733.1377   20.1025
   -7.5000   -7.5000   22.500013653.6162   20.0520
    0.0000   -7.5000   22.500014124.8066   20.0365
    7.5000   -7.5000   22.500013324.4463   20.0422
   -7.5000    0.0000   22.500014094.7773   20.1783
    0.0000    0.0000   22.500014611.5742   20.1735
    7.5000    0.0000   22.500013761.4414   20.1743
   -7.5000    7.5000   22.500013429.8975   20.3846
    0.0000    7.5000   22.500013954.6816   20.3890
    7.5000    7.5000   22.500013123.4287   20.3911
   -7.5000   15.0000   22.500012705.0361   20.4375
    0.0000   15.0000   22.500013225.7734   20.4398
    7.5000   15.0000   22.500012427.9033   20.4474
   -7.5000   22.5000   22.500011519.3389   20.2799
    0.0000   22.5000   22.500011989.1963   20.2709
    7.5000   22.5000   22.500011232.6133   20.2825
   -7.5000   30.0000   22.500010251.0049   19.8487
    0.0000   30.0000   22.500010646.0674   19.8316
    7.5000   30.0000   22.500010003.7236   19.8423
   -7.5000   37.5000   22.5000 9323.4609   19.7925
    0.0000   37.5000   22.5000 9682.0791   19.7772
    7.5000   37.5000   22.5000 9120.0264   19.7828
   -7.5000   45.0000   22.5000 8172.9316   19.4495
    0.0000   45.0000   22.5000 8480.6572   19.4449
    7.5000   45.0000   22.5000 8023.6768   19.4457
   -7.5000  -45.0000   30.0000 9804.8584   20.1829
    0.0000  -45.0000   30.000010292.0879   20.1901
    7.5000  -45.0000   30.0000 9685.1182   20.1951
   -7.5000  -37.5000   30.000010117.2871   20.3883
    0.0000  -37.5000   30.000010568.3076   20.4055
    7.5000  -37.5000   30.000010009.0742   20.4093
   -7.5000  -30.0000   30.000010701.3506   20.4533
    0.0000  -30.0000   30.000011117.2637   20.4661
    7.5000  -30.0000   30.000010625.6963   20.4700
   -7.5000  -22.5000   30.000011298.4805   20.3213
    0.0000  -22.5000   30.000011736.1260   20.3191
    7.5000  -22.5000   30.000011242.9141   20.3230
   -7.5000  -15.0000   30.000011881.1650   20.1447
    0.0000  -15.0000   30.000012360.1357   20.1327
    7.5000  -15.0000   30.000011801.5527   20.1381
   -7.5000   -7.5000   30.000012443.3271   20.0723
    0.0000   -7.5000   30.000012923.2910   20.0653
    7.5000   -7.5000   30.000012331.3896   20.0718
   -7.5000    0.0000   30.000012935.4707   20.1829
    0.0000    0.0000   30.000013435.9473   20.1901
    7.5000    0.0000   30.000012784.3379   20.1951
   -7.5000    7.5000   30.000012400.1914   20.3883
    0.0000    7.5000   30.000012910.7461   20.4055
    7.5000    7.5000   30.000012215.1094   20.4093
   -7.5000   15.0000   30.000011809.8164   20.4533
    0.0000   15.0000   30.000012310.8467   20.4661
    7.5000   15.0000   30.000011607.3740   20.4700
   -7.5000   22.5000   30.000010680.6992   20.3119
    0.0000   22.5000   30.000011112.3350   20.3097
    7.5000   22.5000   30.000010463.9150   20.3137
   -7.5000   30.0000   30.0000 9518.1416   19.8840
    0.0000   30.0000   30.0000 9889.2373   19.8721
    7.5000   30.0000   30.0000 9335.6572   19.8774
   -7.5000   37.5000   30.0000 8641.5938   19.8126
    0.0000   37.5000   30.0000 8992.1357   19.8056
    7.5000   37.5000   30.0000 8514.9326   19.8120
   -7.5000   45.0000   30.0000 7574.3667   19.4540
    0.0000   45.0000   30.0000 7849.3730   19.4609
    7.5000   45.0000   30.0000 7460.5859   19.4658
   -7.5000  -45.0000   37.5000 9438.1221   20.4956
    0.0000  -45.0000   37.5000 9878.5049   20.5056
    7.5000  -45.0000   37.5000 9410.7246   20.5138
   -7.5000  -37.5000   37.5000 9749.5205   20.6997
    0.0000  -37.5000   37.500010169.1729   20.7213
    7.5000  -37.5000   37.5000 9715.6895   20.7304
   -7.5000  -30.0000   37.500010328.9453   20.7627
    0.0000  -30.0000   37.500010750.7012   20.7778
    7.5000  -30.0000   37.500010318.2510   20.7840
   -7.5000  -22.5000   37.500010923.3047   20.6319
    0.0000  -22.5000   37.500011335.2061   20.6276
    7.5000  -22.5000   37.500010912.7305   20.6290
   -7.5000  -15.0000   37.500011481.2441   20.4588
    0.0000  -15.0000   37.500011914.4268   20.4420
    7.5000  -15.0000   37.500011459.5029   20.4424
   -7.5000   -7.5000   37.500011982.1963   20.3865
    0.0000   -7.5000   37.500012441.7734   20.3774
    7.5000   -7.5000   37.500011950.3203   20.3819
   -7.5000    0.0000   37.500012443.8389   20.4956
    0.0000    0.0000   37.500012928.7812   20.5056
    7.5000    0.0000   37.500012358.8047   20.5138
   -7.5000    7.5000   37.500011940.0303   20.6997
    0.0000    7.5000   37.500012443.6904   20.7213
    7.5000    7.5000   37.500011816.1855   20.7304
   -7.5000   15.0000   37.500011390.6797   20.7627
    0.0000   15.0000   37.500011882.2188   20.7778
    7.5000   15.0000   37.500011259.6836   20.7840
   -7.5000   22.5000   37.500010251.6035   20.6224
    0.0000   22.5000   37.500010690.1406   20.6181
    7.5000   22.5000   37.500010115.4580   20.6195
   -7.5000   30.0000   37.5000 9160.9727   20.1940
    0.0000   30.0000   37.5000 9520.7598   20.1774
    7.5000   30.0000   37.5000 9023.6865   20.1778
   -7.5000   37.5000   37.5000 8350.9902   20.1226
    0.0000   37.5000   37.5000 8681.6992   20.1137
    7.5000   37.5000   37.5000 8251.8652   20.1181
   -7.5000   45.0000   37.5000 7293.9604   19.7554
    0.0000   45.0000   37.5000 7566.7563   19.7650
    7.5000   45.0000   37.5000 7203.9272   19.7729
   -7.5000  -45.0000   45.0000 8719.7236   20.7996
    0.0000  -45.0000   45.0000 9128.3398   20.8015
    7.5000  -45.0000   45.0000 8673.7227   20.8085
   -7.5000  -37.5000   45.0000 8982.5566   20.9917
    0.0000  -37.5000   45.0000 9395.2354   21.0070
    7.5000  -37.5000   45.0000 8950.4346   21.0194
   -7.5000  -30.0000   45.0000 9527.0781   21.0376
    0.0000  -30.0000   45.0000 9940.7324   21.0469
    7.5000  -30.0000   45.0000 9499.7607   21.0597
   -7.5000  -22.5000   45.000010063.9004   20.9008
    0.0000  -22.5000   45.000010476.6055   20.8895
    7.5000  -22.5000   45.000010039.7441   20.8965
   -7.5000  -15.0000   45.000010563.7510   20.7379
    0.0000  -15.0000   45.000010983.7090   20.7120
    7.5000  -15.0000   45.000010521.7939   20.7134
   -7.5000   -7.5000   45.000011029.9385   20.6836
    0.0000   -7.5000   45.000011478.5361   20.6650
    7.5000   -7.5000   45.000010974.4863   20.6667
   -7.5000    0.0000   45.000011474.4580   20.7996
    0.0000    0.0000   45.000011948.6787   20.8015
    7.5000    0.0000   45.000011386.4990   20.8085
   -7.5000    7.5000   45.000010996.8555   20.9917
    0.0000    7.5000   45.000011466.6943   21.0070
    7.5000    7.5000   45.000010889.3340   21.0194
   -7.5000   15.0000   45.000010485.0996   21.0376
    0.0000   15.0000   45.000010941.8877   21.0469
    7.5000   15.0000   45.000010382.0801   21.0597
   -7.5000   22.5000   45.0000 9410.0732   20.8911
    0.0000   22.5000   45.0000 9803.9600   20.8798
    7.5000   22.5000   45.0000 9309.3496   20.8868
   -7.5000   30.0000   45.0000 8410.6143   20.4677
    0.0000   30.0000   45.0000 8765.9229   20.4422
    7.5000   30.0000   45.0000 8333.7715   20.4436
   -7.5000   37.5000   45.0000 7678.1357   20.4142
    0.0000   37.5000   45.0000 8013.3906   20.3958
    7.5000   37.5000   45.0000 7627.0479   20.3975
   -7.5000   45.0000   45.0000 6720.6064   20.0575
    0.0000   45.0000   45.0000 6980.7446   20.0593
    7.5000   45.0000   45.0000 6669.9307   20.0661

---------------------------------------------------------------------
imgreg_4dfp /opt/freesurfer/average/711-2C_as_mni_average_305 /opt/freesurfer/average/711-2B_as_mni_average_305_mask talsrcimg_g11 none talsrcimg_to_711-2C_as_mni_average_305_t4 4355
---------------------------------------------------------------------

freesurfer imgreg_4dfp.c
/opt/freesurfer/average/711-2C_as_mni_average_305.4dfp.img
       256       256       256         1
  1.000000  1.000000  1.000000
orientation T byte_order littleendian
Reading image: /opt/freesurfer/average/711-2C_as_mni_average_305.4dfp.img
dimensions:      256       256       256
mmppix:       1.0000   -1.0000   -1.0000
center:     128.0000 -129.0000 -129.0000
/opt/freesurfer/average/711-2B_as_mni_average_305_mask.4dfp.img
       256       256       256         1
  1.000000  1.000000  1.000000
orientation T byte_order littleendian
Reading mask: /opt/freesurfer/average/711-2B_as_mni_average_305_mask.4dfp.img (2306576 pixels)
talsrcimg_g11.4dfp.img
       256       256       256         1
  1.000000  1.000000  1.000000
orientation T byte_order littleendian
Reading image: talsrcimg_g11.4dfp.img
dimensions:      256       256       256
mmppix:       1.0000   -1.0000   -1.0000
center:     128.0000 -129.0000 -129.0000
rotation matrix determinant  1.000000
image alignment mode   4355 decimal     1103 hex
   -7.5000  -45.0000  -45.0000 2073.8457   17.4949
    0.0000  -45.0000  -45.0000 2073.4312   17.5687
    7.5000  -45.0000  -45.0000 2064.7346   17.7167
   -7.5000  -37.5000  -45.0000 2127.9885   16.5438
    0.0000  -37.5000  -45.0000 2132.2273   16.6060
    7.5000  -37.5000  -45.0000 2118.9236   16.7551
   -7.5000  -30.0000  -45.0000 2165.9136   15.8163
    0.0000  -30.0000  -45.0000 2169.0366   15.8137
    7.5000  -30.0000  -45.0000 2154.2957   16.0018
   -7.5000  -22.5000  -45.0000 2186.8149   15.2954
    0.0000  -22.5000  -45.0000 2193.2429   15.3362
    7.5000  -22.5000  -45.0000 2174.7095   15.5421
   -7.5000  -15.0000  -45.0000 2203.3572   15.2696
    0.0000  -15.0000  -45.0000 2206.3755   15.2312
    7.5000  -15.0000  -45.0000 2183.4180   15.4759
   -7.5000   -7.5000  -45.0000 2188.5630   15.6495
    0.0000   -7.5000  -45.0000 2190.2029   15.5988
    7.5000   -7.5000  -45.0000 2165.3499   15.8691
   -7.5000    0.0000  -45.0000 2131.9207   16.4823
    0.0000    0.0000  -45.0000 2137.8684   16.4667
    7.5000    0.0000  -45.0000 2110.7878   16.7667
   -7.5000    7.5000  -45.0000 2058.6860   17.6473
    0.0000    7.5000  -45.0000 2065.6353   17.6651
    7.5000    7.5000  -45.0000 2043.0656   18.0018
   -7.5000   15.0000  -45.0000 1964.0344   19.2135
    0.0000   15.0000  -45.0000 1970.6576   19.2151
    7.5000   15.0000  -45.0000 1946.2574   19.6491
   -7.5000   22.5000  -45.0000 1859.0859   21.5045
    0.0000   22.5000  -45.0000 1865.5067   21.3907
    7.5000   22.5000  -45.0000 1842.5781   21.8948
   -7.5000   30.0000  -45.0000 1738.2633   24.5999
    0.0000   30.0000  -45.0000 1742.5356   24.4165
    7.5000   30.0000  -45.0000 1716.8756   24.9090
   -7.5000   37.5000  -45.0000 1615.5930   28.8036
    0.0000   37.5000  -45.0000 1614.8882   28.6035
    7.5000   37.5000  -45.0000 1593.5582   29.1760
   -7.5000   45.0000  -45.0000 1474.9111   34.6631
    0.0000   45.0000  -45.0000 1480.8524   34.4729
    7.5000   45.0000  -45.0000 1454.9113   35.3153
   -7.5000  -45.0000  -37.5000 2176.6340   16.1129
    0.0000  -45.0000  -37.5000 2177.0742   16.1949
    7.5000  -45.0000  -37.5000 2149.2556   16.3081
   -7.5000  -37.5000  -37.5000 2232.4102   15.2673
    0.0000  -37.5000  -37.5000 2232.8787   15.3391
    7.5000  -37.5000  -37.5000 2203.0525   15.4211
   -7.5000  -30.0000  -37.5000 2269.9614   14.6067
    0.0000  -30.0000  -37.5000 2270.2937   14.6029
    7.5000  -30.0000  -37.5000 2246.1152   14.7518
   -7.5000  -22.5000  -37.5000 2290.9373   14.1665
    0.0000  -22.5000  -37.5000 2295.7146   14.2063
    7.5000  -22.5000  -37.5000 2266.6292   14.3688
   -7.5000  -15.0000  -37.5000 2306.1479   14.1173
    0.0000  -15.0000  -37.5000 2305.4192   14.1177
    7.5000  -15.0000  -37.5000 2279.6135   14.3143
   -7.5000   -7.5000  -37.5000 2292.4871   14.4668
    0.0000   -7.5000  -37.5000 2293.3325   14.4454
    7.5000   -7.5000  -37.5000 2263.7144   14.6649
   -7.5000    0.0000  -37.5000 2234.6587   15.2040
    0.0000    0.0000  -37.5000 2236.8779   15.1962
    7.5000    0.0000  -37.5000 2210.9365   15.4178
   -7.5000    7.5000  -37.5000 2157.6326   16.2397
    0.0000    7.5000  -37.5000 2159.8096   16.2382
    7.5000    7.5000  -37.5000 2133.8882   16.5339
   -7.5000   15.0000  -37.5000 2061.6748   17.6656
    0.0000   15.0000  -37.5000 2059.3245   17.6594
    7.5000   15.0000  -37.5000 2035.3889   18.0255
   -7.5000   22.5000  -37.5000 1949.5618   19.7005
    0.0000   22.5000  -37.5000 1948.9553   19.5976
    7.5000   22.5000  -37.5000 1930.3900   20.0157
   -7.5000   30.0000  -37.5000 1827.5657   22.4149
    0.0000   30.0000  -37.5000 1825.3761   22.2869
    7.5000   30.0000  -37.5000 1804.4421   22.7090
   -7.5000   37.5000  -37.5000 1695.1251   26.1667
    0.0000   37.5000  -37.5000 1690.9285   26.0000
    7.5000   37.5000  -37.5000 1676.8699   26.5265
   -7.5000   45.0000  -37.5000 1544.8743   31.4261
    0.0000   45.0000  -37.5000 1546.2095   31.1288
    7.5000   45.0000  -37.5000 1532.1722   31.8294
   -7.5000  -45.0000  -30.0000 2311.5420   15.4076
    0.0000  -45.0000  -30.0000 2310.1045   15.4705
    7.5000  -45.0000  -30.0000 2272.0513   15.6027
   -7.5000  -37.5000  -30.0000 2366.9844   14.6217
    0.0000  -37.5000  -30.0000 2364.7590   14.6478
    7.5000  -37.5000  -30.0000 2327.6572   14.7534
   -7.5000  -30.0000  -30.0000 2406.1152   13.9836
    0.0000  -30.0000  -30.0000 2405.5918   13.9645
    7.5000  -30.0000  -30.0000 2373.9705   14.0922
   -7.5000  -22.5000  -30.0000 2437.4697   13.5805
    0.0000  -22.5000  -30.0000 2440.3386   13.5980
    7.5000  -22.5000  -30.0000 2406.2341   13.7346
   -7.5000  -15.0000  -30.0000 2451.6946   13.5373
    0.0000  -15.0000  -30.0000 2447.0481   13.5640
    7.5000  -15.0000  -30.0000 2416.8984   13.7042
   -7.5000   -7.5000  -30.0000 2435.5527   13.8791
    0.0000   -7.5000  -30.0000 2438.2937   13.9038
    7.5000   -7.5000  -30.0000 2400.2805   14.0270
   -7.5000    0.0000  -30.0000 2377.5200   14.5420
    0.0000    0.0000  -30.0000 2382.5105   14.5601
    7.5000    0.0000  -30.0000 2345.8801   14.6991
   -7.5000    7.5000  -30.0000 2297.1902   15.4601
    0.0000    7.5000  -30.0000 2297.2559   15.5021
    7.5000    7.5000  -30.0000 2263.3904   15.7115
   -7.5000   15.0000  -30.0000 2191.5310   16.7809
    0.0000   15.0000  -30.0000 2190.1660   16.8275
    7.5000   15.0000  -30.0000 2159.1174   17.0858
   -7.5000   22.5000  -30.0000 2065.5300   18.6915
    0.0000   22.5000  -30.0000 2066.3369   18.6833
    7.5000   22.5000  -30.0000 2039.0891   18.9790
   -7.5000   30.0000  -30.0000 1935.8870   21.2090
    0.0000   30.0000  -30.0000 1936.9823   21.1987
    7.5000   30.0000  -30.0000 1907.0553   21.5222
   -7.5000   37.5000  -30.0000 1793.1793   24.6905
    0.0000   37.5000  -30.0000 1791.2400   24.6594
    7.5000   37.5000  -30.0000 1768.3427   25.1111
   -7.5000   45.0000  -30.0000 1643.9253   29.4615
    0.0000   45.0000  -30.0000 1642.4255   29.3907
    7.5000   45.0000  -30.0000 1620.4988   29.9266
   -7.5000  -45.0000  -22.5000 2406.7373   14.6886
    0.0000  -45.0000  -22.5000 2404.5654   14.7520
    7.5000  -45.0000  -22.5000 2368.6140   14.8916
   -7.5000  -37.5000  -22.5000 2473.5715   13.8648
    0.0000  -37.5000  -22.5000 2470.9673   13.9076
    7.5000  -37.5000  -22.5000 2433.2188   14.0180
   -7.5000  -30.0000  -22.5000 2518.4106   13.2293
    0.0000  -30.0000  -22.5000 2517.5420   13.2827
    7.5000  -30.0000  -22.5000 2482.8706   13.3599
   -7.5000  -22.5000  -22.5000 2560.3455   12.9025
    0.0000  -22.5000  -22.5000 2562.3140   12.9379
    7.5000  -22.5000  -22.5000 2526.1877   13.0150
   -7.5000  -15.0000  -22.5000 2575.6782   12.8400
    0.0000  -15.0000  -22.5000 2575.4150   12.9026
    7.5000  -15.0000  -22.5000 2536.5957   12.9586
   -7.5000   -7.5000  -22.5000 2557.5566   13.1742
    0.0000   -7.5000  -22.5000 2564.8059   13.2261
    7.5000   -7.5000  -22.5000 2521.0266   13.2817
   -7.5000    0.0000  -22.5000 2499.2070   13.7956
    0.0000    0.0000  -22.5000 2508.0049   13.8530
    7.5000    0.0000  -22.5000 2465.7437   13.9457
   -7.5000    7.5000  -22.5000 2414.7603   14.6617
    0.0000    7.5000  -22.5000 2421.6287   14.7261
    7.5000    7.5000  -22.5000 2384.6130   14.8897
   -7.5000   15.0000  -22.5000 2303.1064   15.8905
    0.0000   15.0000  -22.5000 2309.6016   15.9274
    7.5000   15.0000  -22.5000 2277.4441   16.1720
   -7.5000   22.5000  -22.5000 2160.8677   17.6801
    0.0000   22.5000  -22.5000 2165.3186   17.7221
    7.5000   22.5000  -22.5000 2140.1501   17.9744
   -7.5000   30.0000  -22.5000 2019.5770   20.0779
    0.0000   30.0000  -22.5000 2022.4086   20.0746
    7.5000   30.0000  -22.5000 1994.5233   20.3649
   -7.5000   37.5000  -22.5000 1871.8213   23.3351
    0.0000   37.5000  -22.5000 1869.5317   23.2875
    7.5000   37.5000  -22.5000 1852.1821   23.6735
   -7.5000   45.0000  -22.5000 1715.5155   27.7793
    0.0000   45.0000  -22.5000 1717.7670   27.5846
    7.5000   45.0000  -22.5000 1698.4734   28.1287
   -7.5000  -45.0000  -15.0000 2460.6492   14.0682
    0.0000  -45.0000  -15.0000 2468.4390   14.0963
    7.5000  -45.0000  -15.0000 2431.8430   14.2935
   -7.5000  -37.5000  -15.0000 2540.9946   13.1976
    0.0000  -37.5000  -15.0000 2548.4475   13.2282
    7.5000  -37.5000  -15.0000 2506.6233   13.3987
   -7.5000  -30.0000  -15.0000 2600.6304   12.5623
    0.0000  -30.0000  -15.0000 2601.9692   12.6125
    7.5000  -30.0000  -15.0000 2565.8850   12.7386
   -7.5000  -22.5000  -15.0000 2645.8962   12.2675
    0.0000  -22.5000  -15.0000 2650.4541   12.2986
    7.5000  -22.5000  -15.0000 2613.8669   12.3662
   -7.5000  -15.0000  -15.0000 2664.8252   12.2163
    0.0000  -15.0000  -15.0000 2669.6387   12.2716
    7.5000  -15.0000  -15.0000 2633.1860   12.3082
   -7.5000   -7.5000  -15.0000 2651.2847   12.5157
    0.0000   -7.5000  -15.0000 2660.1431   12.5666
    7.5000   -7.5000  -15.0000 2619.8232   12.6075
   -7.5000    0.0000  -15.0000 2589.4067   13.0934
    0.0000    0.0000  -15.0000 2600.2205   13.1349
    7.5000    0.0000  -15.0000 2562.6609   13.2339
   -7.5000    7.5000  -15.0000 2497.0046   13.9500
    0.0000    7.5000  -15.0000 2507.0706   13.9671
    7.5000    7.5000  -15.0000 2472.7219   14.1516
   -7.5000   15.0000  -15.0000 2377.0042   15.1508
    0.0000   15.0000  -15.0000 2387.7810   15.1663
    7.5000   15.0000  -15.0000 2362.6636   15.3927
   -7.5000   22.5000  -15.0000 2232.5474   16.8790
    0.0000   22.5000  -15.0000 2236.8748   16.9066
    7.5000   22.5000  -15.0000 2216.7527   17.1531
   -7.5000   30.0000  -15.0000 2078.0811   19.1869
    0.0000   30.0000  -15.0000 2081.7747   19.1491
    7.5000   30.0000  -15.0000 2061.8364   19.4613
   -7.5000   37.5000  -15.0000 1919.5254   22.2051
    0.0000   37.5000  -15.0000 1918.9797   22.1397
    7.5000   37.5000  -15.0000 1906.0553   22.5425
   -7.5000   45.0000  -15.0000 1757.9998   26.3794
    0.0000   45.0000  -15.0000 1765.6489   26.1481
    7.5000   45.0000  -15.0000 1741.8279   26.7467
   -7.5000  -45.0000   -7.5000 2494.4390   13.6004
    0.0000  -45.0000   -7.5000 2504.7290   13.6042
    7.5000  -45.0000   -7.5000 2473.6758   13.8477
   -7.5000  -37.5000   -7.5000 2583.0864   12.7153
    0.0000  -37.5000   -7.5000 2593.4746   12.7267
    7.5000  -37.5000   -7.5000 2553.3984   12.9965
   -7.5000  -30.0000   -7.5000 2654.9475   12.0203
    0.0000  -30.0000   -7.5000 2663.8164   12.0482
    7.5000  -30.0000   -7.5000 2620.6870   12.3045
   -7.5000  -22.5000   -7.5000 2712.0466   11.7157
    0.0000  -22.5000   -7.5000 2719.4604   11.7302
    7.5000  -22.5000   -7.5000 2682.1943   11.8907
   -7.5000  -15.0000   -7.5000 2740.0637   11.6652
    0.0000  -15.0000   -7.5000 2749.3306   11.6919
    7.5000  -15.0000   -7.5000 2714.9431   11.8052
   -7.5000   -7.5000   -7.5000 2727.4268   11.9281
    0.0000   -7.5000   -7.5000 2735.3459   11.9521
    7.5000   -7.5000   -7.5000 2704.6897   12.0837
   -7.5000    0.0000   -7.5000 2658.1460   12.4996
    0.0000    0.0000   -7.5000 2664.9802   12.5065
    7.5000    0.0000   -7.5000 2637.1982   12.7043
   -7.5000    7.5000   -7.5000 2556.2708   13.3663
    0.0000    7.5000   -7.5000 2569.6096   13.3658
    7.5000    7.5000   -7.5000 2532.6514   13.6067
   -7.5000   15.0000   -7.5000 2431.3955   14.5737
    0.0000   15.0000   -7.5000 2443.4692   14.5788
    7.5000   15.0000   -7.5000 2412.2139   14.8391
   -7.5000   22.5000   -7.5000 2287.1936   16.2168
    0.0000   22.5000   -7.5000 2294.1865   16.2706
    7.5000   22.5000   -7.5000 2268.9385   16.5040
   -7.5000   30.0000   -7.5000 2125.0713   18.4208
    0.0000   30.0000   -7.5000 2130.6523   18.4418
    7.5000   30.0000   -7.5000 2108.8621   18.6746
   -7.5000   37.5000   -7.5000 1955.3386   21.3317
    0.0000   37.5000   -7.5000 1958.9562   21.2936
    7.5000   37.5000   -7.5000 1939.4038   21.6192
   -7.5000   45.0000   -7.5000 1790.0956   25.1511
    0.0000   45.0000   -7.5000 1797.7578   25.0512
    7.5000   45.0000   -7.5000 1773.7001   25.6117
   -7.5000  -45.0000    0.0000 2509.3040   13.3375
    0.0000  -45.0000    0.0000 2515.0940   13.2990
    7.5000  -45.0000    0.0000 2490.8560   13.6126
   -7.5000  -37.5000    0.0000 2601.1250   12.5117
    0.0000  -37.5000    0.0000 2611.2266   12.4943
    7.5000  -37.5000    0.0000 2581.6472   12.8022
   -7.5000  -30.0000    0.0000 2678.5601   11.6934
    0.0000  -30.0000    0.0000 2692.6409   11.7042
    7.5000  -30.0000    0.0000 2655.8054   12.0911
   -7.5000  -22.5000    0.0000 2752.1909   11.2840
    0.0000  -22.5000    0.0000 2766.4600   11.2585
    7.5000  -22.5000    0.0000 2727.6472   11.6209
   -7.5000  -15.0000    0.0000 2781.2085   11.2055
    0.0000  -15.0000    0.0000 2799.0479   11.1669
    7.5000  -15.0000    0.0000 2766.7627   11.4640
   -7.5000   -7.5000    0.0000 2772.7112   11.4519
    0.0000   -7.5000    0.0000 2781.5342   11.4324
    7.5000   -7.5000    0.0000 2754.6907   11.7425
   -7.5000    0.0000    0.0000 2700.6448   12.0751
    0.0000    0.0000    0.0000 2713.2656   12.0771
    7.5000    0.0000    0.0000 2680.5430   12.3730
   -7.5000    7.5000    0.0000 2590.6814   12.9554
    0.0000    7.5000    0.0000 2604.9521   13.0005
    7.5000    7.5000    0.0000 2571.7559   13.2491
   -7.5000   15.0000    0.0000 2460.2397   14.1517
    0.0000   15.0000    0.0000 2474.9229   14.2096
    7.5000   15.0000    0.0000 2445.7949   14.4461
   -7.5000   22.5000    0.0000 2317.3206   15.7745
    0.0000   22.5000    0.0000 2324.5823   15.8523
    7.5000   22.5000    0.0000 2304.6985   16.0908
   -7.5000   30.0000    0.0000 2148.4521   17.8939
    0.0000   30.0000    0.0000 2159.4534   17.9383
    7.5000   30.0000    0.0000 2136.4377   18.2125
   -7.5000   37.5000    0.0000 1976.0234   20.6594
    0.0000   37.5000    0.0000 1981.7812   20.6536
    7.5000   37.5000    0.0000 1959.5723   21.0031
   -7.5000   45.0000    0.0000 1805.3547   24.2773
    0.0000   45.0000    0.0000 1815.0809   24.2131
    7.5000   45.0000    0.0000 1792.0162   24.7411
   -7.5000  -45.0000    7.5000 2510.8804   13.2646
    0.0000  -45.0000    7.5000 2510.1531   13.1246
    7.5000  -45.0000    7.5000 2490.8132   13.5237
   -7.5000  -37.5000    7.5000 2608.0537   12.5277
    0.0000  -37.5000    7.5000 2615.8286   12.3961
    7.5000  -37.5000    7.5000 2594.2253   12.7627
   -7.5000  -30.0000    7.5000 2693.9592   11.7934
    0.0000  -30.0000    7.5000 2710.4558   11.6875
    7.5000  -30.0000    7.5000 2682.5640   12.1104
   -7.5000  -22.5000    7.5000 2768.0088   11.1111
    0.0000  -22.5000    7.5000 2788.4055   11.0031
    7.5000  -22.5000    7.5000 2758.2012   11.5470
   -7.5000  -15.0000    7.5000 2804.6187   10.9493
    0.0000  -15.0000    7.5000 2818.0242   10.8145
    7.5000  -15.0000    7.5000 2789.7778   11.2901
   -7.5000   -7.5000    7.5000 2796.1484   11.2465
    0.0000   -7.5000    7.5000 2812.6794   11.1581
    7.5000   -7.5000    7.5000 2775.6501   11.4834
   -7.5000    0.0000    7.5000 2727.9851   11.8877
    0.0000    0.0000    7.5000 2738.3096   11.8233
    7.5000    0.0000    7.5000 2701.0339   12.0754
   -7.5000    7.5000    7.5000 2614.0061   12.7691
    0.0000    7.5000    7.5000 2621.9067   12.7074
    7.5000    7.5000    7.5000 2589.8083   12.9434
   -7.5000   15.0000    7.5000 2471.7417   14.0058
    0.0000   15.0000    7.5000 2476.5020   13.9727
    7.5000   15.0000    7.5000 2453.2366   14.1649
   -7.5000   22.5000    7.5000 2328.9287   15.6369
    0.0000   22.5000    7.5000 2336.8286   15.6102
    7.5000   22.5000    7.5000 2309.9287   15.8122
   -7.5000   30.0000    7.5000 2164.5659   17.7268
    0.0000   30.0000    7.5000 2170.5034   17.6845
    7.5000   30.0000    7.5000 2146.7751   17.8964
   -7.5000   37.5000    7.5000 1986.9628   20.4309
    0.0000   37.5000    7.5000 1993.2153   20.3761
    7.5000   37.5000    7.5000 1973.3602   20.6552
   -7.5000   45.0000    7.5000 1816.1827   23.9612
    0.0000   45.0000    7.5000 1823.5950   23.7794
    7.5000   45.0000    7.5000 1803.2609   24.3124
   -7.5000  -45.0000   15.0000 2488.8967   13.3080
    0.0000  -45.0000   15.0000 2497.1707   13.1290
    7.5000  -45.0000   15.0000 2474.1626   13.5046
   -7.5000  -37.5000   15.0000 2590.0376   12.6319
    0.0000  -37.5000   15.0000 2603.5842   12.4228
    7.5000  -37.5000   15.0000 2579.2700   12.7899
   -7.5000  -30.0000   15.0000 2684.8721   12.0730
    0.0000  -30.0000   15.0000 2699.9910   11.8717
    7.5000  -30.0000   15.0000 2664.4644   12.1858
   -7.5000  -22.5000   15.0000 2769.5344   11.4853
    0.0000  -22.5000   15.0000 2778.6091   11.1688
    7.5000  -22.5000   15.0000 2747.2410   11.6475
   -7.5000  -15.0000   15.0000 2809.7471   11.1971
    0.0000  -15.0000   15.0000 2819.5364   10.9837
    7.5000  -15.0000   15.0000 2785.9348   11.3297
   -7.5000   -7.5000   15.0000 2802.9614   11.3369
    0.0000   -7.5000   15.0000 2813.7537   11.2138
    7.5000   -7.5000   15.0000 2773.9458   11.4612
   -7.5000    0.0000   15.0000 2726.7368   11.8916
    0.0000    0.0000   15.0000 2737.4258   11.7915
    7.5000    0.0000   15.0000 2697.3572   12.0059
   -7.5000    7.5000   15.0000 2606.9216   12.7428
    0.0000    7.5000   15.0000 2618.2659   12.6586
    7.5000    7.5000   15.0000 2581.3816   12.8684
   -7.5000   15.0000   15.0000 2466.9165   13.9281
    0.0000   15.0000   15.0000 2477.8486   13.8842
    7.5000   15.0000   15.0000 2446.2332   14.0822
   -7.5000   22.5000   15.0000 2322.9172   15.5608
    0.0000   22.5000   15.0000 2328.1079   15.5926
    7.5000   22.5000   15.0000 2304.4460   15.7528
   -7.5000   30.0000   15.0000 2157.5891   17.6760
    0.0000   30.0000   15.0000 2164.9695   17.6964
    7.5000   30.0000   15.0000 2136.6394   17.8171
   -7.5000   37.5000   15.0000 1979.8309   20.3405
    0.0000   37.5000   15.0000 1987.8136   20.3216
    7.5000   37.5000   15.0000 1964.3441   20.4869
   -7.5000   45.0000   15.0000 1816.8639   23.8070
    0.0000   45.0000   15.0000 1818.7808   23.6535
    7.5000   45.0000   15.0000 1809.4327   23.9968
   -7.5000  -45.0000   22.5000 2460.5095   13.7257
    0.0000  -45.0000   22.5000 2466.7903   13.5457
    7.5000  -45.0000   22.5000 2442.3970   13.8464
   -7.5000  -37.5000   22.5000 2556.4119   12.9715
    0.0000  -37.5000   22.5000 2567.5105   12.7891
    7.5000  -37.5000   22.5000 2539.5652   13.0568
   -7.5000  -30.0000   22.5000 2651.8296   12.3292
    0.0000  -30.0000   22.5000 2659.2583   12.1044
    7.5000  -30.0000   22.5000 2629.1333   12.4762
   -7.5000  -22.5000   22.5000 2734.6506   11.7399
    0.0000  -22.5000   22.5000 2740.1099   11.5098
    7.5000  -22.5000   22.5000 2710.4116   11.9021
   -7.5000  -15.0000   22.5000 2774.6018   11.5613
    0.0000  -15.0000   22.5000 2779.2463   11.4120
    7.5000  -15.0000   22.5000 2747.8608   11.6377
   -7.5000   -7.5000   22.5000 2760.0435   11.7200
    0.0000   -7.5000   22.5000 2772.2136   11.6487
    7.5000   -7.5000   22.5000 2733.2207   11.8257
   -7.5000    0.0000   22.5000 2683.4155   12.2382
    0.0000    0.0000   22.5000 2694.4382   12.1701
    7.5000    0.0000   22.5000 2657.6738   12.3533
   -7.5000    7.5000   22.5000 2574.6550   12.9959
    0.0000    7.5000   22.5000 2586.9600   12.9321
    7.5000    7.5000   22.5000 2549.2876   13.1463
   -7.5000   15.0000   22.5000 2444.7031   14.1092
    0.0000   15.0000   22.5000 2453.1658   14.0622
    7.5000   15.0000   22.5000 2423.0884   14.2891
   -7.5000   22.5000   22.5000 2304.2690   15.6467
    0.0000   22.5000   22.5000 2315.3018   15.6623
    7.5000   22.5000   22.5000 2291.5833   15.8598
   -7.5000   30.0000   22.5000 2135.6455   17.7326
    0.0000   30.0000   22.5000 2143.3655   17.7349
    7.5000   30.0000   22.5000 2125.1455   17.9516
   -7.5000   37.5000   22.5000 1962.5649   20.4411
    0.0000   37.5000   22.5000 1967.5176   20.3819
    7.5000   37.5000   22.5000 1951.3029   20.6028
   -7.5000   45.0000   22.5000 1801.5951   23.8685
    0.0000   45.0000   22.5000 1811.2633   23.7552
    7.5000   45.0000   22.5000 1790.5745   24.1059
   -7.5000  -45.0000   30.0000 2409.7732   14.2250
    0.0000  -45.0000   30.0000 2422.3699   14.0787
    7.5000  -45.0000   30.0000 2394.9512   14.3536
   -7.5000  -37.5000   30.0000 2504.8545   13.3980
    0.0000  -37.5000   30.0000 2518.5806   13.1853
    7.5000  -37.5000   30.0000 2488.3201   13.5457
   -7.5000  -30.0000   30.0000 2593.5254   12.6888
    0.0000  -30.0000   30.0000 2601.8970   12.4853
    7.5000  -30.0000   30.0000 2571.0112   12.9247
   -7.5000  -22.5000   30.0000 2673.1731   12.1524
    0.0000  -22.5000   30.0000 2673.0540   11.9734
    7.5000  -22.5000   30.0000 2648.4199   12.3539
   -7.5000  -15.0000   30.0000 2699.8037   12.0018
    0.0000  -15.0000   30.0000 2702.8984   11.8769
    7.5000  -15.0000   30.0000 2677.0452   12.1293
   -7.5000   -7.5000   30.0000 2679.1877   12.1982
    0.0000   -7.5000   30.0000 2681.5469   12.1109
    7.5000   -7.5000   30.0000 2660.2844   12.3314
   -7.5000    0.0000   30.0000 2611.5156   12.7273
    0.0000    0.0000   30.0000 2619.1484   12.6552
    7.5000    0.0000   30.0000 2594.0698   12.8830
   -7.5000    7.5000   30.0000 2507.8147   13.5182
    0.0000    7.5000   30.0000 2522.3064   13.4540
    7.5000    7.5000   30.0000 2484.8601   13.6844
   -7.5000   15.0000   30.0000 2392.4622   14.5988
    0.0000   15.0000   30.0000 2407.2285   14.5530
    7.5000   15.0000   30.0000 2371.9924   14.7934
   -7.5000   22.5000   30.0000 2258.2361   16.1023
    0.0000   22.5000   30.0000 2269.7844   16.0827
    7.5000   22.5000   30.0000 2242.6499   16.3098
   -7.5000   30.0000   30.0000 2096.3401   18.1104
    0.0000   30.0000   30.0000 2106.9744   18.1399
    7.5000   30.0000   30.0000 2086.6223   18.3743
   -7.5000   37.5000   30.0000 1931.1035   20.7458
    0.0000   37.5000   30.0000 1940.6606   20.7053
    7.5000   37.5000   30.0000 1921.4744   20.9887
   -7.5000   45.0000   30.0000 1776.1699   24.2219
    0.0000   45.0000   30.0000 1783.5046   24.0231
    7.5000   45.0000   30.0000 1767.4055   24.4614
   -7.5000  -45.0000   37.5000 2357.9097   14.9202
    0.0000  -45.0000   37.5000 2370.2341   14.7031
    7.5000  -45.0000   37.5000 2347.2607   15.1219
   -7.5000  -37.5000   37.5000 2443.9048   14.0446
    0.0000  -37.5000   37.5000 2464.0056   13.8238
    7.5000  -37.5000   37.5000 2429.8230   14.2425
   -7.5000  -30.0000   37.5000 2523.3174   13.3448
    0.0000  -30.0000   37.5000 2536.6042   13.1596
    7.5000  -30.0000   37.5000 2511.4878   13.5858
   -7.5000  -22.5000   37.5000 2588.0662   12.8473
    0.0000  -22.5000   37.5000 2590.8184   12.6567
    7.5000  -22.5000   37.5000 2573.4861   13.0447
   -7.5000  -15.0000   37.5000 2607.7437   12.6835
    0.0000  -15.0000   37.5000 2610.6245   12.5371
    7.5000  -15.0000   37.5000 2594.3813   12.8249
   -7.5000   -7.5000   37.5000 2583.9478   12.8784
    0.0000   -7.5000   37.5000 2586.6682   12.7684
    7.5000   -7.5000   37.5000 2573.1992   13.0237
   -7.5000    0.0000   37.5000 2522.8669   13.3961
    0.0000    0.0000   37.5000 2531.0767   13.2821
    7.5000    0.0000   37.5000 2508.5076   13.5157
   -7.5000    7.5000   37.5000 2433.5767   14.1927
    0.0000    7.5000   37.5000 2448.5696   14.1202
    7.5000    7.5000   37.5000 2416.8135   14.3520
   -7.5000   15.0000   37.5000 2327.6147   15.2677
    0.0000   15.0000   37.5000 2345.2373   15.2004
    7.5000   15.0000   37.5000 2312.3147   15.4720
   -7.5000   22.5000   37.5000 2200.2278   16.7410
    0.0000   22.5000   37.5000 2217.6123   16.6774
    7.5000   22.5000   37.5000 2188.1143   16.9605
   -7.5000   30.0000   37.5000 2052.5779   18.7859
    0.0000   30.0000   37.5000 2064.6040   18.7525
    7.5000   30.0000   37.5000 2038.2499   18.9753
   -7.5000   37.5000   37.5000 1893.2589   21.4747
    0.0000   37.5000   37.5000 1901.3246   21.4119
    7.5000   37.5000   37.5000 1888.5295   21.6439
   -7.5000   45.0000   37.5000 1736.7955   24.9536
    0.0000   45.0000   37.5000 1741.5323   24.8275
    7.5000   45.0000   37.5000 1735.8224   25.1970
   -7.5000  -45.0000   45.0000 2291.8184   15.8141
    0.0000  -45.0000   45.0000 2312.1406   15.6506
    7.5000  -45.0000   45.0000 2282.1675   16.0380
   -7.5000  -37.5000   45.0000 2370.5085   14.9392
    0.0000  -37.5000   45.0000 2395.7539   14.7617
    7.5000  -37.5000   45.0000 2359.9097   15.1521
   -7.5000  -30.0000   45.0000 2439.0117   14.2256
    0.0000  -30.0000   45.0000 2451.9370   14.0890
    7.5000  -30.0000   45.0000 2429.8240   14.4443
   -7.5000  -22.5000   45.0000 2487.2808   13.7246
    0.0000  -22.5000   45.0000 2497.8779   13.5450
    7.5000  -22.5000   45.0000 2480.9023   13.8882
   -7.5000  -15.0000   45.0000 2500.8748   13.5110
    0.0000  -15.0000   45.0000 2509.4045   13.3712
    7.5000  -15.0000   45.0000 2493.9575   13.6330
   -7.5000   -7.5000   45.0000 2478.1484   13.7095
    0.0000   -7.5000   45.0000 2489.8894   13.6020
    7.5000   -7.5000   45.0000 2472.8962   13.8220
   -7.5000    0.0000   45.0000 2430.1455   14.2583
    0.0000    0.0000   45.0000 2442.9180   14.1603
    7.5000    0.0000   45.0000 2421.0869   14.3508
   -7.5000    7.5000   45.0000 2344.6238   15.0412
    0.0000    7.5000   45.0000 2359.8452   14.9847
    7.5000    7.5000   45.0000 2334.0715   15.1714
   -7.5000   15.0000   45.0000 2246.7949   16.1025
    0.0000   15.0000   45.0000 2266.2615   16.0157
    7.5000   15.0000   45.0000 2238.0820   16.2680
   -7.5000   22.5000   45.0000 2129.8870   17.5509
    0.0000   22.5000   45.0000 2147.0581   17.4183
    7.5000   22.5000   45.0000 2122.9915   17.7217
   -7.5000   30.0000   45.0000 1994.9435   19.6024
    0.0000   30.0000   45.0000 2007.4446   19.5219
    7.5000   30.0000   45.0000 1986.3813   19.7991
   -7.5000   37.5000   45.0000 1846.3219   22.3445
    0.0000   37.5000   45.0000 1857.1228   22.2619
    7.5000   37.5000   45.0000 1840.2386   22.5198
   -7.5000   45.0000   45.0000 1696.8417   25.9620
    0.0000   45.0000   45.0000 1699.7694   25.8339
    7.5000   45.0000   45.0000 1693.4500   26.2241

---------------------------------------------------------------------
imgreg_4dfp /opt/freesurfer/average/711-2C_as_mni_average_305 /opt/freesurfer/average/711-2B_as_mni_average_305_mask talsrcimg_g11 none talsrcimg_to_711-2C_as_mni_average_305_t4 1283
---------------------------------------------------------------------

freesurfer imgreg_4dfp.c
/opt/freesurfer/average/711-2C_as_mni_average_305.4dfp.img
       256       256       256         1
  1.000000  1.000000  1.000000
orientation T byte_order littleendian
Reading image: /opt/freesurfer/average/711-2C_as_mni_average_305.4dfp.img
dimensions:      256       256       256
mmppix:       1.0000   -1.0000   -1.0000
center:     128.0000 -129.0000 -129.0000
/opt/freesurfer/average/711-2B_as_mni_average_305_mask.4dfp.img
       256       256       256         1
  1.000000  1.000000  1.000000
orientation T byte_order littleendian
Reading mask: /opt/freesurfer/average/711-2B_as_mni_average_305_mask.4dfp.img (2306576 pixels)
talsrcimg_g11.4dfp.img
       256       256       256         1
  1.000000  1.000000  1.000000
orientation T byte_order littleendian
Reading image: talsrcimg_g11.4dfp.img
dimensions:      256       256       256
mmppix:       1.0000   -1.0000   -1.0000
center:     128.0000 -129.0000 -129.0000
rotation matrix determinant  1.000000
fimgreg.f
image alignment mode   1283 decimal      503 hex
parameters
    0.0000  -15.0000   15.0000    0.0000    0.0000    0.0000
eta,q 0.88488 11.11516
niter,ni,del,rscale     5    3   12.0000    1.2000
parameter  4  0.616920 ->  0.500000 qaram    1.1500
parameters
   -1.7051  -13.6571   13.0900   -3.4500    1.6172    1.9936
eta,q 0.89445 10.87323
  0.1098  0.1214  0.1086  0.1049  0.1092  0.1134
  0.1096  0.1201  0.1077  0.1054  0.1074  0.1115
  0.1061  0.1133  0.1059  0.1042  0.1056  0.1087
  0.1059  0.1051  0.1050  0.1056  0.1052  0.1064
  0.1104  0.1067  0.1086  0.1090  0.1066  0.1055
  0.1138  0.1109  0.1145  0.1119  0.1065  0.1065
  0.1169  0.1148  0.1190  0.1157  0.1060  0.1086
niter,ni,del,rscale     5    3   12.0000    1.2000
parameters
   -3.7564  -12.2448   12.0975   -5.6641    1.3486    2.0185
eta,q 0.89590 10.76153
  0.1074  0.1195  0.1067  0.1064  0.1083  0.1088
  0.1061  0.1163  0.1059  0.1054  0.1063  0.1067
  0.1051  0.1102  0.1043  0.1043  0.1042  0.1051
  0.1055  0.1051  0.1029  0.1034  0.1043  0.1041
  0.1083  0.1027  0.1043  0.1062  0.1057  0.1045
  0.1094  0.1059  0.1076  0.1115  0.1073  0.1064
  0.1110  0.1128  0.1116  0.1161  0.1083  0.1090
niter,ni,del,rscale     4    3   12.0000    1.2000
parameters
   -2.4527  -11.9055   11.5924   -6.5346    3.6660    2.4212
eta,q 0.89553 10.84244
  0.1135  0.1159  0.1067  0.1078  0.1080  0.1092
  0.1084  0.1096  0.1066  0.1060  0.1059  0.1073
  0.1056  0.1061  0.1054  0.1052  0.1045  0.1058
  0.1041  0.1039  0.1037  0.1041  0.1045  0.1046
  0.1042  0.1041  0.1034  0.1035  0.1046  0.1045
  0.1057  0.1083  0.1057  0.1073  0.1042  0.1058
  0.1073  0.1136  0.1106  0.1124  0.1046  0.1088
niter,ni,del,rscale     3    3   12.0000    1.2000
parameters
   -2.0514  -12.0238    9.6174   -6.7364    4.7447    1.6890
eta,q 0.89847 10.80721
  0.1103  0.1128  0.1060  0.1068  0.1083  0.1052
  0.1092  0.1070  0.1038  0.1052  0.1077  0.1033
  0.1071  0.1050  0.1023  0.1037  0.1056  0.1020
  0.1045  0.1040  0.1040  0.1023  0.1025  0.1015
  0.1029  0.1049  0.1062  0.1012  0.1015  0.1025
  0.1054  0.1084  0.1086  0.1040  0.1035  0.1047
  0.1115  0.1130  0.1120  0.1096  0.1070  0.1079
niter,ni,del,rscale     2    3   12.0000    1.2000
parameters
   -2.1771  -12.1945    9.0516   -7.1189    5.0204    1.6069
eta,q 0.89823 10.77955
  0.1127  0.1102  0.1074  0.1055  0.1089  0.1063
  0.1105  0.1045  0.1057  0.1036  0.1075  0.1040
  0.1067  0.1032  0.1033  0.1025  0.1045  0.1025
  0.1015  0.1018  0.1019  0.1018  0.1019  0.1018
  0.1025  0.1019  0.1042  0.1006  0.1025  0.1024
  0.1095  0.1060  0.1070  0.1027  0.1051  0.1041
  0.1163  0.1112  0.1097  0.1087  0.1092  0.1067
niter,ni,del,rscale     1    3   12.0000    1.2000
parameters
   -2.3029  -12.2703    8.8136   -7.2866    5.1889    1.6502
eta,q 0.89795 10.76520
  0.1135  0.1100  0.1082  0.1057  0.1091  0.1068
  0.1108  0.1040  0.1058  0.1035  0.1075  0.1044
  0.1069  0.1029  0.1041  0.1024  0.1044  0.1029
  0.1018  0.1020  0.1020  0.1021  0.1021  0.1021
  0.1031  0.1020  0.1040  0.1011  0.1030  0.1026
  0.1103  0.1053  0.1067  0.1021  0.1055  0.1043
  0.1167  0.1100  0.1092  0.1078  0.1097  0.1068
registration optimization eta report
parameter search radius
    6.0000    6.0000    6.0000    6.9000    6.0000    6.0000
100000*second partial in parameter space
       34.       23.       16.       11.       19.       13.
  0.1135  0.1100  0.1082  0.1057  0.1091  0.1068
  0.1108  0.1040  0.1058  0.1035  0.1075  0.1044
  0.1069  0.1029  0.1041  0.1024  0.1044  0.1029
  0.1018  0.1020  0.1020  0.1021  0.1021  0.1021
  0.1031  0.1020  0.1040  0.1011  0.1030  0.1026
  0.1103  0.1053  0.1067  0.1021  0.1055  0.1043
  0.1167  0.1100  0.1092  0.1078  0.1097  0.1068
   -2.3029  -12.2703    8.8136   -7.2866    5.1889    1.6502
eta,q 0.89795 10.76520

---------------------------------------------------------------------
imgreg_4dfp /opt/freesurfer/average/711-2C_as_mni_average_305 /opt/freesurfer/average/711-2B_as_mni_average_305_mask talsrcimg_g11 none talsrcimg_to_711-2C_as_mni_average_305_t4 3335
---------------------------------------------------------------------

freesurfer imgreg_4dfp.c
/opt/freesurfer/average/711-2C_as_mni_average_305.4dfp.img
       256       256       256         1
  1.000000  1.000000  1.000000
orientation T byte_order littleendian
Reading image: /opt/freesurfer/average/711-2C_as_mni_average_305.4dfp.img
dimensions:      256       256       256
mmppix:       1.0000   -1.0000   -1.0000
center:     128.0000 -129.0000 -129.0000
/opt/freesurfer/average/711-2B_as_mni_average_305_mask.4dfp.img
       256       256       256         1
  1.000000  1.000000  1.000000
orientation T byte_order littleendian
Reading mask: /opt/freesurfer/average/711-2B_as_mni_average_305_mask.4dfp.img (2306576 pixels)
talsrcimg_g11.4dfp.img
       256       256       256         1
  1.000000  1.000000  1.000000
orientation T byte_order littleendian
Reading image: talsrcimg_g11.4dfp.img
dimensions:      256       256       256
mmppix:       1.0000   -1.0000   -1.0000
center:     128.0000 -129.0000 -129.0000
fimgreg.f
image alignment mode   3335 decimal      D07 hex
parameters
   -2.3029  -12.2703    8.8136   -0.4511   -0.8157   -1.2141
   -1.7099   -9.3324    2.8679   12.4197    9.0439  -12.6313
eta,q 0.89292 10.94183
niter,ni,del,rscale     5    3    5.0000    1.2000
parameter  2 -0.765798 -> -0.500000 qaram    1.1500
parameter  4  3.500345 ->  0.500000 qaram    1.1500
parameter  5  3.570176 ->  0.500000 qaram    1.1500
parameter  6404.529816 ->  0.500000 qaram    1.1500
parameter  7 -0.679621 -> -0.500000 qaram    1.1500
parameter  8-21.479395 -> -0.500000 qaram    1.1500
parameter 12 -0.928793 -> -0.500000 qaram    1.1500
parameters
   -2.5781  -10.8903    9.0774   -4.5911   -4.9557   -5.3541
    2.4301   -5.1924    3.4348   12.4703    9.6373   -8.4913
eta,q 0.91960 10.49375
  0.1082  0.1093  0.1074  0.0967  0.0890  0.0801  0.0873  0.0908  0.0826  0.0824  0.0826  0.0832
  0.1075  0.1082  0.1071  0.0997  0.0921  0.0842  0.0866  0.0889  0.0818  0.0817  0.0819  0.0824
  0.1071  0.1075  0.1068  0.1028  0.0961  0.0888  0.0860  0.0871  0.0813  0.0813  0.0814  0.0817
  0.1071  0.1071  0.1066  0.1066  0.1005  0.0931  0.0855  0.0851  0.0811  0.0811  0.0811  0.0810
  0.1074  0.1068  0.1066  0.1110  0.1050  0.0976  0.0852  0.0827  0.0811  0.0810  0.0811  0.0806
  0.1079  0.1066  0.1068  0.1156  0.1100  0.1010  0.0851  0.0806  0.0815  0.0815  0.0815  0.0804
  0.1087  0.1065  0.1072  0.1200  0.1155  0.1062  0.0852  0.0794  0.0822  0.0826  0.0823  0.0804
niter,ni,del,rscale     7    3    5.0000    1.2000
parameter  2  0.502839 ->  0.500000 qaram    1.3225
parameter  4  1.343194 ->  0.500000 qaram    1.3225
parameter  5  8.137101 ->  0.500000 qaram    1.3225
parameter  6  1.342187 ->  0.500000 qaram    1.3225
parameter 11  0.635743 ->  0.500000 qaram    1.1500
parameters
   -3.4675  -12.4773    9.2380   -9.3521   -9.7167  -10.1151
   -0.4553   -3.0535    2.1525    9.7043    5.4973  -11.1777
eta,q 0.94172 10.00144
  0.0810  0.0801  0.0818  0.0717  0.0595  0.0564  0.0606  0.0661  0.0606  0.0598  0.0586  0.0591
  0.0802  0.0798  0.0808  0.0725  0.0640  0.0590  0.0599  0.0625  0.0597  0.0591  0.0585  0.0584
  0.0800  0.0797  0.0801  0.0751  0.0683  0.0623  0.0596  0.0605  0.0593  0.0589  0.0586  0.0583
  0.0804  0.0800  0.0798  0.0798  0.0730  0.0651  0.0599  0.0597  0.0594  0.0593  0.0589  0.0585
  0.0812  0.0808  0.0799  0.0860  0.0777  0.0699  0.0607  0.0594  0.0599  0.0601  0.0595  0.0590
  0.0825  0.0821  0.0805  0.0927  0.0829  0.0777  0.0619  0.0598  0.0607  0.0614  0.0603  0.0598
  0.0841  0.0834  0.0813  0.0985  0.0881  0.0846  0.0634  0.0614  0.0618  0.0631  0.0613  0.0606
niter,ni,del,rscale     7    3    5.0000    1.2000
parameter  5  2.205904 ->  0.500000 qaram    1.5209
parameter  6  0.851098 ->  0.500000 qaram    1.5209
parameters
   -2.6617  -13.8990    8.2356  -13.6653  -15.1919  -15.5902
   -0.3581   -2.3053    2.9598   11.9041    4.5635   -9.3619
eta,q 0.95421  9.46459
  0.0621  0.0585  0.0575  0.0572  0.0466  0.0455  0.0483  0.0492  0.0479  0.0497  0.0465  0.0477
  0.0604  0.0576  0.0572  0.0570  0.0488  0.0459  0.0472  0.0478  0.0470  0.0480  0.0461  0.0467
  0.0591  0.0573  0.0571  0.0568  0.0526  0.0473  0.0464  0.0468  0.0464  0.0469  0.0459  0.0461
  0.0583  0.0580  0.0573  0.0571  0.0569  0.0497  0.0462  0.0462  0.0461  0.0461  0.0458  0.0458
  0.0580  0.0594  0.0579  0.0594  0.0619  0.0524  0.0464  0.0463  0.0462  0.0458  0.0460  0.0458
  0.0582  0.0612  0.0587  0.0643  0.0677  0.0563  0.0471  0.0471  0.0466  0.0461  0.0463  0.0461
  0.0591  0.0632  0.0599  0.0715  0.0734  0.0635  0.0482  0.0484  0.0473  0.0470  0.0468  0.0465
niter,ni,del,rscale     7    3    5.0000    1.2000
parameter  5  1.064983 ->  0.500000 qaram    1.7490
parameter  6  0.585368 ->  0.500000 qaram    1.7490
parameters
   -2.1461  -13.0272    7.9158  -14.7084  -21.4883  -21.8867
   -1.6205   -1.0483    3.1032   13.5244    4.1185   -7.7842
eta,q 0.95940  8.89706
  0.0480  0.0512  0.0461  0.0472  0.0403  0.0410  0.0419  0.0436  0.0413  0.0429  0.0410  0.0416
  0.0469  0.0486  0.0457  0.0463  0.0413  0.0409  0.0412  0.0423  0.0409  0.0419  0.0408  0.0411
  0.0462  0.0467  0.0455  0.0457  0.0428  0.0410  0.0409  0.0414  0.0408  0.0411  0.0407  0.0408
  0.0458  0.0457  0.0455  0.0455  0.0455  0.0416  0.0409  0.0408  0.0407  0.0407  0.0406  0.0406
  0.0457  0.0455  0.0457  0.0454  0.0504  0.0435  0.0412  0.0408  0.0408  0.0406  0.0407  0.0406
  0.0461  0.0461  0.0460  0.0464  0.0551  0.0463  0.0418  0.0413  0.0409  0.0409  0.0408  0.0408
  0.0467  0.0473  0.0466  0.0492  0.0613  0.0497  0.0428  0.0424  0.0413  0.0416  0.0412  0.0411
niter,ni,del,rscale     7    3    5.0000    1.2000
parameter  2 -0.879423 -> -0.500000 qaram    1.5209
parameter  3  1.302489 ->  0.500000 qaram    1.1500
parameter  5  0.690462 ->  0.500000 qaram    2.0114
parameters
   -1.5201  -11.2022    6.5358  -14.8272  -28.7292  -24.4998
   -2.2879   -0.4800    5.5497   15.9260    2.0481  -10.4092
eta,q 0.96444  8.45197
  0.0427  0.0462  0.0382  0.0399  0.0363  0.0383  0.0377  0.0390  0.0372  0.0390  0.0359  0.0358
  0.0417  0.0438  0.0384  0.0390  0.0361  0.0369  0.0367  0.0376  0.0366  0.0377  0.0357  0.0356
  0.0410  0.0419  0.0387  0.0386  0.0369  0.0362  0.0362  0.0366  0.0363  0.0366  0.0356  0.0356
  0.0406  0.0405  0.0391  0.0384  0.0384  0.0362  0.0361  0.0361  0.0360  0.0359  0.0356  0.0356
  0.0405  0.0395  0.0397  0.0383  0.0412  0.0368  0.0365  0.0362  0.0359  0.0357  0.0358  0.0358
  0.0407  0.0390  0.0404  0.0388  0.0465  0.0388  0.0372  0.0370  0.0360  0.0359  0.0361  0.0361
  0.0413  0.0389  0.0412  0.0403  0.0515  0.0419  0.0381  0.0384  0.0363  0.0366  0.0366  0.0366
niter,ni,del,rscale     7    3    5.0000    1.2000
parameter  3  0.531335 ->  0.500000 qaram    1.3225
parameter 12  0.640248 ->  0.500000 qaram    1.3225
parameters
   -1.7423   -9.4458    4.9488  -15.8684  -32.1626  -24.0315
   -2.8265   -0.2043    6.0460   18.0660   -0.5723  -15.1702
eta,q 0.96615  8.29925
  0.0370  0.0412  0.0348  0.0357  0.0378  0.0381  0.0360  0.0374  0.0348  0.0374  0.0343  0.0340
  0.0361  0.0388  0.0347  0.0349  0.0360  0.0366  0.0350  0.0359  0.0345  0.0360  0.0341  0.0339
  0.0357  0.0369  0.0347  0.0346  0.0345  0.0352  0.0344  0.0348  0.0344  0.0350  0.0340  0.0339
  0.0356  0.0356  0.0349  0.0347  0.0346  0.0344  0.0343  0.0343  0.0343  0.0343  0.0341  0.0340
  0.0359  0.0349  0.0352  0.0349  0.0361  0.0344  0.0347  0.0346  0.0343  0.0341  0.0342  0.0343
  0.0366  0.0350  0.0358  0.0353  0.0393  0.0355  0.0354  0.0356  0.0344  0.0344  0.0345  0.0346
  0.0376  0.0357  0.0365  0.0362  0.0453  0.0382  0.0363  0.0371  0.0347  0.0351  0.0348  0.0349
niter,ni,del,rscale     7    3    5.0000    1.2000
parameters
   -2.0065   -9.3454    4.5673  -16.0150  -33.4603  -23.4571
   -3.1856   -0.0244    5.8926   19.5728    0.0150  -17.2929
eta,q 0.96641  8.27679
  0.0353  0.0367  0.0346  0.0352  0.0383  0.0382  0.0356  0.0371  0.0342  0.0367  0.0343  0.0340
  0.0344  0.0351  0.0341  0.0344  0.0363  0.0365  0.0346  0.0355  0.0339  0.0353  0.0339  0.0337
  0.0339  0.0342  0.0339  0.0338  0.0346  0.0348  0.0339  0.0343  0.0338  0.0343  0.0337  0.0336
  0.0338  0.0338  0.0338  0.0338  0.0338  0.0338  0.0337  0.0337  0.0337  0.0337  0.0336  0.0336
  0.0342  0.0341  0.0340  0.0343  0.0347  0.0338  0.0341  0.0341  0.0338  0.0337  0.0337  0.0338
  0.0350  0.0350  0.0345  0.0346  0.0367  0.0353  0.0349  0.0352  0.0340  0.0341  0.0338  0.0341
  0.0360  0.0364  0.0352  0.0350  0.0412  0.0381  0.0358  0.0369  0.0343  0.0350  0.0341  0.0344
niter,ni,del,rscale     6    3    5.0000    1.2000
parameters
   -2.0661   -9.3238    4.2779  -15.8425  -34.0056  -23.0699
   -3.1746   -0.0514    5.3999   20.2921    0.1760  -18.2896
eta,q 0.96645  8.28014
  0.0354  0.0364  0.0345  0.0353  0.0384  0.0381  0.0356  0.0369  0.0340  0.0362  0.0342  0.0340
  0.0344  0.0348  0.0340  0.0343  0.0364  0.0363  0.0346  0.0353  0.0338  0.0349  0.0338  0.0337
  0.0338  0.0339  0.0337  0.0337  0.0345  0.0347  0.0338  0.0341  0.0336  0.0340  0.0336  0.0336
  0.0336  0.0336  0.0336  0.0336  0.0336  0.0336  0.0336  0.0336  0.0336  0.0336  0.0336  0.0336
  0.0339  0.0339  0.0338  0.0341  0.0343  0.0337  0.0339  0.0340  0.0337  0.0337  0.0336  0.0337
  0.0346  0.0348  0.0342  0.0345  0.0361  0.0354  0.0346  0.0353  0.0339  0.0343  0.0338  0.0339
  0.0356  0.0362  0.0349  0.0348  0.0399  0.0382  0.0356  0.0370  0.0342  0.0353  0.0341  0.0342
niter,ni,del,rscale     5    3    5.0000    1.2000
parameters
   -2.0511   -9.3736    4.1427  -15.6529  -34.2459  -22.8381
   -3.1403   -0.0638    5.0067   20.5928    0.3125  -18.7903
eta,q 0.96646  8.28809
  0.0355  0.0362  0.0345  0.0353  0.0384  0.0381  0.0357  0.0370  0.0341  0.0359  0.0342  0.0341
  0.0345  0.0347  0.0340  0.0343  0.0364  0.0363  0.0346  0.0353  0.0338  0.0347  0.0338  0.0337
  0.0338  0.0338  0.0337  0.0337  0.0345  0.0346  0.0338  0.0341  0.0336  0.0339  0.0336  0.0336
  0.0335  0.0335  0.0335  0.0335  0.0336  0.0336  0.0335  0.0335  0.0335  0.0335  0.0335  0.0336
  0.0338  0.0339  0.0337  0.0341  0.0342  0.0338  0.0339  0.0340  0.0336  0.0337  0.0336  0.0336
  0.0345  0.0348  0.0341  0.0345  0.0359  0.0356  0.0346  0.0353  0.0338  0.0344  0.0338  0.0339
  0.0355  0.0363  0.0347  0.0348  0.0394  0.0383  0.0356  0.0370  0.0342  0.0356  0.0341  0.0342
niter,ni,del,rscale     4    3    5.0000    1.2000
parameters
   -2.0234   -9.4236    4.1144  -15.5178  -34.3193  -22.6921
   -3.0830   -0.0633    4.7514   20.6971    0.4079  -19.0004
eta,q 0.96645  8.29614
  0.0356  0.0362  0.0346  0.0353  0.0385  0.0381  0.0357  0.0370  0.0341  0.0358  0.0342  0.0342
  0.0345  0.0347  0.0340  0.0343  0.0364  0.0363  0.0346  0.0354  0.0338  0.0346  0.0338  0.0338
  0.0338  0.0338  0.0337  0.0336  0.0345  0.0346  0.0338  0.0341  0.0336  0.0338  0.0336  0.0336
  0.0335  0.0335  0.0335  0.0335  0.0336  0.0336  0.0335  0.0335  0.0335  0.0335  0.0335  0.0335
  0.0338  0.0339  0.0337  0.0341  0.0342  0.0338  0.0339  0.0340  0.0336  0.0338  0.0336  0.0336
  0.0345  0.0348  0.0340  0.0345  0.0359  0.0358  0.0346  0.0353  0.0338  0.0345  0.0338  0.0338
  0.0354  0.0363  0.0347  0.0349  0.0391  0.0384  0.0356  0.0371  0.0342  0.0357  0.0342  0.0342
niter,ni,del,rscale     3    3    5.0000    1.2000
parameters
   -2.0028   -9.4607    4.1181  -15.4489  -34.3299  -22.6136
   -3.0386   -0.0613    4.5949   20.7167    0.4721  -19.0946
eta,q 0.96646  8.30111
  0.0356  0.0362  0.0346  0.0353  0.0385  0.0381  0.0357  0.0370  0.0341  0.0358  0.0342  0.0342
  0.0345  0.0347  0.0341  0.0343  0.0364  0.0362  0.0346  0.0354  0.0338  0.0346  0.0338  0.0338
  0.0338  0.0338  0.0337  0.0336  0.0345  0.0345  0.0338  0.0341  0.0336  0.0338  0.0336  0.0336
  0.0335  0.0335  0.0335  0.0335  0.0336  0.0336  0.0336  0.0335  0.0335  0.0335  0.0335  0.0335
  0.0338  0.0339  0.0337  0.0341  0.0342  0.0339  0.0339  0.0340  0.0336  0.0338  0.0336  0.0336
  0.0345  0.0348  0.0340  0.0345  0.0358  0.0359  0.0346  0.0353  0.0338  0.0346  0.0338  0.0339
  0.0355  0.0363  0.0347  0.0349  0.0391  0.0384  0.0356  0.0371  0.0342  0.0358  0.0342  0.0342
niter,ni,del,rscale     2    3    5.0000    1.2000
parameters
   -1.9902   -9.4859    4.1361  -15.4183  -34.3222  -22.5686
   -3.0159   -0.0637    4.5242   20.7151    0.5069  -19.1112
eta,q 0.96646  8.30401
  0.0356  0.0362  0.0347  0.0352  0.0386  0.0381  0.0357  0.0370  0.0341  0.0358  0.0342  0.0342
  0.0345  0.0347  0.0341  0.0343  0.0364  0.0362  0.0346  0.0354  0.0338  0.0346  0.0338  0.0338
  0.0338  0.0338  0.0337  0.0336  0.0345  0.0345  0.0338  0.0341  0.0336  0.0338  0.0336  0.0336
  0.0335  0.0335  0.0336  0.0335  0.0336  0.0335  0.0335  0.0335  0.0335  0.0335  0.0335  0.0335
  0.0338  0.0339  0.0337  0.0341  0.0342  0.0339  0.0339  0.0340  0.0336  0.0338  0.0336  0.0336
  0.0345  0.0348  0.0340  0.0345  0.0358  0.0359  0.0346  0.0353  0.0338  0.0346  0.0338  0.0338
  0.0355  0.0362  0.0347  0.0349  0.0390  0.0385  0.0356  0.0371  0.0342  0.0358  0.0342  0.0342
registration optimization eta report
parameter search radius
    2.4000    3.6501    3.1740    9.5220   14.4818   12.5928
    8.2800    8.2800    7.2000    7.2000    8.2800    9.5220
100000*second partial in parameter space
       34.       20.       11.        2.        2.        3.
        3.        5.        1.        4.        1.        1.
  0.0356  0.0362  0.0347  0.0352  0.0386  0.0381  0.0357  0.0370  0.0341  0.0358  0.0342  0.0342
  0.0345  0.0347  0.0341  0.0343  0.0364  0.0362  0.0346  0.0354  0.0338  0.0346  0.0338  0.0338
  0.0338  0.0338  0.0337  0.0336  0.0345  0.0345  0.0338  0.0341  0.0336  0.0338  0.0336  0.0336
  0.0335  0.0335  0.0336  0.0335  0.0336  0.0335  0.0335  0.0335  0.0335  0.0335  0.0335  0.0335
  0.0338  0.0339  0.0337  0.0341  0.0342  0.0339  0.0339  0.0340  0.0336  0.0338  0.0336  0.0336
  0.0345  0.0348  0.0340  0.0345  0.0358  0.0359  0.0346  0.0353  0.0338  0.0346  0.0338  0.0338
  0.0355  0.0362  0.0347  0.0349  0.0390  0.0385  0.0356  0.0371  0.0342  0.0358  0.0342  0.0342
   -1.9902   -9.4859    4.1361  -15.4183  -34.3222  -22.5686
   -3.0159   -0.0637    4.5242   20.7151    0.5069  -19.1112
eta,q 0.96646  8.30401

---------------------------------------------------------------------
imgreg_4dfp /opt/freesurfer/average/711-2C_as_mni_average_305 /opt/freesurfer/average/711-2B_as_mni_average_305_mask talsrcimg_g11 none talsrcimg_to_711-2C_as_mni_average_305_t4 2311
---------------------------------------------------------------------

freesurfer imgreg_4dfp.c
/opt/freesurfer/average/711-2C_as_mni_average_305.4dfp.img
       256       256       256         1
  1.000000  1.000000  1.000000
orientation T byte_order littleendian
Reading image: /opt/freesurfer/average/711-2C_as_mni_average_305.4dfp.img
dimensions:      256       256       256
mmppix:       1.0000   -1.0000   -1.0000
center:     128.0000 -129.0000 -129.0000
/opt/freesurfer/average/711-2B_as_mni_average_305_mask.4dfp.img
       256       256       256         1
  1.000000  1.000000  1.000000
orientation T byte_order littleendian
Reading mask: /opt/freesurfer/average/711-2B_as_mni_average_305_mask.4dfp.img (2306576 pixels)
talsrcimg_g11.4dfp.img
       256       256       256         1
  1.000000  1.000000  1.000000
orientation T byte_order littleendian
Reading image: talsrcimg_g11.4dfp.img
dimensions:      256       256       256
mmppix:       1.0000   -1.0000   -1.0000
center:     128.0000 -129.0000 -129.0000
fimgreg.f
image alignment mode   2311 decimal      907 hex
parameters
   -1.9902   -9.4859    4.1361  -15.4183  -34.3222  -22.5686
   -3.0159   -0.0637    4.5242   20.7151    0.5069  -19.1112
eta,q 0.96646  8.30401
niter,ni,del,rscale     5    3    5.0000    0.8000
parameters
   -2.0085   -9.5274    4.1845  -16.6513  -33.8444  -21.4655
   -3.1459   -0.0306    4.8910   20.5904    0.3024  -19.9439
eta,q 0.96662  8.31535
  0.0345  0.0340  0.0338  0.0339  0.0344  0.0347  0.0342  0.0349  0.0337  0.0344  0.0336  0.0335
  0.0339  0.0338  0.0337  0.0336  0.0339  0.0341  0.0338  0.0341  0.0336  0.0338  0.0335  0.0334
  0.0336  0.0336  0.0336  0.0335  0.0336  0.0337  0.0335  0.0336  0.0334  0.0335  0.0334  0.0334
  0.0335  0.0335  0.0335  0.0335  0.0335  0.0335  0.0334  0.0334  0.0334  0.0334  0.0334  0.0334
  0.0337  0.0336  0.0336  0.0338  0.0335  0.0334  0.0335  0.0336  0.0334  0.0335  0.0334  0.0334
  0.0340  0.0338  0.0337  0.0341  0.0337  0.0335  0.0338  0.0341  0.0335  0.0339  0.0335  0.0335
  0.0345  0.0341  0.0338  0.0344  0.0341  0.0340  0.0343  0.0348  0.0336  0.0345  0.0336  0.0336
niter,ni,del,rscale     4    3    5.0000    0.7000
parameters
   -2.0673   -9.4648    4.3945  -16.8974  -33.9024  -21.3302
   -3.1757   -0.0114    5.0987   20.7104    0.3345  -20.0188
eta,q 0.96663  8.31362
  0.0341  0.0338  0.0337  0.0339  0.0340  0.0341  0.0340  0.0345  0.0336  0.0342  0.0336  0.0335
  0.0337  0.0336  0.0335  0.0336  0.0336  0.0337  0.0337  0.0339  0.0335  0.0338  0.0335  0.0334
  0.0334  0.0334  0.0334  0.0334  0.0334  0.0335  0.0334  0.0335  0.0334  0.0335  0.0334  0.0334
  0.0334  0.0334  0.0334  0.0334  0.0334  0.0334  0.0334  0.0334  0.0334  0.0334  0.0334  0.0334
  0.0335  0.0334  0.0334  0.0335  0.0335  0.0334  0.0335  0.0335  0.0334  0.0335  0.0334  0.0334
  0.0338  0.0335  0.0334  0.0338  0.0337  0.0336  0.0337  0.0339  0.0334  0.0337  0.0335  0.0334
  0.0342  0.0338  0.0336  0.0341  0.0340  0.0341  0.0340  0.0345  0.0336  0.0341  0.0336  0.0335
niter,ni,del,rscale     3    3    5.0000    0.6000
parameters
   -2.0853   -9.3931    4.4015  -16.9841  -33.9614  -21.2489
   -3.2077   -0.0303    5.2535   20.7700    0.2934  -20.0455
eta,q 0.96663  8.31226
  0.0339  0.0337  0.0335  0.0338  0.0338  0.0339  0.0339  0.0342  0.0335  0.0340  0.0335  0.0335
  0.0336  0.0335  0.0335  0.0336  0.0336  0.0336  0.0336  0.0337  0.0334  0.0336  0.0334  0.0334
  0.0334  0.0334  0.0334  0.0334  0.0334  0.0334  0.0334  0.0335  0.0334  0.0334  0.0334  0.0334
  0.0334  0.0334  0.0334  0.0334  0.0334  0.0334  0.0334  0.0334  0.0334  0.0334  0.0334  0.0334
  0.0334  0.0334  0.0334  0.0334  0.0334  0.0334  0.0334  0.0335  0.0334  0.0334  0.0334  0.0334
  0.0336  0.0335  0.0334  0.0336  0.0336  0.0336  0.0336  0.0338  0.0334  0.0336  0.0334  0.0334
  0.0339  0.0336  0.0335  0.0339  0.0338  0.0339  0.0339  0.0342  0.0335  0.0340  0.0335  0.0335
niter,ni,del,rscale     2    3    5.0000    0.5000
parameters
   -2.0992   -9.3751    4.4143  -17.0195  -34.0126  -21.1710
   -3.2273   -0.0291    5.3212   20.7742    0.2895  -20.1467
eta,q 0.96663  8.31256
  0.0337  0.0336  0.0335  0.0337  0.0337  0.0337  0.0337  0.0339  0.0335  0.0338  0.0335  0.0334
  0.0335  0.0335  0.0334  0.0335  0.0335  0.0335  0.0335  0.0336  0.0334  0.0336  0.0334  0.0334
  0.0334  0.0334  0.0334  0.0334  0.0334  0.0334  0.0334  0.0334  0.0334  0.0334  0.0334  0.0334
  0.0334  0.0334  0.0334  0.0334  0.0334  0.0334  0.0334  0.0334  0.0334  0.0334  0.0334  0.0334
  0.0334  0.0334  0.0334  0.0334  0.0334  0.0334  0.0334  0.0334  0.0334  0.0334  0.0334  0.0334
  0.0335  0.0335  0.0334  0.0335  0.0335  0.0335  0.0335  0.0336  0.0334  0.0336  0.0334  0.0334
  0.0338  0.0336  0.0335  0.0337  0.0337  0.0337  0.0337  0.0339  0.0335  0.0338  0.0335  0.0334
niter,ni,del,rscale     1    3    5.0000    0.4000
parameters
   -2.1027   -9.3682    4.4335  -16.9935  -34.0454  -21.0957
   -3.2418   -0.0293    5.3658   20.7955    0.3259  -20.2244
eta,q 0.96663  8.31576
  0.0336  0.0335  0.0334  0.0336  0.0336  0.0336  0.0336  0.0337  0.0334  0.0336  0.0334  0.0334
  0.0335  0.0334  0.0334  0.0335  0.0334  0.0335  0.0335  0.0335  0.0334  0.0335  0.0334  0.0334
  0.0334  0.0334  0.0334  0.0334  0.0334  0.0334  0.0334  0.0334  0.0334  0.0334  0.0334  0.0334
  0.0334  0.0334  0.0334  0.0334  0.0334  0.0334  0.0334  0.0334  0.0334  0.0334  0.0334  0.0334
  0.0334  0.0334  0.0334  0.0334  0.0334  0.0334  0.0334  0.0334  0.0334  0.0334  0.0334  0.0334
  0.0335  0.0334  0.0334  0.0335  0.0335  0.0334  0.0335  0.0335  0.0334  0.0335  0.0334  0.0334
  0.0336  0.0335  0.0334  0.0336  0.0336  0.0336  0.0336  0.0337  0.0334  0.0336  0.0334  0.0334
registration optimization eta report
parameter search radius
    0.8000    0.8000    0.8000    2.4000    2.4000    2.4000
    2.4000    2.4000    2.4000    2.4000    2.4000    2.4000
100000*second partial in parameter space
       39.       21.       12.        4.        3.        4.
        4.        7.        1.        5.        1.        1.
  0.0336  0.0335  0.0334  0.0336  0.0336  0.0336  0.0336  0.0337  0.0334  0.0336  0.0334  0.0334
  0.0335  0.0334  0.0334  0.0335  0.0334  0.0335  0.0335  0.0335  0.0334  0.0335  0.0334  0.0334
  0.0334  0.0334  0.0334  0.0334  0.0334  0.0334  0.0334  0.0334  0.0334  0.0334  0.0334  0.0334
  0.0334  0.0334  0.0334  0.0334  0.0334  0.0334  0.0334  0.0334  0.0334  0.0334  0.0334  0.0334
  0.0334  0.0334  0.0334  0.0334  0.0334  0.0334  0.0334  0.0334  0.0334  0.0334  0.0334  0.0334
  0.0335  0.0334  0.0334  0.0335  0.0335  0.0334  0.0335  0.0335  0.0334  0.0335  0.0334  0.0334
  0.0336  0.0335  0.0334  0.0336  0.0336  0.0336  0.0336  0.0337  0.0334  0.0336  0.0334  0.0334
   -2.1027   -9.3682    4.4335  -16.9935  -34.0454  -21.0957
   -3.2418   -0.0293    5.3658   20.7955    0.3259  -20.2244
eta,q 0.96663  8.31576

---------------------------------------------------------------------
imgreg_4dfp /opt/freesurfer/average/711-2C_as_mni_average_305 /opt/freesurfer/average/711-2B_as_mni_average_305_mask talsrcimg_g11 none talsrcimg_to_711-2C_as_mni_average_305_t4 2311
---------------------------------------------------------------------

freesurfer imgreg_4dfp.c
/opt/freesurfer/average/711-2C_as_mni_average_305.4dfp.img
       256       256       256         1
  1.000000  1.000000  1.000000
orientation T byte_order littleendian
Reading image: /opt/freesurfer/average/711-2C_as_mni_average_305.4dfp.img
dimensions:      256       256       256
mmppix:       1.0000   -1.0000   -1.0000
center:     128.0000 -129.0000 -129.0000
/opt/freesurfer/average/711-2B_as_mni_average_305_mask.4dfp.img
       256       256       256         1
  1.000000  1.000000  1.000000
orientation T byte_order littleendian
Reading mask: /opt/freesurfer/average/711-2B_as_mni_average_305_mask.4dfp.img (2306576 pixels)
talsrcimg_g11.4dfp.img
       256       256       256         1
  1.000000  1.000000  1.000000
orientation T byte_order littleendian
Reading image: talsrcimg_g11.4dfp.img
dimensions:      256       256       256
mmppix:       1.0000   -1.0000   -1.0000
center:     128.0000 -129.0000 -129.0000
fimgreg.f
image alignment mode   2311 decimal      907 hex
parameters
   -2.1027   -9.3682    4.4335  -16.9935  -34.0454  -21.0957
   -3.2418   -0.0293    5.3658   20.7955    0.3259  -20.2244
eta,q 0.96663  8.31575
niter,ni,del,rscale     5    3    5.0000    0.8000
parameters
   -2.1091   -9.3724    4.4240  -16.9943  -33.9701  -21.3734
   -3.2196   -0.0326    5.2340   20.8172    0.3238  -19.9556
eta,q 0.96663  8.30802
  0.0343  0.0339  0.0337  0.0341  0.0342  0.0342  0.0342  0.0348  0.0336  0.0345  0.0336  0.0336
  0.0338  0.0336  0.0335  0.0337  0.0337  0.0337  0.0338  0.0340  0.0335  0.0338  0.0335  0.0334
  0.0335  0.0334  0.0334  0.0335  0.0334  0.0335  0.0335  0.0335  0.0334  0.0335  0.0334  0.0334
  0.0334  0.0334  0.0334  0.0334  0.0334  0.0334  0.0334  0.0334  0.0334  0.0334  0.0334  0.0334
  0.0335  0.0334  0.0334  0.0335  0.0335  0.0335  0.0335  0.0335  0.0334  0.0335  0.0334  0.0334
  0.0338  0.0336  0.0335  0.0338  0.0337  0.0338  0.0338  0.0340  0.0335  0.0338  0.0335  0.0334
  0.0343  0.0339  0.0337  0.0341  0.0341  0.0345  0.0342  0.0348  0.0337  0.0344  0.0336  0.0335
niter,ni,del,rscale     4    3    5.0000    0.7000
parameters
   -2.0936   -9.3514    4.3837  -17.0058  -33.9676  -21.3154
   -3.2133   -0.0414    5.2768   20.7980    0.2903  -20.0077
eta,q 0.96663  8.30934
  0.0341  0.0338  0.0336  0.0340  0.0340  0.0341  0.0340  0.0345  0.0336  0.0342  0.0336  0.0335
  0.0337  0.0336  0.0335  0.0337  0.0336  0.0337  0.0337  0.0339  0.0335  0.0337  0.0334  0.0334
  0.0335  0.0334  0.0334  0.0335  0.0334  0.0335  0.0334  0.0335  0.0334  0.0334  0.0334  0.0334
  0.0334  0.0334  0.0334  0.0334  0.0334  0.0334  0.0334  0.0334  0.0334  0.0334  0.0334  0.0334
  0.0334  0.0334  0.0334  0.0334  0.0334  0.0334  0.0334  0.0335  0.0334  0.0335  0.0334  0.0334
  0.0337  0.0335  0.0335  0.0337  0.0337  0.0336  0.0337  0.0339  0.0335  0.0338  0.0335  0.0334
  0.0341  0.0338  0.0336  0.0340  0.0340  0.0341  0.0340  0.0345  0.0336  0.0342  0.0336  0.0335
niter,ni,del,rscale     3    3    5.0000    0.6000
parameters
   -2.1034   -9.3565    4.3957  -17.0271  -33.9859  -21.2523
   -3.2232   -0.0298    5.3450   20.7925    0.2855  -20.1161
eta,q 0.96663  8.31100
  0.0339  0.0337  0.0335  0.0338  0.0338  0.0339  0.0339  0.0342  0.0335  0.0340  0.0335  0.0335
  0.0336  0.0335  0.0335  0.0336  0.0336  0.0336  0.0336  0.0337  0.0334  0.0336  0.0334  0.0334
  0.0334  0.0334  0.0334  0.0334  0.0334  0.0334  0.0334  0.0335  0.0334  0.0334  0.0334  0.0334
  0.0334  0.0334  0.0334  0.0334  0.0334  0.0334  0.0334  0.0334  0.0334  0.0334  0.0334  0.0334
  0.0334  0.0334  0.0334  0.0334  0.0334  0.0334  0.0334  0.0335  0.0334  0.0334  0.0334  0.0334
  0.0336  0.0335  0.0334  0.0336  0.0336  0.0336  0.0336  0.0337  0.0334  0.0336  0.0334  0.0334
  0.0339  0.0337  0.0335  0.0339  0.0338  0.0339  0.0339  0.0342  0.0335  0.0340  0.0335  0.0335
niter,ni,del,rscale     2    3    5.0000    0.5000
parameters
   -2.1082   -9.3590    4.4042  -17.0311  -34.0165  -21.1879
   -3.2402   -0.0351    5.3446   20.7971    0.2661  -20.1777
eta,q 0.96664  8.31220
  0.0337  0.0336  0.0335  0.0337  0.0337  0.0337  0.0337  0.0339  0.0335  0.0338  0.0335  0.0334
  0.0335  0.0335  0.0334  0.0335  0.0335  0.0335  0.0335  0.0336  0.0334  0.0336  0.0334  0.0334
  0.0334  0.0334  0.0334  0.0334  0.0334  0.0334  0.0334  0.0334  0.0334  0.0334  0.0334  0.0334
  0.0334  0.0334  0.0334  0.0334  0.0334  0.0334  0.0334  0.0334  0.0334  0.0334  0.0334  0.0334
  0.0334  0.0334  0.0334  0.0334  0.0334  0.0334  0.0334  0.0334  0.0334  0.0334  0.0334  0.0334
  0.0335  0.0335  0.0334  0.0335  0.0335  0.0335  0.0335  0.0336  0.0334  0.0336  0.0334  0.0334
  0.0338  0.0336  0.0335  0.0337  0.0337  0.0337  0.0337  0.0339  0.0335  0.0338  0.0335  0.0334
niter,ni,del,rscale     1    3    5.0000    0.4000
parameters
   -2.1065   -9.3638    4.4023  -16.9988  -34.0516  -21.1166
   -3.2440   -0.0289    5.3530   20.8142    0.3191  -20.2626
eta,q 0.96664  8.31488
  0.0336  0.0335  0.0334  0.0336  0.0336  0.0336  0.0336  0.0337  0.0334  0.0337  0.0334  0.0334
  0.0335  0.0334  0.0334  0.0335  0.0335  0.0335  0.0335  0.0335  0.0334  0.0335  0.0334  0.0334
  0.0334  0.0334  0.0334  0.0334  0.0334  0.0334  0.0334  0.0334  0.0334  0.0334  0.0334  0.0334
  0.0334  0.0334  0.0334  0.0334  0.0334  0.0334  0.0334  0.0334  0.0334  0.0334  0.0334  0.0334
  0.0334  0.0334  0.0334  0.0334  0.0334  0.0334  0.0334  0.0334  0.0334  0.0334  0.0334  0.0334
  0.0335  0.0334  0.0334  0.0335  0.0335  0.0334  0.0335  0.0335  0.0334  0.0335  0.0334  0.0334
  0.0336  0.0335  0.0334  0.0336  0.0336  0.0336  0.0336  0.0337  0.0334  0.0336  0.0334  0.0334
registration optimization eta report
parameter search radius
    0.8000    0.8000    0.8000    2.4000    2.4000    2.4000
    2.4000    2.4000    2.4000    2.4000    2.4000    2.4000
100000*second partial in parameter space
       39.       22.       13.        4.        3.        4.
        4.        7.        1.        5.        1.        1.
  0.0336  0.0335  0.0334  0.0336  0.0336  0.0336  0.0336  0.0337  0.0334  0.0337  0.0334  0.0334
  0.0335  0.0334  0.0334  0.0335  0.0335  0.0335  0.0335  0.0335  0.0334  0.0335  0.0334  0.0334
  0.0334  0.0334  0.0334  0.0334  0.0334  0.0334  0.0334  0.0334  0.0334  0.0334  0.0334  0.0334
  0.0334  0.0334  0.0334  0.0334  0.0334  0.0334  0.0334  0.0334  0.0334  0.0334  0.0334  0.0334
  0.0334  0.0334  0.0334  0.0334  0.0334  0.0334  0.0334  0.0334  0.0334  0.0334  0.0334  0.0334
  0.0335  0.0334  0.0334  0.0335  0.0335  0.0334  0.0335  0.0335  0.0334  0.0335  0.0334  0.0334
  0.0336  0.0335  0.0334  0.0336  0.0336  0.0336  0.0336  0.0337  0.0334  0.0336  0.0334  0.0334
   -2.1065   -9.3638    4.4023  -16.9988  -34.0516  -21.1166
   -3.2440   -0.0289    5.3530   20.8142    0.3191  -20.2626
eta,q 0.96664  8.31488

---------------------------------------------------------------------
compute_vox2vox talsrcimg talsrcimg_to_711-2C_as_mni_average_305_t4 /opt/freesurfer/average/711-2C_as_mni_average_305
---------------------------------------------------------------------

freesurfer compute_vox2vox.c
Reading: talsrcimg.4dfp.ifh
Reading: talsrcimg_to_711-2C_as_mni_average_305_t4
Reading: /opt/freesurfer/average/711-2C_as_mni_average_305.4dfp.ifh
Writing: talsrcimg_to_711-2C_as_mni_average_305_t4_vox2vox.txt

start time Thu Mar 12 14:21:31 CET 2026
end		time Thu Mar 12 14:22:57 CET 2026

mpr2mni305 success

avi2talxfm orig_nu.mgz /opt/freesurfer/average/mni305.cor.mgz talsrcimg_to_711-2C_as_mni_average_305_t4_vox2vox.txt transforms/talairach.auto.xfm
avi2talxfm done
mv -f /out/sourcedata/freesurfer/sub-v1s1x0050650_ses-1/mri/talsrcimg_to_711-2C_as_mni_average_305_t4_vox2vox.txt /out/sourcedata/freesurfer/sub-v1s1x0050650_ses-1/mri/transforms/talsrcimg_to_711-2C_as_mni_average_305_t4_vox2vox.txt
lta_convert --src orig_nu.mgz --trg /opt/freesurfer/average/mni305.cor.mgz --inxfm transforms/talairach.auto.xfm --outlta transforms/talairach.auto.xfm.lta --subject fsaverage
7.3.2

--src: orig_nu.mgz src image (geometry).
--trg: /opt/freesurfer/average/mni305.cor.mgz trg image (geometry).
--inmni: transforms/talairach.auto.xfm input MNI/XFM transform.
--outlta: transforms/talairach.auto.xfm.lta output LTA.
--s: fsaverage subject name
 LTA read, type : 1
 1.20132  -0.01402   0.05479   6.98611;
-0.02766   1.17295   0.35903   5.99306;
-0.08878  -0.36906   1.39858  -24.96764;
 0.00000   0.00000   0.00000   1.00000;
setting subject to fsaverage
Writing  LTA to file transforms/talairach.auto.xfm.lta...
lta_convert successful.
 
 
Started at Thu Mar 12 14:21:30 CET 2026
Ended   at Thu Mar 12 14:22:57 CET 2026
talairach_avi done
