/out/sourcedata/freesurfer/sub-v1s1x0050667_ses-1/mri
/opt/freesurfer/bin/talairach_avi
--i orig_nu.mgz --xfm transforms/talairach.auto.xfm
talairach_avi 7.3.2
Linux dna056 5.14.0-427.37.1.el9_4.x86_64 #1 SMP PREEMPT_DYNAMIC Fri Sep 13 12:41:50 EDT 2024 x86_64 x86_64 x86_64 GNU/Linux
Thu Mar 12 14:35:21 CET 2026
mri_convert orig_nu.mgz talsrcimg.img 
reading from orig_nu.mgz...
TR=0.00, TE=0.00, TI=0.00, flip angle=0.00
i_ras = (-1, 0, 0)
j_ras = (0, 0, -1)
k_ras = (0, 1, 0)
writing to talsrcimg.img...
Analyze Output Matrix
-1.00000   0.00000   0.00000   129.50000;
 0.00000   0.00000   1.00000  -128.00000;
 0.00000  -1.00000   0.00000   123.15833;
 0.00000   0.00000   0.00000   1.00000;
--------------------
INFO: set hdr.hist.orient to -1
mpr2mni305 talsrcimg
Thu Mar 12 14:35:21 CET 2026
/opt/freesurfer/bin/mpr2mni305 talsrcimg
mpr2mni305 7.3.2
target=711-2C_as_mni_average_305

---------------------------------------------------------------------
analyzeto4dfp talsrcimg -O0 -y
---------------------------------------------------------------------

freesurfer ifh2hdr.c
Thu Mar 12 14:35:21 2026
Writing: talsrcimg.4dfp.hdr
freesurfer analyzeto4dfp.c
Reading: talsrcimg.hdr
header size 348 bytes
hdr.dime.datatype	offset=70	value=2
hdr.dime.bitpix		offset=72	value=8
hdr.hist.orient		offset=252	value=-1
dimensionality     4
dimensions       256       256       256         1
Reading: talsrcimg.img
Writing: talsrcimg.4dfp.img
Writing: talsrcimg.4dfp.ifh
ifh2hdr talsrcimg -r0to255
ori=2

---------------------------------------------------------------------
gauss_4dfp talsrcimg 1.1
---------------------------------------------------------------------

freesurfer gauss_4dfp.c
Reading: talsrcimg.4dfp.img
Writing: talsrcimg_g11.4dfp.img
image dimensions 256 256 256 padded to 288 288 288
processing volume 1freesurfer ifh2hdr.c
Thu Mar 12 14:35:23 2026
Writing: talsrcimg_g11.4dfp.hdr

Writing: talsrcimg_g11.4dfp.ifh
including: talsrcimg.4dfp.img.rec in talsrcimg_g11.4dfp.img.rec

---------------------------------------------------------------------
imgreg_4dfp /opt/freesurfer/average/711-2C_as_mni_average_305 none talsrcimg_g11 none talsrcimg_to_711-2C_as_mni_average_305_t4 4355
---------------------------------------------------------------------

freesurfer imgreg_4dfp.c
/opt/freesurfer/average/711-2C_as_mni_average_305.4dfp.img
       256       256       256         1
  1.000000  1.000000  1.000000
orientation T byte_order littleendian
Reading image: /opt/freesurfer/average/711-2C_as_mni_average_305.4dfp.img
dimensions:      256       256       256
mmppix:       1.0000   -1.0000   -1.0000
center:     128.0000 -129.0000 -129.0000
talsrcimg_g11.4dfp.img
       256       256       256         1
  1.000000  1.000000  1.000000
orientation T byte_order littleendian
Reading image: talsrcimg_g11.4dfp.img
dimensions:      256       256       256
mmppix:       1.0000   -1.0000   -1.0000
center:     128.0000 -129.0000 -129.0000
t4_read: open error in t4_sub.f l:  41 t4_file(1:l)talsrcimg_to_711-2C_as_mni_average_305_t4 
t4_read: transform initialized to I4
rotation matrix determinant  1.000000
image alignment mode   4355 decimal     1103 hex
   -7.5000  -45.0000  -45.0000 8044.9111   12.4197
    0.0000  -45.0000  -45.0000 8323.1211   12.4041
    7.5000  -45.0000  -45.0000 7830.8105   12.3680
   -7.5000  -37.5000  -45.0000 8636.4434   12.2336
    0.0000  -37.5000  -45.0000 8910.2588   12.2119
    7.5000  -37.5000  -45.0000 8407.8564   12.1864
   -7.5000  -30.0000  -45.0000 9577.3867   12.2093
    0.0000  -30.0000  -45.0000 9863.5801   12.1853
    7.5000  -30.0000  -45.0000 9338.3262   12.1705
   -7.5000  -22.5000  -45.000010539.2021   12.1987
    0.0000  -22.5000  -45.000010858.6357   12.1806
    7.5000  -22.5000  -45.000010278.6250   12.1661
   -7.5000  -15.0000  -45.000011497.8301   12.1942
    0.0000  -15.0000  -45.000011848.7783   12.1827
    7.5000  -15.0000  -45.000011222.5742   12.1586
   -7.5000   -7.5000  -45.000012400.7754   12.1930
    0.0000   -7.5000  -45.000012791.0186   12.1821
    7.5000   -7.5000  -45.000012090.0850   12.1483
   -7.5000    0.0000  -45.000013201.6914   12.1927
    0.0000    0.0000  -45.000013603.3438   12.1775
    7.5000    0.0000  -45.000012827.0693   12.1428
   -7.5000    7.5000  -45.000012912.6182   12.1915
    0.0000    7.5000  -45.000013285.9141   12.1699
    7.5000    7.5000  -45.000012458.3545   12.1446
   -7.5000   15.0000  -45.000012428.8809   12.1895
    0.0000   15.0000  -45.000012777.3750   12.1655
    7.5000   15.0000  -45.000011960.0830   12.1508
   -7.5000   22.5000  -45.000011865.2949   12.1855
    0.0000   22.5000  -45.000012176.1357   12.1674
    7.5000   22.5000  -45.000011395.7734   12.1529
   -7.5000   30.0000  -45.000011175.7637   12.0264
    0.0000   30.0000  -45.000011457.0713   12.0150
    7.5000   30.0000  -45.000010715.1172   11.9912
   -7.5000   37.5000  -45.000010871.3545   12.0297
    0.0000   37.5000  -45.000011164.1064   12.0189
    7.5000   37.5000  -45.000010453.8438   11.9856
   -7.5000   45.0000  -45.000010096.8760   11.7251
    0.0000   45.0000  -45.000010381.1455   11.7106
    7.5000   45.0000  -45.0000 9718.3867   11.6772
   -7.5000  -45.0000  -37.5000 8365.8984   12.4266
    0.0000  -45.0000  -37.5000 8629.2988   12.4075
    7.5000  -45.0000  -37.5000 8122.1665   12.3705
   -7.5000  -37.5000  -37.5000 8994.6406   12.2403
    0.0000  -37.5000  -37.5000 9266.5771   12.2172
    7.5000  -37.5000  -37.5000 8732.6475   12.1915
   -7.5000  -30.0000  -37.500010017.3477   12.2179
    0.0000  -30.0000  -37.500010289.5947   12.1963
    7.5000  -30.0000  -37.5000 9725.6904   12.1835
   -7.5000  -22.5000  -37.500011001.6172   12.2091
    0.0000  -22.5000  -37.500011322.1426   12.1953
    7.5000  -22.5000  -37.500010687.7695   12.1839
   -7.5000  -15.0000  -37.500011993.6875   12.2041
    0.0000  -15.0000  -37.500012344.2695   12.1960
    7.5000  -15.0000  -37.500011626.6523   12.1743
   -7.5000   -7.5000  -37.500012919.5273   12.2007
    0.0000   -7.5000  -37.500013309.2930   12.1895
    7.5000   -7.5000  -37.500012530.4033   12.1563
   -7.5000    0.0000  -37.500013750.2910   12.1990
    0.0000    0.0000  -37.500014155.7383   12.1806
    7.5000    0.0000  -37.500013292.0381   12.1450
   -7.5000    7.5000  -37.500013459.0801   12.1982
    0.0000    7.5000  -37.500013861.3486   12.1751
    7.5000    7.5000  -37.500012962.5771   12.1497
   -7.5000   15.0000  -37.500012959.9570   12.1982
    0.0000   15.0000  -37.500013332.2246   12.1766
    7.5000   15.0000  -37.500012449.7637   12.1638
   -7.5000   22.5000  -37.500012394.5098   12.1959
    0.0000   22.5000  -37.500012730.9785   12.1821
    7.5000   22.5000  -37.500011882.6797   12.1707
   -7.5000   30.0000  -37.500011658.0234   12.0361
    0.0000   30.0000  -37.500011966.1260   12.0281
    7.5000   30.0000  -37.500011163.8643   12.0067
   -7.5000   37.5000  -37.500011313.9297   12.0373
    0.0000   37.5000  -37.500011649.7520   12.0262
    7.5000   37.5000  -37.500010877.7783   11.9935
   -7.5000   45.0000  -37.500010544.7256   11.7313
    0.0000   45.0000  -37.500010863.0068   11.7136
    7.5000   45.0000  -37.500010153.0527   11.6794
   -7.5000  -45.0000  -30.0000 8782.6992   12.9481
    0.0000  -45.0000  -30.0000 9043.0166   12.9272
    7.5000  -45.0000  -30.0000 8507.7852   12.8871
   -7.5000  -37.5000  -30.0000 9465.5625   12.7440
    0.0000  -37.5000  -30.0000 9743.2100   12.7209
    7.5000  -37.5000  -30.0000 9186.4785   12.6930
   -7.5000  -30.0000  -30.000010564.7715   12.7179
    0.0000  -30.0000  -30.000010858.5430   12.6993
    7.5000  -30.0000  -30.000010257.0391   12.6852
   -7.5000  -22.5000  -30.000011650.6709   12.7177
    0.0000  -22.5000  -30.000011971.2842   12.7078
    7.5000  -22.5000  -30.000011280.3857   12.6951
   -7.5000  -15.0000  -30.000012710.9863   12.7233
    0.0000  -15.0000  -30.000013071.6719   12.7178
    7.5000  -15.0000  -30.000012242.3545   12.6941
   -7.5000   -7.5000  -30.000013665.6582   12.7209
    0.0000   -7.5000  -30.000014064.1895   12.7094
    7.5000   -7.5000  -30.000013182.6465   12.6734
   -7.5000    0.0000  -30.000014468.3320   12.7109
    0.0000    0.0000  -30.000014913.1426   12.6907
    7.5000    0.0000  -30.000013985.3145   12.6521
   -7.5000    7.5000  -30.000014144.1133   12.7002
    0.0000    7.5000  -30.000014593.6807   12.6771
    7.5000    7.5000  -30.000013670.4170   12.6494
   -7.5000   15.0000  -30.000013670.6436   12.6974
    0.0000   15.0000  -30.000014090.4668   12.6789
    7.5000   15.0000  -30.000013183.5527   12.6647
   -7.5000   22.5000  -30.000013084.5635   12.7026
    0.0000   22.5000  -30.000013494.6924   12.6927
    7.5000   22.5000  -30.000012581.5098   12.6800
   -7.5000   30.0000  -30.000012348.0537   12.5493
    0.0000   30.0000  -30.000012698.1748   12.5438
    7.5000   30.0000  -30.000011841.1084   12.5205
   -7.5000   37.5000  -30.000011977.9570   12.5517
    0.0000   37.5000  -30.000012334.6650   12.5404
    7.5000   37.5000  -30.000011486.1836   12.5049
   -7.5000   45.0000  -30.000011159.4043   12.2326
    0.0000   45.0000  -30.000011498.2178   12.2131
    7.5000   45.0000  -30.000010697.5840   12.1760
   -7.5000  -45.0000  -22.5000 9144.1934   13.3878
    0.0000  -45.0000  -22.5000 9425.7148   13.3696
    7.5000  -45.0000  -22.5000 8890.1289   13.3280
   -7.5000  -37.5000  -22.5000 9866.1914   13.1664
    0.0000  -37.5000  -22.500010164.8184   13.1458
    7.5000  -37.5000  -22.5000 9614.3945   13.1162
   -7.5000  -30.0000  -22.500011029.0371   13.1354
    0.0000  -30.0000  -22.500011363.4844   13.1177
    7.5000  -30.0000  -22.500010730.0684   13.0999
   -7.5000  -22.5000  -22.500012234.5684   13.1435
    0.0000  -22.5000  -22.500012585.4658   13.1331
    7.5000  -22.5000  -22.500011817.3438   13.1151
   -7.5000  -15.0000  -22.500013400.4297   13.1613
    0.0000  -15.0000  -22.500013785.1387   13.1547
    7.5000  -15.0000  -22.500012836.3945   13.1261
   -7.5000   -7.5000  -22.500014415.3291   13.1610
    0.0000   -7.5000  -22.500014852.8447   13.1501
    7.5000   -7.5000  -22.500013831.2100   13.1111
   -7.5000    0.0000  -22.500015191.6797   13.1429
    0.0000    0.0000  -22.500015712.8027   13.1252
    7.5000    0.0000  -22.500014674.3018   13.0851
   -7.5000    7.5000  -22.500014764.2559   13.1211
    0.0000    7.5000  -22.500015321.3047   13.1005
    7.5000    7.5000  -22.500014339.9961   13.0711
   -7.5000   15.0000  -22.500014285.6934   13.1143
    0.0000   15.0000  -22.500014830.6250   13.0966
    7.5000   15.0000  -22.500013858.9150   13.0788
   -7.5000   22.5000  -22.500013718.9570   13.1270
    0.0000   22.5000  -22.500014211.1152   13.1165
    7.5000   22.5000  -22.500013227.2617   13.0986
   -7.5000   30.0000  -22.500012996.5508   12.9833
    0.0000   30.0000  -22.500013433.6426   12.9767
    7.5000   30.0000  -22.500012460.6172   12.9485
   -7.5000   37.5000  -22.500012631.7285   12.9880
    0.0000   37.5000  -22.500013003.6660   12.9773
    7.5000   37.5000  -22.500012073.7344   12.9387
   -7.5000   45.0000  -22.500011791.6016   12.6577
    0.0000   45.0000  -22.500012095.5020   12.6407
    7.5000   45.0000  -22.500011213.9473   12.6022
   -7.5000  -45.0000  -15.0000 9483.7236   13.7054
    0.0000  -45.0000  -15.0000 9780.9092   13.6904
    7.5000  -45.0000  -15.0000 9240.7285   13.6486
   -7.5000  -37.5000  -15.000010221.7646   13.4773
    0.0000  -37.5000  -15.000010533.3896   13.4582
    7.5000  -37.5000  -15.0000 9981.1465   13.4281
   -7.5000  -30.0000  -15.000011426.5078   13.4427
    0.0000  -30.0000  -15.000011764.9033   13.4228
    7.5000  -30.0000  -15.000011130.6162   13.4029
   -7.5000  -22.5000  -15.000012663.0049   13.4504
    0.0000  -22.5000  -15.000013039.8760   13.4355
    7.5000  -22.5000  -15.000012280.8115   13.4140
   -7.5000  -15.0000  -15.000013941.6973   13.4706
    0.0000  -15.0000  -15.000014339.7900   13.4603
    7.5000  -15.0000  -15.000013379.9199   13.4280
   -7.5000   -7.5000  -15.000015157.4590   13.4727
    0.0000   -7.5000  -15.000015613.9248   13.4620
    7.5000   -7.5000  -15.000014442.5352   13.4209
   -7.5000    0.0000  -15.000016022.8730   13.4550
    0.0000    0.0000  -15.000016611.0508   13.4404
    7.5000    0.0000  -15.000015375.6084   13.4000
   -7.5000    7.5000  -15.000015480.5762   13.4310
    0.0000    7.5000  -15.000016126.0361   13.4118
    7.5000    7.5000  -15.000015024.2236   13.3819
   -7.5000   15.0000  -15.000014985.8105   13.4211
    0.0000   15.0000  -15.000015588.1709   13.4011
    7.5000   15.0000  -15.000014515.0645   13.3812
   -7.5000   22.5000  -15.000014446.8857   13.4329
    0.0000   22.5000  -15.000014940.9404   13.4179
    7.5000   22.5000  -15.000013830.1455   13.3964
   -7.5000   30.0000  -15.000013752.7646   13.2902
    0.0000   30.0000  -15.000014107.2939   13.2800
    7.5000   30.0000  -15.000013046.0625   13.2482
   -7.5000   37.5000  -15.000013410.2520   13.2974
    0.0000   37.5000  -15.000013674.1250   13.2869
    7.5000   37.5000  -15.000012651.5410   13.2463
   -7.5000   45.0000  -15.000012486.6826   12.9661
    0.0000   45.0000  -15.000012710.5000   12.9520
    7.5000   45.0000  -15.000011725.1719   12.9131
   -7.5000  -45.0000   -7.5000 9760.8252   13.8675
    0.0000  -45.0000   -7.500010080.7354   13.8526
    7.5000  -45.0000   -7.5000 9541.4609   13.8114
   -7.5000  -37.5000   -7.500010539.1074   13.6475
    0.0000  -37.5000   -7.500010895.5635   13.6263
    7.5000  -37.5000   -7.500010323.0928   13.5968
   -7.5000  -30.0000   -7.500011808.7197   13.6145
    0.0000  -30.0000   -7.500012196.4150   13.5900
    7.5000  -30.0000   -7.500011530.3232   13.5710
   -7.5000  -22.5000   -7.500013088.5850   13.6116
    0.0000  -22.5000   -7.500013505.9570   13.5920
    7.5000  -22.5000   -7.500012755.7227   13.5717
   -7.5000  -15.0000   -7.500014368.0781   13.6203
    0.0000  -15.0000   -7.500014862.4551   13.6070
    7.5000  -15.0000   -7.500013923.0361   13.5758
   -7.5000   -7.5000   -7.500015798.9961   13.6225
    0.0000   -7.5000   -7.500016288.0117   13.6109
    7.5000   -7.5000   -7.500015046.9268   13.5706
   -7.5000    0.0000   -7.500017141.4258   13.6143
    0.0000    0.0000   -7.500017642.8984   13.5997
    7.5000    0.0000   -7.500016088.4639   13.5600
   -7.5000    7.5000   -7.500016781.8535   13.6005
    0.0000    7.5000   -7.500017257.9102   13.5793
    7.5000    7.5000   -7.500015790.9658   13.5501
   -7.5000   15.0000   -7.500016167.2139   13.5925
    0.0000   15.0000   -7.500016564.6250   13.5679
    7.5000   15.0000   -7.500015217.2012   13.5490
   -7.5000   22.5000   -7.500015434.0537   13.5924
    0.0000   22.5000   -7.500015727.5303   13.5728
    7.5000   22.5000   -7.500014472.5762   13.5526
   -7.5000   30.0000   -7.500014538.3174   13.4376
    0.0000   30.0000   -7.500014774.9893   13.4245
    7.5000   30.0000   -7.500013611.1084   13.3937
   -7.5000   37.5000   -7.500014076.0439   13.4449
    0.0000   37.5000   -7.500014342.9834   13.4335
    7.5000   37.5000   -7.500013213.4189   13.3937
   -7.5000   45.0000   -7.500013065.6992   13.1220
    0.0000   45.0000   -7.500013320.5615   13.1080
    7.5000   45.0000   -7.500012249.2129   13.0697
   -7.5000  -45.0000    0.0000 9972.5420   13.8980
    0.0000  -45.0000    0.000010324.1025   13.8805
    7.5000  -45.0000    0.0000 9768.7520   13.8401
   -7.5000  -37.5000    0.000010783.7559   13.6898
    0.0000  -37.5000    0.000011151.1016   13.6654
    7.5000  -37.5000    0.000010568.2920   13.6369
   -7.5000  -30.0000    0.000012094.5645   13.6625
    0.0000  -30.0000    0.000012500.1016   13.6356
    7.5000  -30.0000    0.000011838.9453   13.6192
   -7.5000  -22.5000    0.000013387.1445   13.6507
    0.0000  -22.5000    0.000013841.6387   13.6304
    7.5000  -22.5000    0.000013114.9678   13.6142
   -7.5000  -15.0000    0.000014732.2422   13.6456
    0.0000  -15.0000    0.000015261.6201   13.6328
    7.5000  -15.0000    0.000014350.5791   13.6058
   -7.5000   -7.5000    0.000016273.2500   13.6443
    0.0000   -7.5000    0.000016826.9277   13.6321
    7.5000   -7.5000    0.000015520.2861   13.5943
   -7.5000    0.0000    0.000017738.9453   13.6439
    0.0000    0.0000    0.000018282.9629   13.6270
    7.5000    0.0000    0.000016616.3223   13.5881
   -7.5000    7.5000    0.000017391.9023   13.6426
    0.0000    7.5000    0.000017857.0527   13.6184
    7.5000    7.5000    0.000016334.1758   13.5901
   -7.5000   15.0000    0.000016677.7383   13.6404
    0.0000   15.0000    0.000017041.7363   13.6136
    7.5000   15.0000    0.000015705.0850   13.5971
   -7.5000   22.5000    0.000015878.2471   13.6314
    0.0000   22.5000    0.000016177.3018   13.6112
    7.5000   22.5000    0.000014932.8711   13.5950
   -7.5000   30.0000    0.000014921.5625   13.4631
    0.0000   30.0000    0.000015205.9121   13.4504
    7.5000   30.0000    0.000014041.3955   13.4237
   -7.5000   37.5000    0.000014438.7598   13.4668
    0.0000   37.5000    0.000014758.4844   13.4548
    7.5000   37.5000    0.000013601.8877   13.4174
   -7.5000   45.0000    0.000013438.8457   13.1516
    0.0000   45.0000    0.000013722.3398   13.1353
    7.5000   45.0000    0.000012642.7832   13.0979
   -7.5000  -45.0000    7.5000 9443.0488   13.9057
    0.0000  -45.0000    7.5000 9784.2939   13.8844
    7.5000  -45.0000    7.5000 9230.4238   13.8429
   -7.5000  -37.5000    7.500010222.9756   13.6972
    0.0000  -37.5000    7.500010587.4756   13.6713
    7.5000  -37.5000    7.500010002.5625   13.6426
   -7.5000  -30.0000    7.500011490.7188   13.6722
    0.0000  -30.0000    7.500011909.2334   13.6479
    7.5000  -30.0000    7.500011236.8984   13.6336
   -7.5000  -22.5000    7.500012789.7646   13.6623
    0.0000  -22.5000    7.500013255.4355   13.6469
    7.5000  -22.5000    7.500012475.5049   13.6341
   -7.5000  -15.0000    7.500014146.9092   13.6567
    0.0000  -15.0000    7.500014658.0156   13.6476
    7.5000  -15.0000    7.500013682.8984   13.6233
   -7.5000   -7.5000    7.500015552.4238   13.6529
    0.0000   -7.5000    7.500016083.1299   13.6403
    7.5000   -7.5000    7.500014803.8877   13.6032
   -7.5000    0.0000    7.500016741.6035   13.6510
    0.0000    0.0000    7.500017265.3242   13.6304
    7.5000    0.0000    7.500015815.1582   13.5906
   -7.5000    7.5000    7.500016174.8906   13.6501
    0.0000    7.5000    7.500016608.6973   13.6243
    7.5000    7.5000    7.500015481.4775   13.5958
   -7.5000   15.0000    7.500015458.7568   13.6501
    0.0000   15.0000    7.500015860.5459   13.6259
    7.5000   15.0000    7.500014875.2539   13.6116
   -7.5000   22.5000    7.500014834.2109   13.6431
    0.0000   22.5000    7.500015185.1914   13.6277
    7.5000   22.5000    7.500014173.9219   13.6149
   -7.5000   30.0000    7.500014084.3232   13.4740
    0.0000   30.0000    7.500014391.6387   13.4650
    7.5000   30.0000    7.500013387.0674   13.4411
   -7.5000   37.5000    7.500013678.7383   13.4753
    0.0000   37.5000    7.500013973.9668   13.4629
    7.5000   37.5000    7.500012950.9658   13.4263
   -7.5000   45.0000    7.500012710.9111   13.1585
    0.0000   45.0000    7.500012994.5742   13.1388
    7.5000   45.0000    7.500012019.7051   13.1004
   -7.5000  -45.0000   15.0000 8843.2900   13.9633
    0.0000  -45.0000   15.0000 9154.6777   13.9407
    7.5000  -45.0000   15.0000 8588.4355   13.8973
   -7.5000  -37.5000   15.0000 9592.8623   13.7423
    0.0000  -37.5000   15.0000 9935.4629   13.7173
    7.5000  -37.5000   15.0000 9326.2578   13.6871
   -7.5000  -30.0000   15.000010835.8037   13.7140
    0.0000  -30.0000   15.000011200.0645   13.6939
    7.5000  -30.0000   15.000010504.0635   13.6786
   -7.5000  -22.5000   15.000012112.5664   13.7137
    0.0000  -22.5000   15.000012509.9297   13.7030
    7.5000  -22.5000   15.000011686.7881   13.6893
   -7.5000  -15.0000   15.000013364.6885   13.7198
    0.0000  -15.0000   15.000013789.2324   13.7138
    7.5000  -15.0000   15.000012821.7910   13.6881
   -7.5000   -7.5000   15.000014552.8574   13.7171
    0.0000   -7.5000   15.000015016.5322   13.7047
    7.5000   -7.5000   15.000013860.5586   13.6658
   -7.5000    0.0000   15.000015458.0742   13.7064
    0.0000    0.0000   15.000015887.9326   13.6845
    7.5000    0.0000   15.000014772.1992   13.6428
   -7.5000    7.5000   15.000014875.0225   13.6949
    0.0000    7.5000   15.000015258.3545   13.6699
    7.5000    7.5000   15.000014381.9727   13.6400
   -7.5000   15.0000   15.000014279.2217   13.6919
    0.0000   15.0000   15.000014663.8604   13.6718
    7.5000   15.0000   15.000013827.7910   13.6565
   -7.5000   22.5000   15.000013744.1289   13.6943
    0.0000   22.5000   15.000014109.9385   13.6836
    7.5000   22.5000   15.000013238.3545   13.6699
   -7.5000   30.0000   15.000013079.5811   13.5361
    0.0000   30.0000   15.000013414.1172   13.5301
    7.5000   30.0000   15.000012539.9600   13.5049
   -7.5000   37.5000   15.000012711.9951   13.5387
    0.0000   37.5000   15.000013036.0459   13.5264
    7.5000   37.5000   15.000012149.7168   13.4880
   -7.5000   45.0000   15.000011802.6729   13.2120
    0.0000   45.0000   15.000012096.3906   13.1909
    7.5000   45.0000   15.000011250.3291   13.1507
   -7.5000  -45.0000   22.5000 8320.9580   14.2469
    0.0000  -45.0000   22.5000 8564.6426   14.2277
    7.5000  -45.0000   22.5000 7981.7129   14.1830
   -7.5000  -37.5000   22.5000 9072.0479   14.0058
    0.0000  -37.5000   22.5000 9331.1191   13.9839
    7.5000  -37.5000   22.5000 8684.1396   13.9522
   -7.5000  -30.0000   22.500010201.4541   13.9723
    0.0000  -30.0000   22.500010504.8057   13.9535
    7.5000  -30.0000   22.5000 9801.2207   13.9344
   -7.5000  -22.5000   22.500011364.6709   13.9813
    0.0000  -22.5000   22.500011710.0498   13.9702
    7.5000  -22.5000   22.500010935.3340   13.9509
   -7.5000  -15.0000   22.500012440.9492   14.0004
    0.0000  -15.0000   22.500012841.8955   13.9937
    7.5000  -15.0000   22.500011962.0488   13.9627
   -7.5000   -7.5000   22.500013469.1172   13.9996
    0.0000   -7.5000   22.500013902.3672   13.9884
    7.5000   -7.5000   22.500012944.4658   13.9463
   -7.5000    0.0000   22.500014226.6270   13.9797
    0.0000    0.0000   22.500014635.3105   13.9611
    7.5000    0.0000   22.500013775.0342   13.9181
   -7.5000    7.5000   22.500013732.1807   13.9565
    0.0000    7.5000   22.500014126.5225   13.9345
    7.5000    7.5000   22.500013375.5723   13.9030
   -7.5000   15.0000   22.500013230.0801   13.9493
    0.0000   15.0000   22.500013621.8926   13.9304
    7.5000   15.0000   22.500012877.4053   13.9114
   -7.5000   22.5000   22.500012738.6357   13.9613
    0.0000   22.5000   22.500013124.5830   13.9501
    7.5000   22.5000   22.500012349.6680   13.9308
   -7.5000   30.0000   22.500012101.6680   13.8128
    0.0000   30.0000   22.500012458.3691   13.8061
    7.5000   30.0000   22.500011696.5967   13.7756
   -7.5000   37.5000   22.500011744.7285   13.8175
    0.0000   37.5000   22.500012082.3486   13.8064
    7.5000   37.5000   22.500011339.4990   13.7649
   -7.5000   45.0000   22.500010907.9912   13.4754
    0.0000   45.0000   22.500011198.3955   13.4575
    7.5000   45.0000   22.500010479.3291   13.4160
   -7.5000  -45.0000   30.0000 7678.3013   14.5836
    0.0000  -45.0000   30.0000 7899.0254   14.5686
    7.5000  -45.0000   30.0000 7331.6309   14.5231
   -7.5000  -37.5000   30.0000 8333.5293   14.3292
    0.0000  -37.5000   30.0000 8596.0625   14.3090
    7.5000  -37.5000   30.0000 8004.9058   14.2766
   -7.5000  -30.0000   30.0000 9362.2295   14.2906
    0.0000  -30.0000   30.0000 9655.1426   14.2692
    7.5000  -30.0000   30.0000 9029.0781   14.2479
   -7.5000  -22.5000   30.000010386.8525   14.2992
    0.0000  -22.5000   30.000010732.5488   14.2836
    7.5000  -22.5000   30.000010063.2715   14.2601
   -7.5000  -15.0000   30.000011380.3633   14.3219
    0.0000  -15.0000   30.000011761.6992   14.3119
    7.5000  -15.0000   30.000011021.4121   14.2763
   -7.5000   -7.5000   30.000012304.1924   14.3241
    0.0000   -7.5000   30.000012726.5264   14.3139
    7.5000   -7.5000   30.000011939.3125   14.2689
   -7.5000    0.0000   30.000012998.1875   14.3042
    0.0000    0.0000   30.000013421.5918   14.2896
    7.5000    0.0000   30.000012685.1123   14.2457
   -7.5000    7.5000   30.000012584.8086   14.2775
    0.0000    7.5000   30.000012997.0869   14.2573
    7.5000    7.5000   30.000012320.8779   14.2251
   -7.5000   15.0000   30.000012152.7695   14.2665
    0.0000   15.0000   30.000012556.4434   14.2450
    7.5000   15.0000   30.000011877.9287   14.2237
   -7.5000   22.5000   30.000011681.1621   14.2784
    0.0000   22.5000   30.000012067.2695   14.2627
    7.5000   22.5000   30.000011392.8965   14.2393
   -7.5000   30.0000   30.000011092.0381   14.1298
    0.0000   30.0000   30.000011441.1045   14.1199
    7.5000   30.0000   30.000010794.3428   14.0849
   -7.5000   37.5000   30.000010769.3311   14.1377
    0.0000   37.5000   30.000011105.0908   14.1277
    7.5000   37.5000   30.000010453.8984   14.0832
   -7.5000   45.0000   30.0000 9999.5000   13.7881
    0.0000   45.0000   30.000010292.6455   13.7740
    7.5000   45.0000   30.0000 9656.9189   13.7317
   -7.5000  -45.0000   37.5000 7249.0439   15.0956
    0.0000  -45.0000   37.5000 7510.5083   15.0822
    7.5000  -45.0000   37.5000 6985.8770   15.0356
   -7.5000  -37.5000   37.5000 7894.7837   14.8307
    0.0000  -37.5000   37.5000 8183.1660   14.8091
    7.5000  -37.5000   37.5000 7635.2754   14.7762
   -7.5000  -30.0000   37.5000 8867.5176   14.7868
    0.0000  -30.0000   37.5000 9181.4902   14.7613
    7.5000  -30.0000   37.5000 8606.8906   14.7408
   -7.5000  -22.5000   37.5000 9835.7266   14.7838
    0.0000  -22.5000   37.500010189.2422   14.7650
    7.5000  -22.5000   37.5000 9593.3584   14.7432
   -7.5000  -15.0000   37.500010814.3223   14.7989
    0.0000  -15.0000   37.500011206.4805   14.7883
    7.5000  -15.0000   37.500010545.5713   14.7539
   -7.5000   -7.5000   37.500011705.1670   14.8062
    0.0000   -7.5000   37.500012124.1064   14.7975
    7.5000   -7.5000   37.500011426.9453   14.7522
   -7.5000    0.0000   37.500012393.7715   14.7966
    0.0000    0.0000   37.500012816.3135   14.7836
    7.5000    0.0000   37.500012140.4502   14.7387
   -7.5000    7.5000   37.500012048.0371   14.7754
    0.0000    7.5000   37.500012451.1855   14.7538
    7.5000    7.5000   37.500011799.3721   14.7210
   -7.5000   15.0000   37.500011624.2627   14.7609
    0.0000   15.0000   37.500012026.3809   14.7354
    7.5000   15.0000   37.500011384.2100   14.7149
   -7.5000   22.5000   37.500011163.5781   14.7617
    0.0000   22.5000   37.500011536.4023   14.7429
    7.5000   22.5000   37.500010913.3594   14.7212
   -7.5000   30.0000   37.500010593.0781   14.6003
    0.0000   30.0000   37.500010934.1455   14.5898
    7.5000   30.0000   37.500010349.4297   14.5559
   -7.5000   37.5000   37.500010314.0693   14.6135
    0.0000   37.5000   37.500010633.0469   14.6049
    7.5000   37.5000   37.500010039.0586   14.5602
   -7.5000   45.0000   37.5000 9584.3076   14.2626
    0.0000   45.0000   37.5000 9880.9014   14.2501
    7.5000   45.0000   37.5000 9281.9492   14.2068
   -7.5000  -45.0000   45.0000 6563.0483   15.6694
    0.0000  -45.0000   45.0000 6806.4229   15.6555
    7.5000  -45.0000   45.0000 6364.3467   15.6066
   -7.5000  -37.5000   45.0000 7147.1567   15.3976
    0.0000  -37.5000   45.0000 7411.0825   15.3739
    7.5000  -37.5000   45.0000 6944.9160   15.3393
   -7.5000  -30.0000   45.0000 8027.4995   15.3650
    0.0000  -30.0000   45.0000 8333.6699   15.3387
    7.5000  -30.0000   45.0000 7849.6704   15.3193
   -7.5000  -22.5000   45.0000 8938.3203   15.3592
    0.0000  -22.5000   45.0000 9267.8398   15.3430
    7.5000  -22.5000   45.0000 8772.2744   15.3245
   -7.5000  -15.0000   45.0000 9868.2432   15.3595
    0.0000  -15.0000   45.000010234.0811   15.3538
    7.5000  -15.0000   45.0000 9665.4062   15.3222
   -7.5000   -7.5000   45.000010687.2441   15.3543
    0.0000   -7.5000   45.000011079.9531   15.3487
    7.5000   -7.5000   45.000010470.7139   15.3037
   -7.5000    0.0000   45.000011330.2559   15.3451
    0.0000    0.0000   45.000011733.6201   15.3317
    7.5000    0.0000   45.000011131.6680   15.2848
   -7.5000    7.5000   45.000011055.5137   15.3376
    0.0000    7.5000   45.000011440.7500   15.3140
    7.5000    7.5000   45.000010846.8232   15.2796
   -7.5000   15.0000   45.000010663.1016   15.3368
    0.0000   15.0000   45.000011047.0518   15.3106
    7.5000   15.0000   45.000010460.5928   15.2912
   -7.5000   22.5000   45.000010219.2939   15.3356
    0.0000   22.5000   45.000010581.1152   15.3194
    7.5000   22.5000   45.000010006.5244   15.3009
   -7.5000   30.0000   45.0000 9713.4873   15.1518
    0.0000   30.0000   45.000010050.7168   15.1461
    7.5000   30.0000   45.0000 9487.2588   15.1150
   -7.5000   37.5000   45.0000 9470.0215   15.1531
    0.0000   37.5000   45.0000 9784.6514   15.1476
    7.5000   37.5000   45.0000 9220.3145   15.1032
   -7.5000   45.0000   45.0000 8804.4482   14.7976
    0.0000   45.0000   45.0000 9098.3359   14.7847
    7.5000   45.0000   45.0000 8559.0615   14.7395

---------------------------------------------------------------------
imgreg_4dfp /opt/freesurfer/average/711-2C_as_mni_average_305 /opt/freesurfer/average/711-2B_as_mni_average_305_mask talsrcimg_g11 none talsrcimg_to_711-2C_as_mni_average_305_t4 4355
---------------------------------------------------------------------

freesurfer imgreg_4dfp.c
/opt/freesurfer/average/711-2C_as_mni_average_305.4dfp.img
       256       256       256         1
  1.000000  1.000000  1.000000
orientation T byte_order littleendian
Reading image: /opt/freesurfer/average/711-2C_as_mni_average_305.4dfp.img
dimensions:      256       256       256
mmppix:       1.0000   -1.0000   -1.0000
center:     128.0000 -129.0000 -129.0000
/opt/freesurfer/average/711-2B_as_mni_average_305_mask.4dfp.img
       256       256       256         1
  1.000000  1.000000  1.000000
orientation T byte_order littleendian
Reading mask: /opt/freesurfer/average/711-2B_as_mni_average_305_mask.4dfp.img (2306576 pixels)
talsrcimg_g11.4dfp.img
       256       256       256         1
  1.000000  1.000000  1.000000
orientation T byte_order littleendian
Reading image: talsrcimg_g11.4dfp.img
dimensions:      256       256       256
mmppix:       1.0000   -1.0000   -1.0000
center:     128.0000 -129.0000 -129.0000
rotation matrix determinant  1.000000
image alignment mode   4355 decimal     1103 hex
   -7.5000  -45.0000  -45.0000 2185.5046   14.9413
    0.0000  -45.0000  -45.0000 2177.1528   14.9265
    7.5000  -45.0000  -45.0000 2146.1475   15.1558
   -7.5000  -37.5000  -45.0000 2298.2891   13.5052
    0.0000  -37.5000  -45.0000 2288.5288   13.4677
    7.5000  -37.5000  -45.0000 2255.3601   13.7035
   -7.5000  -30.0000  -45.0000 2395.0776   12.3510
    0.0000  -30.0000  -45.0000 2381.4333   12.3039
    7.5000  -30.0000  -45.0000 2350.3877   12.5640
   -7.5000  -22.5000  -45.0000 2475.5337   11.4917
    0.0000  -22.5000  -45.0000 2461.4463   11.4452
    7.5000  -22.5000  -45.0000 2428.9143   11.6998
   -7.5000  -15.0000  -45.0000 2531.3789   10.8601
    0.0000  -15.0000  -45.0000 2520.0056   10.8307
    7.5000  -15.0000  -45.0000 2491.2751   11.1147
   -7.5000   -7.5000  -45.0000 2581.5205   10.5023
    0.0000   -7.5000  -45.0000 2570.2375   10.5158
    7.5000   -7.5000  -45.0000 2535.3877   10.7837
   -7.5000    0.0000  -45.0000 2601.0049   10.4244
    0.0000    0.0000  -45.0000 2588.8635   10.4478
    7.5000    0.0000  -45.0000 2556.3398   10.6994
   -7.5000    7.5000  -45.0000 2605.9351   10.5022
    0.0000    7.5000  -45.0000 2595.5774   10.5257
    7.5000    7.5000  -45.0000 2557.9519   10.7558
   -7.5000   15.0000  -45.0000 2588.1133   10.6729
    0.0000   15.0000  -45.0000 2579.7034   10.7086
    7.5000   15.0000  -45.0000 2542.0269   10.9425
   -7.5000   22.5000  -45.0000 2559.3699   11.0281
    0.0000   22.5000  -45.0000 2552.7668   11.0562
    7.5000   22.5000  -45.0000 2516.7156   11.3080
   -7.5000   30.0000  -45.0000 2502.9775   11.5270
    0.0000   30.0000  -45.0000 2496.7434   11.5575
    7.5000   30.0000  -45.0000 2456.0032   11.8307
   -7.5000   37.5000  -45.0000 2424.5852   12.2382
    0.0000   37.5000  -45.0000 2422.6345   12.2586
    7.5000   37.5000  -45.0000 2383.3765   12.5334
   -7.5000   45.0000  -45.0000 2320.1108   13.1962
    0.0000   45.0000  -45.0000 2316.7034   13.2174
    7.5000   45.0000  -45.0000 2283.1506   13.5025
   -7.5000  -45.0000  -37.5000 2235.1257   14.4566
    0.0000  -45.0000  -37.5000 2224.5271   14.4399
    7.5000  -45.0000  -37.5000 2193.8518   14.6721
   -7.5000  -37.5000  -37.5000 2353.5068   13.0416
    0.0000  -37.5000  -37.5000 2340.9551   13.0118
    7.5000  -37.5000  -37.5000 2306.7971   13.2573
   -7.5000  -30.0000  -37.5000 2453.0176   11.8945
    0.0000  -30.0000  -37.5000 2434.2896   11.8550
    7.5000  -30.0000  -37.5000 2403.0513   12.1166
   -7.5000  -22.5000  -37.5000 2535.4207   10.9590
    0.0000  -22.5000  -37.5000 2520.4592   10.9332
    7.5000  -22.5000  -37.5000 2487.2935   11.1850
   -7.5000  -15.0000  -37.5000 2609.6140   10.3054
    0.0000  -15.0000  -37.5000 2594.6038   10.2896
    7.5000  -15.0000  -37.5000 2558.2998   10.5445
   -7.5000   -7.5000  -37.5000 2657.9897    9.8798
    0.0000   -7.5000  -37.5000 2648.7112    9.8863
    7.5000   -7.5000  -37.5000 2606.3718   10.1377
   -7.5000    0.0000  -37.5000 2683.6328    9.7320
    0.0000    0.0000  -37.5000 2673.5171    9.7496
    7.5000    0.0000  -37.5000 2629.5481    9.9809
   -7.5000    7.5000  -37.5000 2687.6443    9.8169
    0.0000    7.5000  -37.5000 2681.4707    9.8452
    7.5000    7.5000  -37.5000 2639.3989   10.0492
   -7.5000   15.0000  -37.5000 2677.1719    9.9899
    0.0000   15.0000  -37.5000 2671.2195   10.0451
    7.5000   15.0000  -37.5000 2626.5359   10.2640
   -7.5000   22.5000  -37.5000 2649.0286   10.3311
    0.0000   22.5000  -37.5000 2645.7385   10.3796
    7.5000   22.5000  -37.5000 2605.3914   10.6258
   -7.5000   30.0000  -37.5000 2589.9146   10.7876
    0.0000   30.0000  -37.5000 2588.4602   10.8445
    7.5000   30.0000  -37.5000 2552.2317   11.0899
   -7.5000   37.5000  -37.5000 2509.2090   11.4254
    0.0000   37.5000  -37.5000 2509.5498   11.4525
    7.5000   37.5000  -37.5000 2474.6570   11.7245
   -7.5000   45.0000  -37.5000 2406.2773   12.3021
    0.0000   45.0000  -37.5000 2406.4995   12.3276
    7.5000   45.0000  -37.5000 2374.9680   12.6124
   -7.5000  -45.0000  -30.0000 2310.9148   14.4914
    0.0000  -45.0000  -30.0000 2298.0940   14.4806
    7.5000  -45.0000  -30.0000 2263.3662   14.6930
   -7.5000  -37.5000  -30.0000 2433.1638   13.0504
    0.0000  -37.5000  -30.0000 2421.7002   13.0486
    7.5000  -37.5000  -30.0000 2390.4663   13.2791
   -7.5000  -30.0000  -30.0000 2535.0723   11.8696
    0.0000  -30.0000  -30.0000 2523.5103   11.8410
    7.5000  -30.0000  -30.0000 2493.9236   12.0938
   -7.5000  -22.5000  -30.0000 2626.0459   10.9079
    0.0000  -22.5000  -30.0000 2616.5635   10.8928
    7.5000  -22.5000  -30.0000 2582.1191   11.1536
   -7.5000  -15.0000  -30.0000 2704.6809   10.1805
    0.0000  -15.0000  -30.0000 2693.1956   10.1710
    7.5000  -15.0000  -30.0000 2651.1606   10.4249
   -7.5000   -7.5000  -30.0000 2767.4070    9.6813
    0.0000   -7.5000  -30.0000 2754.2209    9.6794
    7.5000   -7.5000  -30.0000 2711.0356    9.9568
   -7.5000    0.0000  -30.0000 2795.9976    9.4175
    0.0000    0.0000  -30.0000 2787.7927    9.4587
    7.5000    0.0000  -30.0000 2742.8271    9.7116
   -7.5000    7.5000  -30.0000 2804.0554    9.4219
    0.0000    7.5000  -30.0000 2801.5852    9.4878
    7.5000    7.5000  -30.0000 2758.5635    9.7420
   -7.5000   15.0000  -30.0000 2802.9177    9.6416
    0.0000   15.0000  -30.0000 2801.1880    9.7147
    7.5000   15.0000  -30.0000 2758.7539    9.9522
   -7.5000   22.5000  -30.0000 2777.2139    9.9848
    0.0000   22.5000  -30.0000 2783.0481   10.0529
    7.5000   22.5000  -30.0000 2738.8567   10.3281
   -7.5000   30.0000  -30.0000 2720.6155   10.4748
    0.0000   30.0000  -30.0000 2724.9673   10.5437
    7.5000   30.0000  -30.0000 2685.8660   10.8149
   -7.5000   37.5000  -30.0000 2638.2192   11.1085
    0.0000   37.5000  -30.0000 2639.1531   11.1527
    7.5000   37.5000  -30.0000 2604.7615   11.4334
   -7.5000   45.0000  -30.0000 2531.5400   11.9471
    0.0000   45.0000  -30.0000 2532.3572   12.0030
    7.5000   45.0000  -30.0000 2495.6514   12.3021
   -7.5000  -45.0000  -22.5000 2339.3132   14.4634
    0.0000  -45.0000  -22.5000 2327.6145   14.4300
    7.5000  -45.0000  -22.5000 2298.1257   14.6993
   -7.5000  -37.5000  -22.5000 2470.1113   12.9838
    0.0000  -37.5000  -22.5000 2460.1919   12.9807
    7.5000  -37.5000  -22.5000 2427.8457   13.2407
   -7.5000  -30.0000  -22.5000 2577.0999   11.7688
    0.0000  -30.0000  -22.5000 2572.0193   11.7682
    7.5000  -30.0000  -22.5000 2538.9736   12.0400
   -7.5000  -22.5000  -22.5000 2672.0974   10.8087
    0.0000  -22.5000  -22.5000 2666.1545   10.8151
    7.5000  -22.5000  -22.5000 2628.8647   11.0598
   -7.5000  -15.0000  -22.5000 2752.2742   10.0462
    0.0000  -15.0000  -22.5000 2747.7808   10.0496
    7.5000  -15.0000  -22.5000 2706.1128   10.2694
   -7.5000   -7.5000  -22.5000 2822.3877    9.4969
    0.0000   -7.5000  -22.5000 2821.8506    9.5220
    7.5000   -7.5000  -22.5000 2778.0520    9.7367
   -7.5000    0.0000  -22.5000 2859.4121    9.1089
    0.0000    0.0000  -22.5000 2863.7529    9.1858
    7.5000    0.0000  -22.5000 2816.9802    9.4328
   -7.5000    7.5000  -22.5000 2877.9888    9.0135
    0.0000    7.5000  -22.5000 2885.3469    9.1154
    7.5000    7.5000  -22.5000 2838.6255    9.3774
   -7.5000   15.0000  -22.5000 2879.4377    9.2269
    0.0000   15.0000  -22.5000 2892.1243    9.3323
    7.5000   15.0000  -22.5000 2845.9353    9.6061
   -7.5000   22.5000  -22.5000 2862.6272    9.6051
    0.0000   22.5000  -22.5000 2876.7146    9.6914
    7.5000   22.5000  -22.5000 2827.3274    9.9494
   -7.5000   30.0000  -22.5000 2809.6116   10.1075
    0.0000   30.0000  -22.5000 2822.2014   10.1963
    7.5000   30.0000  -22.5000 2773.1709   10.4392
   -7.5000   37.5000  -22.5000 2728.2832   10.7611
    0.0000   37.5000  -22.5000 2732.5964   10.8386
    7.5000   37.5000  -22.5000 2694.5581   11.0689
   -7.5000   45.0000  -22.5000 2617.1692   11.6096
    0.0000   45.0000  -22.5000 2615.6721   11.6563
    7.5000   45.0000  -22.5000 2582.5527   11.9372
   -7.5000  -45.0000  -15.0000 2338.2139   14.5337
    0.0000  -45.0000  -15.0000 2333.1221   14.5109
    7.5000  -45.0000  -15.0000 2302.5354   14.8458
   -7.5000  -37.5000  -15.0000 2467.7578   13.0009
    0.0000  -37.5000  -15.0000 2462.2983   12.9659
    7.5000  -37.5000  -15.0000 2432.5334   13.3073
   -7.5000  -30.0000  -15.0000 2579.7407   11.7343
    0.0000  -30.0000  -15.0000 2572.0547   11.7116
    7.5000  -30.0000  -15.0000 2540.8782   12.0411
   -7.5000  -22.5000  -15.0000 2675.6272   10.7424
    0.0000  -22.5000  -15.0000 2668.7957   10.7379
    7.5000  -22.5000  -15.0000 2635.7498   11.0173
   -7.5000  -15.0000  -15.0000 2754.5771    9.9520
    0.0000  -15.0000  -15.0000 2754.9749    9.9581
    7.5000  -15.0000  -15.0000 2720.8325   10.1901
   -7.5000   -7.5000  -15.0000 2825.7371    9.4269
    0.0000   -7.5000  -15.0000 2830.6184    9.4398
    7.5000   -7.5000  -15.0000 2798.8596    9.6416
   -7.5000    0.0000  -15.0000 2884.7014    9.0522
    0.0000    0.0000  -15.0000 2896.7000    9.0936
    7.5000    0.0000  -15.0000 2853.9519    9.3112
   -7.5000    7.5000  -15.0000 2907.4529    8.8100
    0.0000    7.5000  -15.0000 2921.2422    8.9267
    7.5000    7.5000  -15.0000 2884.3972    9.2276
   -7.5000   15.0000  -15.0000 2918.4180    8.9734
    0.0000   15.0000  -15.0000 2931.4490    9.0751
    7.5000   15.0000  -15.0000 2894.1082    9.3645
   -7.5000   22.5000  -15.0000 2911.9043    9.3649
    0.0000   22.5000  -15.0000 2919.6482    9.3954
    7.5000   22.5000  -15.0000 2873.4553    9.6690
   -7.5000   30.0000  -15.0000 2868.4358    9.8669
    0.0000   30.0000  -15.0000 2871.3728    9.8727
    7.5000   30.0000  -15.0000 2824.2976   10.0975
   -7.5000   37.5000  -15.0000 2790.2937   10.5424
    0.0000   37.5000  -15.0000 2786.5005   10.5383
    7.5000   37.5000  -15.0000 2746.9290   10.7730
   -7.5000   45.0000  -15.0000 2674.8098   11.4195
    0.0000   45.0000  -15.0000 2669.3145   11.3830
    7.5000   45.0000  -15.0000 2633.8696   11.6525
   -7.5000  -45.0000   -7.5000 2314.3694   14.6342
    0.0000  -45.0000   -7.5000 2307.2820   14.6341
    7.5000  -45.0000   -7.5000 2280.6628   15.0231
   -7.5000  -37.5000   -7.5000 2447.2659   13.0456
    0.0000  -37.5000   -7.5000 2442.6394   13.0395
    7.5000  -37.5000   -7.5000 2414.4609   13.4506
   -7.5000  -30.0000   -7.5000 2560.4792   11.7372
    0.0000  -30.0000   -7.5000 2560.1511   11.7573
    7.5000  -30.0000   -7.5000 2525.0161   12.1446
   -7.5000  -22.5000   -7.5000 2657.5049   10.7169
    0.0000  -22.5000   -7.5000 2658.1145   10.7407
    7.5000  -22.5000   -7.5000 2629.4248   11.0772
   -7.5000  -15.0000   -7.5000 2738.1221    9.9294
    0.0000  -15.0000   -7.5000 2748.9407    9.9511
    7.5000  -15.0000   -7.5000 2726.3398   10.2476
   -7.5000   -7.5000   -7.5000 2811.5544    9.4241
    0.0000   -7.5000   -7.5000 2826.7458    9.4391
    7.5000   -7.5000   -7.5000 2805.0532    9.6601
   -7.5000    0.0000   -7.5000 2895.3120    9.2201
    0.0000    0.0000   -7.5000 2907.4297    9.2005
    7.5000    0.0000   -7.5000 2866.2278    9.3456
   -7.5000    7.5000   -7.5000 2942.1748    8.9931
    0.0000    7.5000   -7.5000 2947.8621    9.0087
    7.5000    7.5000   -7.5000 2904.3389    9.2083
   -7.5000   15.0000   -7.5000 2958.9700    8.9775
    0.0000   15.0000   -7.5000 2962.3047    8.9836
    7.5000   15.0000   -7.5000 2919.6023    9.2577
   -7.5000   22.5000   -7.5000 2944.0012    9.2341
    0.0000   22.5000   -7.5000 2944.9043    9.2106
    7.5000   22.5000   -7.5000 2898.0374    9.4821
   -7.5000   30.0000   -7.5000 2900.2974    9.6657
    0.0000   30.0000   -7.5000 2899.1946    9.6425
    7.5000   30.0000   -7.5000 2851.1101    9.9123
   -7.5000   37.5000   -7.5000 2814.1265   10.3332
    0.0000   37.5000   -7.5000 2818.7344   10.3134
    7.5000   37.5000   -7.5000 2775.9207   10.5863
   -7.5000   45.0000   -7.5000 2696.3833   11.2463
    0.0000   45.0000   -7.5000 2695.0842   11.2471
    7.5000   45.0000   -7.5000 2661.0447   11.5045
   -7.5000  -45.0000    0.0000 2272.8713   14.8228
    0.0000  -45.0000    0.0000 2268.5996   14.8831
    7.5000  -45.0000    0.0000 2243.6863   15.3939
   -7.5000  -37.5000    0.0000 2401.8171   13.1579
    0.0000  -37.5000    0.0000 2402.1709   13.2095
    7.5000  -37.5000    0.0000 2376.7007   13.7087
   -7.5000  -30.0000    0.0000 2514.6208   11.8444
    0.0000  -30.0000    0.0000 2520.4446   11.8905
    7.5000  -30.0000    0.0000 2498.6956   12.3443
   -7.5000  -22.5000    0.0000 2610.4048   10.8162
    0.0000  -22.5000    0.0000 2621.2224   10.8682
    7.5000  -22.5000    0.0000 2607.3284   11.2692
   -7.5000  -15.0000    0.0000 2702.7000   10.0996
    0.0000  -15.0000    0.0000 2717.3940   10.1450
    7.5000  -15.0000    0.0000 2702.5293   10.4703
   -7.5000   -7.5000    0.0000 2797.7881    9.6725
    0.0000   -7.5000    0.0000 2810.8303    9.6909
    7.5000   -7.5000    0.0000 2785.9763    9.8847
   -7.5000    0.0000    0.0000 2879.1448    9.4207
    0.0000    0.0000    0.0000 2890.8564    9.4090
    7.5000    0.0000    0.0000 2849.7908    9.5404
   -7.5000    7.5000    0.0000 2934.4822    9.1465
    0.0000    7.5000    0.0000 2946.1348    9.1595
    7.5000    7.5000    0.0000 2896.9121    9.3453
   -7.5000   15.0000    0.0000 2961.4048    9.0726
    0.0000   15.0000    0.0000 2968.3601    9.0637
    7.5000   15.0000    0.0000 2917.2043    9.3224
   -7.5000   22.5000    0.0000 2954.6843    9.2580
    0.0000   22.5000    0.0000 2952.1406    9.2174
    7.5000   22.5000    0.0000 2900.6892    9.5260
   -7.5000   30.0000    0.0000 2901.1316    9.6787
    0.0000   30.0000    0.0000 2900.0618    9.6587
    7.5000   30.0000    0.0000 2850.4714    9.9566
   -7.5000   37.5000    0.0000 2814.0654   10.3392
    0.0000   37.5000    0.0000 2817.9832   10.3345
    7.5000   37.5000    0.0000 2774.3792   10.6021
   -7.5000   45.0000    0.0000 2696.1035   11.2459
    0.0000   45.0000    0.0000 2696.6089   11.2304
    7.5000   45.0000    0.0000 2668.7100   11.5105
   -7.5000  -45.0000    7.5000 2219.1165   15.2605
    0.0000  -45.0000    7.5000 2225.9937   15.3483
    7.5000  -45.0000    7.5000 2204.3508   15.9373
   -7.5000  -37.5000    7.5000 2341.6169   13.5659
    0.0000  -37.5000    7.5000 2348.4951   13.6594
    7.5000  -37.5000    7.5000 2330.4094   14.1918
   -7.5000  -30.0000    7.5000 2454.5276   12.2409
    0.0000  -30.0000    7.5000 2465.0354   12.3189
    7.5000  -30.0000    7.5000 2450.5137   12.8003
   -7.5000  -22.5000    7.5000 2557.8076   11.2494
    0.0000  -22.5000    7.5000 2573.0103   11.3244
    7.5000  -22.5000    7.5000 2555.7556   11.7048
   -7.5000  -15.0000    7.5000 2660.2224   10.5356
    0.0000  -15.0000    7.5000 2674.1985   10.5894
    7.5000  -15.0000    7.5000 2653.7468   10.8874
   -7.5000   -7.5000    7.5000 2762.1589    9.9687
    0.0000   -7.5000    7.5000 2772.9714    9.9897
    7.5000   -7.5000    7.5000 2744.0962   10.2356
   -7.5000    0.0000    7.5000 2852.6204    9.5808
    0.0000    0.0000    7.5000 2862.9277    9.5831
    7.5000    0.0000    7.5000 2815.5154    9.7910
   -7.5000    7.5000    7.5000 2909.0515    9.2381
    0.0000    7.5000    7.5000 2916.7927    9.2626
    7.5000    7.5000    7.5000 2871.2371    9.5230
   -7.5000   15.0000    7.5000 2935.7490    9.1261
    0.0000   15.0000    7.5000 2938.1104    9.1062
    7.5000   15.0000    7.5000 2899.1123    9.4999
   -7.5000   22.5000    7.5000 2935.1692    9.3608
    0.0000   22.5000    7.5000 2933.5869    9.3438
    7.5000   22.5000    7.5000 2884.4534    9.6993
   -7.5000   30.0000    7.5000 2890.7068    9.8679
    0.0000   30.0000    7.5000 2889.1638    9.8602
    7.5000   30.0000    7.5000 2838.9351   10.1585
   -7.5000   37.5000    7.5000 2803.3450   10.5366
    0.0000   37.5000    7.5000 2803.0435   10.5206
    7.5000   37.5000    7.5000 2758.2517   10.8024
   -7.5000   45.0000    7.5000 2680.3145   11.4177
    0.0000   45.0000    7.5000 2684.5449   11.3968
    7.5000   45.0000    7.5000 2650.3210   11.6586
   -7.5000  -45.0000   15.0000 2154.3521   16.0373
    0.0000  -45.0000   15.0000 2165.7930   16.1024
    7.5000  -45.0000   15.0000 2148.7356   16.6974
   -7.5000  -37.5000   15.0000 2277.1543   14.3135
    0.0000  -37.5000   15.0000 2286.6904   14.3704
    7.5000  -37.5000   15.0000 2274.4207   14.8984
   -7.5000  -30.0000   15.0000 2391.9680   12.9786
    0.0000  -30.0000   15.0000 2403.1536   13.0264
    7.5000  -30.0000   15.0000 2386.3911   13.4433
   -7.5000  -22.5000   15.0000 2504.4231   11.9142
    0.0000  -22.5000   15.0000 2517.6042   11.9518
    7.5000  -22.5000   15.0000 2496.4895   12.3225
   -7.5000  -15.0000   15.0000 2609.0408   11.0387
    0.0000  -15.0000   15.0000 2618.5583   11.0736
    7.5000  -15.0000   15.0000 2597.0962   11.4040
   -7.5000   -7.5000   15.0000 2712.3245   10.3636
    0.0000   -7.5000   15.0000 2720.8020   10.3873
    7.5000   -7.5000   15.0000 2686.5549   10.6712
   -7.5000    0.0000   15.0000 2797.3123    9.8709
    0.0000    0.0000   15.0000 2804.8196    9.8878
    7.5000    0.0000   15.0000 2762.8328   10.1468
   -7.5000    7.5000   15.0000 2850.4705    9.5113
    0.0000    7.5000   15.0000 2850.6899    9.4959
    7.5000    7.5000   15.0000 2817.8887    9.8710
   -7.5000   15.0000   15.0000 2875.8464    9.4622
    0.0000   15.0000   15.0000 2880.6990    9.4394
    7.5000   15.0000   15.0000 2849.5762    9.8424
   -7.5000   22.5000   15.0000 2883.9851    9.7282
    0.0000   22.5000   15.0000 2889.0356    9.6981
    7.5000   22.5000   15.0000 2849.2573   10.0385
   -7.5000   30.0000   15.0000 2846.9641   10.2217
    0.0000   30.0000   15.0000 2849.6531   10.2078
    7.5000   30.0000   15.0000 2804.5505   10.5070
   -7.5000   37.5000   15.0000 2764.4800   10.8924
    0.0000   37.5000   15.0000 2767.6240   10.8811
    7.5000   37.5000   15.0000 2722.1260   11.1603
   -7.5000   45.0000   15.0000 2645.9775   11.7599
    0.0000   45.0000   15.0000 2652.3098   11.7377
    7.5000   45.0000   15.0000 2612.6089   11.9784
   -7.5000  -45.0000   22.5000 2090.5652   17.3559
    0.0000  -45.0000   22.5000 2091.0647   17.3263
    7.5000  -45.0000   22.5000 2077.9739   17.7762
   -7.5000  -37.5000   22.5000 2221.1462   15.4785
    0.0000  -37.5000   22.5000 2219.9998   15.4438
    7.5000  -37.5000   22.5000 2200.2004   15.8751
   -7.5000  -30.0000   22.5000 2331.1721   13.9142
    0.0000  -30.0000   22.5000 2334.9944   13.8837
    7.5000  -30.0000   22.5000 2315.3208   14.2955
   -7.5000  -22.5000   22.5000 2444.3025   12.6715
    0.0000  -22.5000   22.5000 2452.6628   12.6838
    7.5000  -22.5000   22.5000 2431.9092   13.0462
   -7.5000  -15.0000   22.5000 2547.3660   11.6547
    0.0000  -15.0000   22.5000 2554.5435   11.6836
    7.5000  -15.0000   22.5000 2531.8582   12.0184
   -7.5000   -7.5000   22.5000 2642.7998   10.9101
    0.0000   -7.5000   22.5000 2650.7249   10.9367
    7.5000   -7.5000   22.5000 2620.7151   11.2505
   -7.5000    0.0000   22.5000 2726.6321   10.3625
    0.0000    0.0000   22.5000 2729.9170   10.3498
    7.5000    0.0000   22.5000 2698.4285   10.7132
   -7.5000    7.5000   22.5000 2784.0173    9.9461
    0.0000    7.5000   22.5000 2784.3706    9.9407
    7.5000    7.5000   22.5000 2754.0388   10.3538
   -7.5000   15.0000   22.5000 2806.5996    9.9733
    0.0000   15.0000   22.5000 2808.8311    9.9638
    7.5000   15.0000   22.5000 2780.6787   10.3332
   -7.5000   22.5000   22.5000 2805.4719   10.2692
    0.0000   22.5000   22.5000 2810.2017   10.2463
    7.5000   22.5000   22.5000 2780.2742   10.5747
   -7.5000   30.0000   22.5000 2764.9053   10.7520
    0.0000   30.0000   22.5000 2771.9004   10.7230
    7.5000   30.0000   22.5000 2737.9277   11.0225
   -7.5000   37.5000   22.5000 2695.1443   11.3681
    0.0000   37.5000   22.5000 2701.4551   11.3555
    7.5000   37.5000   22.5000 2667.5764   11.6267
   -7.5000   45.0000   22.5000 2594.0222   12.1872
    0.0000   45.0000   22.5000 2597.5771   12.1948
    7.5000   45.0000   22.5000 2563.9995   12.4281
   -7.5000  -45.0000   30.0000 2015.5977   18.8851
    0.0000  -45.0000   30.0000 2018.0597   18.8355
    7.5000  -45.0000   30.0000 2004.7057   19.2046
   -7.5000  -37.5000   30.0000 2145.4805   16.7303
    0.0000  -37.5000   30.0000 2150.3193   16.6903
    7.5000  -37.5000   30.0000 2130.1963   17.0690
   -7.5000  -30.0000   30.0000 2257.9473   14.9115
    0.0000  -30.0000   30.0000 2263.0708   14.9147
    7.5000  -30.0000   30.0000 2244.4805   15.3216
   -7.5000  -22.5000   30.0000 2374.6074   13.4846
    0.0000  -22.5000   30.0000 2381.4075   13.5189
    7.5000  -22.5000   30.0000 2362.4199   13.9000
   -7.5000  -15.0000   30.0000 2480.3621   12.4003
    0.0000  -15.0000   30.0000 2486.7852   12.4295
    7.5000  -15.0000   30.0000 2464.4658   12.7874
   -7.5000   -7.5000   30.0000 2575.0474   11.5735
    0.0000   -7.5000   30.0000 2580.8916   11.5847
    7.5000   -7.5000   30.0000 2559.1992   11.9903
   -7.5000    0.0000   30.0000 2649.8398   10.9752
    0.0000    0.0000   30.0000 2661.5591   10.9720
    7.5000    0.0000   30.0000 2629.8657   11.3848
   -7.5000    7.5000   30.0000 2704.3452   10.5569
    0.0000    7.5000   30.0000 2706.6968   10.5789
    7.5000    7.5000   30.0000 2679.3904   10.9900
   -7.5000   15.0000   30.0000 2724.2974   10.6021
    0.0000   15.0000   30.0000 2729.7683   10.6021
    7.5000   15.0000   30.0000 2702.2056   10.9812
   -7.5000   22.5000   30.0000 2717.4319   10.9393
    0.0000   22.5000   30.0000 2725.2556   10.9277
    7.5000   22.5000   30.0000 2699.1130   11.2514
   -7.5000   30.0000   30.0000 2676.8169   11.3899
    0.0000   30.0000   30.0000 2683.3145   11.3618
    7.5000   30.0000   30.0000 2656.9363   11.6942
   -7.5000   37.5000   30.0000 2610.3181   11.9970
    0.0000   37.5000   30.0000 2615.7285   11.9805
    7.5000   37.5000   30.0000 2586.1033   12.2734
   -7.5000   45.0000   30.0000 2521.2493   12.7814
    0.0000   45.0000   30.0000 2528.0652   12.7657
    7.5000   45.0000   30.0000 2497.2183   13.0410
   -7.5000  -45.0000   37.5000 1940.0822   20.3947
    0.0000  -45.0000   37.5000 1950.0890   20.3914
    7.5000  -45.0000   37.5000 1936.5181   20.8253
   -7.5000  -37.5000   37.5000 2066.2297   17.9860
    0.0000  -37.5000   37.5000 2078.4648   17.9998
    7.5000  -37.5000   37.5000 2059.8928   18.4600
   -7.5000  -30.0000   37.5000 2183.2932   15.9939
    0.0000  -30.0000   37.5000 2193.7253   16.0266
    7.5000  -30.0000   37.5000 2173.0125   16.5131
   -7.5000  -22.5000   37.5000 2300.1917   14.4138
    0.0000  -22.5000   37.5000 2306.0640   14.4758
    7.5000  -22.5000   37.5000 2286.5493   14.9237
   -7.5000  -15.0000   37.5000 2409.1699   13.2455
    0.0000  -15.0000   37.5000 2416.4575   13.2617
    7.5000  -15.0000   37.5000 2396.4314   13.7376
   -7.5000   -7.5000   37.5000 2502.6726   12.3728
    0.0000   -7.5000   37.5000 2511.5518   12.3872
    7.5000   -7.5000   37.5000 2484.8916   12.8453
   -7.5000    0.0000   37.5000 2574.6787   11.7514
    0.0000    0.0000   37.5000 2583.4817   11.7554
    7.5000    0.0000   37.5000 2552.4741   12.2174
   -7.5000    7.5000   37.5000 2621.6345   11.3799
    0.0000    7.5000   37.5000 2623.8909   11.3995
    7.5000    7.5000   37.5000 2593.8997   11.8175
   -7.5000   15.0000   37.5000 2636.6360   11.3856
    0.0000   15.0000   37.5000 2647.3545   11.3809
    7.5000   15.0000   37.5000 2615.5251   11.7643
   -7.5000   22.5000   37.5000 2629.6265   11.6823
    0.0000   22.5000   37.5000 2637.7078   11.6808
    7.5000   22.5000   37.5000 2612.3933   12.0195
   -7.5000   30.0000   37.5000 2586.3667   12.1446
    0.0000   30.0000   37.5000 2594.4270   12.1270
    7.5000   30.0000   37.5000 2573.7871   12.4378
   -7.5000   37.5000   37.5000 2524.6335   12.7377
    0.0000   37.5000   37.5000 2529.3469   12.7266
    7.5000   37.5000   37.5000 2504.0391   13.0108
   -7.5000   45.0000   37.5000 2441.3057   13.5298
    0.0000   45.0000   37.5000 2449.7832   13.5123
    7.5000   45.0000   37.5000 2417.0591   13.7880
   -7.5000  -45.0000   45.0000 1854.5526   22.1637
    0.0000  -45.0000   45.0000 1862.7749   22.2213
    7.5000  -45.0000   45.0000 1852.5852   22.7091
   -7.5000  -37.5000   45.0000 1982.4406   19.3659
    0.0000  -37.5000   45.0000 1990.2628   19.4139
    7.5000  -37.5000   45.0000 1974.5691   19.9892
   -7.5000  -30.0000   45.0000 2097.7561   17.2564
    0.0000  -30.0000   45.0000 2106.4646   17.2786
    7.5000  -30.0000   45.0000 2093.9602   17.8589
   -7.5000  -22.5000   45.0000 2216.5505   15.5765
    0.0000  -22.5000   45.0000 2220.0181   15.5961
    7.5000  -22.5000   45.0000 2205.3115   16.1710
   -7.5000  -15.0000   45.0000 2329.5542   14.2896
    0.0000  -15.0000   45.0000 2338.1057   14.3056
    7.5000  -15.0000   45.0000 2314.5027   14.8600
   -7.5000   -7.5000   45.0000 2423.0693   13.3766
    0.0000   -7.5000   45.0000 2434.1443   13.3745
    7.5000   -7.5000   45.0000 2403.8826   13.9005
   -7.5000    0.0000   45.0000 2491.2739   12.7158
    0.0000    0.0000   45.0000 2500.5427   12.7436
    7.5000    0.0000   45.0000 2469.1189   13.2126
   -7.5000    7.5000   45.0000 2529.8066   12.3698
    0.0000    7.5000   45.0000 2534.4617   12.3627
    7.5000    7.5000   45.0000 2504.4963   12.7826
   -7.5000   15.0000   45.0000 2538.0430   12.3294
    0.0000   15.0000   45.0000 2548.2153   12.3171
    7.5000   15.0000   45.0000 2520.2703   12.6895
   -7.5000   22.5000   45.0000 2524.5222   12.5541
    0.0000   22.5000   45.0000 2533.9895   12.5627
    7.5000   22.5000   45.0000 2511.5283   12.8983
   -7.5000   30.0000   45.0000 2489.1128   13.0313
    0.0000   30.0000   45.0000 2499.4512   13.0474
    7.5000   30.0000   45.0000 2474.0044   13.3438
   -7.5000   37.5000   45.0000 2429.8984   13.6520
    0.0000   37.5000   45.0000 2438.9121   13.6497
    7.5000   37.5000   45.0000 2412.4883   13.8962
   -7.5000   45.0000   45.0000 2348.1733   14.4581
    0.0000   45.0000   45.0000 2358.0347   14.4455
    7.5000   45.0000   45.0000 2329.7327   14.6874

---------------------------------------------------------------------
imgreg_4dfp /opt/freesurfer/average/711-2C_as_mni_average_305 /opt/freesurfer/average/711-2B_as_mni_average_305_mask talsrcimg_g11 none talsrcimg_to_711-2C_as_mni_average_305_t4 1283
---------------------------------------------------------------------

freesurfer imgreg_4dfp.c
/opt/freesurfer/average/711-2C_as_mni_average_305.4dfp.img
       256       256       256         1
  1.000000  1.000000  1.000000
orientation T byte_order littleendian
Reading image: /opt/freesurfer/average/711-2C_as_mni_average_305.4dfp.img
dimensions:      256       256       256
mmppix:       1.0000   -1.0000   -1.0000
center:     128.0000 -129.0000 -129.0000
/opt/freesurfer/average/711-2B_as_mni_average_305_mask.4dfp.img
       256       256       256         1
  1.000000  1.000000  1.000000
orientation T byte_order littleendian
Reading mask: /opt/freesurfer/average/711-2B_as_mni_average_305_mask.4dfp.img (2306576 pixels)
talsrcimg_g11.4dfp.img
       256       256       256         1
  1.000000  1.000000  1.000000
orientation T byte_order littleendian
Reading image: talsrcimg_g11.4dfp.img
dimensions:      256       256       256
mmppix:       1.0000   -1.0000   -1.0000
center:     128.0000 -129.0000 -129.0000
rotation matrix determinant  1.000000
fimgreg.f
image alignment mode   1283 decimal      503 hex
parameters
    0.0000   15.0000    0.0000    0.0000    0.0000    0.0000
eta,q 0.92929  9.11963
niter,ni,del,rscale     5    3   12.0000    1.2000
parameter  1  0.556638 ->  0.500000 qaram    1.1500
parameter  3  0.651613 ->  0.500000 qaram    1.1500
parameter  4-51.174000 ->  0.500000 qaram    1.1500
parameters
   -3.4500   16.6652   -3.4500   -3.4500   -1.5357   -2.0981
eta,q 0.93632  8.94976
  0.0733  0.0774  0.0711  0.0603  0.0642  0.0647
  0.0731  0.0753  0.0689  0.0628  0.0634  0.0639
  0.0719  0.0743  0.0698  0.0655  0.0637  0.0637
  0.0735  0.0722  0.0714  0.0687  0.0635  0.0638
  0.0778  0.0717  0.0726  0.0722  0.0632  0.0648
  0.0821  0.0724  0.0737  0.0746  0.0648  0.0666
  0.0871  0.0743  0.0752  0.0771  0.0678  0.0688
niter,ni,del,rscale     7    3   12.0000    1.2000
parameter  4  3.144514 ->  0.500000 qaram    1.3225
parameters
   -3.4518   17.0592   -2.6088   -7.4175   -1.8207   -3.0010
eta,q 0.94162  8.88898
  0.0749  0.0690  0.0736  0.0557  0.0610  0.0609
  0.0686  0.0687  0.0707  0.0578  0.0588  0.0586
  0.0638  0.0668  0.0652  0.0607  0.0581  0.0583
  0.0637  0.0637  0.0634  0.0639  0.0586  0.0585
  0.0651  0.0632  0.0650  0.0676  0.0591  0.0590
  0.0690  0.0658  0.0673  0.0717  0.0597  0.0604
  0.0742  0.0699  0.0700  0.0753  0.0608  0.0627
niter,ni,del,rscale     7    3   12.0000    1.2000
parameter  4  1.592408 ->  0.500000 qaram    1.5209
parameters
   -2.7816   17.4595   -2.5169  -11.9801   -0.7874   -1.8288
eta,q 0.94561  8.82942
  0.0696  0.0666  0.0674  0.0513  0.0583  0.0593
  0.0626  0.0630  0.0615  0.0538  0.0562  0.0575
  0.0589  0.0607  0.0581  0.0557  0.0545  0.0559
  0.0584  0.0584  0.0580  0.0580  0.0544  0.0547
  0.0587  0.0581  0.0590  0.0617  0.0549  0.0545
  0.0604  0.0614  0.0620  0.0663  0.0548  0.0554
  0.0654  0.0655  0.0661  0.0711  0.0561  0.0570
niter,ni,del,rscale     7    3   12.0000    1.2000
parameter  4  1.671111 ->  0.500000 qaram    1.7490
parameters
   -3.0360   16.5431   -2.7706  -17.2272   -0.8399   -2.5066
eta,q 0.95023  8.87290
  0.0636  0.0573  0.0620  0.0481  0.0513  0.0524
  0.0575  0.0550  0.0569  0.0490  0.0500  0.0507
  0.0556  0.0541  0.0544  0.0511  0.0501  0.0500
  0.0544  0.0546  0.0540  0.0540  0.0497  0.0497
  0.0541  0.0568  0.0546  0.0573  0.0494  0.0500
  0.0586  0.0572  0.0577  0.0609  0.0498  0.0517
  0.0658  0.0571  0.0635  0.0650  0.0518  0.0546
niter,ni,del,rscale     7    3   12.0000    1.2000
parameters
   -3.0691   17.7149   -4.7248  -20.7998   -0.2041   -2.8452
eta,q 0.95608  8.87943
  0.0596  0.0556  0.0541  0.0524  0.0500  0.0492
  0.0528  0.0516  0.0485  0.0458  0.0469  0.0464
  0.0508  0.0507  0.0475  0.0440  0.0449  0.0448
  0.0498  0.0498  0.0492  0.0477  0.0440  0.0439
  0.0492  0.0491  0.0522  0.0536  0.0439  0.0444
  0.0527  0.0508  0.0580  0.0560  0.0453  0.0471
  0.0605  0.0517  0.0648  0.0585  0.0480  0.0511
niter,ni,del,rscale     6    3   12.0000    1.2000
parameters
   -3.2377   18.3707   -5.6754  -21.2534   -0.1837   -2.7737
eta,q 0.95688  8.87734
  0.0574  0.0543  0.0554  0.0571  0.0483  0.0495
  0.0504  0.0503  0.0466  0.0511  0.0453  0.0465
  0.0457  0.0462  0.0432  0.0438  0.0436  0.0445
  0.0439  0.0440  0.0442  0.0434  0.0431  0.0431
  0.0448  0.0453  0.0480  0.0479  0.0435  0.0435
  0.0507  0.0478  0.0540  0.0549  0.0453  0.0460
  0.0598  0.0508  0.0611  0.0567  0.0482  0.0497
niter,ni,del,rscale     5    3   12.0000    1.2000
parameters
   -3.2490   18.3313   -5.8628  -21.4578   -0.1987   -2.7450
eta,q 0.95710  8.88143
  0.0569  0.0525  0.0587  0.0578  0.0481  0.0493
  0.0501  0.0480  0.0492  0.0515  0.0451  0.0463
  0.0452  0.0440  0.0433  0.0441  0.0433  0.0443
  0.0431  0.0431  0.0431  0.0430  0.0429  0.0429
  0.0433  0.0455  0.0462  0.0469  0.0433  0.0433
  0.0488  0.0485  0.0518  0.0543  0.0452  0.0459
  0.0585  0.0519  0.0586  0.0567  0.0481  0.0497
niter,ni,del,rscale     4    3   12.0000    1.2000
parameters
   -3.2564   18.3189   -5.9471  -21.5555   -0.2064   -2.7330
eta,q 0.95718  8.88280
  0.0568  0.0527  0.0592  0.0581  0.0481  0.0492
  0.0500  0.0479  0.0496  0.0517  0.0450  0.0462
  0.0450  0.0439  0.0433  0.0443  0.0432  0.0442
  0.0429  0.0429  0.0429  0.0428  0.0428  0.0428
  0.0431  0.0454  0.0459  0.0466  0.0432  0.0433
  0.0487  0.0485  0.0515  0.0540  0.0451  0.0458
  0.0584  0.0519  0.0582  0.0567  0.0480  0.0497
niter,ni,del,rscale     3    3   12.0000    1.2000
parameters
   -3.2604   18.3188   -5.9873  -21.6003   -0.2106   -2.7291
eta,q 0.95721  8.88334
  0.0567  0.0527  0.0594  0.0583  0.0481  0.0492
  0.0499  0.0479  0.0499  0.0519  0.0450  0.0462
  0.0450  0.0438  0.0433  0.0444  0.0432  0.0441
  0.0428  0.0428  0.0428  0.0428  0.0428  0.0428
  0.0430  0.0453  0.0458  0.0464  0.0432  0.0432
  0.0486  0.0484  0.0514  0.0538  0.0451  0.0458
  0.0584  0.0519  0.0581  0.0567  0.0480  0.0497
registration optimization eta report
parameter search radius
    6.9000    6.0000    6.9000   10.4940    6.0000    6.0000
100000*second partial in parameter space
       32.       25.       33.       13.       15.       18.
  0.0567  0.0527  0.0594  0.0583  0.0481  0.0492
  0.0499  0.0479  0.0499  0.0519  0.0450  0.0462
  0.0450  0.0438  0.0433  0.0444  0.0432  0.0441
  0.0428  0.0428  0.0428  0.0428  0.0428  0.0428
  0.0430  0.0453  0.0458  0.0464  0.0432  0.0432
  0.0486  0.0484  0.0514  0.0538  0.0451  0.0458
  0.0584  0.0519  0.0581  0.0567  0.0480  0.0497
   -3.2604   18.3188   -5.9873  -21.6003   -0.2106   -2.7291
eta,q 0.95721  8.88334

---------------------------------------------------------------------
imgreg_4dfp /opt/freesurfer/average/711-2C_as_mni_average_305 /opt/freesurfer/average/711-2B_as_mni_average_305_mask talsrcimg_g11 none talsrcimg_to_711-2C_as_mni_average_305_t4 3335
---------------------------------------------------------------------

freesurfer imgreg_4dfp.c
/opt/freesurfer/average/711-2C_as_mni_average_305.4dfp.img
       256       256       256         1
  1.000000  1.000000  1.000000
orientation T byte_order littleendian
Reading image: /opt/freesurfer/average/711-2C_as_mni_average_305.4dfp.img
dimensions:      256       256       256
mmppix:       1.0000   -1.0000   -1.0000
center:     128.0000 -129.0000 -129.0000
/opt/freesurfer/average/711-2B_as_mni_average_305_mask.4dfp.img
       256       256       256         1
  1.000000  1.000000  1.000000
orientation T byte_order littleendian
Reading mask: /opt/freesurfer/average/711-2B_as_mni_average_305_mask.4dfp.img (2306576 pixels)
talsrcimg_g11.4dfp.img
       256       256       256         1
  1.000000  1.000000  1.000000
orientation T byte_order littleendian
Reading image: talsrcimg_g11.4dfp.img
dimensions:      256       256       256
mmppix:       1.0000   -1.0000   -1.0000
center:     128.0000 -129.0000 -129.0000
fimgreg.f
image alignment mode   3335 decimal      D07 hex
parameters
   -3.2604   18.3188   -5.9873   -0.1141   -7.1216   -7.0232
    4.2918    2.0942   -4.7613   36.7550   -0.3676  -36.8128
eta,q 0.95711  8.93150
niter,ni,del,rscale     5    3    5.0000    1.2000
parameter  2 -0.620731 -> -0.500000 qaram    1.1500
parameter  4 46.161404 ->  0.500000 qaram    1.1500
parameter  5140.009506 ->  0.500000 qaram    1.1500
parameters
   -3.3268   19.6988   -6.1762   -4.2541  -11.2616   -9.8206
    3.2813    3.4969   -3.5052   37.0708    0.7492  -33.3829
eta,q 0.97188  8.88078
  0.0448  0.0446  0.0441  0.0303  0.0258  0.0299  0.0312  0.0359  0.0315  0.0323  0.0303  0.0333
  0.0439  0.0438  0.0431  0.0333  0.0285  0.0292  0.0298  0.0329  0.0301  0.0307  0.0295  0.0311
  0.0432  0.0432  0.0427  0.0375  0.0315  0.0291  0.0291  0.0305  0.0291  0.0294  0.0289  0.0295
  0.0429  0.0429  0.0426  0.0426  0.0343  0.0293  0.0291  0.0290  0.0287  0.0287  0.0286  0.0286
  0.0431  0.0427  0.0429  0.0478  0.0369  0.0305  0.0297  0.0288  0.0287  0.0287  0.0286  0.0282
  0.0439  0.0426  0.0436  0.0519  0.0399  0.0338  0.0310  0.0299  0.0292  0.0300  0.0289  0.0282
  0.0452  0.0427  0.0445  0.0553  0.0428  0.0390  0.0328  0.0323  0.0300  0.0320  0.0295  0.0286
niter,ni,del,rscale     7    3    5.0000    1.2000
parameter  2  0.542306 ->  0.500000 qaram    1.3225
parameter  4  0.879871 ->  0.500000 qaram    1.3225
parameter  5  0.818388 ->  0.500000 qaram    1.3225
parameters
   -3.6877   18.1118   -6.3758   -9.0151  -16.0226   -7.1542
    2.9406    3.1861   -3.6063   37.1732    0.9361  -36.0460
eta,q 0.98007  8.92700
  0.0308  0.0279  0.0284  0.0231  0.0214  0.0240  0.0230  0.0244  0.0220  0.0234  0.0214  0.0206
  0.0290  0.0272  0.0277  0.0231  0.0209  0.0227  0.0214  0.0220  0.0209  0.0220  0.0208  0.0201
  0.0281  0.0272  0.0272  0.0241  0.0214  0.0217  0.0204  0.0206  0.0204  0.0209  0.0203  0.0199
  0.0281  0.0280  0.0271  0.0271  0.0232  0.0209  0.0202  0.0202  0.0202  0.0202  0.0202  0.0202
  0.0290  0.0293  0.0273  0.0322  0.0262  0.0203  0.0206  0.0208  0.0204  0.0202  0.0203  0.0207
  0.0306  0.0311  0.0280  0.0383  0.0297  0.0202  0.0217  0.0225  0.0210  0.0214  0.0207  0.0215
  0.0328  0.0332  0.0290  0.0438  0.0326  0.0216  0.0236  0.0253  0.0222  0.0238  0.0213  0.0226
niter,ni,del,rscale     7    3    5.0000    1.2000
parameters
   -3.8464   18.8188   -6.1572  -11.6226  -18.2028   -7.4654
    3.0033    3.0495   -4.0351   38.6894    1.0934  -37.1655
eta,q 0.98080  8.82232
  0.0229  0.0263  0.0217  0.0224  0.0228  0.0218  0.0223  0.0230  0.0211  0.0227  0.0205  0.0204
  0.0212  0.0233  0.0206  0.0208  0.0208  0.0208  0.0209  0.0212  0.0202  0.0212  0.0198  0.0197
  0.0202  0.0211  0.0200  0.0197  0.0196  0.0200  0.0199  0.0200  0.0197  0.0202  0.0194  0.0193
  0.0199  0.0199  0.0197  0.0197  0.0196  0.0195  0.0196  0.0196  0.0196  0.0195  0.0192  0.0192
  0.0204  0.0197  0.0198  0.0210  0.0212  0.0194  0.0198  0.0200  0.0198  0.0192  0.0194  0.0196
  0.0217  0.0206  0.0202  0.0253  0.0242  0.0206  0.0208  0.0213  0.0204  0.0196  0.0197  0.0204
  0.0239  0.0224  0.0211  0.0323  0.0283  0.0230  0.0223  0.0234  0.0215  0.0210  0.0204  0.0214
niter,ni,del,rscale     6    3    5.0000    1.2000
parameters
   -3.7804   19.1168   -6.0526  -11.7562  -18.8171   -7.2247
    3.0509    3.0541   -4.0494   38.8256    0.9778  -37.4022
eta,q 0.98090  8.81106
  0.0227  0.0242  0.0210  0.0238  0.0239  0.0222  0.0220  0.0229  0.0210  0.0217  0.0203  0.0207
  0.0209  0.0217  0.0200  0.0218  0.0217  0.0210  0.0205  0.0209  0.0200  0.0205  0.0196  0.0198
  0.0197  0.0200  0.0194  0.0201  0.0199  0.0200  0.0195  0.0196  0.0193  0.0196  0.0192  0.0193
  0.0192  0.0192  0.0191  0.0191  0.0192  0.0192  0.0191  0.0191  0.0191  0.0191  0.0191  0.0191
  0.0195  0.0194  0.0193  0.0192  0.0199  0.0189  0.0194  0.0195  0.0193  0.0191  0.0193  0.0193
  0.0206  0.0206  0.0198  0.0208  0.0222  0.0201  0.0204  0.0208  0.0200  0.0199  0.0197  0.0200
  0.0224  0.0227  0.0207  0.0252  0.0259  0.0225  0.0219  0.0230  0.0210  0.0220  0.0204  0.0209
niter,ni,del,rscale     5    3    5.0000    1.2000
parameters
   -3.7661   19.1989   -6.0087  -11.6859  -18.9832   -7.2133
    3.0425    3.0568   -4.0602   38.8935    0.9393  -37.4574
eta,q 0.98091  8.81060
  0.0225  0.0235  0.0210  0.0239  0.0242  0.0221  0.0219  0.0229  0.0209  0.0216  0.0203  0.0208
  0.0207  0.0212  0.0200  0.0218  0.0219  0.0209  0.0204  0.0209  0.0200  0.0204  0.0197  0.0199
  0.0195  0.0197  0.0193  0.0202  0.0200  0.0199  0.0194  0.0196  0.0193  0.0196  0.0192  0.0193
  0.0191  0.0191  0.0191  0.0191  0.0191  0.0191  0.0191  0.0191  0.0191  0.0191  0.0191  0.0191
  0.0195  0.0195  0.0193  0.0191  0.0196  0.0189  0.0194  0.0195  0.0193  0.0190  0.0192  0.0193
  0.0206  0.0209  0.0199  0.0206  0.0216  0.0202  0.0204  0.0208  0.0199  0.0199  0.0197  0.0199
  0.0224  0.0231  0.0208  0.0248  0.0252  0.0228  0.0219  0.0230  0.0210  0.0220  0.0203  0.0208
niter,ni,del,rscale     4    3    5.0000    1.2000
parameters
   -3.7642   19.2249   -6.0079  -11.6714  -19.0216   -7.2096
    3.0385    3.0581   -4.0624   38.9092    0.9331  -37.4826
eta,q 0.98092  8.81070
  0.0224  0.0233  0.0209  0.0238  0.0243  0.0221  0.0219  0.0229  0.0209  0.0216  0.0203  0.0208
  0.0206  0.0211  0.0199  0.0218  0.0220  0.0209  0.0204  0.0209  0.0199  0.0204  0.0197  0.0199
  0.0195  0.0197  0.0193  0.0201  0.0201  0.0199  0.0194  0.0196  0.0193  0.0196  0.0192  0.0193
  0.0191  0.0191  0.0191  0.0191  0.0191  0.0191  0.0191  0.0191  0.0191  0.0191  0.0191  0.0191
  0.0195  0.0195  0.0193  0.0191  0.0195  0.0189  0.0194  0.0195  0.0193  0.0191  0.0192  0.0193
  0.0206  0.0209  0.0199  0.0206  0.0215  0.0202  0.0204  0.0208  0.0199  0.0199  0.0197  0.0199
  0.0224  0.0232  0.0209  0.0249  0.0250  0.0229  0.0219  0.0230  0.0210  0.0220  0.0203  0.0208
registration optimization eta report
parameter search radius
    2.4000    3.1740    2.4000    9.5220    9.5220    7.2000
    7.2000    7.2000    7.2000    7.2000    7.2000    7.2000
100000*second partial in parameter space
       57.       41.       31.        6.        6.        7.
        5.        7.        4.        5.        2.        3.
  0.0224  0.0233  0.0209  0.0238  0.0243  0.0221  0.0219  0.0229  0.0209  0.0216  0.0203  0.0208
  0.0206  0.0211  0.0199  0.0218  0.0220  0.0209  0.0204  0.0209  0.0199  0.0204  0.0197  0.0199
  0.0195  0.0197  0.0193  0.0201  0.0201  0.0199  0.0194  0.0196  0.0193  0.0196  0.0192  0.0193
  0.0191  0.0191  0.0191  0.0191  0.0191  0.0191  0.0191  0.0191  0.0191  0.0191  0.0191  0.0191
  0.0195  0.0195  0.0193  0.0191  0.0195  0.0189  0.0194  0.0195  0.0193  0.0191  0.0192  0.0193
  0.0206  0.0209  0.0199  0.0206  0.0215  0.0202  0.0204  0.0208  0.0199  0.0199  0.0197  0.0199
  0.0224  0.0232  0.0209  0.0249  0.0250  0.0229  0.0219  0.0230  0.0210  0.0220  0.0203  0.0208
   -3.7642   19.2249   -6.0079  -11.6714  -19.0216   -7.2096
    3.0385    3.0581   -4.0624   38.9092    0.9331  -37.4826
eta,q 0.98092  8.81070

---------------------------------------------------------------------
imgreg_4dfp /opt/freesurfer/average/711-2C_as_mni_average_305 /opt/freesurfer/average/711-2B_as_mni_average_305_mask talsrcimg_g11 none talsrcimg_to_711-2C_as_mni_average_305_t4 2311
---------------------------------------------------------------------

freesurfer imgreg_4dfp.c
/opt/freesurfer/average/711-2C_as_mni_average_305.4dfp.img
       256       256       256         1
  1.000000  1.000000  1.000000
orientation T byte_order littleendian
Reading image: /opt/freesurfer/average/711-2C_as_mni_average_305.4dfp.img
dimensions:      256       256       256
mmppix:       1.0000   -1.0000   -1.0000
center:     128.0000 -129.0000 -129.0000
/opt/freesurfer/average/711-2B_as_mni_average_305_mask.4dfp.img
       256       256       256         1
  1.000000  1.000000  1.000000
orientation T byte_order littleendian
Reading mask: /opt/freesurfer/average/711-2B_as_mni_average_305_mask.4dfp.img (2306576 pixels)
talsrcimg_g11.4dfp.img
       256       256       256         1
  1.000000  1.000000  1.000000
orientation T byte_order littleendian
Reading image: talsrcimg_g11.4dfp.img
dimensions:      256       256       256
mmppix:       1.0000   -1.0000   -1.0000
center:     128.0000 -129.0000 -129.0000
fimgreg.f
image alignment mode   2311 decimal      907 hex
parameters
   -3.7642   19.2249   -6.0079  -11.6714  -19.0216   -7.2096
    3.0385    3.0581   -4.0624   38.9092    0.9331  -37.4826
eta,q 0.98091  8.81070
niter,ni,del,rscale     5    3    5.0000    0.8000
parameters
   -3.7611   19.2651   -6.0181  -10.2871  -18.5716   -6.4071
    3.1227    3.1260   -3.8823   39.2760    0.8204  -37.1342
eta,q 0.98132  8.88468
  0.0206  0.0203  0.0199  0.0209  0.0208  0.0208  0.0201  0.0207  0.0196  0.0203  0.0193  0.0196
  0.0198  0.0196  0.0194  0.0202  0.0200  0.0201  0.0193  0.0196  0.0192  0.0196  0.0190  0.0191
  0.0193  0.0192  0.0192  0.0195  0.0193  0.0195  0.0189  0.0190  0.0189  0.0191  0.0187  0.0188
  0.0191  0.0191  0.0191  0.0191  0.0190  0.0189  0.0187  0.0187  0.0187  0.0187  0.0187  0.0187
  0.0193  0.0192  0.0192  0.0190  0.0190  0.0187  0.0188  0.0189  0.0188  0.0187  0.0188  0.0187
  0.0198  0.0195  0.0195  0.0191  0.0195  0.0191  0.0193  0.0195  0.0191  0.0191  0.0190  0.0190
  0.0206  0.0202  0.0199  0.0196  0.0203  0.0201  0.0200  0.0206  0.0195  0.0201  0.0193  0.0194
niter,ni,del,rscale     4    3    5.0000    0.7000
parameters
   -3.7795   19.2203   -5.9791  -10.3986  -18.5454   -6.3144
    3.0963    3.1376   -3.8809   39.3274    0.8495  -37.0637
eta,q 0.98134  8.88312
  0.0199  0.0196  0.0195  0.0197  0.0200  0.0202  0.0197  0.0202  0.0193  0.0198  0.0192  0.0193
  0.0192  0.0191  0.0191  0.0192  0.0194  0.0196  0.0191  0.0194  0.0190  0.0193  0.0189  0.0190
  0.0188  0.0188  0.0188  0.0188  0.0189  0.0191  0.0188  0.0188  0.0187  0.0189  0.0187  0.0187
  0.0187  0.0187  0.0187  0.0187  0.0187  0.0187  0.0187  0.0187  0.0187  0.0187  0.0187  0.0187
  0.0188  0.0188  0.0187  0.0188  0.0188  0.0187  0.0188  0.0188  0.0187  0.0187  0.0187  0.0187
  0.0192  0.0192  0.0190  0.0192  0.0193  0.0193  0.0191  0.0193  0.0190  0.0191  0.0189  0.0189
  0.0199  0.0197  0.0194  0.0199  0.0201  0.0203  0.0197  0.0202  0.0193  0.0200  0.0192  0.0193
niter,ni,del,rscale     3    3    5.0000    0.6000
parameters
   -3.7752   19.2226   -5.9429  -10.3509  -18.5222   -6.1713
    3.1123    3.1463   -3.8676   39.4008    0.8409  -37.0124
eta,q 0.98137  8.88736
  0.0196  0.0194  0.0193  0.0195  0.0197  0.0199  0.0194  0.0198  0.0191  0.0196  0.0190  0.0191
  0.0191  0.0190  0.0189  0.0191  0.0192  0.0195  0.0190  0.0192  0.0189  0.0192  0.0188  0.0189
  0.0188  0.0187  0.0187  0.0188  0.0188  0.0190  0.0187  0.0188  0.0187  0.0188  0.0187  0.0187
  0.0187  0.0187  0.0187  0.0187  0.0187  0.0187  0.0186  0.0186  0.0186  0.0186  0.0186  0.0186
  0.0188  0.0187  0.0187  0.0187  0.0188  0.0187  0.0187  0.0188  0.0187  0.0187  0.0187  0.0187
  0.0191  0.0190  0.0189  0.0190  0.0191  0.0191  0.0189  0.0191  0.0189  0.0190  0.0188  0.0188
  0.0195  0.0194  0.0192  0.0195  0.0197  0.0199  0.0194  0.0198  0.0191  0.0196  0.0190  0.0191
niter,ni,del,rscale     2    3    5.0000    0.5000
parameters
   -3.7732   19.2286   -5.9115  -10.3388  -18.5115   -6.0472
    3.1099    3.1421   -3.8641   39.4613    0.8334  -36.9939
eta,q 0.98139  8.89008
  0.0193  0.0191  0.0191  0.0192  0.0194  0.0196  0.0191  0.0194  0.0190  0.0193  0.0189  0.0189
  0.0189  0.0189  0.0188  0.0189  0.0190  0.0192  0.0188  0.0190  0.0188  0.0190  0.0187  0.0188
  0.0187  0.0187  0.0187  0.0187  0.0187  0.0189  0.0187  0.0187  0.0187  0.0188  0.0186  0.0187
  0.0186  0.0186  0.0186  0.0186  0.0186  0.0186  0.0186  0.0186  0.0186  0.0186  0.0186  0.0186
  0.0187  0.0187  0.0187  0.0187  0.0187  0.0187  0.0187  0.0187  0.0186  0.0186  0.0186  0.0186
  0.0189  0.0189  0.0188  0.0189  0.0190  0.0190  0.0188  0.0190  0.0188  0.0189  0.0187  0.0188
  0.0193  0.0191  0.0190  0.0192  0.0194  0.0196  0.0191  0.0194  0.0190  0.0193  0.0189  0.0189
niter,ni,del,rscale     1    3    5.0000    0.4000
parameters
   -3.7735   19.2393   -5.8754  -10.3449  -18.5232   -5.9419
    3.1236    3.1485   -3.8769   39.5354    0.8189  -36.9556
eta,q 0.98140  8.89138
  0.0190  0.0190  0.0189  0.0190  0.0191  0.0194  0.0189  0.0191  0.0188  0.0191  0.0188  0.0188
  0.0188  0.0188  0.0188  0.0188  0.0188  0.0190  0.0188  0.0188  0.0187  0.0189  0.0187  0.0187
  0.0187  0.0187  0.0187  0.0186  0.0187  0.0188  0.0186  0.0187  0.0186  0.0187  0.0186  0.0186
  0.0186  0.0186  0.0186  0.0186  0.0186  0.0186  0.0186  0.0186  0.0186  0.0186  0.0186  0.0186
  0.0187  0.0186  0.0186  0.0187  0.0187  0.0187  0.0186  0.0187  0.0186  0.0186  0.0186  0.0186
  0.0188  0.0188  0.0187  0.0188  0.0188  0.0189  0.0187  0.0188  0.0187  0.0188  0.0187  0.0187
  0.0190  0.0189  0.0189  0.0190  0.0191  0.0193  0.0189  0.0191  0.0188  0.0191  0.0188  0.0188
registration optimization eta report
parameter search radius
    0.8000    0.8000    0.8000    2.4000    2.4000    2.4000
    2.4000    2.4000    2.4000    2.4000    2.4000    2.4000
100000*second partial in parameter space
       63.       52.       42.        6.        9.       12.
        6.        9.        4.        8.        3.        4.
  0.0190  0.0190  0.0189  0.0190  0.0191  0.0194  0.0189  0.0191  0.0188  0.0191  0.0188  0.0188
  0.0188  0.0188  0.0188  0.0188  0.0188  0.0190  0.0188  0.0188  0.0187  0.0189  0.0187  0.0187
  0.0187  0.0187  0.0187  0.0186  0.0187  0.0188  0.0186  0.0187  0.0186  0.0187  0.0186  0.0186
  0.0186  0.0186  0.0186  0.0186  0.0186  0.0186  0.0186  0.0186  0.0186  0.0186  0.0186  0.0186
  0.0187  0.0186  0.0186  0.0187  0.0187  0.0187  0.0186  0.0187  0.0186  0.0186  0.0186  0.0186
  0.0188  0.0188  0.0187  0.0188  0.0188  0.0189  0.0187  0.0188  0.0187  0.0188  0.0187  0.0187
  0.0190  0.0189  0.0189  0.0190  0.0191  0.0193  0.0189  0.0191  0.0188  0.0191  0.0188  0.0188
   -3.7735   19.2393   -5.8754  -10.3449  -18.5232   -5.9419
    3.1236    3.1485   -3.8769   39.5354    0.8189  -36.9556
eta,q 0.98140  8.89138

---------------------------------------------------------------------
imgreg_4dfp /opt/freesurfer/average/711-2C_as_mni_average_305 /opt/freesurfer/average/711-2B_as_mni_average_305_mask talsrcimg_g11 none talsrcimg_to_711-2C_as_mni_average_305_t4 2311
---------------------------------------------------------------------

freesurfer imgreg_4dfp.c
/opt/freesurfer/average/711-2C_as_mni_average_305.4dfp.img
       256       256       256         1
  1.000000  1.000000  1.000000
orientation T byte_order littleendian
Reading image: /opt/freesurfer/average/711-2C_as_mni_average_305.4dfp.img
dimensions:      256       256       256
mmppix:       1.0000   -1.0000   -1.0000
center:     128.0000 -129.0000 -129.0000
/opt/freesurfer/average/711-2B_as_mni_average_305_mask.4dfp.img
       256       256       256         1
  1.000000  1.000000  1.000000
orientation T byte_order littleendian
Reading mask: /opt/freesurfer/average/711-2B_as_mni_average_305_mask.4dfp.img (2306576 pixels)
talsrcimg_g11.4dfp.img
       256       256       256         1
  1.000000  1.000000  1.000000
orientation T byte_order littleendian
Reading image: talsrcimg_g11.4dfp.img
dimensions:      256       256       256
mmppix:       1.0000   -1.0000   -1.0000
center:     128.0000 -129.0000 -129.0000
fimgreg.f
image alignment mode   2311 decimal      907 hex
parameters
   -3.7735   19.2393   -5.8754  -10.3449  -18.5232   -5.9419
    3.1236    3.1485   -3.8769   39.5354    0.8189  -36.9556
eta,q 0.98140  8.89138
niter,ni,del,rscale     5    3    5.0000    0.8000
parameters
   -3.7824   19.2236   -5.8616  -10.5816  -18.6581   -6.3629
    3.0772    3.1372   -3.9076   39.2280    0.8949  -36.9756
eta,q 0.98132  8.87060
  0.0202  0.0199  0.0197  0.0199  0.0203  0.0203  0.0200  0.0207  0.0196  0.0200  0.0194  0.0195
  0.0193  0.0192  0.0191  0.0192  0.0194  0.0197  0.0192  0.0196  0.0191  0.0194  0.0190  0.0191
  0.0188  0.0188  0.0187  0.0188  0.0188  0.0190  0.0188  0.0189  0.0188  0.0189  0.0188  0.0188
  0.0186  0.0186  0.0186  0.0186  0.0186  0.0186  0.0187  0.0187  0.0187  0.0187  0.0187  0.0187
  0.0188  0.0187  0.0187  0.0188  0.0188  0.0189  0.0188  0.0189  0.0188  0.0188  0.0188  0.0188
  0.0193  0.0192  0.0191  0.0193  0.0195  0.0199  0.0193  0.0196  0.0191  0.0194  0.0190  0.0191
  0.0202  0.0200  0.0196  0.0204  0.0206  0.0214  0.0200  0.0207  0.0196  0.0206  0.0193  0.0195
niter,ni,del,rscale     4    3    5.0000    0.7000
parameters
   -3.7756   19.2282   -5.9310  -10.3930  -18.5327   -6.2885
    3.1097    3.1379   -3.8820   39.2938    0.8627  -36.9965
eta,q 0.98134  8.88225
  0.0199  0.0196  0.0194  0.0198  0.0201  0.0202  0.0197  0.0202  0.0193  0.0199  0.0192  0.0193
  0.0192  0.0191  0.0190  0.0193  0.0194  0.0196  0.0191  0.0194  0.0190  0.0193  0.0189  0.0189
  0.0188  0.0188  0.0187  0.0189  0.0189  0.0191  0.0188  0.0188  0.0187  0.0189  0.0187  0.0187
  0.0187  0.0187  0.0187  0.0187  0.0187  0.0187  0.0187  0.0187  0.0187  0.0187  0.0187  0.0187
  0.0188  0.0188  0.0188  0.0188  0.0188  0.0187  0.0188  0.0188  0.0187  0.0187  0.0187  0.0187
  0.0192  0.0191  0.0191  0.0191  0.0192  0.0193  0.0191  0.0193  0.0190  0.0191  0.0189  0.0189
  0.0199  0.0196  0.0195  0.0197  0.0200  0.0203  0.0197  0.0202  0.0193  0.0200  0.0192  0.0193
niter,ni,del,rscale     3    3    5.0000    0.6000
parameters
   -3.7761   19.2248   -5.9336  -10.3546  -18.5115   -6.1657
    3.1137    3.1407   -3.8720   39.3907    0.8470  -36.9992
eta,q 0.98137  8.88714
  0.0195  0.0194  0.0192  0.0195  0.0197  0.0199  0.0194  0.0198  0.0191  0.0196  0.0190  0.0191
  0.0191  0.0190  0.0189  0.0190  0.0192  0.0194  0.0190  0.0192  0.0189  0.0192  0.0188  0.0188
  0.0188  0.0187  0.0187  0.0188  0.0188  0.0190  0.0187  0.0188  0.0187  0.0188  0.0187  0.0187
  0.0187  0.0187  0.0187  0.0187  0.0187  0.0187  0.0186  0.0186  0.0186  0.0186  0.0186  0.0186
  0.0188  0.0187  0.0187  0.0187  0.0188  0.0187  0.0187  0.0188  0.0187  0.0187  0.0187  0.0187
  0.0191  0.0190  0.0189  0.0190  0.0191  0.0192  0.0190  0.0192  0.0189  0.0190  0.0188  0.0188
  0.0196  0.0194  0.0192  0.0195  0.0197  0.0199  0.0194  0.0198  0.0191  0.0196  0.0190  0.0191
niter,ni,del,rscale     2    3    5.0000    0.5000
parameters
   -3.7731   19.2284   -5.9065  -10.3406  -18.5128   -6.0415
    3.1151    3.1467   -3.8628   39.4630    0.8257  -36.9874
eta,q 0.98139  8.89001
  0.0193  0.0191  0.0191  0.0192  0.0194  0.0196  0.0191  0.0194  0.0190  0.0193  0.0189  0.0189
  0.0189  0.0189  0.0188  0.0189  0.0190  0.0192  0.0189  0.0190  0.0188  0.0190  0.0187  0.0188
  0.0187  0.0187  0.0187  0.0187  0.0187  0.0189  0.0187  0.0187  0.0187  0.0187  0.0186  0.0186
  0.0186  0.0186  0.0186  0.0186  0.0186  0.0186  0.0186  0.0186  0.0186  0.0186  0.0186  0.0186
  0.0187  0.0187  0.0187  0.0187  0.0187  0.0187  0.0187  0.0187  0.0186  0.0186  0.0186  0.0186
  0.0189  0.0189  0.0188  0.0189  0.0190  0.0190  0.0188  0.0190  0.0188  0.0189  0.0187  0.0187
  0.0193  0.0191  0.0190  0.0192  0.0194  0.0196  0.0191  0.0194  0.0190  0.0193  0.0189  0.0189
niter,ni,del,rscale     1    3    5.0000    0.4000
parameters
   -3.7738   19.2406   -5.8786  -10.3392  -18.5216   -5.9400
    3.1309    3.1474   -3.8787   39.5264    0.8167  -36.9395
eta,q 0.98140  8.89139
  0.0190  0.0190  0.0189  0.0190  0.0191  0.0193  0.0189  0.0191  0.0188  0.0191  0.0188  0.0188
  0.0188  0.0188  0.0187  0.0188  0.0188  0.0190  0.0188  0.0188  0.0187  0.0189  0.0187  0.0187
  0.0187  0.0187  0.0187  0.0187  0.0187  0.0188  0.0186  0.0187  0.0186  0.0187  0.0186  0.0186
  0.0186  0.0186  0.0186  0.0186  0.0186  0.0186  0.0186  0.0186  0.0186  0.0186  0.0186  0.0186
  0.0187  0.0186  0.0186  0.0187  0.0187  0.0187  0.0186  0.0187  0.0186  0.0186  0.0186  0.0186
  0.0188  0.0187  0.0187  0.0188  0.0188  0.0189  0.0187  0.0188  0.0187  0.0188  0.0187  0.0187
  0.0190  0.0189  0.0189  0.0190  0.0191  0.0193  0.0189  0.0191  0.0188  0.0191  0.0188  0.0188
registration optimization eta report
parameter search radius
    0.8000    0.8000    0.8000    2.4000    2.4000    2.4000
    2.4000    2.4000    2.4000    2.4000    2.4000    2.4000
100000*second partial in parameter space
       63.       52.       42.        6.        9.       12.
        6.        9.        4.        8.        3.        4.
  0.0190  0.0190  0.0189  0.0190  0.0191  0.0193  0.0189  0.0191  0.0188  0.0191  0.0188  0.0188
  0.0188  0.0188  0.0187  0.0188  0.0188  0.0190  0.0188  0.0188  0.0187  0.0189  0.0187  0.0187
  0.0187  0.0187  0.0187  0.0187  0.0187  0.0188  0.0186  0.0187  0.0186  0.0187  0.0186  0.0186
  0.0186  0.0186  0.0186  0.0186  0.0186  0.0186  0.0186  0.0186  0.0186  0.0186  0.0186  0.0186
  0.0187  0.0186  0.0186  0.0187  0.0187  0.0187  0.0186  0.0187  0.0186  0.0186  0.0186  0.0186
  0.0188  0.0187  0.0187  0.0188  0.0188  0.0189  0.0187  0.0188  0.0187  0.0188  0.0187  0.0187
  0.0190  0.0189  0.0189  0.0190  0.0191  0.0193  0.0189  0.0191  0.0188  0.0191  0.0188  0.0188
   -3.7738   19.2406   -5.8786  -10.3392  -18.5216   -5.9400
    3.1309    3.1474   -3.8787   39.5264    0.8167  -36.9395
eta,q 0.98140  8.89139

---------------------------------------------------------------------
compute_vox2vox talsrcimg talsrcimg_to_711-2C_as_mni_average_305_t4 /opt/freesurfer/average/711-2C_as_mni_average_305
---------------------------------------------------------------------

freesurfer compute_vox2vox.c
Reading: talsrcimg.4dfp.ifh
Reading: talsrcimg_to_711-2C_as_mni_average_305_t4
Reading: /opt/freesurfer/average/711-2C_as_mni_average_305.4dfp.ifh
Writing: talsrcimg_to_711-2C_as_mni_average_305_t4_vox2vox.txt

start time Thu Mar 12 14:35:21 CET 2026
end		time Thu Mar 12 14:36:53 CET 2026

mpr2mni305 success

avi2talxfm orig_nu.mgz /opt/freesurfer/average/mni305.cor.mgz talsrcimg_to_711-2C_as_mni_average_305_t4_vox2vox.txt transforms/talairach.auto.xfm
avi2talxfm done
mv -f /out/sourcedata/freesurfer/sub-v1s1x0050667_ses-1/mri/talsrcimg_to_711-2C_as_mni_average_305_t4_vox2vox.txt /out/sourcedata/freesurfer/sub-v1s1x0050667_ses-1/mri/transforms/talsrcimg_to_711-2C_as_mni_average_305_t4_vox2vox.txt
lta_convert --src orig_nu.mgz --trg /opt/freesurfer/average/mni305.cor.mgz --inxfm transforms/talairach.auto.xfm --outlta transforms/talairach.auto.xfm.lta --subject fsaverage
7.3.2

--src: orig_nu.mgz src image (geometry).
--trg: /opt/freesurfer/average/mni305.cor.mgz trg image (geometry).
--inmni: transforms/talairach.auto.xfm input MNI/XFM transform.
--outlta: transforms/talairach.auto.xfm.lta output LTA.
--s: fsaverage subject name
 LTA read, type : 1
 1.11329  -0.01619  -0.05012   4.22105;
 0.00936   0.89288   0.40444  -1.13954;
 0.04845  -0.43392   1.02873  -16.17615;
 0.00000   0.00000   0.00000   1.00000;
setting subject to fsaverage
Writing  LTA to file transforms/talairach.auto.xfm.lta...
lta_convert successful.
 
 
Started at Thu Mar 12 14:35:21 CET 2026
Ended   at Thu Mar 12 14:36:54 CET 2026
talairach_avi done
