/out/sourcedata/freesurfer/sub-v1s1x0050643_ses-1/mri
/opt/freesurfer/bin/talairach_avi
--i orig_nu.mgz --xfm transforms/talairach.auto.xfm
talairach_avi 7.3.2
Linux dna060 5.14.0-427.37.1.el9_4.x86_64 #1 SMP PREEMPT_DYNAMIC Fri Sep 13 12:41:50 EDT 2024 x86_64 x86_64 x86_64 GNU/Linux
Thu Mar 12 14:14:47 CET 2026
mri_convert orig_nu.mgz talsrcimg.img 
reading from orig_nu.mgz...
TR=0.00, TE=0.00, TI=0.00, flip angle=0.00
i_ras = (-1, 0, 0)
j_ras = (0, 0, -1)
k_ras = (0, 1, 0)
writing to talsrcimg.img...
Analyze Output Matrix
-1.00000   0.00000   0.00000   129.50000;
 0.00000   0.00000   1.00000  -144.19830;
 0.00000  -1.00000   0.00000   152.31526;
 0.00000   0.00000   0.00000   1.00000;
--------------------
INFO: set hdr.hist.orient to -1
mpr2mni305 talsrcimg
Thu Mar 12 14:14:48 CET 2026
/opt/freesurfer/bin/mpr2mni305 talsrcimg
mpr2mni305 7.3.2
target=711-2C_as_mni_average_305

---------------------------------------------------------------------
analyzeto4dfp talsrcimg -O0 -y
---------------------------------------------------------------------

freesurfer ifh2hdr.c
Thu Mar 12 14:14:48 2026
Writing: talsrcimg.4dfp.hdr
freesurfer analyzeto4dfp.c
Reading: talsrcimg.hdr
header size 348 bytes
hdr.dime.datatype	offset=70	value=2
hdr.dime.bitpix		offset=72	value=8
hdr.hist.orient		offset=252	value=-1
dimensionality     4
dimensions       256       256       256         1
Reading: talsrcimg.img
Writing: talsrcimg.4dfp.img
Writing: talsrcimg.4dfp.ifh
ifh2hdr talsrcimg -r0to255
ori=2

---------------------------------------------------------------------
gauss_4dfp talsrcimg 1.1
---------------------------------------------------------------------

freesurfer gauss_4dfp.c
Reading: talsrcimg.4dfp.img
Writing: talsrcimg_g11.4dfp.img
image dimensions 256 256 256 padded to 288 288 288
processing volume 1freesurfer ifh2hdr.c
Thu Mar 12 14:14:50 2026
Writing: talsrcimg_g11.4dfp.hdr

Writing: talsrcimg_g11.4dfp.ifh
including: talsrcimg.4dfp.img.rec in talsrcimg_g11.4dfp.img.rec

---------------------------------------------------------------------
imgreg_4dfp /opt/freesurfer/average/711-2C_as_mni_average_305 none talsrcimg_g11 none talsrcimg_to_711-2C_as_mni_average_305_t4 4355
---------------------------------------------------------------------

freesurfer imgreg_4dfp.c
/opt/freesurfer/average/711-2C_as_mni_average_305.4dfp.img
       256       256       256         1
  1.000000  1.000000  1.000000
orientation T byte_order littleendian
Reading image: /opt/freesurfer/average/711-2C_as_mni_average_305.4dfp.img
dimensions:      256       256       256
mmppix:       1.0000   -1.0000   -1.0000
center:     128.0000 -129.0000 -129.0000
talsrcimg_g11.4dfp.img
       256       256       256         1
  1.000000  1.000000  1.000000
orientation T byte_order littleendian
Reading image: talsrcimg_g11.4dfp.img
dimensions:      256       256       256
mmppix:       1.0000   -1.0000   -1.0000
center:     128.0000 -129.0000 -129.0000
t4_read: open error in t4_sub.f l:  41 t4_file(1:l)talsrcimg_to_711-2C_as_mni_average_305_t4 
t4_read: transform initialized to I4
rotation matrix determinant  1.000000
image alignment mode   4355 decimal     1103 hex
   -7.5000  -45.0000  -45.0000 8112.6797   14.2609
    0.0000  -45.0000  -45.0000 8467.6201   14.3017
    7.5000  -45.0000  -45.0000 8100.7305   14.3166
   -7.5000  -37.5000  -45.0000 8656.8564   14.2495
    0.0000  -37.5000  -45.0000 9029.6738   14.2929
    7.5000  -37.5000  -45.0000 8629.5449   14.3118
   -7.5000  -30.0000  -45.0000 9551.3301   14.2420
    0.0000  -30.0000  -45.0000 9965.7529   14.2817
    7.5000  -30.0000  -45.0000 9506.3496   14.2986
   -7.5000  -22.5000  -45.000010332.0098   14.2387
    0.0000  -22.5000  -45.000010777.9180   14.2714
    7.5000  -22.5000  -45.000010265.0938   14.2822
   -7.5000  -15.0000  -45.000010962.7500   14.2441
    0.0000  -15.0000  -45.000011467.9512   14.2739
    7.5000  -15.0000  -45.000010902.0967   14.2799
   -7.5000   -7.5000  -45.000011563.2236   14.2523
    0.0000   -7.5000  -45.000012136.0898   14.2862
    7.5000   -7.5000  -45.000011503.9707   14.2943
   -7.5000    0.0000  -45.000012126.8613   14.2540
    0.0000    0.0000  -45.000012701.9629   14.2946
    7.5000    0.0000  -45.000012078.6396   14.3095
   -7.5000    7.5000  -45.000011779.3057   14.2491
    0.0000    7.5000  -45.000012285.8467   14.2925
    7.5000    7.5000  -45.000011743.3164   14.3114
   -7.5000   15.0000  -45.000011260.9121   14.2420
    0.0000   15.0000  -45.000011728.8418   14.2817
    7.5000   15.0000  -45.000011192.1406   14.2986
   -7.5000   22.5000  -45.000010766.7510   14.2368
    0.0000   22.5000  -45.000011197.1191   14.2695
    7.5000   22.5000  -45.000010686.7295   14.2803
   -7.5000   30.0000  -45.0000 9890.6084   14.0543
    0.0000   30.0000  -45.000010303.1396   14.0836
    7.5000   30.0000  -45.0000 9820.3008   14.0896
   -7.5000   37.5000  -45.0000 9268.7588   14.0623
    0.0000   37.5000  -45.0000 9658.4639   14.0958
    7.5000   37.5000  -45.0000 9197.6895   14.1039
   -7.5000   45.0000  -45.0000 8411.6885   13.7069
    0.0000   45.0000  -45.0000 8739.1807   13.7460
    7.5000   45.0000  -45.0000 8352.3008   13.7603
   -7.5000  -45.0000  -37.5000 8633.7822   14.2439
    0.0000  -45.0000  -37.5000 9020.8389   14.2804
    7.5000  -45.0000  -37.5000 8603.6924   14.2939
   -7.5000  -37.5000  -37.5000 9208.5049   14.2330
    0.0000  -37.5000  -37.5000 9634.0205   14.2686
    7.5000  -37.5000  -37.5000 9170.0371   14.2826
   -7.5000  -30.0000  -37.500010120.3945   14.2218
    0.0000  -30.0000  -37.500010620.1660   14.2561
    7.5000  -30.0000  -37.500010073.0176   14.2688
   -7.5000  -22.5000  -37.500010934.7451   14.2158
    0.0000  -22.5000  -37.500011484.2021   14.2500
    7.5000  -22.5000  -37.500010871.5518   14.2611
   -7.5000  -15.0000  -37.500011606.1016   14.2211
    0.0000  -15.0000  -37.500012195.3154   14.2564
    7.5000  -15.0000  -37.500011549.0137   14.2667
   -7.5000   -7.5000  -37.500012241.3311   14.2315
    0.0000   -7.5000  -37.500012899.3516   14.2676
    7.5000   -7.5000  -37.500012188.2090   14.2790
   -7.5000    0.0000  -37.500012824.9912   14.2370
    0.0000    0.0000  -37.500013494.4551   14.2734
    7.5000    0.0000  -37.500012771.0801   14.2869
   -7.5000    7.5000  -37.500012438.7432   14.2326
    0.0000    7.5000  -37.500013049.3945   14.2682
    7.5000    7.5000  -37.500012388.2109   14.2822
   -7.5000   15.0000  -37.500011865.0420   14.2218
    0.0000   15.0000  -37.500012412.2461   14.2561
    7.5000   15.0000  -37.500011799.3223   14.2688
   -7.5000   22.5000  -37.500011296.7256   14.2139
    0.0000   22.5000  -37.500011807.5986   14.2480
    7.5000   22.5000  -37.500011206.9404   14.2592
   -7.5000   30.0000  -37.500010394.9316   14.0316
    0.0000   30.0000  -37.500010900.0723   14.0664
    7.5000   30.0000  -37.500010340.8115   14.0766
   -7.5000   37.5000  -37.5000 9722.5977   14.0418
    0.0000   37.5000  -37.500010176.7578   14.0774
    7.5000   37.5000  -37.5000 9649.3643   14.0887
   -7.5000   45.0000  -37.5000 8806.8398   13.6905
    0.0000   45.0000  -37.5000 9205.2998   13.7255
    7.5000   45.0000  -37.5000 8740.6357   13.7385
   -7.5000  -45.0000  -30.0000 9316.3760   14.8271
    0.0000  -45.0000  -30.0000 9736.1279   14.8638
    7.5000  -45.0000  -30.0000 9274.4004   14.8726
   -7.5000  -37.5000  -30.0000 9916.6367   14.8145
    0.0000  -37.5000  -30.000010381.0732   14.8436
    7.5000  -37.5000  -30.0000 9876.6094   14.8487
   -7.5000  -30.0000  -30.000010877.4209   14.8015
    0.0000  -30.0000  -30.000011402.4287   14.8284
    7.5000  -30.0000  -30.000010830.5752   14.8326
   -7.5000  -22.5000  -30.000011733.1787   14.7961
    0.0000  -22.5000  -30.000012330.2432   14.8301
    7.5000  -22.5000  -30.000011691.3945   14.8377
   -7.5000  -15.0000  -30.000012447.2959   14.8034
    0.0000  -15.0000  -30.000013100.0303   14.8457
    7.5000  -15.0000  -30.000012409.2080   14.8575
   -7.5000   -7.5000  -30.000013132.0049   14.8146
    0.0000   -7.5000  -30.000013870.2354   14.8574
    7.5000   -7.5000  -30.000013076.9385   14.8694
   -7.5000    0.0000  -30.000013730.7100   14.8199
    0.0000    0.0000  -30.000014503.5371   14.8566
    7.5000    0.0000  -30.000013669.9668   14.8654
   -7.5000    7.5000  -30.000013287.6816   14.8141
    0.0000    7.5000  -30.000014022.1807   14.8432
    7.5000    7.5000  -30.000013242.5312   14.8482
   -7.5000   15.0000  -30.000012628.1768   14.8015
    0.0000   15.0000  -30.000013285.0342   14.8284
    7.5000   15.0000  -30.000012587.5557   14.8326
   -7.5000   22.5000  -30.000011989.5498   14.7926
    0.0000   22.5000  -30.000012572.8428   14.8266
    7.5000   22.5000  -30.000011893.6650   14.8341
   -7.5000   30.0000  -30.000011064.1133   14.6075
    0.0000   30.0000  -30.000011639.5811   14.6493
    7.5000   30.0000  -30.000010995.3613   14.6609
   -7.5000   37.5000  -30.000010324.3516   14.6186
    0.0000   37.5000  -30.000010826.2812   14.6608
    7.5000   37.5000  -30.000010241.8545   14.6727
   -7.5000   45.0000  -30.0000 9340.7070   14.2616
    0.0000   45.0000  -30.0000 9788.1387   14.2969
    7.5000   45.0000  -30.0000 9259.1475   14.3054
   -7.5000  -45.0000  -22.5000 9976.4678   15.3256
    0.0000  -45.0000  -22.500010422.4570   15.3675
    7.5000  -45.0000  -22.5000 9949.0967   15.3728
   -7.5000  -37.5000  -22.500010603.8066   15.3073
    0.0000  -37.5000  -22.500011103.0439   15.3379
    7.5000  -37.5000  -22.500010576.6895   15.3395
   -7.5000  -30.0000  -22.500011613.2588   15.2948
    0.0000  -30.0000  -22.500012182.5586   15.3194
    7.5000  -30.0000  -22.500011570.2227   15.3198
   -7.5000  -22.5000  -22.500012529.0391   15.2949
    0.0000  -22.5000  -22.500013169.7979   15.3269
    7.5000  -22.5000  -22.500012487.3164   15.3306
   -7.5000  -15.0000  -22.500013248.0391   15.3076
    0.0000  -15.0000  -22.500013965.8965   15.3516
    7.5000  -15.0000  -22.500013219.3809   15.3599
   -7.5000   -7.5000  -22.500013956.4199   15.3190
    0.0000   -7.5000  -22.500014743.1221   15.3669
    7.5000   -7.5000  -22.500013909.9736   15.3754
   -7.5000    0.0000  -22.500014607.7480   15.3182
    0.0000    0.0000  -22.500015423.6445   15.3600
    7.5000    0.0000  -22.500014539.2939   15.3654
   -7.5000    7.5000  -22.500014155.1533   15.3068
    0.0000    7.5000  -22.500014946.4404   15.3374
    7.5000    7.5000  -22.500014121.2988   15.3390
   -7.5000   15.0000  -22.500013415.8506   15.2948
    0.0000   15.0000  -22.500014138.8486   15.3194
    7.5000   15.0000  -22.500013394.4385   15.3198
   -7.5000   22.5000  -22.500012621.2373   15.2901
    0.0000   22.5000  -22.500013251.5947   15.3222
    7.5000   22.5000  -22.500012546.8242   15.3259
   -7.5000   30.0000  -22.500011679.2695   15.1074
    0.0000   30.0000  -22.500012292.9072   15.1508
    7.5000   30.0000  -22.500011621.1553   15.1589
   -7.5000   37.5000  -22.500010894.3281   15.1186
    0.0000   37.5000  -22.500011456.9062   15.1659
    7.5000   37.5000  -22.500010854.6250   15.1743
   -7.5000   45.0000  -22.5000 9855.1475   14.7521
    0.0000   45.0000  -22.500010334.6172   14.7925
    7.5000   45.0000  -22.5000 9792.9570   14.7976
   -7.5000  -45.0000  -15.000010584.9717   15.6971
    0.0000  -45.0000  -15.000011039.2979   15.7445
    7.5000  -45.0000  -15.000010574.5273   15.7508
   -7.5000  -37.5000  -15.000011242.3916   15.6739
    0.0000  -37.5000  -15.000011761.7441   15.7127
    7.5000  -37.5000  -15.000011231.1006   15.7191
   -7.5000  -30.0000  -15.000012304.8154   15.6618
    0.0000  -30.0000  -15.000012902.4619   15.6920
    7.5000  -30.0000  -15.000012271.7959   15.6967
   -7.5000  -22.5000  -15.000013253.2725   15.6655
    0.0000  -22.5000  -15.000013959.7012   15.6971
    7.5000  -22.5000  -15.000013230.7705   15.7007
   -7.5000  -15.0000  -15.000013985.6562   15.6827
    0.0000  -15.0000  -15.000014736.0400   15.7233
    7.5000  -15.0000  -15.000013973.3252   15.7271
   -7.5000   -7.5000  -15.000014713.2275   15.6949
    0.0000   -7.5000  -15.000015482.0283   15.7429
    7.5000   -7.5000  -15.000014699.0801   15.7474
   -7.5000    0.0000  -15.000015407.4014   15.6895
    0.0000    0.0000  -15.000016170.4092   15.7369
    7.5000    0.0000  -15.000015369.0205   15.7431
   -7.5000    7.5000  -15.000014951.5010   15.6735
    0.0000    7.5000  -15.000015728.8389   15.7123
    7.5000    7.5000  -15.000014954.7637   15.7186
   -7.5000   15.0000  -15.000014162.6885   15.6618
    0.0000   15.0000  -15.000014873.7451   15.6920
    7.5000   15.0000  -15.000014178.3311   15.6967
   -7.5000   22.5000  -15.000013239.7324   15.6600
    0.0000   22.5000  -15.000013892.8174   15.6915
    7.5000   22.5000  -15.000013211.8320   15.6952
   -7.5000   30.0000  -15.000012278.2754   15.4797
    0.0000   30.0000  -15.000012901.7188   15.5198
    7.5000   30.0000  -15.000012247.4268   15.5235
   -7.5000   37.5000  -15.000011496.2285   15.4917
    0.0000   37.5000  -15.000012065.1494   15.5391
    7.5000   37.5000  -15.000011468.1553   15.5436
   -7.5000   45.0000  -15.000010396.0645   15.1189
    0.0000   45.0000  -15.000010871.6240   15.1645
    7.5000   45.0000  -15.000010345.1670   15.1705
   -7.5000  -45.0000   -7.500011211.3320   15.8957
    0.0000  -45.0000   -7.500011684.0781   15.9444
    7.5000  -45.0000   -7.500011217.4814   15.9563
   -7.5000  -37.5000   -7.500011922.2363   15.8764
    0.0000  -37.5000   -7.500012429.6855   15.9238
    7.5000  -37.5000   -7.500011899.2471   15.9394
   -7.5000  -30.0000   -7.500013040.5742   15.8670
    0.0000  -30.0000   -7.500013632.4199   15.9067
    7.5000  -30.0000   -7.500012992.7471   15.9201
   -7.5000  -22.5000   -7.500014076.6816   15.8688
    0.0000  -22.5000   -7.500014784.7266   15.9021
    7.5000  -22.5000   -7.500014049.9150   15.9094
   -7.5000  -15.0000   -7.500014853.3633   15.8818
    0.0000  -15.0000   -7.500015574.8457   15.9162
    7.5000  -15.0000   -7.500014848.0703   15.9191
   -7.5000   -7.5000   -7.500015509.2529   15.8920
    0.0000   -7.5000   -7.500016160.0957   15.9341
    7.5000   -7.5000   -7.500015537.3018   15.9391
   -7.5000    0.0000   -7.500016158.9336   15.8879
    0.0000    0.0000   -7.500016838.3457   15.9365
    7.5000    0.0000   -7.500016196.6348   15.9484
   -7.5000    7.5000   -7.500015731.4199   15.8760
    0.0000    7.5000   -7.500016397.7852   15.9233
    7.5000    7.5000   -7.500015784.6533   15.9389
   -7.5000   15.0000   -7.500014926.8877   15.8670
    0.0000   15.0000   -7.500015582.8877   15.9067
    7.5000   15.0000   -7.500014997.9971   15.9201
   -7.5000   22.5000   -7.500013932.9062   15.8614
    0.0000   22.5000   -7.500014537.0811   15.8947
    7.5000   22.5000   -7.500013911.7832   15.9021
   -7.5000   30.0000   -7.500012940.4590   15.6759
    0.0000   30.0000   -7.500013522.9668   15.7098
    7.5000   30.0000   -7.500012893.6631   15.7126
   -7.5000   37.5000   -7.500012159.8545   15.6859
    0.0000   37.5000   -7.500012713.0537   15.7275
    7.5000   37.5000   -7.500012119.2363   15.7324
   -7.5000   45.0000   -7.500010979.8242   15.3130
    0.0000   45.0000   -7.500011455.2373   15.3598
    7.5000   45.0000   -7.500010917.1953   15.3713
   -7.5000  -45.0000    0.000011746.7822   15.9417
    0.0000  -45.0000    0.000012206.8594   15.9872
    7.5000  -45.0000    0.000011716.8623   16.0040
   -7.5000  -37.5000    0.000012437.4004   15.9280
    0.0000  -37.5000    0.000012947.9277   15.9765
    7.5000  -37.5000    0.000012401.6914   15.9978
   -7.5000  -30.0000    0.000013591.9404   15.9195
    0.0000  -30.0000    0.000014161.7588   15.9636
    7.5000  -30.0000    0.000013540.6807   15.9825
   -7.5000  -22.5000    0.000014745.0234   15.9166
    0.0000  -22.5000    0.000015436.6992   15.9529
    7.5000  -22.5000    0.000014650.1816   15.9648
   -7.5000  -15.0000    0.000015736.9473   15.9235
    0.0000  -15.0000    0.000016439.7520   15.9566
    7.5000  -15.0000    0.000015665.0186   15.9631
   -7.5000   -7.5000    0.000016369.8936   15.9326
    0.0000   -7.5000    0.000016887.1270   15.9705
    7.5000   -7.5000    0.000016397.8984   15.9796
   -7.5000    0.0000    0.000016999.7148   15.9338
    0.0000    0.0000    0.000017489.5039   15.9793
    7.5000    0.0000    0.000017083.1328   15.9961
   -7.5000    7.5000    0.000016583.0566   15.9276
    0.0000    7.5000    0.000017113.9102   15.9761
    7.5000    7.5000    0.000016641.2344   15.9973
   -7.5000   15.0000    0.000015754.1143   15.9195
    0.0000   15.0000    0.000016369.6348   15.9636
    7.5000   15.0000    0.000015800.9268   15.9825
   -7.5000   22.5000    0.000014651.1543   15.9092
    0.0000   22.5000    0.000015227.2334   15.9456
    7.5000   22.5000    0.000014572.7100   15.9575
   -7.5000   30.0000    0.000013511.7090   15.7174
    0.0000   30.0000    0.000014067.2988   15.7501
    7.5000   30.0000    0.000013412.7764   15.7565
   -7.5000   37.5000    0.000012692.4883   15.7264
    0.0000   37.5000    0.000013230.7939   15.7638
    7.5000   37.5000    0.000012600.5537   15.7727
   -7.5000   45.0000    0.000011441.9814   15.3584
    0.0000   45.0000    0.000011936.4912   15.4022
    7.5000   45.0000    0.000011343.0059   15.4184
   -7.5000  -45.0000    7.500011388.8369   15.9390
    0.0000  -45.0000    7.500011815.4131   15.9798
    7.5000  -45.0000    7.500011342.7100   15.9949
   -7.5000  -37.5000    7.500012028.1875   15.9268
    0.0000  -37.5000    7.500012483.8555   15.9666
    7.5000  -37.5000    7.500011989.8096   15.9823
   -7.5000  -30.0000    7.500013083.5342   15.9142
    0.0000  -30.0000    7.500013563.9766   15.9526
    7.5000  -30.0000    7.500013054.3848   15.9669
   -7.5000  -22.5000    7.500014150.0361   15.9076
    0.0000  -22.5000    7.500014724.2051   15.9458
    7.5000  -22.5000    7.500014080.3467   15.9583
   -7.5000  -15.0000    7.500015192.1094   15.9135
    0.0000  -15.0000    7.500015725.3379   15.9529
    7.5000  -15.0000    7.500015060.9600   15.9645
   -7.5000   -7.5000    7.500016020.6670   15.9251
    0.0000   -7.5000    7.500016493.0996   15.9654
    7.5000   -7.5000    7.500015908.3662   15.9783
   -7.5000    0.0000    7.500016725.3926   15.9312
    0.0000    0.0000    7.500017249.4980   15.9719
    7.5000    0.0000    7.500016603.5684   15.9870
   -7.5000    7.5000    7.500016265.9912   15.9264
    0.0000    7.5000    7.500016814.4043   15.9662
    7.5000    7.5000    7.500016110.3711   15.9819
   -7.5000   15.0000    7.500015402.8506   15.9142
    0.0000   15.0000    7.500015982.9902   15.9526
    7.5000   15.0000    7.500015268.4746   15.9669
   -7.5000   22.5000    7.500014177.4512   15.9002
    0.0000   22.5000    7.500014688.0576   15.9384
    7.5000   22.5000    7.500014022.7500   15.9509
   -7.5000   30.0000    7.500012993.9082   15.7075
    0.0000   30.0000    7.500013473.7529   15.7465
    7.5000   30.0000    7.500012874.9473   15.7579
   -7.5000   37.5000    7.500012220.3740   15.7190
    0.0000   37.5000    7.500012669.1934   15.7588
    7.5000   37.5000    7.500012110.1543   15.7715
   -7.5000   45.0000    7.500011029.9941   15.3558
    0.0000   45.0000    7.500011452.7930   15.3951
    7.5000   45.0000    7.500010932.2832   15.4097
   -7.5000  -45.0000   15.000010816.1875   15.9228
    0.0000  -45.0000   15.000011258.3350   15.9623
    7.5000  -45.0000   15.000010798.3486   15.9717
   -7.5000  -37.5000   15.000011424.4473   15.9093
    0.0000  -37.5000   15.000011889.3828   15.9405
    7.5000  -37.5000   15.000011403.0557   15.9460
   -7.5000  -30.0000   15.000012441.8857   15.8953
    0.0000  -30.0000   15.000012902.2754   15.9242
    7.5000  -30.0000   15.000012384.5732   15.9287
   -7.5000  -22.5000   15.000013418.9268   15.8895
    0.0000  -22.5000   15.000013951.3252   15.9261
    7.5000  -22.5000   15.000013375.0889   15.9342
   -7.5000  -15.0000   15.000014321.4541   15.8973
    0.0000  -15.0000   15.000014840.5566   15.9428
    7.5000  -15.0000   15.000014256.4053   15.9554
   -7.5000   -7.5000   15.000015132.7549   15.9094
    0.0000   -7.5000   15.000015681.1777   15.9553
    7.5000   -7.5000   15.000015047.4580   15.9683
   -7.5000    0.0000   15.000015894.9814   15.9151
    0.0000    0.0000   15.000016539.6914   15.9545
    7.5000    0.0000   15.000015751.1729   15.9640
   -7.5000    7.5000   15.000015486.6406   15.9088
    0.0000    7.5000   15.000016166.4268   15.9400
    7.5000    7.5000   15.000015333.7100   15.9455
   -7.5000   15.0000   15.000014670.2080   15.8953
    0.0000   15.0000   15.000015326.0898   15.9242
    7.5000   15.0000   15.000014545.3623   15.9287
   -7.5000   22.5000   15.000013432.9590   15.8822
    0.0000   22.5000   15.000013980.8115   15.9187
    7.5000   22.5000   15.000013320.5781   15.9268
   -7.5000   30.0000   15.000012324.9424   15.6916
    0.0000   30.0000   15.000012793.4873   15.7365
    7.5000   30.0000   15.000012200.7490   15.7489
   -7.5000   37.5000   15.000011569.4141   15.7035
    0.0000   37.5000   15.000011995.8818   15.7489
    7.5000   37.5000   15.000011466.3379   15.7616
   -7.5000   45.0000   15.000010434.6416   15.3403
    0.0000   45.0000   15.000010805.7109   15.3783
    7.5000   45.0000   15.000010359.2695   15.3874
   -7.5000  -45.0000   22.500010177.7588   15.9210
    0.0000  -45.0000   22.500010633.1211   15.9646
    7.5000  -45.0000   22.500010158.6064   15.9702
   -7.5000  -37.5000   22.500010736.2383   15.9019
    0.0000  -37.5000   22.500011180.9268   15.9338
    7.5000  -37.5000   22.500010703.6680   15.9354
   -7.5000  -30.0000   22.500011708.5166   15.8889
    0.0000  -30.0000   22.500012173.1250   15.9146
    7.5000  -30.0000   22.500011635.3174   15.9149
   -7.5000  -22.5000   22.500012645.2891   15.8890
    0.0000  -22.5000   22.500013173.1084   15.9223
    7.5000  -22.5000   22.500012601.0566   15.9262
   -7.5000  -15.0000   22.500013445.2266   15.9023
    0.0000  -15.0000   22.500013943.0479   15.9481
    7.5000  -15.0000   22.500013388.4893   15.9567
   -7.5000   -7.5000   22.500014118.7422   15.9141
    0.0000   -7.5000   22.500014652.9629   15.9640
    7.5000   -7.5000   22.500014069.2266   15.9729
   -7.5000    0.0000   22.500014803.3994   15.9133
    0.0000    0.0000   22.500015357.2158   15.9569
    7.5000    0.0000   22.500014726.7402   15.9625
   -7.5000    7.5000   22.500014432.9678   15.9015
    0.0000    7.5000   22.500014988.2207   15.9333
    7.5000    7.5000   22.500014367.0908   15.9350
   -7.5000   15.0000   22.500013734.1709   15.8889
    0.0000   15.0000   22.500014294.2822   15.9146
    7.5000   15.0000   22.500013666.5762   15.9149
   -7.5000   22.5000   22.500012606.6562   15.8817
    0.0000   22.5000   22.500013093.4502   15.9150
    7.5000   22.5000   22.500012528.2998   15.9189
   -7.5000   30.0000   22.500011533.4258   15.6965
    0.0000   30.0000   22.500011968.0469   15.7417
    7.5000   30.0000   22.500011421.0117   15.7502
   -7.5000   37.5000   22.500010830.3574   15.7082
    0.0000   37.5000   22.500011245.6855   15.7574
    7.5000   37.5000   22.500010715.8535   15.7662
   -7.5000   45.0000   22.5000 9769.7852   15.3386
    0.0000   45.0000   22.500010130.3320   15.3806
    7.5000   45.0000   22.5000 9663.2842   15.3860
   -7.5000  -45.0000   30.0000 9493.2783   16.0562
    0.0000  -45.0000   30.0000 9941.3320   16.1048
    7.5000  -45.0000   30.0000 9495.3877   16.1112
   -7.5000  -37.5000   30.000010028.8672   16.0321
    0.0000  -37.5000   30.000010486.1182   16.0717
    7.5000  -37.5000   30.000010003.1367   16.0783
   -7.5000  -30.0000   30.000010903.4473   16.0193
    0.0000  -30.0000   30.000011412.0684   16.0500
    7.5000  -30.0000   30.000010874.4473   16.0549
   -7.5000  -22.5000   30.000011753.5303   16.0231
    0.0000  -22.5000   30.000012299.4209   16.0552
    7.5000  -22.5000   30.000011725.6543   16.0591
   -7.5000  -15.0000   30.000012496.7393   16.0411
    0.0000  -15.0000   30.000013024.4619   16.0826
    7.5000  -15.0000   30.000012437.0469   16.0865
   -7.5000   -7.5000   30.000013126.0986   16.0539
    0.0000   -7.5000   30.000013672.8018   16.1031
    7.5000   -7.5000   30.000013064.0527   16.1078
   -7.5000    0.0000   30.000013719.1895   16.0484
    0.0000    0.0000   30.000014267.0977   16.0969
    7.5000    0.0000   30.000013645.0684   16.1033
   -7.5000    7.5000   30.000013360.1152   16.0317
    0.0000    7.5000   30.000013855.8027   16.0712
    7.5000    7.5000   30.000013280.1494   16.0778
   -7.5000   15.0000   30.000012771.4297   16.0193
    0.0000   15.0000   30.000013256.4648   16.0500
    7.5000   15.0000   30.000012673.8213   16.0549
   -7.5000   22.5000   30.000011763.1514   16.0157
    0.0000   22.5000   30.000012204.9287   16.0478
    7.5000   22.5000   30.000011681.9346   16.0517
   -7.5000   30.0000   30.000010737.8262   15.8335
    0.0000   30.0000   30.000011142.4141   15.8745
    7.5000   30.0000   30.000010657.9580   15.8783
   -7.5000   37.5000   30.000010093.0889   15.8462
    0.0000   37.5000   30.000010478.5732   15.8947
    7.5000   37.5000   30.000010001.9121   15.8993
   -7.5000   45.0000   30.0000 9072.9834   15.4688
    0.0000   45.0000   30.0000 9409.1270   15.5156
    7.5000   45.0000   30.0000 8971.2207   15.5217
   -7.5000  -45.0000   37.5000 9088.3633   16.2778
    0.0000  -45.0000   37.5000 9538.9951   16.3288
    7.5000  -45.0000   37.5000 9108.4277   16.3411
   -7.5000  -37.5000   37.5000 9618.1104   16.2582
    0.0000  -37.5000   37.500010096.1621   16.3080
    7.5000  -37.5000   37.5000 9622.0273   16.3241
   -7.5000  -30.0000   37.500010457.0225   16.2477
    0.0000  -30.0000   37.500010975.2393   16.2894
    7.5000  -30.0000   37.500010448.7979   16.3031
   -7.5000  -22.5000   37.500011275.6035   16.2484
    0.0000  -22.5000   37.500011831.6475   16.2830
    7.5000  -22.5000   37.500011254.3633   16.2905
   -7.5000  -15.0000   37.500011973.1094   16.2615
    0.0000  -15.0000   37.500012521.2686   16.2969
    7.5000  -15.0000   37.500011937.6064   16.2997
   -7.5000   -7.5000   37.500012579.9141   16.2727
    0.0000   -7.5000   37.500013142.3691   16.3164
    7.5000   -7.5000   37.500012532.1992   16.3215
   -7.5000    0.0000   37.500013122.3877   16.2696
    0.0000    0.0000   37.500013704.6572   16.3206
    7.5000    0.0000   37.500013075.7432   16.3328
   -7.5000    7.5000   37.500012781.2959   16.2577
    0.0000    7.5000   37.500013298.9932   16.3075
    7.5000    7.5000   37.500012721.5283   16.3237
   -7.5000   15.0000   37.500012239.6982   16.2477
    0.0000   15.0000   37.500012723.6641   16.2894
    7.5000   15.0000   37.500012151.4971   16.3031
   -7.5000   22.5000   37.500011306.2031   16.2409
    0.0000   22.5000   37.500011748.7207   16.2755
    7.5000   22.5000   37.500011227.2988   16.2829
   -7.5000   30.0000   37.500010297.9922   16.0510
    0.0000   30.0000   37.500010699.7295   16.0860
    7.5000   30.0000   37.500010218.9033   16.0887
   -7.5000   37.5000   37.5000 9694.2969   16.0621
    0.0000   37.5000   37.500010082.2598   16.1053
    7.5000   37.5000   37.5000 9618.4473   16.1102
   -7.5000   45.0000   37.5000 8726.3613   15.6821
    0.0000   45.0000   37.5000 9047.8770   15.7312
    7.5000   45.0000   37.5000 8641.1289   15.7430
   -7.5000  -45.0000   45.0000 8300.3311   16.5388
    0.0000  -45.0000   45.0000 8712.7744   16.5889
    7.5000  -45.0000   45.0000 8328.3945   16.6063
   -7.5000  -37.5000   45.0000 8785.8506   16.5208
    0.0000  -37.5000   45.0000 9234.4189   16.5746
    7.5000  -37.5000   45.0000 8809.0605   16.5976
   -7.5000  -30.0000   45.0000 9565.4531   16.5076
    0.0000  -30.0000   45.000010055.7061   16.5572
    7.5000  -30.0000   45.0000 9585.8184   16.5784
   -7.5000  -22.5000   45.000010320.2402   16.5040
    0.0000  -22.5000   45.000010815.9199   16.5451
    7.5000  -22.5000   45.000010315.2842   16.5588
   -7.5000  -15.0000   45.000010955.0215   16.5144
    0.0000  -15.0000   45.000011457.6494   16.5514
    7.5000  -15.0000   45.000010947.7637   16.5586
   -7.5000   -7.5000   45.000011520.2588   16.5281
    0.0000   -7.5000   45.000012005.7148   16.5697
    7.5000   -7.5000   45.000011497.5742   16.5789
   -7.5000    0.0000   45.000011999.8369   16.5304
    0.0000    0.0000   45.000012499.6865   16.5803
    7.5000    0.0000   45.000011967.2061   16.5977
   -7.5000    7.5000   45.000011669.2373   16.5203
    0.0000    7.5000   45.000012124.0029   16.5741
    7.5000    7.5000   45.000011623.0332   16.5971
   -7.5000   15.0000   45.000011187.6279   16.5076
    0.0000   15.0000   45.000011648.2500   16.5572
    7.5000   15.0000   45.000011157.0469   16.5784
   -7.5000   22.5000   45.000010360.8535   16.4963
    0.0000   22.5000   45.000010788.8750   16.5374
    7.5000   22.5000   45.000010323.1348   16.5511
   -7.5000   30.0000   45.0000 9439.4746   16.2993
    0.0000   30.0000   45.0000 9819.0703   16.3358
    7.5000   30.0000   45.0000 9394.5625   16.3429
   -7.5000   37.5000   45.0000 8907.2354   16.3127
    0.0000   37.5000   45.0000 9248.7295   16.3539
    7.5000   37.5000   45.0000 8871.8623   16.3629
   -7.5000   45.0000   45.0000 8017.8936   15.9406
    0.0000   45.0000   45.0000 8294.9912   15.9888
    7.5000   45.0000   45.0000 7971.8892   16.0056

---------------------------------------------------------------------
imgreg_4dfp /opt/freesurfer/average/711-2C_as_mni_average_305 /opt/freesurfer/average/711-2B_as_mni_average_305_mask talsrcimg_g11 none talsrcimg_to_711-2C_as_mni_average_305_t4 4355
---------------------------------------------------------------------

freesurfer imgreg_4dfp.c
/opt/freesurfer/average/711-2C_as_mni_average_305.4dfp.img
       256       256       256         1
  1.000000  1.000000  1.000000
orientation T byte_order littleendian
Reading image: /opt/freesurfer/average/711-2C_as_mni_average_305.4dfp.img
dimensions:      256       256       256
mmppix:       1.0000   -1.0000   -1.0000
center:     128.0000 -129.0000 -129.0000
/opt/freesurfer/average/711-2B_as_mni_average_305_mask.4dfp.img
       256       256       256         1
  1.000000  1.000000  1.000000
orientation T byte_order littleendian
Reading mask: /opt/freesurfer/average/711-2B_as_mni_average_305_mask.4dfp.img (2306576 pixels)
talsrcimg_g11.4dfp.img
       256       256       256         1
  1.000000  1.000000  1.000000
orientation T byte_order littleendian
Reading image: talsrcimg_g11.4dfp.img
dimensions:      256       256       256
mmppix:       1.0000   -1.0000   -1.0000
center:     128.0000 -129.0000 -129.0000
rotation matrix determinant  1.000000
image alignment mode   4355 decimal     1103 hex
   -7.5000  -45.0000  -45.0000 2110.2278   15.4306
    0.0000  -45.0000  -45.0000 2127.5686   15.3590
    7.5000  -45.0000  -45.0000 2103.5488   15.5354
   -7.5000  -37.5000  -45.0000 2211.2148   14.1394
    0.0000  -37.5000  -45.0000 2224.6050   14.1031
    7.5000  -37.5000  -45.0000 2207.0801   14.2536
   -7.5000  -30.0000  -45.0000 2299.2908   13.2257
    0.0000  -30.0000  -45.0000 2308.8755   13.2579
    7.5000  -30.0000  -45.0000 2292.9639   13.3678
   -7.5000  -22.5000  -45.0000 2343.0991   12.6608
    0.0000  -22.5000  -45.0000 2353.3594   12.6857
    7.5000  -22.5000  -45.0000 2332.3474   12.7665
   -7.5000  -15.0000  -45.0000 2359.6296   12.3449
    0.0000  -15.0000  -45.0000 2371.7009   12.3484
    7.5000  -15.0000  -45.0000 2349.5833   12.4430
   -7.5000   -7.5000  -45.0000 2363.3811   12.2425
    0.0000   -7.5000  -45.0000 2381.0640   12.2239
    7.5000   -7.5000  -45.0000 2357.9138   12.3431
   -7.5000    0.0000  -45.0000 2347.4341   12.4339
    0.0000    0.0000  -45.0000 2360.4834   12.4247
    7.5000    0.0000  -45.0000 2340.5283   12.5441
   -7.5000    7.5000  -45.0000 2323.3611   12.8102
    0.0000    7.5000  -45.0000 2335.5010   12.8067
    7.5000    7.5000  -45.0000 2310.5745   12.9757
   -7.5000   15.0000  -45.0000 2279.7556   13.4387
    0.0000   15.0000  -45.0000 2292.8816   13.4514
    7.5000   15.0000  -45.0000 2265.6921   13.6407
   -7.5000   22.5000  -45.0000 2216.2056   14.3393
    0.0000   22.5000  -45.0000 2228.2974   14.3180
    7.5000   22.5000  -45.0000 2205.8328   14.5082
   -7.5000   30.0000  -45.0000 2131.8621   15.5686
    0.0000   30.0000  -45.0000 2142.9243   15.5426
    7.5000   30.0000  -45.0000 2120.6355   15.7481
   -7.5000   37.5000  -45.0000 2031.4342   17.2139
    0.0000   37.5000  -45.0000 2039.9244   17.1480
    7.5000   37.5000  -45.0000 2018.7159   17.4186
   -7.5000   45.0000  -45.0000 1909.8845   19.4454
    0.0000   45.0000  -45.0000 1919.1274   19.3850
    7.5000   45.0000  -45.0000 1900.6907   19.6933
   -7.5000  -45.0000  -37.5000 2192.9128   14.4055
    0.0000  -45.0000  -37.5000 2206.6736   14.3960
    7.5000  -45.0000  -37.5000 2187.3303   14.5214
   -7.5000  -37.5000  -37.5000 2299.4485   13.1644
    0.0000  -37.5000  -37.5000 2310.6724   13.1630
    7.5000  -37.5000  -37.5000 2295.9087   13.2469
   -7.5000  -30.0000  -37.5000 2389.0784   12.2213
    0.0000  -30.0000  -37.5000 2402.6531   12.2664
    7.5000  -30.0000  -37.5000 2380.7114   12.3438
   -7.5000  -22.5000  -37.5000 2436.4143   11.6578
    0.0000  -22.5000  -37.5000 2450.8276   11.7263
    7.5000  -22.5000  -37.5000 2423.8105   11.7816
   -7.5000  -15.0000  -37.5000 2461.1597   11.3589
    0.0000  -15.0000  -37.5000 2474.3391   11.3992
    7.5000  -15.0000  -37.5000 2445.6455   11.4713
   -7.5000   -7.5000  -37.5000 2469.5212   11.2829
    0.0000   -7.5000  -37.5000 2483.3940   11.2853
    7.5000   -7.5000  -37.5000 2460.9480   11.3852
   -7.5000    0.0000  -37.5000 2457.5010   11.4679
    0.0000    0.0000  -37.5000 2468.5432   11.4903
    7.5000    0.0000  -37.5000 2446.5171   11.5820
   -7.5000    7.5000  -37.5000 2426.3201   11.8168
    0.0000    7.5000  -37.5000 2440.5276   11.8280
    7.5000    7.5000  -37.5000 2418.0195   11.9564
   -7.5000   15.0000  -37.5000 2382.6545   12.3792
    0.0000   15.0000  -37.5000 2398.0459   12.3983
    7.5000   15.0000  -37.5000 2369.5051   12.5365
   -7.5000   22.5000  -37.5000 2316.0327   13.2148
    0.0000   22.5000  -37.5000 2329.1111   13.2378
    7.5000   22.5000  -37.5000 2301.6272   13.3912
   -7.5000   30.0000  -37.5000 2223.6096   14.3274
    0.0000   30.0000  -37.5000 2237.3882   14.3270
    7.5000   30.0000  -37.5000 2210.7954   14.5121
   -7.5000   37.5000  -37.5000 2115.1494   15.8625
    0.0000   37.5000  -37.5000 2125.6951   15.8185
    7.5000   37.5000  -37.5000 2099.2688   16.0263
   -7.5000   45.0000  -37.5000 1986.7805   17.9034
    0.0000   45.0000  -37.5000 1999.1575   17.8682
    7.5000   45.0000  -37.5000 1974.2472   18.0696
   -7.5000  -45.0000  -30.0000 2306.5295   13.9015
    0.0000  -45.0000  -30.0000 2318.3718   13.9271
    7.5000  -45.0000  -30.0000 2297.8835   14.0088
   -7.5000  -37.5000  -30.0000 2418.9558   12.6751
    0.0000  -37.5000  -30.0000 2430.4551   12.7114
    7.5000  -37.5000  -30.0000 2412.9680   12.7765
   -7.5000  -30.0000  -30.0000 2512.1777   11.7543
    0.0000  -30.0000  -30.0000 2525.5405   11.7804
    7.5000  -30.0000  -30.0000 2505.5652   11.8285
   -7.5000  -22.5000  -30.0000 2569.4529   11.1479
    0.0000  -22.5000  -30.0000 2583.8594   11.1834
    7.5000  -22.5000  -30.0000 2560.9268   11.2477
   -7.5000  -15.0000  -30.0000 2603.5623   10.8351
    0.0000  -15.0000  -30.0000 2615.3665   10.8727
    7.5000  -15.0000  -30.0000 2587.6104   10.9481
   -7.5000   -7.5000  -30.0000 2623.3364   10.7597
    0.0000   -7.5000  -30.0000 2639.9951   10.7974
    7.5000   -7.5000  -30.0000 2610.4597   10.8637
   -7.5000    0.0000  -30.0000 2611.3489   10.9366
    0.0000    0.0000  -30.0000 2627.4382   10.9752
    7.5000    0.0000  -30.0000 2598.1367   11.0338
   -7.5000    7.5000  -30.0000 2577.2878   11.2803
    0.0000    7.5000  -30.0000 2596.5332   11.3085
    7.5000    7.5000  -30.0000 2566.2678   11.4006
   -7.5000   15.0000  -30.0000 2530.0830   11.8477
    0.0000   15.0000  -30.0000 2548.5432   11.8769
    7.5000   15.0000  -30.0000 2517.6794   11.9765
   -7.5000   22.5000  -30.0000 2456.6577   12.6491
    0.0000   22.5000  -30.0000 2473.0720   12.6535
    7.5000   22.5000  -30.0000 2440.6179   12.8030
   -7.5000   30.0000  -30.0000 2354.1912   13.7344
    0.0000   30.0000  -30.0000 2370.4202   13.7332
    7.5000   30.0000  -30.0000 2339.6692   13.9169
   -7.5000   37.5000  -30.0000 2233.4050   15.1824
    0.0000   37.5000  -30.0000 2246.7747   15.1575
    7.5000   37.5000  -30.0000 2218.6711   15.3651
   -7.5000   45.0000  -30.0000 2094.2185   17.1131
    0.0000   45.0000  -30.0000 2107.5828   17.0871
    7.5000   45.0000  -30.0000 2082.2773   17.2764
   -7.5000  -45.0000  -22.5000 2382.9883   13.3714
    0.0000  -45.0000  -22.5000 2396.6218   13.3456
    7.5000  -45.0000  -22.5000 2377.0317   13.4658
   -7.5000  -37.5000  -22.5000 2497.4209   12.1632
    0.0000  -37.5000  -22.5000 2514.9722   12.1532
    7.5000  -37.5000  -22.5000 2493.1768   12.2492
   -7.5000  -30.0000  -22.5000 2598.7502   11.2334
    0.0000  -30.0000  -22.5000 2616.4641   11.2462
    7.5000  -30.0000  -22.5000 2588.5552   11.2996
   -7.5000  -22.5000  -22.5000 2672.4126   10.6093
    0.0000  -22.5000  -22.5000 2688.1863   10.6315
    7.5000  -22.5000  -22.5000 2662.5508   10.6854
   -7.5000  -15.0000  -22.5000 2714.7854   10.2673
    0.0000  -15.0000  -22.5000 2732.9463   10.2890
    7.5000  -15.0000  -22.5000 2700.8787   10.3605
   -7.5000   -7.5000  -22.5000 2743.4504   10.1596
    0.0000   -7.5000  -22.5000 2763.4478   10.1970
    7.5000   -7.5000  -22.5000 2725.9556   10.2603
   -7.5000    0.0000  -22.5000 2735.1797   10.3275
    0.0000    0.0000  -22.5000 2761.1997   10.3596
    7.5000    0.0000  -22.5000 2721.0869   10.4101
   -7.5000    7.5000  -22.5000 2706.2219   10.6984
    0.0000    7.5000  -22.5000 2730.3604   10.7100
    7.5000    7.5000  -22.5000 2697.3555   10.7753
   -7.5000   15.0000  -22.5000 2653.7605   11.2697
    0.0000   15.0000  -22.5000 2675.6965   11.2700
    7.5000   15.0000  -22.5000 2642.6638   11.3719
   -7.5000   22.5000  -22.5000 2570.0740   12.0493
    0.0000   22.5000  -22.5000 2586.1748   12.0271
    7.5000   22.5000  -22.5000 2555.6379   12.1809
   -7.5000   30.0000  -22.5000 2456.6177   13.1085
    0.0000   30.0000  -22.5000 2471.5308   13.0852
    7.5000   30.0000  -22.5000 2442.9316   13.2432
   -7.5000   37.5000  -22.5000 2319.6870   14.5261
    0.0000   37.5000  -22.5000 2334.1575   14.5203
    7.5000   37.5000  -22.5000 2309.3230   14.6673
   -7.5000   45.0000  -22.5000 2175.2456   16.3595
    0.0000   45.0000  -22.5000 2182.1929   16.3752
    7.5000   45.0000  -22.5000 2161.0613   16.5267
   -7.5000  -45.0000  -15.0000 2420.5896   12.9317
    0.0000  -45.0000  -15.0000 2434.0691   12.8376
    7.5000  -45.0000  -15.0000 2417.2368   12.9971
   -7.5000  -37.5000  -15.0000 2536.0791   11.7350
    0.0000  -37.5000  -15.0000 2555.4133   11.6843
    7.5000  -37.5000  -15.0000 2536.9661   11.8046
   -7.5000  -30.0000  -15.0000 2642.7085   10.8076
    0.0000  -30.0000  -15.0000 2664.0073   10.7957
    7.5000  -30.0000  -15.0000 2636.5127   10.8768
   -7.5000  -22.5000  -15.0000 2734.4148   10.1300
    0.0000  -22.5000  -15.0000 2759.7969   10.1323
    7.5000  -22.5000  -15.0000 2726.5503   10.2190
   -7.5000  -15.0000  -15.0000 2790.3586    9.7430
    0.0000  -15.0000  -15.0000 2814.9492    9.7399
    7.5000  -15.0000  -15.0000 2777.9878    9.8473
   -7.5000   -7.5000  -15.0000 2827.7146    9.5843
    0.0000   -7.5000  -15.0000 2854.1606    9.6079
    7.5000   -7.5000  -15.0000 2813.7742    9.7160
   -7.5000    0.0000  -15.0000 2830.0396    9.7455
    0.0000    0.0000  -15.0000 2860.8979    9.7344
    7.5000    0.0000  -15.0000 2818.0034    9.8364
   -7.5000    7.5000  -15.0000 2806.8835   10.1693
    0.0000    7.5000  -15.0000 2831.3291   10.1382
    7.5000    7.5000  -15.0000 2797.4348   10.2391
   -7.5000   15.0000  -15.0000 2743.2295   10.7320
    0.0000   15.0000  -15.0000 2760.8203   10.7005
    7.5000   15.0000  -15.0000 2733.1523   10.8227
   -7.5000   22.5000  -15.0000 2647.5906   11.5071
    0.0000   22.5000  -15.0000 2665.2048   11.4597
    7.5000   22.5000  -15.0000 2636.9243   11.6180
   -7.5000   30.0000  -15.0000 2523.7727   12.5813
    0.0000   30.0000  -15.0000 2541.0659   12.5320
    7.5000   30.0000  -15.0000 2510.9285   12.6879
   -7.5000   37.5000  -15.0000 2384.3611   13.9859
    0.0000   37.5000  -15.0000 2397.9004   13.9532
    7.5000   37.5000  -15.0000 2368.0227   14.1080
   -7.5000   45.0000  -15.0000 2229.5376   15.7491
    0.0000   45.0000  -15.0000 2234.5798   15.7494
    7.5000   45.0000  -15.0000 2215.1130   15.8974
   -7.5000  -45.0000   -7.5000 2440.9978   12.5944
    0.0000  -45.0000   -7.5000 2456.4221   12.4762
    7.5000  -45.0000   -7.5000 2440.1208   12.6865
   -7.5000  -37.5000   -7.5000 2560.1953   11.4452
    0.0000  -37.5000   -7.5000 2577.4558   11.3206
    7.5000  -37.5000   -7.5000 2560.2576   11.4985
   -7.5000  -30.0000   -7.5000 2672.8513   10.5041
    0.0000  -30.0000   -7.5000 2694.6616   10.4230
    7.5000  -30.0000   -7.5000 2672.0063   10.5604
   -7.5000  -22.5000   -7.5000 2777.2822    9.8096
    0.0000  -22.5000   -7.5000 2805.3660    9.7582
    7.5000  -22.5000   -7.5000 2779.7981    9.8828
   -7.5000  -15.0000   -7.5000 2846.6418    9.3841
    0.0000  -15.0000   -7.5000 2877.5322    9.3236
    7.5000  -15.0000   -7.5000 2840.9961    9.4660
   -7.5000   -7.5000   -7.5000 2895.6213    9.1688
    0.0000   -7.5000   -7.5000 2927.9312    9.0932
    7.5000   -7.5000   -7.5000 2883.3770    9.3060
   -7.5000    0.0000   -7.5000 2905.3596    9.2806
    0.0000    0.0000   -7.5000 2938.4482    9.1848
    7.5000    0.0000   -7.5000 2894.9182    9.3984
   -7.5000    7.5000   -7.5000 2874.9946    9.7227
    0.0000    7.5000   -7.5000 2901.7683    9.6320
    7.5000    7.5000   -7.5000 2866.0955    9.8173
   -7.5000   15.0000   -7.5000 2805.4255   10.3117
    0.0000   15.0000   -7.5000 2822.6775   10.2173
    7.5000   15.0000   -7.5000 2796.0503   10.4204
   -7.5000   22.5000   -7.5000 2700.0166   11.1030
    0.0000   22.5000   -7.5000 2719.0190   10.9935
    7.5000   22.5000   -7.5000 2688.2434   11.2150
   -7.5000   30.0000   -7.5000 2570.5061   12.1719
    0.0000   30.0000   -7.5000 2586.6248   12.0780
    7.5000   30.0000   -7.5000 2558.3167   12.2882
   -7.5000   37.5000   -7.5000 2422.1118   13.5547
    0.0000   37.5000   -7.5000 2437.9968   13.4893
    7.5000   37.5000   -7.5000 2410.1482   13.6831
   -7.5000   45.0000   -7.5000 2259.8193   15.2480
    0.0000   45.0000   -7.5000 2268.9009   15.2186
    7.5000   45.0000   -7.5000 2250.3159   15.4178
   -7.5000  -45.0000    0.0000 2444.7056   12.4543
    0.0000  -45.0000    0.0000 2456.6504   12.2493
    7.5000  -45.0000    0.0000 2447.4302   12.4820
   -7.5000  -37.5000    0.0000 2564.0002   11.2665
    0.0000  -37.5000    0.0000 2579.7839   11.0819
    7.5000  -37.5000    0.0000 2566.5569   11.2913
   -7.5000  -30.0000    0.0000 2684.2090   10.3231
    0.0000  -30.0000    0.0000 2703.6262   10.1803
    7.5000  -30.0000    0.0000 2685.2246   10.3672
   -7.5000  -22.5000    0.0000 2792.5764    9.6462
    0.0000  -22.5000    0.0000 2820.4768    9.5054
    7.5000  -22.5000    0.0000 2795.2698    9.6868
   -7.5000  -15.0000    0.0000 2880.8203    9.2510
    0.0000  -15.0000    0.0000 2918.1978    9.1042
    7.5000  -15.0000    0.0000 2882.1426    9.2530
   -7.5000   -7.5000    0.0000 2947.2769    8.9941
    0.0000   -7.5000    0.0000 2984.4602    8.8098
    7.5000   -7.5000    0.0000 2936.0442    9.0735
   -7.5000    0.0000    0.0000 2966.4578    9.0517
    0.0000    0.0000    0.0000 2997.6580    8.8593
    7.5000    0.0000    0.0000 2953.4478    9.1737
   -7.5000    7.5000    0.0000 2920.8384    9.5276
    0.0000    7.5000    0.0000 2950.2983    9.3508
    7.5000    7.5000    0.0000 2909.0251    9.6159
   -7.5000   15.0000    0.0000 2834.4482   10.1098
    0.0000   15.0000    0.0000 2855.8181    9.9879
    7.5000   15.0000    0.0000 2823.0000   10.1962
   -7.5000   22.5000    0.0000 2724.3108   10.8998
    0.0000   22.5000    0.0000 2743.1692   10.7849
    7.5000   22.5000    0.0000 2712.4146   10.9609
   -7.5000   30.0000    0.0000 2585.5063   11.9682
    0.0000   30.0000    0.0000 2602.7209   11.8774
    7.5000   30.0000    0.0000 2577.0061   12.0197
   -7.5000   37.5000    0.0000 2435.6599   13.3213
    0.0000   37.5000    0.0000 2451.9270   13.2677
    7.5000   37.5000    0.0000 2428.4719   13.3900
   -7.5000   45.0000    0.0000 2274.9163   14.9695
    0.0000   45.0000    0.0000 2286.0298   14.9532
    7.5000   45.0000    0.0000 2265.3760   15.1059
   -7.5000  -45.0000    7.5000 2434.4150   12.4842
    0.0000  -45.0000    7.5000 2454.7053   12.2149
    7.5000  -45.0000    7.5000 2438.9065   12.4657
   -7.5000  -37.5000    7.5000 2557.1465   11.2556
    0.0000  -37.5000    7.5000 2576.8984   10.9939
    7.5000  -37.5000    7.5000 2560.0449   11.2405
   -7.5000  -30.0000    7.5000 2680.0374   10.2956
    0.0000  -30.0000    7.5000 2697.4246   10.0740
    7.5000  -30.0000    7.5000 2679.4492   10.2999
   -7.5000  -22.5000    7.5000 2793.3208    9.6119
    0.0000  -22.5000    7.5000 2819.5222    9.3876
    7.5000  -22.5000    7.5000 2793.5305    9.6211
   -7.5000  -15.0000    7.5000 2891.3066    9.2342
    0.0000  -15.0000    7.5000 2927.0950    9.0092
    7.5000  -15.0000    7.5000 2891.6643    9.2172
   -7.5000   -7.5000    7.5000 2969.7295    9.0709
    0.0000   -7.5000    7.5000 3009.5251    8.8456
    7.5000   -7.5000    7.5000 2957.7769    9.0892
   -7.5000    0.0000    7.5000 2992.7383    9.1088
    0.0000    0.0000    7.5000 3035.4116    8.9097
    7.5000    0.0000    7.5000 2975.8315    9.1467
   -7.5000    7.5000    7.5000 2940.0625    9.4690
    0.0000    7.5000    7.5000 2976.9326    9.3329
    7.5000    7.5000    7.5000 2922.2017    9.5041
   -7.5000   15.0000    7.5000 2838.2083   10.0559
    0.0000   15.0000    7.5000 2864.6914    9.9432
    7.5000   15.0000    7.5000 2830.0615   10.0788
   -7.5000   22.5000    7.5000 2721.4307   10.8597
    0.0000   22.5000    7.5000 2738.8359   10.7414
    7.5000   22.5000    7.5000 2715.2266   10.8873
   -7.5000   30.0000    7.5000 2579.6780   11.9197
    0.0000   30.0000    7.5000 2597.6326   11.8246
    7.5000   30.0000    7.5000 2574.2539   11.9588
   -7.5000   37.5000    7.5000 2435.2297   13.2561
    0.0000   37.5000    7.5000 2448.6423   13.2126
    7.5000   37.5000    7.5000 2425.1252   13.3318
   -7.5000   45.0000    7.5000 2270.6370   14.9360
    0.0000   45.0000    7.5000 2282.0747   14.9424
    7.5000   45.0000    7.5000 2262.8586   15.0754
   -7.5000  -45.0000   15.0000 2414.3115   12.6275
    0.0000  -45.0000   15.0000 2442.2224   12.3258
    7.5000  -45.0000   15.0000 2421.6963   12.5642
   -7.5000  -37.5000   15.0000 2535.8379   11.4029
    0.0000  -37.5000   15.0000 2560.4260   11.1380
    7.5000  -37.5000   15.0000 2541.6243   11.3600
   -7.5000  -30.0000   15.0000 2659.3574   10.4778
    0.0000  -30.0000   15.0000 2680.5615   10.2350
    7.5000  -30.0000   15.0000 2654.7874   10.4433
   -7.5000  -22.5000   15.0000 2767.4446    9.8096
    0.0000  -22.5000   15.0000 2791.8762    9.5904
    7.5000  -22.5000   15.0000 2766.2310    9.7983
   -7.5000  -15.0000   15.0000 2863.5613    9.4359
    0.0000  -15.0000   15.0000 2896.4875    9.2486
    7.5000  -15.0000   15.0000 2858.8135    9.4462
   -7.5000   -7.5000   15.0000 2939.2202    9.2214
    0.0000   -7.5000   15.0000 2973.9480    9.0314
    7.5000   -7.5000   15.0000 2929.6633    9.2428
   -7.5000    0.0000   15.0000 2953.8677    9.2825
    0.0000    0.0000   15.0000 2996.3457    9.1511
    7.5000    0.0000   15.0000 2945.7874    9.2758
   -7.5000    7.5000   15.0000 2904.0640    9.6540
    0.0000    7.5000   15.0000 2946.1746    9.5487
    7.5000    7.5000   15.0000 2891.2998    9.6626
   -7.5000   15.0000   15.0000 2806.4829   10.2490
    0.0000   15.0000   15.0000 2840.3718   10.1715
    7.5000   15.0000   15.0000 2797.7429   10.2599
   -7.5000   22.5000   15.0000 2691.0798   11.0434
    0.0000   22.5000   15.0000 2709.7339   10.9659
    7.5000   22.5000   15.0000 2683.8987   11.0623
   -7.5000   30.0000   15.0000 2557.1782   12.0599
    0.0000   30.0000   15.0000 2569.7354   11.9899
    7.5000   30.0000   15.0000 2552.2593   12.1095
   -7.5000   37.5000   15.0000 2409.1155   13.3397
    0.0000   37.5000   15.0000 2424.0447   13.3179
    7.5000   37.5000   15.0000 2402.8279   13.4383
   -7.5000   45.0000   15.0000 2245.3918   14.9868
    0.0000   45.0000   15.0000 2261.2537   14.9748
    7.5000   45.0000   15.0000 2243.4968   15.1252
   -7.5000  -45.0000   22.5000 2389.7581   12.9600
    0.0000  -45.0000   22.5000 2420.1523   12.6992
    7.5000  -45.0000   22.5000 2396.8486   12.8761
   -7.5000  -37.5000   22.5000 2506.9412   11.7264
    0.0000  -37.5000   22.5000 2531.6179   11.5008
    7.5000  -37.5000   22.5000 2508.3103   11.6894
   -7.5000  -30.0000   22.5000 2618.4890   10.8293
    0.0000  -30.0000   22.5000 2644.1052   10.6396
    7.5000  -30.0000   22.5000 2613.8010   10.8035
   -7.5000  -22.5000   22.5000 2723.0977   10.1969
    0.0000  -22.5000   22.5000 2751.7383   10.0351
    7.5000  -22.5000   22.5000 2725.3142   10.1743
   -7.5000  -15.0000   22.5000 2809.0481    9.7788
    0.0000  -15.0000   22.5000 2842.3696    9.5859
    7.5000  -15.0000   22.5000 2810.3040    9.7876
   -7.5000   -7.5000   22.5000 2872.0615    9.5349
    0.0000   -7.5000   22.5000 2901.1616    9.3827
    7.5000   -7.5000   22.5000 2872.5664    9.5528
   -7.5000    0.0000   22.5000 2883.3662    9.6171
    0.0000    0.0000   22.5000 2910.1550    9.5000
    7.5000    0.0000   22.5000 2878.7507    9.6321
   -7.5000    7.5000   22.5000 2832.5190    9.9914
    0.0000    7.5000   22.5000 2863.9287    9.8592
    7.5000    7.5000   22.5000 2828.8796   10.0065
   -7.5000   15.0000   22.5000 2750.6340   10.5514
    0.0000   15.0000   22.5000 2785.2214   10.4604
    7.5000   15.0000   22.5000 2745.7468   10.5748
   -7.5000   22.5000   22.5000 2636.7415   11.3576
    0.0000   22.5000   22.5000 2661.0007   11.2911
    7.5000   22.5000   22.5000 2632.7273   11.3865
   -7.5000   30.0000   22.5000 2509.9443   12.3548
    0.0000   30.0000   22.5000 2528.3984   12.2892
    7.5000   30.0000   22.5000 2505.4402   12.4100
   -7.5000   37.5000   22.5000 2369.3059   13.6336
    0.0000   37.5000   22.5000 2386.3193   13.6076
    7.5000   37.5000   22.5000 2362.9258   13.7117
   -7.5000   45.0000   22.5000 2209.2273   15.2763
    0.0000   45.0000   22.5000 2225.4355   15.2661
    7.5000   45.0000   22.5000 2207.0396   15.3662
   -7.5000  -45.0000   30.0000 2351.5881   13.4819
    0.0000  -45.0000   30.0000 2379.4004   13.2808
    7.5000  -45.0000   30.0000 2356.5217   13.4332
   -7.5000  -37.5000   30.0000 2466.8076   12.2589
    0.0000  -37.5000   30.0000 2491.0850   12.1039
    7.5000  -37.5000   30.0000 2467.1089   12.2264
   -7.5000  -30.0000   30.0000 2565.2563   11.3592
    0.0000  -30.0000   30.0000 2598.4739   11.2188
    7.5000  -30.0000   30.0000 2568.0645   11.3218
   -7.5000  -22.5000   30.0000 2668.1721   10.6927
    0.0000  -22.5000   30.0000 2699.7068   10.5645
    7.5000  -22.5000   30.0000 2672.8127   10.6791
   -7.5000  -15.0000   30.0000 2742.5720   10.2681
    0.0000  -15.0000   30.0000 2771.8188   10.1224
    7.5000  -15.0000   30.0000 2739.6814   10.2647
   -7.5000   -7.5000   30.0000 2788.8667   10.0536
    0.0000   -7.5000   30.0000 2811.6343    9.9356
    7.5000   -7.5000   30.0000 2786.0212   10.0473
   -7.5000    0.0000   30.0000 2788.9553   10.1210
    0.0000    0.0000   30.0000 2815.5105   10.0151
    7.5000    0.0000   30.0000 2787.8186   10.1203
   -7.5000    7.5000   30.0000 2742.6416   10.4679
    0.0000    7.5000   30.0000 2767.0095   10.3341
    7.5000    7.5000   30.0000 2740.9004   10.4829
   -7.5000   15.0000   30.0000 2671.1042   11.0212
    0.0000   15.0000   30.0000 2698.8611   10.9091
    7.5000   15.0000   30.0000 2664.1934   11.0594
   -7.5000   22.5000   30.0000 2567.4758   11.7843
    0.0000   22.5000   30.0000 2588.5344   11.6927
    7.5000   22.5000   30.0000 2562.3254   11.8345
   -7.5000   30.0000   30.0000 2448.4104   12.7860
    0.0000   30.0000   30.0000 2469.4536   12.7342
    7.5000   30.0000   30.0000 2449.1184   12.8450
   -7.5000   37.5000   30.0000 2312.2302   14.0964
    0.0000   37.5000   30.0000 2333.1658   14.0713
    7.5000   37.5000   30.0000 2314.1594   14.1387
   -7.5000   45.0000   30.0000 2156.9026   15.7109
    0.0000   45.0000   30.0000 2176.8887   15.6983
    7.5000   45.0000   30.0000 2155.8682   15.8032
   -7.5000  -45.0000   37.5000 2299.6160   14.2495
    0.0000  -45.0000   37.5000 2326.9839   14.0888
    7.5000  -45.0000   37.5000 2304.2698   14.2076
   -7.5000  -37.5000   37.5000 2412.3616   12.9758
    0.0000  -37.5000   37.5000 2440.3616   12.8647
    7.5000  -37.5000   37.5000 2414.0620   12.9718
   -7.5000  -30.0000   37.5000 2508.1211   12.0491
    0.0000  -30.0000   37.5000 2538.6104   11.9485
    7.5000  -30.0000   37.5000 2511.1931   12.0498
   -7.5000  -22.5000   37.5000 2600.1650   11.3940
    0.0000  -22.5000   37.5000 2631.9304   11.2838
    7.5000  -22.5000   37.5000 2602.7097   11.3881
   -7.5000  -15.0000   37.5000 2662.7373   10.9356
    0.0000  -15.0000   37.5000 2692.2271   10.8429
    7.5000  -15.0000   37.5000 2663.8533   10.9359
   -7.5000   -7.5000   37.5000 2698.0225   10.7366
    0.0000   -7.5000   37.5000 2724.3101   10.6434
    7.5000   -7.5000   37.5000 2697.4204   10.7351
   -7.5000    0.0000   37.5000 2685.9587   10.7856
    0.0000    0.0000   37.5000 2715.0579   10.7235
    7.5000    0.0000   37.5000 2685.6970   10.7903
   -7.5000    7.5000   37.5000 2648.8115   11.0923
    0.0000    7.5000   37.5000 2670.7908   10.9837
    7.5000    7.5000   37.5000 2645.7292   11.0854
   -7.5000   15.0000   37.5000 2582.6450   11.6356
    0.0000   15.0000   37.5000 2606.8735   11.5439
    7.5000   15.0000   37.5000 2574.4846   11.6530
   -7.5000   22.5000   37.5000 2488.7791   12.3772
    0.0000   22.5000   37.5000 2510.3167   12.2815
    7.5000   22.5000   37.5000 2480.6008   12.4130
   -7.5000   30.0000   37.5000 2377.2180   13.3558
    0.0000   30.0000   37.5000 2398.4395   13.3178
    7.5000   30.0000   37.5000 2374.0361   13.4284
   -7.5000   37.5000   37.5000 2248.0679   14.6908
    0.0000   37.5000   37.5000 2269.4099   14.6840
    7.5000   37.5000   37.5000 2245.8762   14.7594
   -7.5000   45.0000   37.5000 2103.4297   16.4120
    0.0000   45.0000   37.5000 2119.1406   16.3654
    7.5000   45.0000   37.5000 2102.3904   16.4564
   -7.5000  -45.0000   45.0000 2239.9661   15.2278
    0.0000  -45.0000   45.0000 2267.6648   15.0915
    7.5000  -45.0000   45.0000 2244.4290   15.2106
   -7.5000  -37.5000   45.0000 2347.7043   13.9326
    0.0000  -37.5000   45.0000 2377.5305   13.8255
    7.5000  -37.5000   45.0000 2349.4053   13.9284
   -7.5000  -30.0000   45.0000 2436.0171   12.9673
    0.0000  -30.0000   45.0000 2465.0037   12.8890
    7.5000  -30.0000   45.0000 2440.1165   12.9766
   -7.5000  -22.5000   45.0000 2521.5044   12.2846
    0.0000  -22.5000   45.0000 2549.0403   12.1911
    7.5000  -22.5000   45.0000 2524.4380   12.2810
   -7.5000  -15.0000   45.0000 2574.7761   11.7907
    0.0000  -15.0000   45.0000 2598.2581   11.7344
    7.5000  -15.0000   45.0000 2577.8274   11.7778
   -7.5000   -7.5000   45.0000 2598.7839   11.5863
    0.0000   -7.5000   45.0000 2620.9016   11.4919
    7.5000   -7.5000   45.0000 2600.0244   11.5771
   -7.5000    0.0000   45.0000 2581.1152   11.6325
    0.0000    0.0000   45.0000 2602.5657   11.5591
    7.5000    0.0000   45.0000 2577.8943   11.6195
   -7.5000    7.5000   45.0000 2546.6689   11.8975
    0.0000    7.5000   45.0000 2564.3984   11.8034
    7.5000    7.5000   45.0000 2545.3074   11.8788
   -7.5000   15.0000   45.0000 2482.0505   12.4357
    0.0000   15.0000   45.0000 2506.5591   12.3496
    7.5000   15.0000   45.0000 2484.1694   12.4373
   -7.5000   22.5000   45.0000 2404.0891   13.1462
    0.0000   22.5000   45.0000 2426.0227   13.0624
    7.5000   22.5000   45.0000 2400.6377   13.1677
   -7.5000   30.0000   45.0000 2299.6736   14.1573
    0.0000   30.0000   45.0000 2316.9624   14.0701
    7.5000   30.0000   45.0000 2296.9641   14.1888
   -7.5000   37.5000   45.0000 2176.7939   15.5064
    0.0000   37.5000   45.0000 2189.6128   15.4771
    7.5000   37.5000   45.0000 2176.6335   15.5779
   -7.5000   45.0000   45.0000 2039.1842   17.2508
    0.0000   45.0000   45.0000 2049.8987   17.1754
    7.5000   45.0000   45.0000 2035.8086   17.2883

---------------------------------------------------------------------
imgreg_4dfp /opt/freesurfer/average/711-2C_as_mni_average_305 /opt/freesurfer/average/711-2B_as_mni_average_305_mask talsrcimg_g11 none talsrcimg_to_711-2C_as_mni_average_305_t4 1283
---------------------------------------------------------------------

freesurfer imgreg_4dfp.c
/opt/freesurfer/average/711-2C_as_mni_average_305.4dfp.img
       256       256       256         1
  1.000000  1.000000  1.000000
orientation T byte_order littleendian
Reading image: /opt/freesurfer/average/711-2C_as_mni_average_305.4dfp.img
dimensions:      256       256       256
mmppix:       1.0000   -1.0000   -1.0000
center:     128.0000 -129.0000 -129.0000
/opt/freesurfer/average/711-2B_as_mni_average_305_mask.4dfp.img
       256       256       256         1
  1.000000  1.000000  1.000000
orientation T byte_order littleendian
Reading mask: /opt/freesurfer/average/711-2B_as_mni_average_305_mask.4dfp.img (2306576 pixels)
talsrcimg_g11.4dfp.img
       256       256       256         1
  1.000000  1.000000  1.000000
orientation T byte_order littleendian
Reading image: talsrcimg_g11.4dfp.img
dimensions:      256       256       256
mmppix:       1.0000   -1.0000   -1.0000
center:     128.0000 -129.0000 -129.0000
rotation matrix determinant  1.000000
fimgreg.f
image alignment mode   1283 decimal      503 hex
parameters
    0.0000    0.0000    7.5000    0.0000    0.0000    0.0000
eta,q 0.95151  8.86510
niter,ni,del,rscale     5    3   12.0000    1.2000
parameter  2  0.569212 ->  0.500000 qaram    1.1500
parameters
   -1.1145   -3.4500    7.4032   -1.1074    0.9929    0.1975
eta,q 0.95431  8.73582
  0.0572  0.0493  0.0558  0.0505  0.0536  0.0518
  0.0546  0.0470  0.0514  0.0476  0.0510  0.0492
  0.0518  0.0479  0.0480  0.0462  0.0483  0.0470
  0.0500  0.0504  0.0467  0.0467  0.0463  0.0457
  0.0532  0.0524  0.0479  0.0485  0.0457  0.0460
  0.0599  0.0560  0.0516  0.0508  0.0475  0.0482
  0.0652  0.0615  0.0567  0.0540  0.0508  0.0516
niter,ni,del,rscale     5    3   12.0000    1.2000
parameters
   -1.4090   -2.1887    7.3270   -2.8337    0.8491    0.0940
eta,q 0.95478  8.77679
  0.0557  0.0629  0.0557  0.0486  0.0519  0.0508
  0.0518  0.0547  0.0513  0.0464  0.0488  0.0483
  0.0482  0.0490  0.0474  0.0452  0.0464  0.0462
  0.0457  0.0459  0.0461  0.0460  0.0452  0.0452
  0.0473  0.0473  0.0477  0.0484  0.0462  0.0463
  0.0528  0.0503  0.0513  0.0507  0.0489  0.0485
  0.0587  0.0532  0.0564  0.0530  0.0529  0.0512
niter,ni,del,rscale     4    3   12.0000    1.2000
parameters
   -1.2685   -1.3444    6.8833   -4.3570    0.5052   -0.0474
eta,q 0.95570  8.82202
  0.0571  0.0592  0.0536  0.0481  0.0512  0.0494
  0.0527  0.0529  0.0496  0.0456  0.0475  0.0476
  0.0488  0.0477  0.0463  0.0442  0.0452  0.0457
  0.0452  0.0451  0.0454  0.0453  0.0443  0.0442
  0.0457  0.0468  0.0471  0.0472  0.0458  0.0448
  0.0509  0.0493  0.0510  0.0497  0.0487  0.0472
  0.0576  0.0537  0.0568  0.0516  0.0528  0.0508
niter,ni,del,rscale     3    3   12.0000    1.2000
parameters
   -1.1170   -0.5116    6.5690   -5.5139    0.4218   -0.1751
eta,q 0.95702  8.86259
  0.0574  0.0579  0.0533  0.0480  0.0514  0.0486
  0.0526  0.0526  0.0486  0.0452  0.0472  0.0467
  0.0483  0.0477  0.0450  0.0431  0.0441  0.0444
  0.0443  0.0441  0.0438  0.0438  0.0429  0.0429
  0.0447  0.0449  0.0457  0.0466  0.0444  0.0436
  0.0507  0.0482  0.0498  0.0488  0.0475  0.0462
  0.0578  0.0535  0.0557  0.0508  0.0519  0.0500
niter,ni,del,rscale     2    3   12.0000    1.2000
parameters
   -1.1296    0.0550    6.4158   -6.1037    0.4611   -0.1633
eta,q 0.95756  8.88074
  0.0569  0.0571  0.0537  0.0488  0.0513  0.0486
  0.0514  0.0524  0.0485  0.0459  0.0471  0.0463
  0.0468  0.0473  0.0443  0.0430  0.0437  0.0439
  0.0430  0.0430  0.0427  0.0427  0.0425  0.0424
  0.0441  0.0440  0.0447  0.0455  0.0437  0.0431
  0.0510  0.0484  0.0491  0.0483  0.0467  0.0455
  0.0582  0.0546  0.0549  0.0502  0.0513  0.0494
niter,ni,del,rscale     1    3   12.0000    1.2000
parameters
   -1.1807    0.3286    6.3576   -6.3741    0.5130   -0.1185
eta,q 0.95772  8.88593
  0.0566  0.0564  0.0542  0.0496  0.0512  0.0487
  0.0506  0.0521  0.0486  0.0464  0.0470  0.0462
  0.0461  0.0465  0.0442  0.0434  0.0436  0.0437
  0.0424  0.0425  0.0424  0.0424  0.0423  0.0423
  0.0437  0.0440  0.0445  0.0448  0.0435  0.0429
  0.0509  0.0492  0.0489  0.0480  0.0465  0.0453
  0.0580  0.0560  0.0546  0.0499  0.0511  0.0492
registration optimization eta report
parameter search radius
    6.0000    6.9000    6.0000    6.0000    6.0000    6.0000
100000*second partial in parameter space
       40.       27.       32.       19.       24.       18.
  0.0566  0.0564  0.0542  0.0496  0.0512  0.0487
  0.0506  0.0521  0.0486  0.0464  0.0470  0.0462
  0.0461  0.0465  0.0442  0.0434  0.0436  0.0437
  0.0424  0.0425  0.0424  0.0424  0.0423  0.0423
  0.0437  0.0440  0.0445  0.0448  0.0435  0.0429
  0.0509  0.0492  0.0489  0.0480  0.0465  0.0453
  0.0580  0.0560  0.0546  0.0499  0.0511  0.0492
   -1.1807    0.3286    6.3576   -6.3741    0.5130   -0.1185
eta,q 0.95772  8.88593

---------------------------------------------------------------------
imgreg_4dfp /opt/freesurfer/average/711-2C_as_mni_average_305 /opt/freesurfer/average/711-2B_as_mni_average_305_mask talsrcimg_g11 none talsrcimg_to_711-2C_as_mni_average_305_t4 3335
---------------------------------------------------------------------

freesurfer imgreg_4dfp.c
/opt/freesurfer/average/711-2C_as_mni_average_305.4dfp.img
       256       256       256         1
  1.000000  1.000000  1.000000
orientation T byte_order littleendian
Reading image: /opt/freesurfer/average/711-2C_as_mni_average_305.4dfp.img
dimensions:      256       256       256
mmppix:       1.0000   -1.0000   -1.0000
center:     128.0000 -129.0000 -129.0000
/opt/freesurfer/average/711-2B_as_mni_average_305_mask.4dfp.img
       256       256       256         1
  1.000000  1.000000  1.000000
orientation T byte_order littleendian
Reading mask: /opt/freesurfer/average/711-2B_as_mni_average_305_mask.4dfp.img (2306576 pixels)
talsrcimg_g11.4dfp.img
       256       256       256         1
  1.000000  1.000000  1.000000
orientation T byte_order littleendian
Reading image: talsrcimg_g11.4dfp.img
dimensions:      256       256       256
mmppix:       1.0000   -1.0000   -1.0000
center:     128.0000 -129.0000 -129.0000
fimgreg.f
image alignment mode   3335 decimal      D07 hex
parameters
   -1.1807    0.3286    6.3576   -0.0042   -0.6186   -0.6222
    0.3049   -0.8669   -0.2068   11.1037    0.8954  -11.1015
eta,q 0.95641  8.83581
niter,ni,del,rscale     5    3    5.0000    1.2000
parameter  4  5.018181 ->  0.500000 qaram    1.1500
parameter  5  3.532229 ->  0.500000 qaram    1.1500
parameter  6  0.707869 ->  0.500000 qaram    1.1500
parameters
   -0.9952    0.8137    6.0747   -4.1442   -4.7586   -4.7622
   -1.4813    0.5515    1.1234   10.0366    0.5257   -9.7538
eta,q 0.97231  8.51764
  0.0458  0.0458  0.0450  0.0320  0.0268  0.0282  0.0296  0.0351  0.0305  0.0302  0.0291  0.0299
  0.0446  0.0448  0.0440  0.0351  0.0295  0.0282  0.0286  0.0321  0.0292  0.0286  0.0283  0.0288
  0.0438  0.0441  0.0435  0.0391  0.0327  0.0287  0.0281  0.0295  0.0283  0.0278  0.0279  0.0281
  0.0436  0.0436  0.0435  0.0434  0.0361  0.0304  0.0283  0.0281  0.0279  0.0278  0.0277  0.0277
  0.0438  0.0435  0.0438  0.0477  0.0399  0.0338  0.0291  0.0280  0.0279  0.0285  0.0280  0.0277
  0.0442  0.0438  0.0447  0.0522  0.0441  0.0395  0.0304  0.0291  0.0283  0.0299  0.0285  0.0281
  0.0451  0.0446  0.0459  0.0572  0.0486  0.0443  0.0320  0.0314  0.0291  0.0323  0.0293  0.0287
niter,ni,del,rscale     7    3    5.0000    1.2000
parameter  4  0.996439 ->  0.500000 qaram    1.3225
parameter  5  1.045670 ->  0.500000 qaram    1.3225
parameters
   -0.7654    0.4463    5.5468   -8.9052   -9.5196   -6.1439
   -1.0850    0.6080    1.7949   10.1819    0.6385   -9.8894
eta,q 0.97982  8.30126
  0.0316  0.0291  0.0286  0.0235  0.0199  0.0221  0.0239  0.0247  0.0232  0.0239  0.0212  0.0216
  0.0297  0.0282  0.0279  0.0234  0.0199  0.0212  0.0221  0.0223  0.0218  0.0221  0.0207  0.0208
  0.0284  0.0277  0.0276  0.0248  0.0211  0.0205  0.0208  0.0208  0.0207  0.0209  0.0203  0.0203
  0.0277  0.0276  0.0276  0.0275  0.0236  0.0201  0.0202  0.0202  0.0202  0.0202  0.0202  0.0202
  0.0278  0.0280  0.0281  0.0315  0.0266  0.0202  0.0205  0.0206  0.0204  0.0204  0.0203  0.0204
  0.0287  0.0290  0.0289  0.0359  0.0300  0.0217  0.0215  0.0221  0.0211  0.0218  0.0206  0.0209
  0.0305  0.0305  0.0302  0.0407  0.0342  0.0263  0.0232  0.0247  0.0223  0.0238  0.0212  0.0217
niter,ni,del,rscale     7    3    5.0000    1.2000
parameters
   -0.5663    0.5184    6.3394  -11.2180  -11.9396   -5.0853
   -0.9668    0.5770    1.9209   10.2982    0.4578   -9.9261
eta,q 0.98047  8.20029
  0.0247  0.0234  0.0225  0.0231  0.0228  0.0226  0.0225  0.0235  0.0218  0.0229  0.0205  0.0209
  0.0224  0.0217  0.0215  0.0214  0.0208  0.0213  0.0210  0.0214  0.0206  0.0211  0.0200  0.0201
  0.0209  0.0205  0.0207  0.0201  0.0197  0.0204  0.0200  0.0201  0.0198  0.0200  0.0196  0.0197
  0.0202  0.0201  0.0202  0.0199  0.0199  0.0197  0.0195  0.0195  0.0195  0.0195  0.0195  0.0195
  0.0204  0.0205  0.0199  0.0216  0.0217  0.0195  0.0198  0.0200  0.0198  0.0198  0.0197  0.0197
  0.0215  0.0215  0.0201  0.0251  0.0247  0.0200  0.0208  0.0213  0.0205  0.0208  0.0200  0.0202
  0.0234  0.0230  0.0207  0.0297  0.0282  0.0218  0.0224  0.0237  0.0216  0.0228  0.0206  0.0209
niter,ni,del,rscale     6    3    5.0000    1.2000
parameters
   -0.5421    0.5619    6.8272  -11.2842  -12.4964   -5.1060
   -1.0082    0.5411    1.8895   10.1031    0.2344   -9.7709
eta,q 0.98052  8.17091
  0.0231  0.0224  0.0217  0.0242  0.0241  0.0223  0.0223  0.0235  0.0216  0.0226  0.0205  0.0210
  0.0212  0.0208  0.0207  0.0223  0.0219  0.0211  0.0208  0.0214  0.0204  0.0208  0.0199  0.0201
  0.0200  0.0199  0.0200  0.0206  0.0201  0.0200  0.0198  0.0200  0.0197  0.0198  0.0196  0.0196
  0.0195  0.0195  0.0195  0.0194  0.0194  0.0195  0.0195  0.0195  0.0195  0.0195  0.0195  0.0195
  0.0199  0.0198  0.0195  0.0196  0.0201  0.0196  0.0198  0.0199  0.0197  0.0199  0.0196  0.0196
  0.0211  0.0207  0.0198  0.0215  0.0225  0.0205  0.0208  0.0213  0.0204  0.0210  0.0200  0.0201
  0.0230  0.0222  0.0205  0.0253  0.0256  0.0229  0.0224  0.0236  0.0216  0.0230  0.0206  0.0208
niter,ni,del,rscale     5    3    5.0000    1.2000
parameters
   -0.5190    0.6034    6.9491  -11.2372  -12.6043   -5.0969
   -1.0299    0.5471    1.8486   10.0318    0.1422   -9.7544
eta,q 0.98054  8.16721
  0.0231  0.0223  0.0213  0.0242  0.0244  0.0223  0.0223  0.0235  0.0215  0.0227  0.0206  0.0209
  0.0212  0.0208  0.0204  0.0223  0.0222  0.0211  0.0208  0.0214  0.0204  0.0209  0.0199  0.0201
  0.0199  0.0198  0.0198  0.0207  0.0203  0.0200  0.0198  0.0200  0.0197  0.0198  0.0196  0.0196
  0.0195  0.0195  0.0195  0.0195  0.0195  0.0195  0.0195  0.0195  0.0195  0.0195  0.0195  0.0195
  0.0198  0.0197  0.0196  0.0196  0.0199  0.0196  0.0198  0.0199  0.0197  0.0198  0.0196  0.0196
  0.0210  0.0206  0.0201  0.0214  0.0220  0.0206  0.0207  0.0213  0.0204  0.0209  0.0200  0.0201
  0.0230  0.0221  0.0210  0.0251  0.0251  0.0228  0.0224  0.0236  0.0216  0.0228  0.0206  0.0208
niter,ni,del,rscale     4    3    5.0000    1.2000
parameters
   -0.5116    0.6161    6.9784  -11.2321  -12.6262   -5.1028
   -1.0251    0.5532    1.8352   10.0140    0.1137   -9.7592
eta,q 0.98055  8.16603
  0.0230  0.0222  0.0212  0.0242  0.0245  0.0223  0.0223  0.0235  0.0215  0.0227  0.0206  0.0209
  0.0211  0.0207  0.0203  0.0223  0.0223  0.0211  0.0208  0.0214  0.0204  0.0209  0.0200  0.0201
  0.0199  0.0198  0.0197  0.0206  0.0204  0.0200  0.0198  0.0200  0.0197  0.0198  0.0196  0.0196
  0.0195  0.0195  0.0195  0.0195  0.0195  0.0195  0.0195  0.0195  0.0195  0.0195  0.0195  0.0195
  0.0198  0.0197  0.0196  0.0196  0.0199  0.0196  0.0198  0.0199  0.0197  0.0198  0.0196  0.0196
  0.0211  0.0207  0.0202  0.0214  0.0219  0.0206  0.0207  0.0213  0.0204  0.0209  0.0200  0.0201
  0.0230  0.0222  0.0211  0.0252  0.0250  0.0228  0.0223  0.0236  0.0216  0.0228  0.0206  0.0208
niter,ni,del,rscale     3    3    5.0000    1.2000
parameters
   -0.5088    0.6185    6.9831  -11.2324  -12.6307   -5.1011
   -1.0254    0.5577    1.8315   10.0142    0.1126   -9.7606
eta,q 0.98055  8.16585
  0.0230  0.0222  0.0211  0.0242  0.0245  0.0223  0.0223  0.0235  0.0215  0.0227  0.0206  0.0209
  0.0211  0.0207  0.0203  0.0223  0.0223  0.0211  0.0208  0.0214  0.0204  0.0209  0.0200  0.0201
  0.0199  0.0198  0.0197  0.0206  0.0204  0.0200  0.0198  0.0200  0.0197  0.0198  0.0196  0.0196
  0.0195  0.0195  0.0195  0.0195  0.0195  0.0195  0.0195  0.0195  0.0195  0.0195  0.0195  0.0195
  0.0198  0.0198  0.0196  0.0196  0.0199  0.0196  0.0198  0.0199  0.0197  0.0198  0.0196  0.0196
  0.0211  0.0207  0.0202  0.0214  0.0218  0.0206  0.0207  0.0213  0.0204  0.0209  0.0200  0.0201
  0.0230  0.0222  0.0212  0.0252  0.0250  0.0228  0.0223  0.0236  0.0216  0.0228  0.0206  0.0208
registration optimization eta report
parameter search radius
    2.4000    2.4000    2.4000    9.5220    9.5220    8.2800
    7.2000    7.2000    7.2000    7.2000    7.2000    7.2000
100000*second partial in parameter space
       62.       48.       29.        6.        6.        4.
        5.        8.        4.        6.        2.        3.
  0.0230  0.0222  0.0211  0.0242  0.0245  0.0223  0.0223  0.0235  0.0215  0.0227  0.0206  0.0209
  0.0211  0.0207  0.0203  0.0223  0.0223  0.0211  0.0208  0.0214  0.0204  0.0209  0.0200  0.0201
  0.0199  0.0198  0.0197  0.0206  0.0204  0.0200  0.0198  0.0200  0.0197  0.0198  0.0196  0.0196
  0.0195  0.0195  0.0195  0.0195  0.0195  0.0195  0.0195  0.0195  0.0195  0.0195  0.0195  0.0195
  0.0198  0.0198  0.0196  0.0196  0.0199  0.0196  0.0198  0.0199  0.0197  0.0198  0.0196  0.0196
  0.0211  0.0207  0.0202  0.0214  0.0218  0.0206  0.0207  0.0213  0.0204  0.0209  0.0200  0.0201
  0.0230  0.0222  0.0212  0.0252  0.0250  0.0228  0.0223  0.0236  0.0216  0.0228  0.0206  0.0208
   -0.5088    0.6185    6.9831  -11.2324  -12.6307   -5.1011
   -1.0254    0.5577    1.8315   10.0142    0.1126   -9.7606
eta,q 0.98055  8.16585

---------------------------------------------------------------------
imgreg_4dfp /opt/freesurfer/average/711-2C_as_mni_average_305 /opt/freesurfer/average/711-2B_as_mni_average_305_mask talsrcimg_g11 none talsrcimg_to_711-2C_as_mni_average_305_t4 2311
---------------------------------------------------------------------

freesurfer imgreg_4dfp.c
/opt/freesurfer/average/711-2C_as_mni_average_305.4dfp.img
       256       256       256         1
  1.000000  1.000000  1.000000
orientation T byte_order littleendian
Reading image: /opt/freesurfer/average/711-2C_as_mni_average_305.4dfp.img
dimensions:      256       256       256
mmppix:       1.0000   -1.0000   -1.0000
center:     128.0000 -129.0000 -129.0000
/opt/freesurfer/average/711-2B_as_mni_average_305_mask.4dfp.img
       256       256       256         1
  1.000000  1.000000  1.000000
orientation T byte_order littleendian
Reading mask: /opt/freesurfer/average/711-2B_as_mni_average_305_mask.4dfp.img (2306576 pixels)
talsrcimg_g11.4dfp.img
       256       256       256         1
  1.000000  1.000000  1.000000
orientation T byte_order littleendian
Reading image: talsrcimg_g11.4dfp.img
dimensions:      256       256       256
mmppix:       1.0000   -1.0000   -1.0000
center:     128.0000 -129.0000 -129.0000
fimgreg.f
image alignment mode   2311 decimal      907 hex
parameters
   -0.5088    0.6185    6.9831  -11.2324  -12.6307   -5.1011
   -1.0254    0.5577    1.8315   10.0142    0.1126   -9.7606
eta,q 0.98055  8.16585
niter,ni,del,rscale     5    3    5.0000    0.8000
parameters
   -0.4920    0.6293    7.0239  -10.1034  -12.2814   -4.4192
   -1.0073    0.6429    1.7881   10.1932    0.0269   -9.7854
eta,q 0.98071  8.23399
  0.0211  0.0207  0.0203  0.0215  0.0211  0.0206  0.0208  0.0213  0.0203  0.0209  0.0198  0.0200
  0.0202  0.0200  0.0198  0.0206  0.0202  0.0200  0.0200  0.0202  0.0198  0.0200  0.0195  0.0196
  0.0197  0.0196  0.0196  0.0200  0.0196  0.0195  0.0195  0.0196  0.0194  0.0195  0.0193  0.0194
  0.0195  0.0195  0.0195  0.0195  0.0193  0.0193  0.0193  0.0193  0.0193  0.0193  0.0193  0.0193
  0.0196  0.0196  0.0195  0.0193  0.0194  0.0194  0.0195  0.0195  0.0194  0.0194  0.0194  0.0194
  0.0202  0.0200  0.0198  0.0196  0.0198  0.0195  0.0199  0.0201  0.0198  0.0199  0.0196  0.0196
  0.0211  0.0207  0.0202  0.0203  0.0207  0.0201  0.0207  0.0212  0.0204  0.0207  0.0199  0.0199
niter,ni,del,rscale     4    3    5.0000    0.7000
parameters
   -0.5151    0.5650    6.7471  -10.0068  -12.1499   -4.1770
   -0.9560    0.7036    1.8150   10.4438    0.1828   -9.8648
eta,q 0.98073  8.25674
  0.0206  0.0202  0.0197  0.0206  0.0206  0.0201  0.0204  0.0208  0.0201  0.0205  0.0197  0.0198
  0.0199  0.0197  0.0194  0.0200  0.0199  0.0196  0.0198  0.0200  0.0196  0.0198  0.0195  0.0195
  0.0194  0.0194  0.0193  0.0195  0.0194  0.0193  0.0194  0.0195  0.0194  0.0194  0.0193  0.0193
  0.0193  0.0193  0.0193  0.0193  0.0193  0.0193  0.0193  0.0193  0.0193  0.0193  0.0193  0.0193
  0.0195  0.0194  0.0194  0.0194  0.0194  0.0193  0.0194  0.0194  0.0194  0.0193  0.0193  0.0193
  0.0199  0.0198  0.0197  0.0198  0.0197  0.0195  0.0198  0.0199  0.0196  0.0196  0.0194  0.0195
  0.0207  0.0204  0.0201  0.0206  0.0204  0.0200  0.0204  0.0208  0.0201  0.0203  0.0196  0.0198
niter,ni,del,rscale     3    3    5.0000    0.6000
parameters
   -0.5340    0.5134    6.6118   -9.8823  -12.0704   -3.9256
   -0.9495    0.7233    1.8327   10.6494    0.2559   -9.9097
eta,q 0.98075  8.27555
  0.0203  0.0199  0.0196  0.0203  0.0202  0.0199  0.0201  0.0204  0.0199  0.0202  0.0196  0.0196
  0.0197  0.0195  0.0194  0.0198  0.0197  0.0195  0.0196  0.0198  0.0195  0.0197  0.0194  0.0194
  0.0194  0.0193  0.0193  0.0194  0.0194  0.0193  0.0193  0.0194  0.0193  0.0194  0.0193  0.0193
  0.0193  0.0193  0.0193  0.0193  0.0193  0.0193  0.0193  0.0193  0.0193  0.0192  0.0192  0.0192
  0.0194  0.0194  0.0193  0.0193  0.0193  0.0193  0.0193  0.0194  0.0193  0.0193  0.0193  0.0193
  0.0198  0.0196  0.0195  0.0197  0.0196  0.0194  0.0196  0.0197  0.0195  0.0195  0.0194  0.0194
  0.0203  0.0201  0.0198  0.0203  0.0201  0.0197  0.0201  0.0204  0.0199  0.0200  0.0195  0.0196
niter,ni,del,rscale     2    3    5.0000    0.5000
parameters
   -0.5457    0.4709    6.4966   -9.7899  -12.0031   -3.7028
   -0.9521    0.7478    1.8540   10.8310    0.3145   -9.9653
eta,q 0.98078  8.29133
  0.0199  0.0197  0.0195  0.0200  0.0199  0.0196  0.0198  0.0201  0.0197  0.0199  0.0195  0.0195
  0.0196  0.0194  0.0193  0.0196  0.0195  0.0194  0.0195  0.0196  0.0194  0.0195  0.0193  0.0193
  0.0193  0.0193  0.0192  0.0194  0.0193  0.0193  0.0193  0.0193  0.0193  0.0193  0.0193  0.0192
  0.0192  0.0192  0.0192  0.0192  0.0192  0.0192  0.0192  0.0192  0.0192  0.0192  0.0192  0.0192
  0.0193  0.0193  0.0193  0.0193  0.0193  0.0192  0.0193  0.0193  0.0193  0.0193  0.0192  0.0193
  0.0196  0.0195  0.0194  0.0195  0.0195  0.0193  0.0195  0.0196  0.0194  0.0194  0.0193  0.0193
  0.0200  0.0198  0.0196  0.0200  0.0199  0.0196  0.0198  0.0200  0.0197  0.0198  0.0194  0.0195
niter,ni,del,rscale     1    3    5.0000    0.4000
parameters
   -0.5555    0.4343    6.3945   -9.7134  -11.9268   -3.4497
   -0.9587    0.7527    1.8580   11.0284    0.3432  -10.0461
eta,q 0.98081  8.30750
  0.0197  0.0195  0.0194  0.0198  0.0196  0.0195  0.0196  0.0197  0.0195  0.0196  0.0194  0.0194
  0.0194  0.0193  0.0193  0.0195  0.0194  0.0193  0.0194  0.0194  0.0193  0.0194  0.0193  0.0193
  0.0193  0.0193  0.0192  0.0193  0.0193  0.0193  0.0192  0.0193  0.0192  0.0193  0.0192  0.0192
  0.0192  0.0192  0.0192  0.0192  0.0192  0.0192  0.0192  0.0192  0.0192  0.0192  0.0192  0.0192
  0.0193  0.0193  0.0193  0.0193  0.0192  0.0192  0.0192  0.0193  0.0192  0.0192  0.0192  0.0192
  0.0194  0.0194  0.0193  0.0194  0.0194  0.0192  0.0194  0.0194  0.0193  0.0193  0.0193  0.0193
  0.0197  0.0196  0.0195  0.0197  0.0196  0.0194  0.0196  0.0198  0.0195  0.0195  0.0193  0.0194
registration optimization eta report
parameter search radius
    0.8000    0.8000    0.8000    2.4000    2.4000    2.4000
    2.4000    2.4000    2.4000    2.4000    2.4000    2.4000
100000*second partial in parameter space
       74.       51.       30.        9.        7.        4.
        7.        9.        5.        7.        3.        3.
  0.0197  0.0195  0.0194  0.0198  0.0196  0.0195  0.0196  0.0197  0.0195  0.0196  0.0194  0.0194
  0.0194  0.0193  0.0193  0.0195  0.0194  0.0193  0.0194  0.0194  0.0193  0.0194  0.0193  0.0193
  0.0193  0.0193  0.0192  0.0193  0.0193  0.0193  0.0192  0.0193  0.0192  0.0193  0.0192  0.0192
  0.0192  0.0192  0.0192  0.0192  0.0192  0.0192  0.0192  0.0192  0.0192  0.0192  0.0192  0.0192
  0.0193  0.0193  0.0193  0.0193  0.0192  0.0192  0.0192  0.0193  0.0192  0.0192  0.0192  0.0192
  0.0194  0.0194  0.0193  0.0194  0.0194  0.0192  0.0194  0.0194  0.0193  0.0193  0.0193  0.0193
  0.0197  0.0196  0.0195  0.0197  0.0196  0.0194  0.0196  0.0198  0.0195  0.0195  0.0193  0.0194
   -0.5555    0.4343    6.3945   -9.7134  -11.9268   -3.4497
   -0.9587    0.7527    1.8580   11.0284    0.3432  -10.0461
eta,q 0.98081  8.30750

---------------------------------------------------------------------
imgreg_4dfp /opt/freesurfer/average/711-2C_as_mni_average_305 /opt/freesurfer/average/711-2B_as_mni_average_305_mask talsrcimg_g11 none talsrcimg_to_711-2C_as_mni_average_305_t4 2311
---------------------------------------------------------------------

freesurfer imgreg_4dfp.c
/opt/freesurfer/average/711-2C_as_mni_average_305.4dfp.img
       256       256       256         1
  1.000000  1.000000  1.000000
orientation T byte_order littleendian
Reading image: /opt/freesurfer/average/711-2C_as_mni_average_305.4dfp.img
dimensions:      256       256       256
mmppix:       1.0000   -1.0000   -1.0000
center:     128.0000 -129.0000 -129.0000
/opt/freesurfer/average/711-2B_as_mni_average_305_mask.4dfp.img
       256       256       256         1
  1.000000  1.000000  1.000000
orientation T byte_order littleendian
Reading mask: /opt/freesurfer/average/711-2B_as_mni_average_305_mask.4dfp.img (2306576 pixels)
talsrcimg_g11.4dfp.img
       256       256       256         1
  1.000000  1.000000  1.000000
orientation T byte_order littleendian
Reading image: talsrcimg_g11.4dfp.img
dimensions:      256       256       256
mmppix:       1.0000   -1.0000   -1.0000
center:     128.0000 -129.0000 -129.0000
fimgreg.f
image alignment mode   2311 decimal      907 hex
parameters
   -0.5555    0.4343    6.3945   -9.7134  -11.9268   -3.4497
   -0.9587    0.7527    1.8580   11.0284    0.3432  -10.0461
eta,q 0.98081  8.30750
niter,ni,del,rscale     5    3    5.0000    0.8000
parameters
   -0.5577    0.4262    6.3213   -9.9923  -12.1226   -3.9636
   -0.9241    0.6663    1.9477   10.7463    0.4735   -9.9279
eta,q 0.98075  8.27598
  0.0210  0.0205  0.0199  0.0208  0.0207  0.0201  0.0207  0.0213  0.0204  0.0206  0.0198  0.0200
  0.0200  0.0198  0.0195  0.0200  0.0199  0.0197  0.0199  0.0202  0.0198  0.0199  0.0195  0.0196
  0.0194  0.0193  0.0193  0.0194  0.0194  0.0194  0.0194  0.0195  0.0194  0.0194  0.0193  0.0193
  0.0192  0.0192  0.0192  0.0192  0.0192  0.0192  0.0192  0.0193  0.0193  0.0193  0.0193  0.0193
  0.0194  0.0194  0.0193  0.0194  0.0194  0.0193  0.0194  0.0195  0.0194  0.0194  0.0193  0.0193
  0.0200  0.0198  0.0196  0.0201  0.0200  0.0199  0.0199  0.0202  0.0197  0.0200  0.0195  0.0195
  0.0210  0.0205  0.0201  0.0214  0.0212  0.0209  0.0207  0.0215  0.0203  0.0211  0.0198  0.0199
niter,ni,del,rscale     4    3    5.0000    0.7000
parameters
   -0.5536    0.4615    6.4978   -9.9333  -12.0960   -3.9435
   -0.9689    0.6755    1.9115   10.6726    0.3773   -9.8886
eta,q 0.98076  8.27509
  0.0206  0.0203  0.0200  0.0206  0.0205  0.0200  0.0204  0.0208  0.0201  0.0203  0.0196  0.0198
  0.0199  0.0197  0.0196  0.0200  0.0198  0.0196  0.0197  0.0200  0.0196  0.0197  0.0194  0.0195
  0.0194  0.0194  0.0194  0.0195  0.0194  0.0193  0.0194  0.0194  0.0193  0.0194  0.0193  0.0193
  0.0193  0.0193  0.0193  0.0192  0.0192  0.0192  0.0192  0.0192  0.0192  0.0192  0.0192  0.0192
  0.0194  0.0193  0.0193  0.0194  0.0193  0.0192  0.0194  0.0194  0.0193  0.0193  0.0193  0.0193
  0.0199  0.0197  0.0194  0.0198  0.0197  0.0195  0.0198  0.0199  0.0196  0.0197  0.0194  0.0195
  0.0206  0.0202  0.0197  0.0206  0.0205  0.0201  0.0204  0.0209  0.0201  0.0205  0.0197  0.0197
niter,ni,del,rscale     3    3    5.0000    0.6000
parameters
   -0.5509    0.4646    6.5010   -9.8490  -12.0379   -3.8463
   -0.9713    0.7080    1.8823   10.7414    0.3351   -9.9299
eta,q 0.98077  8.28299
  0.0203  0.0200  0.0197  0.0203  0.0202  0.0198  0.0201  0.0204  0.0199  0.0201  0.0195  0.0196
  0.0197  0.0196  0.0194  0.0198  0.0197  0.0195  0.0196  0.0198  0.0195  0.0196  0.0194  0.0194
  0.0194  0.0193  0.0193  0.0194  0.0194  0.0193  0.0193  0.0194  0.0193  0.0194  0.0193  0.0193
  0.0192  0.0192  0.0192  0.0192  0.0192  0.0192  0.0192  0.0192  0.0192  0.0192  0.0192  0.0192
  0.0193  0.0193  0.0193  0.0193  0.0193  0.0192  0.0193  0.0193  0.0193  0.0193  0.0193  0.0193
  0.0197  0.0196  0.0194  0.0197  0.0196  0.0194  0.0196  0.0197  0.0195  0.0196  0.0194  0.0194
  0.0203  0.0200  0.0197  0.0203  0.0202  0.0198  0.0201  0.0204  0.0199  0.0201  0.0196  0.0196
niter,ni,del,rscale     2    3    5.0000    0.5000
parameters
   -0.5520    0.4532    6.4530   -9.7841  -11.9902   -3.6691
   -0.9643    0.7367    1.8694   10.8708    0.3424   -9.9677
eta,q 0.98078  8.29413
  0.0200  0.0197  0.0195  0.0200  0.0199  0.0196  0.0198  0.0201  0.0197  0.0198  0.0194  0.0195
  0.0195  0.0195  0.0193  0.0196  0.0195  0.0194  0.0195  0.0196  0.0194  0.0195  0.0193  0.0193
  0.0193  0.0193  0.0193  0.0194  0.0193  0.0193  0.0193  0.0193  0.0193  0.0193  0.0192  0.0192
  0.0192  0.0192  0.0192  0.0192  0.0192  0.0192  0.0192  0.0192  0.0192  0.0192  0.0192  0.0192
  0.0193  0.0193  0.0193  0.0193  0.0193  0.0192  0.0193  0.0193  0.0193  0.0193  0.0192  0.0193
  0.0196  0.0195  0.0194  0.0195  0.0195  0.0193  0.0195  0.0196  0.0194  0.0194  0.0193  0.0193
  0.0200  0.0198  0.0196  0.0200  0.0199  0.0196  0.0198  0.0200  0.0197  0.0198  0.0194  0.0195
niter,ni,del,rscale     1    3    5.0000    0.4000
parameters
   -0.5545    0.4280    6.3805   -9.7187  -11.9247   -3.4448
   -0.9605    0.7523    1.8741   11.0311    0.3491  -10.0417
eta,q 0.98081  8.30786
  0.0197  0.0195  0.0194  0.0197  0.0196  0.0195  0.0196  0.0197  0.0195  0.0196  0.0193  0.0194
  0.0194  0.0194  0.0193  0.0195  0.0194  0.0193  0.0194  0.0195  0.0193  0.0194  0.0193  0.0193
  0.0193  0.0192  0.0192  0.0193  0.0193  0.0193  0.0192  0.0193  0.0192  0.0193  0.0192  0.0192
  0.0192  0.0192  0.0192  0.0192  0.0192  0.0192  0.0192  0.0192  0.0192  0.0192  0.0192  0.0192
  0.0193  0.0193  0.0193  0.0193  0.0192  0.0192  0.0192  0.0193  0.0192  0.0192  0.0192  0.0192
  0.0194  0.0194  0.0193  0.0194  0.0194  0.0192  0.0194  0.0194  0.0193  0.0193  0.0193  0.0193
  0.0197  0.0196  0.0194  0.0197  0.0196  0.0194  0.0196  0.0197  0.0195  0.0195  0.0193  0.0194
registration optimization eta report
parameter search radius
    0.8000    0.8000    0.8000    2.4000    2.4000    2.4000
    2.4000    2.4000    2.4000    2.4000    2.4000    2.4000
100000*second partial in parameter space
       73.       52.       30.        9.        7.        4.
        7.       10.        5.        7.        3.        3.
  0.0197  0.0195  0.0194  0.0197  0.0196  0.0195  0.0196  0.0197  0.0195  0.0196  0.0193  0.0194
  0.0194  0.0194  0.0193  0.0195  0.0194  0.0193  0.0194  0.0195  0.0193  0.0194  0.0193  0.0193
  0.0193  0.0192  0.0192  0.0193  0.0193  0.0193  0.0192  0.0193  0.0192  0.0193  0.0192  0.0192
  0.0192  0.0192  0.0192  0.0192  0.0192  0.0192  0.0192  0.0192  0.0192  0.0192  0.0192  0.0192
  0.0193  0.0193  0.0193  0.0193  0.0192  0.0192  0.0192  0.0193  0.0192  0.0192  0.0192  0.0192
  0.0194  0.0194  0.0193  0.0194  0.0194  0.0192  0.0194  0.0194  0.0193  0.0193  0.0193  0.0193
  0.0197  0.0196  0.0194  0.0197  0.0196  0.0194  0.0196  0.0197  0.0195  0.0195  0.0193  0.0194
   -0.5545    0.4280    6.3805   -9.7187  -11.9247   -3.4448
   -0.9605    0.7523    1.8741   11.0311    0.3491  -10.0417
eta,q 0.98081  8.30786

---------------------------------------------------------------------
compute_vox2vox talsrcimg talsrcimg_to_711-2C_as_mni_average_305_t4 /opt/freesurfer/average/711-2C_as_mni_average_305
---------------------------------------------------------------------

freesurfer compute_vox2vox.c
Reading: talsrcimg.4dfp.ifh
Reading: talsrcimg_to_711-2C_as_mni_average_305_t4
Reading: /opt/freesurfer/average/711-2C_as_mni_average_305.4dfp.ifh
Writing: talsrcimg_to_711-2C_as_mni_average_305_t4_vox2vox.txt

start time Thu Mar 12 14:14:48 CET 2026
end		time Thu Mar 12 14:16:16 CET 2026

mpr2mni305 success

avi2talxfm orig_nu.mgz /opt/freesurfer/average/mni305.cor.mgz talsrcimg_to_711-2C_as_mni_average_305_t4_vox2vox.txt transforms/talairach.auto.xfm
avi2talxfm done
mv -f /out/sourcedata/freesurfer/sub-v1s1x0050643_ses-1/mri/talsrcimg_to_711-2C_as_mni_average_305_t4_vox2vox.txt /out/sourcedata/freesurfer/sub-v1s1x0050643_ses-1/mri/transforms/talsrcimg_to_711-2C_as_mni_average_305_t4_vox2vox.txt
lta_convert --src orig_nu.mgz --trg /opt/freesurfer/average/mni305.cor.mgz --inxfm transforms/talairach.auto.xfm --outlta transforms/talairach.auto.xfm.lta --subject fsaverage
7.3.2

--src: orig_nu.mgz src image (geometry).
--trg: /opt/freesurfer/average/mni305.cor.mgz trg image (geometry).
--inmni: transforms/talairach.auto.xfm input MNI/XFM transform.
--outlta: transforms/talairach.auto.xfm.lta output LTA.
--s: fsaverage subject name
 LTA read, type : 1
 1.10746  -0.00988   0.01095  -0.29666;
-0.00637   1.02242   0.11650   6.27145;
-0.02277  -0.12784   1.12057  -27.86229;
 0.00000   0.00000   0.00000   1.00000;
setting subject to fsaverage
Writing  LTA to file transforms/talairach.auto.xfm.lta...
lta_convert successful.
 
 
Started at Thu Mar 12 14:14:47 CET 2026
Ended   at Thu Mar 12 14:16:17 CET 2026
talairach_avi done
