status file for recon-all
Thu Mar 12 15:46:36 CET 2026
#@# Tessellate lh Thu Mar 12 15:46:36 CET 2026
#@# Smooth1 lh Thu Mar 12 15:46:39 CET 2026
#@# Inflation1 lh Thu Mar 12 15:46:42 CET 2026
#@# QSphere lh Thu Mar 12 15:46:55 CET 2026
#@# Fix Topology lh Thu Mar 12 15:47:49 CET 2026
#@# Smooth2 lh Thu Mar 12 15:52:13 CET 2026
#@# Inflation2 lh Thu Mar 12 15:52:15 CET 2026
#@# Curv .H and .K lh Thu Mar 12 15:52:27 CET 2026
#@# Sphere lh Thu Mar 12 15:53:08 CET 2026
#@# Surf Reg lh Thu Mar 12 15:56:23 CET 2026
#@# Jacobian white lh Thu Mar 12 15:59:49 CET 2026
#@# AvgCurv lh Thu Mar 12 15:59:50 CET 2026
#@# Cortical Parc lh Thu Mar 12 15:59:50 CET 2026
#@# white curv lh Thu Mar 12 16:05:36 CET 2026
#@# white area lh Thu Mar 12 16:05:38 CET 2026
#@# pial curv lh Thu Mar 12 16:05:38 CET 2026
#@# pial area lh Thu Mar 12 16:05:40 CET 2026
#@# thickness lh Thu Mar 12 16:05:40 CET 2026
#@# area and vertex vol lh Thu Mar 12 16:06:01 CET 2026
#@# Curvature Stats lh Thu Mar 12 16:06:02 CET 2026
#@# Cortical Parc 2 lh Thu Mar 12 16:06:04 CET 2026
#@# Cortical Parc 3 lh Thu Mar 12 16:06:15 CET 2026
#@# WM/GM Contrast lh Thu Mar 12 16:06:23 CET 2026
recon-all -s sub-v1s1x0050652_ses-1 finished without error at Thu Mar 12 16:06:26 CET 2026



#New# invocation of recon-all 



status file for recon-all
Thu Mar 12 16:30:38 CET 2026
#@# white curv lh Thu Mar 12 16:30:38 CET 2026
#@# white area lh Thu Mar 12 16:30:38 CET 2026
#@# pial curv lh Thu Mar 12 16:30:38 CET 2026
#@# pial area lh Thu Mar 12 16:30:39 CET 2026
#@# thickness lh Thu Mar 12 16:30:39 CET 2026
#@# area and vertex vol lh Thu Mar 12 16:30:39 CET 2026
#@# Parcellation Stats lh Thu Mar 12 16:30:39 CET 2026
#@# Parcellation Stats 2 lh Thu Mar 12 16:30:56 CET 2026
#@# Parcellation Stats 3 lh Thu Mar 12 16:31:04 CET 2026
#@# BA_exvivo Labels lh Thu Mar 12 16:31:12 CET 2026
recon-all -s sub-v1s1x0050652_ses-1 finished without error at Thu Mar 12 16:33:20 CET 2026
