status file for recon-all
Thu Mar 12 16:31:04 CET 2026
#@# Tessellate rh Thu Mar 12 16:31:04 CET 2026
#@# Smooth1 rh Thu Mar 12 16:31:08 CET 2026
#@# Inflation1 rh Thu Mar 12 16:31:10 CET 2026
#@# QSphere rh Thu Mar 12 16:31:21 CET 2026
#@# Fix Topology rh Thu Mar 12 16:32:13 CET 2026
#@# Smooth2 rh Thu Mar 12 16:37:50 CET 2026
#@# Inflation2 rh Thu Mar 12 16:37:52 CET 2026
#@# Curv .H and .K rh Thu Mar 12 16:38:05 CET 2026
#@# Sphere rh Thu Mar 12 16:38:47 CET 2026
#@# Surf Reg rh Thu Mar 12 16:41:37 CET 2026
#@# Jacobian white rh Thu Mar 12 16:44:57 CET 2026
#@# AvgCurv rh Thu Mar 12 16:44:58 CET 2026
#@# Cortical Parc rh Thu Mar 12 16:44:59 CET 2026
#@# white curv rh Thu Mar 12 16:50:21 CET 2026
#@# white area rh Thu Mar 12 16:50:22 CET 2026
#@# pial curv rh Thu Mar 12 16:50:23 CET 2026
#@# pial area rh Thu Mar 12 16:50:25 CET 2026
#@# thickness rh Thu Mar 12 16:50:25 CET 2026
#@# area and vertex vol rh Thu Mar 12 16:50:51 CET 2026
#@# Curvature Stats rh Thu Mar 12 16:50:53 CET 2026
#@# Cortical Parc 2 rh Thu Mar 12 16:50:55 CET 2026
#@# Cortical Parc 3 rh Thu Mar 12 16:51:07 CET 2026
#@# WM/GM Contrast rh Thu Mar 12 16:51:17 CET 2026
recon-all -s sub-v1s1x0050661_ses-1 finished without error at Thu Mar 12 16:51:19 CET 2026



#New# invocation of recon-all 



status file for recon-all
Thu Mar 12 16:57:57 CET 2026
#@# white curv rh Thu Mar 12 16:57:57 CET 2026
#@# white area rh Thu Mar 12 16:57:57 CET 2026
#@# pial curv rh Thu Mar 12 16:57:57 CET 2026
#@# pial area rh Thu Mar 12 16:57:57 CET 2026
#@# thickness rh Thu Mar 12 16:57:57 CET 2026
#@# area and vertex vol rh Thu Mar 12 16:57:57 CET 2026
#@# Parcellation Stats rh Thu Mar 12 16:57:57 CET 2026
#@# Parcellation Stats 2 rh Thu Mar 12 16:58:13 CET 2026
#@# Parcellation Stats 3 rh Thu Mar 12 16:58:21 CET 2026
#@# BA_exvivo Labels rh Thu Mar 12 16:58:29 CET 2026
recon-all -s sub-v1s1x0050661_ses-1 finished without error at Thu Mar 12 17:00:51 CET 2026
