status file for recon-all
Thu Mar 12 14:31:16 CET 2026
#@# MotionCor Thu Mar 12 14:31:18 CET 2026
#@# Talairach Thu Mar 12 14:31:24 CET 2026
#@# Talairach Failure Detection Thu Mar 12 14:35:49 CET 2026
#@# Nu Intensity Correction Thu Mar 12 14:35:49 CET 2026
#@# Intensity Normalization Thu Mar 12 14:39:04 CET 2026
recon-all -s sub-v1s1x0050661_ses-1 finished without error at Thu Mar 12 14:40:26 CET 2026



#New# invocation of recon-all 



status file for recon-all
Thu Mar 12 14:45:59 CET 2026
#@# EM Registration Thu Mar 12 14:45:59 CET 2026
recon-all -s sub-v1s1x0050661_ses-1 finished without error at Thu Mar 12 14:47:54 CET 2026



#New# invocation of recon-all 



status file for recon-all
Thu Mar 12 14:47:58 CET 2026
#@# CA Normalize Thu Mar 12 14:47:58 CET 2026
#@# CA Reg Thu Mar 12 14:49:18 CET 2026
#@# SubCort Seg Thu Mar 12 15:31:17 CET 2026
#@# CC Seg Thu Mar 12 16:05:51 CET 2026
#@# Merge ASeg Thu Mar 12 16:06:28 CET 2026
#@# Intensity Normalization2 Thu Mar 12 16:06:28 CET 2026
#@# Mask BFS Thu Mar 12 16:08:36 CET 2026
#@# WM Segmentation Thu Mar 12 16:08:36 CET 2026
#@# Fill Thu Mar 12 16:10:42 CET 2026
recon-all -s sub-v1s1x0050661_ses-1 finished without error at Thu Mar 12 16:11:43 CET 2026



#New# invocation of recon-all 



status file for recon-all
Thu Mar 12 16:51:23 CET 2026
#@# white curv lh Thu Mar 12 16:51:23 CET 2026
#@# white area lh Thu Mar 12 16:51:23 CET 2026
#@# pial curv lh Thu Mar 12 16:51:23 CET 2026
#@# pial area lh Thu Mar 12 16:51:23 CET 2026
#@# thickness lh Thu Mar 12 16:51:23 CET 2026
#@# area and vertex vol lh Thu Mar 12 16:51:23 CET 2026
#@# white curv rh Thu Mar 12 16:51:23 CET 2026
#@# white area rh Thu Mar 12 16:51:23 CET 2026
#@# pial curv rh Thu Mar 12 16:51:23 CET 2026
#@# pial area rh Thu Mar 12 16:51:23 CET 2026
#@# thickness rh Thu Mar 12 16:51:23 CET 2026
#@# area and vertex vol rh Thu Mar 12 16:51:23 CET 2026
#@# Cortical ribbon mask Thu Mar 12 16:51:23 CET 2026
recon-all -s sub-v1s1x0050661_ses-1 finished without error at Thu Mar 12 16:55:02 CET 2026



#New# invocation of recon-all 



status file for recon-all
Thu Mar 12 17:00:55 CET 2026
#@# white curv lh Thu Mar 12 17:00:55 CET 2026
#@# white area lh Thu Mar 12 17:00:55 CET 2026
#@# pial curv lh Thu Mar 12 17:00:55 CET 2026
#@# pial area lh Thu Mar 12 17:00:55 CET 2026
#@# thickness lh Thu Mar 12 17:00:55 CET 2026
#@# area and vertex vol lh Thu Mar 12 17:00:55 CET 2026
#@# white curv rh Thu Mar 12 17:00:55 CET 2026
#@# white area rh Thu Mar 12 17:00:55 CET 2026
#@# pial curv rh Thu Mar 12 17:00:55 CET 2026
#@# pial area rh Thu Mar 12 17:00:55 CET 2026
#@# thickness rh Thu Mar 12 17:00:55 CET 2026
#@# area and vertex vol rh Thu Mar 12 17:00:55 CET 2026
#@# Curvature Stats lh Thu Mar 12 17:00:55 CET 2026
#@# Curvature Stats rh Thu Mar 12 17:00:58 CET 2026
#@# Relabel Hypointensities Thu Mar 12 17:01:00 CET 2026
#@# APas-to-ASeg Thu Mar 12 17:01:14 CET 2026
#@# AParc-to-ASeg aparc Thu Mar 12 17:01:22 CET 2026
#@# AParc-to-ASeg aparc.a2009s Thu Mar 12 17:01:46 CET 2026
#@# AParc-to-ASeg aparc.DKTatlas Thu Mar 12 17:02:10 CET 2026
#@# WMParc Thu Mar 12 17:02:34 CET 2026
#@# ASeg Stats Thu Mar 12 17:06:19 CET 2026
recon-all -s sub-v1s1x0050661_ses-1 finished without error at Thu Mar 12 17:06:59 CET 2026
