status file for recon-all
Thu Mar 12 16:11:47 CET 2026
#@# Tessellate lh Thu Mar 12 16:11:47 CET 2026
#@# Smooth1 lh Thu Mar 12 16:11:50 CET 2026
#@# Inflation1 lh Thu Mar 12 16:11:52 CET 2026
#@# QSphere lh Thu Mar 12 16:12:04 CET 2026
#@# Fix Topology lh Thu Mar 12 16:12:58 CET 2026
#@# Smooth2 lh Thu Mar 12 16:18:37 CET 2026
#@# Inflation2 lh Thu Mar 12 16:18:39 CET 2026
#@# Curv .H and .K lh Thu Mar 12 16:18:51 CET 2026
#@# Sphere lh Thu Mar 12 16:19:33 CET 2026
#@# Surf Reg lh Thu Mar 12 16:21:16 CET 2026
#@# Jacobian white lh Thu Mar 12 16:24:31 CET 2026
#@# AvgCurv lh Thu Mar 12 16:24:31 CET 2026
#@# Cortical Parc lh Thu Mar 12 16:24:32 CET 2026
#@# white curv lh Thu Mar 12 16:30:03 CET 2026
#@# white area lh Thu Mar 12 16:30:05 CET 2026
#@# pial curv lh Thu Mar 12 16:30:06 CET 2026
#@# pial area lh Thu Mar 12 16:30:07 CET 2026
#@# thickness lh Thu Mar 12 16:30:08 CET 2026
#@# area and vertex vol lh Thu Mar 12 16:30:34 CET 2026
#@# Curvature Stats lh Thu Mar 12 16:30:35 CET 2026
#@# Cortical Parc 2 lh Thu Mar 12 16:30:37 CET 2026
#@# Cortical Parc 3 lh Thu Mar 12 16:30:49 CET 2026
#@# WM/GM Contrast lh Thu Mar 12 16:30:59 CET 2026
recon-all -s sub-v1s1x0050661_ses-1 finished without error at Thu Mar 12 16:31:01 CET 2026



#New# invocation of recon-all 



status file for recon-all
Thu Mar 12 16:55:07 CET 2026
#@# white curv lh Thu Mar 12 16:55:07 CET 2026
#@# white area lh Thu Mar 12 16:55:07 CET 2026
#@# pial curv lh Thu Mar 12 16:55:07 CET 2026
#@# pial area lh Thu Mar 12 16:55:07 CET 2026
#@# thickness lh Thu Mar 12 16:55:07 CET 2026
#@# area and vertex vol lh Thu Mar 12 16:55:07 CET 2026
#@# Parcellation Stats lh Thu Mar 12 16:55:07 CET 2026
#@# Parcellation Stats 2 lh Thu Mar 12 16:55:22 CET 2026
#@# Parcellation Stats 3 lh Thu Mar 12 16:55:30 CET 2026
#@# BA_exvivo Labels lh Thu Mar 12 16:55:38 CET 2026
recon-all -s sub-v1s1x0050661_ses-1 finished without error at Thu Mar 12 16:57:55 CET 2026
