/out/sourcedata/freesurfer/sub-v1s1x0050645_ses-1/mri
/opt/freesurfer/bin/talairach_avi
--i orig_nu.mgz --xfm transforms/talairach.auto.xfm
talairach_avi 7.3.2
Linux dna069 5.14.0-427.37.1.el9_4.x86_64 #1 SMP PREEMPT_DYNAMIC Fri Sep 13 12:41:50 EDT 2024 x86_64 x86_64 x86_64 GNU/Linux
Thu Mar 12 14:19:58 CET 2026
mri_convert orig_nu.mgz talsrcimg.img 
reading from orig_nu.mgz...
TR=0.00, TE=0.00, TI=0.00, flip angle=0.00
i_ras = (-1, 0, 0)
j_ras = (0, 0, -1)
k_ras = (0, 1, 0)
writing to talsrcimg.img...
Analyze Output Matrix
-1.00000   0.00000   0.00000   123.76271;
 0.00000   0.00000   1.00000  -140.00000;
 0.00000  -1.00000   0.00000   173.50000;
 0.00000   0.00000   0.00000   1.00000;
--------------------
INFO: set hdr.hist.orient to -1
mpr2mni305 talsrcimg
Thu Mar 12 14:19:59 CET 2026
/opt/freesurfer/bin/mpr2mni305 talsrcimg
mpr2mni305 7.3.2
target=711-2C_as_mni_average_305

---------------------------------------------------------------------
analyzeto4dfp talsrcimg -O0 -y
---------------------------------------------------------------------

freesurfer ifh2hdr.c
Thu Mar 12 14:19:59 2026
Writing: talsrcimg.4dfp.hdr
freesurfer analyzeto4dfp.c
Reading: talsrcimg.hdr
header size 348 bytes
hdr.dime.datatype	offset=70	value=2
hdr.dime.bitpix		offset=72	value=8
hdr.hist.orient		offset=252	value=-1
dimensionality     4
dimensions       256       256       256         1
Reading: talsrcimg.img
Writing: talsrcimg.4dfp.img
Writing: talsrcimg.4dfp.ifh
ifh2hdr talsrcimg -r0to254
ori=2

---------------------------------------------------------------------
gauss_4dfp talsrcimg 1.1
---------------------------------------------------------------------

freesurfer gauss_4dfp.c
Reading: talsrcimg.4dfp.img
Writing: talsrcimg_g11.4dfp.img
image dimensions 256 256 256 padded to 288 288 288
processing volume 1freesurfer ifh2hdr.c
Thu Mar 12 14:20:00 2026
Writing: talsrcimg_g11.4dfp.hdr

Writing: talsrcimg_g11.4dfp.ifh
including: talsrcimg.4dfp.img.rec in talsrcimg_g11.4dfp.img.rec

---------------------------------------------------------------------
imgreg_4dfp /opt/freesurfer/average/711-2C_as_mni_average_305 none talsrcimg_g11 none talsrcimg_to_711-2C_as_mni_average_305_t4 4355
---------------------------------------------------------------------

freesurfer imgreg_4dfp.c
/opt/freesurfer/average/711-2C_as_mni_average_305.4dfp.img
       256       256       256         1
  1.000000  1.000000  1.000000
orientation T byte_order littleendian
Reading image: /opt/freesurfer/average/711-2C_as_mni_average_305.4dfp.img
dimensions:      256       256       256
mmppix:       1.0000   -1.0000   -1.0000
center:     128.0000 -129.0000 -129.0000
talsrcimg_g11.4dfp.img
       256       256       256         1
  1.000000  1.000000  1.000000
orientation T byte_order littleendian
Reading image: talsrcimg_g11.4dfp.img
dimensions:      256       256       256
mmppix:       1.0000   -1.0000   -1.0000
center:     128.0000 -129.0000 -129.0000
t4_read: open error in t4_sub.f l:  41 t4_file(1:l)talsrcimg_to_711-2C_as_mni_average_305_t4 
t4_read: transform initialized to I4
rotation matrix determinant  1.000000
image alignment mode   4355 decimal     1103 hex
   -7.5000  -45.0000  -45.0000 8872.7607   12.4183
    0.0000  -45.0000  -45.0000 9290.8701   12.4093
    7.5000  -45.0000  -45.0000 8937.3145   12.4121
   -7.5000  -37.5000  -45.0000 9302.5869   12.4630
    0.0000  -37.5000  -45.0000 9756.7891   12.4547
    7.5000  -37.5000  -45.0000 9367.0127   12.4556
   -7.5000  -30.0000  -45.0000 9994.6680   12.5283
    0.0000  -30.0000  -45.000010461.1221   12.5222
    7.5000  -30.0000  -45.000010037.3027   12.5211
   -7.5000  -22.5000  -45.000010611.4473   12.5359
    0.0000  -22.5000  -45.000011095.2002   12.5325
    7.5000  -22.5000  -45.000010635.3291   12.5321
   -7.5000  -15.0000  -45.000011244.3477   12.4952
    0.0000  -15.0000  -45.000011749.5254   12.4923
    7.5000  -15.0000  -45.000011261.5010   12.4941
   -7.5000   -7.5000  -45.000011850.3672   12.4425
    0.0000   -7.5000  -45.000012376.3145   12.4363
    7.5000   -7.5000  -45.000011847.8965   12.4394
   -7.5000    0.0000  -45.000012432.5254   12.4183
    0.0000    0.0000  -45.000013016.6846   12.4093
    7.5000    0.0000  -45.000012460.1143   12.4121
   -7.5000    7.5000  -45.000011962.6660   12.4630
    0.0000    7.5000  -45.000012545.2832   12.4547
    7.5000    7.5000  -45.000012004.4951   12.4556
   -7.5000   15.0000  -45.000011263.7432   12.5283
    0.0000   15.0000  -45.000011812.5078   12.5222
    7.5000   15.0000  -45.000011333.2480   12.5211
   -7.5000   22.5000  -45.000010305.0420   12.5342
    0.0000   22.5000  -45.000010792.5625   12.5308
    7.5000   22.5000  -45.000010369.1064   12.5304
   -7.5000   30.0000  -45.0000 9291.0107   12.3287
    0.0000   30.0000  -45.0000 9708.9834   12.3258
    7.5000   30.0000  -45.0000 9316.3291   12.3276
   -7.5000   37.5000  -45.0000 8667.8135   12.2767
    0.0000   37.5000  -45.0000 9054.6182   12.2706
    7.5000   37.5000  -45.0000 8678.5498   12.2737
   -7.5000   45.0000  -45.0000 7835.4043   11.9417
    0.0000   45.0000  -45.0000 8182.2148   11.9331
    7.5000   45.0000  -45.0000 7830.0093   11.9358
   -7.5000  -45.0000  -37.5000 9404.6240   12.3797
    0.0000  -45.0000  -37.5000 9864.7070   12.3732
    7.5000  -45.0000  -37.5000 9485.7900   12.3768
   -7.5000  -37.5000  -37.5000 9881.2275   12.4277
    0.0000  -37.5000  -37.500010370.7490   12.4208
    7.5000  -37.5000  -37.5000 9954.4619   12.4225
   -7.5000  -30.0000  -37.500010607.0771   12.4969
    0.0000  -30.0000  -37.500011095.6533   12.4910
    7.5000  -30.0000  -37.500010663.5488   12.4895
   -7.5000  -22.5000  -37.500011265.7217   12.5049
    0.0000  -22.5000  -37.500011762.8291   12.5013
    7.5000  -22.5000  -37.500011302.1328   12.4988
   -7.5000  -15.0000  -37.500011909.2109   12.4611
    0.0000  -15.0000  -37.500012443.6572   12.4589
    7.5000  -15.0000  -37.500011928.6270   12.4586
   -7.5000   -7.5000  -37.500012569.8193   12.4047
    0.0000   -7.5000  -37.500013116.8213   12.4008
    7.5000   -7.5000  -37.500012554.4072   12.4033
   -7.5000    0.0000  -37.500013165.1484   12.3797
    0.0000    0.0000  -37.500013749.4463   12.3732
    7.5000    0.0000  -37.500013164.4678   12.3768
   -7.5000    7.5000  -37.500012626.2969   12.4277
    0.0000    7.5000  -37.500013196.7324   12.4208
    7.5000    7.5000  -37.500012630.1660   12.4225
   -7.5000   15.0000  -37.500011893.7188   12.4969
    0.0000   15.0000  -37.500012433.8770   12.4910
    7.5000   15.0000  -37.500011928.7627   12.4895
   -7.5000   22.5000  -37.500010858.9805   12.5032
    0.0000   22.5000  -37.500011358.6895   12.4995
    7.5000   22.5000  -37.500010923.3066   12.4971
   -7.5000   30.0000  -37.5000 9769.7402   12.2950
    0.0000   30.0000  -37.500010199.0596   12.2929
    7.5000   30.0000  -37.5000 9792.9346   12.2926
   -7.5000   37.5000  -37.5000 9100.2422   12.2394
    0.0000   37.5000  -37.5000 9498.6494   12.2355
    7.5000   37.5000  -37.5000 9113.2451   12.2380
   -7.5000   45.0000  -37.5000 8198.5449   11.9045
    0.0000   45.0000  -37.5000 8569.7891   11.8983
    7.5000   45.0000  -37.5000 8207.8994   11.9018
   -7.5000  -45.0000  -30.000010123.9209   12.8901
    0.0000  -45.0000  -30.000010599.5088   12.8867
    7.5000  -45.0000  -30.000010178.9424   12.8896
   -7.5000  -37.5000  -30.000010627.2432   12.9378
    0.0000  -37.5000  -30.000011129.0586   12.9324
    7.5000  -37.5000  -30.000010693.6943   12.9335
   -7.5000  -30.0000  -30.000011423.6748   13.0099
    0.0000  -30.0000  -30.000011928.5703   13.0060
    7.5000  -30.0000  -30.000011472.3320   13.0045
   -7.5000  -22.5000  -30.000012127.0312   13.0215
    0.0000  -22.5000  -30.000012646.8916   13.0220
    7.5000  -22.5000  -30.000012153.2422   13.0199
   -7.5000  -15.0000  -30.000012772.4756   12.9789
    0.0000  -15.0000  -30.000013342.6885   12.9825
    7.5000  -15.0000  -30.000012799.2500   12.9826
   -7.5000   -7.5000  -30.000013489.4219   12.9193
    0.0000   -7.5000  -30.000014081.8252   12.9206
    7.5000   -7.5000  -30.000013472.5254   12.9230
   -7.5000    0.0000  -30.000014144.0449   12.8901
    0.0000    0.0000  -30.000014753.1465   12.8867
    7.5000    0.0000  -30.000014109.8877   12.8896
   -7.5000    7.5000  -30.000013515.5381   12.9378
    0.0000    7.5000  -30.000014098.7090   12.9324
    7.5000    7.5000  -30.000013501.6436   12.9335
   -7.5000   15.0000  -30.000012677.0137   13.0099
    0.0000   15.0000  -30.000013227.6084   13.0060
    7.5000   15.0000  -30.000012726.0010   13.0045
   -7.5000   22.5000  -30.000011606.5957   13.0183
    0.0000   22.5000  -30.000012096.6133   13.0188
    7.5000   22.5000  -30.000011665.1504   13.0168
   -7.5000   30.0000  -30.000010452.5537   12.8072
    0.0000   30.0000  -30.000010878.2842   12.8108
    7.5000   30.0000  -30.000010466.3545   12.8109
   -7.5000   37.5000  -30.0000 9707.2061   12.7483
    0.0000   37.5000  -30.000010096.5576   12.7496
    7.5000   37.5000  -30.0000 9704.9785   12.7520
   -7.5000   45.0000  -30.0000 8710.7520   12.4045
    0.0000   45.0000  -30.0000 9101.2783   12.4012
    7.5000   45.0000  -30.0000 8731.8818   12.4040
   -7.5000  -45.0000  -22.500010821.5127   13.3237
    0.0000  -45.0000  -22.500011333.1318   13.3205
    7.5000  -45.0000  -22.500010868.1973   13.3214
   -7.5000  -37.5000  -22.500011358.3379   13.3677
    0.0000  -37.5000  -22.500011898.8105   13.3620
    7.5000  -37.5000  -22.500011407.8672   13.3613
   -7.5000  -30.0000  -22.500012199.8125   13.4384
    0.0000  -30.0000  -22.500012776.5254   13.4366
    7.5000  -30.0000  -22.500012233.5869   13.4354
   -7.5000  -22.5000  -22.500012923.7520   13.4527
    0.0000  -22.5000  -22.500013528.4639   13.4584
    7.5000  -22.5000  -22.500012940.0928   13.4590
   -7.5000  -15.0000  -22.500013593.8418   13.4143
    0.0000  -15.0000  -22.500014244.7344   13.4238
    7.5000  -15.0000  -22.500013605.9922   13.4271
   -7.5000   -7.5000  -22.500014345.6416   13.3557
    0.0000   -7.5000  -22.500015027.6572   13.3602
    7.5000   -7.5000  -22.500014333.4541   13.3632
   -7.5000    0.0000  -22.500015079.1348   13.3237
    0.0000    0.0000  -22.500015766.0527   13.3205
    7.5000    0.0000  -22.500015050.7676   13.3214
   -7.5000    7.5000  -22.500014388.6621   13.3677
    0.0000    7.5000  -22.500015037.0781   13.3620
    7.5000    7.5000  -22.500014374.4326   13.3613
   -7.5000   15.0000  -22.500013436.7324   13.4384
    0.0000   15.0000  -22.500014031.3008   13.4366
    7.5000   15.0000  -22.500013484.0693   13.4354
   -7.5000   22.5000  -22.500012339.0791   13.4486
    0.0000   22.5000  -22.500012842.8281   13.4543
    7.5000   22.5000  -22.500012356.6719   13.4549
   -7.5000   30.0000  -22.500011102.5078   13.2389
    0.0000   30.0000  -22.500011550.7236   13.2482
    7.5000   30.0000  -22.500011113.6045   13.2515
   -7.5000   37.5000  -22.500010296.1943   13.1810
    0.0000   37.5000  -22.500010695.6162   13.1854
    7.5000   37.5000  -22.500010275.9463   13.1884
   -7.5000   45.0000  -22.5000 9232.2822   12.8314
    0.0000   45.0000  -22.5000 9623.7061   12.8283
    7.5000   45.0000  -22.5000 9230.6426   12.8292
   -7.5000  -45.0000  -15.000011485.1162   13.6432
    0.0000  -45.0000  -15.000012050.6465   13.6368
    7.5000  -45.0000  -15.000011536.8096   13.6360
   -7.5000  -37.5000  -15.000012050.3086   13.6850
    0.0000  -37.5000  -15.000012669.6436   13.6773
    7.5000  -37.5000  -15.000012118.6611   13.6747
   -7.5000  -30.0000  -15.000012946.7705   13.7534
    0.0000  -30.0000  -15.000013600.4990   13.7512
    7.5000  -30.0000  -15.000012983.3467   13.7497
   -7.5000  -22.5000  -15.000013695.9219   13.7673
    0.0000  -22.5000  -15.000014354.6865   13.7735
    7.5000  -22.5000  -15.000013686.9932   13.7760
   -7.5000  -15.0000  -15.000014375.4434   13.7308
    0.0000  -15.0000  -15.000015093.9941   13.7400
    7.5000  -15.0000  -15.000014365.5850   13.7452
   -7.5000   -7.5000  -15.000015163.5000   13.6747
    0.0000   -7.5000  -15.000015921.8936   13.6767
    7.5000   -7.5000  -15.000015135.4434   13.6799
   -7.5000    0.0000  -15.000015976.5586   13.6432
    0.0000    0.0000  -15.000016753.7773   13.6368
    7.5000    0.0000  -15.000015929.4473   13.6360
   -7.5000    7.5000  -15.000015200.0928   13.6850
    0.0000    7.5000  -15.000015919.8115   13.6773
    7.5000    7.5000  -15.000015179.9697   13.6747
   -7.5000   15.0000  -15.000014158.4912   13.7534
    0.0000   15.0000  -15.000014812.6240   13.7512
    7.5000   15.0000  -15.000014180.6328   13.7497
   -7.5000   22.5000  -15.000012973.6006   13.7625
    0.0000   22.5000  -15.000013543.3496   13.7686
    7.5000   22.5000  -15.000012996.8291   13.7711
   -7.5000   30.0000  -15.000011710.8076   13.5531
    0.0000   30.0000  -15.000012228.7783   13.5621
    7.5000   30.0000  -15.000011725.9727   13.5673
   -7.5000   37.5000  -15.000010873.9590   13.4978
    0.0000   37.5000  -15.000011351.1484   13.4997
    7.5000   37.5000  -15.000010867.0898   13.5029
   -7.5000   45.0000  -15.0000 9748.7969   13.1470
    0.0000   45.0000  -15.000010179.1953   13.1408
    7.5000   45.0000  -15.0000 9746.5889   13.1400
   -7.5000  -45.0000   -7.500012134.3730   13.8125
    0.0000  -45.0000   -7.500012749.6270   13.8030
    7.5000  -45.0000   -7.500012194.9248   13.8034
   -7.5000  -37.5000   -7.500012695.6318   13.8570
    0.0000  -37.5000   -7.500013413.2041   13.8478
    7.5000  -37.5000   -7.500012812.4922   13.8462
   -7.5000  -30.0000   -7.500013650.4922   13.9258
    0.0000  -30.0000   -7.500014441.1729   13.9211
    7.5000  -30.0000   -7.500013752.9189   13.9198
   -7.5000  -22.5000   -7.500014455.5459   13.9364
    0.0000  -22.5000   -7.500015226.2451   13.9376
    7.5000  -22.5000   -7.500014464.7305   13.9395
   -7.5000  -15.0000   -7.500015155.6641   13.8967
    0.0000  -15.0000   -7.500015939.4160   13.8991
    7.5000  -15.0000   -7.500015119.8262   13.9036
   -7.5000   -7.5000   -7.500016014.6904   13.8411
    0.0000   -7.5000   -7.500016848.8828   13.8374
    7.5000   -7.5000   -7.500015965.8633   13.8407
   -7.5000    0.0000   -7.500016883.8438   13.8125
    0.0000    0.0000   -7.500017770.9258   13.8030
    7.5000    0.0000   -7.500016835.2207   13.8034
   -7.5000    7.5000   -7.500016066.9932   13.8570
    0.0000    7.5000   -7.500016905.6777   13.8478
    7.5000    7.5000   -7.500016026.7129   13.8462
   -7.5000   15.0000   -7.500014957.3037   13.9258
    0.0000   15.0000   -7.500015731.8477   13.9211
    7.5000   15.0000   -7.500014940.2402   13.9198
   -7.5000   22.5000   -7.500013694.9785   13.9300
    0.0000   22.5000   -7.500014392.4453   13.9312
    7.5000   22.5000   -7.500013691.5684   13.9331
   -7.5000   30.0000   -7.500012370.1133   13.7165
    0.0000   30.0000   -7.500013011.3535   13.7189
    7.5000   30.0000   -7.500012385.1465   13.7233
   -7.5000   37.5000   -7.500011487.2676   13.6616
    0.0000   37.5000   -7.500012087.8613   13.6580
    7.5000   37.5000   -7.500011509.7705   13.6612
   -7.5000   45.0000   -7.500010289.6748   13.3126
    0.0000   45.0000   -7.500010802.3135   13.3035
    7.5000   45.0000   -7.500010285.3281   13.3039
   -7.5000  -45.0000    0.000012653.4580   13.8518
    0.0000  -45.0000    0.000013322.1318   13.8419
    7.5000  -45.0000    0.000012716.5293   13.8450
   -7.5000  -37.5000    0.000013237.3389   13.9023
    0.0000  -37.5000    0.000014028.2656   13.8930
    7.5000  -37.5000    0.000013359.1543   13.8940
   -7.5000  -30.0000    0.000014252.3867   13.9753
    0.0000  -30.0000    0.000015219.6533   13.9684
    7.5000  -30.0000    0.000014426.6455   13.9673
   -7.5000  -22.5000    0.000015212.1133   13.9833
    0.0000  -22.5000    0.000016223.3672   13.9794
    7.5000  -22.5000    0.000015314.3145   13.9789
   -7.5000  -15.0000    0.000016050.5908   13.9372
    0.0000  -15.0000    0.000017015.2871   13.9339
    7.5000  -15.0000    0.000016004.2959   13.9360
   -7.5000   -7.5000    0.000016958.5820   13.8784
    0.0000   -7.5000    0.000017904.3359   13.8714
    7.5000   -7.5000    0.000016821.8906   13.8750
   -7.5000    0.0000    0.000017829.9277   13.8518
    0.0000    0.0000    0.000018848.1074   13.8419
    7.5000    0.0000    0.000017693.0371   13.8450
   -7.5000    7.5000    0.000016947.6426   13.9023
    0.0000    7.5000    0.000017968.6191   13.8930
    7.5000    7.5000    0.000016819.6504   13.8940
   -7.5000   15.0000    0.000015755.0000   13.9753
    0.0000   15.0000    0.000016709.9395   13.9684
    7.5000   15.0000    0.000015645.3447   13.9673
   -7.5000   22.5000    0.000014377.7012   13.9768
    0.0000   22.5000    0.000015226.9795   13.9729
    7.5000   22.5000    0.000014318.5449   13.9725
   -7.5000   30.0000    0.000012976.2705   13.7568
    0.0000   30.0000    0.000013704.6621   13.7536
    7.5000   30.0000    0.000012943.6006   13.7556
   -7.5000   37.5000    0.000012026.7539   13.6988
    0.0000   37.5000    0.000012701.9258   13.6919
    7.5000   37.5000    0.000012038.3418   13.6954
   -7.5000   45.0000    0.000010697.3818   13.3515
    0.0000   45.0000    0.000011289.6982   13.3420
    7.5000   45.0000    0.000010694.5928   13.3450
   -7.5000  -45.0000    7.500012220.0176   13.8526
    0.0000  -45.0000    7.500012851.5010   13.8454
    7.5000  -45.0000    7.500012247.0684   13.8494
   -7.5000  -37.5000    7.500012800.9082   13.9064
    0.0000  -37.5000    7.500013567.4443   13.8986
    7.5000  -37.5000    7.500012888.0938   13.9006
   -7.5000  -30.0000    7.500013801.5205   13.9838
    0.0000  -30.0000    7.500014889.5840   13.9772
    7.5000  -30.0000    7.500013967.2178   13.9755
   -7.5000  -22.5000    7.500014805.6904   13.9928
    0.0000  -22.5000    7.500016168.6670   13.9887
    7.5000  -22.5000    7.500015012.1191   13.9860
   -7.5000  -15.0000    7.500015708.6143   13.9438
    0.0000  -15.0000    7.500016975.7344   13.9414
    7.5000  -15.0000    7.500015770.3027   13.9410
   -7.5000   -7.5000    7.500016525.8516   13.8807
    0.0000   -7.5000    7.500017699.4961   13.8763
    7.5000   -7.5000    7.500016467.0547   13.8790
   -7.5000    0.0000    7.500017337.7480   13.8526
    0.0000    0.0000    7.500018481.1562   13.8454
    7.5000    0.0000    7.500017226.1719   13.8494
   -7.5000    7.5000    7.500016469.8320   13.9064
    0.0000    7.5000    7.500017514.2227   13.8986
    7.5000    7.5000    7.500016320.1484   13.9006
   -7.5000   15.0000    7.500015303.6309   13.9838
    0.0000   15.0000    7.500016212.4971   13.9772
    7.5000   15.0000    7.500015156.7939   13.9755
   -7.5000   22.5000    7.500013952.1035   13.9864
    0.0000   22.5000    7.500014726.7988   13.9823
    7.5000   22.5000    7.500013841.3486   13.9795
   -7.5000   30.0000    7.500012551.3613   13.7633
    0.0000   30.0000    7.500013224.5596   13.7610
    7.5000   30.0000    7.500012500.7559   13.7606
   -7.5000   37.5000    7.500011630.7334   13.7010
    0.0000   37.5000    7.500012244.3555   13.6967
    7.5000   37.5000    7.500011605.8428   13.6994
   -7.5000   45.0000    7.500010301.3271   13.3523
    0.0000   45.0000    7.500010863.4785   13.3454
    7.5000   45.0000    7.500010305.7988   13.3492
   -7.5000  -45.0000   15.000011664.6025   13.8419
    0.0000  -45.0000   15.000012294.8096   13.8382
    7.5000  -45.0000   15.000011683.7910   13.8413
   -7.5000  -37.5000   15.000012263.8105   13.8930
    0.0000  -37.5000   15.000013048.4893   13.8872
    7.5000  -37.5000   15.000012299.8867   13.8885
   -7.5000  -30.0000   15.000013234.1875   13.9705
    0.0000  -30.0000   15.000014286.7295   13.9663
    7.5000  -30.0000   15.000013339.1152   13.9647
   -7.5000  -22.5000   15.000014130.9609   13.9829
    0.0000  -22.5000   15.000015279.9648   13.9835
    7.5000  -22.5000   15.000014270.1504   13.9812
   -7.5000  -15.0000   15.000014923.5361   13.9372
    0.0000  -15.0000   15.000015862.1436   13.9411
    7.5000  -15.0000   15.000014892.1514   13.9412
   -7.5000   -7.5000   15.000015745.4277   13.8732
    0.0000   -7.5000   15.000016622.7129   13.8746
    7.5000   -7.5000   15.000015645.3438   13.8771
   -7.5000    0.0000   15.000016573.4805   13.8419
    0.0000    0.0000   15.000017478.7969   13.8382
    7.5000    0.0000   15.000016455.4082   13.8413
   -7.5000    7.5000   15.000015747.1553   13.8930
    0.0000    7.5000   15.000016569.7168   13.8872
    7.5000    7.5000   15.000015556.9199   13.8885
   -7.5000   15.0000   15.000014613.4912   13.9705
    0.0000   15.0000   15.000015346.6963   13.9663
    7.5000   15.0000   15.000014399.0410   13.9647
   -7.5000   22.5000   15.000013299.2139   13.9765
    0.0000   22.5000   15.000013969.5791   13.9770
    7.5000   22.5000   15.000013137.5840   13.9748
   -7.5000   30.0000   15.000011926.8320   13.7568
    0.0000   30.0000   15.000012557.6006   13.7607
    7.5000   30.0000   15.000011850.9033   13.7608
   -7.5000   37.5000   15.000011056.6348   13.6937
    0.0000   37.5000   15.000011627.4912   13.6950
    7.5000   37.5000   15.000011010.1084   13.6975
   -7.5000   45.0000   15.0000 9783.2871   13.3420
    0.0000   45.0000   15.000010280.5361   13.3384
    7.5000   45.0000   15.0000 9781.2012   13.3414
   -7.5000  -45.0000   22.500011025.3975   13.8317
    0.0000  -45.0000   22.500011592.6973   13.8283
    7.5000  -45.0000   22.500011007.8428   13.8293
   -7.5000  -37.5000   22.500011569.3232   13.8774
    0.0000  -37.5000   22.500012207.6514   13.8715
    7.5000  -37.5000   22.500011569.0332   13.8707
   -7.5000  -30.0000   22.500012430.1895   13.9508
    0.0000  -30.0000   22.500013210.9678   13.9488
    7.5000  -30.0000   22.500012503.2773   13.9476
   -7.5000  -22.5000   22.500013265.3174   13.9656
    0.0000  -22.5000   22.500014031.6416   13.9715
    7.5000  -22.5000   22.500013335.5049   13.9722
   -7.5000  -15.0000   22.500014001.9941   13.9257
    0.0000  -15.0000   22.500014614.5645   13.9356
    7.5000  -15.0000   22.500013903.2705   13.9390
   -7.5000   -7.5000   22.500014775.8271   13.8649
    0.0000   -7.5000   22.500015404.1562   13.8695
    7.5000   -7.5000   22.500014653.0400   13.8727
   -7.5000    0.0000   22.500015578.5625   13.8317
    0.0000    0.0000   22.500016285.9658   13.8283
    7.5000    0.0000   22.500015462.7266   13.8293
   -7.5000    7.5000   22.500014828.7012   13.8774
    0.0000    7.5000   22.500015488.7148   13.8715
    7.5000    7.5000   22.500014661.8232   13.8707
   -7.5000   15.0000   22.500013756.6924   13.9508
    0.0000   15.0000   22.500014365.1162   13.9488
    7.5000   15.0000   22.500013557.6357   13.9476
   -7.5000   22.5000   22.500012497.3789   13.9592
    0.0000   22.5000   22.500013081.2451   13.9651
    7.5000   22.5000   22.500012342.6309   13.9657
   -7.5000   30.0000   22.500011178.0801   13.7455
    0.0000   30.0000   22.500011743.3145   13.7553
    7.5000   30.0000   22.500011100.8506   13.7586
   -7.5000   37.5000   22.500010352.8740   13.6855
    0.0000   37.5000   22.500010860.1152   13.6900
    7.5000   37.5000   22.500010289.2480   13.6932
   -7.5000   45.0000   22.5000 9166.1035   13.3322
    0.0000   45.0000   22.5000 9612.8164   13.3289
    7.5000   45.0000   22.5000 9136.2061   13.3298
   -7.5000  -45.0000   30.000010240.6318   13.9714
    0.0000  -45.0000   30.000010726.2510   13.9648
    7.5000  -45.0000   30.000010238.0166   13.9638
   -7.5000  -37.5000   30.000010715.4355   14.0145
    0.0000  -37.5000   30.000011239.4424   14.0063
    7.5000  -37.5000   30.000010758.5615   14.0035
   -7.5000  -30.0000   30.000011510.2002   14.0851
    0.0000  -30.0000   30.000012112.5010   14.0826
    7.5000  -30.0000   30.000011620.9902   14.0811
   -7.5000  -22.5000   30.000012301.8613   14.0997
    0.0000  -22.5000   30.000012846.8379   14.1060
    7.5000  -22.5000   30.000012355.7031   14.1086
   -7.5000  -15.0000   30.000012998.9053   14.0622
    0.0000  -15.0000   30.000013488.9902   14.0717
    7.5000  -15.0000   30.000012934.3730   14.0770
   -7.5000   -7.5000   30.000013716.2939   14.0043
    0.0000   -7.5000   30.000014257.0557   14.0063
    7.5000   -7.5000   30.000013635.5459   14.0095
   -7.5000    0.0000   30.000014451.7607   13.9714
    0.0000    0.0000   30.000015057.8604   13.9648
    7.5000    0.0000   30.000014377.9092   13.9638
   -7.5000    7.5000   30.000013758.2529   14.0145
    0.0000    7.5000   30.000014338.0840   14.0063
    7.5000    7.5000   30.000013667.6553   14.0035
   -7.5000   15.0000   30.000012767.5127   14.0851
    0.0000   15.0000   30.000013308.3193   14.0826
    7.5000   15.0000   30.000012638.7354   14.0811
   -7.5000   22.5000   30.000011618.1523   14.0932
    0.0000   22.5000   30.000012133.1758   14.0995
    7.5000   22.5000   30.000011495.4170   14.1021
   -7.5000   30.0000   30.000010406.2666   13.8803
    0.0000   30.0000   30.000010896.8604   13.8896
    7.5000   30.0000   30.000010332.7725   13.8949
   -7.5000   37.5000   30.0000 9644.8223   13.8230
    0.0000   37.5000   30.000010068.6533   13.8251
    7.5000   37.5000   30.0000 9564.8594   13.8282
   -7.5000   45.0000   30.0000 8529.9014   13.4669
    0.0000   45.0000   30.0000 8919.3037   13.4604
    7.5000   45.0000   30.0000 8495.1396   13.4595
   -7.5000  -45.0000   37.5000 9764.0605   14.2031
    0.0000  -45.0000   37.500010222.3750   14.1932
    7.5000  -45.0000   37.5000 9831.3926   14.1938
   -7.5000  -37.5000   37.500010230.3193   14.2500
    0.0000  -37.5000   37.500010706.5518   14.2405
    7.5000  -37.5000   37.500010329.5234   14.2391
   -7.5000  -30.0000   37.500011018.7168   14.3226
    0.0000  -30.0000   37.500011543.2969   14.3178
    7.5000  -30.0000   37.500011148.5752   14.3168
   -7.5000  -22.5000   37.500011799.2656   14.3339
    0.0000  -22.5000   37.500012272.4844   14.3353
    7.5000  -22.5000   37.500011843.7617   14.3374
   -7.5000  -15.0000   37.500012463.5576   14.2920
    0.0000  -15.0000   37.500012909.6787   14.2945
    7.5000  -15.0000   37.500012421.5352   14.2993
   -7.5000   -7.5000   37.500013138.0859   14.2334
    0.0000   -7.5000   37.500013629.8145   14.2294
    7.5000   -7.5000   37.500013085.3740   14.2329
   -7.5000    0.0000   37.500013802.4062   14.2031
    0.0000    0.0000   37.500014353.6270   14.1932
    7.5000    0.0000   37.500013781.1240   14.1938
   -7.5000    7.5000   37.500013136.0762   14.2500
    0.0000    7.5000   37.500013671.0625   14.2405
    7.5000    7.5000   37.500013098.4629   14.2391
   -7.5000   15.0000   37.500012199.4062   14.3226
    0.0000   15.0000   37.500012718.2930   14.3178
    7.5000   15.0000   37.500012131.8799   14.3168
   -7.5000   22.5000   37.500011124.8721   14.3273
    0.0000   22.5000   37.500011620.1865   14.3287
    7.5000   22.5000   37.500011062.5566   14.3308
   -7.5000   30.0000   37.500010001.4609   14.1071
    0.0000   30.0000   37.500010438.7812   14.1095
    7.5000   30.0000   37.5000 9946.3154   14.1143
   -7.5000   37.5000   37.5000 9273.4922   14.0492
    0.0000   37.5000   37.5000 9682.6123   14.0453
    7.5000   37.5000   37.5000 9217.2783   14.0487
   -7.5000   45.0000   37.5000 8225.7568   13.6901
    0.0000   45.0000   37.5000 8601.4189   13.6806
    7.5000   45.0000   37.5000 8191.9243   13.6812
   -7.5000  -45.0000   45.0000 8905.7217   14.4431
    0.0000  -45.0000   45.0000 9330.1465   14.4325
    7.5000  -45.0000   45.0000 8996.6592   14.4358
   -7.5000  -37.5000   45.0000 9355.7090   14.4966
    0.0000  -37.5000   45.0000 9808.8271   14.4864
    7.5000  -37.5000   45.0000 9474.5781   14.4870
   -7.5000  -30.0000   45.000010106.6289   14.5778
    0.0000  -30.0000   45.000010583.7803   14.5697
    7.5000  -30.0000   45.000010220.2451   14.5674
   -7.5000  -22.5000   45.000010809.6875   14.5901
    0.0000  -22.5000   45.000011243.9385   14.5849
    7.5000  -22.5000   45.000010845.2334   14.5831
   -7.5000  -15.0000   45.000011383.9346   14.5417
    0.0000  -15.0000   45.000011810.9365   14.5374
    7.5000  -15.0000   45.000011370.6250   14.5385
   -7.5000   -7.5000   45.000011978.0488   14.4756
    0.0000   -7.5000   45.000012439.6846   14.4679
    7.5000   -7.5000   45.000011968.0195   14.4711
   -7.5000    0.0000   45.000012581.7109   14.4431
    0.0000    0.0000   45.000013076.9160   14.4325
    7.5000    0.0000   45.000012584.8516   14.4358
   -7.5000    7.5000   45.000011981.8379   14.4966
    0.0000    7.5000   45.000012484.3789   14.4864
    7.5000    7.5000   45.000011981.4658   14.4870
   -7.5000   15.0000   45.000011124.8740   14.5778
    0.0000   15.0000   45.000011622.1611   14.5697
    7.5000   15.0000   45.000011108.5273   14.5674
   -7.5000   22.5000   45.000010159.7588   14.5834
    0.0000   22.5000   45.000010631.6230   14.5782
    7.5000   22.5000   45.000010121.1504   14.5763
   -7.5000   30.0000   45.0000 9147.2109   14.3523
    0.0000   30.0000   45.0000 9556.0557   14.3480
    7.5000   30.0000   45.0000 9090.3223   14.3491
   -7.5000   37.5000   45.0000 8491.3428   14.2870
    0.0000   37.5000   45.0000 8878.0107   14.2794
    7.5000   37.5000   45.0000 8461.0029   14.2826
   -7.5000   45.0000   45.0000 7557.4307   13.9278
    0.0000   45.0000   45.0000 7903.4277   13.9176
    7.5000   45.0000   45.0000 7546.1406   13.9207

---------------------------------------------------------------------
imgreg_4dfp /opt/freesurfer/average/711-2C_as_mni_average_305 /opt/freesurfer/average/711-2B_as_mni_average_305_mask talsrcimg_g11 none talsrcimg_to_711-2C_as_mni_average_305_t4 4355
---------------------------------------------------------------------

freesurfer imgreg_4dfp.c
/opt/freesurfer/average/711-2C_as_mni_average_305.4dfp.img
       256       256       256         1
  1.000000  1.000000  1.000000
orientation T byte_order littleendian
Reading image: /opt/freesurfer/average/711-2C_as_mni_average_305.4dfp.img
dimensions:      256       256       256
mmppix:       1.0000   -1.0000   -1.0000
center:     128.0000 -129.0000 -129.0000
/opt/freesurfer/average/711-2B_as_mni_average_305_mask.4dfp.img
       256       256       256         1
  1.000000  1.000000  1.000000
orientation T byte_order littleendian
Reading mask: /opt/freesurfer/average/711-2B_as_mni_average_305_mask.4dfp.img (2306576 pixels)
talsrcimg_g11.4dfp.img
       256       256       256         1
  1.000000  1.000000  1.000000
orientation T byte_order littleendian
Reading image: talsrcimg_g11.4dfp.img
dimensions:      256       256       256
mmppix:       1.0000   -1.0000   -1.0000
center:     128.0000 -129.0000 -129.0000
rotation matrix determinant  1.000000
image alignment mode   4355 decimal     1103 hex
   -7.5000  -45.0000  -45.0000 2287.8755   12.8322
    0.0000  -45.0000  -45.0000 2297.9980   12.7075
    7.5000  -45.0000  -45.0000 2298.3347   12.7586
   -7.5000  -37.5000  -45.0000 2347.1150   12.1719
    0.0000  -37.5000  -45.0000 2365.3679   12.0756
    7.5000  -37.5000  -45.0000 2359.6304   12.1489
   -7.5000  -30.0000  -45.0000 2375.9863   11.7694
    0.0000  -30.0000  -45.0000 2397.3198   11.6519
    7.5000  -30.0000  -45.0000 2389.3938   11.7272
   -7.5000  -22.5000  -45.0000 2396.1094   11.4912
    0.0000  -22.5000  -45.0000 2418.5098   11.3547
    7.5000  -22.5000  -45.0000 2415.6335   11.3974
   -7.5000  -15.0000  -45.0000 2404.8076   11.4381
    0.0000  -15.0000  -45.0000 2429.4341   11.2978
    7.5000  -15.0000  -45.0000 2428.2471   11.3228
   -7.5000   -7.5000  -45.0000 2386.8616   11.6779
    0.0000   -7.5000  -45.0000 2408.4817   11.5367
    7.5000   -7.5000  -45.0000 2409.4495   11.5819
   -7.5000    0.0000  -45.0000 2349.6863   12.1490
    0.0000    0.0000  -45.0000 2376.0610   12.0048
    7.5000    0.0000  -45.0000 2376.2402   12.0291
   -7.5000    7.5000  -45.0000 2290.8115   12.7919
    0.0000    7.5000  -45.0000 2317.0278   12.6634
    7.5000    7.5000  -45.0000 2319.6636   12.6886
   -7.5000   15.0000  -45.0000 2215.6587   13.6404
    0.0000   15.0000  -45.0000 2239.8245   13.5188
    7.5000   15.0000  -45.0000 2242.8005   13.5451
   -7.5000   22.5000  -45.0000 2131.5137   14.8117
    0.0000   22.5000  -45.0000 2149.3987   14.6634
    7.5000   22.5000  -45.0000 2150.3718   14.7295
   -7.5000   30.0000  -45.0000 2023.4882   16.4346
    0.0000   30.0000  -45.0000 2041.9703   16.2571
    7.5000   30.0000  -45.0000 2038.2156   16.3777
   -7.5000   37.5000  -45.0000 1907.6306   18.6129
    0.0000   37.5000  -45.0000 1928.3851   18.4198
    7.5000   37.5000  -45.0000 1927.9557   18.5257
   -7.5000   45.0000  -45.0000 1782.9711   21.4190
    0.0000   45.0000  -45.0000 1800.0164   21.1978
    7.5000   45.0000  -45.0000 1792.5455   21.3077
   -7.5000  -45.0000  -37.5000 2373.1086   11.9832
    0.0000  -45.0000  -37.5000 2389.6594   11.8676
    7.5000  -45.0000  -37.5000 2386.9851   11.9133
   -7.5000  -37.5000  -37.5000 2444.8960   11.3419
    0.0000  -37.5000  -37.5000 2464.6372   11.2107
    7.5000  -37.5000  -37.5000 2458.0234   11.2831
   -7.5000  -30.0000  -37.5000 2474.1584   10.9525
    0.0000  -30.0000  -37.5000 2491.0859   10.8069
    7.5000  -30.0000  -37.5000 2486.5032   10.8975
   -7.5000  -22.5000  -37.5000 2495.5251   10.6945
    0.0000  -22.5000  -37.5000 2511.6155   10.5321
    7.5000  -22.5000  -37.5000 2510.0686   10.5984
   -7.5000  -15.0000  -37.5000 2502.5454   10.6355
    0.0000  -15.0000  -37.5000 2524.8611   10.4718
    7.5000  -15.0000  -37.5000 2523.2793   10.5176
   -7.5000   -7.5000  -37.5000 2483.8987   10.8270
    0.0000   -7.5000  -37.5000 2510.2922   10.6736
    7.5000   -7.5000  -37.5000 2510.7852   10.7352
   -7.5000    0.0000  -37.5000 2448.7559   11.2434
    0.0000    0.0000  -37.5000 2474.6616   11.0946
    7.5000    0.0000  -37.5000 2476.5168   11.1363
   -7.5000    7.5000  -37.5000 2390.4827   11.8048
    0.0000    7.5000  -37.5000 2418.7307   11.6628
    7.5000    7.5000  -37.5000 2421.1804   11.7231
   -7.5000   15.0000  -37.5000 2311.0479   12.5497
    0.0000   15.0000  -37.5000 2340.0518   12.4161
    7.5000   15.0000  -37.5000 2339.9631   12.4654
   -7.5000   22.5000  -37.5000 2218.8635   13.5927
    0.0000   22.5000  -37.5000 2244.1956   13.4600
    7.5000   22.5000  -37.5000 2241.1802   13.5252
   -7.5000   30.0000  -37.5000 2105.9482   15.0836
    0.0000   30.0000  -37.5000 2127.4382   14.9212
    7.5000   30.0000  -37.5000 2123.9143   15.0201
   -7.5000   37.5000  -37.5000 1987.0526   17.0423
    0.0000   37.5000  -37.5000 2007.3243   16.8839
    7.5000   37.5000  -37.5000 2008.7026   16.9613
   -7.5000   45.0000  -37.5000 1857.7805   19.5916
    0.0000   45.0000  -37.5000 1876.0681   19.3682
    7.5000   45.0000  -37.5000 1875.6810   19.4894
   -7.5000  -45.0000  -30.0000 2496.6760   11.6408
    0.0000  -45.0000  -30.0000 2512.5120   11.4997
    7.5000  -45.0000  -30.0000 2506.8936   11.5347
   -7.5000  -37.5000  -30.0000 2578.0425   10.9556
    0.0000  -37.5000  -30.0000 2595.9988   10.8049
    7.5000  -37.5000  -30.0000 2591.8494   10.8564
   -7.5000  -30.0000  -30.0000 2616.6062   10.5416
    0.0000  -30.0000  -30.0000 2631.1975   10.3681
    7.5000  -30.0000  -30.0000 2632.3503   10.4582
   -7.5000  -22.5000  -30.0000 2641.2998   10.2766
    0.0000  -22.5000  -30.0000 2653.6809   10.1147
    7.5000  -22.5000  -30.0000 2652.6169   10.2064
   -7.5000  -15.0000  -30.0000 2643.7588   10.2134
    0.0000  -15.0000  -30.0000 2664.8970   10.0649
    7.5000  -15.0000  -30.0000 2667.8452   10.1278
   -7.5000   -7.5000  -30.0000 2628.0024   10.3924
    0.0000   -7.5000  -30.0000 2656.0796   10.2509
    7.5000   -7.5000  -30.0000 2654.2109   10.3310
   -7.5000    0.0000  -30.0000 2597.9631   10.7704
    0.0000    0.0000  -30.0000 2626.3152   10.6153
    7.5000    0.0000  -30.0000 2621.7661   10.6802
   -7.5000    7.5000  -30.0000 2537.8862   11.3028
    0.0000    7.5000  -30.0000 2566.5828   11.1438
    7.5000    7.5000  -30.0000 2566.4141   11.2090
   -7.5000   15.0000  -30.0000 2452.9541   11.9974
    0.0000   15.0000  -30.0000 2482.2976   11.8353
    7.5000   15.0000  -30.0000 2482.4243   11.8873
   -7.5000   22.5000  -30.0000 2354.2332   12.9780
    0.0000   22.5000  -30.0000 2379.4871   12.8365
    7.5000   22.5000  -30.0000 2375.3066   12.9025
   -7.5000   30.0000  -30.0000 2232.9231   14.3677
    0.0000   30.0000  -30.0000 2255.0693   14.2220
    7.5000   30.0000  -30.0000 2248.9167   14.2868
   -7.5000   37.5000  -30.0000 2106.7771   16.2188
    0.0000   37.5000  -30.0000 2122.3823   16.0897
    7.5000   37.5000  -30.0000 2119.2112   16.1372
   -7.5000   45.0000  -30.0000 1964.9657   18.6137
    0.0000   45.0000  -30.0000 1984.1774   18.4316
    7.5000   45.0000  -30.0000 1980.7921   18.5204
   -7.5000  -45.0000  -22.5000 2574.8953   11.2443
    0.0000  -45.0000  -22.5000 2596.2798   11.0985
    7.5000  -45.0000  -22.5000 2589.9851   11.1174
   -7.5000  -37.5000  -22.5000 2669.5657   10.5165
    0.0000  -37.5000  -22.5000 2687.4451   10.3606
    7.5000  -37.5000  -22.5000 2685.9517   10.3958
   -7.5000  -30.0000  -22.5000 2719.7397   10.0610
    0.0000  -30.0000  -22.5000 2738.5420    9.8933
    7.5000  -30.0000  -22.5000 2740.5024    9.9547
   -7.5000  -22.5000  -22.5000 2749.6494    9.7634
    0.0000  -22.5000  -22.5000 2771.0933    9.6225
    7.5000  -22.5000  -22.5000 2770.3032    9.6810
   -7.5000  -15.0000  -22.5000 2760.1616    9.6737
    0.0000  -15.0000  -22.5000 2782.9324    9.5510
    7.5000  -15.0000  -22.5000 2784.2888    9.6156
   -7.5000   -7.5000  -22.5000 2750.1821    9.8671
    0.0000   -7.5000  -22.5000 2778.3540    9.7242
    7.5000   -7.5000  -22.5000 2776.8352    9.7943
   -7.5000    0.0000  -22.5000 2723.1963   10.2459
    0.0000    0.0000  -22.5000 2749.6096   10.0822
    7.5000    0.0000  -22.5000 2746.9402   10.1468
   -7.5000    7.5000  -22.5000 2662.0076   10.7485
    0.0000    7.5000  -22.5000 2691.4268   10.5761
    7.5000    7.5000  -22.5000 2689.0754   10.6357
   -7.5000   15.0000  -22.5000 2572.3464   11.3932
    0.0000   15.0000  -22.5000 2600.7856   11.2363
    7.5000   15.0000  -22.5000 2601.1353   11.2841
   -7.5000   22.5000  -22.5000 2460.3210   12.3445
    0.0000   22.5000  -22.5000 2488.0452   12.1926
    7.5000   22.5000  -22.5000 2482.0046   12.2590
   -7.5000   30.0000  -22.5000 2331.0034   13.6690
    0.0000   30.0000  -22.5000 2355.8792   13.5397
    7.5000   30.0000  -22.5000 2351.4128   13.5984
   -7.5000   37.5000  -22.5000 2192.6162   15.4335
    0.0000   37.5000  -22.5000 2210.2925   15.2864
    7.5000   37.5000  -22.5000 2202.7800   15.3543
   -7.5000   45.0000  -22.5000 2043.9950   17.7075
    0.0000   45.0000  -22.5000 2063.0818   17.5120
    7.5000   45.0000  -22.5000 2055.0618   17.6063
   -7.5000  -45.0000  -15.0000 2609.5059   10.9232
    0.0000  -45.0000  -15.0000 2633.4036   10.7482
    7.5000  -45.0000  -15.0000 2631.3130   10.7606
   -7.5000  -37.5000  -15.0000 2709.3259   10.1606
    0.0000  -37.5000  -15.0000 2735.5039   10.0043
    7.5000  -37.5000  -15.0000 2737.3271   10.0131
   -7.5000  -30.0000  -15.0000 2775.0510    9.6486
    0.0000  -30.0000  -15.0000 2800.3821    9.5000
    7.5000  -30.0000  -15.0000 2803.0496    9.5149
   -7.5000  -22.5000  -15.0000 2817.4124    9.3030
    0.0000  -22.5000  -15.0000 2843.5984    9.1650
    7.5000  -22.5000  -15.0000 2845.9695    9.1946
   -7.5000  -15.0000  -15.0000 2842.9504    9.1832
    0.0000  -15.0000  -15.0000 2864.7488    9.0506
    7.5000  -15.0000  -15.0000 2866.2344    9.0993
   -7.5000   -7.5000  -15.0000 2844.2776    9.3639
    0.0000   -7.5000  -15.0000 2869.1995    9.1962
    7.5000   -7.5000  -15.0000 2870.6252    9.2553
   -7.5000    0.0000  -15.0000 2811.4490    9.7613
    0.0000    0.0000  -15.0000 2842.3145    9.5808
    7.5000    0.0000  -15.0000 2838.5356    9.6183
   -7.5000    7.5000  -15.0000 2748.6450   10.2586
    0.0000    7.5000  -15.0000 2777.9043   10.0884
    7.5000    7.5000  -15.0000 2775.2585   10.1290
   -7.5000   15.0000  -15.0000 2656.7400   10.9063
    0.0000   15.0000  -15.0000 2684.4568   10.7215
    7.5000   15.0000  -15.0000 2685.9333   10.7843
   -7.5000   22.5000  -15.0000 2538.8315   11.8030
    0.0000   22.5000  -15.0000 2563.5574   11.6288
    7.5000   22.5000  -15.0000 2564.4822   11.7152
   -7.5000   30.0000  -15.0000 2398.8232   13.1044
    0.0000   30.0000  -15.0000 2427.1255   12.9515
    7.5000   30.0000  -15.0000 2424.9578   13.0355
   -7.5000   37.5000  -15.0000 2251.3823   14.8119
    0.0000   37.5000  -15.0000 2273.1802   14.6495
    7.5000   37.5000  -15.0000 2264.7927   14.7441
   -7.5000   45.0000  -15.0000 2097.4502   16.9791
    0.0000   45.0000  -15.0000 2116.3491   16.7880
    7.5000   45.0000  -15.0000 2113.4619   16.8620
   -7.5000  -45.0000   -7.5000 2623.4185   10.6651
    0.0000  -45.0000   -7.5000 2644.5352   10.4876
    7.5000  -45.0000   -7.5000 2644.3972   10.4997
   -7.5000  -37.5000   -7.5000 2720.2415    9.8790
    0.0000  -37.5000   -7.5000 2746.5454    9.7464
    7.5000  -37.5000   -7.5000 2752.8545    9.7521
   -7.5000  -30.0000   -7.5000 2794.2004    9.3301
    0.0000  -30.0000   -7.5000 2820.3303    9.2291
    7.5000  -30.0000   -7.5000 2829.2183    9.2148
   -7.5000  -22.5000   -7.5000 2851.0042    8.9395
    0.0000  -22.5000   -7.5000 2884.2837    8.8302
    7.5000  -22.5000   -7.5000 2888.4023    8.8349
   -7.5000  -15.0000   -7.5000 2891.2183    8.7532
    0.0000  -15.0000   -7.5000 2920.8018    8.6086
    7.5000  -15.0000   -7.5000 2921.7378    8.6525
   -7.5000   -7.5000   -7.5000 2903.0769    8.9466
    0.0000   -7.5000   -7.5000 2929.4937    8.7893
    7.5000   -7.5000   -7.5000 2932.9463    8.8271
   -7.5000    0.0000   -7.5000 2874.4451    9.3628
    0.0000    0.0000   -7.5000 2907.7485    9.1918
    7.5000    0.0000   -7.5000 2903.1909    9.2311
   -7.5000    7.5000   -7.5000 2811.9746    9.8626
    0.0000    7.5000   -7.5000 2847.9497    9.6934
    7.5000    7.5000   -7.5000 2839.4985    9.7433
   -7.5000   15.0000   -7.5000 2715.8066   10.5178
    0.0000   15.0000   -7.5000 2748.5767   10.3165
    7.5000   15.0000   -7.5000 2745.8391   10.3948
   -7.5000   22.5000   -7.5000 2592.9187   11.4296
    0.0000   22.5000   -7.5000 2619.9429   11.2323
    7.5000   22.5000   -7.5000 2616.5757   11.3164
   -7.5000   30.0000   -7.5000 2446.6719   12.7040
    0.0000   30.0000   -7.5000 2476.9451   12.5253
    7.5000   30.0000   -7.5000 2471.4390   12.6180
   -7.5000   37.5000   -7.5000 2289.9744   14.3339
    0.0000   37.5000   -7.5000 2315.8547   14.1708
    7.5000   37.5000   -7.5000 2310.6748   14.2268
   -7.5000   45.0000   -7.5000 2131.1792   16.3840
    0.0000   45.0000   -7.5000 2150.7498   16.1869
    7.5000   45.0000   -7.5000 2148.5605   16.2420
   -7.5000  -45.0000    0.0000 2613.5156   10.5346
    0.0000  -45.0000    0.0000 2632.6411   10.4041
    7.5000  -45.0000    0.0000 2637.4612   10.4097
   -7.5000  -37.5000    0.0000 2714.8418    9.7489
    0.0000  -37.5000    0.0000 2739.0449    9.6506
    7.5000  -37.5000    0.0000 2747.6233    9.6342
   -7.5000  -30.0000    0.0000 2800.4482    9.1932
    0.0000  -30.0000    0.0000 2827.1042    9.1235
    7.5000  -30.0000    0.0000 2831.0161    9.0820
   -7.5000  -22.5000    0.0000 2867.5112    8.7969
    0.0000  -22.5000    0.0000 2903.8948    8.7400
    7.5000  -22.5000    0.0000 2906.4646    8.7052
   -7.5000  -15.0000    0.0000 2919.9272    8.5904
    0.0000  -15.0000    0.0000 2961.5837    8.4628
    7.5000  -15.0000    0.0000 2954.3665    8.4809
   -7.5000   -7.5000    0.0000 2943.8818    8.7188
    0.0000   -7.5000    0.0000 2980.8184    8.6042
    7.5000   -7.5000    0.0000 2970.6614    8.6103
   -7.5000    0.0000    0.0000 2914.2317    9.0907
    0.0000    0.0000    0.0000 2949.2141    8.9891
    7.5000    0.0000    0.0000 2935.4546    8.9874
   -7.5000    7.5000    0.0000 2847.1729    9.6234
    0.0000    7.5000    0.0000 2888.9810    9.4662
    7.5000    7.5000    0.0000 2868.2283    9.5160
   -7.5000   15.0000    0.0000 2747.8687   10.2987
    0.0000   15.0000    0.0000 2780.9800   10.1631
    7.5000   15.0000    0.0000 2770.2795   10.2124
   -7.5000   22.5000    0.0000 2620.0549   11.2059
    0.0000   22.5000    0.0000 2648.9185   11.0737
    7.5000   22.5000    0.0000 2643.1555   11.1145
   -7.5000   30.0000    0.0000 2474.1912   12.4359
    0.0000   30.0000    0.0000 2503.2651   12.3151
    7.5000   30.0000    0.0000 2497.0046   12.3482
   -7.5000   37.5000    0.0000 2316.4043   14.0181
    0.0000   37.5000    0.0000 2340.6833   13.9071
    7.5000   37.5000    0.0000 2336.1653   13.9266
   -7.5000   45.0000    0.0000 2147.6047   16.0203
    0.0000   45.0000    0.0000 2171.9001   15.8691
    7.5000   45.0000    0.0000 2165.4316   15.8989
   -7.5000  -45.0000    7.5000 2589.2065   10.5805
    0.0000  -45.0000    7.5000 2606.0657   10.4223
    7.5000  -45.0000    7.5000 2614.4023   10.4545
   -7.5000  -37.5000    7.5000 2698.3723    9.7879
    0.0000  -37.5000    7.5000 2720.5159    9.6910
    7.5000  -37.5000    7.5000 2727.8230    9.6720
   -7.5000  -30.0000    7.5000 2787.4744    9.2144
    0.0000  -30.0000    7.5000 2820.3440    9.1894
    7.5000  -30.0000    7.5000 2818.5759    9.1387
   -7.5000  -22.5000    7.5000 2863.7781    8.8047
    0.0000  -22.5000    7.5000 2909.6819    8.8460
    7.5000  -22.5000    7.5000 2897.9263    8.7598
   -7.5000  -15.0000    7.5000 2925.2581    8.5927
    0.0000  -15.0000    7.5000 2982.1521    8.5994
    7.5000  -15.0000    7.5000 2957.0266    8.5409
   -7.5000   -7.5000    7.5000 2952.8137    8.6321
    0.0000   -7.5000    7.5000 3002.1604    8.5872
    7.5000   -7.5000    7.5000 2979.4980    8.5743
   -7.5000    0.0000    7.5000 2927.2864    8.9515
    0.0000    0.0000    7.5000 2963.2319    8.8374
    7.5000    0.0000    7.5000 2945.8152    8.8737
   -7.5000    7.5000    7.5000 2860.1462    9.4946
    0.0000    7.5000    7.5000 2897.2283    9.3571
    7.5000    7.5000    7.5000 2878.4929    9.4150
   -7.5000   15.0000    7.5000 2758.9592   10.2208
    0.0000   15.0000    7.5000 2787.7334   10.0806
    7.5000   15.0000    7.5000 2775.4292   10.1542
   -7.5000   22.5000    7.5000 2627.1912   11.1533
    0.0000   22.5000    7.5000 2649.2883   11.0133
    7.5000   22.5000    7.5000 2647.0291   11.0785
   -7.5000   30.0000    7.5000 2479.6321   12.3828
    0.0000   30.0000    7.5000 2505.5195   12.2334
    7.5000   30.0000    7.5000 2501.7742   12.2994
   -7.5000   37.5000    7.5000 2319.2742   13.9505
    0.0000   37.5000    7.5000 2344.8408   13.8103
    7.5000   37.5000    7.5000 2338.4976   13.8642
   -7.5000   45.0000    7.5000 2149.5125   15.8886
    0.0000   45.0000    7.5000 2173.9548   15.7786
    7.5000   45.0000    7.5000 2168.3713   15.8002
   -7.5000  -45.0000   15.0000 2554.1047   10.7996
    0.0000  -45.0000   15.0000 2571.7729   10.6968
    7.5000  -45.0000   15.0000 2577.1611   10.7321
   -7.5000  -37.5000   15.0000 2665.2061   10.0009
    0.0000  -37.5000   15.0000 2688.4189    9.9525
    7.5000  -37.5000   15.0000 2690.6362    9.9443
   -7.5000  -30.0000   15.0000 2761.0447    9.4122
    0.0000  -30.0000   15.0000 2789.2063    9.4003
    7.5000  -30.0000   15.0000 2784.7146    9.3601
   -7.5000  -22.5000   15.0000 2844.8926    8.9399
    0.0000  -22.5000   15.0000 2888.3955    8.9707
    7.5000  -22.5000   15.0000 2873.6899    8.9254
   -7.5000  -15.0000   15.0000 2909.0974    8.6927
    0.0000  -15.0000   15.0000 2957.7651    8.6301
    7.5000  -15.0000   15.0000 2933.8701    8.6641
   -7.5000   -7.5000   15.0000 2941.6072    8.7164
    0.0000   -7.5000   15.0000 2978.2739    8.5698
    7.5000   -7.5000   15.0000 2961.3140    8.6473
   -7.5000    0.0000   15.0000 2916.2166    9.0340
    0.0000    0.0000   15.0000 2947.6978    8.9041
    7.5000    0.0000   15.0000 2932.6003    8.9790
   -7.5000    7.5000   15.0000 2849.1311    9.5631
    0.0000    7.5000   15.0000 2878.3003    9.4490
    7.5000    7.5000   15.0000 2861.5632    9.5258
   -7.5000   15.0000   15.0000 2745.6677   10.3014
    0.0000   15.0000   15.0000 2769.9043   10.1672
    7.5000   15.0000   15.0000 2756.5898   10.2523
   -7.5000   22.5000   15.0000 2610.0120   11.2690
    0.0000   22.5000   15.0000 2630.1394   11.1254
    7.5000   22.5000   15.0000 2623.3933   11.1959
   -7.5000   30.0000   15.0000 2462.3379   12.4831
    0.0000   30.0000   15.0000 2487.3479   12.3479
    7.5000   30.0000   15.0000 2482.9902   12.3918
   -7.5000   37.5000   15.0000 2307.0818   14.0157
    0.0000   37.5000   15.0000 2328.1775   13.8848
    7.5000   37.5000   15.0000 2324.0518   13.9210
   -7.5000   45.0000   15.0000 2137.4563   15.9061
    0.0000   45.0000   15.0000 2158.3784   15.7741
    7.5000   45.0000   15.0000 2153.2439   15.8036
   -7.5000  -45.0000   22.5000 2518.8259   11.1833
    0.0000  -45.0000   22.5000 2537.1721   11.0616
    7.5000  -45.0000   22.5000 2537.7158   11.1399
   -7.5000  -37.5000   22.5000 2625.2844   10.3542
    0.0000  -37.5000   22.5000 2650.4045   10.2404
    7.5000  -37.5000   22.5000 2648.9702   10.2966
   -7.5000  -30.0000   22.5000 2716.3064    9.7164
    0.0000  -30.0000   22.5000 2747.6729    9.6100
    7.5000  -30.0000   22.5000 2741.7437    9.6579
   -7.5000  -22.5000   22.5000 2803.9678    9.2329
    0.0000  -22.5000   22.5000 2840.3350    9.1521
    7.5000  -22.5000   22.5000 2832.5796    9.1993
   -7.5000  -15.0000   22.5000 2870.2878    8.9686
    0.0000  -15.0000   22.5000 2905.5500    8.7878
    7.5000  -15.0000   22.5000 2890.6152    8.9082
   -7.5000   -7.5000   22.5000 2903.5889    8.9744
    0.0000   -7.5000   22.5000 2935.2935    8.7976
    7.5000   -7.5000   22.5000 2920.6609    8.8952
   -7.5000    0.0000   22.5000 2878.1353    9.3094
    0.0000    0.0000   22.5000 2911.8701    9.1516
    7.5000    0.0000   22.5000 2895.8008    9.2432
   -7.5000    7.5000   22.5000 2807.5667    9.8620
    0.0000    7.5000   22.5000 2834.4641    9.7139
    7.5000    7.5000   22.5000 2822.7310    9.8065
   -7.5000   15.0000   22.5000 2711.4756   10.5759
    0.0000   15.0000   22.5000 2731.8567   10.4247
    7.5000   15.0000   22.5000 2721.5852   10.5200
   -7.5000   22.5000   22.5000 2579.5566   11.5191
    0.0000   22.5000   22.5000 2600.0845   11.3714
    7.5000   22.5000   22.5000 2590.9475   11.4480
   -7.5000   30.0000   22.5000 2430.1404   12.6941
    0.0000   30.0000   22.5000 2456.2417   12.5848
    7.5000   30.0000   22.5000 2451.0969   12.6473
   -7.5000   37.5000   22.5000 2277.2419   14.2085
    0.0000   37.5000   22.5000 2295.2693   14.0900
    7.5000   37.5000   22.5000 2290.5608   14.1468
   -7.5000   45.0000   22.5000 2110.8191   16.1112
    0.0000   45.0000   22.5000 2128.8323   15.9421
    7.5000   45.0000   22.5000 2126.6782   15.9731
   -7.5000  -45.0000   30.0000 2471.6313   11.6907
    0.0000  -45.0000   30.0000 2494.4297   11.4973
    7.5000  -45.0000   30.0000 2490.5566   11.6540
   -7.5000  -37.5000   30.0000 2577.2739   10.7978
    0.0000  -37.5000   30.0000 2601.2219   10.6212
    7.5000  -37.5000   30.0000 2598.9336   10.7612
   -7.5000  -30.0000   30.0000 2660.3579   10.1302
    0.0000  -30.0000   30.0000 2686.2842    9.9638
    7.5000  -30.0000   30.0000 2685.6143   10.0994
   -7.5000  -22.5000   30.0000 2744.6687    9.6455
    0.0000  -22.5000   30.0000 2771.0488    9.4726
    7.5000  -22.5000   30.0000 2771.3567    9.6137
   -7.5000  -15.0000   30.0000 2808.6396    9.3760
    0.0000  -15.0000   30.0000 2836.6343    9.1722
    7.5000  -15.0000   30.0000 2826.5222    9.3140
   -7.5000   -7.5000   30.0000 2832.8596    9.4117
    0.0000   -7.5000   30.0000 2859.4097    9.2354
    7.5000   -7.5000   30.0000 2852.6663    9.3423
   -7.5000    0.0000   30.0000 2802.7114    9.7617
    0.0000    0.0000   30.0000 2834.0212    9.5850
    7.5000    0.0000   30.0000 2829.5178    9.6873
   -7.5000    7.5000   30.0000 2740.0791   10.2992
    0.0000    7.5000   30.0000 2765.6140   10.1337
    7.5000    7.5000   30.0000 2762.4250   10.2330
   -7.5000   15.0000   30.0000 2648.3875   10.9888
    0.0000   15.0000   30.0000 2669.5457   10.8315
    7.5000   15.0000   30.0000 2665.0088   10.9378
   -7.5000   22.5000   30.0000 2527.2114   11.8816
    0.0000   22.5000   30.0000 2551.1902   11.7361
    7.5000   22.5000   30.0000 2541.0208   11.8270
   -7.5000   30.0000   30.0000 2384.3748   13.0643
    0.0000   30.0000   30.0000 2410.4038   12.9376
    7.5000   30.0000   30.0000 2406.4451   13.0151
   -7.5000   37.5000   30.0000 2236.5669   14.5574
    0.0000   37.5000   30.0000 2250.1641   14.4380
    7.5000   37.5000   30.0000 2252.2642   14.4988
   -7.5000   45.0000   30.0000 2071.5735   16.4295
    0.0000   45.0000   30.0000 2091.5103   16.2874
    7.5000   45.0000   30.0000 2088.4373   16.3235
   -7.5000  -45.0000   37.5000 2415.9753   12.2891
    0.0000  -45.0000   37.5000 2440.6892   12.0632
    7.5000  -45.0000   37.5000 2436.1086   12.2874
   -7.5000  -37.5000   37.5000 2520.7659   11.3631
    0.0000  -37.5000   37.5000 2542.3547   11.1295
    7.5000  -37.5000   37.5000 2540.7729   11.3610
   -7.5000  -30.0000   37.5000 2600.2307   10.7154
    0.0000  -30.0000   37.5000 2626.0544   10.4807
    7.5000  -30.0000   37.5000 2625.9224   10.6915
   -7.5000  -22.5000   37.5000 2678.7437   10.2256
    0.0000  -22.5000   37.5000 2703.5471   10.0114
    7.5000  -22.5000   37.5000 2698.5999   10.1735
   -7.5000  -15.0000   37.5000 2731.3088    9.9321
    0.0000  -15.0000   37.5000 2754.7019    9.7298
    7.5000  -15.0000   37.5000 2744.5786    9.8676
   -7.5000   -7.5000   37.5000 2745.7646    9.9847
    0.0000   -7.5000   37.5000 2766.7769    9.7998
    7.5000   -7.5000   37.5000 2761.5674    9.9165
   -7.5000    0.0000   37.5000 2710.7751   10.3451
    0.0000    0.0000   37.5000 2738.1562   10.1480
    7.5000    0.0000   37.5000 2739.5461   10.2622
   -7.5000    7.5000   37.5000 2652.9419   10.8834
    0.0000    7.5000   37.5000 2678.5847   10.6877
    7.5000    7.5000   37.5000 2679.4912   10.7784
   -7.5000   15.0000   37.5000 2570.4243   11.5500
    0.0000   15.0000   37.5000 2598.2915   11.3642
    7.5000   15.0000   37.5000 2591.2610   11.4779
   -7.5000   22.5000   37.5000 2461.3022   12.4133
    0.0000   22.5000   37.5000 2489.2681   12.2551
    7.5000   22.5000   37.5000 2480.2546   12.3626
   -7.5000   30.0000   37.5000 2329.5405   13.5649
    0.0000   30.0000   37.5000 2350.3975   13.4208
    7.5000   30.0000   37.5000 2349.5093   13.5196
   -7.5000   37.5000   37.5000 2183.8125   15.0635
    0.0000   37.5000   37.5000 2201.6760   14.9401
    7.5000   37.5000   37.5000 2195.1292   15.0140
   -7.5000   45.0000   37.5000 2029.1511   16.9741
    0.0000   45.0000   37.5000 2050.8293   16.8432
    7.5000   45.0000   37.5000 2044.4928   16.8910
   -7.5000  -45.0000   45.0000 2350.7642   13.0305
    0.0000  -45.0000   45.0000 2375.5339   12.7868
    7.5000  -45.0000   45.0000 2368.9397   13.0922
   -7.5000  -37.5000   45.0000 2454.3694   12.1063
    0.0000  -37.5000   45.0000 2480.6614   11.8460
    7.5000  -37.5000   45.0000 2473.2974   12.1378
   -7.5000  -30.0000   45.0000 2530.1475   11.4353
    0.0000  -30.0000   45.0000 2559.1980   11.1903
    7.5000  -30.0000   45.0000 2553.0918   11.4328
   -7.5000  -22.5000   45.0000 2600.2891   10.9523
    0.0000  -22.5000   45.0000 2623.6436   10.7183
    7.5000  -22.5000   45.0000 2612.6946   10.8974
   -7.5000  -15.0000   45.0000 2638.6875   10.6350
    0.0000  -15.0000   45.0000 2659.4812   10.4322
    7.5000  -15.0000   45.0000 2648.1382   10.5648
   -7.5000   -7.5000   45.0000 2644.9260   10.6863
    0.0000   -7.5000   45.0000 2665.5542   10.4983
    7.5000   -7.5000   45.0000 2664.5493   10.6144
   -7.5000    0.0000   45.0000 2611.4614   11.0504
    0.0000    0.0000   45.0000 2634.9238   10.8508
    7.5000    0.0000   45.0000 2637.6763   10.9629
   -7.5000    7.5000   45.0000 2555.2163   11.5881
    0.0000    7.5000   45.0000 2582.8713   11.3772
    7.5000    7.5000   45.0000 2583.1079   11.4809
   -7.5000   15.0000   45.0000 2479.6277   12.2516
    0.0000   15.0000   45.0000 2511.9983   12.0396
    7.5000   15.0000   45.0000 2503.5835   12.1417
   -7.5000   22.5000   45.0000 2386.2756   13.0782
    0.0000   22.5000   45.0000 2417.7258   12.9115
    7.5000   22.5000   45.0000 2403.9412   13.0100
   -7.5000   30.0000   45.0000 2268.1069   14.2071
    0.0000   30.0000   45.0000 2289.3501   14.0600
    7.5000   30.0000   45.0000 2276.5608   14.1654
   -7.5000   37.5000   45.0000 2123.7041   15.7593
    0.0000   37.5000   45.0000 2141.2266   15.6328
    7.5000   37.5000   45.0000 2134.4827   15.7174
   -7.5000   45.0000   45.0000 1974.6344   17.7582
    0.0000   45.0000   45.0000 1992.0854   17.6315
    7.5000   45.0000   45.0000 1991.5988   17.6575

---------------------------------------------------------------------
imgreg_4dfp /opt/freesurfer/average/711-2C_as_mni_average_305 /opt/freesurfer/average/711-2B_as_mni_average_305_mask talsrcimg_g11 none talsrcimg_to_711-2C_as_mni_average_305_t4 1283
---------------------------------------------------------------------

freesurfer imgreg_4dfp.c
/opt/freesurfer/average/711-2C_as_mni_average_305.4dfp.img
       256       256       256         1
  1.000000  1.000000  1.000000
orientation T byte_order littleendian
Reading image: /opt/freesurfer/average/711-2C_as_mni_average_305.4dfp.img
dimensions:      256       256       256
mmppix:       1.0000   -1.0000   -1.0000
center:     128.0000 -129.0000 -129.0000
/opt/freesurfer/average/711-2B_as_mni_average_305_mask.4dfp.img
       256       256       256         1
  1.000000  1.000000  1.000000
orientation T byte_order littleendian
Reading mask: /opt/freesurfer/average/711-2B_as_mni_average_305_mask.4dfp.img (2306576 pixels)
talsrcimg_g11.4dfp.img
       256       256       256         1
  1.000000  1.000000  1.000000
orientation T byte_order littleendian
Reading image: talsrcimg_g11.4dfp.img
dimensions:      256       256       256
mmppix:       1.0000   -1.0000   -1.0000
center:     128.0000 -129.0000 -129.0000
rotation matrix determinant  1.000000
fimgreg.f
image alignment mode   1283 decimal      503 hex
parameters
    0.0000   -7.5000    7.5000    0.0000    0.0000    0.0000
eta,q 0.94223  8.62539
niter,ni,del,rscale     5    3   12.0000    1.2000
parameter  4 21.210890 ->  0.500000 qaram    1.1500
parameter  6  0.716738 ->  0.500000 qaram    1.1500
parameters
    2.5248   -9.5009    7.6967   -3.4500    0.1337   -3.4500
eta,q 0.95067  8.47318
  0.0726  0.0594  0.0615  0.0504  0.0558  0.0509
  0.0676  0.0571  0.0586  0.0512  0.0534  0.0494
  0.0635  0.0568  0.0570  0.0542  0.0520  0.0498
  0.0601  0.0577  0.0568  0.0569  0.0518  0.0519
  0.0580  0.0592  0.0574  0.0593  0.0527  0.0549
  0.0587  0.0619  0.0585  0.0614  0.0537  0.0579
  0.0617  0.0657  0.0606  0.0635  0.0549  0.0606
niter,ni,del,rscale     6    3   12.0000    1.2000
parameter  4  0.896571 ->  0.500000 qaram    1.3225
parameters
    2.1226   -8.1639    7.5033   -7.4175    0.7347   -4.3774
eta,q 0.95267  8.54601
  0.0599  0.0651  0.0563  0.0463  0.0527  0.0501
  0.0544  0.0588  0.0520  0.0470  0.0499  0.0485
  0.0505  0.0524  0.0494  0.0479  0.0482  0.0477
  0.0493  0.0492  0.0495  0.0494  0.0473  0.0472
  0.0517  0.0501  0.0513  0.0524  0.0476  0.0480
  0.0565  0.0524  0.0534  0.0569  0.0490  0.0498
  0.0630  0.0555  0.0560  0.0611  0.0508  0.0524
niter,ni,del,rscale     6    3   12.0000    1.2000
parameter  4  0.720656 ->  0.500000 qaram    1.5209
parameters
    1.8356   -7.2280    6.6846  -11.9801    1.6655   -5.2259
eta,q 0.95541  8.56963
  0.0582  0.0565  0.0526  0.0452  0.0503  0.0475
  0.0524  0.0519  0.0490  0.0444  0.0473  0.0455
  0.0487  0.0491  0.0473  0.0457  0.0453  0.0448
  0.0473  0.0473  0.0471  0.0471  0.0446  0.0445
  0.0491  0.0474  0.0485  0.0484  0.0446  0.0450
  0.0537  0.0492  0.0520  0.0511  0.0455  0.0468
  0.0607  0.0522  0.0564  0.0554  0.0475  0.0495
niter,ni,del,rscale     6    3   12.0000    1.2000
parameters
    1.4708   -5.6435    5.8834  -16.3670    2.5847   -5.0716
eta,q 0.95885  8.57379
  0.0557  0.0552  0.0497  0.0446  0.0504  0.0471
  0.0493  0.0497  0.0460  0.0424  0.0467  0.0441
  0.0452  0.0463  0.0443  0.0416  0.0439  0.0417
  0.0446  0.0445  0.0440  0.0440  0.0418  0.0411
  0.0467  0.0440  0.0454  0.0470  0.0409  0.0419
  0.0515  0.0453  0.0492  0.0488  0.0429  0.0437
  0.0584  0.0475  0.0535  0.0524  0.0472  0.0465
niter,ni,del,rscale     5    3   12.0000    1.2000
parameters
    1.2038   -3.3801    4.6968  -17.5464    2.9887   -5.1950
eta,q 0.96227  8.56036
  0.0564  0.0529  0.0460  0.0474  0.0469  0.0460
  0.0482  0.0483  0.0416  0.0418  0.0432  0.0415
  0.0422  0.0445  0.0389  0.0384  0.0402  0.0385
  0.0412  0.0410  0.0391  0.0386  0.0380  0.0378
  0.0446  0.0391  0.0426  0.0426  0.0378  0.0394
  0.0508  0.0404  0.0478  0.0468  0.0409  0.0424
  0.0582  0.0433  0.0533  0.0506  0.0458  0.0460
niter,ni,del,rscale     4    3   12.0000    1.2000
parameters
    1.1743   -3.3805    4.4657  -17.8031    3.0779   -5.1711
eta,q 0.96235  8.56042
  0.0539  0.0473  0.0486  0.0488  0.0461  0.0462
  0.0460  0.0436  0.0429  0.0434  0.0425  0.0417
  0.0398  0.0399  0.0391  0.0389  0.0397  0.0385
  0.0377  0.0377  0.0377  0.0377  0.0377  0.0376
  0.0406  0.0389  0.0396  0.0405  0.0380  0.0392
  0.0466  0.0425  0.0444  0.0450  0.0415  0.0420
  0.0537  0.0483  0.0502  0.0490  0.0465  0.0456
niter,ni,del,rscale     3    3   12.0000    1.2000
parameters
    1.1463   -3.3681    4.4099  -17.8887    3.1063   -5.1428
eta,q 0.96236  8.56056
  0.0540  0.0473  0.0492  0.0490  0.0459  0.0462
  0.0460  0.0435  0.0433  0.0438  0.0424  0.0417
  0.0397  0.0398  0.0393  0.0390  0.0396  0.0385
  0.0377  0.0376  0.0376  0.0376  0.0376  0.0376
  0.0406  0.0387  0.0392  0.0401  0.0381  0.0392
  0.0466  0.0424  0.0438  0.0446  0.0416  0.0420
  0.0537  0.0483  0.0496  0.0487  0.0467  0.0455
registration optimization eta report
parameter search radius
    6.0000    6.0000    6.0000    9.1253    6.0000    6.9000
100000*second partial in parameter space
       44.       27.       32.       13.       24.       17.
  0.0540  0.0473  0.0492  0.0490  0.0459  0.0462
  0.0460  0.0435  0.0433  0.0438  0.0424  0.0417
  0.0397  0.0398  0.0393  0.0390  0.0396  0.0385
  0.0377  0.0376  0.0376  0.0376  0.0376  0.0376
  0.0406  0.0387  0.0392  0.0401  0.0381  0.0392
  0.0466  0.0424  0.0438  0.0446  0.0416  0.0420
  0.0537  0.0483  0.0496  0.0487  0.0467  0.0455
    1.1463   -3.3681    4.4099  -17.8887    3.1063   -5.1428
eta,q 0.96236  8.56056

---------------------------------------------------------------------
imgreg_4dfp /opt/freesurfer/average/711-2C_as_mni_average_305 /opt/freesurfer/average/711-2B_as_mni_average_305_mask talsrcimg_g11 none talsrcimg_to_711-2C_as_mni_average_305_t4 3335
---------------------------------------------------------------------

freesurfer imgreg_4dfp.c
/opt/freesurfer/average/711-2C_as_mni_average_305.4dfp.img
       256       256       256         1
  1.000000  1.000000  1.000000
orientation T byte_order littleendian
Reading image: /opt/freesurfer/average/711-2C_as_mni_average_305.4dfp.img
dimensions:      256       256       256
mmppix:       1.0000   -1.0000   -1.0000
center:     128.0000 -129.0000 -129.0000
/opt/freesurfer/average/711-2B_as_mni_average_305_mask.4dfp.img
       256       256       256         1
  1.000000  1.000000  1.000000
orientation T byte_order littleendian
Reading mask: /opt/freesurfer/average/711-2B_as_mni_average_305_mask.4dfp.img (2306576 pixels)
talsrcimg_g11.4dfp.img
       256       256       256         1
  1.000000  1.000000  1.000000
orientation T byte_order littleendian
Reading image: talsrcimg_g11.4dfp.img
dimensions:      256       256       256
mmppix:       1.0000   -1.0000   -1.0000
center:     128.0000 -129.0000 -129.0000
fimgreg.f
image alignment mode   3335 decimal      D07 hex
parameters
    1.1463   -3.3681    4.4099   -0.5489   -5.3668   -4.9743
   10.1884   -2.3828   -8.9507   31.0554    5.4189  -30.6717
eta,q 0.96096  8.63884
niter,ni,del,rscale     5    3    5.0000    1.2000
parameter  4  0.894180 ->  0.500000 qaram    1.1500
parameter  5  5.559432 ->  0.500000 qaram    1.1500
parameter  6  0.545332 ->  0.500000 qaram    1.1500
parameter 10  0.558561 ->  0.500000 qaram    1.1500
parameters
    1.0334   -3.2616    4.4540   -4.6889   -9.5068   -9.1143
    9.6981   -1.9429   -7.3602   26.9154    4.0200  -30.9312
eta,q 0.97106  8.28891
  0.0417  0.0406  0.0410  0.0360  0.0276  0.0302  0.0321  0.0343  0.0331  0.0295  0.0296  0.0303
  0.0401  0.0397  0.0400  0.0361  0.0301  0.0300  0.0309  0.0320  0.0317  0.0290  0.0292  0.0295
  0.0393  0.0392  0.0393  0.0370  0.0330  0.0301  0.0302  0.0306  0.0306  0.0291  0.0290  0.0290
  0.0390  0.0390  0.0390  0.0390  0.0362  0.0309  0.0300  0.0300  0.0300  0.0299  0.0290  0.0289
  0.0395  0.0391  0.0392  0.0420  0.0395  0.0328  0.0304  0.0303  0.0299  0.0315  0.0292  0.0292
  0.0405  0.0396  0.0399  0.0458  0.0429  0.0363  0.0314  0.0314  0.0303  0.0338  0.0297  0.0297
  0.0422  0.0403  0.0409  0.0500  0.0465  0.0411  0.0328  0.0333  0.0313  0.0368  0.0304  0.0304
niter,ni,del,rscale     7    3    5.0000    1.2000
parameter  5  1.231346 ->  0.500000 qaram    1.3225
parameters
    1.1284   -3.4059    4.8961   -6.5464  -14.2678   -9.9479
    9.4469   -2.1239   -7.7549   26.8825    3.5593  -31.8262
eta,q 0.97462  8.10093
  0.0321  0.0308  0.0308  0.0309  0.0249  0.0271  0.0279  0.0283  0.0277  0.0291  0.0261  0.0265
  0.0305  0.0297  0.0299  0.0299  0.0252  0.0262  0.0266  0.0267  0.0264  0.0273  0.0257  0.0258
  0.0294  0.0291  0.0293  0.0291  0.0266  0.0256  0.0257  0.0257  0.0256  0.0260  0.0255  0.0254
  0.0289  0.0289  0.0289  0.0289  0.0290  0.0255  0.0254  0.0254  0.0254  0.0254  0.0254  0.0254
  0.0292  0.0293  0.0289  0.0297  0.0320  0.0258  0.0258  0.0259  0.0258  0.0258  0.0255  0.0258
  0.0301  0.0300  0.0292  0.0319  0.0353  0.0264  0.0268  0.0269  0.0268  0.0271  0.0258  0.0263
  0.0317  0.0312  0.0299  0.0351  0.0389  0.0284  0.0283  0.0285  0.0282  0.0293  0.0263  0.0271
niter,ni,del,rscale     7    3    5.0000    1.2000
parameters
    1.2764   -3.0427    5.0735   -5.9156  -17.5416   -9.1014
    9.5536   -2.2315   -8.0433   27.6908    3.5111  -33.1965
eta,q 0.97573  8.07456
  0.0284  0.0288  0.0269  0.0287  0.0270  0.0268  0.0272  0.0275  0.0268  0.0289  0.0252  0.0253
  0.0268  0.0271  0.0261  0.0274  0.0253  0.0258  0.0258  0.0258  0.0254  0.0267  0.0247  0.0246
  0.0258  0.0259  0.0256  0.0262  0.0245  0.0250  0.0248  0.0247  0.0246  0.0252  0.0244  0.0243
  0.0254  0.0254  0.0253  0.0253  0.0251  0.0245  0.0244  0.0244  0.0244  0.0244  0.0244  0.0244
  0.0256  0.0254  0.0254  0.0250  0.0273  0.0245  0.0247  0.0249  0.0248  0.0246  0.0245  0.0248
  0.0264  0.0260  0.0258  0.0261  0.0305  0.0249  0.0256  0.0260  0.0258  0.0257  0.0248  0.0255
  0.0278  0.0272  0.0265  0.0284  0.0343  0.0263  0.0271  0.0276  0.0271  0.0275  0.0252  0.0263
niter,ni,del,rscale     6    3    5.0000    1.2000
parameters
    1.2991   -2.9102    5.0306   -5.2204  -18.2567   -9.1022
    9.5911   -2.1740   -8.1549   28.1357    3.4495  -33.6371
eta,q 0.97592  8.08248
  0.0273  0.0273  0.0257  0.0281  0.0287  0.0264  0.0270  0.0276  0.0267  0.0283  0.0250  0.0255
  0.0256  0.0257  0.0250  0.0267  0.0265  0.0254  0.0255  0.0257  0.0253  0.0262  0.0245  0.0246
  0.0246  0.0247  0.0245  0.0254  0.0248  0.0245  0.0245  0.0245  0.0244  0.0247  0.0242  0.0242
  0.0243  0.0243  0.0243  0.0243  0.0241  0.0241  0.0241  0.0241  0.0241  0.0241  0.0241  0.0241
  0.0246  0.0245  0.0244  0.0239  0.0249  0.0243  0.0244  0.0246  0.0245  0.0244  0.0242  0.0244
  0.0256  0.0253  0.0250  0.0252  0.0273  0.0248  0.0254  0.0257  0.0254  0.0256  0.0245  0.0250
  0.0271  0.0267  0.0259  0.0277  0.0307  0.0269  0.0269  0.0274  0.0268  0.0275  0.0251  0.0258
niter,ni,del,rscale     5    3    5.0000    1.2000
parameters
    1.2924   -2.9184    4.9523   -5.0677  -18.4484   -9.0616
    9.6595   -2.1412   -8.1731   28.2914    3.4630  -33.8351
eta,q 0.97595  8.08687
  0.0272  0.0267  0.0255  0.0278  0.0290  0.0265  0.0270  0.0276  0.0267  0.0280  0.0250  0.0256
  0.0255  0.0253  0.0247  0.0264  0.0268  0.0254  0.0255  0.0256  0.0253  0.0259  0.0245  0.0247
  0.0244  0.0244  0.0242  0.0252  0.0250  0.0245  0.0245  0.0244  0.0243  0.0246  0.0242  0.0242
  0.0241  0.0241  0.0241  0.0241  0.0240  0.0241  0.0241  0.0241  0.0241  0.0241  0.0241  0.0241
  0.0245  0.0244  0.0243  0.0240  0.0246  0.0242  0.0244  0.0245  0.0244  0.0245  0.0242  0.0243
  0.0255  0.0253  0.0248  0.0256  0.0267  0.0248  0.0254  0.0257  0.0253  0.0258  0.0245  0.0249
  0.0272  0.0267  0.0257  0.0283  0.0300  0.0269  0.0269  0.0274  0.0267  0.0277  0.0250  0.0257
niter,ni,del,rscale     4    3    5.0000    1.2000
parameters
    1.2876   -2.9210    4.9148   -5.0284  -18.5140   -9.0622
    9.6791   -2.1283   -8.1812   28.3520    3.4688  -33.9167
eta,q 0.97595  8.08797
  0.0272  0.0267  0.0255  0.0277  0.0291  0.0265  0.0269  0.0276  0.0267  0.0279  0.0250  0.0256
  0.0255  0.0252  0.0247  0.0264  0.0269  0.0254  0.0254  0.0256  0.0253  0.0258  0.0245  0.0247
  0.0244  0.0243  0.0242  0.0251  0.0251  0.0245  0.0244  0.0244  0.0243  0.0245  0.0242  0.0242
  0.0241  0.0241  0.0241  0.0241  0.0240  0.0241  0.0241  0.0241  0.0241  0.0241  0.0241  0.0241
  0.0244  0.0244  0.0242  0.0241  0.0245  0.0242  0.0244  0.0245  0.0244  0.0245  0.0242  0.0243
  0.0255  0.0253  0.0247  0.0257  0.0265  0.0248  0.0254  0.0257  0.0253  0.0258  0.0245  0.0249
  0.0272  0.0267  0.0256  0.0285  0.0298  0.0270  0.0269  0.0274  0.0267  0.0277  0.0250  0.0256
niter,ni,del,rscale     3    3    5.0000    1.2000
parameters
    1.2871   -2.9208    4.8997   -5.0130  -18.5380   -9.0604
    9.6862   -2.1251   -8.1827   28.3787    3.4709  -33.9518
eta,q 0.97595  8.08853
  0.0272  0.0267  0.0255  0.0277  0.0292  0.0265  0.0269  0.0276  0.0267  0.0279  0.0250  0.0257
  0.0255  0.0252  0.0248  0.0264  0.0269  0.0253  0.0254  0.0256  0.0253  0.0258  0.0245  0.0247
  0.0244  0.0243  0.0242  0.0251  0.0251  0.0245  0.0244  0.0244  0.0243  0.0245  0.0242  0.0242
  0.0241  0.0241  0.0241  0.0241  0.0240  0.0241  0.0241  0.0241  0.0241  0.0241  0.0241  0.0241
  0.0244  0.0244  0.0242  0.0241  0.0245  0.0242  0.0244  0.0245  0.0244  0.0245  0.0242  0.0243
  0.0255  0.0253  0.0247  0.0257  0.0265  0.0248  0.0254  0.0257  0.0253  0.0258  0.0245  0.0248
  0.0272  0.0267  0.0256  0.0285  0.0297  0.0270  0.0269  0.0274  0.0266  0.0278  0.0250  0.0256
registration optimization eta report
parameter search radius
    2.4000    2.4000    2.4000    8.2800    9.5220    8.2800
    7.2000    7.2000    7.2000    8.2800    7.2000    7.2000
100000*second partial in parameter space
       54.       45.       26.        6.        6.        4.
        5.        7.        5.        5.        2.        3.
  0.0272  0.0267  0.0255  0.0277  0.0292  0.0265  0.0269  0.0276  0.0267  0.0279  0.0250  0.0257
  0.0255  0.0252  0.0248  0.0264  0.0269  0.0253  0.0254  0.0256  0.0253  0.0258  0.0245  0.0247
  0.0244  0.0243  0.0242  0.0251  0.0251  0.0245  0.0244  0.0244  0.0243  0.0245  0.0242  0.0242
  0.0241  0.0241  0.0241  0.0241  0.0240  0.0241  0.0241  0.0241  0.0241  0.0241  0.0241  0.0241
  0.0244  0.0244  0.0242  0.0241  0.0245  0.0242  0.0244  0.0245  0.0244  0.0245  0.0242  0.0243
  0.0255  0.0253  0.0247  0.0257  0.0265  0.0248  0.0254  0.0257  0.0253  0.0258  0.0245  0.0248
  0.0272  0.0267  0.0256  0.0285  0.0297  0.0270  0.0269  0.0274  0.0266  0.0278  0.0250  0.0256
    1.2871   -2.9208    4.8997   -5.0130  -18.5380   -9.0604
    9.6862   -2.1251   -8.1827   28.3787    3.4709  -33.9518
eta,q 0.97595  8.08853

---------------------------------------------------------------------
imgreg_4dfp /opt/freesurfer/average/711-2C_as_mni_average_305 /opt/freesurfer/average/711-2B_as_mni_average_305_mask talsrcimg_g11 none talsrcimg_to_711-2C_as_mni_average_305_t4 2311
---------------------------------------------------------------------

freesurfer imgreg_4dfp.c
/opt/freesurfer/average/711-2C_as_mni_average_305.4dfp.img
       256       256       256         1
  1.000000  1.000000  1.000000
orientation T byte_order littleendian
Reading image: /opt/freesurfer/average/711-2C_as_mni_average_305.4dfp.img
dimensions:      256       256       256
mmppix:       1.0000   -1.0000   -1.0000
center:     128.0000 -129.0000 -129.0000
/opt/freesurfer/average/711-2B_as_mni_average_305_mask.4dfp.img
       256       256       256         1
  1.000000  1.000000  1.000000
orientation T byte_order littleendian
Reading mask: /opt/freesurfer/average/711-2B_as_mni_average_305_mask.4dfp.img (2306576 pixels)
talsrcimg_g11.4dfp.img
       256       256       256         1
  1.000000  1.000000  1.000000
orientation T byte_order littleendian
Reading image: talsrcimg_g11.4dfp.img
dimensions:      256       256       256
mmppix:       1.0000   -1.0000   -1.0000
center:     128.0000 -129.0000 -129.0000
fimgreg.f
image alignment mode   2311 decimal      907 hex
parameters
    1.2871   -2.9208    4.8997   -5.0130  -18.5380   -9.0604
    9.6862   -2.1251   -8.1827   28.3787    3.4709  -33.9518
eta,q 0.97595  8.08853
niter,ni,del,rscale     5    3    5.0000    0.8000
parameters
    1.2866   -2.9453    4.9290   -4.0935  -18.1554   -8.3222
    9.5521   -2.1484   -8.1671   28.3587    3.5809  -33.9265
eta,q 0.97614  8.14014
  0.0255  0.0252  0.0248  0.0260  0.0257  0.0249  0.0252  0.0256  0.0252  0.0253  0.0244  0.0247
  0.0247  0.0246  0.0244  0.0253  0.0249  0.0244  0.0245  0.0246  0.0245  0.0245  0.0241  0.0242
  0.0242  0.0242  0.0242  0.0246  0.0242  0.0240  0.0240  0.0240  0.0240  0.0240  0.0239  0.0239
  0.0241  0.0241  0.0241  0.0240  0.0239  0.0239  0.0239  0.0239  0.0239  0.0239  0.0239  0.0239
  0.0242  0.0242  0.0241  0.0239  0.0239  0.0239  0.0241  0.0241  0.0240  0.0240  0.0239  0.0240
  0.0247  0.0246  0.0243  0.0243  0.0244  0.0241  0.0246  0.0247  0.0245  0.0245  0.0241  0.0242
  0.0255  0.0253  0.0247  0.0251  0.0253  0.0244  0.0254  0.0256  0.0252  0.0253  0.0244  0.0246
niter,ni,del,rscale     4    3    5.0000    0.7000
parameters
    1.2606   -3.0542    4.8841   -4.0448  -18.1545   -8.2686
    9.5527   -2.1728   -8.1463   28.3229    3.6475  -33.9799
eta,q 0.97615  8.14394
  0.0250  0.0247  0.0244  0.0253  0.0251  0.0245  0.0250  0.0252  0.0249  0.0249  0.0243  0.0245
  0.0244  0.0242  0.0241  0.0247  0.0245  0.0241  0.0244  0.0244  0.0243  0.0244  0.0240  0.0241
  0.0240  0.0239  0.0239  0.0241  0.0240  0.0239  0.0240  0.0240  0.0240  0.0240  0.0239  0.0239
  0.0239  0.0239  0.0239  0.0239  0.0239  0.0239  0.0238  0.0239  0.0238  0.0239  0.0238  0.0239
  0.0240  0.0240  0.0239  0.0240  0.0240  0.0239  0.0240  0.0240  0.0240  0.0240  0.0239  0.0239
  0.0244  0.0244  0.0241  0.0245  0.0244  0.0241  0.0244  0.0245  0.0243  0.0244  0.0240  0.0241
  0.0251  0.0250  0.0244  0.0254  0.0252  0.0244  0.0250  0.0252  0.0249  0.0250  0.0242  0.0245
niter,ni,del,rscale     3    3    5.0000    0.6000
parameters
    1.2534   -3.0697    4.8788   -3.9523  -18.1389   -8.2583
    9.5341   -2.1947   -8.1379   28.3266    3.6331  -34.0091
eta,q 0.97616  8.14682
  0.0248  0.0246  0.0243  0.0250  0.0248  0.0243  0.0247  0.0249  0.0246  0.0247  0.0241  0.0243
  0.0243  0.0242  0.0240  0.0245  0.0243  0.0240  0.0242  0.0243  0.0242  0.0242  0.0240  0.0240
  0.0240  0.0239  0.0239  0.0241  0.0240  0.0239  0.0239  0.0239  0.0239  0.0239  0.0239  0.0239
  0.0239  0.0239  0.0238  0.0238  0.0238  0.0238  0.0238  0.0238  0.0238  0.0238  0.0238  0.0238
  0.0240  0.0239  0.0239  0.0239  0.0239  0.0239  0.0239  0.0240  0.0239  0.0239  0.0239  0.0239
  0.0243  0.0242  0.0240  0.0243  0.0243  0.0240  0.0242  0.0243  0.0242  0.0242  0.0240  0.0241
  0.0248  0.0246  0.0243  0.0250  0.0248  0.0242  0.0247  0.0249  0.0246  0.0247  0.0241  0.0243
niter,ni,del,rscale     2    3    5.0000    0.5000
parameters
    1.2525   -3.0800    4.8695   -3.8807  -18.1230   -8.2970
    9.5219   -2.2049   -8.1381   28.3196    3.6347  -34.0389
eta,q 0.97616  8.14767
  0.0245  0.0243  0.0241  0.0247  0.0245  0.0241  0.0244  0.0245  0.0244  0.0244  0.0240  0.0242
  0.0241  0.0241  0.0240  0.0243  0.0242  0.0240  0.0241  0.0241  0.0241  0.0241  0.0239  0.0240
  0.0239  0.0239  0.0239  0.0240  0.0239  0.0239  0.0239  0.0239  0.0239  0.0239  0.0239  0.0239
  0.0238  0.0238  0.0238  0.0238  0.0238  0.0238  0.0238  0.0238  0.0238  0.0238  0.0238  0.0238
  0.0239  0.0239  0.0239  0.0239  0.0239  0.0239  0.0239  0.0239  0.0239  0.0239  0.0239  0.0239
  0.0241  0.0241  0.0240  0.0242  0.0241  0.0240  0.0241  0.0242  0.0241  0.0241  0.0239  0.0240
  0.0245  0.0244  0.0241  0.0247  0.0245  0.0241  0.0244  0.0245  0.0244  0.0244  0.0240  0.0242
niter,ni,del,rscale     1    3    5.0000    0.4000
parameters
    1.2530   -3.0883    4.8666   -3.8149  -18.0972   -8.3722
    9.5155   -2.2208   -8.1315   28.3179    3.6016  -34.0572
eta,q 0.97617  8.14747
  0.0243  0.0242  0.0240  0.0244  0.0243  0.0240  0.0242  0.0243  0.0242  0.0242  0.0240  0.0240
  0.0240  0.0240  0.0239  0.0241  0.0241  0.0239  0.0240  0.0240  0.0240  0.0240  0.0239  0.0239
  0.0239  0.0239  0.0239  0.0239  0.0239  0.0238  0.0239  0.0239  0.0239  0.0239  0.0239  0.0239
  0.0238  0.0238  0.0238  0.0238  0.0238  0.0238  0.0238  0.0238  0.0238  0.0238  0.0238  0.0238
  0.0239  0.0239  0.0239  0.0239  0.0239  0.0239  0.0239  0.0239  0.0239  0.0239  0.0239  0.0239
  0.0240  0.0240  0.0239  0.0241  0.0240  0.0239  0.0240  0.0240  0.0240  0.0240  0.0239  0.0239
  0.0243  0.0242  0.0240  0.0244  0.0243  0.0240  0.0242  0.0243  0.0242  0.0242  0.0240  0.0240
registration optimization eta report
parameter search radius
    0.8000    0.8000    0.8000    2.4000    2.4000    2.4000
    2.4000    2.4000    2.4000    2.4000    2.4000    2.4000
100000*second partial in parameter space
       65.       52.       29.       10.        8.        3.
        7.        8.        6.        7.        2.        4.
  0.0243  0.0242  0.0240  0.0244  0.0243  0.0240  0.0242  0.0243  0.0242  0.0242  0.0240  0.0240
  0.0240  0.0240  0.0239  0.0241  0.0241  0.0239  0.0240  0.0240  0.0240  0.0240  0.0239  0.0239
  0.0239  0.0239  0.0239  0.0239  0.0239  0.0238  0.0239  0.0239  0.0239  0.0239  0.0239  0.0239
  0.0238  0.0238  0.0238  0.0238  0.0238  0.0238  0.0238  0.0238  0.0238  0.0238  0.0238  0.0238
  0.0239  0.0239  0.0239  0.0239  0.0239  0.0239  0.0239  0.0239  0.0239  0.0239  0.0239  0.0239
  0.0240  0.0240  0.0239  0.0241  0.0240  0.0239  0.0240  0.0240  0.0240  0.0240  0.0239  0.0239
  0.0243  0.0242  0.0240  0.0244  0.0243  0.0240  0.0242  0.0243  0.0242  0.0242  0.0240  0.0240
    1.2530   -3.0883    4.8666   -3.8149  -18.0972   -8.3722
    9.5155   -2.2208   -8.1315   28.3179    3.6016  -34.0572
eta,q 0.97617  8.14747

---------------------------------------------------------------------
imgreg_4dfp /opt/freesurfer/average/711-2C_as_mni_average_305 /opt/freesurfer/average/711-2B_as_mni_average_305_mask talsrcimg_g11 none talsrcimg_to_711-2C_as_mni_average_305_t4 2311
---------------------------------------------------------------------

freesurfer imgreg_4dfp.c
/opt/freesurfer/average/711-2C_as_mni_average_305.4dfp.img
       256       256       256         1
  1.000000  1.000000  1.000000
orientation T byte_order littleendian
Reading image: /opt/freesurfer/average/711-2C_as_mni_average_305.4dfp.img
dimensions:      256       256       256
mmppix:       1.0000   -1.0000   -1.0000
center:     128.0000 -129.0000 -129.0000
/opt/freesurfer/average/711-2B_as_mni_average_305_mask.4dfp.img
       256       256       256         1
  1.000000  1.000000  1.000000
orientation T byte_order littleendian
Reading mask: /opt/freesurfer/average/711-2B_as_mni_average_305_mask.4dfp.img (2306576 pixels)
talsrcimg_g11.4dfp.img
       256       256       256         1
  1.000000  1.000000  1.000000
orientation T byte_order littleendian
Reading image: talsrcimg_g11.4dfp.img
dimensions:      256       256       256
mmppix:       1.0000   -1.0000   -1.0000
center:     128.0000 -129.0000 -129.0000
fimgreg.f
image alignment mode   2311 decimal      907 hex
parameters
    1.2530   -3.0883    4.8666   -3.8149  -18.0972   -8.3722
    9.5155   -2.2208   -8.1315   28.3179    3.6016  -34.0572
eta,q 0.97617  8.14747
niter,ni,del,rscale     5    3    5.0000    0.8000
parameters
    1.2504   -3.0806    4.8452   -4.1188  -18.1921   -8.3191
    9.5370   -2.1645   -8.1334   28.3552    3.6669  -34.0042
eta,q 0.97614  8.14140
  0.0254  0.0251  0.0245  0.0255  0.0254  0.0247  0.0253  0.0257  0.0252  0.0253  0.0244  0.0247
  0.0246  0.0244  0.0242  0.0247  0.0246  0.0242  0.0245  0.0247  0.0244  0.0245  0.0241  0.0242
  0.0240  0.0240  0.0239  0.0241  0.0241  0.0239  0.0240  0.0240  0.0240  0.0240  0.0239  0.0239
  0.0238  0.0238  0.0238  0.0238  0.0239  0.0239  0.0239  0.0239  0.0239  0.0239  0.0239  0.0239
  0.0240  0.0240  0.0239  0.0241  0.0240  0.0239  0.0240  0.0241  0.0240  0.0240  0.0239  0.0240
  0.0246  0.0244  0.0242  0.0249  0.0246  0.0241  0.0245  0.0246  0.0245  0.0245  0.0241  0.0242
  0.0254  0.0251  0.0246  0.0261  0.0257  0.0247  0.0253  0.0255  0.0252  0.0253  0.0243  0.0246
niter,ni,del,rscale     4    3    5.0000    0.7000
parameters
    1.2575   -3.0592    4.8712   -4.0319  -18.1644   -8.2619
    9.5450   -2.1780   -8.1467   28.3402    3.6524  -33.9976
eta,q 0.97615  8.14471
  0.0251  0.0249  0.0244  0.0253  0.0252  0.0245  0.0250  0.0252  0.0249  0.0250  0.0242  0.0245
  0.0244  0.0243  0.0241  0.0247  0.0245  0.0241  0.0244  0.0244  0.0243  0.0244  0.0240  0.0241
  0.0240  0.0240  0.0239  0.0242  0.0240  0.0239  0.0240  0.0240  0.0240  0.0240  0.0239  0.0239
  0.0239  0.0239  0.0239  0.0239  0.0238  0.0238  0.0238  0.0238  0.0238  0.0238  0.0238  0.0238
  0.0240  0.0240  0.0239  0.0239  0.0240  0.0239  0.0240  0.0240  0.0240  0.0240  0.0239  0.0239
  0.0244  0.0243  0.0241  0.0245  0.0244  0.0241  0.0244  0.0245  0.0243  0.0244  0.0240  0.0241
  0.0251  0.0248  0.0244  0.0254  0.0252  0.0244  0.0250  0.0252  0.0249  0.0250  0.0242  0.0244
niter,ni,del,rscale     3    3    5.0000    0.6000
parameters
    1.2540   -3.0729    4.8731   -3.9489  -18.1444   -8.2459
    9.5337   -2.1898   -8.1405   28.3302    3.6491  -34.0200
eta,q 0.97616  8.14737
  0.0248  0.0246  0.0243  0.0250  0.0248  0.0243  0.0247  0.0249  0.0246  0.0247  0.0241  0.0243
  0.0243  0.0242  0.0240  0.0245  0.0243  0.0240  0.0242  0.0243  0.0242  0.0242  0.0240  0.0240
  0.0239  0.0239  0.0239  0.0241  0.0240  0.0239  0.0239  0.0239  0.0239  0.0239  0.0239  0.0239
  0.0238  0.0238  0.0238  0.0238  0.0238  0.0238  0.0238  0.0238  0.0238  0.0238  0.0238  0.0238
  0.0239  0.0239  0.0239  0.0239  0.0239  0.0239  0.0239  0.0240  0.0239  0.0239  0.0239  0.0239
  0.0243  0.0242  0.0240  0.0243  0.0243  0.0240  0.0242  0.0243  0.0242  0.0242  0.0240  0.0241
  0.0248  0.0246  0.0243  0.0250  0.0248  0.0242  0.0247  0.0248  0.0246  0.0247  0.0241  0.0243
niter,ni,del,rscale     2    3    5.0000    0.5000
parameters
    1.2518   -3.0821    4.8710   -3.8785  -18.1231   -8.2844
    9.5288   -2.2041   -8.1348   28.3242    3.6361  -34.0276
eta,q 0.97616  8.14812
  0.0245  0.0243  0.0241  0.0247  0.0245  0.0241  0.0244  0.0246  0.0244  0.0244  0.0240  0.0242
  0.0241  0.0241  0.0240  0.0243  0.0242  0.0240  0.0241  0.0241  0.0241  0.0241  0.0239  0.0240
  0.0239  0.0239  0.0239  0.0240  0.0239  0.0239  0.0239  0.0239  0.0239  0.0239  0.0239  0.0239
  0.0238  0.0238  0.0238  0.0238  0.0238  0.0238  0.0238  0.0238  0.0238  0.0238  0.0238  0.0238
  0.0239  0.0239  0.0239  0.0239  0.0239  0.0239  0.0239  0.0239  0.0239  0.0239  0.0239  0.0239
  0.0241  0.0241  0.0240  0.0242  0.0241  0.0240  0.0241  0.0242  0.0241  0.0241  0.0239  0.0240
  0.0245  0.0244  0.0241  0.0247  0.0245  0.0241  0.0244  0.0245  0.0244  0.0244  0.0240  0.0241
niter,ni,del,rscale     1    3    5.0000    0.4000
parameters
    1.2508   -3.0906    4.8664   -3.8119  -18.0995   -8.3662
    9.5156   -2.2227   -8.1290   28.3177    3.6313  -34.0501
eta,q 0.97616  8.14770
  0.0242  0.0242  0.0240  0.0244  0.0243  0.0240  0.0242  0.0243  0.0242  0.0242  0.0240  0.0240
  0.0240  0.0240  0.0239  0.0241  0.0240  0.0239  0.0240  0.0240  0.0240  0.0240  0.0239  0.0239
  0.0239  0.0239  0.0239  0.0239  0.0239  0.0238  0.0239  0.0239  0.0239  0.0239  0.0239  0.0239
  0.0238  0.0238  0.0238  0.0238  0.0238  0.0238  0.0238  0.0238  0.0238  0.0238  0.0238  0.0238
  0.0239  0.0239  0.0239  0.0239  0.0239  0.0239  0.0239  0.0239  0.0239  0.0239  0.0238  0.0239
  0.0240  0.0240  0.0239  0.0241  0.0240  0.0239  0.0240  0.0240  0.0240  0.0240  0.0239  0.0239
  0.0243  0.0242  0.0240  0.0244  0.0243  0.0240  0.0242  0.0243  0.0242  0.0242  0.0240  0.0240
registration optimization eta report
parameter search radius
    0.8000    0.8000    0.8000    2.4000    2.4000    2.4000
    2.4000    2.4000    2.4000    2.4000    2.4000    2.4000
100000*second partial in parameter space
       65.       52.       29.       10.        8.        3.
        7.        8.        6.        7.        2.        4.
  0.0242  0.0242  0.0240  0.0244  0.0243  0.0240  0.0242  0.0243  0.0242  0.0242  0.0240  0.0240
  0.0240  0.0240  0.0239  0.0241  0.0240  0.0239  0.0240  0.0240  0.0240  0.0240  0.0239  0.0239
  0.0239  0.0239  0.0239  0.0239  0.0239  0.0238  0.0239  0.0239  0.0239  0.0239  0.0239  0.0239
  0.0238  0.0238  0.0238  0.0238  0.0238  0.0238  0.0238  0.0238  0.0238  0.0238  0.0238  0.0238
  0.0239  0.0239  0.0239  0.0239  0.0239  0.0239  0.0239  0.0239  0.0239  0.0239  0.0238  0.0239
  0.0240  0.0240  0.0239  0.0241  0.0240  0.0239  0.0240  0.0240  0.0240  0.0240  0.0239  0.0239
  0.0243  0.0242  0.0240  0.0244  0.0243  0.0240  0.0242  0.0243  0.0242  0.0242  0.0240  0.0240
    1.2508   -3.0906    4.8664   -3.8119  -18.0995   -8.3662
    9.5156   -2.2227   -8.1290   28.3177    3.6313  -34.0501
eta,q 0.97616  8.14770

---------------------------------------------------------------------
compute_vox2vox talsrcimg talsrcimg_to_711-2C_as_mni_average_305_t4 /opt/freesurfer/average/711-2C_as_mni_average_305
---------------------------------------------------------------------

freesurfer compute_vox2vox.c
Reading: talsrcimg.4dfp.ifh
Reading: talsrcimg_to_711-2C_as_mni_average_305_t4
Reading: /opt/freesurfer/average/711-2C_as_mni_average_305.4dfp.ifh
Writing: talsrcimg_to_711-2C_as_mni_average_305_t4_vox2vox.txt

start time Thu Mar 12 14:19:59 CET 2026
end		time Thu Mar 12 14:20:13 CET 2026

mpr2mni305 success

avi2talxfm orig_nu.mgz /opt/freesurfer/average/mni305.cor.mgz talsrcimg_to_711-2C_as_mni_average_305_t4_vox2vox.txt transforms/talairach.auto.xfm
avi2talxfm done
mv -f /out/sourcedata/freesurfer/sub-v1s1x0050645_ses-1/mri/talsrcimg_to_711-2C_as_mni_average_305_t4_vox2vox.txt /out/sourcedata/freesurfer/sub-v1s1x0050645_ses-1/mri/transforms/talsrcimg_to_711-2C_as_mni_average_305_t4_vox2vox.txt
lta_convert --src orig_nu.mgz --trg /opt/freesurfer/average/mni305.cor.mgz --inxfm transforms/talairach.auto.xfm --outlta transforms/talairach.auto.xfm.lta --subject fsaverage
7.3.2

--src: orig_nu.mgz src image (geometry).
--trg: /opt/freesurfer/average/mni305.cor.mgz trg image (geometry).
--inmni: transforms/talairach.auto.xfm input MNI/XFM transform.
--outlta: transforms/talairach.auto.xfm.lta output LTA.
--s: fsaverage subject name
 LTA read, type : 1
 1.02938   0.05488  -0.09678   8.50276;
-0.00250   0.96692   0.40229  -10.77087;
 0.10304  -0.32887   1.07229  -46.33838;
 0.00000   0.00000   0.00000   1.00000;
setting subject to fsaverage
Writing  LTA to file transforms/talairach.auto.xfm.lta...
lta_convert successful.
 
 
Started at Thu Mar 12 14:19:58 CET 2026
Ended   at Thu Mar 12 14:20:13 CET 2026
talairach_avi done
