/out/sourcedata/freesurfer/sub-v1s1x0050651_ses-1/mri
/opt/freesurfer/bin/talairach_avi
--i orig_nu.mgz --xfm transforms/talairach.auto.xfm
talairach_avi 7.3.2
Linux dna013 5.14.0-427.37.1.el9_4.x86_64 #1 SMP PREEMPT_DYNAMIC Fri Sep 13 12:41:50 EDT 2024 x86_64 x86_64 x86_64 GNU/Linux
Thu Mar 12 14:26:37 CET 2026
mri_convert orig_nu.mgz talsrcimg.img 
reading from orig_nu.mgz...
TR=0.00, TE=0.00, TI=0.00, flip angle=0.00
i_ras = (-1, 0, 0)
j_ras = (0, 0, -1)
k_ras = (0, 1, 0)
writing to talsrcimg.img...
Analyze Output Matrix
-1.00000   0.00000   0.00000   129.50000;
 0.00000   0.00000   1.00000  -128.00000;
 0.00000  -1.00000   0.00000   130.00000;
 0.00000   0.00000   0.00000   1.00000;
--------------------
INFO: set hdr.hist.orient to -1
mpr2mni305 talsrcimg
Thu Mar 12 14:26:38 CET 2026
/opt/freesurfer/bin/mpr2mni305 talsrcimg
mpr2mni305 7.3.2
target=711-2C_as_mni_average_305

---------------------------------------------------------------------
analyzeto4dfp talsrcimg -O0 -y
---------------------------------------------------------------------

freesurfer ifh2hdr.c
Thu Mar 12 14:26:38 2026
Writing: talsrcimg.4dfp.hdr
freesurfer analyzeto4dfp.c
Reading: talsrcimg.hdr
header size 348 bytes
hdr.dime.datatype	offset=70	value=2
hdr.dime.bitpix		offset=72	value=8
hdr.hist.orient		offset=252	value=-1
dimensionality     4
dimensions       256       256       256         1
Reading: talsrcimg.img
Writing: talsrcimg.4dfp.img
Writing: talsrcimg.4dfp.ifh
ifh2hdr talsrcimg -r0to252
ori=2

---------------------------------------------------------------------
gauss_4dfp talsrcimg 1.1
---------------------------------------------------------------------

freesurfer gauss_4dfp.c
Reading: talsrcimg.4dfp.img
Writing: talsrcimg_g11.4dfp.img
image dimensions 256 256 256 padded to 288 288 288
processing volume 1freesurfer ifh2hdr.c
Thu Mar 12 14:26:40 2026
Writing: talsrcimg_g11.4dfp.hdr

Writing: talsrcimg_g11.4dfp.ifh
including: talsrcimg.4dfp.img.rec in talsrcimg_g11.4dfp.img.rec

---------------------------------------------------------------------
imgreg_4dfp /opt/freesurfer/average/711-2C_as_mni_average_305 none talsrcimg_g11 none talsrcimg_to_711-2C_as_mni_average_305_t4 4355
---------------------------------------------------------------------

freesurfer imgreg_4dfp.c
/opt/freesurfer/average/711-2C_as_mni_average_305.4dfp.img
       256       256       256         1
  1.000000  1.000000  1.000000
orientation T byte_order littleendian
Reading image: /opt/freesurfer/average/711-2C_as_mni_average_305.4dfp.img
dimensions:      256       256       256
mmppix:       1.0000   -1.0000   -1.0000
center:     128.0000 -129.0000 -129.0000
talsrcimg_g11.4dfp.img
       256       256       256         1
  1.000000  1.000000  1.000000
orientation T byte_order littleendian
Reading image: talsrcimg_g11.4dfp.img
dimensions:      256       256       256
mmppix:       1.0000   -1.0000   -1.0000
center:     128.0000 -129.0000 -129.0000
t4_read: open error in t4_sub.f l:  41 t4_file(1:l)talsrcimg_to_711-2C_as_mni_average_305_t4 
t4_read: transform initialized to I4
rotation matrix determinant  1.000000
image alignment mode   4355 decimal     1103 hex
   -7.5000  -45.0000  -45.0000 9377.6836   11.9867
    0.0000  -45.0000  -45.0000 9757.9258   12.0098
    7.5000  -45.0000  -45.0000 9266.1729   12.0228
   -7.5000  -37.5000  -45.0000 9945.7383   11.9732
    0.0000  -37.5000  -45.000010338.4062   11.9906
    7.5000  -37.5000  -45.0000 9819.5898   12.0063
   -7.5000  -30.0000  -45.000010899.1709   11.9459
    0.0000  -30.0000  -45.000011329.4580   11.9579
    7.5000  -30.0000  -45.000010767.9131   11.9733
   -7.5000  -22.5000  -45.000011805.8096   11.9193
    0.0000  -22.5000  -45.000012253.7207   11.9318
    7.5000  -22.5000  -45.000011659.2031   11.9433
   -7.5000  -15.0000  -45.000012587.2666   11.9147
    0.0000  -15.0000  -45.000013096.3994   11.9328
    7.5000  -15.0000  -45.000012471.9629   11.9406
   -7.5000   -7.5000  -45.000013338.5469   11.9366
    0.0000   -7.5000  -45.000013823.0352   11.9599
    7.5000   -7.5000  -45.000013206.6787   11.9688
   -7.5000    0.0000  -45.000013864.5889   11.9602
    0.0000    0.0000  -45.000014342.1846   11.9833
    7.5000    0.0000  -45.000013716.3154   11.9961
   -7.5000    7.5000  -45.000013323.5068   11.9604
    0.0000    7.5000  -45.000013768.3936   11.9778
    7.5000    7.5000  -45.000013120.0801   11.9934
   -7.5000   15.0000  -45.000012693.7334   11.9402
    0.0000   15.0000  -45.000013112.7383   11.9522
    7.5000   15.0000  -45.000012508.8408   11.9676
   -7.5000   22.5000  -45.000011951.5762   11.9165
    0.0000   22.5000  -45.000012348.7871   11.9290
    7.5000   22.5000  -45.000011800.8516   11.9404
   -7.5000   30.0000  -45.000011069.1104   11.7559
    0.0000   30.0000  -45.000011432.2148   11.7737
    7.5000   30.0000  -45.000010949.0527   11.7815
   -7.5000   37.5000  -45.000010443.3086   11.7780
    0.0000   37.5000  -45.000010783.1992   11.8009
    7.5000   37.5000  -45.000010347.9932   11.8097
   -7.5000   45.0000  -45.0000 9477.3926   11.5128
    0.0000   45.0000  -45.0000 9783.4922   11.5350
    7.5000   45.0000  -45.0000 9382.3740   11.5473
   -7.5000  -45.0000  -37.5000 9785.9473   11.9961
    0.0000  -45.0000  -37.500010191.1504   12.0197
    7.5000  -45.0000  -37.5000 9677.9795   12.0291
   -7.5000  -37.5000  -37.500010395.8496   11.9774
    0.0000  -37.5000  -37.500010795.9521   11.9954
    7.5000  -37.5000  -37.500010276.8203   12.0085
   -7.5000  -30.0000  -37.500011406.1289   11.9461
    0.0000  -30.0000  -37.500011840.4346   11.9591
    7.5000  -30.0000  -37.500011248.9385   11.9726
   -7.5000  -22.5000  -37.500012347.7412   11.9212
    0.0000  -22.5000  -37.500012817.9619   11.9352
    7.5000  -22.5000  -37.500012186.4033   11.9448
   -7.5000  -15.0000  -37.500013156.0898   11.9217
    0.0000  -15.0000  -37.500013682.0039   11.9418
    7.5000  -15.0000  -37.500012998.1348   11.9474
   -7.5000   -7.5000  -37.500013920.5508   11.9473
    0.0000   -7.5000  -37.500014441.6055   11.9718
    7.5000   -7.5000  -37.500013765.8730   11.9776
   -7.5000    0.0000  -37.500014470.9482   11.9696
    0.0000    0.0000  -37.500015032.4385   11.9932
    7.5000    0.0000  -37.500014297.9580   12.0024
   -7.5000    7.5000  -37.500013904.4834   11.9645
    0.0000    7.5000  -37.500014442.9941   11.9826
    7.5000    7.5000  -37.500013729.3984   11.9956
   -7.5000   15.0000  -37.500013193.0410   11.9403
    0.0000   15.0000  -37.500013690.7998   11.9534
    7.5000   15.0000  -37.500013031.2383   11.9668
   -7.5000   22.5000  -37.500012420.6895   11.9183
    0.0000   22.5000  -37.500012880.3516   11.9323
    7.5000   22.5000  -37.500012285.7715   11.9420
   -7.5000   30.0000  -37.500011530.7705   11.7629
    0.0000   30.0000  -37.500011924.1641   11.7827
    7.5000   30.0000  -37.500011407.8730   11.7882
   -7.5000   37.5000  -37.500010888.9844   11.7885
    0.0000   37.5000  -37.500011260.2480   11.8127
    7.5000   37.5000  -37.500010788.0400   11.8184
   -7.5000   45.0000  -37.5000 9880.2979   11.5220
    0.0000   45.0000  -37.500010206.4736   11.5448
    7.5000   45.0000  -37.5000 9795.1709   11.5537
   -7.5000  -45.0000  -30.000010347.1680   12.5258
    0.0000  -45.0000  -30.000010759.8975   12.5462
    7.5000  -45.0000  -30.000010241.7842   12.5499
   -7.5000  -37.5000  -30.000010999.0312   12.4996
    0.0000  -37.5000  -30.000011425.9551   12.5131
    7.5000  -37.5000  -30.000010883.2676   12.5192
   -7.5000  -30.0000  -30.000012068.0781   12.4595
    0.0000  -30.0000  -30.000012527.2998   12.4676
    7.5000  -30.0000  -30.000011917.9873   12.4745
   -7.5000  -22.5000  -30.000013073.5088   12.4324
    0.0000  -22.5000  -30.000013603.0820   12.4434
    7.5000  -22.5000  -30.000012902.7646   12.4485
   -7.5000  -15.0000  -30.000013897.4502   12.4384
    0.0000  -15.0000  -30.000014492.5605   12.4577
    7.5000  -15.0000  -30.000013728.9189   12.4608
   -7.5000   -7.5000  -30.000014685.9756   12.4728
    0.0000   -7.5000  -30.000015295.9482   12.4959
    7.5000   -7.5000  -30.000014515.3584   12.4985
   -7.5000    0.0000  -30.000015269.5420   12.4980
    0.0000    0.0000  -30.000015953.7656   12.5185
    7.5000    0.0000  -30.000015110.0596   12.5220
   -7.5000    7.5000  -30.000014659.3496   12.4861
    0.0000    7.5000  -30.000015344.2188   12.4998
    7.5000    7.5000  -30.000014533.1631   12.5057
   -7.5000   15.0000  -30.000013849.7510   12.4534
    0.0000   15.0000  -30.000014502.3623   12.4616
    7.5000   15.0000  -30.000013753.8818   12.4684
   -7.5000   22.5000  -30.000013031.9492   12.4280
    0.0000   22.5000  -30.000013604.6250   12.4391
    7.5000   22.5000  -30.000012926.0518   12.4442
   -7.5000   30.0000  -30.000012135.8721   12.2738
    0.0000   30.0000  -30.000012614.7334   12.2928
    7.5000   30.0000  -30.000012018.5547   12.2959
   -7.5000   37.5000  -30.000011520.5449   12.3083
    0.0000   37.5000  -30.000011924.0850   12.3311
    7.5000   37.5000  -30.000011405.9258   12.3336
   -7.5000   45.0000  -30.000010444.9238   12.0390
    0.0000   45.0000  -30.000010790.8887   12.0587
    7.5000   45.0000  -30.000010340.5840   12.0623
   -7.5000  -45.0000  -22.500010891.9502   12.9771
    0.0000  -45.0000  -22.500011285.5742   12.9930
    7.5000  -45.0000  -22.500010746.9570   12.9941
   -7.5000  -37.5000  -22.500011574.4141   12.9490
    0.0000  -37.5000  -22.500012007.9805   12.9567
    7.5000  -37.5000  -22.500011438.9502   12.9576
   -7.5000  -30.0000  -22.500012682.1680   12.9039
    0.0000  -30.0000  -22.500013160.7393   12.9056
    7.5000  -30.0000  -22.500012509.8242   12.9073
   -7.5000  -22.5000  -22.500013749.5254   12.8724
    0.0000  -22.5000  -22.500014334.4307   12.8783
    7.5000  -22.5000  -22.500013550.4766   12.8810
   -7.5000  -15.0000  -22.500014656.9336   12.8784
    0.0000  -15.0000  -22.500015303.5928   12.8938
    7.5000  -15.0000  -22.500014448.5811   12.8971
   -7.5000   -7.5000  -22.500015393.6914   12.9182
    0.0000   -7.5000  -22.500016114.2910   12.9377
    7.5000   -7.5000  -22.500015230.4170   12.9401
   -7.5000    0.0000  -22.500015976.0977   12.9483
    0.0000    0.0000  -22.500016814.5566   12.9642
    7.5000    0.0000  -22.500015857.3340   12.9652
   -7.5000    7.5000  -22.500015355.2021   12.9350
    0.0000    7.5000  -22.500016195.8555   12.9428
    7.5000    7.5000  -22.500015264.6885   12.9437
   -7.5000   15.0000  -22.500014517.5068   12.8976
    0.0000   15.0000  -22.500015307.2266   12.8994
    7.5000   15.0000  -22.500014415.0469   12.9010
   -7.5000   22.5000  -22.500013668.0166   12.8670
    0.0000   22.5000  -22.500014346.0205   12.8729
    7.5000   22.5000  -22.500013512.1084   12.8756
   -7.5000   30.0000  -22.500012775.2422   12.7100
    0.0000   30.0000  -22.500013320.4951   12.7251
    7.5000   30.0000  -22.500012594.4014   12.7284
   -7.5000   37.5000  -22.500012152.2939   12.7498
    0.0000   37.5000  -22.500012617.2568   12.7690
    7.5000   37.5000  -22.500011974.3770   12.7714
   -7.5000   45.0000  -22.500011004.5459   12.4812
    0.0000   45.0000  -22.500011388.2480   12.4966
    7.5000   45.0000  -22.500010830.4238   12.4977
   -7.5000  -45.0000  -15.000011340.1348   13.2830
    0.0000  -45.0000  -15.000011756.3955   13.2984
    7.5000  -45.0000  -15.000011204.0391   13.3028
   -7.5000  -37.5000  -15.000012040.1631   13.2597
    0.0000  -37.5000  -15.000012518.1211   13.2662
    7.5000  -37.5000  -15.000011920.6055   13.2698
   -7.5000  -30.0000  -15.000013185.7764   13.2177
    0.0000  -30.0000  -15.000013735.1621   13.2176
    7.5000  -30.0000  -15.000013033.4287   13.2215
   -7.5000  -22.5000  -15.000014339.8955   13.1839
    0.0000  -22.5000  -15.000015008.4961   13.1875
    7.5000  -22.5000  -15.000014138.8252   13.1925
   -7.5000  -15.0000  -15.000015362.4072   13.1846
    0.0000  -15.0000  -15.000016165.7715   13.1974
    7.5000  -15.0000  -15.000015122.5664   13.2036
   -7.5000   -7.5000  -15.000016168.5693   13.2214
    0.0000   -7.5000  -15.000017087.3906   13.2395
    7.5000   -7.5000  -15.000015943.2393   13.2453
   -7.5000    0.0000  -15.000016779.8223   13.2535
    0.0000    0.0000  -15.000017728.6016   13.2689
    7.5000    0.0000  -15.000016559.3867   13.2733
   -7.5000    7.5000  -15.000016161.2480   13.2454
    0.0000    7.5000  -15.000017000.5430   13.2520
    7.5000    7.5000  -15.000015912.4053   13.2556
   -7.5000   15.0000  -15.000015286.4346   13.2113
    0.0000   15.0000  -15.000016045.4258   13.2113
    7.5000   15.0000  -15.000015030.3369   13.2151
   -7.5000   22.5000  -15.000014362.0254   13.1778
    0.0000   22.5000  -15.000015020.9912   13.1815
    7.5000   22.5000  -15.000014071.3184   13.1864
   -7.5000   30.0000  -15.000013375.1631   13.0139
    0.0000   30.0000  -15.000013940.8457   13.0266
    7.5000   30.0000  -15.000013107.0469   13.0327
   -7.5000   37.5000  -15.000012720.9121   13.0509
    0.0000   37.5000  -15.000013227.1729   13.0687
    7.5000   37.5000  -15.000012501.4932   13.0745
   -7.5000   45.0000  -15.000011512.0605   12.7829
    0.0000   45.0000  -15.000011950.5225   12.7977
    7.5000   45.0000  -15.000011310.4590   12.8020
   -7.5000  -45.0000   -7.500011730.4248   13.4092
    0.0000  -45.0000   -7.500012230.5010   13.4296
    7.5000  -45.0000   -7.500011645.3555   13.4410
   -7.5000  -37.5000   -7.500012475.1914   13.3926
    0.0000  -37.5000   -7.500013018.6416   13.4051
    7.5000  -37.5000   -7.500012413.5566   13.4170
   -7.5000  -30.0000   -7.500013691.4756   13.3581
    0.0000  -30.0000   -7.500014289.0195   13.3639
    7.5000  -30.0000   -7.500013598.5137   13.3755
   -7.5000  -22.5000   -7.500014886.7979   13.3255
    0.0000  -22.5000   -7.500015574.1104   13.3332
    7.5000  -22.5000   -7.500014729.6045   13.3431
   -7.5000  -15.0000   -7.500016122.6973   13.3206
    0.0000  -15.0000   -7.500016903.8691   13.3360
    7.5000  -15.0000   -7.500015810.0137   13.3447
   -7.5000   -7.5000   -7.500017260.1230   13.3495
    0.0000   -7.5000   -7.500018121.1172   13.3710
    7.5000   -7.5000   -7.500016766.3203   13.3807
   -7.5000    0.0000   -7.500017940.1289   13.3795
    0.0000    0.0000   -7.500018775.4570   13.3999
    7.5000    0.0000   -7.500017387.8105   13.4112
   -7.5000    7.5000   -7.500017135.8691   13.3782
    0.0000    7.5000   -7.500017884.2578   13.3907
    7.5000    7.5000   -7.500016633.5586   13.4027
   -7.5000   15.0000   -7.500016082.3848   13.3517
    0.0000   15.0000   -7.500016815.3652   13.3576
    7.5000   15.0000   -7.500015701.5039   13.3691
   -7.5000   22.5000   -7.500014982.2012   13.3180
    0.0000   22.5000   -7.500015725.0840   13.3257
    7.5000   22.5000   -7.500014711.4111   13.3355
   -7.5000   30.0000   -7.500013895.1719   13.1479
    0.0000   30.0000   -7.500014595.1553   13.1631
    7.5000   30.0000   -7.500013687.7168   13.1717
   -7.5000   37.5000   -7.500013242.8418   13.1769
    0.0000   37.5000   -7.500013864.9863   13.1981
    7.5000   37.5000   -7.500013061.4668   13.2077
   -7.5000   45.0000   -7.500011985.3252   12.9074
    0.0000   45.0000   -7.500012522.4131   12.9271
    7.5000   45.0000   -7.500011814.6250   12.9380
   -7.5000  -45.0000    0.000012016.9678   13.4126
    0.0000  -45.0000    0.000012509.0918   13.4384
    7.5000  -45.0000    0.000011971.9316   13.4529
   -7.5000  -37.5000    0.000012857.9844   13.3975
    0.0000  -37.5000    0.000013379.3281   13.4170
    7.5000  -37.5000    0.000012787.1182   13.4345
   -7.5000  -30.0000    0.000014150.0020   13.3668
    0.0000  -30.0000    0.000014712.2246   13.3802
    7.5000  -30.0000    0.000014036.5840   13.3975
   -7.5000  -22.5000    0.000015401.0312   13.3370
    0.0000  -22.5000    0.000016058.7021   13.3509
    7.5000  -22.5000    0.000015199.9688   13.3638
   -7.5000  -15.0000    0.000016609.6367   13.3317
    0.0000  -15.0000    0.000017463.5215   13.3519
    7.5000  -15.0000    0.000016352.7607   13.3608
   -7.5000   -7.5000    0.000017694.8613   13.3564
    0.0000   -7.5000    0.000018742.7480   13.3824
    7.5000   -7.5000    0.000017420.4023   13.3924
   -7.5000    0.0000    0.000018377.4375   13.3830
    0.0000    0.0000    0.000019414.9766   13.4088
    7.5000    0.0000    0.000018106.3477   13.4231
   -7.5000    7.5000    0.000017561.6133   13.3831
    0.0000    7.5000    0.000018504.0918   13.4027
    7.5000    7.5000    0.000017304.7832   13.4201
   -7.5000   15.0000    0.000016514.2422   13.3604
    0.0000   15.0000    0.000017416.5273   13.3739
    7.5000   15.0000    0.000016319.4863   13.3911
   -7.5000   22.5000    0.000015382.3506   13.3295
    0.0000   22.5000    0.000016241.4395   13.3434
    7.5000   22.5000    0.000015241.8965   13.3563
   -7.5000   30.0000    0.000014239.0811   13.1592
    0.0000   30.0000    0.000014989.2119   13.1791
    7.5000   30.0000    0.000014084.1445   13.1879
   -7.5000   37.5000    0.000013581.2920   13.1840
    0.0000   37.5000    0.000014222.4971   13.2097
    7.5000   37.5000    0.000013407.7686   13.2196
   -7.5000   45.0000    0.000012290.2959   12.9126
    0.0000   45.0000    0.000012851.1436   12.9376
    7.5000   45.0000    0.000012116.3340   12.9514
   -7.5000  -45.0000    7.500011397.8994   13.4239
    0.0000  -45.0000    7.500011881.2090   13.4503
    7.5000  -45.0000    7.500011358.0293   13.4609
   -7.5000  -37.5000    7.500012244.7900   13.4030
    0.0000  -37.5000    7.500012719.5557   13.4232
    7.5000  -37.5000    7.500012132.2910   13.4378
   -7.5000  -30.0000    7.500013485.4697   13.3680
    0.0000  -30.0000    7.500014024.3096   13.3825
    7.5000  -30.0000    7.500013341.5322   13.3977
   -7.5000  -22.5000    7.500014656.4307   13.3402
    0.0000  -22.5000    7.500015271.9512   13.3558
    7.5000  -22.5000    7.500014478.4014   13.3666
   -7.5000  -15.0000    7.500015787.5293   13.3407
    0.0000  -15.0000    7.500016539.4102   13.3632
    7.5000  -15.0000    7.500015567.4893   13.3695
   -7.5000   -7.5000    7.500016733.5215   13.3693
    0.0000   -7.5000    7.500017547.3262   13.3967
    7.5000   -7.5000    7.500016533.9629   13.4032
   -7.5000    0.0000    7.500017262.0879   13.3943
    0.0000    0.0000    7.500018054.7520   13.4207
    7.5000    0.0000    7.500017117.6816   13.4310
   -7.5000    7.5000    7.500016511.0762   13.3886
    0.0000    7.5000    7.500017293.7480   13.4089
    7.5000    7.5000    7.500016413.5508   13.4234
   -7.5000   15.0000    7.500015605.3125   13.3616
    0.0000   15.0000    7.500016376.4629   13.3761
    7.5000   15.0000    7.500015517.1719   13.3912
   -7.5000   22.5000    7.500014559.3428   13.3326
    0.0000   22.5000    7.500015293.9941   13.3482
    7.5000   22.5000    7.500014484.9385   13.3591
   -7.5000   30.0000    7.500013478.0537   13.1681
    0.0000   30.0000    7.500014102.8770   13.1902
    7.5000   30.0000    7.500013349.6523   13.1965
   -7.5000   37.5000    7.500012840.0674   13.1968
    0.0000   37.5000    7.500013385.3398   13.2239
    7.5000   37.5000    7.500012689.4668   13.2303
   -7.5000   45.0000    7.500011614.3301   12.9238
    0.0000   45.0000    7.500012116.6328   12.9493
    7.5000   45.0000    7.500011455.0967   12.9594
   -7.5000  -45.0000   15.000010726.7939   13.5447
    0.0000  -45.0000   15.000011189.9668   13.5668
    7.5000  -45.0000   15.000010664.7568   13.5708
   -7.5000  -37.5000   15.000011493.8809   13.5163
    0.0000  -37.5000   15.000011963.1602   13.5310
    7.5000  -37.5000   15.000011407.7422   13.5376
   -7.5000  -30.0000   15.000012651.3184   13.4729
    0.0000  -30.0000   15.000013148.1719   13.4816
    7.5000  -30.0000   15.000012556.4805   13.4891
   -7.5000  -22.5000   15.000013739.7471   13.4434
    0.0000  -22.5000   15.000014248.0020   13.4553
    7.5000  -22.5000   15.000013600.9814   13.4609
   -7.5000  -15.0000   15.000014755.6338   13.4499
    0.0000  -15.0000   15.000015345.7002   13.4706
    7.5000  -15.0000   15.000014596.6855   13.4741
   -7.5000   -7.5000   15.000015602.1641   13.4871
    0.0000   -7.5000   15.000016186.5850   13.5121
    7.5000   -7.5000   15.000015427.9082   13.5148
   -7.5000    0.0000   15.000016098.6953   13.5144
    0.0000    0.0000   15.000016695.6445   13.5366
    7.5000    0.0000   15.000015950.8799   13.5405
   -7.5000    7.5000   15.000015461.2783   13.5016
    0.0000    7.5000   15.000016109.3643   13.5164
    7.5000    7.5000   15.000015357.7510   13.5229
   -7.5000   15.0000   15.000014672.1387   13.4662
    0.0000   15.0000   15.000015329.3379   13.4750
    7.5000   15.0000   15.000014574.5557   13.4825
   -7.5000   22.5000   15.000013677.5381   13.4357
    0.0000   22.5000   15.000014294.3740   13.4476
    7.5000   22.5000   15.000013590.6396   13.4533
   -7.5000   30.0000   15.000012621.4756   13.2758
    0.0000   30.0000   15.000013174.3809   13.2963
    7.5000   30.0000   15.000012515.3115   13.2997
   -7.5000   37.5000   15.000012001.5244   13.3131
    0.0000   37.5000   15.000012500.7490   13.3378
    7.5000   37.5000   15.000011875.7334   13.3405
   -7.5000   45.0000   15.000010856.5010   13.0393
    0.0000   45.0000   15.000011310.7637   13.0607
    7.5000   45.0000   15.000010729.5996   13.0646
   -7.5000  -45.0000   22.5000 9961.9697   13.7381
    0.0000  -45.0000   22.500010405.3477   13.7550
    7.5000  -45.0000   22.5000 9905.2109   13.7568
   -7.5000  -37.5000   22.500010648.4746   13.7088
    0.0000  -37.5000   22.500011099.9893   13.7167
    7.5000  -37.5000   22.500010602.0518   13.7181
   -7.5000  -30.0000   22.500011698.8848   13.6598
    0.0000  -30.0000   22.500012149.1396   13.6611
    7.5000  -30.0000   22.500011629.3809   13.6631
   -7.5000  -22.5000   22.500012679.5137   13.6245
    0.0000  -22.5000   22.500013132.9922   13.6303
    7.5000  -22.5000   22.500012590.7852   13.6334
   -7.5000  -15.0000   22.500013588.4463   13.6299
    0.0000  -15.0000   22.500014092.6025   13.6460
    7.5000  -15.0000   22.500013505.3643   13.6502
   -7.5000   -7.5000   22.500014389.0244   13.6733
    0.0000   -7.5000   22.500014868.6592   13.6940
    7.5000   -7.5000   22.500014265.3760   13.6973
   -7.5000    0.0000   22.500014877.8994   13.7069
    0.0000    0.0000   22.500015394.6221   13.7240
    7.5000    0.0000   22.500014757.1738   13.7257
   -7.5000    7.5000   22.500014326.4814   13.6936
    0.0000    7.5000   22.500014850.8281   13.7017
    7.5000    7.5000   22.500014220.0557   13.7030
   -7.5000   15.0000   22.500013623.1279   13.6530
    0.0000   15.0000   22.500014143.8799   13.6544
    7.5000   15.0000   22.500013521.3789   13.6564
   -7.5000   22.5000   22.500012728.3037   13.6167
    0.0000   22.5000   22.500013234.1650   13.6225
    7.5000   22.5000   22.500012636.0410   13.6256
   -7.5000   30.0000   22.500011716.7725   13.4535
    0.0000   30.0000   22.500012183.3193   13.4694
    7.5000   30.0000   22.500011617.6426   13.4735
   -7.5000   37.5000   22.500011132.4023   13.4969
    0.0000   37.5000   22.500011588.3447   13.5174
    7.5000   37.5000   22.500011025.6348   13.5207
   -7.5000   45.0000   22.500010069.6475   13.2242
    0.0000   45.0000   22.500010495.5225   13.2407
    7.5000   45.0000   22.5000 9970.2080   13.2425
   -7.5000  -45.0000   30.0000 9124.6006   14.0264
    0.0000  -45.0000   30.0000 9531.6240   14.0444
    7.5000  -45.0000   30.0000 9101.0566   14.0509
   -7.5000  -37.5000   30.0000 9755.7666   14.0010
    0.0000  -37.5000   30.000010150.4229   14.0096
    7.5000  -37.5000   30.0000 9718.3535   14.0151
   -7.5000  -30.0000   30.000010717.1396   13.9541
    0.0000  -30.0000   30.000011132.6602   13.9555
    7.5000  -30.0000   30.000010666.9355   13.9608
   -7.5000  -22.5000   30.000011618.2383   13.9162
    0.0000  -22.5000   30.000012052.6670   13.9212
    7.5000  -22.5000   30.000011565.0576   13.9275
   -7.5000  -15.0000   30.000012461.1592   13.9167
    0.0000  -15.0000   30.000012924.3027   13.9315
    7.5000  -15.0000   30.000012403.9199   13.9392
   -7.5000   -7.5000   30.000013182.6611   13.9579
    0.0000   -7.5000   30.000013621.7451   13.9784
    7.5000   -7.5000   30.000013095.4609   13.9861
   -7.5000    0.0000   30.000013653.4336   13.9939
    0.0000    0.0000   30.000014139.6035   14.0120
    7.5000    0.0000   30.000013581.1357   14.0184
   -7.5000    7.5000   30.000013145.4092   13.9852
    0.0000    7.5000   30.000013631.4131   13.9940
    7.5000    7.5000   30.000013097.4678   13.9994
   -7.5000   15.0000   30.000012502.8584   13.9470
    0.0000   15.0000   30.000012974.8193   13.9485
    7.5000   15.0000   30.000012435.8867   13.9539
   -7.5000   22.5000   30.000011700.4404   13.9082
    0.0000   22.5000   30.000012162.6318   13.9132
    7.5000   22.5000   30.000011630.1777   13.9195
   -7.5000   30.0000   30.000010766.8525   13.7366
    0.0000   30.0000   30.000011192.6064   13.7512
    7.5000   30.0000   30.000010699.9473   13.7588
   -7.5000   37.5000   30.000010254.2490   13.7774
    0.0000   37.5000   30.000010658.1445   13.7977
    7.5000   37.5000   30.000010173.2891   13.8053
   -7.5000   45.0000   30.0000 9289.6816   13.4998
    0.0000   45.0000   30.0000 9664.2266   13.5171
    7.5000   45.0000   30.0000 9199.6875   13.5234
   -7.5000  -45.0000   37.5000 8653.5176   14.4529
    0.0000  -45.0000   37.5000 9048.2607   14.4759
    7.5000  -45.0000   37.5000 8633.1602   14.4861
   -7.5000  -37.5000   37.5000 9263.0176   14.4359
    0.0000  -37.5000   37.5000 9652.5850   14.4508
    7.5000  -37.5000   37.5000 9220.0518   14.4617
   -7.5000  -30.0000   37.500010195.3359   14.3952
    0.0000  -30.0000   37.500010617.7373   14.4028
    7.5000  -30.0000   37.500010151.4434   14.4137
   -7.5000  -22.5000   37.500011059.2637   14.3544
    0.0000  -22.5000   37.500011521.3359   14.3634
    7.5000  -22.5000   37.500011027.3408   14.3726
   -7.5000  -15.0000   37.500011848.9590   14.3462
    0.0000  -15.0000   37.500012339.4258   14.3632
    7.5000  -15.0000   37.500011808.5039   14.3710
   -7.5000   -7.5000   37.500012508.3311   14.3806
    0.0000   -7.5000   37.500012979.5225   14.4044
    7.5000   -7.5000   37.500012449.9814   14.4129
   -7.5000    0.0000   37.500013001.0088   14.4185
    0.0000    0.0000   37.500013491.3193   14.4416
    7.5000    0.0000   37.500012942.7100   14.4516
   -7.5000    7.5000   37.500012567.3086   14.4192
    0.0000    7.5000   37.500013040.9141   14.4342
    7.5000    7.5000   37.500012507.4854   14.4450
   -7.5000   15.0000   37.500011953.3340   14.3878
    0.0000   15.0000   37.500012388.9395   14.3955
    7.5000   15.0000   37.500011881.9541   14.4063
   -7.5000   22.5000   37.500011187.9365   14.3462
    0.0000   22.5000   37.500011617.4922   14.3552
    7.5000   22.5000   37.500011116.4492   14.3644
   -7.5000   30.0000   37.500010282.6445   14.1606
    0.0000   30.0000   37.500010715.9893   14.1773
    7.5000   30.0000   37.500010243.4971   14.1850
   -7.5000   37.5000   37.5000 9779.1943   14.1945
    0.0000   37.5000   37.500010190.2920   14.2180
    7.5000   37.5000   37.5000 9714.3506   14.2264
   -7.5000   45.0000   37.5000 8869.2637   13.9090
    0.0000   45.0000   37.5000 9262.1289   13.9312
    7.5000   45.0000   37.5000 8798.1963   13.9408
   -7.5000  -45.0000   45.0000 7838.6875   14.9643
    0.0000  -45.0000   45.0000 8222.0156   14.9972
    7.5000  -45.0000   45.0000 7820.3374   15.0118
   -7.5000  -37.5000   45.0000 8401.9961   14.9422
    0.0000  -37.5000   45.0000 8785.5879   14.9675
    7.5000  -37.5000   45.0000 8359.7617   14.9861
   -7.5000  -30.0000   45.0000 9271.9443   14.9009
    0.0000  -30.0000   45.0000 9697.4521   14.9185
    7.5000  -30.0000   45.0000 9231.5947   14.9371
   -7.5000  -22.5000   45.000010094.0049   14.8644
    0.0000  -22.5000   45.000010555.8701   14.8820
    7.5000  -22.5000   45.000010066.5723   14.8949
   -7.5000  -15.0000   45.000010792.2412   14.8609
    0.0000  -15.0000   45.000011274.7764   14.8858
    7.5000  -15.0000   45.000010761.9883   14.8931
   -7.5000   -7.5000   45.000011380.6836   14.8941
    0.0000   -7.5000   45.000011855.7129   14.9266
    7.5000   -7.5000   45.000011352.6416   14.9353
   -7.5000    0.0000   45.000011840.2480   14.9272
    0.0000    0.0000   45.000012331.2705   14.9601
    7.5000    0.0000   45.000011812.4795   14.9744
   -7.5000    7.5000   45.000011460.4336   14.9242
    0.0000    7.5000   45.000011912.0811   14.9496
    7.5000    7.5000   45.000011403.2041   14.9681
   -7.5000   15.0000   45.000010933.0996   14.8929
    0.0000   15.0000   45.000011348.9521   14.9105
    7.5000   15.0000   45.000010867.9189   14.9291
   -7.5000   22.5000   45.000010234.3975   14.8558
    0.0000   22.5000   45.000010651.1123   14.8734
    7.5000   22.5000   45.000010180.4775   14.8862
   -7.5000   30.0000   45.0000 9432.6191   14.6673
    0.0000   30.0000   45.0000 9849.6709   14.6918
    7.5000   30.0000   45.0000 9397.5146   14.6991
   -7.5000   37.5000   45.0000 8957.5146   14.7001
    0.0000   37.5000   45.0000 9363.1240   14.7321
    7.5000   37.5000   45.0000 8918.1826   14.7407
   -7.5000   45.0000   45.0000 8123.2480   14.4067
    0.0000   45.0000   45.0000 8502.9170   14.4384
    7.5000   45.0000   45.0000 8070.5034   14.4521

---------------------------------------------------------------------
imgreg_4dfp /opt/freesurfer/average/711-2C_as_mni_average_305 /opt/freesurfer/average/711-2B_as_mni_average_305_mask talsrcimg_g11 none talsrcimg_to_711-2C_as_mni_average_305_t4 4355
---------------------------------------------------------------------

freesurfer imgreg_4dfp.c
/opt/freesurfer/average/711-2C_as_mni_average_305.4dfp.img
       256       256       256         1
  1.000000  1.000000  1.000000
orientation T byte_order littleendian
Reading image: /opt/freesurfer/average/711-2C_as_mni_average_305.4dfp.img
dimensions:      256       256       256
mmppix:       1.0000   -1.0000   -1.0000
center:     128.0000 -129.0000 -129.0000
/opt/freesurfer/average/711-2B_as_mni_average_305_mask.4dfp.img
       256       256       256         1
  1.000000  1.000000  1.000000
orientation T byte_order littleendian
Reading mask: /opt/freesurfer/average/711-2B_as_mni_average_305_mask.4dfp.img (2306576 pixels)
talsrcimg_g11.4dfp.img
       256       256       256         1
  1.000000  1.000000  1.000000
orientation T byte_order littleendian
Reading image: talsrcimg_g11.4dfp.img
dimensions:      256       256       256
mmppix:       1.0000   -1.0000   -1.0000
center:     128.0000 -129.0000 -129.0000
rotation matrix determinant  1.000000
image alignment mode   4355 decimal     1103 hex
   -7.5000  -45.0000  -45.0000 2393.5557   12.3365
    0.0000  -45.0000  -45.0000 2394.9355   12.3531
    7.5000  -45.0000  -45.0000 2368.1108   12.5221
   -7.5000  -37.5000  -45.0000 2480.2964   11.3868
    0.0000  -37.5000  -45.0000 2482.0886   11.3789
    7.5000  -37.5000  -45.0000 2457.7451   11.5693
   -7.5000  -30.0000  -45.0000 2550.3081   10.7252
    0.0000  -30.0000  -45.0000 2556.4531   10.6892
    7.5000  -30.0000  -45.0000 2531.4548   10.8699
   -7.5000  -22.5000  -45.0000 2596.8003   10.3231
    0.0000  -22.5000  -45.0000 2598.8687   10.2522
    7.5000  -22.5000  -45.0000 2575.4324   10.4754
   -7.5000  -15.0000  -45.0000 2620.1768   10.1099
    0.0000  -15.0000  -45.0000 2625.7463   10.0584
    7.5000  -15.0000  -45.0000 2598.1399   10.2830
   -7.5000   -7.5000  -45.0000 2629.1267   10.0995
    0.0000   -7.5000  -45.0000 2631.9526   10.0573
    7.5000   -7.5000  -45.0000 2606.4578   10.2953
   -7.5000    0.0000  -45.0000 2622.4021   10.2911
    0.0000    0.0000  -45.0000 2622.9700   10.2455
    7.5000    0.0000  -45.0000 2596.2649   10.4746
   -7.5000    7.5000  -45.0000 2597.3801   10.6172
    0.0000    7.5000  -45.0000 2597.0127   10.5710
    7.5000    7.5000  -45.0000 2568.1692   10.8152
   -7.5000   15.0000  -45.0000 2547.3320   11.1074
    0.0000   15.0000  -45.0000 2550.6572   11.0418
    7.5000   15.0000  -45.0000 2521.0876   11.2970
   -7.5000   22.5000  -45.0000 2472.5437   11.7454
    0.0000   22.5000  -45.0000 2476.5281   11.6765
    7.5000   22.5000  -45.0000 2449.5437   11.9296
   -7.5000   30.0000  -45.0000 2380.1018   12.5901
    0.0000   30.0000  -45.0000 2385.4185   12.5560
    7.5000   30.0000  -45.0000 2360.2290   12.7840
   -7.5000   37.5000  -45.0000 2273.7156   13.8093
    0.0000   37.5000  -45.0000 2278.0024   13.7665
    7.5000   37.5000  -45.0000 2253.7705   14.0415
   -7.5000   45.0000  -45.0000 2146.8625   15.4735
    0.0000   45.0000  -45.0000 2153.8081   15.4181
    7.5000   45.0000  -45.0000 2128.5588   15.7178
   -7.5000  -45.0000  -37.5000 2449.1067   11.7867
    0.0000  -45.0000  -37.5000 2454.6077   11.7933
    7.5000  -45.0000  -37.5000 2428.0422   11.9805
   -7.5000  -37.5000  -37.5000 2540.6025   10.8393
    0.0000  -37.5000  -37.5000 2541.8318   10.8320
    7.5000  -37.5000  -37.5000 2519.2051   11.0213
   -7.5000  -30.0000  -37.5000 2625.6680   10.1158
    0.0000  -30.0000  -37.5000 2626.8945   10.0777
    7.5000  -30.0000  -37.5000 2601.5710   10.2655
   -7.5000  -22.5000  -37.5000 2679.9688    9.6994
    0.0000  -22.5000  -37.5000 2679.1501    9.6498
    7.5000  -22.5000  -37.5000 2656.8276    9.8368
   -7.5000  -15.0000  -37.5000 2710.5972    9.4856
    0.0000  -15.0000  -37.5000 2711.3496    9.4271
    7.5000  -15.0000  -37.5000 2681.9851    9.6051
   -7.5000   -7.5000  -37.5000 2719.0198    9.4735
    0.0000   -7.5000  -37.5000 2718.1406    9.4196
    7.5000   -7.5000  -37.5000 2689.6064    9.6365
   -7.5000    0.0000  -37.5000 2708.9536    9.6188
    0.0000    0.0000  -37.5000 2714.5164    9.5845
    7.5000    0.0000  -37.5000 2682.8511    9.8180
   -7.5000    7.5000  -37.5000 2688.2007    9.9239
    0.0000    7.5000  -37.5000 2694.5010    9.8894
    7.5000    7.5000  -37.5000 2661.4216   10.1101
   -7.5000   15.0000  -37.5000 2642.0752   10.3451
    0.0000   15.0000  -37.5000 2646.4160   10.2849
    7.5000   15.0000  -37.5000 2615.5510   10.5271
   -7.5000   22.5000  -37.5000 2564.0791   10.9311
    0.0000   22.5000  -37.5000 2571.3394   10.8588
    7.5000   22.5000  -37.5000 2543.4851   11.1069
   -7.5000   30.0000  -37.5000 2464.9402   11.7574
    0.0000   30.0000  -37.5000 2472.2842   11.7080
    7.5000   30.0000  -37.5000 2444.8572   11.9459
   -7.5000   37.5000  -37.5000 2353.1980   12.9136
    0.0000   37.5000  -37.5000 2359.2100   12.8604
    7.5000   37.5000  -37.5000 2333.3477   13.1116
   -7.5000   45.0000  -37.5000 2221.8215   14.4375
    0.0000   45.0000  -37.5000 2229.6663   14.3982
    7.5000   45.0000  -37.5000 2204.7629   14.6455
   -7.5000  -45.0000  -30.0000 2540.7666   11.7476
    0.0000  -45.0000  -30.0000 2542.8486   11.7344
    7.5000  -45.0000  -30.0000 2519.4539   11.9477
   -7.5000  -37.5000  -30.0000 2641.8052   10.7424
    0.0000  -37.5000  -30.0000 2641.9758   10.7201
    7.5000  -37.5000  -30.0000 2617.1787   10.9283
   -7.5000  -30.0000  -30.0000 2730.8484    9.9517
    0.0000  -30.0000  -30.0000 2730.8181    9.9281
    7.5000  -30.0000  -30.0000 2706.9307   10.1274
   -7.5000  -22.5000  -30.0000 2797.8718    9.4528
    0.0000  -22.5000  -30.0000 2799.2285    9.4301
    7.5000  -22.5000  -30.0000 2770.9089    9.6039
   -7.5000  -15.0000  -30.0000 2833.7446    9.2176
    0.0000  -15.0000  -30.0000 2834.6768    9.2025
    7.5000  -15.0000  -30.0000 2802.4641    9.3719
   -7.5000   -7.5000  -30.0000 2851.5908    9.1707
    0.0000   -7.5000  -30.0000 2851.7615    9.1454
    7.5000   -7.5000  -30.0000 2817.3635    9.3501
   -7.5000    0.0000  -30.0000 2845.1924    9.3210
    0.0000    0.0000  -30.0000 2853.6230    9.3096
    7.5000    0.0000  -30.0000 2817.9619    9.5382
   -7.5000    7.5000  -30.0000 2821.9839    9.6372
    0.0000    7.5000  -30.0000 2835.1824    9.6064
    7.5000    7.5000  -30.0000 2800.2341    9.8318
   -7.5000   15.0000  -30.0000 2771.0762   10.0487
    0.0000   15.0000  -30.0000 2782.3433    9.9963
    7.5000   15.0000  -30.0000 2751.1550   10.2300
   -7.5000   22.5000  -30.0000 2697.8252   10.6127
    0.0000   22.5000  -30.0000 2705.5974   10.5630
    7.5000   22.5000  -30.0000 2674.4380   10.7944
   -7.5000   30.0000  -30.0000 2595.1743   11.4393
    0.0000   30.0000  -30.0000 2601.0386   11.4085
    7.5000   30.0000  -30.0000 2573.8975   11.6456
   -7.5000   37.5000  -30.0000 2477.0281   12.6076
    0.0000   37.5000  -30.0000 2480.5686   12.5656
    7.5000   37.5000  -30.0000 2454.4011   12.8163
   -7.5000   45.0000  -30.0000 2334.1262   14.1024
    0.0000   45.0000  -30.0000 2340.3782   14.0484
    7.5000   45.0000  -30.0000 2315.2542   14.3155
   -7.5000  -45.0000  -22.5000 2591.5908   11.6600
    0.0000  -45.0000  -22.5000 2595.6526   11.6268
    7.5000  -45.0000  -22.5000 2568.2305   11.8477
   -7.5000  -37.5000  -22.5000 2693.5920   10.6248
    0.0000  -37.5000  -22.5000 2699.7275   10.5910
    7.5000  -37.5000  -22.5000 2673.7073   10.8037
   -7.5000  -30.0000  -22.5000 2784.3547    9.8060
    0.0000  -30.0000  -22.5000 2786.5310    9.7825
    7.5000  -30.0000  -22.5000 2758.7507    9.9670
   -7.5000  -22.5000  -22.5000 2862.7664    9.2252
    0.0000  -22.5000  -22.5000 2867.0713    9.2233
    7.5000  -22.5000  -22.5000 2837.9988    9.3795
   -7.5000  -15.0000  -22.5000 2908.3232    8.9407
    0.0000  -15.0000  -22.5000 2909.5366    8.9604
    7.5000  -15.0000  -22.5000 2880.9746    9.1030
   -7.5000   -7.5000  -22.5000 2937.7737    8.8371
    0.0000   -7.5000  -22.5000 2939.7305    8.8557
    7.5000   -7.5000  -22.5000 2908.3420    9.0418
   -7.5000    0.0000  -22.5000 2937.9578    8.9783
    0.0000    0.0000  -22.5000 2948.6506    9.0040
    7.5000    0.0000  -22.5000 2912.0620    9.2023
   -7.5000    7.5000  -22.5000 2913.3589    9.3221
    0.0000    7.5000  -22.5000 2933.8955    9.3334
    7.5000    7.5000  -22.5000 2892.4106    9.5196
   -7.5000   15.0000  -22.5000 2866.4333    9.7477
    0.0000   15.0000  -22.5000 2882.6003    9.7308
    7.5000   15.0000  -22.5000 2845.1714    9.9106
   -7.5000   22.5000  -22.5000 2794.4802   10.3098
    0.0000   22.5000  -22.5000 2805.6223   10.2767
    7.5000   22.5000  -22.5000 2771.3674   10.4570
   -7.5000   30.0000  -22.5000 2688.5310   11.1405
    0.0000   30.0000  -22.5000 2697.2913   11.0963
    7.5000   30.0000  -22.5000 2666.8369   11.3072
   -7.5000   37.5000  -22.5000 2562.1086   12.2871
    0.0000   37.5000  -22.5000 2570.7703   12.2406
    7.5000   37.5000  -22.5000 2541.4717   12.4665
   -7.5000   45.0000  -22.5000 2411.4543   13.7764
    0.0000   45.0000  -22.5000 2420.6462   13.6880
    7.5000   45.0000  -22.5000 2394.5500   13.9381
   -7.5000  -45.0000  -15.0000 2594.1040   11.5898
    0.0000  -45.0000  -15.0000 2600.0535   11.5331
    7.5000  -45.0000  -15.0000 2575.2534   11.7864
   -7.5000  -37.5000  -15.0000 2697.1958   10.5358
    0.0000  -37.5000  -15.0000 2705.6267   10.5128
    7.5000  -37.5000  -15.0000 2683.1980   10.7146
   -7.5000  -30.0000  -15.0000 2790.9412    9.6882
    0.0000  -30.0000  -15.0000 2798.7207    9.6855
    7.5000  -30.0000  -15.0000 2774.6990    9.8511
   -7.5000  -22.5000  -15.0000 2884.6726    9.0825
    0.0000  -22.5000  -15.0000 2892.4878    9.0997
    7.5000  -22.5000  -15.0000 2865.3186    9.2324
   -7.5000  -15.0000  -15.0000 2938.2979    8.7733
    0.0000  -15.0000  -15.0000 2949.4968    8.8011
    7.5000  -15.0000  -15.0000 2923.0593    8.9139
   -7.5000   -7.5000  -15.0000 2975.5083    8.6861
    0.0000   -7.5000  -15.0000 2988.1194    8.7382
    7.5000   -7.5000  -15.0000 2957.7070    8.8430
   -7.5000    0.0000  -15.0000 2993.6182    8.7686
    0.0000    0.0000  -15.0000 3000.8013    8.8258
    7.5000    0.0000  -15.0000 2964.0933    8.9433
   -7.5000    7.5000  -15.0000 2971.2102    9.0862
    0.0000    7.5000  -15.0000 2984.6030    9.0843
    7.5000    7.5000  -15.0000 2947.4463    9.2073
   -7.5000   15.0000  -15.0000 2917.1582    9.5114
    0.0000   15.0000  -15.0000 2938.0215    9.4529
    7.5000   15.0000  -15.0000 2903.6235    9.6002
   -7.5000   22.5000  -15.0000 2845.6023   10.0906
    0.0000   22.5000  -15.0000 2862.9482   10.0222
    7.5000   22.5000  -15.0000 2827.6670   10.1856
   -7.5000   30.0000  -15.0000 2735.9111   10.9125
    0.0000   30.0000  -15.0000 2750.7329   10.8184
    7.5000   30.0000  -15.0000 2720.9849   11.0113
   -7.5000   37.5000  -15.0000 2606.8958   12.0474
    0.0000   37.5000  -15.0000 2619.8584   11.9476
    7.5000   37.5000  -15.0000 2592.0159   12.1483
   -7.5000   45.0000  -15.0000 2456.2693   13.5325
    0.0000   45.0000  -15.0000 2467.8767   13.4132
    7.5000   45.0000  -15.0000 2443.5300   13.6252
   -7.5000  -45.0000   -7.5000 2569.9333   11.5651
    0.0000  -45.0000   -7.5000 2575.8896   11.5406
    7.5000  -45.0000   -7.5000 2556.2598   11.7806
   -7.5000  -37.5000   -7.5000 2678.7244   10.4725
    0.0000  -37.5000   -7.5000 2684.9048   10.4684
    7.5000  -37.5000   -7.5000 2668.9744   10.6869
   -7.5000  -30.0000   -7.5000 2779.6064    9.6218
    0.0000  -30.0000   -7.5000 2786.4238    9.6167
    7.5000  -30.0000   -7.5000 2774.1357    9.8057
   -7.5000  -22.5000   -7.5000 2876.4446    9.0450
    0.0000  -22.5000   -7.5000 2880.7200    9.0447
    7.5000  -22.5000   -7.5000 2865.4229    9.1740
   -7.5000  -15.0000   -7.5000 2949.0146    8.7693
    0.0000  -15.0000   -7.5000 2955.9539    8.7687
    7.5000  -15.0000   -7.5000 2935.1326    8.8243
   -7.5000   -7.5000   -7.5000 3001.9604    8.7103
    0.0000   -7.5000   -7.5000 3009.4597    8.7296
    7.5000   -7.5000   -7.5000 2977.0803    8.7407
   -7.5000    0.0000   -7.5000 3018.7764    8.7476
    0.0000    0.0000   -7.5000 3030.9075    8.7741
    7.5000    0.0000   -7.5000 2990.2732    8.7871
   -7.5000    7.5000   -7.5000 2998.3425    8.9486
    0.0000    7.5000   -7.5000 3017.8220    8.9297
    7.5000    7.5000   -7.5000 2977.9446    9.0052
   -7.5000   15.0000   -7.5000 2945.9443    9.3228
    0.0000   15.0000   -7.5000 2966.0283    9.2750
    7.5000   15.0000   -7.5000 2933.8398    9.3936
   -7.5000   22.5000   -7.5000 2865.9421    9.9262
    0.0000   22.5000   -7.5000 2891.1187    9.8631
    7.5000   22.5000   -7.5000 2858.7930   10.0020
   -7.5000   30.0000   -7.5000 2757.1357   10.7461
    0.0000   30.0000   -7.5000 2775.5916   10.6975
    7.5000   30.0000   -7.5000 2748.3755   10.8523
   -7.5000   37.5000   -7.5000 2625.9736   11.8658
    0.0000   37.5000   -7.5000 2639.7026   11.8111
    7.5000   37.5000   -7.5000 2617.7708   11.9888
   -7.5000   45.0000   -7.5000 2473.5920   13.3170
    0.0000   45.0000   -7.5000 2484.2837   13.2490
    7.5000   45.0000   -7.5000 2464.6958   13.4403
   -7.5000  -45.0000    0.0000 2526.6438   11.7806
    0.0000  -45.0000    0.0000 2533.4194   11.6921
    7.5000  -45.0000    0.0000 2525.9500   11.9630
   -7.5000  -37.5000    0.0000 2643.0491   10.6912
    0.0000  -37.5000    0.0000 2642.7759   10.6282
    7.5000  -37.5000    0.0000 2638.7112   10.8550
   -7.5000  -30.0000    0.0000 2749.6223    9.8302
    0.0000  -30.0000    0.0000 2748.1721    9.7824
    7.5000  -30.0000    0.0000 2743.7639    9.9597
   -7.5000  -22.5000    0.0000 2846.2161    9.2401
    0.0000  -22.5000    0.0000 2844.9263    9.2076
    7.5000  -22.5000    0.0000 2834.2085    9.3220
   -7.5000  -15.0000    0.0000 2927.3596    8.8678
    0.0000  -15.0000    0.0000 2940.9026    8.8761
    7.5000  -15.0000    0.0000 2918.1855    8.9202
   -7.5000   -7.5000    0.0000 2985.2000    8.7504
    0.0000   -7.5000    0.0000 3006.6460    8.7852
    7.5000   -7.5000    0.0000 2973.7859    8.7858
   -7.5000    0.0000    0.0000 3015.0271    8.7224
    0.0000    0.0000    0.0000 3043.4045    8.7703
    7.5000    0.0000    0.0000 3001.2522    8.7946
   -7.5000    7.5000    0.0000 2995.3340    8.9473
    0.0000    7.5000    0.0000 3019.3438    8.9384
    7.5000    7.5000    0.0000 2980.9324    9.0420
   -7.5000   15.0000    0.0000 2939.8513    9.3649
    0.0000   15.0000    0.0000 2966.5935    9.3106
    7.5000   15.0000    0.0000 2934.1956    9.4385
   -7.5000   22.5000    0.0000 2857.4822    9.9846
    0.0000   22.5000    0.0000 2882.9055    9.9297
    7.5000   22.5000    0.0000 2856.6716   10.0583
   -7.5000   30.0000    0.0000 2750.9441   10.7764
    0.0000   30.0000    0.0000 2767.8364   10.7447
    7.5000   30.0000    0.0000 2747.4951   10.8720
   -7.5000   37.5000    0.0000 2624.3457   11.8619
    0.0000   37.5000    0.0000 2634.9536   11.8020
    7.5000   37.5000    0.0000 2620.2471   11.9651
   -7.5000   45.0000    0.0000 2473.8335   13.2581
    0.0000   45.0000    0.0000 2485.3323   13.1820
    7.5000   45.0000    0.0000 2469.3091   13.3768
   -7.5000  -45.0000    7.5000 2480.0796   12.2334
    0.0000  -45.0000    7.5000 2483.1880   12.1146
    7.5000  -45.0000    7.5000 2479.7852   12.3728
   -7.5000  -37.5000    7.5000 2595.7356   11.1199
    0.0000  -37.5000    7.5000 2593.9048   11.0076
    7.5000  -37.5000    7.5000 2589.5420   11.2011
   -7.5000  -30.0000    7.5000 2705.6130   10.2122
    0.0000  -30.0000    7.5000 2706.9370   10.1162
    7.5000  -30.0000    7.5000 2696.4675   10.2833
   -7.5000  -22.5000    7.5000 2805.5122    9.5393
    0.0000  -22.5000    7.5000 2808.3535    9.4646
    7.5000  -22.5000    7.5000 2795.6965    9.6083
   -7.5000  -15.0000    7.5000 2894.1843    9.1222
    0.0000  -15.0000    7.5000 2907.8813    9.0696
    7.5000  -15.0000    7.5000 2883.9148    9.1676
   -7.5000   -7.5000    7.5000 2954.6201    8.9265
    0.0000   -7.5000    7.5000 2983.0964    8.9070
    7.5000   -7.5000    7.5000 2950.3303    8.9832
   -7.5000    0.0000    7.5000 2986.2954    8.8556
    0.0000    0.0000    7.5000 3022.5676    8.8171
    7.5000    0.0000    7.5000 2982.4229    8.9610
   -7.5000    7.5000    7.5000 2973.2075    9.0701
    0.0000    7.5000    7.5000 3004.5273    8.9848
    7.5000    7.5000    7.5000 2969.0259    9.1556
   -7.5000   15.0000    7.5000 2922.1711    9.5134
    0.0000   15.0000    7.5000 2948.7729    9.4221
    7.5000   15.0000    7.5000 2921.4077    9.5925
   -7.5000   22.5000    7.5000 2836.6040   10.1613
    0.0000   22.5000    7.5000 2861.0061   10.0982
    7.5000   22.5000    7.5000 2842.9192   10.2616
   -7.5000   30.0000    7.5000 2724.1404   11.0112
    0.0000   30.0000    7.5000 2737.8018   10.9669
    7.5000   30.0000    7.5000 2725.0974   11.1082
   -7.5000   37.5000    7.5000 2594.9998   12.0807
    0.0000   37.5000    7.5000 2604.5354   12.0253
    7.5000   37.5000    7.5000 2592.9558   12.1824
   -7.5000   45.0000    7.5000 2449.6353   13.4562
    0.0000   45.0000    7.5000 2462.8293   13.3609
    7.5000   45.0000    7.5000 2446.6858   13.5374
   -7.5000  -45.0000   15.0000 2427.0181   12.8874
    0.0000  -45.0000   15.0000 2434.4446   12.7388
    7.5000  -45.0000   15.0000 2421.4451   12.9575
   -7.5000  -37.5000   15.0000 2541.5864   11.6744
    0.0000  -37.5000   15.0000 2545.5098   11.5130
    7.5000  -37.5000   15.0000 2536.1919   11.7132
   -7.5000  -30.0000   15.0000 2653.6589   10.6924
    0.0000  -30.0000   15.0000 2657.9309   10.5553
    7.5000  -30.0000   15.0000 2649.5073   10.7519
   -7.5000  -22.5000   15.0000 2755.0562    9.9665
    0.0000  -22.5000   15.0000 2760.0330    9.8376
    7.5000  -22.5000   15.0000 2751.0149   10.0058
   -7.5000  -15.0000   15.0000 2840.7329    9.5263
    0.0000  -15.0000   15.0000 2853.6875    9.4047
    7.5000  -15.0000   15.0000 2837.9531    9.5623
   -7.5000   -7.5000   15.0000 2901.1667    9.2936
    0.0000   -7.5000   15.0000 2922.8733    9.2060
    7.5000   -7.5000   15.0000 2897.7439    9.3339
   -7.5000    0.0000   15.0000 2929.6907    9.2305
    0.0000    0.0000   15.0000 2953.4688    9.1278
    7.5000    0.0000   15.0000 2926.1799    9.3096
   -7.5000    7.5000   15.0000 2924.6018    9.4166
    0.0000    7.5000   15.0000 2951.5344    9.3242
    7.5000    7.5000   15.0000 2927.2244    9.4847
   -7.5000   15.0000   15.0000 2873.6077    9.8732
    0.0000   15.0000   15.0000 2898.9985    9.7955
    7.5000   15.0000   15.0000 2876.2007    9.9443
   -7.5000   22.5000   15.0000 2792.3687   10.5095
    0.0000   22.5000   15.0000 2817.1592   10.3972
    7.5000   22.5000   15.0000 2801.8838   10.5572
   -7.5000   30.0000   15.0000 2682.8279   11.3437
    0.0000   30.0000   15.0000 2699.0579   11.2744
    7.5000   30.0000   15.0000 2690.4573   11.4223
   -7.5000   37.5000   15.0000 2552.3538   12.4578
    0.0000   37.5000   15.0000 2563.6536   12.3994
    7.5000   37.5000   15.0000 2555.1165   12.5378
   -7.5000   45.0000   15.0000 2408.4255   13.8242
    0.0000   45.0000   15.0000 2422.0420   13.7447
    7.5000   45.0000   15.0000 2409.9736   13.9082
   -7.5000  -45.0000   22.5000 2370.0525   13.6551
    0.0000  -45.0000   22.5000 2379.6311   13.4747
    7.5000  -45.0000   22.5000 2361.8796   13.7033
   -7.5000  -37.5000   22.5000 2486.8809   12.3304
    0.0000  -37.5000   22.5000 2497.2209   12.1366
    7.5000  -37.5000   22.5000 2484.5750   12.3678
   -7.5000  -30.0000   22.5000 2594.0625   11.2912
    0.0000  -30.0000   22.5000 2607.3486   11.1009
    7.5000  -30.0000   22.5000 2595.7830   11.3260
   -7.5000  -22.5000   22.5000 2696.2678   10.5391
    0.0000  -22.5000   22.5000 2703.9395   10.3375
    7.5000  -22.5000   22.5000 2693.6143   10.5624
   -7.5000  -15.0000   22.5000 2777.4065   10.0767
    0.0000  -15.0000   22.5000 2789.7839    9.8986
    7.5000  -15.0000   22.5000 2777.2292   10.1013
   -7.5000   -7.5000   22.5000 2836.8774    9.8169
    0.0000   -7.5000   22.5000 2856.3184    9.6569
    7.5000   -7.5000   22.5000 2838.3425    9.8352
   -7.5000    0.0000   22.5000 2856.3999    9.7700
    0.0000    0.0000   22.5000 2875.7410    9.6271
    7.5000    0.0000   22.5000 2857.1501    9.8037
   -7.5000    7.5000   22.5000 2849.8313    9.9601
    0.0000    7.5000   22.5000 2868.1189    9.8534
    7.5000    7.5000   22.5000 2852.3113   10.0056
   -7.5000   15.0000   22.5000 2803.5366   10.4152
    0.0000   15.0000   22.5000 2823.0049   10.3180
    7.5000   15.0000   22.5000 2808.1914   10.4483
   -7.5000   22.5000   22.5000 2730.6504   11.0234
    0.0000   22.5000   22.5000 2749.8101   10.8948
    7.5000   22.5000   22.5000 2738.0015   11.0393
   -7.5000   30.0000   22.5000 2630.3894   11.8228
    0.0000   30.0000   22.5000 2647.3052   11.7192
    7.5000   30.0000   22.5000 2636.2822   11.8702
   -7.5000   37.5000   22.5000 2502.5864   12.9471
    0.0000   37.5000   22.5000 2518.1165   12.8367
    7.5000   37.5000   22.5000 2506.8711   12.9998
   -7.5000   45.0000   22.5000 2359.0811   14.3744
    0.0000   45.0000   22.5000 2374.3928   14.2371
    7.5000   45.0000   22.5000 2364.1057   14.4147
   -7.5000  -45.0000   30.0000 2304.5469   14.5387
    0.0000  -45.0000   30.0000 2314.5908   14.2953
    7.5000  -45.0000   30.0000 2300.3430   14.5467
   -7.5000  -37.5000   30.0000 2421.8882   13.1315
    0.0000  -37.5000   30.0000 2433.6069   12.8862
    7.5000  -37.5000   30.0000 2420.0288   13.1350
   -7.5000  -30.0000   30.0000 2528.7896   12.0401
    0.0000  -30.0000   30.0000 2546.7295   11.7851
    7.5000  -30.0000   30.0000 2531.7808   12.0218
   -7.5000  -22.5000   30.0000 2627.5989   11.2640
    0.0000  -22.5000   30.0000 2642.4780   11.0172
    7.5000  -22.5000   30.0000 2628.5056   11.2380
   -7.5000  -15.0000   30.0000 2703.8572   10.7482
    0.0000  -15.0000   30.0000 2720.9932   10.5307
    7.5000  -15.0000   30.0000 2707.2690   10.7422
   -7.5000   -7.5000   30.0000 2758.4978   10.4572
    0.0000   -7.5000   30.0000 2780.3352   10.2655
    7.5000   -7.5000   30.0000 2763.0398   10.4551
   -7.5000    0.0000   30.0000 2772.0042   10.4068
    0.0000    0.0000   30.0000 2791.0146   10.2597
    7.5000    0.0000   30.0000 2775.5002   10.4173
   -7.5000    7.5000   30.0000 2756.8191   10.6310
    0.0000    7.5000   30.0000 2776.8560   10.5076
    7.5000    7.5000   30.0000 2765.6472   10.6548
   -7.5000   15.0000   30.0000 2714.9290   11.0481
    0.0000   15.0000   30.0000 2733.6350   10.9264
    7.5000   15.0000   30.0000 2724.0149   11.0664
   -7.5000   22.5000   30.0000 2649.4390   11.6345
    0.0000   22.5000   30.0000 2671.0374   11.4779
    7.5000   22.5000   30.0000 2657.9402   11.6286
   -7.5000   30.0000   30.0000 2554.4543   12.4434
    0.0000   30.0000   30.0000 2573.7412   12.3045
    7.5000   30.0000   30.0000 2564.2839   12.4588
   -7.5000   37.5000   30.0000 2440.9448   13.5416
    0.0000   37.5000   30.0000 2456.0662   13.4041
    7.5000   37.5000   30.0000 2448.9363   13.5550
   -7.5000   45.0000   30.0000 2307.2061   14.9578
    0.0000   45.0000   30.0000 2319.7551   14.8309
    7.5000   45.0000   30.0000 2308.6965   14.9611
   -7.5000  -45.0000   37.5000 2231.0791   15.5718
    0.0000  -45.0000   37.5000 2247.2219   15.3121
    7.5000  -45.0000   37.5000 2231.9990   15.5732
   -7.5000  -37.5000   37.5000 2346.7944   14.0836
    0.0000  -37.5000   37.5000 2364.9453   13.8118
    7.5000  -37.5000   37.5000 2349.2024   14.0669
   -7.5000  -30.0000   37.5000 2454.6631   12.9259
    0.0000  -30.0000   37.5000 2480.0381   12.6631
    7.5000  -30.0000   37.5000 2462.7939   12.8936
   -7.5000  -22.5000   37.5000 2547.9304   12.1055
    0.0000  -22.5000   37.5000 2573.1375   11.8808
    7.5000  -22.5000   37.5000 2555.1890   12.0975
   -7.5000  -15.0000   37.5000 2620.8164   11.5450
    0.0000  -15.0000   37.5000 2648.2971   11.3325
    7.5000  -15.0000   37.5000 2629.6768   11.5324
   -7.5000   -7.5000   37.5000 2667.2512   11.2347
    0.0000   -7.5000   37.5000 2692.5330   11.0679
    7.5000   -7.5000   37.5000 2674.0417   11.2387
   -7.5000    0.0000   37.5000 2679.7961   11.1563
    0.0000    0.0000   37.5000 2700.5999   11.0199
    7.5000    0.0000   37.5000 2686.5647   11.1703
   -7.5000    7.5000   37.5000 2666.2793   11.4142
    0.0000    7.5000   37.5000 2688.8906   11.2974
    7.5000    7.5000   37.5000 2674.7869   11.4245
   -7.5000   15.0000   37.5000 2621.3181   11.8140
    0.0000   15.0000   37.5000 2639.5244   11.6795
    7.5000   15.0000   37.5000 2630.4519   11.8251
   -7.5000   22.5000   37.5000 2561.9065   12.3555
    0.0000   22.5000   37.5000 2581.0015   12.1790
    7.5000   22.5000   37.5000 2567.4067   12.3355
   -7.5000   30.0000   37.5000 2472.1345   13.1464
    0.0000   30.0000   37.5000 2497.9487   13.0033
    7.5000   30.0000   37.5000 2486.6311   13.1417
   -7.5000   37.5000   37.5000 2369.2502   14.2251
    0.0000   37.5000   37.5000 2389.5732   14.0991
    7.5000   37.5000   37.5000 2377.6067   14.2146
   -7.5000   45.0000   37.5000 2237.9712   15.6649
    0.0000   45.0000   37.5000 2259.7542   15.5658
    7.5000   45.0000   37.5000 2243.2048   15.6483
   -7.5000  -45.0000   45.0000 2146.6514   16.8351
    0.0000  -45.0000   45.0000 2171.6785   16.5831
    7.5000  -45.0000   45.0000 2153.8760   16.7514
   -7.5000  -37.5000   45.0000 2261.3665   15.2454
    0.0000  -37.5000   45.0000 2284.1128   14.9963
    7.5000  -37.5000   45.0000 2266.3613   15.1825
   -7.5000  -30.0000   45.0000 2369.4275   14.0162
    0.0000  -30.0000   45.0000 2396.3435   13.7905
    7.5000  -30.0000   45.0000 2378.3931   13.9831
   -7.5000  -22.5000   45.0000 2464.2002   13.1263
    0.0000  -22.5000   45.0000 2490.3118   12.9320
    7.5000  -22.5000   45.0000 2475.1741   13.1241
   -7.5000  -15.0000   45.0000 2530.1221   12.5335
    0.0000  -15.0000   45.0000 2557.5474   12.3367
    7.5000  -15.0000   45.0000 2544.2319   12.5133
   -7.5000   -7.5000   45.0000 2565.3350   12.1906
    0.0000   -7.5000   45.0000 2589.0303   12.0562
    7.5000   -7.5000   45.0000 2578.1951   12.2082
   -7.5000    0.0000   45.0000 2575.4612   12.0921
    0.0000    0.0000   45.0000 2597.3218   11.9637
    7.5000    0.0000   45.0000 2586.7046   12.1123
   -7.5000    7.5000   45.0000 2561.1833   12.3256
    0.0000    7.5000   45.0000 2582.5969   12.2265
    7.5000    7.5000   45.0000 2570.9575   12.3454
   -7.5000   15.0000   45.0000 2524.0073   12.7317
    0.0000   15.0000   45.0000 2542.4702   12.6305
    7.5000   15.0000   45.0000 2531.5181   12.7475
   -7.5000   22.5000   45.0000 2461.6655   13.2668
    0.0000   22.5000   45.0000 2483.1748   13.1114
    7.5000   22.5000   45.0000 2470.3865   13.2267
   -7.5000   30.0000   45.0000 2387.1143   14.0086
    0.0000   30.0000   45.0000 2411.3416   13.8736
    7.5000   30.0000   45.0000 2400.1362   13.9583
   -7.5000   37.5000   45.0000 2291.7893   15.0658
    0.0000   37.5000   45.0000 2315.0750   14.9735
    7.5000   37.5000   45.0000 2303.9307   15.0320
   -7.5000   45.0000   45.0000 2167.0913   16.5565
    0.0000   45.0000   45.0000 2186.9331   16.4904
    7.5000   45.0000   45.0000 2170.2673   16.5426

---------------------------------------------------------------------
imgreg_4dfp /opt/freesurfer/average/711-2C_as_mni_average_305 /opt/freesurfer/average/711-2B_as_mni_average_305_mask talsrcimg_g11 none talsrcimg_to_711-2C_as_mni_average_305_t4 1283
---------------------------------------------------------------------

freesurfer imgreg_4dfp.c
/opt/freesurfer/average/711-2C_as_mni_average_305.4dfp.img
       256       256       256         1
  1.000000  1.000000  1.000000
orientation T byte_order littleendian
Reading image: /opt/freesurfer/average/711-2C_as_mni_average_305.4dfp.img
dimensions:      256       256       256
mmppix:       1.0000   -1.0000   -1.0000
center:     128.0000 -129.0000 -129.0000
/opt/freesurfer/average/711-2B_as_mni_average_305_mask.4dfp.img
       256       256       256         1
  1.000000  1.000000  1.000000
orientation T byte_order littleendian
Reading mask: /opt/freesurfer/average/711-2B_as_mni_average_305_mask.4dfp.img (2306576 pixels)
talsrcimg_g11.4dfp.img
       256       256       256         1
  1.000000  1.000000  1.000000
orientation T byte_order littleendian
Reading image: talsrcimg_g11.4dfp.img
dimensions:      256       256       256
mmppix:       1.0000   -1.0000   -1.0000
center:     128.0000 -129.0000 -129.0000
rotation matrix determinant  1.000000
fimgreg.f
image alignment mode   1283 decimal      503 hex
parameters
    0.0000    0.0000    0.0000    0.0000    0.0000    0.0000
eta,q 0.95384  8.77521
niter,ni,del,rscale     5    3   12.0000    1.2000
parameter  4  2.835387 ->  0.500000 qaram    1.1500
parameter  5  0.533309 ->  0.500000 qaram    1.1500
parameters
   -0.2765    0.2716   -0.0759   -3.4500   -3.4500    1.0270
eta,q 0.95977  8.73304
  0.0546  0.0541  0.0510  0.0394  0.0418  0.0449
  0.0508  0.0503  0.0481  0.0414  0.0402  0.0422
  0.0477  0.0470  0.0456  0.0436  0.0408  0.0406
  0.0458  0.0458  0.0456  0.0455  0.0420  0.0402
  0.0473  0.0465  0.0467  0.0481  0.0431  0.0403
  0.0516  0.0490  0.0483  0.0516  0.0453  0.0408
  0.0569  0.0530  0.0509  0.0546  0.0482  0.0423
niter,ni,del,rscale     6    3   12.0000    1.2000
parameter  4  1.775014 ->  0.500000 qaram    1.3225
parameters
    0.0025    0.3573   -0.9744   -7.4175   -3.2047    0.0000
eta,q 0.96281  8.68128
  0.0509  0.0499  0.0441  0.0357  0.0427  0.0390
  0.0452  0.0437  0.0421  0.0369  0.0395  0.0375
  0.0417  0.0401  0.0407  0.0383  0.0380  0.0371
  0.0402  0.0402  0.0402  0.0403  0.0373  0.0373
  0.0410  0.0424  0.0414  0.0432  0.0379  0.0378
  0.0441  0.0450  0.0441  0.0459  0.0392  0.0387
  0.0490  0.0475  0.0477  0.0490  0.0419  0.0408
niter,ni,del,rscale     6    3   12.0000    1.2000
parameter  4  3.763740 ->  0.500000 qaram    1.5209
parameters
   -0.1622    1.7538   -2.4268  -11.9801   -2.4016   -0.8543
eta,q 0.96718  8.71119
  0.0465  0.0451  0.0394  0.0301  0.0395  0.0353
  0.0409  0.0403  0.0378  0.0322  0.0365  0.0335
  0.0375  0.0377  0.0371  0.0346  0.0345  0.0329
  0.0372  0.0371  0.0373  0.0371  0.0330  0.0328
  0.0387  0.0374  0.0382  0.0406  0.0331  0.0334
  0.0418  0.0377  0.0405  0.0440  0.0343  0.0349
  0.0472  0.0394  0.0440  0.0468  0.0375  0.0374
niter,ni,del,rscale     6    3   12.0000    1.2000
parameter  4  0.713416 ->  0.500000 qaram    1.7490
parameters
   -0.6614    4.0537   -2.4447  -17.2272   -2.0872   -0.0658
eta,q 0.97164  8.73820
  0.0424  0.0421  0.0381  0.0291  0.0372  0.0336
  0.0372  0.0367  0.0349  0.0284  0.0328  0.0317
  0.0337  0.0343  0.0321  0.0288  0.0297  0.0297
  0.0328  0.0328  0.0310  0.0310  0.0285  0.0285
  0.0350  0.0311  0.0321  0.0355  0.0294  0.0285
  0.0397  0.0314  0.0348  0.0403  0.0317  0.0296
  0.0462  0.0336  0.0383  0.0453  0.0358  0.0320
niter,ni,del,rscale     6    3   12.0000    1.2000
parameters
   -0.5907    5.1010   -4.7695  -17.7843   -2.8722    0.1249
eta,q 0.97400  8.78682
  0.0415  0.0423  0.0296  0.0397  0.0327  0.0318
  0.0347  0.0339  0.0269  0.0328  0.0289  0.0296
  0.0301  0.0298  0.0264  0.0269  0.0265  0.0271
  0.0284  0.0284  0.0279  0.0263  0.0262  0.0260
  0.0297  0.0278  0.0304  0.0297  0.0280  0.0265
  0.0342  0.0297  0.0332  0.0358  0.0317  0.0286
  0.0410  0.0344  0.0364  0.0413  0.0362  0.0316
niter,ni,del,rscale     5    3   12.0000    1.2000
parameters
   -0.5620    4.9151   -4.8536  -17.8826   -3.0299    0.2128
eta,q 0.97396  8.78542
  0.0405  0.0350  0.0326  0.0404  0.0342  0.0318
  0.0330  0.0301  0.0289  0.0342  0.0299  0.0295
  0.0276  0.0279  0.0265  0.0271  0.0271  0.0271
  0.0260  0.0260  0.0261  0.0261  0.0261  0.0261
  0.0279  0.0267  0.0275  0.0289  0.0274  0.0266
  0.0328  0.0308  0.0297  0.0346  0.0306  0.0288
  0.0401  0.0369  0.0323  0.0403  0.0348  0.0319
niter,ni,del,rscale     4    3   12.0000    1.2000
parameters
   -0.5355    4.9472   -4.9172  -17.9374   -3.1201    0.2539
eta,q 0.97400  8.78539
  0.0405  0.0359  0.0325  0.0404  0.0342  0.0317
  0.0330  0.0304  0.0289  0.0344  0.0300  0.0294
  0.0276  0.0280  0.0264  0.0272  0.0272  0.0270
  0.0260  0.0261  0.0260  0.0260  0.0260  0.0260
  0.0280  0.0264  0.0275  0.0288  0.0272  0.0266
  0.0329  0.0302  0.0296  0.0345  0.0304  0.0289
  0.0401  0.0362  0.0321  0.0402  0.0346  0.0320
niter,ni,del,rscale     3    3   12.0000    1.2000
parameters
   -0.5195    4.9593   -4.9542  -17.9657   -3.1661    0.2740
eta,q 0.97402  8.78530
  0.0405  0.0358  0.0326  0.0404  0.0343  0.0317
  0.0330  0.0303  0.0288  0.0345  0.0300  0.0294
  0.0275  0.0280  0.0264  0.0272  0.0272  0.0269
  0.0260  0.0260  0.0260  0.0260  0.0260  0.0260
  0.0280  0.0264  0.0274  0.0288  0.0272  0.0266
  0.0329  0.0302  0.0295  0.0345  0.0303  0.0289
  0.0402  0.0363  0.0320  0.0402  0.0345  0.0320
registration optimization eta report
parameter search radius
    6.0000    6.0000    6.0000   10.4940    6.9000    6.0000
100000*second partial in parameter space
       39.       28.       17.       13.       17.       16.
  0.0405  0.0358  0.0326  0.0404  0.0343  0.0317
  0.0330  0.0303  0.0288  0.0345  0.0300  0.0294
  0.0275  0.0280  0.0264  0.0272  0.0272  0.0269
  0.0260  0.0260  0.0260  0.0260  0.0260  0.0260
  0.0280  0.0264  0.0274  0.0288  0.0272  0.0266
  0.0329  0.0302  0.0295  0.0345  0.0303  0.0289
  0.0402  0.0363  0.0320  0.0402  0.0345  0.0320
   -0.5195    4.9593   -4.9542  -17.9657   -3.1661    0.2740
eta,q 0.97402  8.78530

---------------------------------------------------------------------
imgreg_4dfp /opt/freesurfer/average/711-2C_as_mni_average_305 /opt/freesurfer/average/711-2B_as_mni_average_305_mask talsrcimg_g11 none talsrcimg_to_711-2C_as_mni_average_305_t4 3335
---------------------------------------------------------------------

freesurfer imgreg_4dfp.c
/opt/freesurfer/average/711-2C_as_mni_average_305.4dfp.img
       256       256       256         1
  1.000000  1.000000  1.000000
orientation T byte_order littleendian
Reading image: /opt/freesurfer/average/711-2C_as_mni_average_305.4dfp.img
dimensions:      256       256       256
mmppix:       1.0000   -1.0000   -1.0000
center:     128.0000 -129.0000 -129.0000
/opt/freesurfer/average/711-2B_as_mni_average_305_mask.4dfp.img
       256       256       256         1
  1.000000  1.000000  1.000000
orientation T byte_order littleendian
Reading mask: /opt/freesurfer/average/711-2B_as_mni_average_305_mask.4dfp.img (2306576 pixels)
talsrcimg_g11.4dfp.img
       256       256       256         1
  1.000000  1.000000  1.000000
orientation T byte_order littleendian
Reading image: talsrcimg_g11.4dfp.img
dimensions:      256       256       256
mmppix:       1.0000   -1.0000   -1.0000
center:     128.0000 -129.0000 -129.0000
fimgreg.f
image alignment mode   3335 decimal      D07 hex
parameters
   -0.5195    4.9593   -4.9542   -0.1538   -4.8851   -5.0211
   -2.1584    5.1062    0.4775   30.8696   -5.5230  -30.7978
eta,q 0.97522  8.78115
niter,ni,del,rscale     5    3    5.0000    1.2000
parameter  5  0.750790 ->  0.500000 qaram    1.1500
parameters
   -0.2487    5.1853   -4.7035   -2.7603   -9.0251   -3.1891
   -1.9241    5.9780    0.6666   31.7578   -2.6179  -32.6941
eta,q 0.97688  8.67403
  0.0281  0.0270  0.0260  0.0254  0.0236  0.0259  0.0255  0.0279  0.0250  0.0262  0.0246  0.0238
  0.0265  0.0260  0.0254  0.0248  0.0236  0.0248  0.0244  0.0256  0.0242  0.0250  0.0240  0.0233
  0.0253  0.0252  0.0249  0.0245  0.0237  0.0241  0.0238  0.0241  0.0237  0.0241  0.0236  0.0231
  0.0248  0.0248  0.0247  0.0247  0.0245  0.0236  0.0235  0.0235  0.0235  0.0235  0.0234  0.0233
  0.0249  0.0248  0.0247  0.0257  0.0261  0.0235  0.0237  0.0237  0.0237  0.0233  0.0233  0.0236
  0.0256  0.0254  0.0250  0.0275  0.0279  0.0236  0.0243  0.0246  0.0241  0.0239  0.0233  0.0242
  0.0269  0.0264  0.0256  0.0301  0.0298  0.0245  0.0252  0.0261  0.0248  0.0254  0.0235  0.0250
niter,ni,del,rscale     5    3    5.0000    1.2000
parameters
   -0.2995    4.2725   -4.5079   -3.1742  -12.0441   -2.2597
   -2.1204    5.9356    0.5988   32.7814   -2.4405  -32.7094
eta,q 0.97780  8.60057
  0.0256  0.0236  0.0242  0.0247  0.0237  0.0248  0.0246  0.0260  0.0242  0.0257  0.0232  0.0236
  0.0242  0.0229  0.0235  0.0238  0.0228  0.0238  0.0234  0.0239  0.0232  0.0243  0.0226  0.0228
  0.0234  0.0228  0.0230  0.0231  0.0226  0.0230  0.0226  0.0228  0.0226  0.0232  0.0223  0.0224
  0.0231  0.0231  0.0228  0.0228  0.0228  0.0226  0.0224  0.0224  0.0224  0.0224  0.0222  0.0222
  0.0235  0.0239  0.0228  0.0229  0.0239  0.0222  0.0228  0.0228  0.0227  0.0221  0.0223  0.0224
  0.0244  0.0250  0.0232  0.0239  0.0257  0.0227  0.0236  0.0240  0.0233  0.0228  0.0226  0.0229
  0.0258  0.0262  0.0238  0.0256  0.0276  0.0242  0.0248  0.0260  0.0242  0.0246  0.0231  0.0236
niter,ni,del,rscale     4    3    5.0000    1.2000
parameters
   -0.3961    3.9384   -4.3197   -3.1011  -12.6678   -2.2703
   -2.1175    5.9224    0.7266   32.6531   -2.3356  -32.3511
eta,q 0.97790  8.57662
  0.0248  0.0238  0.0238  0.0244  0.0249  0.0245  0.0246  0.0259  0.0241  0.0249  0.0231  0.0237
  0.0233  0.0226  0.0229  0.0235  0.0233  0.0235  0.0233  0.0238  0.0230  0.0237  0.0226  0.0229
  0.0224  0.0221  0.0224  0.0226  0.0223  0.0227  0.0224  0.0225  0.0223  0.0227  0.0222  0.0223
  0.0222  0.0222  0.0221  0.0221  0.0221  0.0221  0.0221  0.0221  0.0221  0.0221  0.0221  0.0221
  0.0226  0.0227  0.0222  0.0221  0.0226  0.0220  0.0224  0.0225  0.0223  0.0222  0.0222  0.0222
  0.0236  0.0236  0.0226  0.0230  0.0241  0.0229  0.0233  0.0238  0.0230  0.0234  0.0225  0.0227
  0.0252  0.0248  0.0233  0.0248  0.0258  0.0251  0.0245  0.0259  0.0240  0.0256  0.0231  0.0234
niter,ni,del,rscale     3    3    5.0000    1.2000
parameters
   -0.3894    3.8883   -4.2768   -2.9821  -12.6777   -2.2614
   -2.1238    5.8998    0.7540   32.5659   -2.2906  -32.2094
eta,q 0.97791  8.57740
  0.0250  0.0243  0.0236  0.0245  0.0254  0.0245  0.0246  0.0259  0.0241  0.0250  0.0231  0.0236
  0.0234  0.0230  0.0228  0.0235  0.0236  0.0235  0.0233  0.0238  0.0230  0.0237  0.0225  0.0228
  0.0224  0.0222  0.0223  0.0227  0.0225  0.0227  0.0224  0.0225  0.0223  0.0227  0.0222  0.0223
  0.0221  0.0221  0.0221  0.0221  0.0221  0.0221  0.0221  0.0221  0.0221  0.0221  0.0221  0.0221
  0.0224  0.0225  0.0222  0.0221  0.0224  0.0220  0.0224  0.0225  0.0223  0.0222  0.0222  0.0223
  0.0234  0.0232  0.0227  0.0230  0.0237  0.0229  0.0233  0.0238  0.0230  0.0233  0.0225  0.0227
  0.0250  0.0243  0.0235  0.0247  0.0254  0.0251  0.0246  0.0259  0.0240  0.0256  0.0231  0.0234
niter,ni,del,rscale     2    3    5.0000    1.2000
parameters
   -0.3887    3.8820   -4.2636   -2.9709  -12.6363   -2.2670
   -2.1153    5.8891    0.7534   32.5324   -2.2601  -32.1566
eta,q 0.97790  8.57761
  0.0250  0.0243  0.0235  0.0244  0.0254  0.0244  0.0246  0.0259  0.0241  0.0250  0.0231  0.0236
  0.0234  0.0230  0.0227  0.0235  0.0237  0.0234  0.0233  0.0238  0.0230  0.0237  0.0225  0.0228
  0.0224  0.0223  0.0223  0.0226  0.0225  0.0227  0.0224  0.0225  0.0223  0.0227  0.0222  0.0223
  0.0221  0.0221  0.0221  0.0221  0.0221  0.0221  0.0221  0.0221  0.0221  0.0221  0.0221  0.0221
  0.0224  0.0224  0.0222  0.0221  0.0224  0.0220  0.0224  0.0225  0.0224  0.0221  0.0222  0.0223
  0.0234  0.0231  0.0227  0.0231  0.0236  0.0229  0.0233  0.0238  0.0230  0.0233  0.0225  0.0228
  0.0250  0.0242  0.0235  0.0249  0.0254  0.0251  0.0246  0.0259  0.0240  0.0255  0.0231  0.0235
registration optimization eta report
parameter search radius
    2.4000    2.4000    2.4000    7.2000    8.2800    7.2000
    7.2000    7.2000    7.2000    7.2000    7.2000    7.2000
100000*second partial in parameter space
       50.       38.       25.        5.        5.        5.
        5.        7.        4.        6.        2.        3.
  0.0250  0.0243  0.0235  0.0244  0.0254  0.0244  0.0246  0.0259  0.0241  0.0250  0.0231  0.0236
  0.0234  0.0230  0.0227  0.0235  0.0237  0.0234  0.0233  0.0238  0.0230  0.0237  0.0225  0.0228
  0.0224  0.0223  0.0223  0.0226  0.0225  0.0227  0.0224  0.0225  0.0223  0.0227  0.0222  0.0223
  0.0221  0.0221  0.0221  0.0221  0.0221  0.0221  0.0221  0.0221  0.0221  0.0221  0.0221  0.0221
  0.0224  0.0224  0.0222  0.0221  0.0224  0.0220  0.0224  0.0225  0.0224  0.0221  0.0222  0.0223
  0.0234  0.0231  0.0227  0.0231  0.0236  0.0229  0.0233  0.0238  0.0230  0.0233  0.0225  0.0228
  0.0250  0.0242  0.0235  0.0249  0.0254  0.0251  0.0246  0.0259  0.0240  0.0255  0.0231  0.0235
   -0.3887    3.8820   -4.2636   -2.9709  -12.6363   -2.2670
   -2.1153    5.8891    0.7534   32.5324   -2.2601  -32.1566
eta,q 0.97790  8.57761

---------------------------------------------------------------------
imgreg_4dfp /opt/freesurfer/average/711-2C_as_mni_average_305 /opt/freesurfer/average/711-2B_as_mni_average_305_mask talsrcimg_g11 none talsrcimg_to_711-2C_as_mni_average_305_t4 2311
---------------------------------------------------------------------

freesurfer imgreg_4dfp.c
/opt/freesurfer/average/711-2C_as_mni_average_305.4dfp.img
       256       256       256         1
  1.000000  1.000000  1.000000
orientation T byte_order littleendian
Reading image: /opt/freesurfer/average/711-2C_as_mni_average_305.4dfp.img
dimensions:      256       256       256
mmppix:       1.0000   -1.0000   -1.0000
center:     128.0000 -129.0000 -129.0000
/opt/freesurfer/average/711-2B_as_mni_average_305_mask.4dfp.img
       256       256       256         1
  1.000000  1.000000  1.000000
orientation T byte_order littleendian
Reading mask: /opt/freesurfer/average/711-2B_as_mni_average_305_mask.4dfp.img (2306576 pixels)
talsrcimg_g11.4dfp.img
       256       256       256         1
  1.000000  1.000000  1.000000
orientation T byte_order littleendian
Reading image: talsrcimg_g11.4dfp.img
dimensions:      256       256       256
mmppix:       1.0000   -1.0000   -1.0000
center:     128.0000 -129.0000 -129.0000
fimgreg.f
image alignment mode   2311 decimal      907 hex
parameters
   -0.3887    3.8820   -4.2636   -2.9709  -12.6363   -2.2670
   -2.1153    5.8891    0.7534   32.5324   -2.2601  -32.1566
eta,q 0.97790  8.57761
niter,ni,del,rscale     5    3    5.0000    0.8000
parameters
   -0.3906    3.8078   -4.2652   -2.4146  -12.7086   -1.3866
   -2.0857    5.9170    0.7613   32.9910   -2.0978  -32.5055
eta,q 0.97817  8.62642
  0.0234  0.0230  0.0227  0.0235  0.0231  0.0234  0.0231  0.0238  0.0229  0.0237  0.0224  0.0224
  0.0227  0.0225  0.0224  0.0229  0.0225  0.0229  0.0224  0.0228  0.0223  0.0229  0.0221  0.0221
  0.0222  0.0222  0.0222  0.0224  0.0221  0.0224  0.0220  0.0221  0.0220  0.0223  0.0219  0.0219
  0.0221  0.0221  0.0221  0.0221  0.0220  0.0220  0.0219  0.0219  0.0219  0.0219  0.0218  0.0218
  0.0222  0.0223  0.0222  0.0220  0.0221  0.0218  0.0220  0.0221  0.0220  0.0219  0.0219  0.0220
  0.0227  0.0226  0.0224  0.0223  0.0225  0.0221  0.0224  0.0227  0.0223  0.0223  0.0221  0.0222
  0.0234  0.0231  0.0227  0.0231  0.0233  0.0229  0.0231  0.0238  0.0228  0.0233  0.0223  0.0226
niter,ni,del,rscale     4    3    5.0000    0.7000
parameters
   -0.4309    3.8567   -4.2772   -2.4004  -12.9955   -1.2653
   -2.1093    5.8877    0.7471   33.2238   -2.1285  -32.6826
eta,q 0.97820  8.62744
  0.0229  0.0227  0.0224  0.0229  0.0226  0.0230  0.0228  0.0233  0.0226  0.0232  0.0222  0.0223
  0.0223  0.0222  0.0221  0.0224  0.0221  0.0225  0.0222  0.0225  0.0222  0.0225  0.0220  0.0220
  0.0219  0.0219  0.0219  0.0220  0.0219  0.0221  0.0219  0.0220  0.0219  0.0221  0.0218  0.0218
  0.0218  0.0218  0.0218  0.0218  0.0218  0.0218  0.0218  0.0218  0.0218  0.0218  0.0218  0.0218
  0.0220  0.0219  0.0219  0.0219  0.0219  0.0219  0.0219  0.0220  0.0219  0.0218  0.0219  0.0219
  0.0224  0.0222  0.0221  0.0223  0.0223  0.0223  0.0223  0.0225  0.0222  0.0222  0.0220  0.0221
  0.0230  0.0226  0.0224  0.0230  0.0229  0.0230  0.0228  0.0233  0.0226  0.0230  0.0222  0.0224
niter,ni,del,rscale     3    3    5.0000    0.6000
parameters
   -0.4395    3.8683   -4.2833   -2.2749  -13.1212   -1.1398
   -2.1216    5.8962    0.7372   33.3423   -2.1631  -32.7834
eta,q 0.97822  8.63362
  0.0226  0.0224  0.0222  0.0226  0.0224  0.0227  0.0225  0.0229  0.0224  0.0228  0.0221  0.0222
  0.0222  0.0221  0.0220  0.0222  0.0220  0.0223  0.0221  0.0223  0.0220  0.0223  0.0219  0.0219
  0.0219  0.0219  0.0219  0.0220  0.0219  0.0220  0.0219  0.0219  0.0218  0.0220  0.0218  0.0218
  0.0218  0.0218  0.0218  0.0218  0.0218  0.0218  0.0218  0.0218  0.0218  0.0218  0.0218  0.0218
  0.0219  0.0219  0.0219  0.0218  0.0219  0.0218  0.0219  0.0219  0.0219  0.0218  0.0218  0.0218
  0.0222  0.0221  0.0220  0.0221  0.0221  0.0222  0.0221  0.0223  0.0220  0.0221  0.0219  0.0220
  0.0226  0.0224  0.0222  0.0226  0.0225  0.0227  0.0225  0.0229  0.0224  0.0227  0.0221  0.0222
niter,ni,del,rscale     2    3    5.0000    0.5000
parameters
   -0.4452    3.8819   -4.2846   -2.1786  -13.1898   -1.0440
   -2.1358    5.8914    0.7416   33.4229   -2.1869  -32.8489
eta,q 0.97823  8.63885
  0.0223  0.0222  0.0221  0.0224  0.0222  0.0225  0.0223  0.0226  0.0222  0.0225  0.0220  0.0220
  0.0220  0.0220  0.0219  0.0221  0.0220  0.0222  0.0220  0.0221  0.0220  0.0221  0.0219  0.0219
  0.0218  0.0218  0.0218  0.0219  0.0218  0.0219  0.0218  0.0219  0.0218  0.0219  0.0218  0.0218
  0.0218  0.0218  0.0218  0.0218  0.0218  0.0218  0.0218  0.0218  0.0218  0.0218  0.0218  0.0218
  0.0218  0.0218  0.0218  0.0218  0.0218  0.0218  0.0218  0.0219  0.0218  0.0218  0.0218  0.0218
  0.0220  0.0220  0.0219  0.0220  0.0220  0.0221  0.0220  0.0221  0.0220  0.0220  0.0219  0.0219
  0.0224  0.0222  0.0221  0.0224  0.0222  0.0225  0.0223  0.0226  0.0222  0.0224  0.0220  0.0221
niter,ni,del,rscale     1    3    5.0000    0.4000
parameters
   -0.4484    3.8889   -4.2837   -2.1022  -13.2266   -0.9744
   -2.1435    5.8907    0.7418   33.4861   -2.2046  -32.8935
eta,q 0.97823  8.64305
  0.0221  0.0220  0.0220  0.0222  0.0220  0.0223  0.0221  0.0223  0.0220  0.0222  0.0219  0.0219
  0.0219  0.0219  0.0219  0.0220  0.0219  0.0220  0.0219  0.0220  0.0219  0.0220  0.0218  0.0218
  0.0218  0.0218  0.0218  0.0218  0.0218  0.0219  0.0218  0.0218  0.0218  0.0218  0.0218  0.0218
  0.0218  0.0218  0.0218  0.0218  0.0218  0.0218  0.0218  0.0218  0.0218  0.0218  0.0218  0.0218
  0.0218  0.0218  0.0218  0.0218  0.0218  0.0218  0.0218  0.0218  0.0218  0.0218  0.0218  0.0218
  0.0219  0.0219  0.0219  0.0219  0.0219  0.0220  0.0219  0.0220  0.0219  0.0219  0.0218  0.0219
  0.0221  0.0220  0.0220  0.0221  0.0220  0.0222  0.0221  0.0223  0.0220  0.0222  0.0219  0.0219
registration optimization eta report
parameter search radius
    0.8000    0.8000    0.8000    2.4000    2.4000    2.4000
    2.4000    2.4000    2.4000    2.4000    2.4000    2.4000
100000*second partial in parameter space
       58.       42.       32.        7.        5.        8.
        6.        9.        5.        8.        2.        3.
  0.0221  0.0220  0.0220  0.0222  0.0220  0.0223  0.0221  0.0223  0.0220  0.0222  0.0219  0.0219
  0.0219  0.0219  0.0219  0.0220  0.0219  0.0220  0.0219  0.0220  0.0219  0.0220  0.0218  0.0218
  0.0218  0.0218  0.0218  0.0218  0.0218  0.0219  0.0218  0.0218  0.0218  0.0218  0.0218  0.0218
  0.0218  0.0218  0.0218  0.0218  0.0218  0.0218  0.0218  0.0218  0.0218  0.0218  0.0218  0.0218
  0.0218  0.0218  0.0218  0.0218  0.0218  0.0218  0.0218  0.0218  0.0218  0.0218  0.0218  0.0218
  0.0219  0.0219  0.0219  0.0219  0.0219  0.0220  0.0219  0.0220  0.0219  0.0219  0.0218  0.0219
  0.0221  0.0220  0.0220  0.0221  0.0220  0.0222  0.0221  0.0223  0.0220  0.0222  0.0219  0.0219
   -0.4484    3.8889   -4.2837   -2.1022  -13.2266   -0.9744
   -2.1435    5.8907    0.7418   33.4861   -2.2046  -32.8935
eta,q 0.97823  8.64305

---------------------------------------------------------------------
imgreg_4dfp /opt/freesurfer/average/711-2C_as_mni_average_305 /opt/freesurfer/average/711-2B_as_mni_average_305_mask talsrcimg_g11 none talsrcimg_to_711-2C_as_mni_average_305_t4 2311
---------------------------------------------------------------------

freesurfer imgreg_4dfp.c
/opt/freesurfer/average/711-2C_as_mni_average_305.4dfp.img
       256       256       256         1
  1.000000  1.000000  1.000000
orientation T byte_order littleendian
Reading image: /opt/freesurfer/average/711-2C_as_mni_average_305.4dfp.img
dimensions:      256       256       256
mmppix:       1.0000   -1.0000   -1.0000
center:     128.0000 -129.0000 -129.0000
/opt/freesurfer/average/711-2B_as_mni_average_305_mask.4dfp.img
       256       256       256         1
  1.000000  1.000000  1.000000
orientation T byte_order littleendian
Reading mask: /opt/freesurfer/average/711-2B_as_mni_average_305_mask.4dfp.img (2306576 pixels)
talsrcimg_g11.4dfp.img
       256       256       256         1
  1.000000  1.000000  1.000000
orientation T byte_order littleendian
Reading image: talsrcimg_g11.4dfp.img
dimensions:      256       256       256
mmppix:       1.0000   -1.0000   -1.0000
center:     128.0000 -129.0000 -129.0000
fimgreg.f
image alignment mode   2311 decimal      907 hex
parameters
   -0.4484    3.8889   -4.2837   -2.1022  -13.2266   -0.9744
   -2.1435    5.8907    0.7418   33.4861   -2.2046  -32.8935
eta,q 0.97823  8.64305
niter,ni,del,rscale     5    3    5.0000    0.8000
parameters
   -0.4513    3.9453   -4.2811   -2.4965  -13.2343   -1.3815
   -2.1271    5.8890    0.7539   33.3287   -2.2397  -32.7449
eta,q 0.97818  8.61782
  0.0232  0.0229  0.0226  0.0229  0.0230  0.0231  0.0230  0.0238  0.0228  0.0233  0.0223  0.0226
  0.0224  0.0223  0.0221  0.0224  0.0223  0.0225  0.0224  0.0227  0.0223  0.0226  0.0220  0.0222
  0.0219  0.0219  0.0219  0.0220  0.0219  0.0220  0.0219  0.0220  0.0219  0.0221  0.0219  0.0219
  0.0218  0.0218  0.0218  0.0218  0.0218  0.0218  0.0218  0.0218  0.0218  0.0218  0.0218  0.0218
  0.0219  0.0219  0.0219  0.0219  0.0219  0.0220  0.0220  0.0220  0.0219  0.0219  0.0219  0.0219
  0.0224  0.0222  0.0221  0.0225  0.0223  0.0226  0.0224  0.0227  0.0223  0.0226  0.0221  0.0221
  0.0232  0.0227  0.0226  0.0236  0.0230  0.0239  0.0230  0.0238  0.0228  0.0237  0.0223  0.0225
niter,ni,del,rscale     4    3    5.0000    0.7000
parameters
   -0.4339    3.8845   -4.3025   -2.3336  -13.1444   -1.2880
   -2.1252    5.9066    0.7602   33.3052   -2.1946  -32.7716
eta,q 0.97821  8.62707
  0.0229  0.0226  0.0224  0.0229  0.0228  0.0230  0.0228  0.0233  0.0226  0.0230  0.0222  0.0223
  0.0223  0.0221  0.0221  0.0224  0.0222  0.0225  0.0222  0.0225  0.0221  0.0224  0.0220  0.0220
  0.0220  0.0219  0.0219  0.0220  0.0219  0.0221  0.0219  0.0220  0.0219  0.0220  0.0218  0.0219
  0.0218  0.0218  0.0218  0.0218  0.0218  0.0218  0.0218  0.0218  0.0218  0.0218  0.0218  0.0218
  0.0219  0.0219  0.0219  0.0218  0.0219  0.0219  0.0219  0.0220  0.0219  0.0219  0.0218  0.0219
  0.0223  0.0222  0.0221  0.0222  0.0221  0.0223  0.0222  0.0225  0.0221  0.0223  0.0220  0.0220
  0.0229  0.0227  0.0224  0.0229  0.0227  0.0230  0.0227  0.0233  0.0225  0.0232  0.0222  0.0223
niter,ni,del,rscale     3    3    5.0000    0.6000
parameters
   -0.4381    3.8777   -4.3039   -2.2524  -13.1474   -1.1553
   -2.1333    5.9043    0.7492   33.3608   -2.1853  -32.8161
eta,q 0.97822  8.63392
  0.0226  0.0224  0.0222  0.0226  0.0224  0.0227  0.0225  0.0229  0.0223  0.0228  0.0221  0.0222
  0.0222  0.0220  0.0220  0.0222  0.0221  0.0224  0.0221  0.0223  0.0220  0.0223  0.0219  0.0220
  0.0219  0.0218  0.0218  0.0219  0.0219  0.0220  0.0219  0.0219  0.0218  0.0219  0.0218  0.0218
  0.0218  0.0218  0.0218  0.0218  0.0218  0.0218  0.0218  0.0218  0.0218  0.0218  0.0218  0.0218
  0.0219  0.0219  0.0218  0.0218  0.0218  0.0218  0.0219  0.0219  0.0219  0.0218  0.0218  0.0218
  0.0222  0.0221  0.0220  0.0221  0.0221  0.0222  0.0221  0.0223  0.0220  0.0222  0.0219  0.0220
  0.0226  0.0224  0.0222  0.0226  0.0225  0.0227  0.0225  0.0229  0.0223  0.0228  0.0221  0.0222
niter,ni,del,rscale     2    3    5.0000    0.5000
parameters
   -0.4444    3.8853   -4.2977   -2.1742  -13.1966   -1.0457
   -2.1433    5.8966    0.7452   33.4259   -2.1987  -32.8672
eta,q 0.97823  8.63906
  0.0223  0.0222  0.0221  0.0224  0.0222  0.0225  0.0223  0.0226  0.0222  0.0225  0.0220  0.0220
  0.0220  0.0220  0.0219  0.0221  0.0220  0.0222  0.0220  0.0221  0.0220  0.0221  0.0219  0.0219
  0.0218  0.0218  0.0218  0.0219  0.0218  0.0219  0.0218  0.0219  0.0218  0.0219  0.0218  0.0218
  0.0218  0.0218  0.0218  0.0218  0.0218  0.0218  0.0218  0.0218  0.0218  0.0218  0.0218  0.0218
  0.0218  0.0218  0.0218  0.0218  0.0218  0.0218  0.0218  0.0219  0.0218  0.0218  0.0218  0.0218
  0.0220  0.0220  0.0219  0.0220  0.0220  0.0221  0.0220  0.0221  0.0220  0.0220  0.0219  0.0219
  0.0224  0.0222  0.0221  0.0224  0.0222  0.0225  0.0223  0.0226  0.0222  0.0225  0.0220  0.0221
niter,ni,del,rscale     1    3    5.0000    0.4000
parameters
   -0.4503    3.8900   -4.2878   -2.0990  -13.2254   -0.9787
   -2.1560    5.8916    0.7464   33.4859   -2.2101  -32.9007
eta,q 0.97823  8.64317
  0.0221  0.0220  0.0220  0.0222  0.0220  0.0223  0.0221  0.0223  0.0220  0.0222  0.0219  0.0219
  0.0219  0.0219  0.0219  0.0220  0.0219  0.0220  0.0219  0.0220  0.0219  0.0220  0.0218  0.0218
  0.0218  0.0218  0.0218  0.0218  0.0218  0.0219  0.0218  0.0218  0.0218  0.0218  0.0218  0.0218
  0.0218  0.0218  0.0218  0.0218  0.0218  0.0218  0.0218  0.0218  0.0218  0.0218  0.0218  0.0218
  0.0218  0.0218  0.0218  0.0218  0.0218  0.0218  0.0218  0.0218  0.0218  0.0218  0.0218  0.0218
  0.0219  0.0219  0.0219  0.0219  0.0219  0.0220  0.0219  0.0220  0.0219  0.0219  0.0218  0.0219
  0.0221  0.0220  0.0220  0.0221  0.0221  0.0222  0.0221  0.0223  0.0220  0.0222  0.0219  0.0219
registration optimization eta report
parameter search radius
    0.8000    0.8000    0.8000    2.4000    2.4000    2.4000
    2.4000    2.4000    2.4000    2.4000    2.4000    2.4000
100000*second partial in parameter space
       58.       42.       32.        7.        5.        8.
        6.        9.        5.        8.        2.        3.
  0.0221  0.0220  0.0220  0.0222  0.0220  0.0223  0.0221  0.0223  0.0220  0.0222  0.0219  0.0219
  0.0219  0.0219  0.0219  0.0220  0.0219  0.0220  0.0219  0.0220  0.0219  0.0220  0.0218  0.0218
  0.0218  0.0218  0.0218  0.0218  0.0218  0.0219  0.0218  0.0218  0.0218  0.0218  0.0218  0.0218
  0.0218  0.0218  0.0218  0.0218  0.0218  0.0218  0.0218  0.0218  0.0218  0.0218  0.0218  0.0218
  0.0218  0.0218  0.0218  0.0218  0.0218  0.0218  0.0218  0.0218  0.0218  0.0218  0.0218  0.0218
  0.0219  0.0219  0.0219  0.0219  0.0219  0.0220  0.0219  0.0220  0.0219  0.0219  0.0218  0.0219
  0.0221  0.0220  0.0220  0.0221  0.0221  0.0222  0.0221  0.0223  0.0220  0.0222  0.0219  0.0219
   -0.4503    3.8900   -4.2878   -2.0990  -13.2254   -0.9787
   -2.1560    5.8916    0.7464   33.4859   -2.2101  -32.9007
eta,q 0.97823  8.64317

---------------------------------------------------------------------
compute_vox2vox talsrcimg talsrcimg_to_711-2C_as_mni_average_305_t4 /opt/freesurfer/average/711-2C_as_mni_average_305
---------------------------------------------------------------------

freesurfer compute_vox2vox.c
Reading: talsrcimg.4dfp.ifh
Reading: talsrcimg_to_711-2C_as_mni_average_305_t4
Reading: /opt/freesurfer/average/711-2C_as_mni_average_305.4dfp.ifh
Writing: talsrcimg_to_711-2C_as_mni_average_305_t4_vox2vox.txt

start time Thu Mar 12 14:26:38 CET 2026
end		time Thu Mar 12 14:28:03 CET 2026

mpr2mni305 success

avi2talxfm orig_nu.mgz /opt/freesurfer/average/mni305.cor.mgz talsrcimg_to_711-2C_as_mni_average_305_t4_vox2vox.txt transforms/talairach.auto.xfm
avi2talxfm done
mv -f /out/sourcedata/freesurfer/sub-v1s1x0050651_ses-1/mri/talsrcimg_to_711-2C_as_mni_average_305_t4_vox2vox.txt /out/sourcedata/freesurfer/sub-v1s1x0050651_ses-1/mri/transforms/talsrcimg_to_711-2C_as_mni_average_305_t4_vox2vox.txt
lta_convert --src orig_nu.mgz --trg /opt/freesurfer/average/mni305.cor.mgz --inxfm transforms/talairach.auto.xfm --outlta transforms/talairach.auto.xfm.lta --subject fsaverage
7.3.2

--src: orig_nu.mgz src image (geometry).
--trg: /opt/freesurfer/average/mni305.cor.mgz trg image (geometry).
--inmni: transforms/talairach.auto.xfm input MNI/XFM transform.
--outlta: transforms/talairach.auto.xfm.lta output LTA.
--s: fsaverage subject name
 LTA read, type : 1
 1.02004  -0.06139   0.00207  -0.32408;
 0.01760   0.89406   0.33942   1.17290;
-0.01556  -0.34448   1.02141  -6.47104;
 0.00000   0.00000   0.00000   1.00000;
setting subject to fsaverage
Writing  LTA to file transforms/talairach.auto.xfm.lta...
lta_convert successful.
 
 
Started at Thu Mar 12 14:26:37 CET 2026
Ended   at Thu Mar 12 14:28:03 CET 2026
talairach_avi done
