/out/sourcedata/freesurfer/sub-v1s1x0050644_ses-1/mri
/opt/freesurfer/bin/talairach_avi
--i orig_nu.mgz --xfm transforms/talairach.auto.xfm
talairach_avi 7.3.2
Linux dna061 5.14.0-427.37.1.el9_4.x86_64 #1 SMP PREEMPT_DYNAMIC Fri Sep 13 12:41:50 EDT 2024 x86_64 x86_64 x86_64 GNU/Linux
Thu Mar 12 14:18:16 CET 2026
mri_convert orig_nu.mgz talsrcimg.img 
reading from orig_nu.mgz...
TR=0.00, TE=0.00, TI=0.00, flip angle=0.00
i_ras = (-1, 0, 0)
j_ras = (0, 0, -1)
k_ras = (0, 1, 0)
writing to talsrcimg.img...
Analyze Output Matrix
-1.00000   0.00000   0.00000   129.50000;
 0.00000   0.00000   1.00000  -128.00000;
 0.00000  -1.00000   0.00000   130.00000;
 0.00000   0.00000   0.00000   1.00000;
--------------------
INFO: set hdr.hist.orient to -1
mpr2mni305 talsrcimg
Thu Mar 12 14:18:17 CET 2026
/opt/freesurfer/bin/mpr2mni305 talsrcimg
mpr2mni305 7.3.2
target=711-2C_as_mni_average_305

---------------------------------------------------------------------
analyzeto4dfp talsrcimg -O0 -y
---------------------------------------------------------------------

freesurfer ifh2hdr.c
Thu Mar 12 14:18:17 2026
Writing: talsrcimg.4dfp.hdr
freesurfer analyzeto4dfp.c
Reading: talsrcimg.hdr
header size 348 bytes
hdr.dime.datatype	offset=70	value=2
hdr.dime.bitpix		offset=72	value=8
hdr.hist.orient		offset=252	value=-1
dimensionality     4
dimensions       256       256       256         1
Reading: talsrcimg.img
Writing: talsrcimg.4dfp.img
Writing: talsrcimg.4dfp.ifh
ifh2hdr talsrcimg -r0to237
ori=2

---------------------------------------------------------------------
gauss_4dfp talsrcimg 1.1
---------------------------------------------------------------------

freesurfer gauss_4dfp.c
Reading: talsrcimg.4dfp.img
Writing: talsrcimg_g11.4dfp.img
image dimensions 256 256 256 padded to 288 288 288
processing volume 1freesurfer ifh2hdr.c
Thu Mar 12 14:18:19 2026
Writing: talsrcimg_g11.4dfp.hdr

Writing: talsrcimg_g11.4dfp.ifh
including: talsrcimg.4dfp.img.rec in talsrcimg_g11.4dfp.img.rec

---------------------------------------------------------------------
imgreg_4dfp /opt/freesurfer/average/711-2C_as_mni_average_305 none talsrcimg_g11 none talsrcimg_to_711-2C_as_mni_average_305_t4 4355
---------------------------------------------------------------------

freesurfer imgreg_4dfp.c
/opt/freesurfer/average/711-2C_as_mni_average_305.4dfp.img
       256       256       256         1
  1.000000  1.000000  1.000000
orientation T byte_order littleendian
Reading image: /opt/freesurfer/average/711-2C_as_mni_average_305.4dfp.img
dimensions:      256       256       256
mmppix:       1.0000   -1.0000   -1.0000
center:     128.0000 -129.0000 -129.0000
talsrcimg_g11.4dfp.img
       256       256       256         1
  1.000000  1.000000  1.000000
orientation T byte_order littleendian
Reading image: talsrcimg_g11.4dfp.img
dimensions:      256       256       256
mmppix:       1.0000   -1.0000   -1.0000
center:     128.0000 -129.0000 -129.0000
t4_read: open error in t4_sub.f l:  41 t4_file(1:l)talsrcimg_to_711-2C_as_mni_average_305_t4 
t4_read: transform initialized to I4
rotation matrix determinant  1.000000
image alignment mode   4355 decimal     1103 hex
   -7.5000  -45.0000  -45.000010871.8174   14.4176
    0.0000  -45.0000  -45.000011428.1826   14.4377
    7.5000  -45.0000  -45.000010946.8994   14.4614
   -7.5000  -37.5000  -45.000010964.9385   14.4063
    0.0000  -37.5000  -45.000011531.3750   14.4198
    7.5000  -37.5000  -45.000011037.6523   14.4496
   -7.5000  -30.0000  -45.000011353.8818   14.3989
    0.0000  -30.0000  -45.000011910.1807   14.4080
    7.5000  -30.0000  -45.000011391.1963   14.4389
   -7.5000  -22.5000  -45.000011682.0195   14.4083
    0.0000  -22.5000  -45.000012273.8291   14.4203
    7.5000  -22.5000  -45.000011675.0664   14.4449
   -7.5000  -15.0000  -45.000011902.4727   14.4233
    0.0000  -15.0000  -45.000012576.6494   14.4415
    7.5000  -15.0000  -45.000011878.0547   14.4594
   -7.5000   -7.5000  -45.000011930.1406   14.4266
    0.0000   -7.5000  -45.000012638.4033   14.4486
    7.5000   -7.5000  -45.000011904.9629   14.4666
   -7.5000    0.0000  -45.000011710.7793   14.4176
    0.0000    0.0000  -45.000012388.4092   14.4377
    7.5000    0.0000  -45.000011653.5674   14.4614
   -7.5000    7.5000  -45.000010552.4053   14.4063
    0.0000    7.5000  -45.000011126.9307   14.4198
    7.5000    7.5000  -45.000010491.1670   14.4496
   -7.5000   15.0000  -45.0000 9486.0244   14.4628
    0.0000   15.0000  -45.0000 9988.3213   14.4724
    7.5000   15.0000  -45.0000 9423.9775   14.5038
   -7.5000   22.5000  -45.0000 8524.4463   14.7008
    0.0000   22.5000  -45.0000 8945.2783   14.7101
    7.5000   22.5000  -45.0000 8465.9424   14.7329
   -7.5000   30.0000  -45.0000 7571.9038   14.8500
    0.0000   30.0000  -45.0000 7921.1958   14.8649
    7.5000   30.0000  -45.0000 7514.2080   14.8795
   -7.5000   37.5000  -45.0000 6891.7549   15.3141
    0.0000   37.5000  -45.0000 7199.6387   15.3361
    7.5000   37.5000  -45.0000 6856.3154   15.3544
   -7.5000   45.0000  -45.0000 6021.9810   15.5457
    0.0000   45.0000  -45.0000 6253.8281   15.5685
    7.5000   45.0000  -45.0000 5981.3965   15.5941
   -7.5000  -45.0000  -37.500011324.9365   14.4022
    0.0000  -45.0000  -37.500011894.3145   14.4234
    7.5000  -45.0000  -37.500011354.1455   14.4448
   -7.5000  -37.5000  -37.500011392.9570   14.3787
    0.0000  -37.5000  -37.500012028.8174   14.3949
    7.5000  -37.5000  -37.500011476.1885   14.4244
   -7.5000  -30.0000  -37.500011764.0957   14.3709
    0.0000  -30.0000  -37.500012437.3965   14.3843
    7.5000  -30.0000  -37.500011862.0791   14.4167
   -7.5000  -22.5000  -37.500012091.1240   14.3938
    0.0000  -22.5000  -37.500012795.6631   14.4102
    7.5000  -22.5000  -37.500012169.5654   14.4363
   -7.5000  -15.0000  -37.500012301.7129   14.4225
    0.0000  -15.0000  -37.500013067.7686   14.4437
    7.5000  -15.0000  -37.500012347.1055   14.4613
   -7.5000   -7.5000  -37.500012360.2871   14.4246
    0.0000   -7.5000  -37.500013083.2422   14.4477
    7.5000   -7.5000  -37.500012343.3340   14.4635
   -7.5000    0.0000  -37.500012132.0527   14.4022
    0.0000    0.0000  -37.500012832.4082   14.4234
    7.5000    0.0000  -37.500012103.6396   14.4448
   -7.5000    7.5000  -37.500010946.8584   14.3787
    0.0000    7.5000  -37.500011556.9805   14.3949
    7.5000    7.5000  -37.500010901.3379   14.4244
   -7.5000   15.0000  -37.5000 9820.3242   14.4352
    0.0000   15.0000  -37.500010361.5195   14.4490
    7.5000   15.0000  -37.5000 9770.6055   14.4817
   -7.5000   22.5000  -37.5000 8805.1934   14.6867
    0.0000   22.5000  -37.5000 9254.3027   14.7011
    7.5000   22.5000  -37.5000 8745.0020   14.7269
   -7.5000   30.0000  -37.5000 7801.5181   14.8455
    0.0000   30.0000  -37.5000 8174.4043   14.8642
    7.5000   30.0000  -37.5000 7734.4292   14.8789
   -7.5000   37.5000  -37.5000 7096.3857   15.2989
    0.0000   37.5000  -37.5000 7429.2896   15.3246
    7.5000   37.5000  -37.5000 7046.1738   15.3423
   -7.5000   45.0000  -37.5000 6198.7808   15.5257
    0.0000   45.0000  -37.5000 6450.9126   15.5504
    7.5000   45.0000  -37.5000 6139.7173   15.5753
   -7.5000  -45.0000  -30.000011886.3857   14.9800
    0.0000  -45.0000  -30.000012527.9238   15.0051
    7.5000  -45.0000  -30.000011960.9736   15.0313
   -7.5000  -37.5000  -30.000011994.2236   14.9533
    0.0000  -37.5000  -30.000012679.1768   14.9788
    7.5000  -37.5000  -30.000012119.0303   15.0163
   -7.5000  -30.0000  -30.000012374.6416   14.9454
    0.0000  -30.0000  -30.000013138.6055   14.9713
    7.5000  -30.0000  -30.000012541.5010   15.0130
   -7.5000  -22.5000  -30.000012713.0869   14.9723
    0.0000  -22.5000  -30.000013490.0820   14.9988
    7.5000  -22.5000  -30.000012844.6143   15.0324
   -7.5000  -15.0000  -30.000012900.7314   15.0049
    0.0000  -15.0000  -30.000013694.6875   15.0309
    7.5000  -15.0000  -30.000012982.3203   15.0526
   -7.5000   -7.5000  -30.000012953.6631   15.0062
    0.0000   -7.5000  -30.000013722.1191   15.0312
    7.5000   -7.5000  -30.000012957.0566   15.0497
   -7.5000    0.0000  -30.000012747.8418   14.9800
    0.0000    0.0000  -30.000013484.9961   15.0051
    7.5000    0.0000  -30.000012731.2549   15.0313
   -7.5000    7.5000  -30.000011539.1348   14.9533
    0.0000    7.5000  -30.000012187.6846   14.9788
    7.5000    7.5000  -30.000011507.2607   15.0163
   -7.5000   15.0000  -30.000010343.9238   15.0152
    0.0000   15.0000  -30.000010948.1318   15.0413
    7.5000   15.0000  -30.000010316.1904   15.0833
   -7.5000   22.5000  -30.0000 9245.5771   15.2742
    0.0000   22.5000  -30.0000 9746.2676   15.3000
    7.5000   22.5000  -30.0000 9197.7930   15.3348
   -7.5000   30.0000  -30.0000 8155.7749   15.4405
    0.0000   30.0000  -30.0000 8574.5850   15.4654
    7.5000   30.0000  -30.0000 8099.3438   15.4850
   -7.5000   37.5000  -30.0000 7409.1904   15.9096
    0.0000   37.5000  -30.0000 7756.1948   15.9398
    7.5000   37.5000  -30.0000 7350.3765   15.9630
   -7.5000   45.0000  -30.0000 6462.7231   16.1612
    0.0000   45.0000  -30.0000 6726.5308   16.1930
    7.5000   45.0000  -30.0000 6388.2412   16.2266
   -7.5000  -45.0000  -22.500012440.0977   15.4970
    0.0000  -45.0000  -22.500013097.0107   15.5240
    7.5000  -45.0000  -22.500012580.2754   15.5570
   -7.5000  -37.5000  -22.500012562.0801   15.4808
    0.0000  -37.5000  -22.500013247.8740   15.5123
    7.5000  -37.5000  -22.500012753.4023   15.5581
   -7.5000  -30.0000  -22.500012995.1270   15.4722
    0.0000  -30.0000  -22.500013740.5439   15.5059
    7.5000  -30.0000  -22.500013222.0342   15.5551
   -7.5000  -22.5000  -22.500013300.4883   15.4862
    0.0000  -22.5000  -22.500014077.1172   15.5182
    7.5000  -22.5000  -22.500013506.2959   15.5570
   -7.5000  -15.0000  -22.500013471.4180   15.5068
    0.0000  -15.0000  -22.500014290.3926   15.5342
    7.5000  -15.0000  -22.500013621.3428   15.5592
   -7.5000   -7.5000  -22.500013507.2500   15.5104
    0.0000   -7.5000  -22.500014335.3438   15.5352
    7.5000   -7.5000  -22.500013604.5098   15.5578
   -7.5000    0.0000  -22.500013341.8311   15.4970
    0.0000    0.0000  -22.500014154.2383   15.5240
    7.5000    0.0000  -22.500013408.4795   15.5570
   -7.5000    7.5000  -22.500012134.3193   15.4808
    0.0000    7.5000  -22.500012868.0996   15.5123
    7.5000    7.5000  -22.500012148.1426   15.5581
   -7.5000   15.0000  -22.500010893.0537   15.5472
    0.0000   15.0000  -22.500011565.2959   15.5809
    7.5000   15.0000  -22.500010863.2451   15.6305
   -7.5000   22.5000  -22.5000 9712.9463   15.7953
    0.0000   22.5000  -22.500010265.8516   15.8270
    7.5000   22.5000  -22.5000 9654.1777   15.8673
   -7.5000   30.0000  -22.5000 8532.0957   15.9581
    0.0000   30.0000  -22.5000 8991.8564   15.9850
    7.5000   30.0000  -22.5000 8456.1152   16.0088
   -7.5000   37.5000  -22.5000 7729.6328   16.4552
    0.0000   37.5000  -22.5000 8086.8784   16.4851
    7.5000   37.5000  -22.5000 7646.8423   16.5135
   -7.5000   45.0000  -22.5000 6706.3022   16.7383
    0.0000   45.0000  -22.5000 6978.1821   16.7744
    7.5000   45.0000  -22.5000 6634.9478   16.8172
   -7.5000  -45.0000  -15.000013055.4209   15.8933
    0.0000  -45.0000  -15.000013847.5059   15.9204
    7.5000  -45.0000  -15.000013310.4854   15.9572
   -7.5000  -37.5000  -15.000013183.9668   15.8911
    0.0000  -37.5000  -15.000013843.0771   15.9213
    7.5000  -37.5000  -15.000013442.3828   15.9688
   -7.5000  -30.0000  -15.000013613.9375   15.8834
    0.0000  -30.0000  -15.000014259.5967   15.9145
    7.5000  -30.0000  -15.000013864.6240   15.9629
   -7.5000  -22.5000  -15.000013915.1895   15.8824
    0.0000  -22.5000  -15.000014641.1309   15.9115
    7.5000  -22.5000  -15.000014137.6748   15.9495
   -7.5000  -15.0000  -15.000014085.1641   15.8875
    0.0000  -15.0000  -15.000014913.0977   15.9132
    7.5000  -15.0000  -15.000014242.9824   15.9391
   -7.5000   -7.5000  -15.000014141.6582   15.8922
    0.0000   -7.5000  -15.000015057.6123   15.9168
    7.5000   -7.5000  -15.000014260.3818   15.9427
   -7.5000    0.0000  -15.000014017.7480   15.8933
    0.0000    0.0000  -15.000014926.1553   15.9204
    7.5000    0.0000  -15.000014055.3994   15.9572
   -7.5000    7.5000  -15.000012749.2969   15.8911
    0.0000    7.5000  -15.000013556.1611   15.9213
    7.5000    7.5000  -15.000012726.1562   15.9688
   -7.5000   15.0000  -15.000011411.4121   15.9602
    0.0000   15.0000  -15.000012131.5645   15.9914
    7.5000   15.0000  -15.000011353.5625   16.0404
   -7.5000   22.5000  -15.000010143.3896   16.1977
    0.0000   22.5000  -15.000010742.9043   16.2259
    7.5000   22.5000  -15.000010065.9658   16.2640
   -7.5000   30.0000  -15.0000 8900.2002   16.3565
    0.0000   30.0000  -15.0000 9375.6484   16.3808
    7.5000   30.0000  -15.0000 8812.8232   16.4053
   -7.5000   37.5000  -15.0000 8059.3735   16.8785
    0.0000   37.5000  -15.0000 8415.0547   16.9057
    7.5000   37.5000  -15.0000 7940.4590   16.9358
   -7.5000   45.0000  -15.0000 6947.7725   17.1839
    0.0000   45.0000  -15.0000 7227.8096   17.2193
    7.5000   45.0000  -15.0000 6890.6655   17.2646
   -7.5000  -45.0000   -7.500013778.1807   16.0998
    0.0000  -45.0000   -7.500014660.0078   16.1250
    7.5000  -45.0000   -7.500014041.4385   16.1587
   -7.5000  -37.5000   -7.500013883.7471   16.0992
    0.0000  -37.5000   -7.500014490.5244   16.1218
    7.5000  -37.5000   -7.500014003.0996   16.1629
   -7.5000  -30.0000   -7.500014292.0254   16.0925
    0.0000  -30.0000   -7.500014895.0635   16.1119
    7.5000  -30.0000   -7.500014347.7383   16.1531
   -7.5000  -22.5000   -7.500014596.3760   16.0907
    0.0000  -22.5000   -7.500015339.7207   16.1106
    7.5000  -22.5000   -7.500014640.2803   16.1431
   -7.5000  -15.0000   -7.500014781.4326   16.0941
    0.0000  -15.0000   -7.500015634.4814   16.1164
    7.5000  -15.0000   -7.500014798.7197   16.1403
   -7.5000   -7.5000   -7.500014820.1963   16.0979
    0.0000   -7.5000   -7.500015734.4766   16.1227
    7.5000   -7.5000   -7.500014818.1592   16.1477
   -7.5000    0.0000   -7.500014653.5967   16.0998
    0.0000    0.0000   -7.500015559.8164   16.1250
    7.5000    0.0000   -7.500014661.8682   16.1587
   -7.5000    7.5000   -7.500013287.4355   16.0992
    0.0000    7.5000   -7.500014076.0742   16.1218
    7.5000    7.5000   -7.500013270.4102   16.1629
   -7.5000   15.0000   -7.500011834.5322   16.1669
    0.0000   15.0000   -7.500012544.5977   16.1867
    7.5000   15.0000   -7.500011789.4160   16.2286
   -7.5000   22.5000   -7.500010477.3408   16.4099
    0.0000   22.5000   -7.500011091.2393   16.4274
    7.5000   22.5000   -7.500010418.1689   16.4583
   -7.5000   30.0000   -7.5000 9201.6504   16.5744
    0.0000   30.0000   -7.5000 9697.1855   16.5936
    7.5000   30.0000   -7.5000 9133.9268   16.6150
   -7.5000   37.5000   -7.5000 8332.1104   17.1026
    0.0000   37.5000   -7.5000 8720.9902   17.1274
    7.5000   37.5000   -7.5000 8267.7861   17.1539
   -7.5000   45.0000   -7.5000 7181.2217   17.4079
    0.0000   45.0000   -7.5000 7472.6689   17.4383
    7.5000   45.0000   -7.5000 7142.7080   17.4765
   -7.5000  -45.0000    0.000014187.5615   16.1337
    0.0000  -45.0000    0.000014917.0674   16.1562
    7.5000  -45.0000    0.000014276.8340   16.1827
   -7.5000  -37.5000    0.000014350.4639   16.1210
    0.0000  -37.5000    0.000014950.5391   16.1362
    7.5000  -37.5000    0.000014289.3271   16.1695
   -7.5000  -30.0000    0.000014810.9629   16.1127
    0.0000  -30.0000    0.000015546.1641   16.1230
    7.5000  -30.0000    0.000014765.0127   16.1575
   -7.5000  -22.5000    0.000015129.2354   16.1233
    0.0000  -22.5000    0.000016024.9375   16.1367
    7.5000  -22.5000    0.000015173.8311   16.1642
   -7.5000  -15.0000    0.000015188.0713   16.1400
    0.0000  -15.0000    0.000016164.6396   16.1605
    7.5000  -15.0000    0.000015284.6318   16.1805
   -7.5000   -7.5000    0.000015135.3584   16.1438
    0.0000   -7.5000    0.000016113.7637   16.1683
    7.5000   -7.5000    0.000015236.8359   16.1885
   -7.5000    0.0000    0.000014936.1680   16.1337
    0.0000    0.0000    0.000015891.9971   16.1562
    7.5000    0.0000    0.000015039.4648   16.1827
   -7.5000    7.5000    0.000013568.8535   16.1210
    0.0000    7.5000    0.000014388.4805   16.1362
    7.5000    7.5000    0.000013644.0127   16.1695
   -7.5000   15.0000    0.000012117.8613   16.1842
    0.0000   15.0000    0.000012802.1494   16.1950
    7.5000   15.0000    0.000012118.5322   16.2301
   -7.5000   22.5000    0.000010740.4922   16.4452
    0.0000   22.5000    0.000011318.4111   16.4556
    7.5000   22.5000    0.000010699.1777   16.4812
   -7.5000   30.0000    0.0000 9445.2793   16.6240
    0.0000   30.0000    0.0000 9892.8057   16.6407
    7.5000   30.0000    0.0000 9380.9941   16.6571
   -7.5000   37.5000    0.0000 8552.8896   17.1435
    0.0000   37.5000    0.0000 8919.6055   17.1682
    7.5000   37.5000    0.0000 8502.2529   17.1886
   -7.5000   45.0000    0.0000 7370.8306   17.4371
    0.0000   45.0000    0.0000 7653.2046   17.4626
    7.5000   45.0000    0.0000 7328.7490   17.4913
   -7.5000  -45.0000    7.500013457.0430   16.1165
    0.0000  -45.0000    7.500014005.8945   16.1402
    7.5000  -45.0000    7.500013459.3574   16.1641
   -7.5000  -37.5000    7.500013571.7002   16.0902
    0.0000  -37.5000    7.500014136.7070   16.1083
    7.5000  -37.5000    7.500013559.1094   16.1412
   -7.5000  -30.0000    7.500014035.5410   16.0814
    0.0000  -30.0000    7.500014785.6670   16.0964
    7.5000  -30.0000    7.500014125.7705   16.1326
   -7.5000  -22.5000    7.500014365.8486   16.1071
    0.0000  -22.5000    7.500015220.1406   16.1254
    7.5000  -22.5000    7.500014544.3115   16.1546
   -7.5000  -15.0000    7.500014439.6562   16.1392
    0.0000  -15.0000    7.500015281.9268   16.1628
    7.5000  -15.0000    7.500014622.8965   16.1826
   -7.5000   -7.5000    7.500014349.3916   16.1415
    0.0000   -7.5000    7.500015194.2783   16.1674
    7.5000   -7.5000    7.500014488.3955   16.1851
   -7.5000    0.0000    7.500014103.9131   16.1165
    0.0000    0.0000    7.500014919.6084   16.1402
    7.5000    0.0000    7.500014195.7559   16.1641
   -7.5000    7.5000    7.500012804.0088   16.0902
    0.0000    7.5000    7.500013504.6494   16.1083
    7.5000    7.5000    7.500012866.9648   16.1412
   -7.5000   15.0000    7.500011410.7266   16.1534
    0.0000   15.0000    7.500012004.6504   16.1688
    7.5000   15.0000    7.500011413.3672   16.2055
   -7.5000   22.5000    7.500010098.8867   16.4295
    0.0000   22.5000    7.500010592.3936   16.4456
    7.5000   22.5000    7.500010074.8076   16.4745
   -7.5000   30.0000    7.5000 8898.7822   16.6190
    0.0000   30.0000    7.5000 9246.9414   16.6399
    7.5000   30.0000    7.5000 8823.6816   16.6564
   -7.5000   37.5000    7.5000 8083.8843   17.1265
    0.0000   37.5000    7.5000 8388.0117   17.1554
    7.5000   37.5000    7.5000 7997.5269   17.1752
   -7.5000   45.0000    7.5000 6961.3472   17.4146
    0.0000   45.0000    7.5000 7218.9556   17.4423
    7.5000   45.0000    7.5000 6893.6655   17.4702
   -7.5000  -45.0000   15.000012545.6846   16.1005
    0.0000  -45.0000   15.000013072.9736   16.1275
    7.5000  -45.0000   15.000012533.8975   16.1557
   -7.5000  -37.5000   15.000012648.2480   16.0717
    0.0000  -37.5000   15.000013224.9180   16.0992
    7.5000  -37.5000   15.000012668.7295   16.1396
   -7.5000  -30.0000   15.000013062.5830   16.0632
    0.0000  -30.0000   15.000013718.0088   16.0911
    7.5000  -30.0000   15.000013142.9922   16.1360
   -7.5000  -22.5000   15.000013375.2656   16.0922
    0.0000  -22.5000   15.000014084.0791   16.1207
    7.5000  -22.5000   15.000013501.7197   16.1569
   -7.5000  -15.0000   15.000013458.1055   16.1272
    0.0000  -15.0000   15.000014181.9590   16.1552
    7.5000  -15.0000   15.000013576.0557   16.1786
   -7.5000   -7.5000   15.000013366.2949   16.1287
    0.0000   -7.5000   15.000014099.8438   16.1555
    7.5000   -7.5000   15.000013450.1396   16.1755
   -7.5000    0.0000   15.000013110.1641   16.1005
    0.0000    0.0000   15.000013826.0273   16.1275
    7.5000    0.0000   15.000013161.8203   16.1557
   -7.5000    7.5000   15.000011891.8896   16.0717
    0.0000    7.5000   15.000012513.0537   16.0992
    7.5000    7.5000   15.000011939.4180   16.1396
   -7.5000   15.0000   15.000010602.6338   16.1383
    0.0000   15.0000   15.000011108.3984   16.1663
    7.5000   15.0000   15.000010605.2129   16.2116
   -7.5000   22.5000   15.0000 9375.4922   16.4133
    0.0000   22.5000   15.0000 9771.5830   16.4410
    7.5000   22.5000   15.0000 9346.4404   16.4786
   -7.5000   30.0000   15.0000 8236.4844   16.6009
    0.0000   30.0000   15.0000 8544.5342   16.6277
    7.5000   30.0000   15.0000 8179.5986   16.6490
   -7.5000   37.5000   15.0000 7465.7983   17.1058
    0.0000   37.5000   15.0000 7725.8315   17.1383
    7.5000   37.5000   15.0000 7393.2002   17.1633
   -7.5000   45.0000   15.0000 6443.8115   17.4001
    0.0000   45.0000   15.0000 6641.8130   17.4344
    7.5000   45.0000   15.0000 6361.7700   17.4706
   -7.5000  -45.0000   22.500011654.8994   16.3268
    0.0000  -45.0000   22.500012164.0088   16.3558
    7.5000  -45.0000   22.500011643.3955   16.3917
   -7.5000  -37.5000   22.500011719.6377   16.3094
    0.0000  -37.5000   22.500012254.6318   16.3432
    7.5000  -37.5000   22.500011754.5908   16.3926
   -7.5000  -30.0000   22.500012070.3457   16.2999
    0.0000  -30.0000   22.500012635.7295   16.3359
    7.5000  -30.0000   22.500012134.0889   16.3887
   -7.5000  -22.5000   22.500012385.4590   16.3145
    0.0000  -22.5000   22.500012967.8340   16.3485
    7.5000  -22.5000   22.500012447.3076   16.3903
   -7.5000  -15.0000   22.500012487.3242   16.3363
    0.0000  -15.0000   22.500013091.2754   16.3656
    7.5000  -15.0000   22.500012537.8652   16.3927
   -7.5000   -7.5000   22.500012357.7842   16.3407
    0.0000   -7.5000   22.500012986.0693   16.3672
    7.5000   -7.5000   22.500012424.9854   16.3920
   -7.5000    0.0000   22.500012110.9814   16.3268
    0.0000    0.0000   22.500012729.6045   16.3558
    7.5000    0.0000   22.500012155.2969   16.3917
   -7.5000    7.5000   22.500010980.8398   16.3094
    0.0000    7.5000   22.500011511.6221   16.3432
    7.5000    7.5000   22.500011018.9785   16.3926
   -7.5000   15.0000   22.5000 9788.4922   16.3800
    0.0000   15.0000   22.500010248.4141   16.4160
    7.5000   15.0000   22.5000 9795.9512   16.4694
   -7.5000   22.5000   22.5000 8661.9619   16.6425
    0.0000   22.5000   22.5000 9030.9707   16.6763
    7.5000   22.5000   22.5000 8647.2373   16.7197
   -7.5000   30.0000   22.5000 7597.7729   16.8249
    0.0000   30.0000   22.5000 7903.0156   16.8535
    7.5000   30.0000   22.5000 7585.3213   16.8795
   -7.5000   37.5000   22.5000 6871.7544   17.3578
    0.0000   37.5000   22.5000 7118.2646   17.3899
    7.5000   37.5000   22.5000 6825.4131   17.4210
   -7.5000   45.0000   22.5000 5915.3843   17.6813
    0.0000   45.0000   22.5000 6111.2417   17.7203
    7.5000   45.0000   22.5000 5859.6641   17.7669
   -7.5000  -45.0000   30.000010659.5273   16.6273
    0.0000  -45.0000   30.000011137.0654   16.6565
    7.5000  -45.0000   30.000010684.3818   16.6965
   -7.5000  -37.5000   30.000010705.9717   16.6242
    0.0000  -37.5000   30.000011202.1494   16.6564
    7.5000  -37.5000   30.000010753.7588   16.7077
   -7.5000  -30.0000   30.000011023.1309   16.6158
    0.0000  -30.0000   30.000011532.4756   16.6488
    7.5000  -30.0000   30.000011077.8223   16.7013
   -7.5000  -22.5000   30.000011308.8281   16.6154
    0.0000  -22.5000   30.000011820.5195   16.6465
    7.5000  -22.5000   30.000011356.2168   16.6882
   -7.5000  -15.0000   30.000011404.2617   16.6216
    0.0000  -15.0000   30.000011949.2676   16.6494
    7.5000  -15.0000   30.000011450.3350   16.6783
   -7.5000   -7.5000   30.000011283.1699   16.6268
    0.0000   -7.5000   30.000011862.9990   16.6534
    7.5000   -7.5000   30.000011365.8340   16.6821
   -7.5000    0.0000   30.000011052.2822   16.6273
    0.0000    0.0000   30.000011601.4795   16.6565
    7.5000    0.0000   30.000011113.4277   16.6965
   -7.5000    7.5000   30.000010050.7871   16.6242
    0.0000    7.5000   30.000010509.6455   16.6564
    7.5000    7.5000   30.000010072.2471   16.7077
   -7.5000   15.0000   30.0000 8988.9043   16.6987
    0.0000   15.0000   30.0000 9378.5283   16.7318
    7.5000   15.0000   30.0000 8980.8125   16.7851
   -7.5000   22.5000   30.0000 7960.5703   16.9544
    0.0000   22.5000   30.0000 8264.4756   16.9845
    7.5000   22.5000   30.0000 7934.1006   17.0264
   -7.5000   30.0000   30.0000 6970.7085   17.1353
    0.0000   30.0000   30.0000 7234.1216   17.1616
    7.5000   30.0000   30.0000 6963.6299   17.1892
   -7.5000   37.5000   30.0000 6300.5747   17.6998
    0.0000   37.5000   30.0000 6530.5522   17.7294
    7.5000   37.5000   30.0000 6272.2876   17.7630
   -7.5000   45.0000   30.0000 5447.7188   18.0493
    0.0000   45.0000   30.0000 5621.3354   18.0877
    7.5000   45.0000   30.0000 5399.2471   18.1374
   -7.5000  -45.0000   37.500010109.4346   17.1132
    0.0000  -45.0000   37.500010567.0352   17.1402
    7.5000  -45.0000   37.500010140.7695   17.1752
   -7.5000  -37.5000   37.500010143.6094   17.1100
    0.0000  -37.5000   37.500010610.2188   17.1338
    7.5000  -37.5000   37.500010182.3594   17.1770
   -7.5000  -30.0000   37.500010456.3564   17.1029
    0.0000  -30.0000   37.500010946.9082   17.1228
    7.5000  -30.0000   37.500010497.9375   17.1661
   -7.5000  -22.5000   37.500010738.3154   17.1040
    0.0000  -22.5000   37.500011253.0264   17.1241
    7.5000  -22.5000   37.500010787.0439   17.1579
   -7.5000  -15.0000   37.500010844.8838   17.1106
    0.0000  -15.0000   37.500011379.7891   17.1334
    7.5000  -15.0000   37.500010903.8555   17.1577
   -7.5000   -7.5000   37.500010758.5049   17.1143
    0.0000   -7.5000   37.500011307.8955   17.1403
    7.5000   -7.5000   37.500010836.8955   17.1658
   -7.5000    0.0000   37.500010492.7842   17.1132
    0.0000    0.0000   37.500011024.2959   17.1402
    7.5000    0.0000   37.500010569.6533   17.1752
   -7.5000    7.5000   37.5000 9552.8838   17.1100
    0.0000    7.5000   37.500010005.3164   17.1338
    7.5000    7.5000   37.5000 9585.0000   17.1770
   -7.5000   15.0000   37.5000 8561.0566   17.1861
    0.0000   15.0000   37.5000 8933.7012   17.2064
    7.5000   15.0000   37.5000 8556.8398   17.2504
   -7.5000   22.5000   37.5000 7590.0908   17.4625
    0.0000   22.5000   37.5000 7908.4902   17.4800
    7.5000   22.5000   37.5000 7590.3862   17.5118
   -7.5000   30.0000   37.5000 6664.3545   17.6640
    0.0000   30.0000   37.5000 6932.8838   17.6834
    7.5000   30.0000   37.5000 6661.2900   17.7047
   -7.5000   37.5000   37.5000 6044.4404   18.2608
    0.0000   37.5000   37.5000 6251.5254   18.2869
    7.5000   37.5000   37.5000 6016.9189   18.3139
   -7.5000   45.0000   37.5000 5223.0010   18.6126
    0.0000   45.0000   37.5000 5397.1694   18.6456
    7.5000   45.0000   37.5000 5205.2378   18.6854
   -7.5000  -45.0000   45.0000 9175.0820   17.6429
    0.0000  -45.0000   45.0000 9615.3877   17.6704
    7.5000  -45.0000   45.0000 9207.0244   17.7025
   -7.5000  -37.5000   45.0000 9213.8271   17.6243
    0.0000  -37.5000   45.0000 9648.7930   17.6443
    7.5000  -37.5000   45.0000 9248.4512   17.6855
   -7.5000  -30.0000   45.0000 9513.3643   17.6157
    0.0000  -30.0000   45.0000 9951.6807   17.6298
    7.5000  -30.0000   45.0000 9546.3525   17.6725
   -7.5000  -22.5000   45.0000 9780.5977   17.6319
    0.0000  -22.5000   45.000010253.5420   17.6482
    7.5000  -22.5000   45.0000 9833.7852   17.6815
   -7.5000  -15.0000   45.0000 9901.7754   17.6544
    0.0000  -15.0000   45.000010383.4375   17.6777
    7.5000  -15.0000   45.0000 9963.3340   17.7011
   -7.5000   -7.5000   45.0000 9851.0732   17.6579
    0.0000   -7.5000   45.000010317.8965   17.6865
    7.5000   -7.5000   45.0000 9896.9941   17.7101
   -7.5000    0.0000   45.0000 9593.2588   17.6429
    0.0000    0.0000   45.000010043.5547   17.6704
    7.5000    0.0000   45.0000 9642.9443   17.7025
   -7.5000    7.5000   45.0000 8725.3604   17.6243
    0.0000    7.5000   45.0000 9118.6914   17.6443
    7.5000    7.5000   45.0000 8755.3926   17.6855
   -7.5000   15.0000   45.0000 7844.0591   17.6991
    0.0000   15.0000   45.0000 8161.9302   17.7138
    7.5000   15.0000   45.0000 7839.0049   17.7573
   -7.5000   22.5000   45.0000 6970.1445   18.0143
    0.0000   22.5000   45.0000 7262.5864   18.0270
    7.5000   22.5000   45.0000 6978.7739   18.0581
   -7.5000   30.0000   45.0000 6145.9722   18.2514
    0.0000   30.0000   45.0000 6387.9844   18.2703
    7.5000   30.0000   45.0000 6141.7847   18.2895
   -7.5000   37.5000   45.0000 5567.5420   18.8510
    0.0000   37.5000   45.0000 5759.3115   18.8799
    7.5000   37.5000   45.0000 5543.9888   18.9041
   -7.5000   45.0000   45.0000 4799.3613   19.2174
    0.0000   45.0000   45.0000 4966.6191   19.2494
    7.5000   45.0000   45.0000 4786.6558   19.2846

---------------------------------------------------------------------
imgreg_4dfp /opt/freesurfer/average/711-2C_as_mni_average_305 /opt/freesurfer/average/711-2B_as_mni_average_305_mask talsrcimg_g11 none talsrcimg_to_711-2C_as_mni_average_305_t4 4355
---------------------------------------------------------------------

freesurfer imgreg_4dfp.c
/opt/freesurfer/average/711-2C_as_mni_average_305.4dfp.img
       256       256       256         1
  1.000000  1.000000  1.000000
orientation T byte_order littleendian
Reading image: /opt/freesurfer/average/711-2C_as_mni_average_305.4dfp.img
dimensions:      256       256       256
mmppix:       1.0000   -1.0000   -1.0000
center:     128.0000 -129.0000 -129.0000
/opt/freesurfer/average/711-2B_as_mni_average_305_mask.4dfp.img
       256       256       256         1
  1.000000  1.000000  1.000000
orientation T byte_order littleendian
Reading mask: /opt/freesurfer/average/711-2B_as_mni_average_305_mask.4dfp.img (2306576 pixels)
talsrcimg_g11.4dfp.img
       256       256       256         1
  1.000000  1.000000  1.000000
orientation T byte_order littleendian
Reading image: talsrcimg_g11.4dfp.img
dimensions:      256       256       256
mmppix:       1.0000   -1.0000   -1.0000
center:     128.0000 -129.0000 -129.0000
rotation matrix determinant  1.000000
image alignment mode   4355 decimal     1103 hex
   -7.5000  -60.0000  -45.0000 2479.8333   12.1828
    0.0000  -60.0000  -45.0000 2501.2380   12.1248
    7.5000  -60.0000  -45.0000 2489.2603   12.2068
   -7.5000  -52.5000  -45.0000 2523.7117   12.0264
    0.0000  -52.5000  -45.0000 2545.2070   11.9528
    7.5000  -52.5000  -45.0000 2529.8315   12.0800
   -7.5000  -45.0000  -45.0000 2545.7783   12.0195
    0.0000  -45.0000  -45.0000 2563.3799   11.9654
    7.5000  -45.0000  -45.0000 2546.6641   12.0891
   -7.5000  -37.5000  -45.0000 2547.1399   12.1427
    0.0000  -37.5000  -45.0000 2568.2883   12.0904
    7.5000  -37.5000  -45.0000 2550.7349   12.1948
   -7.5000  -30.0000  -45.0000 2531.9907   12.4189
    0.0000  -30.0000  -45.0000 2550.8083   12.3723
    7.5000  -30.0000  -45.0000 2533.7888   12.4966
   -7.5000  -22.5000  -45.0000 2490.1338   12.9276
    0.0000  -22.5000  -45.0000 2514.8469   12.9085
    7.5000  -22.5000  -45.0000 2492.8030   12.9722
   -7.5000  -15.0000  -45.0000 2425.4050   13.6271
    0.0000  -15.0000  -45.0000 2449.5664   13.6474
    7.5000  -15.0000  -45.0000 2428.6812   13.6801
   -7.5000   -7.5000  -45.0000 2341.8296   14.6062
    0.0000   -7.5000  -45.0000 2365.8948   14.6203
    7.5000   -7.5000  -45.0000 2347.3997   14.6545
   -7.5000    0.0000  -45.0000 2235.9229   15.9451
    0.0000    0.0000  -45.0000 2261.1655   15.9369
    7.5000    0.0000  -45.0000 2239.3906   15.9974
   -7.5000    7.5000  -45.0000 2116.2490   17.7029
    0.0000    7.5000  -45.0000 2137.5339   17.6939
    7.5000    7.5000  -45.0000 2120.1567   17.7764
   -7.5000   15.0000  -45.0000 1990.0725   20.0471
    0.0000   15.0000  -45.0000 2006.5341   19.9616
    7.5000   15.0000  -45.0000 1993.8063   20.0936
   -7.5000   22.5000  -45.0000 1848.5088   23.1685
    0.0000   22.5000  -45.0000 1858.1161   22.9807
    7.5000   22.5000  -45.0000 1847.8763   23.2082
   -7.5000   30.0000  -45.0000 1706.2191   27.4109
    0.0000   30.0000  -45.0000 1712.9694   27.0672
    7.5000   30.0000  -45.0000 1702.3076   27.4050
   -7.5000  -60.0000  -37.5000 2554.2639   11.4852
    0.0000  -60.0000  -37.5000 2576.4241   11.4163
    7.5000  -60.0000  -37.5000 2559.5376   11.5198
   -7.5000  -52.5000  -37.5000 2605.2192   11.2318
    0.0000  -52.5000  -37.5000 2628.9099   11.1512
    7.5000  -52.5000  -37.5000 2612.5564   11.2637
   -7.5000  -45.0000  -37.5000 2632.2610   11.1786
    0.0000  -45.0000  -37.5000 2645.0566   11.1275
    7.5000  -45.0000  -37.5000 2630.6353   11.2232
   -7.5000  -37.5000  -37.5000 2631.9775   11.3079
    0.0000  -37.5000  -37.5000 2652.4778   11.2669
    7.5000  -37.5000  -37.5000 2642.5393   11.3515
   -7.5000  -30.0000  -37.5000 2619.7766   11.6118
    0.0000  -30.0000  -37.5000 2645.8862   11.5661
    7.5000  -30.0000  -37.5000 2629.1936   11.6729
   -7.5000  -22.5000  -37.5000 2584.0840   12.0769
    0.0000  -22.5000  -37.5000 2607.0518   12.0592
    7.5000  -22.5000  -37.5000 2588.8721   12.1876
   -7.5000  -15.0000  -37.5000 2514.8169   12.7068
    0.0000  -15.0000  -37.5000 2537.9373   12.6929
    7.5000  -15.0000  -37.5000 2516.6919   12.7792
   -7.5000   -7.5000  -37.5000 2426.0269   13.6457
    0.0000   -7.5000  -37.5000 2445.9539   13.5940
    7.5000   -7.5000  -37.5000 2431.4832   13.6827
   -7.5000    0.0000  -37.5000 2317.8147   14.8753
    0.0000    0.0000  -37.5000 2340.8704   14.8405
    7.5000    0.0000  -37.5000 2323.1316   14.9119
   -7.5000    7.5000  -37.5000 2193.8777   16.5348
    0.0000    7.5000  -37.5000 2212.3481   16.4958
    7.5000    7.5000  -37.5000 2193.8035   16.5394
   -7.5000   15.0000  -37.5000 2055.5417   18.7146
    0.0000   15.0000  -37.5000 2071.9646   18.6211
    7.5000   15.0000  -37.5000 2052.8135   18.7023
   -7.5000   22.5000  -37.5000 1910.3018   21.6114
    0.0000   22.5000  -37.5000 1917.9104   21.4454
    7.5000   22.5000  -37.5000 1903.0332   21.5513
   -7.5000   30.0000  -37.5000 1759.6301   25.5281
    0.0000   30.0000  -37.5000 1769.6149   25.1726
    7.5000   30.0000  -37.5000 1753.6477   25.4264
   -7.5000  -60.0000  -30.0000 2667.4915   11.2116
    0.0000  -60.0000  -30.0000 2690.5552   11.1332
    7.5000  -60.0000  -30.0000 2672.0002   11.2621
   -7.5000  -52.5000  -30.0000 2730.8503   10.8644
    0.0000  -52.5000  -30.0000 2750.4932   10.7788
    7.5000  -52.5000  -30.0000 2730.3562   10.9253
   -7.5000  -45.0000  -30.0000 2755.9829   10.7292
    0.0000  -45.0000  -30.0000 2780.6414   10.6890
    7.5000  -45.0000  -30.0000 2758.9822   10.8220
   -7.5000  -37.5000  -30.0000 2768.4900   10.8769
    0.0000  -37.5000  -30.0000 2791.5703   10.8425
    7.5000  -37.5000  -30.0000 2775.2561   10.9632
   -7.5000  -30.0000  -30.0000 2757.1467   11.2134
    0.0000  -30.0000  -30.0000 2785.6201   11.1564
    7.5000  -30.0000  -30.0000 2770.5498   11.3210
   -7.5000  -22.5000  -30.0000 2719.0012   11.6871
    0.0000  -22.5000  -30.0000 2744.4973   11.6381
    7.5000  -22.5000  -30.0000 2729.4592   11.8081
   -7.5000  -15.0000  -30.0000 2649.1035   12.3238
    0.0000  -15.0000  -30.0000 2668.6587   12.2403
    7.5000  -15.0000  -30.0000 2656.0500   12.3923
   -7.5000   -7.5000  -30.0000 2555.3699   13.2216
    0.0000   -7.5000  -30.0000 2575.1953   13.1179
    7.5000   -7.5000  -30.0000 2559.3875   13.2499
   -7.5000    0.0000  -30.0000 2438.1375   14.4665
    0.0000    0.0000  -30.0000 2458.0999   14.3707
    7.5000    0.0000  -30.0000 2440.8096   14.4788
   -7.5000    7.5000  -30.0000 2302.4712   16.0734
    0.0000    7.5000  -30.0000 2319.2644   15.9916
    7.5000    7.5000  -30.0000 2302.5906   16.0862
   -7.5000   15.0000  -30.0000 2150.6499   18.1793
    0.0000   15.0000  -30.0000 2167.2112   18.0963
    7.5000   15.0000  -30.0000 2150.5559   18.1963
   -7.5000   22.5000  -30.0000 1994.5251   20.9381
    0.0000   22.5000  -30.0000 2002.7885   20.7767
    7.5000   22.5000  -30.0000 1990.2548   20.9240
   -7.5000   30.0000  -30.0000 1834.5897   24.6904
    0.0000   30.0000  -30.0000 1850.2993   24.3591
    7.5000   30.0000  -30.0000 1835.0642   24.6231
   -7.5000  -60.0000  -22.5000 2734.8245   10.9747
    0.0000  -60.0000  -22.5000 2754.5083   10.8744
    7.5000  -60.0000  -22.5000 2740.4624   10.9837
   -7.5000  -52.5000  -22.5000 2804.4146   10.5571
    0.0000  -52.5000  -22.5000 2830.5723   10.4641
    7.5000  -52.5000  -22.5000 2809.0430   10.6147
   -7.5000  -45.0000  -22.5000 2843.9604   10.3141
    0.0000  -45.0000  -22.5000 2871.2544   10.2381
    7.5000  -45.0000  -22.5000 2848.4387   10.4395
   -7.5000  -37.5000  -22.5000 2867.0002   10.4439
    0.0000  -37.5000  -22.5000 2889.8682   10.3572
    7.5000  -37.5000  -22.5000 2877.8408   10.5814
   -7.5000  -30.0000  -22.5000 2855.4197   10.8030
    0.0000  -30.0000  -22.5000 2882.2300   10.6965
    7.5000  -30.0000  -22.5000 2876.3062   10.9320
   -7.5000  -22.5000  -22.5000 2813.6873   11.2814
    0.0000  -22.5000  -22.5000 2838.3755   11.1517
    7.5000  -22.5000  -22.5000 2833.8108   11.3831
   -7.5000  -15.0000  -22.5000 2740.2144   11.9306
    0.0000  -15.0000  -22.5000 2761.7610   11.7818
    7.5000  -15.0000  -22.5000 2752.0813   12.0173
   -7.5000   -7.5000  -22.5000 2643.3669   12.8291
    0.0000   -7.5000  -22.5000 2662.3918   12.6577
    7.5000   -7.5000  -22.5000 2649.9175   12.8595
   -7.5000    0.0000  -22.5000 2515.0752   14.0664
    0.0000    0.0000  -22.5000 2538.5981   13.9453
    7.5000    0.0000  -22.5000 2524.9731   14.1287
   -7.5000    7.5000  -22.5000 2374.9531   15.6624
    0.0000    7.5000  -22.5000 2396.6230   15.6026
    7.5000    7.5000  -22.5000 2381.1636   15.7432
   -7.5000   15.0000  -22.5000 2213.4233   17.6897
    0.0000   15.0000  -22.5000 2233.8213   17.6332
    7.5000   15.0000  -22.5000 2218.4771   17.7625
   -7.5000   22.5000  -22.5000 2044.3694   20.3673
    0.0000   22.5000  -22.5000 2058.8286   20.1911
    7.5000   22.5000  -22.5000 2044.4363   20.3694
   -7.5000   30.0000  -22.5000 1881.1277   23.9550
    0.0000   30.0000  -22.5000 1899.9956   23.6480
    7.5000   30.0000  -22.5000 1884.4407   23.9096
   -7.5000  -60.0000  -15.0000 2756.4558   10.8361
    0.0000  -60.0000  -15.0000 2780.1409   10.7107
    7.5000  -60.0000  -15.0000 2767.2629   10.8129
   -7.5000  -52.5000  -15.0000 2831.2188   10.4044
    0.0000  -52.5000  -15.0000 2865.2251   10.2982
    7.5000  -52.5000  -15.0000 2847.0969   10.4103
   -7.5000  -45.0000  -15.0000 2885.1094   10.1402
    0.0000  -45.0000  -15.0000 2919.8508   10.0177
    7.5000  -45.0000  -15.0000 2902.6313   10.2249
   -7.5000  -37.5000  -15.0000 2916.4739   10.1600
    0.0000  -37.5000  -15.0000 2938.3196    9.9890
    7.5000  -37.5000  -15.0000 2930.4084   10.3092
   -7.5000  -30.0000  -15.0000 2903.4482   10.4912
    0.0000  -30.0000  -15.0000 2925.0791   10.3109
    7.5000  -30.0000  -15.0000 2925.1523   10.6101
   -7.5000  -22.5000  -15.0000 2858.3916   11.0149
    0.0000  -22.5000  -15.0000 2885.0540   10.7937
    7.5000  -22.5000  -15.0000 2880.2856   11.0636
   -7.5000  -15.0000  -15.0000 2782.1768   11.6678
    0.0000  -15.0000  -15.0000 2807.1707   11.4843
    7.5000  -15.0000  -15.0000 2797.1328   11.6905
   -7.5000   -7.5000  -15.0000 2681.9094   12.6018
    0.0000   -7.5000  -15.0000 2704.3503   12.4480
    7.5000   -7.5000  -15.0000 2691.8550   12.5852
   -7.5000    0.0000  -15.0000 2556.2346   13.8761
    0.0000    0.0000  -15.0000 2579.5005   13.7607
    7.5000    0.0000  -15.0000 2565.8772   13.8495
   -7.5000    7.5000  -15.0000 2413.6523   15.5020
    0.0000    7.5000  -15.0000 2440.2244   15.4257
    7.5000    7.5000  -15.0000 2422.7617   15.4773
   -7.5000   15.0000  -15.0000 2243.4763   17.5107
    0.0000   15.0000  -15.0000 2269.2422   17.4549
    7.5000   15.0000  -15.0000 2253.3960   17.5167
   -7.5000   22.5000  -15.0000 2068.5437   20.1077
    0.0000   22.5000  -15.0000 2090.9104   19.9600
    7.5000   22.5000  -15.0000 2077.0793   20.0458
   -7.5000   30.0000  -15.0000 1901.5382   23.5009
    0.0000   30.0000  -15.0000 1917.4119   23.2010
    7.5000   30.0000  -15.0000 1909.0164   23.4720
   -7.5000  -60.0000   -7.5000 2760.4766   10.7588
    0.0000  -60.0000   -7.5000 2779.7910   10.5914
    7.5000  -60.0000   -7.5000 2772.1294   10.7267
   -7.5000  -52.5000   -7.5000 2840.6660   10.3266
    0.0000  -52.5000   -7.5000 2873.5979   10.1638
    7.5000  -52.5000   -7.5000 2865.7842   10.3111
   -7.5000  -45.0000   -7.5000 2901.5205   10.1372
    0.0000  -45.0000   -7.5000 2937.9412    9.9740
    7.5000  -45.0000   -7.5000 2928.3418   10.1524
   -7.5000  -37.5000   -7.5000 2935.1709   10.1018
    0.0000  -37.5000   -7.5000 2964.9939    9.8714
    7.5000  -37.5000   -7.5000 2952.2893   10.1355
   -7.5000  -30.0000   -7.5000 2921.8816   10.3840
    0.0000  -30.0000   -7.5000 2945.1060   10.1316
    7.5000  -30.0000   -7.5000 2933.1577   10.3448
   -7.5000  -22.5000   -7.5000 2871.8555   10.8429
    0.0000  -22.5000   -7.5000 2900.6321   10.6229
    7.5000  -22.5000   -7.5000 2887.9177   10.7560
   -7.5000  -15.0000   -7.5000 2790.9971   11.5380
    0.0000  -15.0000   -7.5000 2818.7397   11.3799
    7.5000  -15.0000   -7.5000 2810.4250   11.4693
   -7.5000   -7.5000   -7.5000 2691.8171   12.5034
    0.0000   -7.5000   -7.5000 2712.7734   12.3757
    7.5000   -7.5000   -7.5000 2704.0493   12.4373
   -7.5000    0.0000   -7.5000 2564.8530   13.7753
    0.0000    0.0000   -7.5000 2585.3196   13.6881
    7.5000    0.0000   -7.5000 2575.4792   13.7273
   -7.5000    7.5000   -7.5000 2419.9463   15.3942
    0.0000    7.5000   -7.5000 2449.8738   15.3258
    7.5000    7.5000   -7.5000 2433.0393   15.3443
   -7.5000   15.0000   -7.5000 2250.0466   17.3931
    0.0000   15.0000   -7.5000 2281.3843   17.3875
    7.5000   15.0000   -7.5000 2259.1201   17.3729
   -7.5000   22.5000   -7.5000 2074.8723   19.9115
    0.0000   22.5000   -7.5000 2098.5659   19.8999
    7.5000   22.5000   -7.5000 2079.7927   19.8851
   -7.5000   30.0000   -7.5000 1905.9077   23.2513
    0.0000   30.0000   -7.5000 1919.6215   23.0227
    7.5000   30.0000   -7.5000 1906.5724   23.1878
   -7.5000  -60.0000    0.0000 2741.2454   10.8177
    0.0000  -60.0000    0.0000 2764.2898   10.5689
    7.5000  -60.0000    0.0000 2759.6440   10.7340
   -7.5000  -52.5000    0.0000 2833.2593   10.3745
    0.0000  -52.5000    0.0000 2856.1389   10.1502
    7.5000  -52.5000    0.0000 2853.3135   10.3068
   -7.5000  -45.0000    0.0000 2884.8394   10.2435
    0.0000  -45.0000    0.0000 2922.7708   10.0092
    7.5000  -45.0000    0.0000 2909.0193   10.1834
   -7.5000  -37.5000    0.0000 2924.1594   10.2794
    0.0000  -37.5000    0.0000 2948.3425    9.9733
    7.5000  -37.5000    0.0000 2929.1714   10.1567
   -7.5000  -30.0000    0.0000 2911.7336   10.4776
    0.0000  -30.0000    0.0000 2941.9333   10.2352
    7.5000  -30.0000    0.0000 2916.1670   10.3214
   -7.5000  -22.5000    0.0000 2861.0828   10.9071
    0.0000  -22.5000    0.0000 2898.3337   10.7636
    7.5000  -22.5000    0.0000 2877.8738   10.8123
   -7.5000  -15.0000    0.0000 2778.0164   11.5983
    0.0000  -15.0000    0.0000 2810.6233   11.4726
    7.5000  -15.0000    0.0000 2796.9075   11.5469
   -7.5000   -7.5000    0.0000 2673.8914   12.5848
    0.0000   -7.5000    0.0000 2696.2651   12.4630
    7.5000   -7.5000    0.0000 2687.9985   12.5257
   -7.5000    0.0000    0.0000 2544.5630   13.8511
    0.0000    0.0000    0.0000 2570.6938   13.7458
    7.5000    0.0000    0.0000 2562.3440   13.7962
   -7.5000    7.5000    0.0000 2406.3159   15.4236
    0.0000    7.5000    0.0000 2438.5002   15.3543
    7.5000    7.5000    0.0000 2424.3896   15.3934
   -7.5000   15.0000    0.0000 2240.9014   17.4076
    0.0000   15.0000    0.0000 2272.4636   17.3610
    7.5000   15.0000    0.0000 2252.9355   17.3927
   -7.5000   22.5000    0.0000 2062.3794   19.9726
    0.0000   22.5000    0.0000 2088.0669   19.8432
    7.5000   22.5000    0.0000 2067.1267   19.9155
   -7.5000   30.0000    0.0000 1896.8781   23.3445
    0.0000   30.0000    0.0000 1913.7522   23.0634
    7.5000   30.0000    0.0000 1896.3453   23.2291
   -7.5000  -60.0000    7.5000 2706.0479   11.0833
    0.0000  -60.0000    7.5000 2723.6287   10.8015
    7.5000  -60.0000    7.5000 2721.1433   10.9628
   -7.5000  -52.5000    7.5000 2795.2505   10.6702
    0.0000  -52.5000    7.5000 2813.6580   10.3860
    7.5000  -52.5000    7.5000 2808.7922   10.5868
   -7.5000  -45.0000    7.5000 2856.5886   10.5252
    0.0000  -45.0000    7.5000 2887.6423   10.2106
    7.5000  -45.0000    7.5000 2871.6960   10.4088
   -7.5000  -37.5000    7.5000 2891.5515   10.5003
    0.0000  -37.5000    7.5000 2923.4509   10.1822
    7.5000  -37.5000    7.5000 2904.7996   10.3679
   -7.5000  -30.0000    7.5000 2878.6169   10.6747
    0.0000  -30.0000    7.5000 2921.4663   10.4551
    7.5000  -30.0000    7.5000 2905.3879   10.5846
   -7.5000  -22.5000    7.5000 2827.1758   11.1641
    0.0000  -22.5000    7.5000 2868.9016   10.9967
    7.5000  -22.5000    7.5000 2851.3770   11.1174
   -7.5000  -15.0000    7.5000 2745.6797   11.9061
    0.0000  -15.0000    7.5000 2776.8979   11.7635
    7.5000  -15.0000    7.5000 2767.6575   11.8533
   -7.5000   -7.5000    7.5000 2638.9187   12.8912
    0.0000   -7.5000    7.5000 2669.9016   12.7674
    7.5000   -7.5000    7.5000 2656.9590   12.8242
   -7.5000    0.0000    7.5000 2506.6387   14.1200
    0.0000    0.0000    7.5000 2538.7046   14.0363
    7.5000    0.0000    7.5000 2527.6477   14.0685
   -7.5000    7.5000    7.5000 2375.6582   15.6715
    0.0000    7.5000    7.5000 2403.0090   15.6008
    7.5000    7.5000    7.5000 2389.6677   15.6210
   -7.5000   15.0000    7.5000 2214.1406   17.6477
    0.0000   15.0000    7.5000 2238.1299   17.5541
    7.5000   15.0000    7.5000 2223.6731   17.5856
   -7.5000   22.5000    7.5000 2040.6631   20.1900
    0.0000   22.5000    7.5000 2066.6301   20.0025
    7.5000   22.5000    7.5000 2051.9478   20.0614
   -7.5000   30.0000    7.5000 1880.5908   23.5106
    0.0000   30.0000    7.5000 1897.0558   23.2460
    7.5000   30.0000    7.5000 1885.5206   23.4055
   -7.5000  -60.0000   15.0000 2649.9243   11.6135
    0.0000  -60.0000   15.0000 2665.6040   11.2759
    7.5000  -60.0000   15.0000 2660.3284   11.4739
   -7.5000  -52.5000   15.0000 2744.2366   11.2193
    0.0000  -52.5000   15.0000 2764.2991   10.8947
    7.5000  -52.5000   15.0000 2754.7107   11.0725
   -7.5000  -45.0000   15.0000 2799.7319   10.9361
    0.0000  -45.0000   15.0000 2830.5815   10.6033
    7.5000  -45.0000   15.0000 2815.2527   10.7853
   -7.5000  -37.5000   15.0000 2828.8403   10.9006
    0.0000  -37.5000   15.0000 2858.9507   10.6586
    7.5000  -37.5000   15.0000 2846.3643   10.8165
   -7.5000  -30.0000   15.0000 2817.7834   11.1131
    0.0000  -30.0000   15.0000 2849.9956   10.9193
    7.5000  -30.0000   15.0000 2839.1211   11.0683
   -7.5000  -22.5000   15.0000 2763.0408   11.6284
    0.0000  -22.5000   15.0000 2797.4651   11.4391
    7.5000  -22.5000   15.0000 2787.8411   11.5844
   -7.5000  -15.0000   15.0000 2683.7419   12.3640
    0.0000  -15.0000   15.0000 2718.5164   12.1976
    7.5000  -15.0000   15.0000 2707.7861   12.3000
   -7.5000   -7.5000   15.0000 2587.8894   13.3405
    0.0000   -7.5000   15.0000 2625.3462   13.1918
    7.5000   -7.5000   15.0000 2612.3940   13.2699
   -7.5000    0.0000   15.0000 2461.1128   14.5742
    0.0000    0.0000   15.0000 2496.8323   14.4778
    7.5000    0.0000   15.0000 2487.9841   14.5127
   -7.5000    7.5000   15.0000 2326.5527   16.1239
    0.0000    7.5000   15.0000 2352.8191   16.0270
    7.5000    7.5000   15.0000 2343.3713   16.0491
   -7.5000   15.0000   15.0000 2172.1448   18.0606
    0.0000   15.0000   15.0000 2194.3401   17.9510
    7.5000   15.0000   15.0000 2180.9436   17.9774
   -7.5000   22.5000   15.0000 2006.9122   20.5467
    0.0000   22.5000   15.0000 2030.8392   20.3897
    7.5000   22.5000   15.0000 2017.2990   20.4639
   -7.5000   30.0000   15.0000 1855.0297   23.9338
    0.0000   30.0000   15.0000 1869.2593   23.6378
    7.5000   30.0000   15.0000 1862.6262   23.7672
   -7.5000  -60.0000   22.5000 2595.4155   12.3706
    0.0000  -60.0000   22.5000 2617.4070   12.0122
    7.5000  -60.0000   22.5000 2607.0171   12.1817
   -7.5000  -52.5000   22.5000 2672.9888   11.9121
    0.0000  -52.5000   22.5000 2694.0251   11.5364
    7.5000  -52.5000   22.5000 2685.5447   11.7024
   -7.5000  -45.0000   22.5000 2725.5332   11.5638
    0.0000  -45.0000   22.5000 2753.4607   11.2531
    7.5000  -45.0000   22.5000 2738.2942   11.4029
   -7.5000  -37.5000   22.5000 2751.0374   11.5497
    0.0000  -37.5000   22.5000 2775.0283   11.3240
    7.5000  -37.5000   22.5000 2763.2117   11.4515
   -7.5000  -30.0000   22.5000 2728.5835   11.7875
    0.0000  -30.0000   22.5000 2754.9268   11.6039
    7.5000  -30.0000   22.5000 2746.8428   11.7443
   -7.5000  -22.5000   22.5000 2681.5413   12.3034
    0.0000  -22.5000   22.5000 2713.0317   12.1231
    7.5000  -22.5000   22.5000 2703.0945   12.2435
   -7.5000  -15.0000   22.5000 2609.6089   13.0159
    0.0000  -15.0000   22.5000 2641.7915   12.8486
    7.5000  -15.0000   22.5000 2629.1470   12.9509
   -7.5000   -7.5000   22.5000 2516.3430   13.9388
    0.0000   -7.5000   22.5000 2554.1580   13.8030
    7.5000   -7.5000   22.5000 2545.7312   13.8732
   -7.5000    0.0000   22.5000 2403.7048   15.1776
    0.0000    0.0000   22.5000 2435.9683   15.0436
    7.5000    0.0000   22.5000 2426.5774   15.1206
   -7.5000    7.5000   22.5000 2269.8621   16.7509
    0.0000    7.5000   22.5000 2297.2292   16.6262
    7.5000    7.5000   22.5000 2287.1980   16.7033
   -7.5000   15.0000   22.5000 2118.4856   18.6893
    0.0000   15.0000   22.5000 2145.1892   18.5776
    7.5000   15.0000   22.5000 2129.7087   18.6480
   -7.5000   22.5000   22.5000 1970.2627   21.2841
    0.0000   22.5000   22.5000 1983.3423   21.1278
    7.5000   22.5000   22.5000 1974.2594   21.1863
   -7.5000   30.0000   22.5000 1819.3119   24.7576
    0.0000   30.0000   22.5000 1832.7592   24.4544
    7.5000   30.0000   22.5000 1828.2186   24.5578
   -7.5000  -60.0000   30.0000 2520.2856   13.2804
    0.0000  -60.0000   30.0000 2549.0632   12.9101
    7.5000  -60.0000   30.0000 2538.0303   13.0656
   -7.5000  -52.5000   30.0000 2593.4148   12.7549
    0.0000  -52.5000   30.0000 2620.0117   12.3958
    7.5000  -52.5000   30.0000 2608.2566   12.5059
   -7.5000  -45.0000   30.0000 2637.9541   12.3786
    0.0000  -45.0000   30.0000 2663.2710   12.1009
    7.5000  -45.0000   30.0000 2651.4126   12.2240
   -7.5000  -37.5000   30.0000 2653.6082   12.3558
    0.0000  -37.5000   30.0000 2680.4587   12.1283
    7.5000  -37.5000   30.0000 2670.6865   12.2303
   -7.5000  -30.0000   30.0000 2628.8538   12.6368
    0.0000  -30.0000   30.0000 2655.6780   12.4496
    7.5000  -30.0000   30.0000 2647.5815   12.5532
   -7.5000  -22.5000   30.0000 2584.8320   13.1382
    0.0000  -22.5000   30.0000 2608.9756   12.9636
    7.5000  -22.5000   30.0000 2601.8657   13.0471
   -7.5000  -15.0000   30.0000 2518.1475   13.8182
    0.0000  -15.0000   30.0000 2548.6951   13.6694
    7.5000  -15.0000   30.0000 2538.3733   13.7574
   -7.5000   -7.5000   30.0000 2429.5513   14.7459
    0.0000   -7.5000   30.0000 2467.1958   14.6011
    7.5000   -7.5000   30.0000 2458.2632   14.6618
   -7.5000    0.0000   30.0000 2333.0342   15.9459
    0.0000    0.0000   30.0000 2361.8613   15.8494
    7.5000    0.0000   30.0000 2352.9387   15.8990
   -7.5000    7.5000   30.0000 2206.2610   17.5704
    0.0000    7.5000   30.0000 2224.8740   17.4587
    7.5000    7.5000   30.0000 2213.6853   17.5120
   -7.5000   15.0000   30.0000 2061.7007   19.6316
    0.0000   15.0000   30.0000 2078.9446   19.5283
    7.5000   15.0000   30.0000 2067.9897   19.5910
   -7.5000   22.5000   30.0000 1918.8544   22.3178
    0.0000   22.5000   30.0000 1932.6832   22.1099
    7.5000   22.5000   30.0000 1926.1927   22.2085
   -7.5000   30.0000   30.0000 1768.2773   25.8923
    0.0000   30.0000   30.0000 1789.3760   25.5729
    7.5000   30.0000   30.0000 1785.9021   25.6009
   -7.5000  -60.0000   37.5000 2438.2253   14.3663
    0.0000  -60.0000   37.5000 2470.0649   14.0245
    7.5000  -60.0000   37.5000 2462.4004   14.1156
   -7.5000  -52.5000   37.5000 2505.5317   13.7581
    0.0000  -52.5000   37.5000 2534.7153   13.4426
    7.5000  -52.5000   37.5000 2525.1240   13.5241
   -7.5000  -45.0000   37.5000 2542.0979   13.3711
    0.0000  -45.0000   37.5000 2566.8726   13.1247
    7.5000  -45.0000   37.5000 2556.4424   13.2116
   -7.5000  -37.5000   37.5000 2547.7356   13.3039
    0.0000  -37.5000   37.5000 2576.1526   13.0795
    7.5000  -37.5000   37.5000 2569.1689   13.1528
   -7.5000  -30.0000   37.5000 2525.4817   13.5780
    0.0000  -30.0000   37.5000 2554.3713   13.3957
    7.5000  -30.0000   37.5000 2545.1619   13.4537
   -7.5000  -22.5000   37.5000 2489.6133   14.1049
    0.0000  -22.5000   37.5000 2514.0662   13.9692
    7.5000  -22.5000   37.5000 2504.1682   13.9884
   -7.5000  -15.0000   37.5000 2421.6958   14.8361
    0.0000  -15.0000   37.5000 2451.6846   14.7017
    7.5000  -15.0000   37.5000 2441.7747   14.7335
   -7.5000   -7.5000   37.5000 2344.2490   15.7312
    0.0000   -7.5000   37.5000 2376.9221   15.5963
    7.5000   -7.5000   37.5000 2370.1440   15.6274
   -7.5000    0.0000   37.5000 2250.5476   16.9346
    0.0000    0.0000   37.5000 2280.2695   16.8417
    7.5000    0.0000   37.5000 2271.8982   16.8586
   -7.5000    7.5000   37.5000 2135.0796   18.6049
    0.0000    7.5000   37.5000 2153.8977   18.4824
    7.5000    7.5000   37.5000 2141.4717   18.5245
   -7.5000   15.0000   37.5000 2001.8635   20.7535
    0.0000   15.0000   37.5000 2018.2998   20.5972
    7.5000   15.0000   37.5000 2006.7737   20.6669
   -7.5000   22.5000   37.5000 1862.2460   23.5497
    0.0000   22.5000   37.5000 1885.0223   23.2805
    7.5000   22.5000   37.5000 1876.0286   23.3688
   -7.5000   30.0000   37.5000 1717.7577   27.3133
    0.0000   30.0000   37.5000 1739.3856   26.9590
    7.5000   30.0000   37.5000 1732.5874   27.0169
   -7.5000  -60.0000   45.0000 2347.9045   15.6492
    0.0000  -60.0000   45.0000 2377.0361   15.3265
    7.5000  -60.0000   45.0000 2372.3896   15.3662
   -7.5000  -52.5000   45.0000 2412.3591   14.9718
    0.0000  -52.5000   45.0000 2440.8203   14.6963
    7.5000  -52.5000   45.0000 2429.5938   14.7446
   -7.5000  -45.0000   45.0000 2439.3193   14.5608
    0.0000  -45.0000   45.0000 2464.3467   14.3113
    7.5000  -45.0000   45.0000 2453.9580   14.3601
   -7.5000  -37.5000   45.0000 2438.8318   14.4428
    0.0000  -37.5000   45.0000 2469.9536   14.2083
    7.5000  -37.5000   45.0000 2464.4758   14.2596
   -7.5000  -30.0000   45.0000 2420.5828   14.7071
    0.0000  -30.0000   45.0000 2448.4668   14.5076
    7.5000  -30.0000   45.0000 2441.7910   14.5326
   -7.5000  -22.5000   45.0000 2385.0007   15.2474
    0.0000  -22.5000   45.0000 2414.1265   15.1350
    7.5000  -22.5000   45.0000 2402.2815   15.1323
   -7.5000  -15.0000   45.0000 2325.6016   16.0466
    0.0000  -15.0000   45.0000 2351.9307   15.9167
    7.5000  -15.0000   45.0000 2342.5808   15.9438
   -7.5000   -7.5000   45.0000 2253.6069   16.9797
    0.0000   -7.5000   45.0000 2275.3430   16.8422
    7.5000   -7.5000   45.0000 2266.4626   16.8664
   -7.5000    0.0000   45.0000 2162.2410   18.1810
    0.0000    0.0000   45.0000 2184.5063   18.0383
    7.5000    0.0000   45.0000 2176.6799   18.0403
   -7.5000    7.5000   45.0000 2054.4314   19.8689
    0.0000    7.5000   45.0000 2070.3569   19.6963
    7.5000    7.5000   45.0000 2063.3276   19.7542
   -7.5000   15.0000   45.0000 1934.0659   22.1276
    0.0000   15.0000   45.0000 1945.9093   21.8922
    7.5000   15.0000   45.0000 1937.4437   21.9971
   -7.5000   22.5000   45.0000 1798.5430   25.0732
    0.0000   22.5000   45.0000 1821.3271   24.7817
    7.5000   22.5000   45.0000 1811.8397   24.9510
   -7.5000   30.0000   45.0000 1658.3192   28.9921
    0.0000   30.0000   45.0000 1681.4690   28.5574
    7.5000   30.0000   45.0000 1672.6174   28.7544

---------------------------------------------------------------------
imgreg_4dfp /opt/freesurfer/average/711-2C_as_mni_average_305 /opt/freesurfer/average/711-2B_as_mni_average_305_mask talsrcimg_g11 none talsrcimg_to_711-2C_as_mni_average_305_t4 1283
---------------------------------------------------------------------

freesurfer imgreg_4dfp.c
/opt/freesurfer/average/711-2C_as_mni_average_305.4dfp.img
       256       256       256         1
  1.000000  1.000000  1.000000
orientation T byte_order littleendian
Reading image: /opt/freesurfer/average/711-2C_as_mni_average_305.4dfp.img
dimensions:      256       256       256
mmppix:       1.0000   -1.0000   -1.0000
center:     128.0000 -129.0000 -129.0000
/opt/freesurfer/average/711-2B_as_mni_average_305_mask.4dfp.img
       256       256       256         1
  1.000000  1.000000  1.000000
orientation T byte_order littleendian
Reading mask: /opt/freesurfer/average/711-2B_as_mni_average_305_mask.4dfp.img (2306576 pixels)
talsrcimg_g11.4dfp.img
       256       256       256         1
  1.000000  1.000000  1.000000
orientation T byte_order littleendian
Reading image: talsrcimg_g11.4dfp.img
dimensions:      256       256       256
mmppix:       1.0000   -1.0000   -1.0000
center:     128.0000 -129.0000 -129.0000
rotation matrix determinant  1.000000
fimgreg.f
image alignment mode   1283 decimal      503 hex
parameters
    0.0000  -37.5000   -7.5000    0.0000    0.0000    0.0000
eta,q 0.93049  9.90095
niter,ni,del,rscale     5    3   12.0000    1.2000
parameter  4 -2.875746 ->  0.500000 qaram    1.1500
parameters
    0.8524  -37.3830   -5.4161   -3.4500   -2.4531    2.1057
eta,q 0.93514  9.72163
  0.0803  0.0759  0.0799  0.0644  0.0673  0.0714
  0.0753  0.0743  0.0789  0.0660  0.0661  0.0687
  0.0729  0.0737  0.0764  0.0693  0.0656  0.0669
  0.0730  0.0728  0.0728  0.0717  0.0669  0.0655
  0.0730  0.0727  0.0716  0.0736  0.0679  0.0648
  0.0736  0.0737  0.0730  0.0752  0.0695  0.0653
  0.0764  0.0762  0.0756  0.0766  0.0722  0.0666
niter,ni,del,rscale     5    3   12.0000    1.2000
parameter  4  0.726492 ->  0.500000 qaram    1.3225
parameters
    2.5089  -36.4748   -4.9183   -7.4175   -3.0229    2.5751
eta,q 0.93770  9.72439
  0.0745  0.0765  0.0772  0.0635  0.0662  0.0668
  0.0704  0.0716  0.0723  0.0627  0.0645  0.0647
  0.0665  0.0666  0.0672  0.0623  0.0626  0.0630
  0.0649  0.0645  0.0649  0.0647  0.0625  0.0624
  0.0646  0.0660  0.0658  0.0692  0.0636  0.0625
  0.0648  0.0685  0.0701  0.0737  0.0655  0.0636
  0.0679  0.0707  0.0738  0.0764  0.0677  0.0658
niter,ni,del,rscale     5    3   12.0000    1.2000
parameters
    2.1543  -36.0886   -5.1570   -9.7081   -3.2725    2.3089
eta,q 0.93682  9.70805
  0.0696  0.0749  0.0712  0.0645  0.0663  0.0661
  0.0647  0.0672  0.0671  0.0639  0.0647  0.0644
  0.0621  0.0625  0.0639  0.0634  0.0630  0.0634
  0.0623  0.0621  0.0624  0.0625  0.0633  0.0632
  0.0638  0.0648  0.0644  0.0636  0.0641  0.0635
  0.0665  0.0686  0.0686  0.0675  0.0648  0.0649
  0.0707  0.0693  0.0722  0.0724  0.0667  0.0666
niter,ni,del,rscale     4    3   12.0000    1.2000
parameters
    2.2585  -35.4111   -5.5427  -11.8285   -4.0790    1.4156
eta,q 0.93650  9.66600
  0.0707  0.0710  0.0697  0.0643  0.0658  0.0648
  0.0661  0.0663  0.0669  0.0642  0.0648  0.0638
  0.0636  0.0635  0.0649  0.0638  0.0635  0.0635
  0.0632  0.0632  0.0636  0.0637  0.0639  0.0636
  0.0637  0.0649  0.0648  0.0635  0.0649  0.0637
  0.0660  0.0666  0.0682  0.0654  0.0655  0.0646
  0.0700  0.0666  0.0715  0.0683  0.0668  0.0662
niter,ni,del,rscale     3    3   12.0000    1.2000
parameter  4  1.058195 ->  0.500000 qaram    1.5209
parameter  6  3.054845 ->  0.500000 qaram    1.1500
parameters
    2.6401  -34.0270   -5.4026  -16.3911   -4.1842   -2.0344
eta,q 0.93665  9.59603
  0.0713  0.0682  0.0698  0.0626  0.0662  0.0633
  0.0667  0.0650  0.0675  0.0644  0.0656  0.0631
  0.0642  0.0631  0.0652  0.0638  0.0645  0.0640
  0.0635  0.0635  0.0640  0.0640  0.0643  0.0643
  0.0637  0.0642  0.0649  0.0649  0.0645  0.0644
  0.0656  0.0643  0.0672  0.0666  0.0651  0.0644
  0.0694  0.0643  0.0694  0.0679  0.0669  0.0654
niter,ni,del,rscale     4    3   12.0000    1.2000
parameter  2 -0.596690 -> -0.500000 qaram    1.1500
parameters
    1.6115  -30.5770   -5.3510  -18.9235   -1.7850    0.4313
eta,q 0.94134  9.62780
  0.0683  0.0682  0.0698  0.0639  0.0662  0.0654
  0.0631  0.0643  0.0646  0.0601  0.0644  0.0629
  0.0610  0.0627  0.0611  0.0608  0.0625  0.0612
  0.0634  0.0618  0.0608  0.0609  0.0608  0.0595
  0.0657  0.0613  0.0629  0.0626  0.0596  0.0587
  0.0676  0.0606  0.0657  0.0657  0.0600  0.0589
  0.0710  0.0608  0.0680  0.0688  0.0619  0.0609
niter,ni,del,rscale     4    3   12.0000    1.2000
parameters
    0.7496  -29.7661   -4.8301  -18.3944   -1.8222    0.6466
eta,q 0.94247  9.70986
  0.0658  0.0667  0.0674  0.0693  0.0636  0.0630
  0.0603  0.0620  0.0626  0.0611  0.0615  0.0613
  0.0580  0.0602  0.0590  0.0588  0.0588  0.0592
  0.0587  0.0582  0.0575  0.0576  0.0576  0.0576
  0.0612  0.0574  0.0589  0.0591  0.0586  0.0575
  0.0650  0.0603  0.0615  0.0615  0.0606  0.0599
  0.0700  0.0636  0.0639  0.0655  0.0645  0.0634
niter,ni,del,rscale     3    3   12.0000    1.2000
parameters
    0.7468  -29.7414   -4.7417  -18.3338   -1.7963    0.6842
eta,q 0.94244  9.71418
  0.0684  0.0646  0.0665  0.0683  0.0636  0.0629
  0.0623  0.0618  0.0617  0.0600  0.0616  0.0612
  0.0581  0.0598  0.0584  0.0588  0.0588  0.0591
  0.0575  0.0575  0.0575  0.0576  0.0576  0.0576
  0.0591  0.0584  0.0595  0.0595  0.0585  0.0577
  0.0629  0.0617  0.0623  0.0621  0.0604  0.0603
  0.0676  0.0651  0.0650  0.0662  0.0643  0.0638
niter,ni,del,rscale     2    3   12.0000    1.2000
parameters
    0.7430  -29.7429   -4.7238  -18.3238   -1.7895    0.6926
eta,q 0.94243  9.71455
  0.0684  0.0646  0.0663  0.0682  0.0636  0.0629
  0.0623  0.0619  0.0615  0.0599  0.0616  0.0612
  0.0582  0.0598  0.0583  0.0587  0.0588  0.0590
  0.0576  0.0576  0.0576  0.0576  0.0576  0.0576
  0.0591  0.0585  0.0596  0.0596  0.0585  0.0577
  0.0630  0.0618  0.0624  0.0622  0.0604  0.0603
  0.0677  0.0652  0.0652  0.0664  0.0644  0.0639
registration optimization eta report
parameter search radius
    6.0000    6.9000    6.0000    9.1253    6.0000    6.9000
100000*second partial in parameter space
       29.       14.       22.       11.       17.       12.
  0.0684  0.0646  0.0663  0.0682  0.0636  0.0629
  0.0623  0.0619  0.0615  0.0599  0.0616  0.0612
  0.0582  0.0598  0.0583  0.0587  0.0588  0.0590
  0.0576  0.0576  0.0576  0.0576  0.0576  0.0576
  0.0591  0.0585  0.0596  0.0596  0.0585  0.0577
  0.0630  0.0618  0.0624  0.0622  0.0604  0.0603
  0.0677  0.0652  0.0652  0.0664  0.0644  0.0639
    0.7430  -29.7429   -4.7238  -18.3238   -1.7895    0.6926
eta,q 0.94243  9.71455

---------------------------------------------------------------------
imgreg_4dfp /opt/freesurfer/average/711-2C_as_mni_average_305 /opt/freesurfer/average/711-2B_as_mni_average_305_mask talsrcimg_g11 none talsrcimg_to_711-2C_as_mni_average_305_t4 3335
---------------------------------------------------------------------

freesurfer imgreg_4dfp.c
/opt/freesurfer/average/711-2C_as_mni_average_305.4dfp.img
       256       256       256         1
  1.000000  1.000000  1.000000
orientation T byte_order littleendian
Reading image: /opt/freesurfer/average/711-2C_as_mni_average_305.4dfp.img
dimensions:      256       256       256
mmppix:       1.0000   -1.0000   -1.0000
center:     128.0000 -129.0000 -129.0000
/opt/freesurfer/average/711-2B_as_mni_average_305_mask.4dfp.img
       256       256       256         1
  1.000000  1.000000  1.000000
orientation T byte_order littleendian
Reading mask: /opt/freesurfer/average/711-2B_as_mni_average_305_mask.4dfp.img (2306576 pixels)
talsrcimg_g11.4dfp.img
       256       256       256         1
  1.000000  1.000000  1.000000
orientation T byte_order littleendian
Reading image: talsrcimg_g11.4dfp.img
dimensions:      256       256       256
mmppix:       1.0000   -1.0000   -1.0000
center:     128.0000 -129.0000 -129.0000
fimgreg.f
image alignment mode   3335 decimal      D07 hex
parameters
    0.7430  -29.7429   -4.7238   -0.0561   -5.0893   -5.1168
   -2.1291    2.5842    1.2081   31.4721   -3.1228  -31.4233
eta,q 0.94417  9.82377
niter,ni,del,rscale     5    3    5.0000    1.2000
parameter  2 -0.850024 -> -0.500000 qaram    1.1500
parameter  4  4.179498 ->  0.500000 qaram    1.1500
parameter  5  2.553638 ->  0.500000 qaram    1.1500
parameter  6  1.093433 ->  0.500000 qaram    1.1500
parameter 10  0.741608 ->  0.500000 qaram    1.1500
parameters
    0.8200  -28.3629   -5.1230   -4.1961   -9.2293   -9.2568
   -3.2318    3.0013    0.7836   27.3321   -2.4493  -32.0885
eta,q 0.96207  9.75749
  0.0575  0.0587  0.0563  0.0438  0.0397  0.0377  0.0413  0.0450  0.0405  0.0379  0.0395  0.0394
  0.0566  0.0575  0.0555  0.0459  0.0419  0.0390  0.0400  0.0420  0.0397  0.0379  0.0387  0.0385
  0.0561  0.0566  0.0551  0.0499  0.0444  0.0405  0.0394  0.0400  0.0394  0.0383  0.0382  0.0380
  0.0558  0.0558  0.0551  0.0551  0.0468  0.0426  0.0394  0.0393  0.0394  0.0393  0.0380  0.0380
  0.0559  0.0553  0.0555  0.0604  0.0494  0.0460  0.0400  0.0399  0.0396  0.0408  0.0381  0.0383
  0.0564  0.0551  0.0563  0.0652  0.0529  0.0513  0.0412  0.0414  0.0401  0.0429  0.0384  0.0390
  0.0573  0.0551  0.0574  0.0695  0.0572  0.0561  0.0428  0.0437  0.0407  0.0460  0.0390  0.0400
niter,ni,del,rscale     7    3    5.0000    1.2000
parameter  2  2.705795 ->  0.500000 qaram    1.3225
parameter  3  1.105486 ->  0.500000 qaram    1.1500
parameter  4  0.701195 ->  0.500000 qaram    1.3225
parameter  5  1.054162 ->  0.500000 qaram    1.3225
parameters
    1.1945  -29.9499   -6.5030   -8.9571  -13.9903  -12.8384
   -1.7938    2.7653    2.4083   28.5433   -2.6895  -34.4107
eta,q 0.97418  9.68378
  0.0423  0.0326  0.0322  0.0303  0.0271  0.0274  0.0300  0.0296  0.0287  0.0303  0.0270  0.0267
  0.0402  0.0338  0.0325  0.0301  0.0271  0.0266  0.0284  0.0278  0.0275  0.0285  0.0264  0.0260
  0.0387  0.0356  0.0332  0.0304  0.0280  0.0265  0.0271  0.0267  0.0268  0.0271  0.0261  0.0258
  0.0379  0.0378  0.0343  0.0327  0.0301  0.0273  0.0265  0.0263  0.0263  0.0263  0.0261  0.0261
  0.0380  0.0403  0.0358  0.0377  0.0329  0.0285  0.0264  0.0268  0.0263  0.0260  0.0262  0.0267
  0.0388  0.0430  0.0377  0.0441  0.0357  0.0312  0.0269  0.0281  0.0266  0.0268  0.0266  0.0276
  0.0403  0.0456  0.0398  0.0504  0.0390  0.0361  0.0281  0.0300  0.0272  0.0288  0.0271  0.0287
niter,ni,del,rscale     7    3    5.0000    1.2000
parameter  2  0.666507 ->  0.500000 qaram    1.5209
parameters
    1.6587  -31.7750   -7.4829  -10.0598  -17.2020  -12.2831
   -1.8718    2.7322    2.6830   30.0070   -3.7544  -36.5542
eta,q 0.97661  9.62517
  0.0295  0.0246  0.0247  0.0273  0.0259  0.0261  0.0263  0.0271  0.0256  0.0275  0.0241  0.0243
  0.0277  0.0241  0.0241  0.0260  0.0246  0.0250  0.0251  0.0253  0.0247  0.0259  0.0238  0.0237
  0.0265  0.0244  0.0239  0.0249  0.0239  0.0243  0.0242  0.0242  0.0241  0.0247  0.0236  0.0234
  0.0258  0.0257  0.0241  0.0239  0.0243  0.0239  0.0239  0.0239  0.0239  0.0239  0.0236  0.0236
  0.0257  0.0278  0.0248  0.0235  0.0261  0.0237  0.0242  0.0243  0.0240  0.0235  0.0237  0.0242
  0.0263  0.0306  0.0259  0.0260  0.0290  0.0239  0.0251  0.0254  0.0245  0.0241  0.0240  0.0251
  0.0275  0.0339  0.0274  0.0322  0.0331  0.0260  0.0265  0.0271  0.0253  0.0259  0.0245  0.0261
niter,ni,del,rscale     7    3    5.0000    1.2000
parameters
    1.7031  -32.3689   -8.1627   -9.3817  -18.4351  -12.5017
   -1.9551    3.1555    2.7612   30.1071   -3.7389  -37.9457
eta,q 0.97709  9.61551
  0.0260  0.0266  0.0240  0.0274  0.0264  0.0254  0.0255  0.0271  0.0248  0.0262  0.0236  0.0241
  0.0246  0.0245  0.0235  0.0258  0.0247  0.0242  0.0242  0.0247  0.0238  0.0248  0.0233  0.0233
  0.0237  0.0234  0.0232  0.0244  0.0234  0.0235  0.0233  0.0234  0.0232  0.0238  0.0231  0.0230
  0.0234  0.0234  0.0232  0.0232  0.0229  0.0229  0.0230  0.0230  0.0230  0.0230  0.0230  0.0230
  0.0236  0.0246  0.0237  0.0221  0.0238  0.0224  0.0233  0.0234  0.0232  0.0229  0.0231  0.0235
  0.0244  0.0266  0.0245  0.0231  0.0258  0.0232  0.0243  0.0244  0.0238  0.0241  0.0233  0.0243
  0.0258  0.0293  0.0258  0.0278  0.0296  0.0270  0.0257  0.0260  0.0248  0.0267  0.0236  0.0253
niter,ni,del,rscale     6    3    5.0000    1.2000
parameters
    1.6790  -32.6166   -8.5868   -9.1618  -18.9585  -12.5372
   -2.0034    3.2581    2.8553   30.3060   -3.7047  -38.7880
eta,q 0.97726  9.61709
  0.0254  0.0270  0.0239  0.0270  0.0267  0.0253  0.0254  0.0265  0.0247  0.0261  0.0234  0.0241
  0.0240  0.0246  0.0233  0.0254  0.0250  0.0241  0.0241  0.0242  0.0237  0.0247  0.0230  0.0233
  0.0232  0.0232  0.0229  0.0241  0.0236  0.0234  0.0231  0.0230  0.0230  0.0237  0.0228  0.0228
  0.0229  0.0229  0.0229  0.0228  0.0228  0.0228  0.0228  0.0228  0.0228  0.0228  0.0228  0.0228
  0.0232  0.0239  0.0232  0.0218  0.0234  0.0222  0.0231  0.0233  0.0230  0.0226  0.0228  0.0231
  0.0240  0.0257  0.0239  0.0233  0.0250  0.0228  0.0241  0.0243  0.0236  0.0239  0.0230  0.0239
  0.0255  0.0280  0.0250  0.0284  0.0283  0.0266  0.0255  0.0260  0.0246  0.0265  0.0234  0.0248
niter,ni,del,rscale     5    3    5.0000    1.2000
parameters
    1.6632  -32.7485   -8.8610   -9.0731  -19.2659  -12.6467
   -2.0407    3.3036    2.9435   30.3883   -3.6951  -39.3181
eta,q 0.97729  9.61250
  0.0252  0.0272  0.0240  0.0269  0.0268  0.0253  0.0253  0.0264  0.0246  0.0260  0.0233  0.0242
  0.0239  0.0247  0.0232  0.0253  0.0250  0.0240  0.0240  0.0240  0.0236  0.0246  0.0230  0.0233
  0.0230  0.0231  0.0228  0.0240  0.0235  0.0233  0.0231  0.0229  0.0230  0.0236  0.0228  0.0228
  0.0227  0.0227  0.0227  0.0227  0.0227  0.0227  0.0227  0.0227  0.0227  0.0227  0.0227  0.0227
  0.0230  0.0236  0.0230  0.0217  0.0232  0.0221  0.0231  0.0232  0.0230  0.0226  0.0228  0.0230
  0.0239  0.0253  0.0236  0.0233  0.0247  0.0229  0.0240  0.0243  0.0236  0.0239  0.0230  0.0237
  0.0253  0.0276  0.0246  0.0286  0.0280  0.0268  0.0254  0.0260  0.0245  0.0266  0.0233  0.0246
niter,ni,del,rscale     4    3    5.0000    1.2000
parameters
    1.6580  -32.8276   -9.0334   -9.0185  -19.4457  -12.7354
   -2.0654    3.3303    2.9911   30.4275   -3.7607  -39.6407
eta,q 0.97730  9.60897
  0.0252  0.0273  0.0241  0.0268  0.0268  0.0253  0.0253  0.0263  0.0246  0.0260  0.0233  0.0243
  0.0238  0.0247  0.0233  0.0253  0.0250  0.0240  0.0240  0.0240  0.0236  0.0246  0.0229  0.0234
  0.0230  0.0231  0.0228  0.0240  0.0236  0.0233  0.0230  0.0229  0.0229  0.0235  0.0228  0.0228
  0.0227  0.0227  0.0227  0.0227  0.0227  0.0227  0.0227  0.0227  0.0227  0.0227  0.0227  0.0227
  0.0230  0.0235  0.0229  0.0217  0.0232  0.0221  0.0230  0.0232  0.0229  0.0226  0.0228  0.0230
  0.0238  0.0252  0.0235  0.0234  0.0246  0.0229  0.0240  0.0242  0.0236  0.0239  0.0230  0.0236
  0.0253  0.0275  0.0245  0.0287  0.0278  0.0268  0.0254  0.0260  0.0245  0.0266  0.0233  0.0245
niter,ni,del,rscale     3    3    5.0000    1.2000
parameters
    1.6574  -32.8762   -9.1440   -8.9917  -19.5522  -12.8142
   -2.0820    3.3522    3.0089   30.4428   -3.7982  -39.8390
eta,q 0.97728  9.60550
  0.0252  0.0274  0.0241  0.0268  0.0269  0.0254  0.0253  0.0263  0.0246  0.0259  0.0233  0.0243
  0.0239  0.0248  0.0233  0.0253  0.0251  0.0240  0.0240  0.0240  0.0236  0.0246  0.0229  0.0234
  0.0230  0.0231  0.0228  0.0240  0.0236  0.0233  0.0231  0.0229  0.0229  0.0235  0.0228  0.0229
  0.0227  0.0227  0.0227  0.0227  0.0227  0.0227  0.0227  0.0227  0.0227  0.0227  0.0227  0.0227
  0.0229  0.0235  0.0229  0.0217  0.0231  0.0221  0.0230  0.0232  0.0229  0.0227  0.0228  0.0230
  0.0238  0.0252  0.0235  0.0234  0.0246  0.0229  0.0240  0.0242  0.0236  0.0239  0.0230  0.0236
  0.0253  0.0274  0.0244  0.0287  0.0277  0.0268  0.0254  0.0260  0.0246  0.0266  0.0233  0.0245
niter,ni,del,rscale     2    3    5.0000    1.2000
parameters
    1.6571  -32.9067   -9.2040   -8.9786  -19.6159  -12.8523
   -2.0879    3.3558    3.0083   30.4503   -3.8376  -39.9554
eta,q 0.97728  9.60359
  0.0252  0.0274  0.0242  0.0268  0.0269  0.0254  0.0253  0.0263  0.0246  0.0259  0.0233  0.0244
  0.0239  0.0248  0.0233  0.0253  0.0251  0.0241  0.0240  0.0240  0.0236  0.0246  0.0229  0.0235
  0.0230  0.0232  0.0229  0.0240  0.0236  0.0233  0.0231  0.0229  0.0229  0.0235  0.0228  0.0229
  0.0227  0.0227  0.0227  0.0227  0.0227  0.0227  0.0227  0.0227  0.0227  0.0227  0.0227  0.0227
  0.0229  0.0235  0.0229  0.0217  0.0232  0.0221  0.0230  0.0232  0.0230  0.0227  0.0228  0.0230
  0.0238  0.0251  0.0234  0.0235  0.0245  0.0229  0.0240  0.0243  0.0236  0.0240  0.0230  0.0236
  0.0253  0.0273  0.0243  0.0288  0.0276  0.0267  0.0254  0.0260  0.0246  0.0266  0.0233  0.0245
niter,ni,del,rscale     1    3    5.0000    1.2000
parameters
    1.6562  -32.9224   -9.2407   -8.9702  -19.6529  -12.8859
   -2.0938    3.3615    3.0091   30.4531   -3.8646  -40.0236
eta,q 0.97727  9.60202
  0.0252  0.0275  0.0242  0.0268  0.0269  0.0254  0.0253  0.0263  0.0246  0.0259  0.0233  0.0244
  0.0239  0.0249  0.0234  0.0253  0.0251  0.0241  0.0240  0.0240  0.0236  0.0246  0.0229  0.0235
  0.0230  0.0232  0.0229  0.0240  0.0236  0.0233  0.0231  0.0229  0.0229  0.0235  0.0228  0.0229
  0.0227  0.0227  0.0227  0.0227  0.0227  0.0227  0.0227  0.0227  0.0227  0.0227  0.0227  0.0227
  0.0230  0.0235  0.0229  0.0217  0.0232  0.0221  0.0231  0.0232  0.0230  0.0227  0.0228  0.0230
  0.0238  0.0251  0.0234  0.0235  0.0245  0.0229  0.0240  0.0243  0.0236  0.0240  0.0230  0.0236
  0.0253  0.0273  0.0243  0.0288  0.0276  0.0267  0.0254  0.0260  0.0246  0.0266  0.0233  0.0244
registration optimization eta report
parameter search radius
    2.4000    3.6501    2.7600    9.5220    9.5220    8.2800
    7.2000    7.2000    7.2000    8.2800    7.2000    7.2000
100000*second partial in parameter space
       44.       35.       20.        6.        5.        5.
        5.        7.        4.        5.        1.        3.
  0.0252  0.0275  0.0242  0.0268  0.0269  0.0254  0.0253  0.0263  0.0246  0.0259  0.0233  0.0244
  0.0239  0.0249  0.0234  0.0253  0.0251  0.0241  0.0240  0.0240  0.0236  0.0246  0.0229  0.0235
  0.0230  0.0232  0.0229  0.0240  0.0236  0.0233  0.0231  0.0229  0.0229  0.0235  0.0228  0.0229
  0.0227  0.0227  0.0227  0.0227  0.0227  0.0227  0.0227  0.0227  0.0227  0.0227  0.0227  0.0227
  0.0230  0.0235  0.0229  0.0217  0.0232  0.0221  0.0231  0.0232  0.0230  0.0227  0.0228  0.0230
  0.0238  0.0251  0.0234  0.0235  0.0245  0.0229  0.0240  0.0243  0.0236  0.0240  0.0230  0.0236
  0.0253  0.0273  0.0243  0.0288  0.0276  0.0267  0.0254  0.0260  0.0246  0.0266  0.0233  0.0244
    1.6562  -32.9224   -9.2407   -8.9702  -19.6529  -12.8859
   -2.0938    3.3615    3.0091   30.4531   -3.8646  -40.0236
eta,q 0.97727  9.60202

---------------------------------------------------------------------
imgreg_4dfp /opt/freesurfer/average/711-2C_as_mni_average_305 /opt/freesurfer/average/711-2B_as_mni_average_305_mask talsrcimg_g11 none talsrcimg_to_711-2C_as_mni_average_305_t4 2311
---------------------------------------------------------------------

freesurfer imgreg_4dfp.c
/opt/freesurfer/average/711-2C_as_mni_average_305.4dfp.img
       256       256       256         1
  1.000000  1.000000  1.000000
orientation T byte_order littleendian
Reading image: /opt/freesurfer/average/711-2C_as_mni_average_305.4dfp.img
dimensions:      256       256       256
mmppix:       1.0000   -1.0000   -1.0000
center:     128.0000 -129.0000 -129.0000
/opt/freesurfer/average/711-2B_as_mni_average_305_mask.4dfp.img
       256       256       256         1
  1.000000  1.000000  1.000000
orientation T byte_order littleendian
Reading mask: /opt/freesurfer/average/711-2B_as_mni_average_305_mask.4dfp.img (2306576 pixels)
talsrcimg_g11.4dfp.img
       256       256       256         1
  1.000000  1.000000  1.000000
orientation T byte_order littleendian
Reading image: talsrcimg_g11.4dfp.img
dimensions:      256       256       256
mmppix:       1.0000   -1.0000   -1.0000
center:     128.0000 -129.0000 -129.0000
fimgreg.f
image alignment mode   2311 decimal      907 hex
parameters
    1.6562  -32.9224   -9.2407   -8.9702  -19.6529  -12.8859
   -2.0938    3.3615    3.0091   30.4531   -3.8646  -40.0236
eta,q 0.97727  9.60202
niter,ni,del,rscale     5    3    5.0000    0.8000
parameter  4 -0.945268 -> -0.500000 qaram    1.1500
parameters
    1.6921  -33.0524   -9.3328   -6.2102  -19.6605  -10.9662
   -2.3621    3.8798    3.1941   31.1112   -2.9013  -40.1399
eta,q 0.97885  9.76562
  0.0239  0.0236  0.0232  0.0247  0.0232  0.0230  0.0228  0.0250  0.0225  0.0238  0.0223  0.0221
  0.0233  0.0231  0.0229  0.0240  0.0225  0.0226  0.0219  0.0230  0.0219  0.0228  0.0217  0.0216
  0.0229  0.0228  0.0227  0.0234  0.0220  0.0222  0.0214  0.0218  0.0215  0.0219  0.0213  0.0212
  0.0227  0.0227  0.0227  0.0227  0.0218  0.0218  0.0213  0.0213  0.0213  0.0213  0.0212  0.0212
  0.0228  0.0229  0.0228  0.0221  0.0220  0.0213  0.0216  0.0215  0.0214  0.0212  0.0212  0.0213
  0.0232  0.0233  0.0230  0.0218  0.0225  0.0213  0.0222  0.0223  0.0217  0.0217  0.0213  0.0216
  0.0238  0.0239  0.0233  0.0222  0.0233  0.0221  0.0231  0.0236  0.0223  0.0230  0.0216  0.0222
niter,ni,del,rscale     5    3    5.0000    0.8000
parameters
    1.4841  -32.9171   -9.0902   -7.0055  -19.6815  -11.0002
   -2.2719    3.3119    3.2771   31.4340   -2.9345  -40.0434
eta,q 0.97880  9.75328
  0.0226  0.0226  0.0222  0.0234  0.0229  0.0229  0.0229  0.0232  0.0224  0.0235  0.0218  0.0222
  0.0217  0.0218  0.0217  0.0226  0.0221  0.0224  0.0221  0.0219  0.0218  0.0226  0.0214  0.0217
  0.0212  0.0213  0.0213  0.0217  0.0216  0.0218  0.0215  0.0213  0.0214  0.0218  0.0212  0.0213
  0.0212  0.0211  0.0211  0.0211  0.0213  0.0213  0.0213  0.0213  0.0213  0.0213  0.0212  0.0212
  0.0215  0.0212  0.0211  0.0214  0.0215  0.0211  0.0215  0.0218  0.0214  0.0213  0.0213  0.0213
  0.0223  0.0216  0.0213  0.0232  0.0221  0.0217  0.0220  0.0228  0.0217  0.0219  0.0215  0.0216
  0.0236  0.0222  0.0217  0.0264  0.0229  0.0237  0.0228  0.0243  0.0223  0.0232  0.0218  0.0221
niter,ni,del,rscale     4    3    5.0000    0.7000
parameters
    1.5053  -32.8555   -9.0010   -6.9040  -19.7419  -10.7429
   -2.2980    3.3422    3.2865   31.5735   -2.9398  -40.0357
eta,q 0.97891  9.76379
  0.0225  0.0223  0.0219  0.0233  0.0224  0.0227  0.0223  0.0233  0.0220  0.0229  0.0216  0.0219
  0.0218  0.0217  0.0215  0.0226  0.0218  0.0222  0.0217  0.0220  0.0215  0.0221  0.0213  0.0214
  0.0214  0.0213  0.0213  0.0219  0.0214  0.0216  0.0213  0.0213  0.0212  0.0215  0.0211  0.0212
  0.0212  0.0212  0.0212  0.0212  0.0212  0.0212  0.0211  0.0211  0.0211  0.0211  0.0211  0.0211
  0.0213  0.0213  0.0212  0.0210  0.0213  0.0210  0.0213  0.0214  0.0212  0.0212  0.0212  0.0212
  0.0217  0.0216  0.0214  0.0218  0.0218  0.0214  0.0217  0.0220  0.0215  0.0218  0.0213  0.0214
  0.0225  0.0221  0.0217  0.0238  0.0225  0.0228  0.0224  0.0231  0.0220  0.0229  0.0216  0.0218
niter,ni,del,rscale     3    3    5.0000    0.6000
parameters
    1.4932  -32.8260   -8.9337   -6.6686  -19.8394  -10.4908
   -2.3517    3.3634    3.2928   31.6680   -2.8692  -40.0523
eta,q 0.97902  9.77538
  0.0220  0.0219  0.0216  0.0229  0.0220  0.0223  0.0219  0.0227  0.0217  0.0224  0.0214  0.0216
  0.0215  0.0214  0.0213  0.0223  0.0215  0.0218  0.0214  0.0217  0.0213  0.0218  0.0212  0.0212
  0.0212  0.0212  0.0212  0.0216  0.0212  0.0214  0.0211  0.0212  0.0211  0.0213  0.0210  0.0210
  0.0211  0.0211  0.0211  0.0211  0.0210  0.0210  0.0210  0.0210  0.0210  0.0210  0.0210  0.0210
  0.0212  0.0212  0.0211  0.0210  0.0212  0.0209  0.0211  0.0212  0.0211  0.0211  0.0210  0.0211
  0.0215  0.0214  0.0213  0.0215  0.0216  0.0212  0.0214  0.0217  0.0213  0.0215  0.0212  0.0212
  0.0221  0.0218  0.0215  0.0230  0.0221  0.0223  0.0220  0.0226  0.0217  0.0224  0.0214  0.0216
niter,ni,del,rscale     2    3    5.0000    0.5000
parameters
    1.4693  -32.8070   -8.8886   -6.4472  -19.9348  -10.2949
   -2.4058    3.3733    3.2877   31.7556   -2.7841  -40.0627
eta,q 0.97909  9.78439
  0.0217  0.0215  0.0214  0.0224  0.0217  0.0219  0.0216  0.0222  0.0214  0.0220  0.0212  0.0213
  0.0213  0.0212  0.0212  0.0219  0.0213  0.0215  0.0212  0.0215  0.0211  0.0215  0.0211  0.0211
  0.0211  0.0211  0.0210  0.0214  0.0210  0.0212  0.0210  0.0210  0.0210  0.0211  0.0209  0.0210
  0.0210  0.0210  0.0210  0.0210  0.0209  0.0209  0.0209  0.0209  0.0209  0.0209  0.0209  0.0209
  0.0211  0.0211  0.0210  0.0209  0.0211  0.0209  0.0210  0.0211  0.0210  0.0210  0.0210  0.0210
  0.0213  0.0212  0.0211  0.0213  0.0213  0.0211  0.0212  0.0215  0.0211  0.0213  0.0210  0.0211
  0.0217  0.0215  0.0213  0.0224  0.0218  0.0219  0.0216  0.0221  0.0214  0.0219  0.0212  0.0213
niter,ni,del,rscale     1    3    5.0000    0.4000
parameters
    1.4448  -32.7969   -8.8477   -6.2508  -20.0204  -10.1330
   -2.4595    3.3786    3.2964   31.8299   -2.6751  -40.0639
eta,q 0.97914  9.79131
  0.0214  0.0213  0.0212  0.0220  0.0214  0.0216  0.0213  0.0217  0.0212  0.0216  0.0211  0.0211
  0.0211  0.0211  0.0210  0.0216  0.0211  0.0213  0.0211  0.0212  0.0210  0.0212  0.0210  0.0210
  0.0210  0.0210  0.0209  0.0212  0.0209  0.0210  0.0209  0.0210  0.0209  0.0210  0.0209  0.0209
  0.0209  0.0209  0.0209  0.0209  0.0209  0.0209  0.0209  0.0209  0.0209  0.0209  0.0209  0.0209
  0.0210  0.0210  0.0209  0.0209  0.0210  0.0209  0.0209  0.0210  0.0209  0.0209  0.0209  0.0209
  0.0211  0.0211  0.0210  0.0212  0.0212  0.0210  0.0211  0.0212  0.0210  0.0211  0.0210  0.0210
  0.0214  0.0213  0.0211  0.0219  0.0215  0.0215  0.0213  0.0217  0.0212  0.0215  0.0211  0.0211
registration optimization eta report
parameter search radius
    0.8000    0.8000    0.8000    2.7600    2.4000    2.4000
    2.4000    2.4000    2.4000    2.4000    2.4000    2.4000
100000*second partial in parameter space
       77.       54.       35.       13.        9.       11.
        8.       15.        5.       12.        4.        5.
  0.0214  0.0213  0.0212  0.0220  0.0214  0.0216  0.0213  0.0217  0.0212  0.0216  0.0211  0.0211
  0.0211  0.0211  0.0210  0.0216  0.0211  0.0213  0.0211  0.0212  0.0210  0.0212  0.0210  0.0210
  0.0210  0.0210  0.0209  0.0212  0.0209  0.0210  0.0209  0.0210  0.0209  0.0210  0.0209  0.0209
  0.0209  0.0209  0.0209  0.0209  0.0209  0.0209  0.0209  0.0209  0.0209  0.0209  0.0209  0.0209
  0.0210  0.0210  0.0209  0.0209  0.0210  0.0209  0.0209  0.0210  0.0209  0.0209  0.0209  0.0209
  0.0211  0.0211  0.0210  0.0212  0.0212  0.0210  0.0211  0.0212  0.0210  0.0211  0.0210  0.0210
  0.0214  0.0213  0.0211  0.0219  0.0215  0.0215  0.0213  0.0217  0.0212  0.0215  0.0211  0.0211
    1.4448  -32.7969   -8.8477   -6.2508  -20.0204  -10.1330
   -2.4595    3.3786    3.2964   31.8299   -2.6751  -40.0639
eta,q 0.97914  9.79131

---------------------------------------------------------------------
imgreg_4dfp /opt/freesurfer/average/711-2C_as_mni_average_305 /opt/freesurfer/average/711-2B_as_mni_average_305_mask talsrcimg_g11 none talsrcimg_to_711-2C_as_mni_average_305_t4 2311
---------------------------------------------------------------------

freesurfer imgreg_4dfp.c
/opt/freesurfer/average/711-2C_as_mni_average_305.4dfp.img
       256       256       256         1
  1.000000  1.000000  1.000000
orientation T byte_order littleendian
Reading image: /opt/freesurfer/average/711-2C_as_mni_average_305.4dfp.img
dimensions:      256       256       256
mmppix:       1.0000   -1.0000   -1.0000
center:     128.0000 -129.0000 -129.0000
/opt/freesurfer/average/711-2B_as_mni_average_305_mask.4dfp.img
       256       256       256         1
  1.000000  1.000000  1.000000
orientation T byte_order littleendian
Reading mask: /opt/freesurfer/average/711-2B_as_mni_average_305_mask.4dfp.img (2306576 pixels)
talsrcimg_g11.4dfp.img
       256       256       256         1
  1.000000  1.000000  1.000000
orientation T byte_order littleendian
Reading image: talsrcimg_g11.4dfp.img
dimensions:      256       256       256
mmppix:       1.0000   -1.0000   -1.0000
center:     128.0000 -129.0000 -129.0000
fimgreg.f
image alignment mode   2311 decimal      907 hex
parameters
    1.4448  -32.7969   -8.8477   -6.2508  -20.0204  -10.1330
   -2.4595    3.3786    3.2964   31.8299   -2.6751  -40.0639
eta,q 0.97914  9.79130
niter,ni,del,rscale     5    3    5.0000    0.8000
parameters
    1.4060  -32.7521   -8.7953   -6.9097  -19.9814  -10.7659
   -2.3563    3.2394    3.2552   31.6893   -2.9290  -39.9156
eta,q 0.97889  9.76004
  0.0228  0.0223  0.0219  0.0228  0.0227  0.0227  0.0228  0.0237  0.0222  0.0231  0.0217  0.0221
  0.0217  0.0215  0.0213  0.0221  0.0219  0.0220  0.0219  0.0221  0.0216  0.0222  0.0213  0.0216
  0.0211  0.0210  0.0210  0.0214  0.0213  0.0214  0.0213  0.0213  0.0212  0.0215  0.0211  0.0212
  0.0209  0.0209  0.0209  0.0209  0.0210  0.0210  0.0211  0.0211  0.0211  0.0211  0.0211  0.0211
  0.0211  0.0210  0.0210  0.0211  0.0212  0.0211  0.0213  0.0215  0.0212  0.0213  0.0212  0.0212
  0.0218  0.0215  0.0213  0.0226  0.0218  0.0224  0.0218  0.0224  0.0216  0.0221  0.0214  0.0215
  0.0230  0.0221  0.0218  0.0252  0.0227  0.0249  0.0226  0.0239  0.0222  0.0236  0.0218  0.0220
niter,ni,del,rscale     4    3    5.0000    0.7000
parameters
    1.4896  -32.8064   -8.8882   -6.6673  -19.8943  -10.7813
   -2.3540    3.3651    3.2428   31.6613   -2.9026  -39.9377
eta,q 0.97896  9.76615
  0.0226  0.0220  0.0217  0.0229  0.0224  0.0226  0.0223  0.0234  0.0219  0.0227  0.0216  0.0218
  0.0218  0.0215  0.0213  0.0223  0.0218  0.0220  0.0216  0.0220  0.0214  0.0220  0.0213  0.0214
  0.0213  0.0212  0.0211  0.0217  0.0213  0.0214  0.0212  0.0213  0.0211  0.0214  0.0211  0.0211
  0.0211  0.0211  0.0211  0.0211  0.0210  0.0210  0.0210  0.0210  0.0210  0.0210  0.0210  0.0210
  0.0212  0.0213  0.0212  0.0209  0.0212  0.0209  0.0212  0.0213  0.0211  0.0212  0.0211  0.0211
  0.0216  0.0216  0.0214  0.0215  0.0217  0.0215  0.0216  0.0219  0.0214  0.0218  0.0213  0.0214
  0.0223  0.0222  0.0218  0.0230  0.0223  0.0231  0.0223  0.0230  0.0219  0.0230  0.0215  0.0218
niter,ni,del,rscale     3    3    5.0000    0.6000
parameters
    1.4785  -32.8130   -8.9214   -6.4328  -19.9159  -10.5632
   -2.3986    3.3995    3.2676   31.6899   -2.8275  -40.0388
eta,q 0.97905  9.77763
  0.0220  0.0218  0.0215  0.0226  0.0220  0.0223  0.0219  0.0227  0.0216  0.0223  0.0214  0.0215
  0.0215  0.0214  0.0212  0.0220  0.0215  0.0218  0.0214  0.0217  0.0213  0.0217  0.0211  0.0212
  0.0212  0.0211  0.0211  0.0215  0.0211  0.0213  0.0210  0.0211  0.0210  0.0212  0.0210  0.0210
  0.0210  0.0210  0.0210  0.0210  0.0210  0.0210  0.0210  0.0210  0.0210  0.0210  0.0210  0.0210
  0.0212  0.0211  0.0211  0.0209  0.0211  0.0209  0.0211  0.0212  0.0210  0.0210  0.0210  0.0210
  0.0215  0.0214  0.0213  0.0214  0.0215  0.0212  0.0214  0.0217  0.0212  0.0215  0.0211  0.0212
  0.0221  0.0218  0.0215  0.0225  0.0221  0.0223  0.0219  0.0226  0.0216  0.0224  0.0213  0.0215
niter,ni,del,rscale     2    3    5.0000    0.5000
parameters
    1.4535  -32.8113   -8.9025   -6.2651  -19.9859  -10.3458
   -2.4533    3.3966    3.2842   31.7506   -2.7588  -40.0818
eta,q 0.97911  9.78589
  0.0217  0.0215  0.0213  0.0221  0.0217  0.0219  0.0216  0.0222  0.0214  0.0219  0.0212  0.0213
  0.0213  0.0212  0.0211  0.0217  0.0213  0.0215  0.0212  0.0214  0.0211  0.0214  0.0210  0.0211
  0.0210  0.0210  0.0210  0.0212  0.0210  0.0211  0.0210  0.0210  0.0209  0.0211  0.0209  0.0209
  0.0210  0.0209  0.0209  0.0210  0.0209  0.0209  0.0209  0.0209  0.0209  0.0209  0.0209  0.0209
  0.0210  0.0210  0.0210  0.0209  0.0210  0.0209  0.0210  0.0211  0.0209  0.0210  0.0209  0.0209
  0.0213  0.0212  0.0211  0.0213  0.0213  0.0211  0.0212  0.0215  0.0211  0.0213  0.0210  0.0211
  0.0217  0.0215  0.0213  0.0221  0.0217  0.0218  0.0216  0.0222  0.0214  0.0219  0.0212  0.0213
niter,ni,del,rscale     1    3    5.0000    0.4000
parameters
    1.4318  -32.8017   -8.8675   -6.1280  -20.0511  -10.1648
   -2.4904    3.3941    3.2806   31.8197   -2.6475  -40.0904
eta,q 0.97914  9.79235
  0.0214  0.0212  0.0211  0.0217  0.0214  0.0216  0.0213  0.0217  0.0212  0.0216  0.0211  0.0211
  0.0211  0.0211  0.0210  0.0214  0.0211  0.0212  0.0210  0.0212  0.0210  0.0212  0.0210  0.0210
  0.0209  0.0209  0.0209  0.0211  0.0209  0.0210  0.0209  0.0209  0.0209  0.0210  0.0209  0.0209
  0.0209  0.0209  0.0209  0.0209  0.0209  0.0209  0.0209  0.0209  0.0209  0.0209  0.0209  0.0209
  0.0210  0.0209  0.0209  0.0209  0.0209  0.0209  0.0209  0.0210  0.0209  0.0209  0.0209  0.0209
  0.0211  0.0210  0.0210  0.0211  0.0211  0.0210  0.0211  0.0213  0.0210  0.0211  0.0209  0.0210
  0.0214  0.0212  0.0211  0.0217  0.0214  0.0215  0.0213  0.0217  0.0212  0.0215  0.0211  0.0211
registration optimization eta report
parameter search radius
    0.8000    0.8000    0.8000    2.4000    2.4000    2.4000
    2.4000    2.4000    2.4000    2.4000    2.4000    2.4000
100000*second partial in parameter space
       79.       53.       36.       14.        9.       11.
        8.       15.        5.       12.        4.        5.
  0.0214  0.0212  0.0211  0.0217  0.0214  0.0216  0.0213  0.0217  0.0212  0.0216  0.0211  0.0211
  0.0211  0.0211  0.0210  0.0214  0.0211  0.0212  0.0210  0.0212  0.0210  0.0212  0.0210  0.0210
  0.0209  0.0209  0.0209  0.0211  0.0209  0.0210  0.0209  0.0209  0.0209  0.0210  0.0209  0.0209
  0.0209  0.0209  0.0209  0.0209  0.0209  0.0209  0.0209  0.0209  0.0209  0.0209  0.0209  0.0209
  0.0210  0.0209  0.0209  0.0209  0.0209  0.0209  0.0209  0.0210  0.0209  0.0209  0.0209  0.0209
  0.0211  0.0210  0.0210  0.0211  0.0211  0.0210  0.0211  0.0213  0.0210  0.0211  0.0209  0.0210
  0.0214  0.0212  0.0211  0.0217  0.0214  0.0215  0.0213  0.0217  0.0212  0.0215  0.0211  0.0211
    1.4318  -32.8017   -8.8675   -6.1280  -20.0511  -10.1648
   -2.4904    3.3941    3.2806   31.8197   -2.6475  -40.0904
eta,q 0.97914  9.79235

---------------------------------------------------------------------
compute_vox2vox talsrcimg talsrcimg_to_711-2C_as_mni_average_305_t4 /opt/freesurfer/average/711-2C_as_mni_average_305
---------------------------------------------------------------------

freesurfer compute_vox2vox.c
Reading: talsrcimg.4dfp.ifh
Reading: talsrcimg_to_711-2C_as_mni_average_305_t4
Reading: /opt/freesurfer/average/711-2C_as_mni_average_305.4dfp.ifh
Writing: talsrcimg_to_711-2C_as_mni_average_305_t4_vox2vox.txt

start time Thu Mar 12 14:18:17 CET 2026
end		time Thu Mar 12 14:19:42 CET 2026

mpr2mni305 success

avi2talxfm orig_nu.mgz /opt/freesurfer/average/mni305.cor.mgz talsrcimg_to_711-2C_as_mni_average_305_t4_vox2vox.txt transforms/talairach.auto.xfm
avi2talxfm done
mv -f /out/sourcedata/freesurfer/sub-v1s1x0050644_ses-1/mri/talsrcimg_to_711-2C_as_mni_average_305_t4_vox2vox.txt /out/sourcedata/freesurfer/sub-v1s1x0050644_ses-1/mri/transforms/talsrcimg_to_711-2C_as_mni_average_305_t4_vox2vox.txt
lta_convert --src orig_nu.mgz --trg /opt/freesurfer/average/mni305.cor.mgz --inxfm transforms/talairach.auto.xfm --outlta transforms/talairach.auto.xfm.lta --subject fsaverage
7.3.2

--src: orig_nu.mgz src image (geometry).
--trg: /opt/freesurfer/average/mni305.cor.mgz trg image (geometry).
--inmni: transforms/talairach.auto.xfm input MNI/XFM transform.
--outlta: transforms/talairach.auto.xfm.lta output LTA.
--s: fsaverage subject name
 LTA read, type : 1
 1.06365  -0.04409   0.01102  -2.09514;
 0.01008   0.94484   0.47410   22.43621;
-0.04766  -0.37424   1.06165   30.53592;
 0.00000   0.00000   0.00000   1.00000;
setting subject to fsaverage
Writing  LTA to file transforms/talairach.auto.xfm.lta...
lta_convert successful.
 
 
Started at Thu Mar 12 14:18:16 CET 2026
Ended   at Thu Mar 12 14:19:42 CET 2026
talairach_avi done
