/out/sourcedata/freesurfer/sub-v1s1x0050648_ses-1/mri
/opt/freesurfer/bin/talairach_avi
--i orig_nu.mgz --xfm transforms/talairach.auto.xfm
talairach_avi 7.3.2
Linux dna038 5.14.0-427.37.1.el9_4.x86_64 #1 SMP PREEMPT_DYNAMIC Fri Sep 13 12:41:50 EDT 2024 x86_64 x86_64 x86_64 GNU/Linux
Thu Mar 12 14:21:33 CET 2026
mri_convert orig_nu.mgz talsrcimg.img 
reading from orig_nu.mgz...
TR=0.00, TE=0.00, TI=0.00, flip angle=0.00
i_ras = (-1, 0, 0)
j_ras = (0, 0, -1)
k_ras = (0, 1, 0)
writing to talsrcimg.img...
Analyze Output Matrix
-1.00000   0.00000   0.00000   134.00000;
 0.00000   0.00000   1.00000  -143.00000;
 0.00000  -1.00000   0.00000   133.00000;
 0.00000   0.00000   0.00000   1.00000;
--------------------
INFO: set hdr.hist.orient to -1
mpr2mni305 talsrcimg
Thu Mar 12 14:21:34 CET 2026
/opt/freesurfer/bin/mpr2mni305 talsrcimg
mpr2mni305 7.3.2
target=711-2C_as_mni_average_305

---------------------------------------------------------------------
analyzeto4dfp talsrcimg -O0 -y
---------------------------------------------------------------------

freesurfer ifh2hdr.c
Thu Mar 12 14:21:34 2026
Writing: talsrcimg.4dfp.hdr
freesurfer analyzeto4dfp.c
Reading: talsrcimg.hdr
header size 348 bytes
hdr.dime.datatype	offset=70	value=2
hdr.dime.bitpix		offset=72	value=8
hdr.hist.orient		offset=252	value=-1
dimensionality     4
dimensions       256       256       256         1
Reading: talsrcimg.img
Writing: talsrcimg.4dfp.img
Writing: talsrcimg.4dfp.ifh
ifh2hdr talsrcimg -r0to241
ori=2

---------------------------------------------------------------------
gauss_4dfp talsrcimg 1.1
---------------------------------------------------------------------

freesurfer gauss_4dfp.c
Reading: talsrcimg.4dfp.img
Writing: talsrcimg_g11.4dfp.img
image dimensions 256 256 256 padded to 288 288 288
processing volume 1freesurfer ifh2hdr.c
Thu Mar 12 14:21:36 2026
Writing: talsrcimg_g11.4dfp.hdr

Writing: talsrcimg_g11.4dfp.ifh
including: talsrcimg.4dfp.img.rec in talsrcimg_g11.4dfp.img.rec

---------------------------------------------------------------------
imgreg_4dfp /opt/freesurfer/average/711-2C_as_mni_average_305 none talsrcimg_g11 none talsrcimg_to_711-2C_as_mni_average_305_t4 4355
---------------------------------------------------------------------

freesurfer imgreg_4dfp.c
/opt/freesurfer/average/711-2C_as_mni_average_305.4dfp.img
       256       256       256         1
  1.000000  1.000000  1.000000
orientation T byte_order littleendian
Reading image: /opt/freesurfer/average/711-2C_as_mni_average_305.4dfp.img
dimensions:      256       256       256
mmppix:       1.0000   -1.0000   -1.0000
center:     128.0000 -129.0000 -129.0000
talsrcimg_g11.4dfp.img
       256       256       256         1
  1.000000  1.000000  1.000000
orientation T byte_order littleendian
Reading image: talsrcimg_g11.4dfp.img
dimensions:      256       256       256
mmppix:       1.0000   -1.0000   -1.0000
center:     128.0000 -129.0000 -129.0000
t4_read: open error in t4_sub.f l:  41 t4_file(1:l)talsrcimg_to_711-2C_as_mni_average_305_t4 
t4_read: transform initialized to I4
rotation matrix determinant  1.000000
image alignment mode   4355 decimal     1103 hex
   -7.5000  -45.0000  -45.0000 6314.4199   15.5603
    0.0000  -45.0000  -45.0000 6628.2510   15.5870
    7.5000  -45.0000  -45.0000 6336.4072   15.5556
   -7.5000  -37.5000  -45.0000 6884.2241   15.2900
    0.0000  -37.5000  -45.0000 7213.4224   15.3168
    7.5000  -37.5000  -45.0000 6894.2339   15.2926
   -7.5000  -30.0000  -45.0000 7730.1533   15.1819
    0.0000  -30.0000  -45.0000 8094.3799   15.2091
    7.5000  -30.0000  -45.0000 7737.8218   15.1878
   -7.5000  -22.5000  -45.0000 8591.0557   15.1943
    0.0000  -22.5000  -45.0000 8987.1758   15.2216
    7.5000  -22.5000  -45.0000 8584.8506   15.1959
   -7.5000  -15.0000  -45.0000 9464.5928   15.2214
    0.0000  -15.0000  -45.0000 9873.7178   15.2483
    7.5000  -15.0000  -45.0000 9446.3428   15.2162
   -7.5000   -7.5000  -45.000010283.2900   15.2366
    0.0000   -7.5000  -45.000010690.9170   15.2631
    7.5000   -7.5000  -45.000010274.9863   15.2291
   -7.5000    0.0000  -45.000010958.8291   15.2262
    0.0000    0.0000  -45.000011393.1045   15.2525
    7.5000    0.0000  -45.000010938.3867   15.2223
   -7.5000    7.5000  -45.000010821.5391   15.1989
    0.0000    7.5000  -45.000011264.5801   15.2253
    7.5000    7.5000  -45.000010774.9932   15.2013
   -7.5000   15.0000  -45.000010650.7295   15.1819
    0.0000   15.0000  -45.000011107.2988   15.2090
    7.5000   15.0000  -45.000010606.8555   15.1878
   -7.5000   22.5000  -45.000010347.8486   15.1922
    0.0000   22.5000  -45.000010772.6064   15.2195
    7.5000   22.5000  -45.000010313.8193   15.1938
   -7.5000   30.0000  -45.0000 9895.6934   15.0186
    0.0000   30.0000  -45.000010262.4395   15.0451
    7.5000   30.0000  -45.0000 9847.1387   15.0134
   -7.5000   37.5000  -45.0000 9843.8994   15.0335
    0.0000   37.5000  -45.000010154.0234   15.0597
    7.5000   37.5000  -45.0000 9754.4746   15.0262
   -7.5000   45.0000  -45.0000 9279.8945   14.6419
    0.0000   45.0000  -45.0000 9549.9316   14.6671
    7.5000   45.0000  -45.0000 9179.3379   14.6381
   -7.5000  -45.0000  -37.5000 6708.2998   15.4690
    0.0000  -45.0000  -37.5000 7028.8916   15.4958
    7.5000  -45.0000  -37.5000 6730.7217   15.4628
   -7.5000  -37.5000  -37.5000 7334.0327   15.2060
    0.0000  -37.5000  -37.5000 7669.1270   15.2407
    7.5000  -37.5000  -37.5000 7338.0757   15.2162
   -7.5000  -30.0000  -37.5000 8252.9033   15.1078
    0.0000  -30.0000  -37.5000 8620.8125   15.1475
    7.5000  -30.0000  -37.5000 8236.5322   15.1260
   -7.5000  -22.5000  -37.5000 9194.3711   15.1228
    0.0000  -22.5000  -37.5000 9588.0889   15.1594
    7.5000  -22.5000  -37.5000 9158.4355   15.1326
   -7.5000  -15.0000  -37.500010103.4219   15.1447
    0.0000  -15.0000  -37.500010525.0459   15.1738
    7.5000  -15.0000  -37.500010050.3340   15.1397
   -7.5000   -7.5000  -37.500010998.6035   15.1528
    0.0000   -7.5000  -37.500011434.7217   15.1772
    7.5000   -7.5000  -37.500010931.8438   15.1410
   -7.5000    0.0000  -37.500011682.6240   15.1398
    0.0000    0.0000  -37.500012174.2080   15.1663
    7.5000    0.0000  -37.500011607.4629   15.1346
   -7.5000    7.5000  -37.500011520.6123   15.1167
    0.0000    7.5000  -37.500012042.2549   15.1510
    7.5000    7.5000  -37.500011428.2627   15.1268
   -7.5000   15.0000  -37.500011281.4355   15.1078
    0.0000   15.0000  -37.500011784.8184   15.1475
    7.5000   15.0000  -37.500011207.6309   15.1259
   -7.5000   22.5000  -37.500010960.3672   15.1208
    0.0000   22.5000  -37.500011388.7988   15.1573
    7.5000   22.5000  -37.500010877.2832   15.1305
   -7.5000   30.0000  -37.500010472.4863   14.9429
    0.0000   30.0000  -37.500010846.4287   14.9716
    7.5000   30.0000  -37.500010382.5430   14.9380
   -7.5000   37.5000  -37.500010412.5879   14.9509
    0.0000   37.5000  -37.500010745.7861   14.9750
    7.5000   37.5000  -37.500010289.9492   14.9392
   -7.5000   45.0000  -37.5000 9805.5400   14.5587
    0.0000   45.0000  -37.500010109.7930   14.5842
    7.5000   45.0000  -37.5000 9673.8203   14.5537
   -7.5000  -45.0000  -30.0000 7278.4946   16.0797
    0.0000  -45.0000  -30.0000 7601.2354   16.1124
    7.5000  -45.0000  -30.0000 7290.3179   16.0850
   -7.5000  -37.5000  -30.0000 7950.5742   15.8185
    0.0000  -37.5000  -30.0000 8288.4346   15.8660
    7.5000  -37.5000  -30.0000 7939.5859   15.8463
   -7.5000  -30.0000  -30.0000 8954.3301   15.7236
    0.0000  -30.0000  -30.0000 9326.3418   15.7792
    7.5000  -30.0000  -30.0000 8927.8643   15.7625
   -7.5000  -22.5000  -30.0000 9959.9102   15.7335
    0.0000  -22.5000  -30.000010354.2051   15.7820
    7.5000  -22.5000  -30.0000 9918.8369   15.7610
   -7.5000  -15.0000  -30.000010943.4043   15.7446
    0.0000  -15.0000  -30.000011371.0605   15.7790
    7.5000  -15.0000  -30.000010855.6416   15.7519
   -7.5000   -7.5000  -30.000011915.8896   15.7480
    0.0000   -7.5000  -30.000012401.8467   15.7747
    7.5000   -7.5000  -30.000011795.2695   15.7449
   -7.5000    0.0000  -30.000012637.0898   15.7394
    0.0000    0.0000  -30.000013196.8193   15.7717
    7.5000    0.0000  -30.000012515.9258   15.7453
   -7.5000    7.5000  -30.000012450.6787   15.7262
    0.0000    7.5000  -30.000013034.7568   15.7733
    7.5000    7.5000  -30.000012308.8955   15.7538
   -7.5000   15.0000  -30.000012141.2051   15.7236
    0.0000   15.0000  -30.000012707.3994   15.7791
    7.5000   15.0000  -30.000012029.3486   15.7624
   -7.5000   22.5000  -30.000011765.2500   15.7297
    0.0000   22.5000  -30.000012280.4717   15.7782
    7.5000   22.5000  -30.000011655.7441   15.7572
   -7.5000   30.0000  -30.000011226.7432   15.5363
    0.0000   30.0000  -30.000011683.4717   15.5702
    7.5000   30.0000  -30.000011113.0137   15.5434
   -7.5000   37.5000  -30.000011130.8770   15.5396
    0.0000   37.5000  -30.000011535.9229   15.5659
    7.5000   37.5000  -30.000010991.2939   15.5365
   -7.5000   45.0000  -30.000010483.7305   15.1464
    0.0000   45.0000  -30.000010847.3242   15.1775
    7.5000   45.0000  -30.000010343.9932   15.1521
   -7.5000  -45.0000  -22.5000 7854.9897   16.6086
    0.0000  -45.0000  -22.5000 8178.2036   16.6464
    7.5000  -45.0000  -22.5000 7857.0737   16.6276
   -7.5000  -37.5000  -22.5000 8602.9238   16.3483
    0.0000  -37.5000  -22.5000 8949.2109   16.3991
    7.5000  -37.5000  -22.5000 8577.3066   16.3849
   -7.5000  -30.0000  -22.5000 9704.6387   16.2482
    0.0000  -30.0000  -22.500010074.0654   16.3060
    7.5000  -30.0000  -22.5000 9658.8223   16.2939
   -7.5000  -22.5000  -22.500010768.3984   16.2474
    0.0000  -22.5000  -22.500011169.7393   16.2984
    7.5000  -22.5000  -22.500010701.1689   16.2844
   -7.5000  -15.0000  -22.500011802.6123   16.2506
    0.0000  -15.0000  -22.500012240.1074   16.2885
    7.5000  -15.0000  -22.500011698.6396   16.2714
   -7.5000   -7.5000  -22.500012826.1484   16.2564
    0.0000   -7.5000  -22.500013335.1660   16.2877
    7.5000   -7.5000  -22.500012699.7285   16.2685
   -7.5000    0.0000  -22.500013609.9980   16.2575
    0.0000    0.0000  -22.500014184.1611   16.2945
    7.5000    0.0000  -22.500013450.4902   16.2763
   -7.5000    7.5000  -22.500013386.1611   16.2525
    0.0000    7.5000  -22.500014007.8223   16.3028
    7.5000    7.5000  -22.500013227.6816   16.2888
   -7.5000   15.0000  -22.500013017.0020   16.2482
    0.0000   15.0000  -22.500013614.7021   16.3060
    7.5000   15.0000  -22.500012877.3467   16.2939
   -7.5000   22.5000  -22.500012595.7910   16.2424
    0.0000   22.5000  -22.500013161.2461   16.2934
    7.5000   22.5000  -22.500012473.0029   16.2794
   -7.5000   30.0000  -22.500012013.6592   16.0380
    0.0000   30.0000  -22.500012535.7900   16.0755
    7.5000   30.0000  -22.500011889.7109   16.0586
   -7.5000   37.5000  -22.500011836.7432   16.0437
    0.0000   37.5000  -22.500012319.0918   16.0747
    7.5000   37.5000  -22.500011703.6738   16.0557
   -7.5000   45.0000  -22.500011164.8730   15.6568
    0.0000   45.0000  -22.500011616.2666   15.6924
    7.5000   45.0000  -22.500011026.1514   15.6749
   -7.5000  -45.0000  -15.0000 8416.5137   17.0197
    0.0000  -45.0000  -15.0000 8778.7998   17.0575
    7.5000  -45.0000  -15.0000 8425.8779   17.0418
   -7.5000  -37.5000  -15.0000 9231.3760   16.7500
    0.0000  -37.5000  -15.0000 9607.7695   16.7935
    7.5000  -37.5000  -15.0000 9212.7373   16.7803
   -7.5000  -30.0000  -15.000010405.2344   16.6398
    0.0000  -30.0000  -15.000010818.7705   16.6866
    7.5000  -30.0000  -15.000010353.6670   16.6747
   -7.5000  -22.5000  -15.000011543.6592   16.6353
    0.0000  -22.5000  -15.000012003.7900   16.6794
    7.5000  -22.5000  -15.000011476.0820   16.6665
   -7.5000  -15.0000  -15.000012613.5215   16.6421
    0.0000  -15.0000  -15.000013117.7754   16.6795
    7.5000  -15.0000  -15.000012519.9004   16.6658
   -7.5000   -7.5000  -15.000013678.7100   16.6541
    0.0000   -7.5000  -15.000014258.4414   16.6885
    7.5000   -7.5000  -15.000013545.9980   16.6735
   -7.5000    0.0000  -15.000014509.2881   16.6586
    0.0000    0.0000  -15.000015145.1953   16.6956
    7.5000    0.0000  -15.000014346.5039   16.6804
   -7.5000    7.5000  -15.000014217.1777   16.6508
    0.0000    7.5000  -15.000014902.7783   16.6938
    7.5000    7.5000  -15.000014075.2822   16.6808
   -7.5000   15.0000  -15.000013808.0654   16.6397
    0.0000   15.0000  -15.000014454.5029   16.6866
    7.5000   15.0000  -15.000013700.5459   16.6747
   -7.5000   22.5000  -15.000013404.2070   16.6295
    0.0000   22.5000  -15.000014075.5078   16.6735
    7.5000   22.5000  -15.000013279.2832   16.6606
   -7.5000   30.0000  -15.000012805.8789   16.4267
    0.0000   30.0000  -15.000013411.0420   16.4637
    7.5000   30.0000  -15.000012683.8115   16.4501
   -7.5000   37.5000  -15.000012538.0713   16.4386
    0.0000   37.5000  -15.000013083.5029   16.4725
    7.5000   37.5000  -15.000012407.0215   16.4577
   -7.5000   45.0000  -15.000011796.0088   16.0527
    0.0000   45.0000  -15.000012275.0566   16.0884
    7.5000   45.0000  -15.000011641.1904   16.0737
   -7.5000  -45.0000   -7.5000 9007.7178   17.2596
    0.0000  -45.0000   -7.5000 9408.1104   17.2934
    7.5000  -45.0000   -7.5000 9014.1943   17.2704
   -7.5000  -37.5000   -7.5000 9853.5254   16.9706
    0.0000  -37.5000   -7.500010264.0410   17.0039
    7.5000  -37.5000   -7.5000 9831.2588   16.9852
   -7.5000  -30.0000   -7.500011079.0781   16.8511
    0.0000  -30.0000   -7.500011535.1699   16.8842
    7.5000  -30.0000   -7.500011043.5527   16.8669
   -7.5000  -22.5000   -7.500012307.1318   16.8554
    0.0000  -22.5000   -7.500012824.9775   16.8882
    7.5000  -22.5000   -7.500012250.5898   16.8682
   -7.5000  -15.0000   -7.500013427.0967   16.8770
    0.0000  -15.0000   -7.500014014.1914   16.9093
    7.5000  -15.0000   -7.500013358.7578   16.8862
   -7.5000   -7.5000   -7.500014536.3740   16.8947
    0.0000   -7.5000   -7.500015201.5791   16.9272
    7.5000   -7.5000   -7.500014410.2744   16.9034
   -7.5000    0.0000   -7.500015433.9854   16.8916
    0.0000    0.0000   -7.500016171.6523   16.9246
    7.5000    0.0000   -7.500015243.4238   16.9025
   -7.5000    7.5000   -7.500015043.7891   16.8696
    0.0000    7.5000   -7.500015761.3379   16.9025
    7.5000    7.5000   -7.500014922.8477   16.8840
   -7.5000   15.0000   -7.500014567.5352   16.8511
    0.0000   15.0000   -7.500015281.9092   16.8841
    7.5000   15.0000   -7.500014511.3916   16.8669
   -7.5000   22.5000   -7.500014211.5752   16.8476
    0.0000   22.5000   -7.500014922.3740   16.8804
    7.5000   22.5000   -7.500014126.4395   16.8604
   -7.5000   30.0000   -7.500013575.1191   16.6582
    0.0000   30.0000   -7.500014236.9980   16.6900
    7.5000   30.0000   -7.500013483.3906   16.6672
   -7.5000   37.5000   -7.500013247.3955   16.6757
    0.0000   37.5000   -7.500013876.9062   16.7077
    7.5000   37.5000   -7.500013155.3477   16.6842
   -7.5000   45.0000   -7.500012455.2363   16.2803
    0.0000   45.0000   -7.500012987.2256   16.3122
    7.5000   45.0000   -7.500012295.5879   16.2908
   -7.5000  -45.0000    0.0000 9490.6328   17.3244
    0.0000  -45.0000    0.0000 9910.4736   17.3540
    7.5000  -45.0000    0.0000 9492.3447   17.3199
   -7.5000  -37.5000    0.000010375.9736   17.0243
    0.0000  -37.5000    0.000010808.0898   17.0542
    7.5000  -37.5000    0.000010354.6328   17.0278
   -7.5000  -30.0000    0.000011694.7988   16.9046
    0.0000  -30.0000    0.000012164.4932   16.9347
    7.5000  -30.0000    0.000011646.0098   16.9111
   -7.5000  -22.5000    0.000013000.8242   16.9187
    0.0000  -22.5000    0.000013521.4951   16.9488
    7.5000  -22.5000    0.000012923.9287   16.9198
   -7.5000  -15.0000    0.000014186.2646   16.9493
    0.0000  -15.0000    0.000014765.3936   16.9787
    7.5000  -15.0000    0.000014100.5059   16.9428
   -7.5000   -7.5000    0.000015327.6582   16.9663
    0.0000   -7.5000    0.000016026.4766   16.9954
    7.5000   -7.5000    0.000015216.7607   16.9580
   -7.5000    0.0000    0.000016391.6289   16.9543
    0.0000    0.0000    0.000017152.3340   16.9835
    7.5000    0.0000    0.000016183.1348   16.9506
   -7.5000    7.5000    0.000015895.1270   16.9233
    0.0000    7.5000    0.000016558.8789   16.9528
    7.5000    7.5000    0.000015829.2764   16.9267
   -7.5000   15.0000    0.000015287.4453   16.9045
    0.0000   15.0000    0.000015926.3555   16.9347
    7.5000   15.0000    0.000015328.9023   16.9111
   -7.5000   22.5000    0.000014914.8486   16.9109
    0.0000   22.5000    0.000015571.5830   16.9410
    7.5000   22.5000    0.000014901.4395   16.9120
   -7.5000   30.0000    0.000014295.5029   16.7300
    0.0000   30.0000    0.000014932.4893   16.7590
    7.5000   30.0000    0.000014262.9873   16.7235
   -7.5000   37.5000    0.000013939.1104   16.7467
    0.0000   37.5000    0.000014538.8379   16.7754
    7.5000   37.5000    0.000013890.1826   16.7385
   -7.5000   45.0000    0.000013082.3047   16.3420
    0.0000   45.0000    0.000013593.7988   16.3701
    7.5000   45.0000    0.000012938.1855   16.3384
   -7.5000  -45.0000    7.5000 9311.1484   17.3091
    0.0000  -45.0000    7.5000 9688.5391   17.3392
    7.5000  -45.0000    7.5000 9287.0566   17.3023
   -7.5000  -37.5000    7.500010177.6768   17.0149
    0.0000  -37.5000    7.500010561.4482   17.0538
    7.5000  -37.5000    7.500010140.2412   17.0264
   -7.5000  -30.0000    7.500011405.0234   16.9052
    0.0000  -30.0000    7.500011825.5010   16.9496
    7.5000  -30.0000    7.500011360.3223   16.9255
   -7.5000  -22.5000    7.500012633.5957   16.9221
    0.0000  -22.5000    7.500013101.4688   16.9629
    7.5000  -22.5000    7.500012556.3750   16.9330
   -7.5000  -15.0000    7.500013761.5488   16.9465
    0.0000  -15.0000    7.500014291.4795   16.9791
    7.5000  -15.0000    7.500013680.0449   16.9410
   -7.5000   -7.5000    7.500014987.8555   16.9555
    0.0000   -7.5000    7.500015662.5371   16.9828
    7.5000   -7.5000    7.500014858.7236   16.9423
   -7.5000    0.0000    7.500016191.8643   16.9409
    0.0000    0.0000    7.500016799.6699   16.9705
    7.5000    0.0000    7.500015973.0293   16.9351
   -7.5000    7.5000    7.500015613.0713   16.9150
    0.0000    7.5000    7.500016076.8496   16.9535
    7.5000    7.5000    7.500015672.5771   16.9263
   -7.5000   15.0000    7.500014946.5078   16.9052
    0.0000   15.0000    7.500015368.2715   16.9495
    7.5000   15.0000    7.500015133.0225   16.9255
   -7.5000   22.5000    7.500014619.2656   16.9143
    0.0000   22.5000    7.500015081.4297   16.9551
    7.5000   22.5000    7.500014733.6104   16.9252
   -7.5000   30.0000    7.500014088.7178   16.7272
    0.0000   30.0000    7.500014568.1787   16.7594
    7.5000   30.0000    7.500014108.2725   16.7217
   -7.5000   37.5000    7.500013736.4258   16.7361
    0.0000   37.5000    7.500014226.5293   16.7630
    7.5000   37.5000    7.500013694.6162   16.7230
   -7.5000   45.0000    7.500012789.6299   16.3290
    0.0000   45.0000    7.500013243.6582   16.3576
    7.5000   45.0000    7.500012644.6094   16.3235
   -7.5000  -45.0000   15.0000 8949.1133   17.2669
    0.0000  -45.0000   15.0000 9320.6484   17.3021
    7.5000  -45.0000   15.0000 8916.4951   17.2727
   -7.5000  -37.5000   15.0000 9785.3545   16.9864
    0.0000  -37.5000   15.000010168.6729   17.0375
    7.5000  -37.5000   15.0000 9763.0479   17.0163
   -7.5000  -30.0000   15.000010977.2471   16.8845
    0.0000  -30.0000   15.000011388.8047   16.9442
    7.5000  -30.0000   15.000010949.2012   16.9263
   -7.5000  -22.5000   15.000012150.2324   16.8952
    0.0000  -22.5000   15.000012591.5586   16.9472
    7.5000  -22.5000   15.000012098.4805   16.9248
   -7.5000  -15.0000   15.000013239.9355   16.9071
    0.0000  -15.0000   15.000013703.2451   16.9441
    7.5000  -15.0000   15.000013189.4385   16.9149
   -7.5000   -7.5000   15.000014369.4150   16.9107
    0.0000   -7.5000   15.000014921.4102   16.9394
    7.5000   -7.5000   15.000014343.9922   16.9074
   -7.5000    0.0000   15.000015374.8330   16.9015
    0.0000    0.0000   15.000015841.1680   16.9362
    7.5000    0.0000   15.000015376.1865   16.9079
   -7.5000    7.5000   15.000015071.0586   16.8873
    0.0000    7.5000   15.000015436.8926   16.9379
    7.5000    7.5000   15.000015135.4238   16.9170
   -7.5000   15.0000   15.000014689.0547   16.8845
    0.0000   15.0000   15.000015084.6562   16.9442
    7.5000   15.0000   15.000014787.5635   16.9263
   -7.5000   22.5000   15.000014390.2578   16.8874
    0.0000   22.5000   15.000014800.6279   16.9394
    7.5000   22.5000   15.000014390.9482   16.9170
   -7.5000   30.0000   15.000013791.9482   16.6883
    0.0000   30.0000   15.000014193.8174   16.7248
    7.5000   30.0000   15.000013706.2695   16.6960
   -7.5000   37.5000   15.000013291.6729   16.6919
    0.0000   37.5000   15.000013732.9648   16.7202
    7.5000   37.5000   15.000013182.9268   16.6886
   -7.5000   45.0000   15.000012256.3838   16.2911
    0.0000   45.0000   15.000012685.8252   16.3245
    7.5000   45.0000   15.000012094.8389   16.2973
   -7.5000  -45.0000   22.5000 8490.4023   17.2411
    0.0000  -45.0000   22.5000 8846.7441   17.2803
    7.5000  -45.0000   22.5000 8486.5664   17.2607
   -7.5000  -37.5000   22.5000 9279.5322   16.9708
    0.0000  -37.5000   22.5000 9643.8574   17.0236
    7.5000  -37.5000   22.5000 9284.3418   17.0089
   -7.5000  -30.0000   22.500010395.0869   16.8669
    0.0000  -30.0000   22.500010782.9873   16.9269
    7.5000  -30.0000   22.500010384.7783   16.9144
   -7.5000  -22.5000   22.500011483.3516   16.8661
    0.0000  -22.5000   22.500011890.5732   16.9191
    7.5000  -22.5000   22.500011470.0078   16.9045
   -7.5000  -15.0000   22.500012514.4688   16.8694
    0.0000  -15.0000   22.500012997.2461   16.9088
    7.5000  -15.0000   22.500012523.3516   16.8910
   -7.5000   -7.5000   22.500013584.3438   16.8754
    0.0000   -7.5000   22.500014156.3379   16.9079
    7.5000   -7.5000   22.500013623.1719   16.8880
   -7.5000    0.0000   22.500014528.5293   16.8766
    0.0000    0.0000   22.500015083.1182   16.9150
    7.5000    0.0000   22.500014547.7119   16.8961
   -7.5000    7.5000   22.500014328.3750   16.8714
    0.0000    7.5000   22.500014892.5488   16.9236
    7.5000    7.5000   22.500014278.7363   16.9091
   -7.5000   15.0000   22.500014061.3057   16.8669
    0.0000   15.0000   22.500014670.6338   16.9269
    7.5000   15.0000   22.500013952.3877   16.9144
   -7.5000   22.5000   22.500013745.4229   16.8583
    0.0000   22.5000   22.500014347.6416   16.9113
    7.5000   22.5000   22.500013612.8115   16.8967
   -7.5000   30.0000   22.500013099.0635   16.6511
    0.0000   30.0000   22.500013645.3594   16.6900
    7.5000   30.0000   22.500012986.5117   16.6724
   -7.5000   37.5000   22.500012592.5801   16.6570
    0.0000   37.5000   22.500013096.7852   16.6891
    7.5000   37.5000   22.500012512.3809   16.6694
   -7.5000   45.0000   22.500011569.5596   16.2671
    0.0000   45.0000   22.500011986.4355   16.3041
    7.5000   45.0000   22.500011446.7168   16.2859
   -7.5000  -45.0000   30.0000 7901.8369   17.2533
    0.0000  -45.0000   30.0000 8238.2568   17.2916
    7.5000  -45.0000   30.0000 7905.3892   17.2757
   -7.5000  -37.5000   30.0000 8651.4092   16.9799
    0.0000  -37.5000   30.0000 8997.7588   17.0240
    7.5000  -37.5000   30.0000 8640.0703   17.0106
   -7.5000  -30.0000   30.0000 9689.6973   16.8682
    0.0000  -30.0000   30.000010091.0283   16.9157
    7.5000  -30.0000   30.0000 9688.8135   16.9036
   -7.5000  -22.5000   30.000010715.5703   16.8637
    0.0000  -22.5000   30.000011200.2002   16.9083
    7.5000  -22.5000   30.000010698.0723   16.8953
   -7.5000  -15.0000   30.000011712.5908   16.8705
    0.0000  -15.0000   30.000012274.8340   16.9085
    7.5000  -15.0000   30.000011688.9395   16.8945
   -7.5000   -7.5000   30.000012723.0186   16.8827
    0.0000   -7.5000   30.000013325.3477   16.9175
    7.5000   -7.5000   30.000012713.5605   16.9023
   -7.5000    0.0000   30.000013525.7627   16.8872
    0.0000    0.0000   30.000014073.5996   16.9247
    7.5000    0.0000   30.000013490.8633   16.9093
   -7.5000    7.5000   30.000013271.5059   16.8793
    0.0000    7.5000   30.000013798.0459   16.9230
    7.5000    7.5000   30.000013194.5225   16.9097
   -7.5000   15.0000   30.000012960.1807   16.8681
    0.0000   15.0000   30.000013474.0254   16.9156
    7.5000   15.0000   30.000012891.7471   16.9035
   -7.5000   22.5000   30.000012615.5010   16.8559
    0.0000   22.5000   30.000013103.0420   16.9005
    7.5000   22.5000   30.000012558.6436   16.8875
   -7.5000   30.0000   30.000012091.9902   16.6521
    0.0000   30.0000   30.000012594.1934   16.6897
    7.5000   30.0000   30.000012056.7578   16.6759
   -7.5000   37.5000   30.000011700.0615   16.6642
    0.0000   37.5000   30.000012212.8506   16.6986
    7.5000   37.5000   30.000011677.6904   16.6836
   -7.5000   45.0000   30.000010750.4561   16.2774
    0.0000   45.0000   30.000011222.0791   16.3135
    7.5000   45.0000   30.000010673.3350   16.2987
   -7.5000  -45.0000   37.5000 7598.0347   17.4325
    0.0000  -45.0000   37.5000 7952.6392   17.4666
    7.5000  -45.0000   37.5000 7595.4204   17.4432
   -7.5000  -37.5000   37.5000 8319.7822   17.1388
    0.0000  -37.5000   37.5000 8692.5107   17.1726
    7.5000  -37.5000   37.5000 8295.1670   17.1535
   -7.5000  -30.0000   37.5000 9354.7344   17.0172
    0.0000  -30.0000   37.5000 9772.2598   17.0508
    7.5000  -30.0000   37.5000 9319.7188   17.0333
   -7.5000  -22.5000   37.500010386.2588   17.0215
    0.0000  -22.5000   37.500010849.7988   17.0547
    7.5000  -22.5000   37.500010335.3926   17.0344
   -7.5000  -15.0000   37.500011331.1572   17.0435
    0.0000  -15.0000   37.500011839.9189   17.0759
    7.5000  -15.0000   37.500011290.6924   17.0524
   -7.5000   -7.5000   37.500012234.2324   17.0615
    0.0000   -7.5000   37.500012766.7100   17.0942
    7.5000   -7.5000   37.500012216.6816   17.0698
   -7.5000    0.0000   37.500012964.0879   17.0583
    0.0000    0.0000   37.500013480.9268   17.0917
    7.5000    0.0000   37.500012940.6279   17.0691
   -7.5000    7.5000   37.500012695.9053   17.0360
    0.0000    7.5000   37.500013180.1748   17.0694
    7.5000    7.5000   37.500012657.1084   17.0505
   -7.5000   15.0000   37.500012379.1807   17.0172
    0.0000   15.0000   37.500012838.2617   17.0507
    7.5000   15.0000   37.500012333.0244   17.0332
   -7.5000   22.5000   37.500012030.1885   17.0137
    0.0000   22.5000   37.500012445.6924   17.0469
    7.5000   22.5000   37.500011988.7910   17.0266
   -7.5000   30.0000   37.500011587.1484   16.8229
    0.0000   30.0000   37.500012001.6025   16.8549
    7.5000   30.0000   37.500011552.5615   16.8317
   -7.5000   37.5000   37.500011318.1777   16.8407
    0.0000   37.5000   37.500011757.1221   16.8729
    7.5000   37.5000   37.500011282.7842   16.8489
   -7.5000   45.0000   37.500010399.6670   16.4423
    0.0000   45.0000   37.500010810.0986   16.4744
    7.5000   45.0000   37.500010345.3623   16.4526
   -7.5000  -45.0000   45.0000 6971.2188   17.5982
    0.0000  -45.0000   45.0000 7272.5728   17.6288
    7.5000  -45.0000   45.0000 6979.4131   17.5932
   -7.5000  -37.5000   45.0000 7615.5210   17.2876
    0.0000  -37.5000   45.0000 7944.6206   17.3183
    7.5000  -37.5000   45.0000 7620.0630   17.2909
   -7.5000  -30.0000   45.0000 8561.0430   17.1626
    0.0000  -30.0000   45.0000 8939.6855   17.1945
    7.5000  -30.0000   45.0000 8547.3115   17.1709
   -7.5000  -22.5000   45.0000 9481.4346   17.1771
    0.0000  -22.5000   45.0000 9912.1094   17.2098
    7.5000  -22.5000   45.0000 9445.0996   17.1814
   -7.5000  -15.0000   45.000010337.9473   17.2092
    0.0000  -15.0000   45.000010825.0527   17.2413
    7.5000  -15.0000   45.000010309.9512   17.2056
   -7.5000   -7.5000   45.000011151.1631   17.2273
    0.0000   -7.5000   45.000011669.2354   17.2582
    7.5000   -7.5000   45.000011126.7441   17.2200
   -7.5000    0.0000   45.000011848.7979   17.2152
    0.0000    0.0000   45.000012371.2002   17.2452
    7.5000    0.0000   45.000011810.7539   17.2109
   -7.5000    7.5000   45.000011630.9619   17.1827
    0.0000    7.5000   45.000012104.1670   17.2131
    7.5000    7.5000   45.000011577.0918   17.1860
   -7.5000   15.0000   45.000011304.5039   17.1626
    0.0000   15.0000   45.000011761.9385   17.1945
    7.5000   15.0000   45.000011258.5957   17.1709
   -7.5000   22.5000   45.000010941.7500   17.1691
    0.0000   22.5000   45.000011355.4385   17.2018
    7.5000   22.5000   45.000010910.0996   17.1734
   -7.5000   30.0000   45.000010569.8350   16.9850
    0.0000   30.0000   45.000010968.5859   17.0167
    7.5000   30.0000   45.000010537.9541   16.9815
   -7.5000   37.5000   45.000010386.8213   17.0029
    0.0000   37.5000   45.000010810.2666   17.0333
    7.5000   37.5000   45.000010359.2852   16.9957
   -7.5000   45.0000   45.0000 9526.3984   16.6010
    0.0000   45.0000   45.0000 9908.2959   16.6299
    7.5000   45.0000   45.0000 9499.1670   16.5969

---------------------------------------------------------------------
imgreg_4dfp /opt/freesurfer/average/711-2C_as_mni_average_305 /opt/freesurfer/average/711-2B_as_mni_average_305_mask talsrcimg_g11 none talsrcimg_to_711-2C_as_mni_average_305_t4 4355
---------------------------------------------------------------------

freesurfer imgreg_4dfp.c
/opt/freesurfer/average/711-2C_as_mni_average_305.4dfp.img
       256       256       256         1
  1.000000  1.000000  1.000000
orientation T byte_order littleendian
Reading image: /opt/freesurfer/average/711-2C_as_mni_average_305.4dfp.img
dimensions:      256       256       256
mmppix:       1.0000   -1.0000   -1.0000
center:     128.0000 -129.0000 -129.0000
/opt/freesurfer/average/711-2B_as_mni_average_305_mask.4dfp.img
       256       256       256         1
  1.000000  1.000000  1.000000
orientation T byte_order littleendian
Reading mask: /opt/freesurfer/average/711-2B_as_mni_average_305_mask.4dfp.img (2306576 pixels)
talsrcimg_g11.4dfp.img
       256       256       256         1
  1.000000  1.000000  1.000000
orientation T byte_order littleendian
Reading image: talsrcimg_g11.4dfp.img
dimensions:      256       256       256
mmppix:       1.0000   -1.0000   -1.0000
center:     128.0000 -129.0000 -129.0000
rotation matrix determinant  1.000000
image alignment mode   4355 decimal     1103 hex
   -7.5000  -45.0000  -45.0000 1761.7571   22.5919
    0.0000  -45.0000  -45.0000 1772.2141   22.4766
    7.5000  -45.0000  -45.0000 1762.8646   22.6442
   -7.5000  -37.5000  -45.0000 1883.9639   20.0413
    0.0000  -37.5000  -45.0000 1896.3812   19.7634
    7.5000  -37.5000  -45.0000 1881.4805   19.9759
   -7.5000  -30.0000  -45.0000 1989.0961   18.0037
    0.0000  -30.0000  -45.0000 2004.1169   17.7380
    7.5000  -30.0000  -45.0000 1985.9257   17.9704
   -7.5000  -22.5000  -45.0000 2083.4150   16.5073
    0.0000  -22.5000  -45.0000 2098.0090   16.2730
    7.5000  -22.5000  -45.0000 2082.2429   16.5148
   -7.5000  -15.0000  -45.0000 2163.3848   15.5108
    0.0000  -15.0000  -45.0000 2174.4636   15.3102
    7.5000  -15.0000  -45.0000 2164.6633   15.5214
   -7.5000   -7.5000  -45.0000 2210.5979   14.7787
    0.0000   -7.5000  -45.0000 2215.6812   14.5971
    7.5000   -7.5000  -45.0000 2213.5981   14.7982
   -7.5000    0.0000  -45.0000 2232.5078   14.2933
    0.0000    0.0000  -45.0000 2237.0962   14.0933
    7.5000    0.0000  -45.0000 2234.0278   14.3351
   -7.5000    7.5000  -45.0000 2244.3950   14.0949
    0.0000    7.5000  -45.0000 2250.5422   13.8804
    7.5000    7.5000  -45.0000 2244.9297   14.1978
   -7.5000   15.0000  -45.0000 2238.8865   14.2820
    0.0000   15.0000  -45.0000 2247.5283   14.0663
    7.5000   15.0000  -45.0000 2235.9719   14.4010
   -7.5000   22.5000  -45.0000 2226.0049   14.6024
    0.0000   22.5000  -45.0000 2233.4915   14.3907
    7.5000   22.5000  -45.0000 2220.8892   14.7383
   -7.5000   30.0000  -45.0000 2189.0952   15.2612
    0.0000   30.0000  -45.0000 2199.3560   14.9808
    7.5000   30.0000  -45.0000 2183.1123   15.3517
   -7.5000   37.5000  -45.0000 2137.5151   16.1661
    0.0000   37.5000  -45.0000 2148.3584   15.8746
    7.5000   37.5000  -45.0000 2134.2603   16.2469
   -7.5000   45.0000  -45.0000 2068.9529   17.4127
    0.0000   45.0000  -45.0000 2080.5400   17.1355
    7.5000   45.0000  -45.0000 2063.4033   17.5572
   -7.5000  -45.0000  -37.5000 1827.3450   21.0213
    0.0000  -45.0000  -37.5000 1835.2517   20.8340
    7.5000  -45.0000  -37.5000 1823.1626   21.0995
   -7.5000  -37.5000  -37.5000 1960.7152   18.5896
    0.0000  -37.5000  -37.5000 1971.4523   18.3601
    7.5000  -37.5000  -37.5000 1952.8940   18.6314
   -7.5000  -30.0000  -37.5000 2076.7617   16.6961
    0.0000  -30.0000  -37.5000 2086.3630   16.4897
    7.5000  -30.0000  -37.5000 2067.4961   16.7178
   -7.5000  -22.5000  -37.5000 2182.6094   15.3115
    0.0000  -22.5000  -37.5000 2189.3064   15.1245
    7.5000  -22.5000  -37.5000 2175.7471   15.3316
   -7.5000  -15.0000  -37.5000 2266.6453   14.2924
    0.0000  -15.0000  -37.5000 2272.9023   14.1470
    7.5000  -15.0000  -37.5000 2257.6853   14.3305
   -7.5000   -7.5000  -37.5000 2322.1357   13.5946
    0.0000   -7.5000  -37.5000 2327.4880   13.4815
    7.5000   -7.5000  -37.5000 2312.1790   13.6315
   -7.5000    0.0000  -37.5000 2340.1829   13.1241
    0.0000    0.0000  -37.5000 2349.4285   13.0025
    7.5000    0.0000  -37.5000 2333.3987   13.1747
   -7.5000    7.5000  -37.5000 2350.5825   12.9545
    0.0000    7.5000  -37.5000 2361.4326   12.8243
    7.5000    7.5000  -37.5000 2342.3999   13.0509
   -7.5000   15.0000  -37.5000 2341.6611   13.0417
    0.0000   15.0000  -37.5000 2354.5879   12.9107
    7.5000   15.0000  -37.5000 2333.1851   13.1687
   -7.5000   22.5000  -37.5000 2328.0393   13.3468
    0.0000   22.5000  -37.5000 2334.9336   13.1907
    7.5000   22.5000  -37.5000 2317.4514   13.4818
   -7.5000   30.0000  -37.5000 2293.7942   13.9613
    0.0000   30.0000  -37.5000 2302.7664   13.7450
    7.5000   30.0000  -37.5000 2283.9773   14.0518
   -7.5000   37.5000  -37.5000 2246.0769   14.8381
    0.0000   37.5000  -37.5000 2252.2246   14.5725
    7.5000   37.5000  -37.5000 2239.4744   14.9354
   -7.5000   45.0000  -37.5000 2167.9604   16.0283
    0.0000   45.0000  -37.5000 2175.1279   15.7769
    7.5000   45.0000  -37.5000 2156.1042   16.1636
   -7.5000  -45.0000  -30.0000 1931.3759   20.2171
    0.0000  -45.0000  -30.0000 1935.6665   20.0983
    7.5000  -45.0000  -30.0000 1926.6249   20.2831
   -7.5000  -37.5000  -30.0000 2071.6658   17.8600
    0.0000  -37.5000  -30.0000 2077.5273   17.7183
    7.5000  -37.5000  -30.0000 2063.0527   17.9049
   -7.5000  -30.0000  -30.0000 2203.7144   16.0905
    0.0000  -30.0000  -30.0000 2208.7231   15.9457
    7.5000  -30.0000  -30.0000 2191.1162   16.1274
   -7.5000  -22.5000  -30.0000 2308.7776   14.6818
    0.0000  -22.5000  -30.0000 2313.8787   14.5726
    7.5000  -22.5000  -30.0000 2301.7861   14.7447
   -7.5000  -15.0000  -30.0000 2401.4946   13.6097
    0.0000  -15.0000  -30.0000 2405.4219   13.5287
    7.5000  -15.0000  -30.0000 2386.9988   13.6657
   -7.5000   -7.5000  -30.0000 2468.3618   12.8988
    0.0000   -7.5000  -30.0000 2474.3660   12.8324
    7.5000   -7.5000  -30.0000 2448.4016   12.9593
   -7.5000    0.0000  -30.0000 2490.7830   12.4578
    0.0000    0.0000  -30.0000 2504.4844   12.4221
    7.5000    0.0000  -30.0000 2475.1328   12.5271
   -7.5000    7.5000  -30.0000 2506.1851   12.2820
    0.0000    7.5000  -30.0000 2521.4993   12.2270
    7.5000    7.5000  -30.0000 2491.3882   12.3720
   -7.5000   15.0000  -30.0000 2500.8877   12.3822
    0.0000   15.0000  -30.0000 2516.3669   12.3175
    7.5000   15.0000  -30.0000 2488.3689   12.5135
   -7.5000   22.5000  -30.0000 2480.5176   12.6852
    0.0000   22.5000  -30.0000 2495.1553   12.5852
    7.5000   22.5000  -30.0000 2466.8691   12.8429
   -7.5000   30.0000  -30.0000 2443.1177   13.2641
    0.0000   30.0000  -30.0000 2456.4937   13.1223
    7.5000   30.0000  -30.0000 2428.6860   13.3704
   -7.5000   37.5000  -30.0000 2391.4158   14.0983
    0.0000   37.5000  -30.0000 2402.9314   13.9340
    7.5000   37.5000  -30.0000 2377.1794   14.2189
   -7.5000   45.0000  -30.0000 2310.1785   15.2591
    0.0000   45.0000  -30.0000 2316.0020   15.0812
    7.5000   45.0000  -30.0000 2293.1760   15.4352
   -7.5000  -45.0000  -22.5000 2006.9703   19.3794
    0.0000  -45.0000  -22.5000 2012.4927   19.1591
    7.5000  -45.0000  -22.5000 2000.0052   19.4609
   -7.5000  -37.5000  -22.5000 2161.1431   17.1271
    0.0000  -37.5000  -22.5000 2167.8862   16.9317
    7.5000  -37.5000  -22.5000 2150.4172   17.1767
   -7.5000  -30.0000  -22.5000 2301.5688   15.3595
    0.0000  -30.0000  -22.5000 2306.6631   15.2358
    7.5000  -30.0000  -22.5000 2288.8618   15.4002
   -7.5000  -22.5000  -22.5000 2410.9873   13.9526
    0.0000  -22.5000  -22.5000 2419.6021   13.8690
    7.5000  -22.5000  -22.5000 2400.6001   14.0070
   -7.5000  -15.0000  -22.5000 2503.4016   12.9093
    0.0000  -15.0000  -22.5000 2511.0312   12.8365
    7.5000  -15.0000  -22.5000 2489.9001   12.9469
   -7.5000   -7.5000  -22.5000 2576.4751   12.1501
    0.0000   -7.5000  -22.5000 2587.0085   12.0965
    7.5000   -7.5000  -22.5000 2562.3743   12.1903
   -7.5000    0.0000  -22.5000 2611.7622   11.7177
    0.0000    0.0000  -22.5000 2623.7644   11.6643
    7.5000    0.0000  -22.5000 2594.1736   11.7709
   -7.5000    7.5000  -22.5000 2642.2783   11.5457
    0.0000    7.5000  -22.5000 2653.9563   11.5297
    7.5000    7.5000  -22.5000 2623.6111   11.6417
   -7.5000   15.0000  -22.5000 2641.2222   11.6196
    0.0000   15.0000  -22.5000 2656.9958   11.6216
    7.5000   15.0000  -22.5000 2625.2493   11.7489
   -7.5000   22.5000  -22.5000 2613.8064   11.9568
    0.0000   22.5000  -22.5000 2630.7695   11.9119
    7.5000   22.5000  -22.5000 2598.9958   12.0986
   -7.5000   30.0000  -22.5000 2571.2119   12.5264
    0.0000   30.0000  -22.5000 2590.1172   12.4579
    7.5000   30.0000  -22.5000 2557.9651   12.6662
   -7.5000   37.5000  -22.5000 2507.5608   13.3208
    0.0000   37.5000  -22.5000 2525.5469   13.2434
    7.5000   37.5000  -22.5000 2496.4690   13.4684
   -7.5000   45.0000  -22.5000 2424.2756   14.4219
    0.0000   45.0000  -22.5000 2438.3157   14.3020
    7.5000   45.0000  -22.5000 2408.3650   14.6135
   -7.5000  -45.0000  -15.0000 2054.8701   18.7110
    0.0000  -45.0000  -15.0000 2064.2253   18.4460
    7.5000  -45.0000  -15.0000 2050.5461   18.7406
   -7.5000  -37.5000  -15.0000 2214.1648   16.5095
    0.0000  -37.5000  -15.0000 2228.6233   16.2743
    7.5000  -37.5000  -15.0000 2209.8591   16.5271
   -7.5000  -30.0000  -15.0000 2352.5186   14.7416
    0.0000  -30.0000  -15.0000 2368.4241   14.5692
    7.5000  -30.0000  -15.0000 2345.8745   14.7821
   -7.5000  -22.5000  -15.0000 2468.5090   13.3311
    0.0000  -22.5000  -15.0000 2487.8264   13.2090
    7.5000  -22.5000  -15.0000 2462.5916   13.3889
   -7.5000  -15.0000  -15.0000 2564.6074   12.2391
    0.0000  -15.0000  -15.0000 2582.6694   12.1588
    7.5000  -15.0000  -15.0000 2557.9148   12.2835
   -7.5000   -7.5000  -15.0000 2650.8088   11.4925
    0.0000   -7.5000  -15.0000 2669.1973   11.4558
    7.5000   -7.5000  -15.0000 2643.5662   11.5300
   -7.5000    0.0000  -15.0000 2695.7615   11.0507
    0.0000    0.0000  -15.0000 2714.4536   11.0067
    7.5000    0.0000  -15.0000 2688.7505   11.1011
   -7.5000    7.5000  -15.0000 2728.0229   10.8190
    0.0000    7.5000  -15.0000 2753.3010   10.8383
    7.5000    7.5000  -15.0000 2715.5618   10.9056
   -7.5000   15.0000  -15.0000 2737.1335   10.8535
    0.0000   15.0000  -15.0000 2762.1689   10.8710
    7.5000   15.0000  -15.0000 2726.8042   11.0013
   -7.5000   22.5000  -15.0000 2714.7258   11.2669
    0.0000   22.5000  -15.0000 2744.0969   11.2537
    7.5000   22.5000  -15.0000 2704.1897   11.3885
   -7.5000   30.0000  -15.0000 2665.1309   11.8665
    0.0000   30.0000  -15.0000 2693.5435   11.8215
    7.5000   30.0000  -15.0000 2657.8870   11.9800
   -7.5000   37.5000  -15.0000 2595.0896   12.6544
    0.0000   37.5000  -15.0000 2620.7920   12.5658
    7.5000   37.5000  -15.0000 2587.9456   12.7966
   -7.5000   45.0000  -15.0000 2499.2031   13.6921
    0.0000   45.0000  -15.0000 2518.4043   13.5901
    7.5000   45.0000  -15.0000 2490.0798   13.8413
   -7.5000  -45.0000   -7.5000 2092.0107   18.1818
    0.0000  -45.0000   -7.5000 2110.0623   17.9343
    7.5000  -45.0000   -7.5000 2088.5618   18.2025
   -7.5000  -37.5000   -7.5000 2245.3108   16.0040
    0.0000  -37.5000   -7.5000 2265.7109   15.7696
    7.5000  -37.5000   -7.5000 2243.1064   16.0248
   -7.5000  -30.0000   -7.5000 2370.6819   14.2362
    0.0000  -30.0000   -7.5000 2394.8047   14.0467
    7.5000  -30.0000   -7.5000 2375.3625   14.2660
   -7.5000  -22.5000   -7.5000 2492.8323   12.8467
    0.0000  -22.5000   -7.5000 2518.8069   12.7037
    7.5000  -22.5000   -7.5000 2497.9087   12.8952
   -7.5000  -15.0000   -7.5000 2599.9287   11.7600
    0.0000  -15.0000   -7.5000 2628.8948   11.6741
    7.5000  -15.0000   -7.5000 2604.3442   11.8378
   -7.5000   -7.5000   -7.5000 2697.2781   10.9934
    0.0000   -7.5000   -7.5000 2722.6912   10.9442
    7.5000   -7.5000   -7.5000 2697.1274   11.0621
   -7.5000    0.0000   -7.5000 2757.7161   10.5112
    0.0000    0.0000   -7.5000 2787.7183   10.4579
    7.5000    0.0000   -7.5000 2755.4148   10.5565
   -7.5000    7.5000   -7.5000 2793.3013   10.1962
    0.0000    7.5000   -7.5000 2825.7678   10.1940
    7.5000    7.5000   -7.5000 2786.7847   10.3120
   -7.5000   15.0000   -7.5000 2811.3508   10.1787
    0.0000   15.0000   -7.5000 2847.4316   10.1650
    7.5000   15.0000   -7.5000 2805.7493   10.3499
   -7.5000   22.5000   -7.5000 2797.9727   10.6537
    0.0000   22.5000   -7.5000 2834.1917   10.6295
    7.5000   22.5000   -7.5000 2790.4229   10.7798
   -7.5000   30.0000   -7.5000 2742.4807   11.2926
    0.0000   30.0000   -7.5000 2773.5120   11.2465
    7.5000   30.0000   -7.5000 2738.5667   11.3952
   -7.5000   37.5000   -7.5000 2657.3787   12.0837
    0.0000   37.5000   -7.5000 2686.0427   12.0050
    7.5000   37.5000   -7.5000 2656.6187   12.1958
   -7.5000   45.0000   -7.5000 2553.3674   13.1188
    0.0000   45.0000   -7.5000 2575.5747   13.0422
    7.5000   45.0000   -7.5000 2544.3687   13.2561
   -7.5000  -45.0000    0.0000 2107.6758   17.8119
    0.0000  -45.0000    0.0000 2126.0469   17.5870
    7.5000  -45.0000    0.0000 2106.9988   17.8673
   -7.5000  -37.5000    0.0000 2253.2598   15.6461
    0.0000  -37.5000    0.0000 2274.7991   15.4398
    7.5000  -37.5000    0.0000 2253.4973   15.7055
   -7.5000  -30.0000    0.0000 2383.0354   13.9206
    0.0000  -30.0000    0.0000 2408.5706   13.7328
    7.5000  -30.0000    0.0000 2387.2900   13.9789
   -7.5000  -22.5000    0.0000 2508.4797   12.5720
    0.0000  -22.5000    0.0000 2534.2195   12.4169
    7.5000  -22.5000    0.0000 2514.7222   12.6312
   -7.5000  -15.0000    0.0000 2620.5811   11.5100
    0.0000  -15.0000    0.0000 2647.1257   11.3871
    7.5000  -15.0000    0.0000 2626.9358   11.5848
   -7.5000   -7.5000    0.0000 2722.2939   10.7089
    0.0000   -7.5000    0.0000 2749.2441   10.6304
    7.5000   -7.5000    0.0000 2728.5911   10.7943
   -7.5000    0.0000    0.0000 2799.8340   10.1950
    0.0000    0.0000    0.0000 2830.8506   10.0980
    7.5000    0.0000    0.0000 2803.7148   10.2537
   -7.5000    7.5000    0.0000 2847.0310    9.8124
    0.0000    7.5000    0.0000 2884.1104    9.7423
    7.5000    7.5000    0.0000 2844.2058    9.9677
   -7.5000   15.0000    0.0000 2872.7625    9.7381
    0.0000   15.0000    0.0000 2907.8303    9.6596
    7.5000   15.0000    0.0000 2871.4500    9.9357
   -7.5000   22.5000    0.0000 2855.0769   10.2158
    0.0000   22.5000    0.0000 2889.7268   10.1340
    7.5000   22.5000    0.0000 2847.5193   10.3684
   -7.5000   30.0000    0.0000 2794.5627   10.9032
    0.0000   30.0000    0.0000 2824.1206   10.8113
    7.5000   30.0000    0.0000 2787.9834   11.0224
   -7.5000   37.5000    0.0000 2704.7097   11.7218
    0.0000   37.5000    0.0000 2725.0657   11.6252
    7.5000   37.5000    0.0000 2701.9797   11.8553
   -7.5000   45.0000    0.0000 2587.0796   12.7651
    0.0000   45.0000    0.0000 2607.5950   12.6609
    7.5000   45.0000    0.0000 2584.7593   12.9411
   -7.5000  -45.0000    7.5000 2116.4043   17.7134
    0.0000  -45.0000    7.5000 2137.0229   17.4332
    7.5000  -45.0000    7.5000 2117.0813   17.8073
   -7.5000  -37.5000    7.5000 2263.7898   15.5409
    0.0000  -37.5000    7.5000 2281.8218   15.2621
    7.5000  -37.5000    7.5000 2263.5259   15.6085
   -7.5000  -30.0000    7.5000 2389.3738   13.7778
    0.0000  -30.0000    7.5000 2406.2983   13.5277
    7.5000  -30.0000    7.5000 2394.9211   13.8563
   -7.5000  -22.5000    7.5000 2516.2112   12.4194
    0.0000  -22.5000    7.5000 2534.2556   12.2115
    7.5000  -22.5000    7.5000 2519.7112   12.4932
   -7.5000  -15.0000    7.5000 2628.4973   11.3622
    0.0000  -15.0000    7.5000 2647.4575   11.2163
    7.5000  -15.0000    7.5000 2630.9993   11.4528
   -7.5000   -7.5000    7.5000 2735.0237   10.5633
    0.0000   -7.5000    7.5000 2754.5442   10.4352
    7.5000   -7.5000    7.5000 2737.7480   10.6681
   -7.5000    0.0000    7.5000 2826.6472   10.0580
    0.0000    0.0000    7.5000 2850.2012    9.8990
    7.5000    0.0000    7.5000 2826.2739   10.1244
   -7.5000    7.5000    7.5000 2888.8945    9.6806
    0.0000    7.5000    7.5000 2917.6541    9.5008
    7.5000    7.5000    7.5000 2888.1780    9.8141
   -7.5000   15.0000    7.5000 2920.7144    9.5322
    0.0000   15.0000    7.5000 2940.1218    9.3541
    7.5000   15.0000    7.5000 2916.3726    9.8139
   -7.5000   22.5000    7.5000 2899.4373   10.0405
    0.0000   22.5000    7.5000 2922.0264    9.8802
    7.5000   22.5000    7.5000 2893.5908   10.2685
   -7.5000   30.0000    7.5000 2825.0986   10.7589
    0.0000   30.0000    7.5000 2841.3257   10.6300
    7.5000   30.0000    7.5000 2815.4065   10.9248
   -7.5000   37.5000    7.5000 2737.1831   11.5494
    0.0000   37.5000    7.5000 2745.0618   11.4156
    7.5000   37.5000    7.5000 2727.8542   11.6761
   -7.5000   45.0000    7.5000 2615.9033   12.5764
    0.0000   45.0000    7.5000 2626.4724   12.4286
    7.5000   45.0000    7.5000 2609.3442   12.7058
   -7.5000  -45.0000   15.0000 2110.2966   17.8240
    0.0000  -45.0000   15.0000 2128.9561   17.4708
    7.5000  -45.0000   15.0000 2110.3218   17.8408
   -7.5000  -37.5000   15.0000 2255.2771   15.6315
    0.0000  -37.5000   15.0000 2274.6748   15.3035
    7.5000  -37.5000   15.0000 2257.6853   15.6789
   -7.5000  -30.0000   15.0000 2378.8855   13.8355
    0.0000  -30.0000   15.0000 2400.3555   13.5527
    7.5000  -30.0000   15.0000 2384.6311   13.9337
   -7.5000  -22.5000   15.0000 2503.7546   12.4606
    0.0000  -22.5000   15.0000 2520.3899   12.2227
    7.5000  -22.5000   15.0000 2507.6472   12.5637
   -7.5000  -15.0000   15.0000 2615.2434   11.3984
    0.0000  -15.0000   15.0000 2624.9622   11.2002
    7.5000  -15.0000   15.0000 2617.0691   11.5105
   -7.5000   -7.5000   15.0000 2723.5127   10.5975
    0.0000   -7.5000   15.0000 2737.0701   10.4019
    7.5000   -7.5000   15.0000 2728.4258   10.7047
   -7.5000    0.0000   15.0000 2816.5273   10.0591
    0.0000    0.0000   15.0000 2832.5710    9.8350
    7.5000    0.0000   15.0000 2823.8489   10.1527
   -7.5000    7.5000   15.0000 2895.9995    9.7044
    0.0000    7.5000   15.0000 2906.2163    9.4646
    7.5000    7.5000   15.0000 2894.5349    9.8746
   -7.5000   15.0000   15.0000 2935.5229    9.7357
    0.0000   15.0000   15.0000 2949.7073    9.5519
    7.5000   15.0000   15.0000 2929.6011    9.9233
   -7.5000   22.5000   15.0000 2914.6389   10.1015
    0.0000   22.5000   15.0000 2932.3960    9.9863
    7.5000   22.5000   15.0000 2905.1321   10.2872
   -7.5000   30.0000   15.0000 2831.6646   10.7183
    0.0000   30.0000   15.0000 2846.8555   10.6083
    7.5000   30.0000   15.0000 2822.9165   10.8482
   -7.5000   37.5000   15.0000 2729.0093   11.4999
    0.0000   37.5000   15.0000 2743.6599   11.3782
    7.5000   37.5000   15.0000 2722.5977   11.6094
   -7.5000   45.0000   15.0000 2610.4761   12.5349
    0.0000   45.0000   15.0000 2625.7395   12.4398
    7.5000   45.0000   15.0000 2601.4758   12.6751
   -7.5000  -45.0000   22.5000 2086.4592   18.1880
    0.0000  -45.0000   22.5000 2101.6692   17.8001
    7.5000  -45.0000   22.5000 2089.1265   18.2731
   -7.5000  -37.5000   22.5000 2239.2583   15.8940
    0.0000  -37.5000   22.5000 2256.5037   15.5227
    7.5000  -37.5000   22.5000 2246.3220   16.0007
   -7.5000  -30.0000   22.5000 2366.8604   14.0622
    0.0000  -30.0000   22.5000 2383.1316   13.7260
    7.5000  -30.0000   22.5000 2375.2141   14.1741
   -7.5000  -22.5000   22.5000 2485.7729   12.6908
    0.0000  -22.5000   22.5000 2496.3315   12.4079
    7.5000  -22.5000   22.5000 2491.2305   12.8109
   -7.5000  -15.0000   22.5000 2590.9373   11.6699
    0.0000  -15.0000   22.5000 2599.0159   11.4521
    7.5000  -15.0000   22.5000 2594.0420   11.8090
   -7.5000   -7.5000   22.5000 2700.8838   10.9239
    0.0000   -7.5000   22.5000 2712.7292   10.7601
    7.5000   -7.5000   22.5000 2702.0061   11.0368
   -7.5000    0.0000   22.5000 2792.0674   10.4020
    0.0000    0.0000   22.5000 2813.8499   10.2229
    7.5000    0.0000   22.5000 2792.7725   10.5301
   -7.5000    7.5000   22.5000 2868.9531   10.0332
    0.0000    7.5000   22.5000 2895.0857    9.9071
    7.5000    7.5000   22.5000 2863.9949   10.1782
   -7.5000   15.0000   22.5000 2906.0354   10.0966
    0.0000   15.0000   22.5000 2933.9636   10.0266
    7.5000   15.0000   22.5000 2895.8843   10.1805
   -7.5000   22.5000   22.5000 2880.9497   10.3959
    0.0000   22.5000   22.5000 2916.5825   10.3544
    7.5000   22.5000   22.5000 2872.1660   10.4639
   -7.5000   30.0000   22.5000 2802.9102   10.9452
    0.0000   30.0000   22.5000 2832.4343   10.9047
    7.5000   30.0000   22.5000 2796.9482   11.0435
   -7.5000   37.5000   22.5000 2699.0110   11.7327
    0.0000   37.5000   22.5000 2717.2019   11.6635
    7.5000   37.5000   22.5000 2693.7998   11.8456
   -7.5000   45.0000   22.5000 2583.9062   12.7610
    0.0000   45.0000   22.5000 2597.1365   12.6641
    7.5000   45.0000   22.5000 2576.0972   12.8800
   -7.5000  -45.0000   30.0000 2045.5214   18.7582
    0.0000  -45.0000   30.0000 2058.8909   18.3232
    7.5000  -45.0000   30.0000 2054.1252   18.8643
   -7.5000  -37.5000   30.0000 2206.1094   16.4105
    0.0000  -37.5000   30.0000 2219.4146   16.0249
    7.5000  -37.5000   30.0000 2214.4526   16.5237
   -7.5000  -30.0000   30.0000 2337.5520   14.5739
    0.0000  -30.0000   30.0000 2353.3843   14.2917
    7.5000  -30.0000   30.0000 2344.9390   14.7039
   -7.5000  -22.5000   30.0000 2455.2854   13.1998
    0.0000  -22.5000   30.0000 2469.7432   13.0352
    7.5000  -22.5000   30.0000 2455.3145   13.3465
   -7.5000  -15.0000   30.0000 2557.0596   12.2365
    0.0000  -15.0000   30.0000 2572.0154   12.1309
    7.5000  -15.0000   30.0000 2551.8738   12.3644
   -7.5000   -7.5000   30.0000 2666.6414   11.5048
    0.0000   -7.5000   30.0000 2681.7961   11.3836
    7.5000   -7.5000   30.0000 2661.5510   11.6037
   -7.5000    0.0000   30.0000 2749.7942   10.8934
    0.0000    0.0000   30.0000 2768.5020   10.7089
    7.5000    0.0000   30.0000 2743.8833   10.9949
   -7.5000    7.5000   30.0000 2814.3191   10.5453
    0.0000    7.5000   30.0000 2834.0806   10.4072
    7.5000    7.5000   30.0000 2805.9829   10.6243
   -7.5000   15.0000   30.0000 2834.2429   10.5718
    0.0000   15.0000   30.0000 2859.7527   10.4676
    7.5000   15.0000   30.0000 2829.8037   10.6319
   -7.5000   22.5000   30.0000 2812.4270   10.8129
    0.0000   22.5000   30.0000 2835.7410   10.7367
    7.5000   22.5000   30.0000 2804.6694   10.8733
   -7.5000   30.0000   30.0000 2746.5603   11.3655
    0.0000   30.0000   30.0000 2774.8208   11.2942
    7.5000   30.0000   30.0000 2739.7625   11.4327
   -7.5000   37.5000   30.0000 2647.8894   12.1750
    0.0000   37.5000   30.0000 2674.9854   12.1315
    7.5000   37.5000   30.0000 2641.9463   12.2500
   -7.5000   45.0000   30.0000 2532.8279   13.1966
    0.0000   45.0000   30.0000 2554.4690   13.1612
    7.5000   45.0000   30.0000 2525.7424   13.2910
   -7.5000  -45.0000   37.5000 2003.7692   19.5433
    0.0000  -45.0000   37.5000 2012.9255   19.2783
    7.5000  -45.0000   37.5000 2010.8892   19.6954
   -7.5000  -37.5000   37.5000 2166.9558   17.1622
    0.0000  -37.5000   37.5000 2178.5464   16.9254
    7.5000  -37.5000   37.5000 2170.0024   17.2507
   -7.5000  -30.0000   37.5000 2304.2700   15.3297
    0.0000  -30.0000   37.5000 2318.7380   15.1691
    7.5000  -30.0000   37.5000 2305.4226   15.4511
   -7.5000  -22.5000   37.5000 2420.8982   13.9766
    0.0000  -22.5000   37.5000 2439.0779   13.8740
    7.5000  -22.5000   37.5000 2416.8433   14.1239
   -7.5000  -15.0000   37.5000 2516.1250   12.9618
    0.0000  -15.0000   37.5000 2538.9597   12.8735
    7.5000  -15.0000   37.5000 2508.0364   13.0901
   -7.5000   -7.5000   37.5000 2615.4888   12.1386
    0.0000   -7.5000   37.5000 2642.4578   12.0252
    7.5000   -7.5000   37.5000 2610.0503   12.2526
   -7.5000    0.0000   37.5000 2695.0015   11.4837
    0.0000    0.0000   37.5000 2719.1902   11.3499
    7.5000    0.0000   37.5000 2682.6807   11.5751
   -7.5000    7.5000   37.5000 2740.7922   11.1675
    0.0000    7.5000   37.5000 2757.9656   11.0334
    7.5000    7.5000   37.5000 2728.8958   11.2281
   -7.5000   15.0000   37.5000 2743.4202   11.1799
    0.0000   15.0000   37.5000 2767.3745   11.0506
    7.5000   15.0000   37.5000 2733.5872   11.2296
   -7.5000   22.5000   37.5000 2720.9626   11.3888
    0.0000   22.5000   37.5000 2739.7227   11.2736
    7.5000   22.5000   37.5000 2710.4744   11.4522
   -7.5000   30.0000   37.5000 2660.4846   11.9402
    0.0000   30.0000   37.5000 2681.5522   11.8221
    7.5000   30.0000   37.5000 2649.5618   11.9958
   -7.5000   37.5000   37.5000 2576.8904   12.7527
    0.0000   37.5000   37.5000 2599.5349   12.6644
    7.5000   37.5000   37.5000 2567.2312   12.8146
   -7.5000   45.0000   37.5000 2470.0732   13.7767
    0.0000   45.0000   37.5000 2491.5693   13.7226
    7.5000   45.0000   37.5000 2464.9912   13.8691
   -7.5000  -45.0000   45.0000 1957.9111   20.7054
    0.0000  -45.0000   45.0000 1963.7408   20.4916
    7.5000  -45.0000   45.0000 1961.2834   20.8550
   -7.5000  -37.5000   45.0000 2118.8882   18.1312
    0.0000  -37.5000   45.0000 2130.4128   17.9578
    7.5000  -37.5000   45.0000 2120.2500   18.2368
   -7.5000  -30.0000   45.0000 2252.9678   16.2112
    0.0000  -30.0000   45.0000 2268.8042   16.1141
    7.5000  -30.0000   45.0000 2253.3098   16.3568
   -7.5000  -22.5000   45.0000 2362.5591   14.8263
    0.0000  -22.5000   45.0000 2385.5413   14.7722
    7.5000  -22.5000   45.0000 2356.6377   14.9787
   -7.5000  -15.0000   45.0000 2456.5132   13.7752
    0.0000  -15.0000   45.0000 2484.5483   13.7205
    7.5000  -15.0000   45.0000 2447.7095   13.9110
   -7.5000   -7.5000   45.0000 2547.4954   12.9080
    0.0000   -7.5000   45.0000 2579.1206   12.8052
    7.5000   -7.5000   45.0000 2538.4373   13.0189
   -7.5000    0.0000   45.0000 2617.1084   12.2440
    0.0000    0.0000   45.0000 2642.8474   12.1512
    7.5000    0.0000   45.0000 2602.0574   12.3156
   -7.5000    7.5000   45.0000 2651.3167   11.9518
    0.0000    7.5000   45.0000 2673.3958   11.8367
    7.5000    7.5000   45.0000 2639.1970   11.9941
   -7.5000   15.0000   45.0000 2643.7410   11.9191
    0.0000   15.0000   45.0000 2670.8245   11.8271
    7.5000   15.0000   45.0000 2636.4746   11.9678
   -7.5000   22.5000   45.0000 2617.7051   12.1003
    0.0000   22.5000   45.0000 2634.9526   12.0011
    7.5000   22.5000   45.0000 2611.7542   12.1638
   -7.5000   30.0000   45.0000 2563.0874   12.6682
    0.0000   30.0000   45.0000 2576.3137   12.5624
    7.5000   30.0000   45.0000 2553.6270   12.7303
   -7.5000   37.5000   45.0000 2490.0186   13.4510
    0.0000   37.5000   45.0000 2512.6050   13.3615
    7.5000   37.5000   45.0000 2480.6370   13.5191
   -7.5000   45.0000   45.0000 2392.3354   14.4551
    0.0000   45.0000   45.0000 2409.8232   14.3767
    7.5000   45.0000   45.0000 2381.8054   14.5732

---------------------------------------------------------------------
imgreg_4dfp /opt/freesurfer/average/711-2C_as_mni_average_305 /opt/freesurfer/average/711-2B_as_mni_average_305_mask talsrcimg_g11 none talsrcimg_to_711-2C_as_mni_average_305_t4 1283
---------------------------------------------------------------------

freesurfer imgreg_4dfp.c
/opt/freesurfer/average/711-2C_as_mni_average_305.4dfp.img
       256       256       256         1
  1.000000  1.000000  1.000000
orientation T byte_order littleendian
Reading image: /opt/freesurfer/average/711-2C_as_mni_average_305.4dfp.img
dimensions:      256       256       256
mmppix:       1.0000   -1.0000   -1.0000
center:     128.0000 -129.0000 -129.0000
/opt/freesurfer/average/711-2B_as_mni_average_305_mask.4dfp.img
       256       256       256         1
  1.000000  1.000000  1.000000
orientation T byte_order littleendian
Reading mask: /opt/freesurfer/average/711-2B_as_mni_average_305_mask.4dfp.img (2306576 pixels)
talsrcimg_g11.4dfp.img
       256       256       256         1
  1.000000  1.000000  1.000000
orientation T byte_order littleendian
Reading image: talsrcimg_g11.4dfp.img
dimensions:      256       256       256
mmppix:       1.0000   -1.0000   -1.0000
center:     128.0000 -129.0000 -129.0000
rotation matrix determinant  1.000000
fimgreg.f
image alignment mode   1283 decimal      503 hex
parameters
    0.0000   15.0000   15.0000    0.0000    0.0000    0.0000
eta,q 0.92504  9.48654
niter,ni,del,rscale     5    3   12.0000    1.2000
parameter  1-11.147516 -> -0.500000 qaram    1.1500
parameter  3  0.523895 ->  0.500000 qaram    1.1500
parameter  5 -0.517749 -> -0.500000 qaram    1.1500
parameter  6 -0.798350 -> -0.500000 qaram    1.1500
parameters
    3.4500   15.2033   11.5500   -1.1147    3.4500    3.4500
eta,q 0.92514  9.37811
  0.0802  0.0854  0.0766  0.0772  0.0801  0.0783
  0.0805  0.0812  0.0764  0.0752  0.0797  0.0774
  0.0808  0.0784  0.0764  0.0756  0.0780  0.0763
  0.0794  0.0770  0.0768  0.0760  0.0758  0.0752
  0.0780  0.0786  0.0778  0.0769  0.0750  0.0748
  0.0778  0.0812  0.0788  0.0767  0.0754  0.0748
  0.0788  0.0838  0.0813  0.0767  0.0766  0.0747
niter,ni,del,rscale     7    3   12.0000    1.2000
parameters
    2.1416   15.3855   12.1262   -3.7589    5.3771    2.6887
eta,q 0.92751  9.38711
  0.0832  0.0794  0.0810  0.0744  0.0792  0.0761
  0.0795  0.0753  0.0790  0.0730  0.0792  0.0737
  0.0748  0.0737  0.0761  0.0733  0.0764  0.0723
  0.0749  0.0742  0.0742  0.0740  0.0731  0.0728
  0.0781  0.0745  0.0742  0.0745  0.0730  0.0739
  0.0851  0.0755  0.0766  0.0747  0.0747  0.0753
  0.0955  0.0781  0.0801  0.0748  0.0764  0.0771
niter,ni,del,rscale     6    3   12.0000    1.2000
parameters
    0.7512   16.5488   12.0360   -3.4897    6.1263    1.1560
eta,q 0.92798  9.39126
  0.0807  0.0830  0.0811  0.0779  0.0798  0.0738
  0.0776  0.0779  0.0791  0.0740  0.0780  0.0723
  0.0726  0.0734  0.0734  0.0714  0.0745  0.0722
  0.0725  0.0717  0.0717  0.0717  0.0718  0.0719
  0.0769  0.0719  0.0734  0.0726  0.0733  0.0727
  0.0834  0.0736  0.0778  0.0743  0.0756  0.0745
  0.0926  0.0766  0.0828  0.0758  0.0777  0.0762
niter,ni,del,rscale     5    3   12.0000    1.2000
parameters
   -0.3851   17.0626   11.9063   -3.2633    6.8425    0.2331
eta,q 0.92793  9.41299
  0.0792  0.0810  0.0817  0.0786  0.0802  0.0747
  0.0772  0.0758  0.0791  0.0744  0.0783  0.0720
  0.0739  0.0728  0.0734  0.0719  0.0752  0.0717
  0.0720  0.0724  0.0724  0.0723  0.0724  0.0722
  0.0746  0.0730  0.0744  0.0733  0.0732  0.0726
  0.0798  0.0751  0.0787  0.0750  0.0761  0.0739
  0.0889  0.0776  0.0828  0.0765  0.0783  0.0760
niter,ni,del,rscale     4    3   12.0000    1.2000
parameters
   -0.8449   17.4195   11.7216   -3.0536    7.1427    0.0898
eta,q 0.92784  9.42866
  0.0804  0.0800  0.0821  0.0789  0.0808  0.0762
  0.0784  0.0748  0.0796  0.0742  0.0778  0.0729
  0.0748  0.0727  0.0738  0.0721  0.0746  0.0716
  0.0721  0.0722  0.0722  0.0722  0.0722  0.0722
  0.0740  0.0728  0.0743  0.0731  0.0740  0.0727
  0.0773  0.0748  0.0792  0.0749  0.0771  0.0737
  0.0856  0.0775  0.0840  0.0768  0.0795  0.0758
niter,ni,del,rscale     3    3   12.0000    1.2000
parameters
   -0.9309   17.3705   11.6392   -2.9492    7.2411    0.1002
eta,q 0.92777  9.42409
  0.0813  0.0788  0.0824  0.0787  0.0806  0.0765
  0.0795  0.0741  0.0801  0.0740  0.0774  0.0731
  0.0758  0.0727  0.0744  0.0721  0.0743  0.0717
  0.0722  0.0722  0.0722  0.0722  0.0722  0.0722
  0.0739  0.0731  0.0739  0.0733  0.0745  0.0728
  0.0769  0.0753  0.0788  0.0750  0.0775  0.0737
  0.0844  0.0782  0.0842  0.0770  0.0798  0.0757
niter,ni,del,rscale     2    3   12.0000    1.2000
parameters
   -0.9164   17.3079   11.6178   -2.8985    7.2664    0.1170
eta,q 0.92774  9.41975
  0.0816  0.0788  0.0825  0.0786  0.0804  0.0765
  0.0798  0.0742  0.0804  0.0739  0.0773  0.0731
  0.0761  0.0728  0.0746  0.0721  0.0741  0.0717
  0.0722  0.0722  0.0722  0.0722  0.0722  0.0723
  0.0739  0.0730  0.0738  0.0733  0.0747  0.0728
  0.0768  0.0754  0.0785  0.0751  0.0777  0.0737
  0.0842  0.0783  0.0842  0.0771  0.0799  0.0757
niter,ni,del,rscale     1    3   12.0000    1.2000
parameters
   -0.9034   17.2787   11.6154   -2.8769    7.2762    0.1255
eta,q 0.92774  9.41781
  0.0816  0.0788  0.0825  0.0786  0.0804  0.0765
  0.0799  0.0743  0.0805  0.0738  0.0773  0.0731
  0.0761  0.0728  0.0747  0.0721  0.0741  0.0717
  0.0723  0.0722  0.0723  0.0723  0.0723  0.0723
  0.0739  0.0730  0.0737  0.0733  0.0747  0.0728
  0.0769  0.0754  0.0784  0.0751  0.0777  0.0737
  0.0843  0.0782  0.0842  0.0771  0.0799  0.0757
registration optimization eta report
parameter search radius
    6.9000    6.0000    6.9000    6.0000    6.9000    6.9000
100000*second partial in parameter space
       20.       18.       22.       16.       15.        9.
  0.0816  0.0788  0.0825  0.0786  0.0804  0.0765
  0.0799  0.0743  0.0805  0.0738  0.0773  0.0731
  0.0761  0.0728  0.0747  0.0721  0.0741  0.0717
  0.0723  0.0722  0.0723  0.0723  0.0723  0.0723
  0.0739  0.0730  0.0737  0.0733  0.0747  0.0728
  0.0769  0.0754  0.0784  0.0751  0.0777  0.0737
  0.0843  0.0782  0.0842  0.0771  0.0799  0.0757
   -0.9034   17.2787   11.6154   -2.8769    7.2762    0.1255
eta,q 0.92774  9.41781

---------------------------------------------------------------------
imgreg_4dfp /opt/freesurfer/average/711-2C_as_mni_average_305 /opt/freesurfer/average/711-2B_as_mni_average_305_mask talsrcimg_g11 none talsrcimg_to_711-2C_as_mni_average_305_t4 3335
---------------------------------------------------------------------

freesurfer imgreg_4dfp.c
/opt/freesurfer/average/711-2C_as_mni_average_305.4dfp.img
       256       256       256         1
  1.000000  1.000000  1.000000
orientation T byte_order littleendian
Reading image: /opt/freesurfer/average/711-2C_as_mni_average_305.4dfp.img
dimensions:      256       256       256
mmppix:       1.0000   -1.0000   -1.0000
center:     128.0000 -129.0000 -129.0000
/opt/freesurfer/average/711-2B_as_mni_average_305_mask.4dfp.img
       256       256       256         1
  1.000000  1.000000  1.000000
orientation T byte_order littleendian
Reading mask: /opt/freesurfer/average/711-2B_as_mni_average_305_mask.4dfp.img (2306576 pixels)
talsrcimg_g11.4dfp.img
       256       256       256         1
  1.000000  1.000000  1.000000
orientation T byte_order littleendian
Reading image: talsrcimg_g11.4dfp.img
dimensions:      256       256       256
mmppix:       1.0000   -1.0000   -1.0000
center:     128.0000 -129.0000 -129.0000
fimgreg.f
image alignment mode   3335 decimal      D07 hex
parameters
   -0.9034   17.2787   11.6154   -0.8055   -0.1249   -0.9303
    0.4169  -12.6602    0.2173    4.9913   12.6652   -4.9786
eta,q 0.92659  9.47769
niter,ni,del,rscale     5    3    5.0000    1.2000
parameter  2 -0.729087 -> -0.500000 qaram    1.1500
parameter  3 -0.858007 -> -0.500000 qaram    1.1500
parameter  4 13.989479 ->  0.500000 qaram    1.1500
parameter  5  1.982255 ->  0.500000 qaram    1.1500
parameter  6  2.152380 ->  0.500000 qaram    1.1500
parameter  7 -0.547727 -> -0.500000 qaram    1.1500
parameter  8 -1.904682 -> -0.500000 qaram    1.1500
parameter 11  0.572522 ->  0.500000 qaram    1.1500
parameter 12  1.399786 ->  0.500000 qaram    1.1500
parameters
   -0.9280   18.6587   12.9954   -4.9455   -4.2649   -5.0703
    4.5569   -8.5202   -0.2118    3.1477    8.5252   -9.1186
eta,q 0.94821  9.30416
  0.0740  0.0760  0.0751  0.0610  0.0592  0.0536  0.0580  0.0635  0.0539  0.0541  0.0529  0.0513
  0.0735  0.0750  0.0743  0.0641  0.0610  0.0559  0.0574  0.0611  0.0535  0.0535  0.0528  0.0517
  0.0734  0.0741  0.0735  0.0683  0.0629  0.0585  0.0570  0.0586  0.0532  0.0532  0.0528  0.0522
  0.0734  0.0734  0.0728  0.0722  0.0652  0.0616  0.0566  0.0562  0.0531  0.0531  0.0531  0.0527
  0.0736  0.0730  0.0724  0.0757  0.0683  0.0659  0.0563  0.0542  0.0532  0.0535  0.0538  0.0535
  0.0737  0.0728  0.0722  0.0797  0.0717  0.0705  0.0563  0.0528  0.0535  0.0549  0.0547  0.0544
  0.0739  0.0730  0.0723  0.0840  0.0755  0.0750  0.0565  0.0521  0.0543  0.0574  0.0559  0.0557
niter,ni,del,rscale     7    3    5.0000    1.2000
parameter  2  0.826736 ->  0.500000 qaram    1.3225
parameter  3  0.739219 ->  0.500000 qaram    1.3225
parameter  4  4.612285 ->  0.500000 qaram    1.3225
parameter  5  1.776664 ->  0.500000 qaram    1.3225
parameter  6  0.701757 ->  0.500000 qaram    1.3225
parameter  8 -0.621278 -> -0.500000 qaram    1.3225
parameter 11  0.514589 ->  0.500000 qaram    1.3225
parameter 12  1.096993 ->  0.500000 qaram    1.3225
parameters
   -1.6937   17.0717   11.4084   -9.7065   -9.0259   -9.8313
    0.8837   -3.7592   -1.1235    4.6207    3.7642  -13.8796
eta,q 0.97058  9.11633
  0.0521  0.0509  0.0503  0.0376  0.0348  0.0337  0.0347  0.0456  0.0325  0.0339  0.0310  0.0292
  0.0518  0.0509  0.0500  0.0396  0.0361  0.0340  0.0337  0.0413  0.0317  0.0327  0.0307  0.0293
  0.0517  0.0512  0.0503  0.0438  0.0380  0.0351  0.0336  0.0370  0.0312  0.0317  0.0307  0.0298
  0.0518  0.0517  0.0510  0.0500  0.0405  0.0366  0.0343  0.0335  0.0312  0.0312  0.0311  0.0306
  0.0521  0.0525  0.0520  0.0554  0.0431  0.0397  0.0357  0.0316  0.0315  0.0311  0.0319  0.0317
  0.0527  0.0535  0.0534  0.0599  0.0464  0.0453  0.0377  0.0313  0.0323  0.0313  0.0332  0.0331
  0.0539  0.0548  0.0549  0.0649  0.0503  0.0523  0.0402  0.0327  0.0334  0.0324  0.0348  0.0346
niter,ni,del,rscale     7    3    5.0000    1.2000
parameter  4  0.574496 ->  0.500000 qaram    1.5209
parameter 12  0.574575 ->  0.500000 qaram    1.5209
parameters
   -1.3619   17.4960   10.5593  -15.1816  -12.8610  -12.1470
    0.4617   -1.7218   -0.4428    5.2156    1.0120  -19.3547
eta,q 0.97455  8.84228
  0.0349  0.0340  0.0303  0.0288  0.0289  0.0277  0.0289  0.0339  0.0282  0.0287  0.0265  0.0258
  0.0323  0.0316  0.0295  0.0280  0.0275  0.0266  0.0277  0.0300  0.0271  0.0272  0.0262  0.0255
  0.0304  0.0300  0.0292  0.0273  0.0269  0.0263  0.0268  0.0277  0.0264  0.0265  0.0261  0.0256
  0.0294  0.0293  0.0293  0.0291  0.0277  0.0269  0.0264  0.0264  0.0262  0.0262  0.0261  0.0261
  0.0295  0.0294  0.0299  0.0344  0.0298  0.0273  0.0267  0.0262  0.0262  0.0261  0.0264  0.0269
  0.0306  0.0303  0.0312  0.0410  0.0326  0.0274  0.0279  0.0270  0.0267  0.0268  0.0268  0.0282
  0.0326  0.0320  0.0330  0.0465  0.0357  0.0308  0.0297  0.0294  0.0276  0.0279  0.0276  0.0297
niter,ni,del,rscale     7    3    5.0000    1.2000
parameters
   -0.6316   18.6728   10.1224  -17.2372  -13.0688  -11.3398
   -0.0465   -0.8730    0.0055    6.5061   -1.9201  -21.3657
eta,q 0.97541  8.81499
  0.0291  0.0318  0.0261  0.0274  0.0298  0.0282  0.0274  0.0318  0.0272  0.0286  0.0252  0.0268
  0.0274  0.0290  0.0249  0.0262  0.0277  0.0265  0.0263  0.0278  0.0261  0.0269  0.0249  0.0252
  0.0262  0.0268  0.0243  0.0252  0.0258  0.0252  0.0254  0.0255  0.0254  0.0256  0.0248  0.0246
  0.0254  0.0252  0.0243  0.0242  0.0248  0.0248  0.0249  0.0250  0.0250  0.0250  0.0249  0.0248
  0.0252  0.0244  0.0249  0.0244  0.0256  0.0255  0.0252  0.0254  0.0251  0.0250  0.0252  0.0256
  0.0254  0.0248  0.0259  0.0278  0.0278  0.0257  0.0265  0.0268  0.0257  0.0256  0.0256  0.0269
  0.0264  0.0264  0.0272  0.0347  0.0304  0.0272  0.0285  0.0293  0.0268  0.0267  0.0263  0.0286
niter,ni,del,rscale     6    3    5.0000    1.2000
parameters
   -0.4422   18.8592   10.1480  -17.6576  -13.1563  -10.9185
   -0.0806   -0.5098    0.3831    6.9056   -1.9408  -21.5965
eta,q 0.97524  8.81835
  0.0275  0.0296  0.0270  0.0282  0.0298  0.0279  0.0278  0.0316  0.0271  0.0281  0.0261  0.0280
  0.0261  0.0272  0.0256  0.0268  0.0277  0.0262  0.0264  0.0275  0.0260  0.0263  0.0252  0.0260
  0.0251  0.0254  0.0248  0.0256  0.0257  0.0250  0.0253  0.0252  0.0252  0.0251  0.0248  0.0249
  0.0246  0.0246  0.0245  0.0245  0.0246  0.0247  0.0247  0.0247  0.0248  0.0247  0.0248  0.0248
  0.0247  0.0249  0.0249  0.0238  0.0253  0.0252  0.0250  0.0257  0.0249  0.0251  0.0250  0.0254
  0.0254  0.0263  0.0257  0.0255  0.0275  0.0255  0.0262  0.0275  0.0256  0.0260  0.0254  0.0265
  0.0268  0.0287  0.0268  0.0310  0.0303  0.0275  0.0282  0.0300  0.0268  0.0273  0.0259  0.0280
niter,ni,del,rscale     5    3    5.0000    1.2000
parameters
   -0.4202   18.9089   10.2255  -17.5759  -13.2413  -10.6704
   -0.1041   -0.4418    0.4285    7.0607   -1.8879  -21.6507
eta,q 0.97521  8.83326
  0.0273  0.0294  0.0271  0.0285  0.0299  0.0277  0.0279  0.0312  0.0270  0.0279  0.0261  0.0282
  0.0260  0.0270  0.0258  0.0271  0.0278  0.0260  0.0265  0.0273  0.0259  0.0262  0.0253  0.0262
  0.0251  0.0254  0.0250  0.0259  0.0258  0.0249  0.0254  0.0251  0.0251  0.0250  0.0249  0.0250
  0.0248  0.0247  0.0247  0.0247  0.0247  0.0247  0.0248  0.0248  0.0248  0.0248  0.0248  0.0248
  0.0250  0.0252  0.0250  0.0238  0.0254  0.0251  0.0250  0.0259  0.0250  0.0252  0.0250  0.0254
  0.0258  0.0267  0.0257  0.0252  0.0276  0.0254  0.0262  0.0277  0.0257  0.0261  0.0254  0.0265
  0.0273  0.0292  0.0268  0.0303  0.0304  0.0276  0.0282  0.0303  0.0270  0.0275  0.0259  0.0279
niter,ni,del,rscale     4    3    5.0000    1.2000
parameters
   -0.4079   18.9247   10.2834  -17.5456  -13.2901  -10.5884
   -0.0980   -0.4312    0.4362    7.1064   -1.8585  -21.6402
eta,q 0.97521  8.83761
  0.0273  0.0293  0.0270  0.0286  0.0299  0.0276  0.0279  0.0311  0.0269  0.0278  0.0261  0.0282
  0.0260  0.0270  0.0258  0.0271  0.0278  0.0260  0.0265  0.0272  0.0259  0.0261  0.0253  0.0262
  0.0251  0.0254  0.0251  0.0259  0.0259  0.0249  0.0254  0.0250  0.0251  0.0250  0.0249  0.0250
  0.0248  0.0248  0.0248  0.0248  0.0248  0.0248  0.0248  0.0248  0.0248  0.0248  0.0248  0.0248
  0.0250  0.0253  0.0250  0.0238  0.0254  0.0251  0.0250  0.0259  0.0250  0.0252  0.0250  0.0253
  0.0259  0.0268  0.0258  0.0253  0.0276  0.0253  0.0262  0.0277  0.0258  0.0261  0.0254  0.0264
  0.0274  0.0293  0.0268  0.0305  0.0305  0.0278  0.0282  0.0304  0.0271  0.0275  0.0259  0.0279
niter,ni,del,rscale     3    3    5.0000    1.2000
parameters
   -0.4026   18.9309   10.3080  -17.5285  -13.3132  -10.5597
   -0.0943   -0.4315    0.4391    7.1167   -1.8607  -21.6347
eta,q 0.97521  8.83910
  0.0273  0.0293  0.0270  0.0286  0.0300  0.0276  0.0279  0.0311  0.0269  0.0277  0.0261  0.0282
  0.0260  0.0270  0.0258  0.0272  0.0279  0.0259  0.0266  0.0272  0.0259  0.0260  0.0253  0.0262
  0.0252  0.0254  0.0250  0.0260  0.0259  0.0249  0.0254  0.0250  0.0251  0.0250  0.0249  0.0250
  0.0248  0.0248  0.0248  0.0248  0.0248  0.0248  0.0248  0.0248  0.0248  0.0248  0.0248  0.0248
  0.0250  0.0253  0.0251  0.0238  0.0254  0.0251  0.0250  0.0259  0.0250  0.0252  0.0250  0.0253
  0.0259  0.0268  0.0258  0.0253  0.0276  0.0253  0.0263  0.0277  0.0258  0.0261  0.0254  0.0264
  0.0274  0.0293  0.0269  0.0305  0.0304  0.0279  0.0282  0.0304  0.0271  0.0276  0.0259  0.0279
registration optimization eta report
parameter search radius
    2.4000    3.1740    3.1740   10.9503    9.5220    9.5220
    8.2800    9.5220    7.2000    7.2000    9.5220   10.9503
100000*second partial in parameter space
       45.       45.       21.        4.        6.        3.
        5.        7.        4.        6.        1.        3.
  0.0273  0.0293  0.0270  0.0286  0.0300  0.0276  0.0279  0.0311  0.0269  0.0277  0.0261  0.0282
  0.0260  0.0270  0.0258  0.0272  0.0279  0.0259  0.0266  0.0272  0.0259  0.0260  0.0253  0.0262
  0.0252  0.0254  0.0250  0.0260  0.0259  0.0249  0.0254  0.0250  0.0251  0.0250  0.0249  0.0250
  0.0248  0.0248  0.0248  0.0248  0.0248  0.0248  0.0248  0.0248  0.0248  0.0248  0.0248  0.0248
  0.0250  0.0253  0.0251  0.0238  0.0254  0.0251  0.0250  0.0259  0.0250  0.0252  0.0250  0.0253
  0.0259  0.0268  0.0258  0.0253  0.0276  0.0253  0.0263  0.0277  0.0258  0.0261  0.0254  0.0264
  0.0274  0.0293  0.0269  0.0305  0.0304  0.0279  0.0282  0.0304  0.0271  0.0276  0.0259  0.0279
   -0.4026   18.9309   10.3080  -17.5285  -13.3132  -10.5597
   -0.0943   -0.4315    0.4391    7.1167   -1.8607  -21.6347
eta,q 0.97521  8.83910

---------------------------------------------------------------------
imgreg_4dfp /opt/freesurfer/average/711-2C_as_mni_average_305 /opt/freesurfer/average/711-2B_as_mni_average_305_mask talsrcimg_g11 none talsrcimg_to_711-2C_as_mni_average_305_t4 2311
---------------------------------------------------------------------

freesurfer imgreg_4dfp.c
/opt/freesurfer/average/711-2C_as_mni_average_305.4dfp.img
       256       256       256         1
  1.000000  1.000000  1.000000
orientation T byte_order littleendian
Reading image: /opt/freesurfer/average/711-2C_as_mni_average_305.4dfp.img
dimensions:      256       256       256
mmppix:       1.0000   -1.0000   -1.0000
center:     128.0000 -129.0000 -129.0000
/opt/freesurfer/average/711-2B_as_mni_average_305_mask.4dfp.img
       256       256       256         1
  1.000000  1.000000  1.000000
orientation T byte_order littleendian
Reading mask: /opt/freesurfer/average/711-2B_as_mni_average_305_mask.4dfp.img (2306576 pixels)
talsrcimg_g11.4dfp.img
       256       256       256         1
  1.000000  1.000000  1.000000
orientation T byte_order littleendian
Reading image: talsrcimg_g11.4dfp.img
dimensions:      256       256       256
mmppix:       1.0000   -1.0000   -1.0000
center:     128.0000 -129.0000 -129.0000
fimgreg.f
image alignment mode   2311 decimal      907 hex
parameters
   -0.4026   18.9309   10.3080  -17.5285  -13.3132  -10.5597
   -0.0943   -0.4315    0.4391    7.1167   -1.8607  -21.6347
eta,q 0.97521  8.83910
niter,ni,del,rscale     5    3    5.0000    0.8000
parameter  4 -1.551842 -> -0.500000 qaram    1.1500
parameters
   -0.3395   18.9750   10.2964  -14.7685  -13.3684   -9.9387
   -0.7649   -0.2487    0.1039    7.5784   -0.6633  -22.3260
eta,q 0.97597  8.99491
  0.0260  0.0261  0.0254  0.0263  0.0259  0.0247  0.0251  0.0263  0.0250  0.0257  0.0247  0.0246
  0.0254  0.0254  0.0250  0.0258  0.0250  0.0242  0.0245  0.0250  0.0245  0.0247  0.0244  0.0242
  0.0250  0.0249  0.0249  0.0253  0.0242  0.0240  0.0241  0.0243  0.0242  0.0242  0.0242  0.0240
  0.0248  0.0248  0.0248  0.0248  0.0240  0.0240  0.0241  0.0241  0.0241  0.0241  0.0241  0.0241
  0.0249  0.0249  0.0249  0.0243  0.0243  0.0242  0.0244  0.0243  0.0242  0.0242  0.0241  0.0242
  0.0252  0.0253  0.0250  0.0239  0.0250  0.0242  0.0250  0.0249  0.0247  0.0245  0.0241  0.0245
  0.0259  0.0259  0.0254  0.0240  0.0261  0.0243  0.0259  0.0259  0.0254  0.0250  0.0243  0.0249
niter,ni,del,rscale     5    3    5.0000    0.8000
parameter  6 -0.546268 -> -0.500000 qaram    1.1500
parameters
   -0.5144   19.0682   10.3542  -14.3085  -13.1846   -7.1787
   -1.1446   -0.0698   -0.3716    9.3689   -0.5431  -22.0811
eta,q 0.97648  9.16849
  0.0251  0.0254  0.0246  0.0260  0.0260  0.0245  0.0251  0.0267  0.0247  0.0261  0.0243  0.0246
  0.0245  0.0247  0.0243  0.0254  0.0250  0.0241  0.0243  0.0252  0.0241  0.0250  0.0239  0.0240
  0.0241  0.0242  0.0241  0.0248  0.0242  0.0239  0.0238  0.0241  0.0238  0.0242  0.0236  0.0236
  0.0240  0.0240  0.0240  0.0240  0.0239  0.0238  0.0237  0.0237  0.0237  0.0237  0.0235  0.0235
  0.0243  0.0241  0.0241  0.0237  0.0240  0.0238  0.0240  0.0239  0.0239  0.0235  0.0236  0.0237
  0.0249  0.0245  0.0242  0.0243  0.0247  0.0237  0.0246  0.0248  0.0244  0.0236  0.0238  0.0239
  0.0259  0.0251  0.0245  0.0260  0.0258  0.0238  0.0256  0.0264  0.0252  0.0240  0.0242  0.0244
niter,ni,del,rscale     5    3    5.0000    0.8000
parameters
   -0.6862   19.1853   10.3778  -14.1923  -13.1264   -7.8506
   -0.4600   -0.3880   -0.5496    9.1451   -0.2220  -22.1355
eta,q 0.97637  9.14374
  0.0249  0.0250  0.0243  0.0263  0.0256  0.0244  0.0257  0.0259  0.0247  0.0248  0.0243  0.0245
  0.0241  0.0243  0.0238  0.0254  0.0247  0.0242  0.0247  0.0246  0.0241  0.0241  0.0240  0.0240
  0.0236  0.0238  0.0236  0.0245  0.0239  0.0240  0.0240  0.0238  0.0238  0.0237  0.0237  0.0237
  0.0235  0.0235  0.0235  0.0235  0.0235  0.0235  0.0237  0.0237  0.0236  0.0236  0.0236  0.0236
  0.0238  0.0236  0.0236  0.0233  0.0236  0.0231  0.0237  0.0240  0.0238  0.0238  0.0237  0.0238
  0.0246  0.0239  0.0238  0.0244  0.0244  0.0241  0.0241  0.0250  0.0242  0.0242  0.0238  0.0241
  0.0257  0.0247  0.0242  0.0270  0.0257  0.0263  0.0248  0.0266  0.0249  0.0250  0.0242  0.0245
niter,ni,del,rscale     4    3    5.0000    0.7000
parameters
   -0.7490   19.1765   10.3813  -13.8550  -13.1672   -7.6314
   -0.5539   -0.4362   -0.6379    9.2855   -0.2129  -22.0881
eta,q 0.97654  9.16423
  0.0248  0.0246  0.0241  0.0260  0.0252  0.0242  0.0247  0.0256  0.0243  0.0245  0.0240  0.0242
  0.0242  0.0241  0.0238  0.0252  0.0244  0.0240  0.0240  0.0244  0.0238  0.0239  0.0237  0.0238
  0.0238  0.0238  0.0237  0.0244  0.0238  0.0238  0.0236  0.0237  0.0236  0.0236  0.0235  0.0235
  0.0236  0.0236  0.0236  0.0236  0.0235  0.0235  0.0235  0.0235  0.0235  0.0235  0.0235  0.0235
  0.0238  0.0237  0.0237  0.0234  0.0237  0.0231  0.0236  0.0237  0.0236  0.0235  0.0235  0.0236
  0.0243  0.0241  0.0238  0.0242  0.0243  0.0233  0.0241  0.0245  0.0239  0.0238  0.0237  0.0238
  0.0251  0.0247  0.0240  0.0260  0.0253  0.0246  0.0248  0.0257  0.0244  0.0244  0.0240  0.0241
niter,ni,del,rscale     3    3    5.0000    0.6000
parameters
   -0.7957   19.1957   10.4019  -13.5742  -13.1725   -7.0454
   -0.6480   -0.4261   -0.7533    9.6141   -0.2520  -22.0169
eta,q 0.97681  9.19595
  0.0244  0.0242  0.0238  0.0255  0.0247  0.0240  0.0242  0.0250  0.0239  0.0242  0.0237  0.0238
  0.0239  0.0238  0.0236  0.0248  0.0240  0.0239  0.0236  0.0241  0.0235  0.0236  0.0234  0.0234
  0.0236  0.0236  0.0235  0.0241  0.0236  0.0237  0.0233  0.0234  0.0233  0.0233  0.0232  0.0232
  0.0235  0.0235  0.0235  0.0235  0.0234  0.0234  0.0232  0.0232  0.0232  0.0232  0.0232  0.0232
  0.0236  0.0235  0.0235  0.0233  0.0235  0.0230  0.0233  0.0234  0.0233  0.0232  0.0232  0.0233
  0.0240  0.0238  0.0236  0.0240  0.0240  0.0231  0.0237  0.0240  0.0235  0.0234  0.0234  0.0235
  0.0246  0.0242  0.0238  0.0255  0.0248  0.0241  0.0243  0.0251  0.0240  0.0239  0.0237  0.0237
niter,ni,del,rscale     2    3    5.0000    0.5000
parameters
   -0.8400   19.1966   10.4198  -13.3972  -13.1692   -6.5819
   -0.6149   -0.4204   -0.8529    9.8078   -0.2616  -21.9455
eta,q 0.97701  9.21460
  0.0239  0.0237  0.0235  0.0249  0.0241  0.0239  0.0238  0.0244  0.0235  0.0237  0.0234  0.0235
  0.0235  0.0234  0.0233  0.0242  0.0236  0.0238  0.0234  0.0237  0.0232  0.0233  0.0232  0.0232
  0.0232  0.0232  0.0232  0.0236  0.0233  0.0235  0.0231  0.0232  0.0230  0.0231  0.0230  0.0230
  0.0232  0.0232  0.0232  0.0232  0.0231  0.0231  0.0230  0.0230  0.0230  0.0230  0.0230  0.0230
  0.0233  0.0232  0.0232  0.0232  0.0232  0.0229  0.0231  0.0231  0.0231  0.0230  0.0230  0.0230
  0.0236  0.0234  0.0233  0.0237  0.0236  0.0231  0.0233  0.0236  0.0233  0.0232  0.0232  0.0232
  0.0241  0.0237  0.0235  0.0249  0.0242  0.0239  0.0237  0.0245  0.0236  0.0236  0.0234  0.0234
niter,ni,del,rscale     1    3    5.0000    0.4000
parameters
   -0.8717   19.1668   10.4714  -13.2732  -13.1876   -6.1709
   -0.5592   -0.4122   -0.8940    9.8739   -0.2444  -21.8957
eta,q 0.97713  9.22562
  0.0235  0.0233  0.0233  0.0243  0.0236  0.0238  0.0234  0.0239  0.0232  0.0233  0.0231  0.0232
  0.0232  0.0231  0.0231  0.0237  0.0233  0.0236  0.0231  0.0233  0.0230  0.0231  0.0230  0.0230
  0.0230  0.0230  0.0230  0.0233  0.0231  0.0233  0.0229  0.0230  0.0229  0.0229  0.0229  0.0229
  0.0230  0.0230  0.0230  0.0230  0.0230  0.0230  0.0229  0.0229  0.0229  0.0229  0.0229  0.0229
  0.0231  0.0230  0.0230  0.0230  0.0230  0.0228  0.0229  0.0230  0.0229  0.0229  0.0229  0.0229
  0.0233  0.0232  0.0231  0.0234  0.0233  0.0230  0.0231  0.0233  0.0230  0.0230  0.0230  0.0230
  0.0236  0.0234  0.0232  0.0242  0.0237  0.0236  0.0233  0.0239  0.0232  0.0233  0.0231  0.0232
registration optimization eta report
parameter search radius
    0.8000    0.8000    0.8000    2.7600    2.4000    2.7600
    2.4000    2.4000    2.4000    2.4000    2.4000    2.4000
100000*second partial in parameter space
       87.       58.       39.       16.       12.       10.
        9.       18.        6.        8.        5.        6.
  0.0235  0.0233  0.0233  0.0243  0.0236  0.0238  0.0234  0.0239  0.0232  0.0233  0.0231  0.0232
  0.0232  0.0231  0.0231  0.0237  0.0233  0.0236  0.0231  0.0233  0.0230  0.0231  0.0230  0.0230
  0.0230  0.0230  0.0230  0.0233  0.0231  0.0233  0.0229  0.0230  0.0229  0.0229  0.0229  0.0229
  0.0230  0.0230  0.0230  0.0230  0.0230  0.0230  0.0229  0.0229  0.0229  0.0229  0.0229  0.0229
  0.0231  0.0230  0.0230  0.0230  0.0230  0.0228  0.0229  0.0230  0.0229  0.0229  0.0229  0.0229
  0.0233  0.0232  0.0231  0.0234  0.0233  0.0230  0.0231  0.0233  0.0230  0.0230  0.0230  0.0230
  0.0236  0.0234  0.0232  0.0242  0.0237  0.0236  0.0233  0.0239  0.0232  0.0233  0.0231  0.0232
   -0.8717   19.1668   10.4714  -13.2732  -13.1876   -6.1709
   -0.5592   -0.4122   -0.8940    9.8739   -0.2444  -21.8957
eta,q 0.97713  9.22562

---------------------------------------------------------------------
imgreg_4dfp /opt/freesurfer/average/711-2C_as_mni_average_305 /opt/freesurfer/average/711-2B_as_mni_average_305_mask talsrcimg_g11 none talsrcimg_to_711-2C_as_mni_average_305_t4 2311
---------------------------------------------------------------------

freesurfer imgreg_4dfp.c
/opt/freesurfer/average/711-2C_as_mni_average_305.4dfp.img
       256       256       256         1
  1.000000  1.000000  1.000000
orientation T byte_order littleendian
Reading image: /opt/freesurfer/average/711-2C_as_mni_average_305.4dfp.img
dimensions:      256       256       256
mmppix:       1.0000   -1.0000   -1.0000
center:     128.0000 -129.0000 -129.0000
/opt/freesurfer/average/711-2B_as_mni_average_305_mask.4dfp.img
       256       256       256         1
  1.000000  1.000000  1.000000
orientation T byte_order littleendian
Reading mask: /opt/freesurfer/average/711-2B_as_mni_average_305_mask.4dfp.img (2306576 pixels)
talsrcimg_g11.4dfp.img
       256       256       256         1
  1.000000  1.000000  1.000000
orientation T byte_order littleendian
Reading image: talsrcimg_g11.4dfp.img
dimensions:      256       256       256
mmppix:       1.0000   -1.0000   -1.0000
center:     128.0000 -129.0000 -129.0000
fimgreg.f
image alignment mode   2311 decimal      907 hex
parameters
   -0.8717   19.1668   10.4714  -13.2732  -13.1876   -6.1709
   -0.5592   -0.4122   -0.8940    9.8739   -0.2444  -21.8957
eta,q 0.97713  9.22562
niter,ni,del,rscale     5    3    5.0000    0.8000
parameters
   -0.8811   19.0686   10.5682  -13.8721  -13.2839   -6.9135
   -0.2215   -0.6143   -0.7270    9.4761   -0.2223  -21.7552
eta,q 0.97675  9.18610
  0.0252  0.0242  0.0242  0.0252  0.0251  0.0243  0.0251  0.0260  0.0246  0.0244  0.0241  0.0243
  0.0239  0.0235  0.0235  0.0243  0.0241  0.0240  0.0242  0.0245  0.0239  0.0237  0.0236  0.0237
  0.0231  0.0230  0.0230  0.0234  0.0234  0.0236  0.0235  0.0235  0.0234  0.0233  0.0233  0.0233
  0.0229  0.0229  0.0229  0.0229  0.0230  0.0230  0.0233  0.0233  0.0233  0.0233  0.0232  0.0232
  0.0232  0.0231  0.0230  0.0233  0.0232  0.0230  0.0234  0.0237  0.0233  0.0235  0.0233  0.0234
  0.0239  0.0236  0.0233  0.0249  0.0241  0.0243  0.0238  0.0248  0.0237  0.0240  0.0236  0.0237
  0.0252  0.0246  0.0239  0.0276  0.0254  0.0266  0.0247  0.0266  0.0244  0.0249  0.0240  0.0241
niter,ni,del,rscale     4    3    5.0000    0.7000
parameters
   -0.8561   19.1521   10.4991  -13.6605  -13.2973   -7.0105
   -0.4798   -0.5611   -0.7198    9.4559   -0.2267  -21.8635
eta,q 0.97679  9.18846
  0.0248  0.0244  0.0238  0.0254  0.0249  0.0240  0.0244  0.0257  0.0242  0.0243  0.0238  0.0240
  0.0239  0.0238  0.0235  0.0246  0.0241  0.0239  0.0237  0.0244  0.0236  0.0237  0.0235  0.0235
  0.0234  0.0234  0.0233  0.0239  0.0235  0.0236  0.0233  0.0235  0.0233  0.0233  0.0233  0.0233
  0.0233  0.0233  0.0232  0.0232  0.0232  0.0232  0.0232  0.0232  0.0232  0.0232  0.0232  0.0232
  0.0234  0.0233  0.0233  0.0231  0.0234  0.0229  0.0234  0.0234  0.0233  0.0233  0.0233  0.0233
  0.0239  0.0236  0.0236  0.0239  0.0240  0.0234  0.0239  0.0242  0.0236  0.0237  0.0235  0.0236
  0.0247  0.0242  0.0239  0.0255  0.0250  0.0248  0.0247  0.0256  0.0242  0.0243  0.0238  0.0240
niter,ni,del,rscale     3    3    5.0000    0.6000
parameters
   -0.8593   19.1813   10.4770  -13.4305  -13.2622   -6.6846
   -0.6004   -0.4873   -0.7979    9.6558   -0.2475  -21.8720
eta,q 0.97696  9.20667
  0.0243  0.0240  0.0237  0.0250  0.0245  0.0239  0.0240  0.0251  0.0237  0.0240  0.0236  0.0237
  0.0237  0.0236  0.0234  0.0243  0.0239  0.0238  0.0235  0.0240  0.0233  0.0235  0.0233  0.0233
  0.0233  0.0233  0.0232  0.0237  0.0234  0.0235  0.0231  0.0233  0.0231  0.0232  0.0231  0.0231
  0.0232  0.0232  0.0232  0.0232  0.0232  0.0231  0.0230  0.0230  0.0230  0.0230  0.0230  0.0230
  0.0233  0.0233  0.0233  0.0231  0.0233  0.0229  0.0232  0.0232  0.0231  0.0231  0.0231  0.0231
  0.0237  0.0235  0.0234  0.0237  0.0237  0.0231  0.0236  0.0239  0.0234  0.0233  0.0233  0.0233
  0.0243  0.0240  0.0237  0.0249  0.0245  0.0241  0.0241  0.0250  0.0238  0.0238  0.0236  0.0236
niter,ni,del,rscale     2    3    5.0000    0.5000
parameters
   -0.8705   19.1707   10.4865  -13.3019  -13.2389   -6.2972
   -0.5865   -0.4473   -0.8763    9.7766   -0.2379  -21.8541
eta,q 0.97710  9.22012
  0.0239  0.0236  0.0234  0.0245  0.0240  0.0238  0.0237  0.0245  0.0234  0.0236  0.0233  0.0234
  0.0234  0.0233  0.0232  0.0239  0.0235  0.0237  0.0233  0.0236  0.0231  0.0232  0.0231  0.0231
  0.0231  0.0231  0.0231  0.0234  0.0232  0.0234  0.0230  0.0231  0.0230  0.0230  0.0230  0.0229
  0.0230  0.0230  0.0230  0.0230  0.0230  0.0230  0.0229  0.0229  0.0229  0.0229  0.0229  0.0229
  0.0231  0.0231  0.0231  0.0231  0.0231  0.0228  0.0230  0.0230  0.0230  0.0229  0.0229  0.0230
  0.0234  0.0233  0.0232  0.0235  0.0235  0.0231  0.0232  0.0236  0.0232  0.0231  0.0231  0.0231
  0.0239  0.0236  0.0234  0.0244  0.0240  0.0238  0.0237  0.0244  0.0235  0.0235  0.0233  0.0234
niter,ni,del,rscale     1    3    5.0000    0.4000
parameters
   -0.8886   19.1397   10.5387  -13.2343  -13.2490   -5.9939
   -0.5269   -0.4305   -0.9162    9.8176   -0.2341  -21.8181
eta,q 0.97716  9.22733
  0.0235  0.0232  0.0232  0.0239  0.0236  0.0237  0.0234  0.0239  0.0232  0.0233  0.0231  0.0232
  0.0231  0.0230  0.0231  0.0235  0.0232  0.0234  0.0231  0.0233  0.0230  0.0230  0.0230  0.0230
  0.0230  0.0229  0.0229  0.0231  0.0230  0.0231  0.0229  0.0230  0.0229  0.0229  0.0229  0.0229
  0.0229  0.0229  0.0229  0.0229  0.0229  0.0229  0.0228  0.0228  0.0228  0.0228  0.0228  0.0228
  0.0230  0.0229  0.0229  0.0229  0.0230  0.0228  0.0229  0.0229  0.0229  0.0229  0.0229  0.0229
  0.0232  0.0231  0.0230  0.0233  0.0232  0.0230  0.0230  0.0233  0.0230  0.0230  0.0230  0.0230
  0.0235  0.0233  0.0231  0.0239  0.0236  0.0235  0.0233  0.0239  0.0232  0.0233  0.0231  0.0231
registration optimization eta report
parameter search radius
    0.8000    0.8000    0.8000    2.4000    2.4000    2.4000
    2.4000    2.4000    2.4000    2.4000    2.4000    2.4000
100000*second partial in parameter space
       90.       58.       44.       18.       12.       12.
        9.       18.        6.        8.        5.        6.
  0.0235  0.0232  0.0232  0.0239  0.0236  0.0237  0.0234  0.0239  0.0232  0.0233  0.0231  0.0232
  0.0231  0.0230  0.0231  0.0235  0.0232  0.0234  0.0231  0.0233  0.0230  0.0230  0.0230  0.0230
  0.0230  0.0229  0.0229  0.0231  0.0230  0.0231  0.0229  0.0230  0.0229  0.0229  0.0229  0.0229
  0.0229  0.0229  0.0229  0.0229  0.0229  0.0229  0.0228  0.0228  0.0228  0.0228  0.0228  0.0228
  0.0230  0.0229  0.0229  0.0229  0.0230  0.0228  0.0229  0.0229  0.0229  0.0229  0.0229  0.0229
  0.0232  0.0231  0.0230  0.0233  0.0232  0.0230  0.0230  0.0233  0.0230  0.0230  0.0230  0.0230
  0.0235  0.0233  0.0231  0.0239  0.0236  0.0235  0.0233  0.0239  0.0232  0.0233  0.0231  0.0231
   -0.8886   19.1397   10.5387  -13.2343  -13.2490   -5.9939
   -0.5269   -0.4305   -0.9162    9.8176   -0.2341  -21.8181
eta,q 0.97716  9.22733

---------------------------------------------------------------------
compute_vox2vox talsrcimg talsrcimg_to_711-2C_as_mni_average_305_t4 /opt/freesurfer/average/711-2C_as_mni_average_305
---------------------------------------------------------------------

freesurfer compute_vox2vox.c
Reading: talsrcimg.4dfp.ifh
Reading: talsrcimg_to_711-2C_as_mni_average_305_t4
Reading: /opt/freesurfer/average/711-2C_as_mni_average_305.4dfp.ifh
Writing: talsrcimg_to_711-2C_as_mni_average_305_t4_vox2vox.txt

start time Thu Mar 12 14:21:34 CET 2026
end		time Thu Mar 12 14:22:59 CET 2026

mpr2mni305 success

avi2talxfm orig_nu.mgz /opt/freesurfer/average/mni305.cor.mgz talsrcimg_to_711-2C_as_mni_average_305_t4_vox2vox.txt transforms/talairach.auto.xfm
avi2talxfm done
mv -f /out/sourcedata/freesurfer/sub-v1s1x0050648_ses-1/mri/talsrcimg_to_711-2C_as_mni_average_305_t4_vox2vox.txt /out/sourcedata/freesurfer/sub-v1s1x0050648_ses-1/mri/transforms/talsrcimg_to_711-2C_as_mni_average_305_t4_vox2vox.txt
lta_convert --src orig_nu.mgz --trg /opt/freesurfer/average/mni305.cor.mgz --inxfm transforms/talairach.auto.xfm --outlta transforms/talairach.auto.xfm.lta --subject fsaverage
7.3.2

--src: orig_nu.mgz src image (geometry).
--trg: /opt/freesurfer/average/mni305.cor.mgz trg image (geometry).
--inmni: transforms/talairach.auto.xfm input MNI/XFM transform.
--outlta: transforms/talairach.auto.xfm.lta output LTA.
--s: fsaverage subject name
 LTA read, type : 1
 1.15263   0.00443   0.00812  -4.90692;
 0.00555   1.03656   0.26073  -2.43160;
 0.01154  -0.11726   1.12330  -26.56352;
 0.00000   0.00000   0.00000   1.00000;
setting subject to fsaverage
Writing  LTA to file transforms/talairach.auto.xfm.lta...
lta_convert successful.
 
 
Started at Thu Mar 12 14:21:33 CET 2026
Ended   at Thu Mar 12 14:23:00 CET 2026
talairach_avi done
