status file for recon-all
Thu Mar 12 16:41:48 CET 2026
#@# Tessellate rh Thu Mar 12 16:41:49 CET 2026
#@# Smooth1 rh Thu Mar 12 16:41:53 CET 2026
#@# Inflation1 rh Thu Mar 12 16:41:56 CET 2026
#@# QSphere rh Thu Mar 12 16:42:15 CET 2026
#@# Fix Topology rh Thu Mar 12 16:43:35 CET 2026
#@# Smooth2 rh Thu Mar 12 16:52:51 CET 2026
#@# Inflation2 rh Thu Mar 12 16:52:54 CET 2026
#@# Curv .H and .K rh Thu Mar 12 16:53:10 CET 2026
#@# Sphere rh Thu Mar 12 16:54:08 CET 2026
#@# Surf Reg rh Thu Mar 12 16:58:26 CET 2026
#@# Jacobian white rh Thu Mar 12 17:06:22 CET 2026
#@# AvgCurv rh Thu Mar 12 17:06:23 CET 2026
#@# Cortical Parc rh Thu Mar 12 17:06:24 CET 2026
#@# white curv rh Thu Mar 12 17:13:42 CET 2026
#@# white area rh Thu Mar 12 17:13:44 CET 2026
#@# pial curv rh Thu Mar 12 17:13:45 CET 2026
#@# pial area rh Thu Mar 12 17:13:47 CET 2026
#@# thickness rh Thu Mar 12 17:13:48 CET 2026
#@# area and vertex vol rh Thu Mar 12 17:14:25 CET 2026
#@# Curvature Stats rh Thu Mar 12 17:14:27 CET 2026
#@# Cortical Parc 2 rh Thu Mar 12 17:14:30 CET 2026
#@# Cortical Parc 3 rh Thu Mar 12 17:14:46 CET 2026
#@# WM/GM Contrast rh Thu Mar 12 17:14:58 CET 2026
recon-all -s sub-v1s1x0050651_ses-1 finished without error at Thu Mar 12 17:15:01 CET 2026



#New# invocation of recon-all 



status file for recon-all
Thu Mar 12 17:28:35 CET 2026
#@# white curv rh Thu Mar 12 17:28:35 CET 2026
#@# white area rh Thu Mar 12 17:28:35 CET 2026
#@# pial curv rh Thu Mar 12 17:28:35 CET 2026
#@# pial area rh Thu Mar 12 17:28:35 CET 2026
#@# thickness rh Thu Mar 12 17:28:35 CET 2026
#@# area and vertex vol rh Thu Mar 12 17:28:35 CET 2026
#@# Parcellation Stats rh Thu Mar 12 17:28:35 CET 2026
#@# Parcellation Stats 2 rh Thu Mar 12 17:29:04 CET 2026
#@# Parcellation Stats 3 rh Thu Mar 12 17:29:18 CET 2026
#@# BA_exvivo Labels rh Thu Mar 12 17:29:31 CET 2026
recon-all -s sub-v1s1x0050651_ses-1 finished without error at Thu Mar 12 17:32:41 CET 2026
