status file for recon-all
Thu Mar 12 16:14:04 CET 2026
#@# Tessellate lh Thu Mar 12 16:14:04 CET 2026
#@# Smooth1 lh Thu Mar 12 16:14:08 CET 2026
#@# Inflation1 lh Thu Mar 12 16:14:11 CET 2026
#@# QSphere lh Thu Mar 12 16:14:28 CET 2026
#@# Fix Topology lh Thu Mar 12 16:15:53 CET 2026
#@# Smooth2 lh Thu Mar 12 16:23:57 CET 2026
#@# Inflation2 lh Thu Mar 12 16:24:00 CET 2026
#@# Curv .H and .K lh Thu Mar 12 16:24:19 CET 2026
#@# Sphere lh Thu Mar 12 16:25:16 CET 2026
#@# Surf Reg lh Thu Mar 12 16:28:16 CET 2026
#@# Jacobian white lh Thu Mar 12 16:33:06 CET 2026
#@# AvgCurv lh Thu Mar 12 16:33:07 CET 2026
#@# Cortical Parc lh Thu Mar 12 16:33:08 CET 2026
#@# white curv lh Thu Mar 12 16:40:24 CET 2026
#@# white area lh Thu Mar 12 16:40:27 CET 2026
#@# pial curv lh Thu Mar 12 16:40:28 CET 2026
#@# pial area lh Thu Mar 12 16:40:30 CET 2026
#@# thickness lh Thu Mar 12 16:40:31 CET 2026
#@# area and vertex vol lh Thu Mar 12 16:41:07 CET 2026
#@# Curvature Stats lh Thu Mar 12 16:41:09 CET 2026
#@# Cortical Parc 2 lh Thu Mar 12 16:41:13 CET 2026
#@# Cortical Parc 3 lh Thu Mar 12 16:41:28 CET 2026
#@# WM/GM Contrast lh Thu Mar 12 16:41:42 CET 2026
recon-all -s sub-v1s1x0050651_ses-1 finished without error at Thu Mar 12 16:41:46 CET 2026



#New# invocation of recon-all 



status file for recon-all
Thu Mar 12 17:24:31 CET 2026
#@# white curv lh Thu Mar 12 17:24:31 CET 2026
#@# white area lh Thu Mar 12 17:24:31 CET 2026
#@# pial curv lh Thu Mar 12 17:24:31 CET 2026
#@# pial area lh Thu Mar 12 17:24:31 CET 2026
#@# thickness lh Thu Mar 12 17:24:31 CET 2026
#@# area and vertex vol lh Thu Mar 12 17:24:31 CET 2026
#@# Parcellation Stats lh Thu Mar 12 17:24:31 CET 2026
#@# Parcellation Stats 2 lh Thu Mar 12 17:24:57 CET 2026
#@# Parcellation Stats 3 lh Thu Mar 12 17:25:11 CET 2026
#@# BA_exvivo Labels lh Thu Mar 12 17:25:24 CET 2026
recon-all -s sub-v1s1x0050651_ses-1 finished without error at Thu Mar 12 17:28:32 CET 2026
