status file for recon-all
Thu Mar 12 16:05:12 CET 2026
#@# Tessellate lh Thu Mar 12 16:05:12 CET 2026
#@# Smooth1 lh Thu Mar 12 16:05:16 CET 2026
#@# Inflation1 lh Thu Mar 12 16:05:19 CET 2026
#@# QSphere lh Thu Mar 12 16:05:30 CET 2026
#@# Fix Topology lh Thu Mar 12 16:06:44 CET 2026
#@# Smooth2 lh Thu Mar 12 16:12:03 CET 2026
#@# Inflation2 lh Thu Mar 12 16:12:05 CET 2026
#@# Curv .H and .K lh Thu Mar 12 16:12:21 CET 2026
#@# Sphere lh Thu Mar 12 16:13:04 CET 2026
#@# Surf Reg lh Thu Mar 12 16:15:20 CET 2026
#@# Jacobian white lh Thu Mar 12 16:18:42 CET 2026
#@# AvgCurv lh Thu Mar 12 16:18:43 CET 2026
#@# Cortical Parc lh Thu Mar 12 16:18:44 CET 2026
#@# white curv lh Thu Mar 12 16:24:27 CET 2026
#@# white area lh Thu Mar 12 16:24:29 CET 2026
#@# pial curv lh Thu Mar 12 16:24:30 CET 2026
#@# pial area lh Thu Mar 12 16:24:32 CET 2026
#@# thickness lh Thu Mar 12 16:24:32 CET 2026
#@# area and vertex vol lh Thu Mar 12 16:24:59 CET 2026
#@# Curvature Stats lh Thu Mar 12 16:25:01 CET 2026
#@# Cortical Parc 2 lh Thu Mar 12 16:25:03 CET 2026
#@# Cortical Parc 3 lh Thu Mar 12 16:25:16 CET 2026
#@# WM/GM Contrast lh Thu Mar 12 16:25:25 CET 2026
recon-all -s sub-v1s1x0050648_ses-1 finished without error at Thu Mar 12 16:25:27 CET 2026



#New# invocation of recon-all 



status file for recon-all
Thu Mar 12 16:52:56 CET 2026
#@# white curv lh Thu Mar 12 16:52:57 CET 2026
#@# white area lh Thu Mar 12 16:52:57 CET 2026
#@# pial curv lh Thu Mar 12 16:52:57 CET 2026
#@# pial area lh Thu Mar 12 16:52:57 CET 2026
#@# thickness lh Thu Mar 12 16:52:57 CET 2026
#@# area and vertex vol lh Thu Mar 12 16:52:57 CET 2026
#@# Parcellation Stats lh Thu Mar 12 16:52:57 CET 2026
#@# Parcellation Stats 2 lh Thu Mar 12 16:53:13 CET 2026
#@# Parcellation Stats 3 lh Thu Mar 12 16:53:21 CET 2026
#@# BA_exvivo Labels lh Thu Mar 12 16:53:30 CET 2026
recon-all -s sub-v1s1x0050648_ses-1 finished without error at Thu Mar 12 16:55:57 CET 2026
