/out/sourcedata/freesurfer/sub-v1s1x0050657_ses-1/mri
/opt/freesurfer/bin/talairach_avi
--i orig_nu.mgz --xfm transforms/talairach.auto.xfm
talairach_avi 7.3.2
Linux dna085 5.14.0-427.37.1.el9_4.x86_64 #1 SMP PREEMPT_DYNAMIC Fri Sep 13 12:41:50 EDT 2024 x86_64 x86_64 x86_64 GNU/Linux
Thu Mar 12 14:29:51 CET 2026
mri_convert orig_nu.mgz talsrcimg.img 
reading from orig_nu.mgz...
TR=0.00, TE=0.00, TI=0.00, flip angle=0.00
i_ras = (-1, 0, 0)
j_ras = (0, 0, -1)
k_ras = (0, 1, 0)
writing to talsrcimg.img...
Analyze Output Matrix
-1.00000   0.00000   0.00000   129.50000;
 0.00000   0.00000   1.00000  -128.00000;
 0.00000  -1.00000   0.00000   123.15833;
 0.00000   0.00000   0.00000   1.00000;
--------------------
INFO: set hdr.hist.orient to -1
mpr2mni305 talsrcimg
Thu Mar 12 14:29:51 CET 2026
/opt/freesurfer/bin/mpr2mni305 talsrcimg
mpr2mni305 7.3.2
target=711-2C_as_mni_average_305

---------------------------------------------------------------------
analyzeto4dfp talsrcimg -O0 -y
---------------------------------------------------------------------

freesurfer ifh2hdr.c
Thu Mar 12 14:29:52 2026
Writing: talsrcimg.4dfp.hdr
freesurfer analyzeto4dfp.c
Reading: talsrcimg.hdr
header size 348 bytes
hdr.dime.datatype	offset=70	value=2
hdr.dime.bitpix		offset=72	value=8
hdr.hist.orient		offset=252	value=-1
dimensionality     4
dimensions       256       256       256         1
Reading: talsrcimg.img
Writing: talsrcimg.4dfp.img
Writing: talsrcimg.4dfp.ifh
ifh2hdr talsrcimg -r0to252
ori=2

---------------------------------------------------------------------
gauss_4dfp talsrcimg 1.1
---------------------------------------------------------------------

freesurfer gauss_4dfp.c
Reading: talsrcimg.4dfp.img
Writing: talsrcimg_g11.4dfp.img
image dimensions 256 256 256 padded to 288 288 288
processing volume 1freesurfer ifh2hdr.c
Thu Mar 12 14:29:53 2026
Writing: talsrcimg_g11.4dfp.hdr

Writing: talsrcimg_g11.4dfp.ifh
including: talsrcimg.4dfp.img.rec in talsrcimg_g11.4dfp.img.rec

---------------------------------------------------------------------
imgreg_4dfp /opt/freesurfer/average/711-2C_as_mni_average_305 none talsrcimg_g11 none talsrcimg_to_711-2C_as_mni_average_305_t4 4355
---------------------------------------------------------------------

freesurfer imgreg_4dfp.c
/opt/freesurfer/average/711-2C_as_mni_average_305.4dfp.img
       256       256       256         1
  1.000000  1.000000  1.000000
orientation T byte_order littleendian
Reading image: /opt/freesurfer/average/711-2C_as_mni_average_305.4dfp.img
dimensions:      256       256       256
mmppix:       1.0000   -1.0000   -1.0000
center:     128.0000 -129.0000 -129.0000
talsrcimg_g11.4dfp.img
       256       256       256         1
  1.000000  1.000000  1.000000
orientation T byte_order littleendian
Reading image: talsrcimg_g11.4dfp.img
dimensions:      256       256       256
mmppix:       1.0000   -1.0000   -1.0000
center:     128.0000 -129.0000 -129.0000
t4_read: open error in t4_sub.f l:  41 t4_file(1:l)talsrcimg_to_711-2C_as_mni_average_305_t4 
t4_read: transform initialized to I4
rotation matrix determinant  1.000000
image alignment mode   4355 decimal     1103 hex
   -7.5000  -45.0000  -45.0000 8515.2754   12.2498
    0.0000  -45.0000  -45.0000 8956.9697   12.2388
    7.5000  -45.0000  -45.0000 8552.1631   12.2570
   -7.5000  -37.5000  -45.0000 9136.2627   12.1411
    0.0000  -37.5000  -45.0000 9615.1494   12.1292
    7.5000  -37.5000  -45.0000 9157.5449   12.1509
   -7.5000  -30.0000  -45.000010077.9990   12.1261
    0.0000  -30.0000  -45.000010622.7910   12.1127
    7.5000  -30.0000  -45.000010108.6143   12.1355
   -7.5000  -22.5000  -45.000011063.9229   12.1184
    0.0000  -22.5000  -45.000011652.6094   12.1053
    7.5000  -22.5000  -45.000011091.7354   12.1249
   -7.5000  -15.0000  -45.000011956.2773   12.1163
    0.0000  -15.0000  -45.000012588.4688   12.1041
    7.5000  -15.0000  -45.000011982.3242   12.1192
   -7.5000   -7.5000  -45.000012787.6543   12.1201
    0.0000   -7.5000  -45.000013438.6729   12.1087
    7.5000   -7.5000  -45.000012816.6377   12.1231
   -7.5000    0.0000  -45.000013518.8447   12.1225
    0.0000    0.0000  -45.000014196.5713   12.1116
    7.5000    0.0000  -45.000013522.6406   12.1293
   -7.5000    7.5000  -45.000013184.3086   12.1180
    0.0000    7.5000  -45.000013812.5635   12.1060
    7.5000    7.5000  -45.000013151.8213   12.1276
   -7.5000   15.0000  -45.000012635.6406   12.1132
    0.0000   15.0000  -45.000013232.0049   12.0998
    7.5000   15.0000  -45.000012579.3350   12.1226
   -7.5000   22.5000  -45.000011999.7227   12.1108
    0.0000   22.5000  -45.000012580.5557   12.0976
    7.5000   22.5000  -45.000011931.5234   12.1172
   -7.5000   30.0000  -45.000011320.6826   11.9534
    0.0000   30.0000  -45.000011895.9053   11.9413
    7.5000   30.0000  -45.000011258.0996   11.9562
   -7.5000   37.5000  -45.000010902.2969   11.9585
    0.0000   37.5000  -45.000011452.3682   11.9474
    7.5000   37.5000  -45.000010851.3359   11.9615
   -7.5000   45.0000  -45.0000 9955.2666   11.6574
    0.0000   45.0000  -45.000010446.2461   11.6469
    7.5000   45.0000  -45.0000 9891.7012   11.6639
   -7.5000  -45.0000  -37.5000 8875.2109   12.2431
    0.0000  -45.0000  -37.5000 9361.4355   12.2260
    7.5000  -45.0000  -37.5000 8911.9346   12.2439
   -7.5000  -37.5000  -37.5000 9554.7363   12.1351
    0.0000  -37.5000  -37.500010047.7197   12.1195
    7.5000  -37.5000  -37.5000 9571.0381   12.1413
   -7.5000  -30.0000  -37.500010552.8770   12.1180
    0.0000  -30.0000  -37.500011102.1367   12.1012
    7.5000  -30.0000  -37.500010576.1914   12.1247
   -7.5000  -22.5000  -37.500011579.4111   12.1075
    0.0000  -22.5000  -37.500012178.3643   12.0885
    7.5000  -22.5000  -37.500011599.6055   12.1094
   -7.5000  -15.0000  -37.500012526.2646   12.1040
    0.0000  -15.0000  -37.500013165.8887   12.0834
    7.5000  -15.0000  -37.500012548.4766   12.0995
   -7.5000   -7.5000  -37.500013359.1826   12.1101
    0.0000   -7.5000  -37.500014029.3584   12.0904
    7.5000   -7.5000  -37.500013375.9844   12.1050
   -7.5000    0.0000  -37.500014121.2812   12.1159
    0.0000    0.0000  -37.500014818.8740   12.0991
    7.5000    0.0000  -37.500014109.5586   12.1165
   -7.5000    7.5000  -37.500013744.0488   12.1119
    0.0000    7.5000  -37.500014418.4785   12.0964
    7.5000    7.5000  -37.500013720.6143   12.1180
   -7.5000   15.0000  -37.500013187.4033   12.1051
    0.0000   15.0000  -37.500013828.6289   12.0884
    7.5000   15.0000  -37.500013132.4570   12.1119
   -7.5000   22.5000  -37.500012536.8379   12.0998
    0.0000   22.5000  -37.500013145.2656   12.0808
    7.5000   22.5000  -37.500012482.8945   12.1017
   -7.5000   30.0000  -37.500011808.6543   11.9411
    0.0000   30.0000  -37.500012378.7930   11.9208
    7.5000   30.0000  -37.500011746.7451   11.9368
   -7.5000   37.5000  -37.500011366.6123   11.9487
    0.0000   37.5000  -37.500011928.0850   11.9293
    7.5000   37.5000  -37.500011327.1162   11.9436
   -7.5000   45.0000  -37.500010392.0586   11.6511
    0.0000   45.0000  -37.500010902.8389   11.6349
    7.5000   45.0000  -37.500010352.6943   11.6516
   -7.5000  -45.0000  -30.0000 9377.0713   12.7332
    0.0000  -45.0000  -30.0000 9856.7764   12.7117
    7.5000  -45.0000  -30.0000 9402.3857   12.7315
   -7.5000  -37.5000  -30.000010108.3623   12.6203
    0.0000  -37.5000  -30.000010621.6348   12.6023
    7.5000  -37.5000  -30.000010125.7676   12.6244
   -7.5000  -30.0000  -30.000011214.1924   12.6021
    0.0000  -30.0000  -30.000011788.1035   12.5838
    7.5000  -30.0000  -30.000011231.4141   12.6081
   -7.5000  -22.5000  -30.000012273.7031   12.5922
    0.0000  -22.5000  -30.000012909.5342   12.5703
    7.5000  -22.5000  -30.000012277.5557   12.5942
   -7.5000  -15.0000  -30.000013281.4473   12.5898
    0.0000  -15.0000  -30.000013955.6426   12.5641
    7.5000  -15.0000  -30.000013298.2979   12.5849
   -7.5000   -7.5000  -30.000014146.4229   12.5960
    0.0000   -7.5000  -30.000014877.1943   12.5707
    7.5000   -7.5000  -30.000014151.4609   12.5892
   -7.5000    0.0000  -30.000014924.5449   12.6012
    0.0000    0.0000  -30.000015657.8477   12.5800
    7.5000    0.0000  -30.000014908.3643   12.5993
   -7.5000    7.5000  -30.000014551.8682   12.5962
    0.0000    7.5000  -30.000015251.9463   12.5782
    7.5000    7.5000  -30.000014513.3867   12.6002
   -7.5000   15.0000  -30.000013964.2471   12.5887
    0.0000   15.0000  -30.000014649.4922   12.5705
    7.5000   15.0000  -30.000013919.8779   12.5948
   -7.5000   22.5000  -30.000013262.3916   12.5829
    0.0000   22.5000  -30.000013912.3330   12.5610
    7.5000   22.5000  -30.000013217.3076   12.5849
   -7.5000   30.0000  -30.000012427.2471   12.4215
    0.0000   30.0000  -30.000013037.3262   12.3962
    7.5000   30.0000  -30.000012379.7529   12.4167
   -7.5000   37.5000  -30.000012003.3076   12.4293
    0.0000   37.5000  -30.000012588.4971   12.4043
    7.5000   37.5000  -30.000011936.4014   12.4226
   -7.5000   45.0000  -30.000011023.2617   12.1266
    0.0000   45.0000  -30.000011566.0635   12.1062
    7.5000   45.0000  -30.000010952.6621   12.1248
   -7.5000  -45.0000  -22.5000 9842.2041   13.1596
    0.0000  -45.0000  -22.500010305.4512   13.1407
    7.5000  -45.0000  -22.5000 9870.9141   13.1625
   -7.5000  -37.5000  -22.500010621.5273   13.0397
    0.0000  -37.5000  -22.500011119.4395   13.0235
    7.5000  -37.5000  -22.500010638.1016   13.0460
   -7.5000  -30.0000  -22.500011808.1338   13.0212
    0.0000  -30.0000  -22.500012371.4102   13.0056
    7.5000  -30.0000  -22.500011803.6650   13.0303
   -7.5000  -22.5000  -22.500012909.9912   13.0160
    0.0000  -22.5000  -22.500013572.3213   12.9982
    7.5000  -22.5000  -22.500012909.9775   13.0240
   -7.5000  -15.0000  -22.500013978.9180   13.0184
    0.0000  -15.0000  -22.500014716.3770   12.9976
    7.5000  -15.0000  -22.500014001.9668   13.0218
   -7.5000   -7.5000  -22.500014919.0078   13.0231
    0.0000   -7.5000  -22.500015709.6572   13.0021
    7.5000   -7.5000  -22.500014927.5957   13.0242
   -7.5000    0.0000  -22.500015699.7344   13.0234
    0.0000    0.0000  -22.500016452.6328   13.0047
    7.5000    0.0000  -22.500015672.0830   13.0260
   -7.5000    7.5000  -22.500015306.9805   13.0148
    0.0000    7.5000  -22.500015974.0811   12.9986
    7.5000    7.5000  -22.500015258.4287   13.0209
   -7.5000   15.0000  -22.500014751.1855   13.0074
    0.0000   15.0000  -22.500015421.2969   12.9918
    7.5000   15.0000  -22.500014692.7012   13.0165
   -7.5000   22.5000  -22.500013985.9590   13.0056
    0.0000   22.5000  -22.500014650.9717   12.9877
    7.5000   22.5000  -22.500013934.1641   13.0135
   -7.5000   30.0000  -22.500013085.4873   12.8464
    0.0000   30.0000  -22.500013753.6582   12.8258
    7.5000   30.0000  -22.500013015.5166   12.8498
   -7.5000   37.5000  -22.500012668.0752   12.8527
    0.0000   37.5000  -22.500013324.1934   12.8320
    7.5000   37.5000  -22.500012566.1074   12.8538
   -7.5000   45.0000  -22.500011657.9834   12.5423
    0.0000   45.0000  -22.500012288.2939   12.5243
    7.5000   45.0000  -22.500011562.3740   12.5448
   -7.5000  -45.0000  -15.000010226.6162   13.4805
    0.0000  -45.0000  -15.000010735.4951   13.4684
    7.5000  -45.0000  -15.000010262.7041   13.4919
   -7.5000  -37.5000  -15.000011043.7031   13.3557
    0.0000  -37.5000  -15.000011599.7598   13.3434
    7.5000  -37.5000  -15.000011060.5752   13.3671
   -7.5000  -30.0000  -15.000012258.8926   13.3380
    0.0000  -30.0000  -15.000012877.7490   13.3263
    7.5000  -30.0000  -15.000012252.4463   13.3521
   -7.5000  -22.5000  -15.000013421.5146   13.3367
    0.0000  -22.5000  -15.000014105.6191   13.3255
    7.5000  -22.5000  -15.000013434.5459   13.3523
   -7.5000  -15.0000  -15.000014549.1484   13.3421
    0.0000  -15.0000  -15.000015374.1943   13.3308
    7.5000  -15.0000  -15.000014610.7188   13.3564
   -7.5000   -7.5000  -15.000015640.5762   13.3449
    0.0000   -7.5000  -15.000016556.8965   13.3333
    7.5000   -7.5000  -15.000015691.1162   13.3572
   -7.5000    0.0000  -15.000016562.1602   13.3410
    0.0000    0.0000  -15.000017375.3418   13.3289
    7.5000    0.0000  -15.000016551.6270   13.3518
   -7.5000    7.5000  -15.000016154.5439   13.3301
    0.0000    7.5000  -15.000016844.2324   13.3179
    7.5000    7.5000  -15.000016085.1084   13.3415
   -7.5000   15.0000  -15.000015552.1221   13.3238
    0.0000   15.0000  -15.000016270.3555   13.3122
    7.5000   15.0000  -15.000015441.2344   13.3380
   -7.5000   22.5000  -15.000014700.1494   13.3255
    0.0000   22.5000  -15.000015476.6553   13.3143
    7.5000   22.5000  -15.000014609.6709   13.3410
   -7.5000   30.0000  -15.000013756.0195   13.1677
    0.0000   30.0000  -15.000014532.8994   13.1566
    7.5000   30.0000  -15.000013635.1953   13.1818
   -7.5000   37.5000  -15.000013259.8643   13.1722
    0.0000   37.5000  -15.000014022.2402   13.1607
    7.5000   37.5000  -15.000013111.1670   13.1843
   -7.5000   45.0000  -15.000012197.7705   12.8558
    0.0000   45.0000  -15.000012904.2676   12.8442
    7.5000   45.0000  -15.000012080.3320   12.8663
   -7.5000  -45.0000   -7.500010598.0508   13.6570
    0.0000  -45.0000   -7.500011104.4287   13.6479
    7.5000  -45.0000   -7.500010648.1602   13.6707
   -7.5000  -37.5000   -7.500011433.9346   13.5332
    0.0000  -37.5000   -7.500011995.2861   13.5222
    7.5000  -37.5000   -7.500011483.6631   13.5467
   -7.5000  -30.0000   -7.500012704.8057   13.5170
    0.0000  -30.0000   -7.500013344.7227   13.5056
    7.5000  -30.0000   -7.500012719.6553   13.5314
   -7.5000  -22.5000   -7.500013891.7871   13.5135
    0.0000  -22.5000   -7.500014608.7422   13.5037
    7.5000  -22.5000   -7.500013910.6729   13.5283
   -7.5000  -15.0000   -7.500015013.6836   13.5156
    0.0000  -15.0000   -7.500015849.8965   13.5075
    7.5000  -15.0000   -7.500015089.8242   13.5293
   -7.5000   -7.5000   -7.500016194.1475   13.5177
    0.0000   -7.5000   -7.500017302.1406   13.5098
    7.5000   -7.5000   -7.500016289.5781   13.5308
   -7.5000    0.0000   -7.500017341.4883   13.5154
    0.0000    0.0000   -7.500018577.7695   13.5064
    7.5000    0.0000   -7.500017411.6562   13.5286
   -7.5000    7.5000   -7.500016969.9414   13.5073
    0.0000    7.5000   -7.500018079.3320   13.4964
    7.5000    7.5000   -7.500016944.1289   13.5208
   -7.5000   15.0000   -7.500016268.3506   13.5026
    0.0000   15.0000   -7.500017278.8672   13.4913
    7.5000   15.0000   -7.500016165.8369   13.5171
   -7.5000   22.5000   -7.500015345.4844   13.5007
    0.0000   22.5000   -7.500016285.8613   13.4909
    7.5000   22.5000   -7.500015225.5273   13.5155
   -7.5000   30.0000   -7.500014344.5957   13.3386
    0.0000   30.0000   -7.500015203.9912   13.3306
    7.5000   30.0000   -7.500014201.7549   13.3522
   -7.5000   37.5000   -7.500013788.0801   13.3424
    0.0000   37.5000   -7.500014595.8447   13.3346
    7.5000   37.5000   -7.500013646.9453   13.3553
   -7.5000   45.0000   -7.500012714.3389   13.0264
    0.0000   45.0000   -7.500013425.0322   13.0177
    7.5000   45.0000   -7.500012580.7959   13.0391
   -7.5000  -45.0000    0.000010849.4531   13.6990
    0.0000  -45.0000    0.000011390.5518   13.6867
    7.5000  -45.0000    0.000010907.7168   13.7070
   -7.5000  -37.5000    0.000011710.4961   13.5776
    0.0000  -37.5000    0.000012295.3711   13.5643
    7.5000  -37.5000    0.000011764.6797   13.5885
   -7.5000  -30.0000    0.000013039.7441   13.5606
    0.0000  -30.0000    0.000013706.6738   13.5457
    7.5000  -30.0000    0.000013077.0508   13.5712
   -7.5000  -22.5000    0.000014276.0459   13.5518
    0.0000  -22.5000    0.000014988.8135   13.5372
    7.5000  -22.5000    0.000014325.0654   13.5591
   -7.5000  -15.0000    0.000015459.6777   13.5494
    0.0000  -15.0000    0.000016221.4160   13.5358
    7.5000  -15.0000    0.000015525.1895   13.5527
   -7.5000   -7.5000    0.000016693.7676   13.5538
    0.0000   -7.5000    0.000017639.6230   13.5411
    7.5000   -7.5000    0.000016773.5410   13.5572
   -7.5000    0.0000    0.000017910.3594   13.5568
    0.0000    0.0000    0.000018984.3145   13.5446
    7.5000    0.0000    0.000017966.2676   13.5643
   -7.5000    7.5000    0.000017544.0645   13.5517
    0.0000    7.5000    0.000018521.5664   13.5384
    7.5000    7.5000    0.000017524.7578   13.5625
   -7.5000   15.0000    0.000016834.5020   13.5461
    0.0000   15.0000    0.000017732.3379   13.5313
    7.5000   15.0000    0.000016774.2402   13.5568
   -7.5000   22.5000    0.000015903.7178   13.5389
    0.0000   22.5000    0.000016777.7891   13.5242
    7.5000   22.5000    0.000015814.3291   13.5461
   -7.5000   30.0000    0.000014839.8545   13.3724
    0.0000   30.0000    0.000015652.2822   13.3589
    7.5000   30.0000    0.000014720.1855   13.3756
   -7.5000   37.5000    0.000014220.2520   13.3783
    0.0000   37.5000    0.000014990.4541   13.3658
    7.5000   37.5000    0.000014090.0371   13.3817
   -7.5000   45.0000    0.000013068.2588   13.0673
    0.0000   45.0000    0.000013757.4805   13.0555
    7.5000   45.0000    0.000012930.9912   13.0746
   -7.5000  -45.0000    7.500010272.9541   13.7003
    0.0000  -45.0000    7.500010817.1084   13.6812
    7.5000  -45.0000    7.500010338.5293   13.7013
   -7.5000  -37.5000    7.500011095.6367   13.5795
    0.0000  -37.5000    7.500011657.6748   13.5621
    7.5000  -37.5000    7.500011144.5137   13.5864
   -7.5000  -30.0000    7.500012356.4141   13.5604
    0.0000  -30.0000    7.500012975.0576   13.5416
    7.5000  -30.0000    7.500012424.6045   13.5679
   -7.5000  -22.5000    7.500013576.5410   13.5486
    0.0000  -22.5000    7.500014231.8369   13.5274
    7.5000  -22.5000    7.500013647.6494   13.5507
   -7.5000  -15.0000    7.500014759.7031   13.5447
    0.0000  -15.0000    7.500015460.3984   13.5217
    7.5000  -15.0000    7.500014821.0996   13.5397
   -7.5000   -7.5000    7.500015902.3545   13.5515
    0.0000   -7.5000    7.500016787.5742   13.5295
    7.5000   -7.5000    7.500015972.6396   13.5458
   -7.5000    0.0000    7.500016957.5254   13.5581
    0.0000    0.0000    7.500017863.3906   13.5392
    7.5000    0.0000    7.500017034.3633   13.5587
   -7.5000    7.5000    7.500016486.3379   13.5536
    0.0000    7.5000    7.500017231.1621   13.5362
    7.5000    7.5000    7.500016509.5078   13.5604
   -7.5000   15.0000    7.500015842.5205   13.5460
    0.0000   15.0000    7.500016531.5117   13.5272
    7.5000   15.0000    7.500015798.8896   13.5535
   -7.5000   22.5000    7.500015032.7217   13.5356
    0.0000   22.5000    7.500015749.7100   13.5144
    7.5000   22.5000    7.500014962.0791   13.5377
   -7.5000   30.0000    7.500014037.7812   13.3676
    0.0000   30.0000    7.500014730.6289   13.3449
    7.5000   30.0000    7.500013943.0762   13.3627
   -7.5000   37.5000    7.500013456.8652   13.3761
    0.0000   37.5000    7.500014116.4531   13.3544
    7.5000   37.5000    7.500013332.9326   13.3704
   -7.5000   45.0000    7.500012331.6641   13.0686
    0.0000   45.0000    7.500012935.8643   13.0504
    7.5000   45.0000    7.500012210.1982   13.0692
   -7.5000  -45.0000   15.0000 9673.3135   13.8480
    0.0000  -45.0000   15.000010201.4854   13.8240
    7.5000  -45.0000   15.0000 9736.6689   13.8460
   -7.5000  -37.5000   15.000010475.0273   13.7240
    0.0000  -37.5000   15.000011022.4199   13.7037
    7.5000  -37.5000   15.000010520.1543   13.7282
   -7.5000  -30.0000   15.000011693.8643   13.7040
    0.0000  -30.0000   15.000012294.8760   13.6836
    7.5000  -30.0000   15.000011753.0674   13.7104
   -7.5000  -22.5000   15.000012857.1025   13.6930
    0.0000  -22.5000   15.000013522.4160   13.6688
    7.5000  -22.5000   15.000012920.8018   13.6951
   -7.5000  -15.0000   15.000013935.7646   13.6902
    0.0000  -15.0000   15.000014641.8779   13.6619
    7.5000  -15.0000   15.000013998.8008   13.6848
   -7.5000   -7.5000   15.000014973.6885   13.6969
    0.0000   -7.5000   15.000015747.1934   13.6689
    7.5000   -7.5000   15.000015045.0938   13.6894
   -7.5000    0.0000   15.000015846.0576   13.7027
    0.0000    0.0000   15.000016547.5234   13.6790
    7.5000    0.0000   15.000015907.4453   13.7004
   -7.5000    7.5000   15.000015367.3398   13.6974
    0.0000    7.5000   15.000015963.2617   13.6772
    7.5000    7.5000   15.000015395.6113   13.7015
   -7.5000   15.0000   15.000014825.3857   13.6893
    0.0000   15.0000   15.000015414.0781   13.6689
    7.5000   15.0000   15.000014828.2979   13.6957
   -7.5000   22.5000   15.000014096.1230   13.6798
    0.0000   22.5000   15.000014707.6191   13.6556
    7.5000   22.5000   15.000014063.2881   13.6819
   -7.5000   30.0000   15.000013158.4209   13.5112
    0.0000   30.0000   15.000013742.0410   13.4832
    7.5000   30.0000   15.000013079.6211   13.5059
   -7.5000   37.5000   15.000012607.5850   13.5196
    0.0000   37.5000   15.000013187.5791   13.4920
    7.5000   37.5000   15.000012496.4893   13.5122
   -7.5000   45.0000   15.000011546.9414   13.2080
    0.0000   45.0000   15.000012081.0928   13.1852
    7.5000   45.0000   15.000011440.9600   13.2058
   -7.5000  -45.0000   22.5000 9038.5332   14.0375
    0.0000  -45.0000   22.5000 9551.6201   14.0171
    7.5000  -45.0000   22.5000 9082.5176   14.0414
   -7.5000  -37.5000   22.5000 9787.8516   13.9068
    0.0000  -37.5000   22.500010320.0352   13.8891
    7.5000  -37.5000   22.5000 9815.1475   13.9139
   -7.5000  -30.0000   22.500010908.6133   13.8873
    0.0000  -30.0000   22.500011500.8242   13.8701
    7.5000  -30.0000   22.500010947.4082   13.8972
   -7.5000  -22.5000   22.500011964.6670   13.8816
    0.0000  -22.5000   22.500012593.0244   13.8621
    7.5000  -22.5000   22.500012021.6182   13.8904
   -7.5000  -15.0000   22.500012915.8418   13.8836
    0.0000  -15.0000   22.500013573.0684   13.8611
    7.5000  -15.0000   22.500013014.3047   13.8878
   -7.5000   -7.5000   22.500013830.2070   13.8880
    0.0000   -7.5000   22.500014514.0625   13.8654
    7.5000   -7.5000   22.500013944.2832   13.8900
   -7.5000    0.0000   22.500014631.0049   13.8882
    0.0000    0.0000   22.500015243.3057   13.8680
    7.5000    0.0000   22.500014688.1016   13.8917
   -7.5000    7.5000   22.500014225.4678   13.8795
    0.0000    7.5000   22.500014762.4482   13.8618
    7.5000    7.5000   22.500014240.1514   13.8865
   -7.5000   15.0000   22.500013709.8633   13.8722
    0.0000   15.0000   22.500014261.2129   13.8551
    7.5000   15.0000   22.500013724.8691   13.8821
   -7.5000   22.5000   22.500013055.8584   13.8682
    0.0000   22.5000   22.500013586.9199   13.8487
    7.5000   22.5000   22.500013045.5557   13.8769
   -7.5000   30.0000   22.500012205.0879   13.7020
    0.0000   30.0000   22.500012722.0039   13.6798
    7.5000   30.0000   22.500012158.2520   13.7062
   -7.5000   37.5000   22.500011699.9951   13.7083
    0.0000   37.5000   22.500012224.0693   13.6860
    7.5000   37.5000   22.500011618.8672   13.7102
   -7.5000   45.0000   22.500010730.3848   13.3868
    0.0000   45.0000   22.500011217.9854   13.3673
    7.5000   45.0000   22.500010637.6104   13.3902
   -7.5000  -45.0000   30.0000 8340.1455   14.3605
    0.0000  -45.0000   30.0000 8803.4521   14.3463
    7.5000  -45.0000   30.0000 8387.7930   14.3754
   -7.5000  -37.5000   30.0000 9024.3672   14.2240
    0.0000  -37.5000   30.0000 9515.7422   14.2095
    7.5000  -37.5000   30.0000 9055.3037   14.2385
   -7.5000  -30.0000   30.000010039.7041   14.2032
    0.0000  -30.0000   30.000010586.4824   14.1896
    7.5000  -30.0000   30.000010086.0752   14.2207
   -7.5000  -22.5000   30.000011002.2168   14.1974
    0.0000  -22.5000   30.000011571.1289   14.1847
    7.5000  -22.5000   30.000011048.3926   14.2169
   -7.5000  -15.0000   30.000011881.3486   14.2002
    0.0000  -15.0000   30.000012476.7793   14.1875
    7.5000  -15.0000   30.000011977.2617   14.2186
   -7.5000   -7.5000   30.000012727.9492   14.2047
    0.0000   -7.5000   30.000013329.0068   14.1914
    7.5000   -7.5000   30.000012819.3525   14.2208
   -7.5000    0.0000   30.000013444.7471   14.2044
    0.0000    0.0000   30.000014019.2900   14.1903
    7.5000    0.0000   30.000013501.3203   14.2187
   -7.5000    7.5000   30.000013081.2188   14.1954
    0.0000    7.5000   30.000013596.5938   14.1809
    7.5000    7.5000   30.000013106.6562   14.2099
   -7.5000   15.0000   30.000012602.7021   14.1874
    0.0000   15.0000   30.000013110.2412   14.1738
    7.5000   15.0000   30.000012619.8379   14.2049
   -7.5000   22.5000   30.000011998.3691   14.1836
    0.0000   22.5000   30.000012491.6973   14.1709
    7.5000   22.5000   30.000012004.0908   14.2030
   -7.5000   30.0000   30.000011227.5078   14.0145
    0.0000   30.0000   30.000011719.4404   14.0020
    7.5000   30.0000   30.000011208.5479   14.0327
   -7.5000   37.5000   30.000010771.3096   14.0208
    0.0000   37.5000   30.000011261.2344   14.0077
    7.5000   37.5000   30.000010735.2764   14.0368
   -7.5000   45.0000   30.0000 9899.7969   13.6914
    0.0000   45.0000   30.000010338.9873   13.6779
    7.5000   45.0000   30.0000 9835.6436   13.7052
   -7.5000  -45.0000   37.5000 7947.9878   14.8650
    0.0000  -45.0000   37.5000 8374.5938   14.8540
    7.5000  -45.0000   37.5000 8007.0615   14.8825
   -7.5000  -37.5000   37.5000 8594.3037   14.7230
    0.0000  -37.5000   37.5000 9074.2764   14.7095
    7.5000  -37.5000   37.5000 8658.2510   14.7391
   -7.5000  -30.0000   37.5000 9544.9268   14.7045
    0.0000  -30.0000   37.500010068.6191   14.6898
    7.5000  -30.0000   37.5000 9599.0977   14.7206
   -7.5000  -22.5000   37.500010500.8721   14.6963
    0.0000  -22.5000   37.500011046.3047   14.6833
    7.5000  -22.5000   37.500010548.7539   14.7131
   -7.5000  -15.0000   37.500011369.6748   14.6945
    0.0000  -15.0000   37.500011956.1846   14.6837
    7.5000  -15.0000   37.500011446.9307   14.7112
   -7.5000   -7.5000   37.500012178.4307   14.6967
    0.0000   -7.5000   37.500012782.5693   14.6867
    7.5000   -7.5000   37.500012246.2266   14.7136
   -7.5000    0.0000   37.500012840.5146   14.6978
    0.0000    0.0000   37.500013408.2998   14.6867
    7.5000    0.0000   37.500012874.4980   14.7146
   -7.5000    7.5000   37.500012499.7520   14.6925
    0.0000    7.5000   37.500013034.1973   14.6790
    7.5000    7.5000   37.500012533.7393   14.7085
   -7.5000   15.0000   37.500012046.1963   14.6875
    0.0000   15.0000   37.500012561.6650   14.6729
    7.5000   15.0000   37.500012079.6641   14.7037
   -7.5000   22.5000   37.500011473.2686   14.6818
    0.0000   22.5000   37.500011964.3789   14.6687
    7.5000   22.5000   37.500011491.9824   14.6986
   -7.5000   30.0000   37.500010759.6367   14.5023
    0.0000   30.0000   37.500011248.1973   14.4916
    7.5000   30.0000   37.500010748.7334   14.5188
   -7.5000   37.5000   37.500010315.6162   14.5064
    0.0000   37.5000   37.500010807.6416   14.4966
    7.5000   37.5000   37.500010287.6094   14.5231
   -7.5000   45.0000   37.5000 9466.2422   14.1670
    0.0000   45.0000   37.5000 9900.3516   14.1563
    7.5000   45.0000   37.5000 9420.2803   14.1832
   -7.5000  -45.0000   45.0000 7250.3950   15.4367
    0.0000  -45.0000   45.0000 7619.9053   15.4208
    7.5000  -45.0000   45.0000 7300.0254   15.4465
   -7.5000  -37.5000   45.0000 7832.2866   15.2841
    0.0000  -37.5000   45.0000 8239.4893   15.2654
    7.5000  -37.5000   45.0000 7885.9946   15.2952
   -7.5000  -30.0000   45.0000 8712.5898   15.2643
    0.0000  -30.0000   45.0000 9159.4414   15.2418
    7.5000  -30.0000   45.0000 8750.7383   15.2735
   -7.5000  -22.5000   45.0000 9606.7695   15.2527
    0.0000  -22.5000   45.000010101.5146   15.2305
    7.5000  -22.5000   45.0000 9649.6992   15.2585
   -7.5000  -15.0000   45.000010422.2051   15.2476
    0.0000  -15.0000   45.000010981.5332   15.2281
    7.5000  -15.0000   45.000010480.3184   15.2504
   -7.5000   -7.5000   45.000011145.2080   15.2512
    0.0000   -7.5000   45.000011725.8398   15.2345
    7.5000   -7.5000   45.000011196.5273   15.2556
   -7.5000    0.0000   45.000011739.1230   15.2552
    0.0000    0.0000   45.000012292.9961   15.2395
    7.5000    0.0000   45.000011781.3906   15.2644
   -7.5000    7.5000   45.000011430.1348   15.2511
    0.0000    7.5000   45.000011955.7354   15.2324
    7.5000    7.5000   45.000011476.7588   15.2621
   -7.5000   15.0000   45.000011033.1719   15.2459
    0.0000   15.0000   45.000011524.3369   15.2235
    7.5000   15.0000   45.000011068.8838   15.2551
   -7.5000   22.5000   45.000010518.9287   15.2372
    0.0000   22.5000   45.000010996.6309   15.2149
    7.5000   22.5000   45.000010541.2305   15.2429
   -7.5000   30.0000   45.0000 9866.9658   15.0468
    0.0000   30.0000   45.000010331.6123   15.0275
    7.5000   30.0000   45.0000 9888.3105   15.0495
   -7.5000   37.5000   45.0000 9453.0645   15.0524
    0.0000   37.5000   45.0000 9924.4355   15.0360
    7.5000   37.5000   45.0000 9471.5068   15.0568
   -7.5000   45.0000   45.0000 8682.6348   14.7109
    0.0000   45.0000   45.0000 9106.7734   14.6957
    7.5000   45.0000   45.0000 8675.2705   14.7198

---------------------------------------------------------------------
imgreg_4dfp /opt/freesurfer/average/711-2C_as_mni_average_305 /opt/freesurfer/average/711-2B_as_mni_average_305_mask talsrcimg_g11 none talsrcimg_to_711-2C_as_mni_average_305_t4 4355
---------------------------------------------------------------------

freesurfer imgreg_4dfp.c
/opt/freesurfer/average/711-2C_as_mni_average_305.4dfp.img
       256       256       256         1
  1.000000  1.000000  1.000000
orientation T byte_order littleendian
Reading image: /opt/freesurfer/average/711-2C_as_mni_average_305.4dfp.img
dimensions:      256       256       256
mmppix:       1.0000   -1.0000   -1.0000
center:     128.0000 -129.0000 -129.0000
/opt/freesurfer/average/711-2B_as_mni_average_305_mask.4dfp.img
       256       256       256         1
  1.000000  1.000000  1.000000
orientation T byte_order littleendian
Reading mask: /opt/freesurfer/average/711-2B_as_mni_average_305_mask.4dfp.img (2306576 pixels)
talsrcimg_g11.4dfp.img
       256       256       256         1
  1.000000  1.000000  1.000000
orientation T byte_order littleendian
Reading image: talsrcimg_g11.4dfp.img
dimensions:      256       256       256
mmppix:       1.0000   -1.0000   -1.0000
center:     128.0000 -129.0000 -129.0000
rotation matrix determinant  1.000000
image alignment mode   4355 decimal     1103 hex
   -7.5000  -45.0000  -45.0000 2266.3601   13.9391
    0.0000  -45.0000  -45.0000 2283.8276   13.9043
    7.5000  -45.0000  -45.0000 2270.0374   13.9061
   -7.5000  -37.5000  -45.0000 2380.9761   12.6429
    0.0000  -37.5000  -45.0000 2396.4075   12.6164
    7.5000  -37.5000  -45.0000 2381.3003   12.6046
   -7.5000  -30.0000  -45.0000 2466.0583   11.5989
    0.0000  -30.0000  -45.0000 2487.4868   11.5709
    7.5000  -30.0000  -45.0000 2470.9587   11.5931
   -7.5000  -22.5000  -45.0000 2544.7019   10.8745
    0.0000  -22.5000  -45.0000 2565.3867   10.8268
    7.5000  -22.5000  -45.0000 2549.4766   10.8701
   -7.5000  -15.0000  -45.0000 2586.5989   10.4763
    0.0000  -15.0000  -45.0000 2607.0261   10.3889
    7.5000  -15.0000  -45.0000 2592.1965   10.4437
   -7.5000   -7.5000  -45.0000 2617.1355   10.2744
    0.0000   -7.5000  -45.0000 2636.9998   10.1587
    7.5000   -7.5000  -45.0000 2622.4929   10.2471
   -7.5000    0.0000  -45.0000 2621.0964   10.2550
    0.0000    0.0000  -45.0000 2642.0603   10.1479
    7.5000    0.0000  -45.0000 2627.0835   10.2340
   -7.5000    7.5000  -45.0000 2619.0991   10.3867
    0.0000    7.5000  -45.0000 2639.6511   10.2721
    7.5000    7.5000  -45.0000 2625.5967   10.3513
   -7.5000   15.0000  -45.0000 2592.8037   10.6801
    0.0000   15.0000  -45.0000 2613.2480   10.5883
    7.5000   15.0000  -45.0000 2600.3535   10.6701
   -7.5000   22.5000  -45.0000 2543.5811   11.1600
    0.0000   22.5000  -45.0000 2568.6052   11.0398
    7.5000   22.5000  -45.0000 2553.4519   11.1247
   -7.5000   30.0000  -45.0000 2473.7629   11.8042
    0.0000   30.0000  -45.0000 2498.0522   11.6823
    7.5000   30.0000  -45.0000 2483.2070   11.7688
   -7.5000   37.5000  -45.0000 2384.0186   12.6579
    0.0000   37.5000  -45.0000 2404.5801   12.5400
    7.5000   37.5000  -45.0000 2393.6238   12.6133
   -7.5000   45.0000  -45.0000 2277.3337   13.8244
    0.0000   45.0000  -45.0000 2294.6375   13.6984
    7.5000   45.0000  -45.0000 2279.0886   13.7694
   -7.5000  -45.0000  -37.5000 2314.5205   13.4019
    0.0000  -45.0000  -37.5000 2335.2192   13.3453
    7.5000  -45.0000  -37.5000 2318.9434   13.3507
   -7.5000  -37.5000  -37.5000 2433.3909   12.1235
    0.0000  -37.5000  -37.5000 2450.8364   12.0743
    7.5000  -37.5000  -37.5000 2433.8838   12.0948
   -7.5000  -30.0000  -37.5000 2522.1401   11.0901
    0.0000  -30.0000  -37.5000 2544.8213   11.0265
    7.5000  -30.0000  -37.5000 2526.4846   11.0767
   -7.5000  -22.5000  -37.5000 2608.1902   10.3174
    0.0000  -22.5000  -37.5000 2633.6223   10.2174
    7.5000  -22.5000  -37.5000 2614.1284   10.2892
   -7.5000  -15.0000  -37.5000 2663.4785    9.8578
    0.0000  -15.0000  -37.5000 2685.6274    9.7502
    7.5000  -15.0000  -37.5000 2669.9243    9.8208
   -7.5000   -7.5000  -37.5000 2696.0488    9.6060
    0.0000   -7.5000  -37.5000 2717.5579    9.4805
    7.5000   -7.5000  -37.5000 2705.6445    9.5572
   -7.5000    0.0000  -37.5000 2706.6470    9.5705
    0.0000    0.0000  -37.5000 2728.4207    9.4455
    7.5000    0.0000  -37.5000 2713.0825    9.5323
   -7.5000    7.5000  -37.5000 2702.0847    9.7105
    0.0000    7.5000  -37.5000 2725.1257    9.5870
    7.5000    7.5000  -37.5000 2711.6125    9.6957
   -7.5000   15.0000  -37.5000 2674.5337   10.0017
    0.0000   15.0000  -37.5000 2700.7383    9.8774
    7.5000   15.0000  -37.5000 2688.6299    9.9754
   -7.5000   22.5000  -37.5000 2632.2161   10.4576
    0.0000   22.5000  -37.5000 2658.6230   10.3015
    7.5000   22.5000  -37.5000 2645.2434   10.4144
   -7.5000   30.0000  -37.5000 2560.7878   11.0471
    0.0000   30.0000  -37.5000 2581.6616   10.8868
    7.5000   30.0000  -37.5000 2572.2302   10.9876
   -7.5000   37.5000  -37.5000 2463.7971   11.8303
    0.0000   37.5000  -37.5000 2485.1741   11.6862
    7.5000   37.5000  -37.5000 2474.8364   11.7744
   -7.5000   45.0000  -37.5000 2349.5149   12.9352
    0.0000   45.0000  -37.5000 2368.5476   12.7840
    7.5000   45.0000  -37.5000 2358.1313   12.8806
   -7.5000  -45.0000  -30.0000 2390.2200   13.3797
    0.0000  -45.0000  -30.0000 2408.4185   13.2679
    7.5000  -45.0000  -30.0000 2397.9395   13.3051
   -7.5000  -37.5000  -30.0000 2511.7153   12.0835
    0.0000  -37.5000  -30.0000 2534.5032   11.9733
    7.5000  -37.5000  -30.0000 2520.3662   12.0252
   -7.5000  -30.0000  -30.0000 2611.7075   11.0029
    0.0000  -30.0000  -30.0000 2640.6963   10.9020
    7.5000  -30.0000  -30.0000 2622.8357   10.9778
   -7.5000  -22.5000  -30.0000 2704.0444   10.1879
    0.0000  -22.5000  -30.0000 2730.1184   10.0634
    7.5000  -22.5000  -30.0000 2712.0259   10.1421
   -7.5000  -15.0000  -30.0000 2773.3203    9.6488
    0.0000  -15.0000  -30.0000 2796.6240    9.5000
    7.5000  -15.0000  -30.0000 2782.2874    9.5927
   -7.5000   -7.5000  -30.0000 2811.7490    9.3392
    0.0000   -7.5000  -30.0000 2837.0569    9.2050
    7.5000   -7.5000  -30.0000 2820.3367    9.2762
   -7.5000    0.0000  -30.0000 2832.6365    9.2451
    0.0000    0.0000  -30.0000 2859.3442    9.1067
    7.5000    0.0000  -30.0000 2839.5105    9.2163
   -7.5000    7.5000  -30.0000 2832.9663    9.3764
    0.0000    7.5000  -30.0000 2857.0100    9.2292
    7.5000    7.5000  -30.0000 2842.2039    9.3584
   -7.5000   15.0000  -30.0000 2808.0430    9.6908
    0.0000   15.0000  -30.0000 2834.8933    9.5241
    7.5000   15.0000  -30.0000 2823.7119    9.6514
   -7.5000   22.5000  -30.0000 2758.9438   10.1724
    0.0000   22.5000  -30.0000 2787.7415    9.9890
    7.5000   22.5000  -30.0000 2776.5476   10.1094
   -7.5000   30.0000  -30.0000 2683.1494   10.7430
    0.0000   30.0000  -30.0000 2711.0239   10.5607
    7.5000   30.0000  -30.0000 2698.8069   10.6949
   -7.5000   37.5000  -30.0000 2586.6050   11.4936
    0.0000   37.5000  -30.0000 2613.9778   11.3211
    7.5000   37.5000  -30.0000 2598.8176   11.4644
   -7.5000   45.0000  -30.0000 2465.7231   12.5877
    0.0000   45.0000  -30.0000 2489.3284   12.4114
    7.5000   45.0000  -30.0000 2476.5928   12.5537
   -7.5000  -45.0000  -22.5000 2429.5159   13.4037
    0.0000  -45.0000  -22.5000 2447.0491   13.1875
    7.5000  -45.0000  -22.5000 2437.1643   13.3019
   -7.5000  -37.5000  -22.5000 2557.4150   12.0293
    0.0000  -37.5000  -22.5000 2576.1101   11.8378
    7.5000  -37.5000  -22.5000 2570.7207   11.9570
   -7.5000  -30.0000  -22.5000 2661.9700   10.9186
    0.0000  -30.0000  -22.5000 2686.4619   10.7502
    7.5000  -30.0000  -22.5000 2676.1387   10.8558
   -7.5000  -22.5000  -22.5000 2749.6709   10.0821
    0.0000  -22.5000  -22.5000 2776.9448    9.9205
    7.5000  -22.5000  -22.5000 2763.2869   10.0091
   -7.5000  -15.0000  -22.5000 2827.6494    9.4635
    0.0000  -15.0000  -22.5000 2853.9573    9.3183
    7.5000  -15.0000  -22.5000 2839.6938    9.4000
   -7.5000   -7.5000  -22.5000 2878.1042    9.1009
    0.0000   -7.5000  -22.5000 2907.6096    8.9739
    7.5000   -7.5000  -22.5000 2891.0139    9.0555
   -7.5000    0.0000  -22.5000 2906.3799    8.9428
    0.0000    0.0000  -22.5000 2938.7725    8.7813
    7.5000    0.0000  -22.5000 2917.8779    8.9166
   -7.5000    7.5000  -22.5000 2919.1436    9.0430
    0.0000    7.5000  -22.5000 2938.7349    8.8400
    7.5000    7.5000  -22.5000 2928.7666    9.0033
   -7.5000   15.0000  -22.5000 2899.5854    9.3952
    0.0000   15.0000  -22.5000 2925.3948    9.1925
    7.5000   15.0000  -22.5000 2912.1560    9.3428
   -7.5000   22.5000  -22.5000 2852.1228    9.8945
    0.0000   22.5000  -22.5000 2883.3909    9.6940
    7.5000   22.5000  -22.5000 2867.3235    9.8339
   -7.5000   30.0000  -22.5000 2778.0962   10.4584
    0.0000   30.0000  -22.5000 2807.6680   10.2691
    7.5000   30.0000  -22.5000 2793.6538   10.4093
   -7.5000   37.5000  -22.5000 2678.6252   11.2167
    0.0000   37.5000  -22.5000 2705.2271   11.0343
    7.5000   37.5000  -22.5000 2690.5042   11.1758
   -7.5000   45.0000  -22.5000 2553.4932   12.3046
    0.0000   45.0000  -22.5000 2580.0388   12.1204
    7.5000   45.0000  -22.5000 2564.2964   12.2515
   -7.5000  -45.0000  -15.0000 2427.7344   13.3681
    0.0000  -45.0000  -15.0000 2448.9644   13.1839
    7.5000  -45.0000  -15.0000 2441.4790   13.2824
   -7.5000  -37.5000  -15.0000 2561.1775   11.9546
    0.0000  -37.5000  -15.0000 2584.3169   11.7830
    7.5000  -37.5000  -15.0000 2574.3271   11.8893
   -7.5000  -30.0000  -15.0000 2670.2424   10.8253
    0.0000  -30.0000  -15.0000 2697.4939   10.6687
    7.5000  -30.0000  -15.0000 2683.0842   10.7737
   -7.5000  -22.5000  -15.0000 2761.3748    9.9600
    0.0000  -22.5000  -15.0000 2790.7483    9.8188
    7.5000  -22.5000  -15.0000 2775.1936    9.9199
   -7.5000  -15.0000  -15.0000 2840.8936    9.3388
    0.0000  -15.0000  -15.0000 2871.9822    9.2079
    7.5000  -15.0000  -15.0000 2859.1057    9.2932
   -7.5000   -7.5000  -15.0000 2905.2678    8.9686
    0.0000   -7.5000  -15.0000 2935.6248    8.8537
    7.5000   -7.5000  -15.0000 2923.2666    8.9170
   -7.5000    0.0000  -15.0000 2943.7400    8.7996
    0.0000    0.0000  -15.0000 2976.7129    8.6748
    7.5000    0.0000  -15.0000 2960.6780    8.7717
   -7.5000    7.5000  -15.0000 2966.8120    8.8544
    0.0000    7.5000  -15.0000 2992.5674    8.6837
    7.5000    7.5000  -15.0000 2973.2373    8.8393
   -7.5000   15.0000  -15.0000 2953.6331    9.1553
    0.0000   15.0000  -15.0000 2984.9868    9.0232
    7.5000   15.0000  -15.0000 2957.5667    9.1203
   -7.5000   22.5000  -15.0000 2906.0461    9.6111
    0.0000   22.5000  -15.0000 2940.1726    9.5004
    7.5000   22.5000  -15.0000 2916.2749    9.5620
   -7.5000   30.0000  -15.0000 2831.5405   10.2036
    0.0000   30.0000  -15.0000 2867.4268   10.0879
    7.5000   30.0000  -15.0000 2844.2300   10.1500
   -7.5000   37.5000  -15.0000 2729.6145   10.9785
    0.0000   37.5000  -15.0000 2758.9441   10.8528
    7.5000   37.5000  -15.0000 2740.8254   10.9258
   -7.5000   45.0000  -15.0000 2598.2068   12.0443
    0.0000   45.0000  -15.0000 2627.9426   11.9378
    7.5000   45.0000  -15.0000 2608.7302   12.0058
   -7.5000  -45.0000   -7.5000 2406.8787   13.3598
    0.0000  -45.0000   -7.5000 2428.6008   13.1494
    7.5000  -45.0000   -7.5000 2423.5383   13.3115
   -7.5000  -37.5000   -7.5000 2537.1636   11.9219
    0.0000  -37.5000   -7.5000 2558.2607   11.7190
    7.5000  -37.5000   -7.5000 2557.4573   11.8825
   -7.5000  -30.0000   -7.5000 2652.4673   10.7859
    0.0000  -30.0000   -7.5000 2675.5488   10.6132
    7.5000  -30.0000   -7.5000 2667.0361   10.7539
   -7.5000  -22.5000   -7.5000 2746.6538    9.9098
    0.0000  -22.5000   -7.5000 2773.4050    9.7673
    7.5000  -22.5000   -7.5000 2765.4558    9.8822
   -7.5000  -15.0000   -7.5000 2827.0188    9.2979
    0.0000  -15.0000   -7.5000 2857.8079    9.1677
    7.5000  -15.0000   -7.5000 2848.7695    9.2614
   -7.5000   -7.5000   -7.5000 2904.0613    8.9240
    0.0000   -7.5000   -7.5000 2942.8218    8.8359
    7.5000   -7.5000   -7.5000 2923.5598    8.8979
   -7.5000    0.0000   -7.5000 2956.3708    8.8042
    0.0000    0.0000   -7.5000 3006.8962    8.7712
    7.5000    0.0000   -7.5000 2974.1904    8.7990
   -7.5000    7.5000   -7.5000 2981.5188    8.8405
    0.0000    7.5000   -7.5000 3030.0259    8.7770
    7.5000    7.5000   -7.5000 2992.6816    8.8303
   -7.5000   15.0000   -7.5000 2971.8098    9.0558
    0.0000   15.0000   -7.5000 3014.4702    8.9849
    7.5000   15.0000   -7.5000 2976.4761    9.0300
   -7.5000   22.5000   -7.5000 2929.4846    9.4390
    0.0000   22.5000   -7.5000 2967.5051    9.3507
    7.5000   22.5000   -7.5000 2934.1030    9.3992
   -7.5000   30.0000   -7.5000 2855.0940   10.0199
    0.0000   30.0000   -7.5000 2890.2195    9.9067
    7.5000   30.0000   -7.5000 2864.5303    9.9731
   -7.5000   37.5000   -7.5000 2751.2576   10.8172
    0.0000   37.5000   -7.5000 2779.5662   10.6841
    7.5000   37.5000   -7.5000 2761.6829   10.7713
   -7.5000   45.0000   -7.5000 2618.5889   11.8900
    0.0000   45.0000   -7.5000 2644.7812   11.7642
    7.5000   45.0000   -7.5000 2628.9102   11.8599
   -7.5000  -45.0000    0.0000 2371.0215   13.5470
    0.0000  -45.0000    0.0000 2392.9009   13.2988
    7.5000  -45.0000    0.0000 2389.5142   13.4966
   -7.5000  -37.5000    0.0000 2495.8953   12.0795
    0.0000  -37.5000    0.0000 2515.5342   11.8578
    7.5000  -37.5000    0.0000 2516.5925   12.0490
   -7.5000  -30.0000    0.0000 2615.8242   10.9399
    0.0000  -30.0000    0.0000 2633.1555   10.7311
    7.5000  -30.0000    0.0000 2629.4541   10.9144
   -7.5000  -22.5000    0.0000 2716.0674   10.0381
    0.0000  -22.5000    0.0000 2734.7791    9.8755
    7.5000  -22.5000    0.0000 2734.5032   10.0208
   -7.5000  -15.0000    0.0000 2801.2288    9.4226
    0.0000  -15.0000    0.0000 2825.9326    9.2724
    7.5000  -15.0000    0.0000 2819.9656    9.4205
   -7.5000   -7.5000    0.0000 2886.2664    9.0375
    0.0000   -7.5000    0.0000 2924.0896    8.8997
    7.5000   -7.5000    0.0000 2905.6436    9.0168
   -7.5000    0.0000    0.0000 2950.0605    8.8981
    0.0000    0.0000    0.0000 2999.9744    8.7877
    7.5000    0.0000    0.0000 2966.8127    8.8806
   -7.5000    7.5000    0.0000 2981.7136    8.9049
    0.0000    7.5000    0.0000 3038.2654    8.7662
    7.5000    7.5000    0.0000 2998.9521    8.8857
   -7.5000   15.0000    0.0000 2975.6353    9.0971
    0.0000   15.0000    0.0000 3021.6726    8.9596
    7.5000   15.0000    0.0000 2984.5015    9.0659
   -7.5000   22.5000    0.0000 2930.3118    9.5048
    0.0000   22.5000    0.0000 2970.6646    9.3613
    7.5000   22.5000    0.0000 2935.3528    9.4675
   -7.5000   30.0000    0.0000 2852.8198   10.0966
    0.0000   30.0000    0.0000 2889.1980    9.9603
    7.5000   30.0000    0.0000 2859.7666   10.0617
   -7.5000   37.5000    0.0000 2745.3616   10.9044
    0.0000   37.5000    0.0000 2772.1196   10.7725
    7.5000   37.5000    0.0000 2755.2917   10.8558
   -7.5000   45.0000    0.0000 2615.0061   11.9439
    0.0000   45.0000    0.0000 2637.0356   11.8183
    7.5000   45.0000    0.0000 2627.1653   11.8797
   -7.5000  -45.0000    7.5000 2331.6379   13.8772
    0.0000  -45.0000    7.5000 2355.0002   13.6511
    7.5000  -45.0000    7.5000 2349.9282   13.8645
   -7.5000  -37.5000    7.5000 2457.2065   12.3943
    0.0000  -37.5000    7.5000 2474.6472   12.1492
    7.5000  -37.5000    7.5000 2468.3840   12.3881
   -7.5000  -30.0000    7.5000 2572.0828   11.2400
    0.0000  -30.0000    7.5000 2589.2842   11.0324
    7.5000  -30.0000    7.5000 2585.7488   11.2392
   -7.5000  -22.5000    7.5000 2669.4209   10.3701
    0.0000  -22.5000    7.5000 2691.9680   10.1601
    7.5000  -22.5000    7.5000 2688.8987   10.3669
   -7.5000  -15.0000    7.5000 2764.4607    9.7282
    0.0000  -15.0000    7.5000 2792.2114    9.5034
    7.5000  -15.0000    7.5000 2783.2610    9.6831
   -7.5000   -7.5000    7.5000 2853.1484    9.2917
    0.0000   -7.5000    7.5000 2892.0789    9.0803
    7.5000   -7.5000    7.5000 2874.8853    9.2444
   -7.5000    0.0000    7.5000 2924.1926    9.0889
    0.0000    0.0000    7.5000 2973.0637    8.9268
    7.5000    0.0000    7.5000 2945.3755    9.0730
   -7.5000    7.5000    7.5000 2967.3298    9.0056
    0.0000    7.5000    7.5000 3018.3367    8.8145
    7.5000    7.5000    7.5000 2983.1104    9.0030
   -7.5000   15.0000    7.5000 2962.9138    9.1920
    0.0000   15.0000    7.5000 3008.9189    8.9661
    7.5000   15.0000    7.5000 2973.1292    9.1584
   -7.5000   22.5000    7.5000 2913.6665    9.6426
    0.0000   22.5000    7.5000 2956.4951    9.4481
    7.5000   22.5000    7.5000 2923.3286    9.5903
   -7.5000   30.0000    7.5000 2832.8162   10.2706
    0.0000   30.0000    7.5000 2871.8828   10.1120
    7.5000   30.0000    7.5000 2841.8823   10.2277
   -7.5000   37.5000    7.5000 2722.4873   11.1248
    0.0000   37.5000    7.5000 2746.7021   10.9915
    7.5000   37.5000    7.5000 2731.4226   11.0729
   -7.5000   45.0000    7.5000 2591.7891   12.1447
    0.0000   45.0000    7.5000 2611.0088   12.0261
    7.5000   45.0000    7.5000 2602.3608   12.0959
   -7.5000  -45.0000   15.0000 2284.4646   14.4636
    0.0000  -45.0000   15.0000 2305.9890   14.2339
    7.5000  -45.0000   15.0000 2301.7517   14.4558
   -7.5000  -37.5000   15.0000 2409.3076   12.9350
    0.0000  -37.5000   15.0000 2428.3064   12.7104
    7.5000  -37.5000   15.0000 2420.4995   12.9445
   -7.5000  -30.0000   15.0000 2522.1865   11.7456
    0.0000  -30.0000   15.0000 2542.9727   11.5326
    7.5000  -30.0000   15.0000 2535.1226   11.7557
   -7.5000  -22.5000   15.0000 2622.9922   10.8363
    0.0000  -22.5000   15.0000 2648.0520   10.5863
    7.5000  -22.5000   15.0000 2639.7371   10.8129
   -7.5000  -15.0000   15.0000 2715.1235   10.1101
    0.0000  -15.0000   15.0000 2747.5010    9.8594
    7.5000  -15.0000   15.0000 2734.8955   10.0607
   -7.5000   -7.5000   15.0000 2807.2349    9.6800
    0.0000   -7.5000   15.0000 2840.4905    9.4255
    7.5000   -7.5000   15.0000 2827.7837    9.6129
   -7.5000    0.0000   15.0000 2876.6711    9.3705
    0.0000    0.0000   15.0000 2918.8198    9.1686
    7.5000    0.0000   15.0000 2899.0400    9.3527
   -7.5000    7.5000   15.0000 2916.9939    9.2837
    0.0000    7.5000   15.0000 2954.6467    9.0279
    7.5000    7.5000   15.0000 2935.1104    9.2822
   -7.5000   15.0000   15.0000 2921.4646    9.4622
    0.0000   15.0000   15.0000 2956.2864    9.2468
    7.5000   15.0000   15.0000 2935.5088    9.4343
   -7.5000   22.5000   15.0000 2874.3008    9.9303
    0.0000   22.5000   15.0000 2906.7556    9.7607
    7.5000   22.5000   15.0000 2885.2380    9.8981
   -7.5000   30.0000   15.0000 2795.4761   10.5626
    0.0000   30.0000   15.0000 2827.0583   10.3885
    7.5000   30.0000   15.0000 2803.0186   10.5033
   -7.5000   37.5000   15.0000 2684.4741   11.4104
    0.0000   37.5000   15.0000 2713.2092   11.2521
    7.5000   37.5000   15.0000 2693.1162   11.3501
   -7.5000   45.0000   15.0000 2548.9048   12.4805
    0.0000   45.0000   15.0000 2571.3420   12.3498
    7.5000   45.0000   15.0000 2559.9856   12.4321
   -7.5000  -45.0000   22.5000 2233.8105   15.2798
    0.0000  -45.0000   22.5000 2254.2700   15.1075
    7.5000  -45.0000   22.5000 2243.7827   15.2986
   -7.5000  -37.5000   22.5000 2356.2935   13.6447
    0.0000  -37.5000   22.5000 2376.8049   13.4582
    7.5000  -37.5000   22.5000 2362.0234   13.6704
   -7.5000  -30.0000   22.5000 2468.1130   12.3752
    0.0000  -30.0000   22.5000 2491.8286   12.1637
    7.5000  -30.0000   22.5000 2475.8984   12.3833
   -7.5000  -22.5000   22.5000 2567.9026   11.3819
    0.0000  -22.5000   22.5000 2596.6086   11.1319
    7.5000  -22.5000   22.5000 2581.6743   11.3698
   -7.5000  -15.0000   22.5000 2657.5476   10.6189
    0.0000  -15.0000   22.5000 2687.3672   10.3619
    7.5000  -15.0000   22.5000 2675.5266   10.5993
   -7.5000   -7.5000   22.5000 2747.0735   10.1390
    0.0000   -7.5000   22.5000 2777.5012    9.8838
    7.5000   -7.5000   22.5000 2765.6868   10.1085
   -7.5000    0.0000   22.5000 2819.1362    9.8001
    0.0000    0.0000   22.5000 2853.6692    9.5560
    7.5000    0.0000   22.5000 2835.8757    9.7829
   -7.5000    7.5000   22.5000 2855.9082    9.7287
    0.0000    7.5000   22.5000 2882.3809    9.4772
    7.5000    7.5000   22.5000 2870.3887    9.6978
   -7.5000   15.0000   22.5000 2854.8030    9.9257
    0.0000   15.0000   22.5000 2882.7454    9.7339
    7.5000   15.0000   22.5000 2872.1111    9.8907
   -7.5000   22.5000   22.5000 2807.7925   10.3963
    0.0000   22.5000   22.5000 2838.0154   10.2262
    7.5000   22.5000   22.5000 2824.2214   10.3575
   -7.5000   30.0000   22.5000 2732.0730   11.0224
    0.0000   30.0000   22.5000 2760.2473   10.8543
    7.5000   30.0000   22.5000 2740.6958   10.9529
   -7.5000   37.5000   22.5000 2632.0637   11.7972
    0.0000   37.5000   22.5000 2662.9243   11.6484
    7.5000   37.5000   22.5000 2641.0886   11.7467
   -7.5000   45.0000   22.5000 2502.7019   12.8658
    0.0000   45.0000   22.5000 2525.1780   12.7422
    7.5000   45.0000   22.5000 2512.9128   12.8251
   -7.5000  -45.0000   30.0000 2165.8120   16.2298
    0.0000  -45.0000   30.0000 2184.9790   16.0873
    7.5000  -45.0000   30.0000 2176.1953   16.2717
   -7.5000  -37.5000   30.0000 2289.8640   14.5053
    0.0000  -37.5000   30.0000 2309.5232   14.3273
    7.5000  -37.5000   30.0000 2295.1479   14.5383
   -7.5000  -30.0000   30.0000 2399.8425   13.1361
    0.0000  -30.0000   30.0000 2423.5432   12.9303
    7.5000  -30.0000   30.0000 2407.7493   13.1517
   -7.5000  -22.5000   30.0000 2505.9631   12.0537
    0.0000  -22.5000   30.0000 2530.8887   11.8265
    7.5000  -22.5000   30.0000 2514.7661   12.0615
   -7.5000  -15.0000   30.0000 2593.4692   11.2671
    0.0000  -15.0000   30.0000 2624.6318   11.0258
    7.5000  -15.0000   30.0000 2609.2300   11.2599
   -7.5000   -7.5000   30.0000 2681.0999   10.7177
    0.0000   -7.5000   30.0000 2709.3245   10.4595
    7.5000   -7.5000   30.0000 2695.1833   10.7021
   -7.5000    0.0000   30.0000 2743.9998   10.3821
    0.0000    0.0000   30.0000 2775.2292   10.1286
    7.5000    0.0000   30.0000 2758.2234   10.3551
   -7.5000    7.5000   30.0000 2773.8704   10.2890
    0.0000    7.5000   30.0000 2795.5996   10.0726
    7.5000    7.5000   30.0000 2785.7246   10.2667
   -7.5000   15.0000   30.0000 2764.3262   10.5325
    0.0000   15.0000   30.0000 2788.7747   10.3476
    7.5000   15.0000   30.0000 2780.3059   10.4796
   -7.5000   22.5000   30.0000 2719.3232   10.9865
    0.0000   22.5000   30.0000 2750.4949   10.8142
    7.5000   22.5000   30.0000 2739.2427   10.9066
   -7.5000   30.0000   30.0000 2649.4888   11.6070
    0.0000   30.0000   30.0000 2680.0137   11.4350
    7.5000   30.0000   30.0000 2663.6123   11.5207
   -7.5000   37.5000   30.0000 2561.7810   12.3476
    0.0000   37.5000   30.0000 2593.3335   12.1919
    7.5000   37.5000   30.0000 2571.7620   12.2994
   -7.5000   45.0000   30.0000 2444.6272   13.3974
    0.0000   45.0000   30.0000 2468.6221   13.2647
    7.5000   45.0000   30.0000 2453.3486   13.3444
   -7.5000  -45.0000   37.5000 2091.5493   17.4194
    0.0000  -45.0000   37.5000 2109.0669   17.2438
    7.5000  -45.0000   37.5000 2102.1387   17.4407
   -7.5000  -37.5000   37.5000 2214.5259   15.5468
    0.0000  -37.5000   37.5000 2238.5513   15.3730
    7.5000  -37.5000   37.5000 2223.4189   15.5670
   -7.5000  -30.0000   37.5000 2324.8213   14.0556
    0.0000  -30.0000   37.5000 2350.7317   13.8647
    7.5000  -30.0000   37.5000 2330.7095   14.0566
   -7.5000  -22.5000   37.5000 2434.0771   12.8916
    0.0000  -22.5000   37.5000 2461.5195   12.6925
    7.5000  -22.5000   37.5000 2442.2634   12.8897
   -7.5000  -15.0000   37.5000 2522.6624   12.0719
    0.0000  -15.0000   37.5000 2554.5234   11.8507
    7.5000  -15.0000   37.5000 2535.1895   12.0528
   -7.5000   -7.5000   37.5000 2602.6707   11.4776
    0.0000   -7.5000   37.5000 2638.3652   11.2581
    7.5000   -7.5000   37.5000 2617.4307   11.4496
   -7.5000    0.0000   37.5000 2656.3088   11.1364
    0.0000    0.0000   37.5000 2685.8127   10.9329
    7.5000    0.0000   37.5000 2667.1155   11.1178
   -7.5000    7.5000   37.5000 2682.1929   11.0212
    0.0000    7.5000   37.5000 2706.4158   10.8448
    7.5000    7.5000   37.5000 2693.2285   10.9988
   -7.5000   15.0000   37.5000 2668.2576   11.2572
    0.0000   15.0000   37.5000 2693.2358   11.0834
    7.5000   15.0000   37.5000 2685.9348   11.1882
   -7.5000   22.5000   37.5000 2625.3235   11.7049
    0.0000   22.5000   37.5000 2653.3323   11.5426
    7.5000   22.5000   37.5000 2644.8997   11.6105
   -7.5000   30.0000   37.5000 2561.0510   12.3023
    0.0000   30.0000   37.5000 2590.9165   12.1379
    7.5000   30.0000   37.5000 2573.6826   12.2098
   -7.5000   37.5000   37.5000 2482.5867   13.0352
    0.0000   37.5000   37.5000 2516.0439   12.8783
    7.5000   37.5000   37.5000 2490.1238   12.9629
   -7.5000   45.0000   37.5000 2377.0605   14.0425
    0.0000   45.0000   37.5000 2398.5420   13.9086
    7.5000   45.0000   37.5000 2380.1226   13.9808
   -7.5000  -45.0000   45.0000 2009.8966   18.8691
    0.0000  -45.0000   45.0000 2027.8527   18.6758
    7.5000  -45.0000   45.0000 2021.0669   18.8325
   -7.5000  -37.5000   45.0000 2133.8965   16.7801
    0.0000  -37.5000   45.0000 2157.3770   16.6128
    7.5000  -37.5000   45.0000 2143.4524   16.7504
   -7.5000  -30.0000   45.0000 2244.3711   15.1531
    0.0000  -30.0000   45.0000 2269.3862   14.9764
    7.5000  -30.0000   45.0000 2249.7710   15.1225
   -7.5000  -22.5000   45.0000 2354.6960   13.9527
    0.0000  -22.5000   45.0000 2383.0437   13.7477
    7.5000  -22.5000   45.0000 2363.9512   13.8977
   -7.5000  -15.0000   45.0000 2444.4326   13.0535
    0.0000  -15.0000   45.0000 2477.9773   12.8667
    7.5000  -15.0000   45.0000 2455.6233   12.9949
   -7.5000   -7.5000   45.0000 2518.8267   12.4382
    0.0000   -7.5000   45.0000 2556.3191   12.2448
    7.5000   -7.5000   45.0000 2530.4692   12.3873
   -7.5000    0.0000   45.0000 2558.9734   12.0763
    0.0000    0.0000   45.0000 2585.5879   11.9052
    7.5000    0.0000   45.0000 2569.0234   12.0593
   -7.5000    7.5000   45.0000 2577.6909   11.9222
    0.0000    7.5000   45.0000 2603.8848   11.7833
    7.5000    7.5000   45.0000 2592.7549   11.9048
   -7.5000   15.0000   45.0000 2565.3354   12.1272
    0.0000   15.0000   45.0000 2590.8616   11.9893
    7.5000   15.0000   45.0000 2584.5212   12.0693
   -7.5000   22.5000   45.0000 2527.6365   12.5711
    0.0000   22.5000   45.0000 2553.1814   12.4482
    7.5000   22.5000   45.0000 2544.0696   12.4888
   -7.5000   30.0000   45.0000 2464.6689   13.1593
    0.0000   30.0000   45.0000 2490.5403   13.0472
    7.5000   30.0000   45.0000 2478.8792   13.0766
   -7.5000   37.5000   45.0000 2387.8481   13.8900
    0.0000   37.5000   45.0000 2423.3000   13.7383
    7.5000   37.5000   45.0000 2401.7488   13.8026
   -7.5000   45.0000   45.0000 2300.5938   14.8657
    0.0000   45.0000   45.0000 2328.9062   14.7038
    7.5000   45.0000   45.0000 2304.6648   14.8011

---------------------------------------------------------------------
imgreg_4dfp /opt/freesurfer/average/711-2C_as_mni_average_305 /opt/freesurfer/average/711-2B_as_mni_average_305_mask talsrcimg_g11 none talsrcimg_to_711-2C_as_mni_average_305_t4 1283
---------------------------------------------------------------------

freesurfer imgreg_4dfp.c
/opt/freesurfer/average/711-2C_as_mni_average_305.4dfp.img
       256       256       256         1
  1.000000  1.000000  1.000000
orientation T byte_order littleendian
Reading image: /opt/freesurfer/average/711-2C_as_mni_average_305.4dfp.img
dimensions:      256       256       256
mmppix:       1.0000   -1.0000   -1.0000
center:     128.0000 -129.0000 -129.0000
/opt/freesurfer/average/711-2B_as_mni_average_305_mask.4dfp.img
       256       256       256         1
  1.000000  1.000000  1.000000
orientation T byte_order littleendian
Reading mask: /opt/freesurfer/average/711-2B_as_mni_average_305_mask.4dfp.img (2306576 pixels)
talsrcimg_g11.4dfp.img
       256       256       256         1
  1.000000  1.000000  1.000000
orientation T byte_order littleendian
Reading image: talsrcimg_g11.4dfp.img
dimensions:      256       256       256
mmppix:       1.0000   -1.0000   -1.0000
center:     128.0000 -129.0000 -129.0000
rotation matrix determinant  1.000000
fimgreg.f
image alignment mode   1283 decimal      503 hex
parameters
    0.0000    7.5000    0.0000    0.0000    0.0000    0.0000
eta,q 0.95234  8.81321
niter,ni,del,rscale     5    3   12.0000    1.2000
parameter  4  4.685109 ->  0.500000 qaram    1.1500
parameters
    1.1546    8.6760   -0.7713   -3.4500   -1.0804   -0.4881
eta,q 0.95956  8.66814
  0.0627  0.0569  0.0501  0.0388  0.0440  0.0439
  0.0553  0.0519  0.0479  0.0401  0.0413  0.0419
  0.0512  0.0490  0.0470  0.0427  0.0405  0.0409
  0.0487  0.0478  0.0476  0.0472  0.0406  0.0404
  0.0479  0.0475  0.0487  0.0515  0.0420  0.0408
  0.0499  0.0486  0.0495  0.0545  0.0444  0.0427
  0.0550  0.0515  0.0507  0.0574  0.0466  0.0456
niter,ni,del,rscale     5    3   12.0000    1.2000
parameter  4  1.194013 ->  0.500000 qaram    1.3225
parameters
    1.4049    9.0991   -1.7002   -7.4175   -1.1043   -0.0086
eta,q 0.96236  8.67955
  0.0540  0.0521  0.0435  0.0347  0.0421  0.0408
  0.0470  0.0464  0.0415  0.0371  0.0387  0.0388
  0.0423  0.0419  0.0402  0.0385  0.0376  0.0377
  0.0404  0.0404  0.0405  0.0402  0.0376  0.0376
  0.0411  0.0419  0.0418  0.0439  0.0381  0.0377
  0.0453  0.0452  0.0433  0.0497  0.0394  0.0384
  0.0522  0.0486  0.0456  0.0544  0.0417  0.0397
niter,ni,del,rscale     5    3   12.0000    1.2000
parameter  4  1.431935 ->  0.500000 qaram    1.5209
parameters
    1.3703    9.6814   -2.6687  -11.9801   -0.8562   -1.2923
eta,q 0.96713  8.65146
  0.0508  0.0451  0.0404  0.0317  0.0398  0.0358
  0.0437  0.0401  0.0386  0.0327  0.0363  0.0337
  0.0390  0.0379  0.0379  0.0355  0.0344  0.0328
  0.0376  0.0376  0.0378  0.0378  0.0334  0.0333
  0.0391  0.0385  0.0385  0.0389  0.0335  0.0344
  0.0438  0.0398  0.0404  0.0424  0.0356  0.0364
  0.0512  0.0415  0.0431  0.0483  0.0390  0.0389
niter,ni,del,rscale     5    3   12.0000    1.2000
parameter  4  1.037207 ->  0.500000 qaram    1.7490
parameters
    1.2828   11.4210   -3.0848  -17.2272    0.4986   -1.6029
eta,q 0.97267  8.69251
  0.0477  0.0439  0.0380  0.0304  0.0381  0.0325
  0.0399  0.0385  0.0359  0.0273  0.0328  0.0295
  0.0343  0.0342  0.0340  0.0297  0.0296  0.0275
  0.0329  0.0329  0.0335  0.0335  0.0280  0.0274
  0.0353  0.0336  0.0346  0.0375  0.0274  0.0283
  0.0407  0.0343  0.0367  0.0396  0.0287  0.0302
  0.0482  0.0352  0.0394  0.0436  0.0317  0.0336
niter,ni,del,rscale     5    3   12.0000    1.2000
parameters
    0.4143   13.1664   -3.8855  -17.6996    0.9926   -1.4388
eta,q 0.97429  8.69448
  0.0402  0.0450  0.0329  0.0415  0.0341  0.0307
  0.0311  0.0366  0.0292  0.0337  0.0296  0.0283
  0.0268  0.0292  0.0267  0.0250  0.0270  0.0265
  0.0273  0.0266  0.0264  0.0262  0.0258  0.0257
  0.0319  0.0265  0.0288  0.0302  0.0261  0.0257
  0.0395  0.0279  0.0325  0.0369  0.0281  0.0273
  0.0480  0.0311  0.0366  0.0420  0.0318  0.0308
niter,ni,del,rscale     4    3   12.0000    1.2000
parameters
    0.3225   13.1966   -3.9297  -17.9277    1.0231   -1.4411
eta,q 0.97446  8.69373
  0.0431  0.0372  0.0343  0.0417  0.0329  0.0304
  0.0329  0.0288  0.0304  0.0349  0.0287  0.0279
  0.0269  0.0256  0.0272  0.0252  0.0265  0.0262
  0.0257  0.0257  0.0257  0.0257  0.0255  0.0255
  0.0284  0.0272  0.0271  0.0292  0.0262  0.0256
  0.0349  0.0301  0.0305  0.0360  0.0286  0.0273
  0.0429  0.0355  0.0346  0.0418  0.0329  0.0309
niter,ni,del,rscale     3    3   12.0000    1.2000
parameters
    0.3156   13.2419   -3.9322  -18.0185    1.0394   -1.4451
eta,q 0.97450  8.69421
  0.0435  0.0375  0.0342  0.0419  0.0328  0.0303
  0.0332  0.0289  0.0304  0.0355  0.0287  0.0278
  0.0269  0.0254  0.0271  0.0254  0.0265  0.0261
  0.0255  0.0255  0.0256  0.0256  0.0255  0.0255
  0.0280  0.0272  0.0269  0.0289  0.0262  0.0256
  0.0344  0.0301  0.0303  0.0357  0.0285  0.0273
  0.0425  0.0355  0.0344  0.0415  0.0329  0.0309
registration optimization eta report
parameter search radius
    6.0000    6.0000    6.0000   10.4940    6.0000    6.0000
100000*second partial in parameter space
       49.       31.       24.       15.       20.       14.
  0.0435  0.0375  0.0342  0.0419  0.0328  0.0303
  0.0332  0.0289  0.0304  0.0355  0.0287  0.0278
  0.0269  0.0254  0.0271  0.0254  0.0265  0.0261
  0.0255  0.0255  0.0256  0.0256  0.0255  0.0255
  0.0280  0.0272  0.0269  0.0289  0.0262  0.0256
  0.0344  0.0301  0.0303  0.0357  0.0285  0.0273
  0.0425  0.0355  0.0344  0.0415  0.0329  0.0309
    0.3156   13.2419   -3.9322  -18.0185    1.0394   -1.4451
eta,q 0.97450  8.69421

---------------------------------------------------------------------
imgreg_4dfp /opt/freesurfer/average/711-2C_as_mni_average_305 /opt/freesurfer/average/711-2B_as_mni_average_305_mask talsrcimg_g11 none talsrcimg_to_711-2C_as_mni_average_305_t4 3335
---------------------------------------------------------------------

freesurfer imgreg_4dfp.c
/opt/freesurfer/average/711-2C_as_mni_average_305.4dfp.img
       256       256       256         1
  1.000000  1.000000  1.000000
orientation T byte_order littleendian
Reading image: /opt/freesurfer/average/711-2C_as_mni_average_305.4dfp.img
dimensions:      256       256       256
mmppix:       1.0000   -1.0000   -1.0000
center:     128.0000 -129.0000 -129.0000
/opt/freesurfer/average/711-2B_as_mni_average_305_mask.4dfp.img
       256       256       256         1
  1.000000  1.000000  1.000000
orientation T byte_order littleendian
Reading mask: /opt/freesurfer/average/711-2B_as_mni_average_305_mask.4dfp.img (2306576 pixels)
talsrcimg_g11.4dfp.img
       256       256       256         1
  1.000000  1.000000  1.000000
orientation T byte_order littleendian
Reading image: talsrcimg_g11.4dfp.img
dimensions:      256       256       256
mmppix:       1.0000   -1.0000   -1.0000
center:     128.0000 -129.0000 -129.0000
fimgreg.f
image alignment mode   3335 decimal      D07 hex
parameters
    0.3156   13.2419   -3.9322   -0.0482   -4.9487   -4.9200
    2.9592   -0.9443   -2.5216   30.9660    1.8139  -30.9273
eta,q 0.97537  8.80260
niter,ni,del,rscale     5    3    5.0000    1.2000
parameter  4  0.736150 ->  0.500000 qaram    1.1500
parameter  5  1.324354 ->  0.500000 qaram    1.1500
parameters
    0.2657   13.9783   -4.0274   -4.1882   -9.0887   -4.1052
    3.2987   -0.5214   -1.2655   30.6945    2.1885  -31.8464
eta,q 0.98017  8.69202
  0.0280  0.0274  0.0257  0.0230  0.0195  0.0224  0.0228  0.0238  0.0228  0.0231  0.0209  0.0211
  0.0262  0.0262  0.0250  0.0227  0.0198  0.0212  0.0213  0.0219  0.0214  0.0215  0.0204  0.0203
  0.0250  0.0253  0.0245  0.0231  0.0208  0.0203  0.0204  0.0205  0.0205  0.0204  0.0200  0.0199
  0.0246  0.0246  0.0244  0.0244  0.0227  0.0200  0.0200  0.0200  0.0199  0.0199  0.0199  0.0199
  0.0251  0.0244  0.0246  0.0271  0.0253  0.0201  0.0202  0.0202  0.0199  0.0202  0.0199  0.0202
  0.0264  0.0246  0.0251  0.0304  0.0278  0.0206  0.0210  0.0212  0.0204  0.0217  0.0202  0.0209
  0.0282  0.0254  0.0260  0.0336  0.0303  0.0215  0.0223  0.0231  0.0213  0.0239  0.0207  0.0218
niter,ni,del,rscale     6    3    5.0000    1.2000
parameters
    0.3368   13.4175   -3.7210   -5.4227  -12.6114   -3.2608
    3.3447   -0.5493   -1.1191   31.7736    2.3675  -32.4739
eta,q 0.98105  8.61668
  0.0231  0.0212  0.0216  0.0223  0.0204  0.0214  0.0216  0.0225  0.0212  0.0229  0.0200  0.0203
  0.0214  0.0201  0.0207  0.0211  0.0194  0.0203  0.0203  0.0208  0.0201  0.0213  0.0195  0.0195
  0.0202  0.0196  0.0200  0.0200  0.0192  0.0195  0.0194  0.0196  0.0194  0.0200  0.0191  0.0190
  0.0198  0.0198  0.0196  0.0196  0.0197  0.0192  0.0191  0.0191  0.0191  0.0191  0.0190  0.0190
  0.0201  0.0206  0.0197  0.0201  0.0214  0.0192  0.0194  0.0195  0.0193  0.0190  0.0190  0.0193
  0.0211  0.0218  0.0201  0.0221  0.0243  0.0197  0.0202  0.0207  0.0199  0.0198  0.0194  0.0199
  0.0227  0.0234  0.0209  0.0257  0.0273  0.0206  0.0215  0.0227  0.0210  0.0214  0.0199  0.0209
niter,ni,del,rscale     5    3    5.0000    1.2000
parameters
    0.3937   13.2734   -3.5263   -5.0565  -13.5307   -2.7678
    3.3656   -0.4466   -1.0157   32.0637    2.2993  -32.4474
eta,q 0.98116  8.62022
  0.0222  0.0211  0.0208  0.0226  0.0219  0.0212  0.0213  0.0225  0.0210  0.0223  0.0199  0.0205
  0.0205  0.0198  0.0198  0.0211  0.0203  0.0201  0.0200  0.0207  0.0199  0.0208  0.0193  0.0196
  0.0194  0.0191  0.0192  0.0198  0.0192  0.0193  0.0192  0.0194  0.0191  0.0195  0.0190  0.0190
  0.0189  0.0189  0.0189  0.0189  0.0189  0.0189  0.0189  0.0189  0.0189  0.0189  0.0188  0.0188
  0.0192  0.0193  0.0190  0.0189  0.0194  0.0190  0.0191  0.0192  0.0191  0.0191  0.0190  0.0190
  0.0203  0.0202  0.0195  0.0198  0.0212  0.0196  0.0200  0.0204  0.0197  0.0201  0.0193  0.0196
  0.0219  0.0217  0.0203  0.0227  0.0241  0.0207  0.0213  0.0225  0.0209  0.0221  0.0200  0.0205
niter,ni,del,rscale     4    3    5.0000    1.2000
parameters
    0.3836   13.2617   -3.4366   -4.9654  -13.7623   -2.6806
    3.3254   -0.4395   -1.0111   32.1273    2.2947  -32.3659
eta,q 0.98117  8.61900
  0.0219  0.0213  0.0206  0.0224  0.0224  0.0210  0.0213  0.0225  0.0209  0.0221  0.0199  0.0206
  0.0203  0.0199  0.0197  0.0210  0.0206  0.0200  0.0200  0.0206  0.0198  0.0206  0.0194  0.0196
  0.0192  0.0191  0.0191  0.0197  0.0193  0.0192  0.0191  0.0194  0.0191  0.0194  0.0190  0.0190
  0.0188  0.0188  0.0188  0.0188  0.0188  0.0188  0.0188  0.0188  0.0188  0.0188  0.0188  0.0188
  0.0192  0.0191  0.0190  0.0189  0.0191  0.0190  0.0191  0.0192  0.0190  0.0191  0.0189  0.0190
  0.0203  0.0199  0.0195  0.0200  0.0205  0.0197  0.0200  0.0205  0.0198  0.0202  0.0193  0.0196
  0.0220  0.0213  0.0204  0.0231  0.0233  0.0211  0.0214  0.0226  0.0209  0.0223  0.0199  0.0205
niter,ni,del,rscale     3    3    5.0000    1.2000
parameters
    0.3739   13.2617   -3.4025   -4.9419  -13.7998   -2.6578
    3.3085   -0.4420   -1.0145   32.1323    2.2979  -32.3279
eta,q 0.98117  8.61898
  0.0219  0.0213  0.0205  0.0224  0.0225  0.0210  0.0213  0.0225  0.0209  0.0221  0.0199  0.0205
  0.0203  0.0199  0.0196  0.0209  0.0208  0.0200  0.0200  0.0206  0.0198  0.0206  0.0194  0.0196
  0.0192  0.0191  0.0190  0.0196  0.0194  0.0192  0.0191  0.0194  0.0191  0.0194  0.0190  0.0190
  0.0188  0.0188  0.0188  0.0188  0.0188  0.0188  0.0188  0.0188  0.0188  0.0188  0.0188  0.0188
  0.0192  0.0191  0.0190  0.0189  0.0190  0.0190  0.0191  0.0192  0.0190  0.0191  0.0189  0.0190
  0.0203  0.0199  0.0195  0.0201  0.0203  0.0197  0.0200  0.0205  0.0198  0.0203  0.0193  0.0196
  0.0220  0.0213  0.0204  0.0231  0.0230  0.0212  0.0213  0.0226  0.0209  0.0224  0.0199  0.0205
niter,ni,del,rscale     2    3    5.0000    1.2000
parameters
    0.3710   13.2634   -3.3941   -4.9382  -13.8016   -2.6509
    3.3062   -0.4435   -1.0122   32.1282    2.2999  -32.3073
eta,q 0.98117  8.61903
  0.0220  0.0213  0.0205  0.0224  0.0226  0.0210  0.0213  0.0225  0.0209  0.0221  0.0199  0.0205
  0.0203  0.0199  0.0196  0.0209  0.0208  0.0200  0.0200  0.0206  0.0198  0.0206  0.0194  0.0196
  0.0192  0.0191  0.0190  0.0196  0.0194  0.0192  0.0191  0.0194  0.0191  0.0194  0.0190  0.0190
  0.0188  0.0188  0.0188  0.0188  0.0188  0.0188  0.0188  0.0188  0.0188  0.0188  0.0188  0.0188
  0.0192  0.0191  0.0190  0.0189  0.0190  0.0190  0.0191  0.0192  0.0190  0.0191  0.0189  0.0190
  0.0203  0.0199  0.0196  0.0201  0.0203  0.0197  0.0200  0.0205  0.0198  0.0203  0.0193  0.0196
  0.0220  0.0213  0.0205  0.0232  0.0230  0.0212  0.0213  0.0226  0.0209  0.0224  0.0199  0.0205
registration optimization eta report
parameter search radius
    2.4000    2.4000    2.4000    8.2800    8.2800    7.2000
    7.2000    7.2000    7.2000    7.2000    7.2000    7.2000
100000*second partial in parameter space
       54.       43.       29.        6.        6.        4.
        5.        7.        4.        7.        2.        3.
  0.0220  0.0213  0.0205  0.0224  0.0226  0.0210  0.0213  0.0225  0.0209  0.0221  0.0199  0.0205
  0.0203  0.0199  0.0196  0.0209  0.0208  0.0200  0.0200  0.0206  0.0198  0.0206  0.0194  0.0196
  0.0192  0.0191  0.0190  0.0196  0.0194  0.0192  0.0191  0.0194  0.0191  0.0194  0.0190  0.0190
  0.0188  0.0188  0.0188  0.0188  0.0188  0.0188  0.0188  0.0188  0.0188  0.0188  0.0188  0.0188
  0.0192  0.0191  0.0190  0.0189  0.0190  0.0190  0.0191  0.0192  0.0190  0.0191  0.0189  0.0190
  0.0203  0.0199  0.0196  0.0201  0.0203  0.0197  0.0200  0.0205  0.0198  0.0203  0.0193  0.0196
  0.0220  0.0213  0.0205  0.0232  0.0230  0.0212  0.0213  0.0226  0.0209  0.0224  0.0199  0.0205
    0.3710   13.2634   -3.3941   -4.9382  -13.8016   -2.6509
    3.3062   -0.4435   -1.0122   32.1282    2.2999  -32.3073
eta,q 0.98117  8.61903

---------------------------------------------------------------------
imgreg_4dfp /opt/freesurfer/average/711-2C_as_mni_average_305 /opt/freesurfer/average/711-2B_as_mni_average_305_mask talsrcimg_g11 none talsrcimg_to_711-2C_as_mni_average_305_t4 2311
---------------------------------------------------------------------

freesurfer imgreg_4dfp.c
/opt/freesurfer/average/711-2C_as_mni_average_305.4dfp.img
       256       256       256         1
  1.000000  1.000000  1.000000
orientation T byte_order littleendian
Reading image: /opt/freesurfer/average/711-2C_as_mni_average_305.4dfp.img
dimensions:      256       256       256
mmppix:       1.0000   -1.0000   -1.0000
center:     128.0000 -129.0000 -129.0000
/opt/freesurfer/average/711-2B_as_mni_average_305_mask.4dfp.img
       256       256       256         1
  1.000000  1.000000  1.000000
orientation T byte_order littleendian
Reading mask: /opt/freesurfer/average/711-2B_as_mni_average_305_mask.4dfp.img (2306576 pixels)
talsrcimg_g11.4dfp.img
       256       256       256         1
  1.000000  1.000000  1.000000
orientation T byte_order littleendian
Reading image: talsrcimg_g11.4dfp.img
dimensions:      256       256       256
mmppix:       1.0000   -1.0000   -1.0000
center:     128.0000 -129.0000 -129.0000
fimgreg.f
image alignment mode   2311 decimal      907 hex
parameters
    0.3710   13.2634   -3.3941   -4.9382  -13.8016   -2.6509
    3.3062   -0.4435   -1.0122   32.1282    2.2999  -32.3073
eta,q 0.98117  8.61903
niter,ni,del,rscale     5    3    5.0000    0.8000
parameters
    0.3737   13.2515   -3.3888   -3.9037  -13.3846   -2.3880
    3.3053   -0.3052   -0.9564   32.2799    2.2963  -32.2802
eta,q 0.98128  8.66718
  0.0203  0.0199  0.0196  0.0206  0.0202  0.0199  0.0199  0.0206  0.0197  0.0205  0.0193  0.0195
  0.0195  0.0193  0.0192  0.0198  0.0195  0.0193  0.0193  0.0196  0.0192  0.0196  0.0190  0.0191
  0.0190  0.0189  0.0189  0.0192  0.0190  0.0189  0.0189  0.0190  0.0188  0.0190  0.0188  0.0188
  0.0188  0.0188  0.0188  0.0188  0.0188  0.0187  0.0187  0.0187  0.0187  0.0187  0.0187  0.0187
  0.0190  0.0190  0.0189  0.0188  0.0188  0.0188  0.0189  0.0189  0.0188  0.0189  0.0188  0.0188
  0.0195  0.0193  0.0192  0.0190  0.0191  0.0191  0.0193  0.0194  0.0191  0.0194  0.0190  0.0191
  0.0203  0.0199  0.0196  0.0196  0.0198  0.0197  0.0199  0.0204  0.0197  0.0203  0.0193  0.0195
niter,ni,del,rscale     4    3    5.0000    0.7000
parameters
    0.3287   13.3307   -3.3875   -3.9401  -13.3874   -2.3424
    3.2607   -0.2896   -0.9616   32.3544    2.3371  -32.3296
eta,q 0.98128  8.67018
  0.0198  0.0197  0.0193  0.0198  0.0197  0.0196  0.0196  0.0201  0.0195  0.0201  0.0191  0.0193
  0.0192  0.0192  0.0190  0.0192  0.0192  0.0192  0.0191  0.0194  0.0191  0.0194  0.0189  0.0190
  0.0188  0.0188  0.0188  0.0188  0.0188  0.0188  0.0188  0.0189  0.0188  0.0189  0.0188  0.0188
  0.0187  0.0187  0.0187  0.0187  0.0187  0.0187  0.0187  0.0187  0.0187  0.0187  0.0187  0.0187
  0.0189  0.0188  0.0188  0.0188  0.0188  0.0188  0.0188  0.0189  0.0188  0.0189  0.0188  0.0188
  0.0193  0.0190  0.0190  0.0191  0.0191  0.0191  0.0191  0.0193  0.0190  0.0193  0.0189  0.0190
  0.0199  0.0195  0.0193  0.0199  0.0197  0.0196  0.0197  0.0201  0.0195  0.0200  0.0191  0.0193
niter,ni,del,rscale     3    3    5.0000    0.6000
parameters
    0.3223   13.3392   -3.3867   -3.8626  -13.3905   -2.3080
    3.2701   -0.2600   -0.9531   32.3872    2.3581  -32.3464
eta,q 0.98129  8.67368
  0.0195  0.0193  0.0192  0.0195  0.0194  0.0194  0.0194  0.0197  0.0193  0.0197  0.0190  0.0192
  0.0191  0.0190  0.0189  0.0191  0.0190  0.0190  0.0190  0.0192  0.0190  0.0192  0.0189  0.0189
  0.0188  0.0188  0.0188  0.0188  0.0188  0.0188  0.0188  0.0189  0.0188  0.0188  0.0188  0.0188
  0.0187  0.0187  0.0187  0.0187  0.0187  0.0187  0.0187  0.0187  0.0187  0.0187  0.0187  0.0187
  0.0188  0.0188  0.0188  0.0188  0.0188  0.0188  0.0188  0.0188  0.0188  0.0188  0.0187  0.0188
  0.0191  0.0190  0.0189  0.0190  0.0190  0.0190  0.0190  0.0192  0.0190  0.0192  0.0189  0.0189
  0.0195  0.0193  0.0192  0.0195  0.0194  0.0194  0.0194  0.0197  0.0193  0.0197  0.0190  0.0192
niter,ni,del,rscale     2    3    5.0000    0.5000
parameters
    0.3180   13.3472   -3.3907   -3.8176  -13.3741   -2.3038
    3.2850   -0.2425   -0.9641   32.3901    2.3885  -32.3554
eta,q 0.98129  8.67560
  0.0193  0.0192  0.0190  0.0193  0.0192  0.0192  0.0192  0.0194  0.0191  0.0194  0.0189  0.0190
  0.0190  0.0189  0.0188  0.0190  0.0189  0.0189  0.0189  0.0191  0.0189  0.0190  0.0188  0.0188
  0.0188  0.0188  0.0187  0.0188  0.0188  0.0188  0.0188  0.0188  0.0188  0.0188  0.0187  0.0187
  0.0187  0.0187  0.0187  0.0187  0.0187  0.0187  0.0187  0.0187  0.0187  0.0187  0.0187  0.0187
  0.0188  0.0188  0.0188  0.0188  0.0188  0.0188  0.0188  0.0188  0.0188  0.0188  0.0187  0.0188
  0.0190  0.0189  0.0189  0.0189  0.0189  0.0189  0.0189  0.0190  0.0189  0.0190  0.0188  0.0189
  0.0193  0.0191  0.0190  0.0192  0.0192  0.0192  0.0192  0.0194  0.0191  0.0194  0.0189  0.0190
niter,ni,del,rscale     1    3    5.0000    0.4000
parameters
    0.3119   13.3479   -3.3980   -3.7917  -13.3631   -2.3054
    3.2937   -0.2085   -0.9406   32.3912    2.3910  -32.3744
eta,q 0.98129  8.67664
  0.0191  0.0190  0.0189  0.0191  0.0190  0.0190  0.0190  0.0192  0.0190  0.0192  0.0189  0.0189
  0.0189  0.0188  0.0188  0.0189  0.0188  0.0189  0.0189  0.0189  0.0188  0.0189  0.0188  0.0188
  0.0188  0.0187  0.0187  0.0188  0.0187  0.0188  0.0188  0.0188  0.0187  0.0188  0.0187  0.0187
  0.0187  0.0187  0.0187  0.0187  0.0187  0.0187  0.0187  0.0187  0.0187  0.0187  0.0187  0.0187
  0.0188  0.0187  0.0187  0.0188  0.0187  0.0187  0.0187  0.0188  0.0187  0.0188  0.0187  0.0187
  0.0189  0.0188  0.0188  0.0188  0.0188  0.0189  0.0189  0.0189  0.0188  0.0189  0.0188  0.0188
  0.0191  0.0190  0.0189  0.0190  0.0190  0.0190  0.0190  0.0192  0.0190  0.0192  0.0189  0.0189
registration optimization eta report
parameter search radius
    0.8000    0.8000    0.8000    2.4000    2.4000    2.4000
    2.4000    2.4000    2.4000    2.4000    2.4000    2.4000
100000*second partial in parameter space
       57.       43.       32.        6.        5.        5.
        5.        8.        4.        8.        3.        3.
  0.0191  0.0190  0.0189  0.0191  0.0190  0.0190  0.0190  0.0192  0.0190  0.0192  0.0189  0.0189
  0.0189  0.0188  0.0188  0.0189  0.0188  0.0189  0.0189  0.0189  0.0188  0.0189  0.0188  0.0188
  0.0188  0.0187  0.0187  0.0188  0.0187  0.0188  0.0188  0.0188  0.0187  0.0188  0.0187  0.0187
  0.0187  0.0187  0.0187  0.0187  0.0187  0.0187  0.0187  0.0187  0.0187  0.0187  0.0187  0.0187
  0.0188  0.0187  0.0187  0.0188  0.0187  0.0187  0.0187  0.0188  0.0187  0.0188  0.0187  0.0187
  0.0189  0.0188  0.0188  0.0188  0.0188  0.0189  0.0189  0.0189  0.0188  0.0189  0.0188  0.0188
  0.0191  0.0190  0.0189  0.0190  0.0190  0.0190  0.0190  0.0192  0.0190  0.0192  0.0189  0.0189
    0.3119   13.3479   -3.3980   -3.7917  -13.3631   -2.3054
    3.2937   -0.2085   -0.9406   32.3912    2.3910  -32.3744
eta,q 0.98129  8.67664

---------------------------------------------------------------------
imgreg_4dfp /opt/freesurfer/average/711-2C_as_mni_average_305 /opt/freesurfer/average/711-2B_as_mni_average_305_mask talsrcimg_g11 none talsrcimg_to_711-2C_as_mni_average_305_t4 2311
---------------------------------------------------------------------

freesurfer imgreg_4dfp.c
/opt/freesurfer/average/711-2C_as_mni_average_305.4dfp.img
       256       256       256         1
  1.000000  1.000000  1.000000
orientation T byte_order littleendian
Reading image: /opt/freesurfer/average/711-2C_as_mni_average_305.4dfp.img
dimensions:      256       256       256
mmppix:       1.0000   -1.0000   -1.0000
center:     128.0000 -129.0000 -129.0000
/opt/freesurfer/average/711-2B_as_mni_average_305_mask.4dfp.img
       256       256       256         1
  1.000000  1.000000  1.000000
orientation T byte_order littleendian
Reading mask: /opt/freesurfer/average/711-2B_as_mni_average_305_mask.4dfp.img (2306576 pixels)
talsrcimg_g11.4dfp.img
       256       256       256         1
  1.000000  1.000000  1.000000
orientation T byte_order littleendian
Reading image: talsrcimg_g11.4dfp.img
dimensions:      256       256       256
mmppix:       1.0000   -1.0000   -1.0000
center:     128.0000 -129.0000 -129.0000
fimgreg.f
image alignment mode   2311 decimal      907 hex
parameters
    0.3119   13.3479   -3.3980   -3.7917  -13.3631   -2.3054
    3.2937   -0.2085   -0.9406   32.3912    2.3910  -32.3744
eta,q 0.98129  8.67663
niter,ni,del,rscale     5    3    5.0000    0.8000
parameters
    0.3256   13.3462   -3.4031   -4.0686  -13.4852   -2.3647
    3.2556   -0.3244   -0.9600   32.3723    2.3277  -32.3773
eta,q 0.98128  8.66482
  0.0202  0.0198  0.0195  0.0200  0.0200  0.0198  0.0199  0.0204  0.0197  0.0204  0.0192  0.0195
  0.0194  0.0192  0.0191  0.0193  0.0193  0.0192  0.0193  0.0195  0.0192  0.0195  0.0190  0.0191
  0.0189  0.0188  0.0188  0.0189  0.0189  0.0189  0.0189  0.0189  0.0188  0.0189  0.0188  0.0188
  0.0187  0.0187  0.0187  0.0187  0.0187  0.0187  0.0187  0.0187  0.0187  0.0187  0.0187  0.0187
  0.0189  0.0188  0.0188  0.0189  0.0188  0.0189  0.0189  0.0189  0.0188  0.0189  0.0188  0.0188
  0.0194  0.0192  0.0191  0.0194  0.0193  0.0192  0.0193  0.0196  0.0191  0.0195  0.0190  0.0191
  0.0201  0.0198  0.0195  0.0205  0.0202  0.0199  0.0199  0.0206  0.0197  0.0204  0.0193  0.0195
niter,ni,del,rscale     4    3    5.0000    0.7000
parameters
    0.3303   13.3256   -3.3950   -3.9266  -13.4370   -2.3200
    3.2605   -0.2885   -0.9528   32.3856    2.3232  -32.3574
eta,q 0.98128  8.67053
  0.0198  0.0195  0.0193  0.0198  0.0197  0.0196  0.0196  0.0201  0.0195  0.0200  0.0191  0.0193
  0.0192  0.0191  0.0190  0.0193  0.0192  0.0192  0.0192  0.0194  0.0191  0.0193  0.0189  0.0190
  0.0188  0.0188  0.0188  0.0189  0.0188  0.0188  0.0188  0.0189  0.0188  0.0189  0.0188  0.0188
  0.0187  0.0187  0.0187  0.0187  0.0187  0.0187  0.0187  0.0187  0.0187  0.0187  0.0187  0.0187
  0.0189  0.0188  0.0188  0.0188  0.0188  0.0188  0.0188  0.0188  0.0188  0.0189  0.0188  0.0188
  0.0192  0.0191  0.0190  0.0191  0.0191  0.0191  0.0191  0.0193  0.0190  0.0193  0.0189  0.0190
  0.0198  0.0196  0.0193  0.0198  0.0197  0.0196  0.0197  0.0201  0.0195  0.0200  0.0191  0.0193
niter,ni,del,rscale     3    3    5.0000    0.6000
parameters
    0.3201   13.3365   -3.3914   -3.8550  -13.4044   -2.3074
    3.2613   -0.2625   -0.9503   32.3936    2.3473  -32.3634
eta,q 0.98128  8.67380
  0.0195  0.0193  0.0192  0.0195  0.0194  0.0194  0.0194  0.0197  0.0193  0.0197  0.0190  0.0192
  0.0191  0.0190  0.0189  0.0191  0.0190  0.0190  0.0190  0.0192  0.0190  0.0192  0.0189  0.0189
  0.0188  0.0188  0.0188  0.0188  0.0188  0.0188  0.0188  0.0188  0.0188  0.0188  0.0188  0.0188
  0.0187  0.0187  0.0187  0.0187  0.0187  0.0187  0.0187  0.0187  0.0187  0.0187  0.0187  0.0187
  0.0188  0.0188  0.0188  0.0188  0.0188  0.0188  0.0188  0.0188  0.0188  0.0188  0.0187  0.0188
  0.0191  0.0190  0.0189  0.0190  0.0190  0.0190  0.0190  0.0192  0.0190  0.0192  0.0189  0.0189
  0.0195  0.0193  0.0192  0.0195  0.0194  0.0194  0.0194  0.0197  0.0193  0.0197  0.0190  0.0192
niter,ni,del,rscale     2    3    5.0000    0.5000
parameters
    0.3169   13.3443   -3.3959   -3.8046  -13.3915   -2.2987
    3.2797   -0.2420   -0.9563   32.3983    2.3812  -32.3769
eta,q 0.98128  8.67595
  0.0193  0.0192  0.0190  0.0193  0.0192  0.0192  0.0192  0.0194  0.0191  0.0194  0.0189  0.0190
  0.0190  0.0189  0.0189  0.0190  0.0189  0.0189  0.0189  0.0191  0.0189  0.0190  0.0188  0.0189
  0.0188  0.0188  0.0187  0.0188  0.0188  0.0188  0.0188  0.0188  0.0188  0.0188  0.0187  0.0187
  0.0187  0.0187  0.0187  0.0187  0.0187  0.0187  0.0187  0.0187  0.0187  0.0187  0.0187  0.0187
  0.0188  0.0188  0.0188  0.0188  0.0188  0.0188  0.0188  0.0188  0.0188  0.0188  0.0187  0.0188
  0.0190  0.0189  0.0189  0.0189  0.0189  0.0189  0.0189  0.0190  0.0189  0.0190  0.0188  0.0189
  0.0193  0.0191  0.0190  0.0192  0.0192  0.0192  0.0192  0.0194  0.0191  0.0194  0.0189  0.0190
niter,ni,del,rscale     1    3    5.0000    0.4000
parameters
    0.3135   13.3453   -3.4021   -3.7992  -13.3808   -2.3011
    3.3060   -0.2084   -0.9435   32.4001    2.4100  -32.3904
eta,q 0.98129  8.67633
  0.0191  0.0190  0.0189  0.0190  0.0190  0.0190  0.0190  0.0192  0.0190  0.0192  0.0189  0.0189
  0.0189  0.0188  0.0188  0.0189  0.0188  0.0189  0.0189  0.0189  0.0188  0.0189  0.0188  0.0188
  0.0188  0.0187  0.0187  0.0188  0.0187  0.0188  0.0188  0.0188  0.0187  0.0188  0.0187  0.0187
  0.0187  0.0187  0.0187  0.0187  0.0187  0.0187  0.0187  0.0187  0.0187  0.0187  0.0187  0.0187
  0.0188  0.0187  0.0187  0.0188  0.0187  0.0188  0.0187  0.0188  0.0187  0.0188  0.0187  0.0187
  0.0189  0.0188  0.0188  0.0189  0.0188  0.0189  0.0188  0.0189  0.0188  0.0189  0.0188  0.0188
  0.0191  0.0190  0.0189  0.0190  0.0190  0.0190  0.0190  0.0192  0.0190  0.0192  0.0189  0.0189
registration optimization eta report
parameter search radius
    0.8000    0.8000    0.8000    2.4000    2.4000    2.4000
    2.4000    2.4000    2.4000    2.4000    2.4000    2.4000
100000*second partial in parameter space
       56.       43.       32.        6.        5.        5.
        6.        8.        4.        8.        3.        4.
  0.0191  0.0190  0.0189  0.0190  0.0190  0.0190  0.0190  0.0192  0.0190  0.0192  0.0189  0.0189
  0.0189  0.0188  0.0188  0.0189  0.0188  0.0189  0.0189  0.0189  0.0188  0.0189  0.0188  0.0188
  0.0188  0.0187  0.0187  0.0188  0.0187  0.0188  0.0188  0.0188  0.0187  0.0188  0.0187  0.0187
  0.0187  0.0187  0.0187  0.0187  0.0187  0.0187  0.0187  0.0187  0.0187  0.0187  0.0187  0.0187
  0.0188  0.0187  0.0187  0.0188  0.0187  0.0188  0.0187  0.0188  0.0187  0.0188  0.0187  0.0187
  0.0189  0.0188  0.0188  0.0189  0.0188  0.0189  0.0188  0.0189  0.0188  0.0189  0.0188  0.0188
  0.0191  0.0190  0.0189  0.0190  0.0190  0.0190  0.0190  0.0192  0.0190  0.0192  0.0189  0.0189
    0.3135   13.3453   -3.4021   -3.7992  -13.3808   -2.3011
    3.3060   -0.2084   -0.9435   32.4001    2.4100  -32.3904
eta,q 0.98129  8.67633

---------------------------------------------------------------------
compute_vox2vox talsrcimg talsrcimg_to_711-2C_as_mni_average_305_t4 /opt/freesurfer/average/711-2C_as_mni_average_305
---------------------------------------------------------------------

freesurfer compute_vox2vox.c
Reading: talsrcimg.4dfp.ifh
Reading: talsrcimg_to_711-2C_as_mni_average_305_t4
Reading: /opt/freesurfer/average/711-2C_as_mni_average_305.4dfp.ifh
Writing: talsrcimg_to_711-2C_as_mni_average_305_t4_vox2vox.txt

start time Thu Mar 12 14:29:51 CET 2026
end		time Thu Mar 12 14:30:06 CET 2026

mpr2mni305 success

avi2talxfm orig_nu.mgz /opt/freesurfer/average/mni305.cor.mgz talsrcimg_to_711-2C_as_mni_average_305_t4_vox2vox.txt transforms/talairach.auto.xfm
avi2talxfm done
mv -f /out/sourcedata/freesurfer/sub-v1s1x0050657_ses-1/mri/talsrcimg_to_711-2C_as_mni_average_305_t4_vox2vox.txt /out/sourcedata/freesurfer/sub-v1s1x0050657_ses-1/mri/transforms/talsrcimg_to_711-2C_as_mni_average_305_t4_vox2vox.txt
lta_convert --src orig_nu.mgz --trg /opt/freesurfer/average/mni305.cor.mgz --inxfm transforms/talairach.auto.xfm --outlta transforms/talairach.auto.xfm.lta --subject fsaverage
7.3.2

--src: orig_nu.mgz src image (geometry).
--trg: /opt/freesurfer/average/mni305.cor.mgz trg image (geometry).
--inmni: transforms/talairach.auto.xfm input MNI/XFM transform.
--outlta: transforms/talairach.auto.xfm.lta output LTA.
--s: fsaverage subject name
 LTA read, type : 1
 1.03881   0.01367  -0.03454  -0.53944;
-0.01946   0.91037   0.34117  -0.44703;
 0.01859  -0.34038   1.02649  -8.87553;
 0.00000   0.00000   0.00000   1.00000;
setting subject to fsaverage
Writing  LTA to file transforms/talairach.auto.xfm.lta...
lta_convert successful.
 
 
Started at Thu Mar 12 14:29:51 CET 2026
Ended   at Thu Mar 12 14:30:06 CET 2026
talairach_avi done
