status file for recon-all
Thu Mar 12 16:25:35 CET 2026
#@# Tessellate lh Thu Mar 12 16:25:35 CET 2026
#@# Smooth1 lh Thu Mar 12 16:25:39 CET 2026
#@# Inflation1 lh Thu Mar 12 16:25:42 CET 2026
#@# QSphere lh Thu Mar 12 16:25:59 CET 2026
#@# Fix Topology lh Thu Mar 12 16:27:29 CET 2026
#@# Smooth2 lh Thu Mar 12 16:33:04 CET 2026
#@# Inflation2 lh Thu Mar 12 16:33:07 CET 2026
#@# Curv .H and .K lh Thu Mar 12 16:33:22 CET 2026
#@# Sphere lh Thu Mar 12 16:34:10 CET 2026
#@# Surf Reg lh Thu Mar 12 16:37:06 CET 2026
#@# Jacobian white lh Thu Mar 12 16:41:25 CET 2026
#@# AvgCurv lh Thu Mar 12 16:41:26 CET 2026
#@# Cortical Parc lh Thu Mar 12 16:41:27 CET 2026
#@# white curv lh Thu Mar 12 16:47:31 CET 2026
#@# white area lh Thu Mar 12 16:47:33 CET 2026
#@# pial curv lh Thu Mar 12 16:47:34 CET 2026
#@# pial area lh Thu Mar 12 16:47:36 CET 2026
#@# thickness lh Thu Mar 12 16:47:36 CET 2026
#@# area and vertex vol lh Thu Mar 12 16:48:09 CET 2026
#@# Curvature Stats lh Thu Mar 12 16:48:10 CET 2026
#@# Cortical Parc 2 lh Thu Mar 12 16:48:13 CET 2026
#@# Cortical Parc 3 lh Thu Mar 12 16:48:27 CET 2026
#@# WM/GM Contrast lh Thu Mar 12 16:48:37 CET 2026
recon-all -s sub-v1s1x0050667_ses-1 finished without error at Thu Mar 12 16:48:40 CET 2026



#New# invocation of recon-all 



status file for recon-all
Thu Mar 12 17:14:45 CET 2026
#@# white curv lh Thu Mar 12 17:14:45 CET 2026
#@# white area lh Thu Mar 12 17:14:45 CET 2026
#@# pial curv lh Thu Mar 12 17:14:45 CET 2026
#@# pial area lh Thu Mar 12 17:14:45 CET 2026
#@# thickness lh Thu Mar 12 17:14:45 CET 2026
#@# area and vertex vol lh Thu Mar 12 17:14:45 CET 2026
#@# Parcellation Stats lh Thu Mar 12 17:14:45 CET 2026
#@# Parcellation Stats 2 lh Thu Mar 12 17:15:04 CET 2026
#@# Parcellation Stats 3 lh Thu Mar 12 17:15:13 CET 2026
#@# BA_exvivo Labels lh Thu Mar 12 17:15:23 CET 2026
recon-all -s sub-v1s1x0050667_ses-1 finished without error at Thu Mar 12 17:18:07 CET 2026
