status file for recon-all
Thu Mar 12 16:48:45 CET 2026
#@# Tessellate rh Thu Mar 12 16:48:45 CET 2026
#@# Smooth1 rh Thu Mar 12 16:48:49 CET 2026
#@# Inflation1 rh Thu Mar 12 16:48:52 CET 2026
#@# QSphere rh Thu Mar 12 16:49:04 CET 2026
#@# Fix Topology rh Thu Mar 12 16:50:17 CET 2026
#@# Smooth2 rh Thu Mar 12 16:55:21 CET 2026
#@# Inflation2 rh Thu Mar 12 16:55:25 CET 2026
#@# Curv .H and .K rh Thu Mar 12 16:55:39 CET 2026
#@# Sphere rh Thu Mar 12 16:56:27 CET 2026
#@# Surf Reg rh Thu Mar 12 16:58:42 CET 2026
#@# Jacobian white rh Thu Mar 12 17:02:47 CET 2026
#@# AvgCurv rh Thu Mar 12 17:02:48 CET 2026
#@# Cortical Parc rh Thu Mar 12 17:02:49 CET 2026
#@# white curv rh Thu Mar 12 17:08:39 CET 2026
#@# white area rh Thu Mar 12 17:08:41 CET 2026
#@# pial curv rh Thu Mar 12 17:08:42 CET 2026
#@# pial area rh Thu Mar 12 17:08:44 CET 2026
#@# thickness rh Thu Mar 12 17:08:45 CET 2026
#@# area and vertex vol rh Thu Mar 12 17:09:16 CET 2026
#@# Curvature Stats rh Thu Mar 12 17:09:18 CET 2026
#@# Cortical Parc 2 rh Thu Mar 12 17:09:21 CET 2026
#@# Cortical Parc 3 rh Thu Mar 12 17:09:35 CET 2026
#@# WM/GM Contrast rh Thu Mar 12 17:09:46 CET 2026
recon-all -s sub-v1s1x0050667_ses-1 finished without error at Thu Mar 12 17:09:49 CET 2026



#New# invocation of recon-all 



status file for recon-all
Thu Mar 12 17:18:09 CET 2026
#@# white curv rh Thu Mar 12 17:18:09 CET 2026
#@# white area rh Thu Mar 12 17:18:09 CET 2026
#@# pial curv rh Thu Mar 12 17:18:09 CET 2026
#@# pial area rh Thu Mar 12 17:18:09 CET 2026
#@# thickness rh Thu Mar 12 17:18:09 CET 2026
#@# area and vertex vol rh Thu Mar 12 17:18:09 CET 2026
#@# Parcellation Stats rh Thu Mar 12 17:18:10 CET 2026
#@# Parcellation Stats 2 rh Thu Mar 12 17:18:29 CET 2026
#@# Parcellation Stats 3 rh Thu Mar 12 17:18:39 CET 2026
#@# BA_exvivo Labels rh Thu Mar 12 17:18:48 CET 2026
recon-all -s sub-v1s1x0050667_ses-1 finished without error at Thu Mar 12 17:21:39 CET 2026
