status file for recon-all
Thu Mar 12 14:32:16 CET 2026
#@# MotionCor Thu Mar 12 14:32:18 CET 2026
#@# Talairach Thu Mar 12 14:32:26 CET 2026
#@# Talairach Failure Detection Thu Mar 12 14:36:56 CET 2026
#@# Nu Intensity Correction Thu Mar 12 14:36:56 CET 2026
#@# Intensity Normalization Thu Mar 12 14:40:13 CET 2026
recon-all -s sub-v1s1x0050667_ses-1 finished without error at Thu Mar 12 14:41:50 CET 2026



#New# invocation of recon-all 



status file for recon-all
Thu Mar 12 14:48:57 CET 2026
#@# EM Registration Thu Mar 12 14:48:57 CET 2026
recon-all -s sub-v1s1x0050667_ses-1 finished without error at Thu Mar 12 14:50:38 CET 2026



#New# invocation of recon-all 



status file for recon-all
Thu Mar 12 14:50:41 CET 2026
#@# CA Normalize Thu Mar 12 14:50:41 CET 2026
#@# CA Reg Thu Mar 12 14:52:04 CET 2026
#@# SubCort Seg Thu Mar 12 15:35:00 CET 2026
#@# CC Seg Thu Mar 12 16:19:14 CET 2026
#@# Merge ASeg Thu Mar 12 16:19:52 CET 2026
#@# Intensity Normalization2 Thu Mar 12 16:19:52 CET 2026
#@# Mask BFS Thu Mar 12 16:22:10 CET 2026
#@# WM Segmentation Thu Mar 12 16:22:11 CET 2026
#@# Fill Thu Mar 12 16:24:22 CET 2026
recon-all -s sub-v1s1x0050667_ses-1 finished without error at Thu Mar 12 16:25:31 CET 2026



#New# invocation of recon-all 



status file for recon-all
Thu Mar 12 17:09:53 CET 2026
#@# white curv lh Thu Mar 12 17:09:53 CET 2026
#@# white area lh Thu Mar 12 17:09:53 CET 2026
#@# pial curv lh Thu Mar 12 17:09:53 CET 2026
#@# pial area lh Thu Mar 12 17:09:53 CET 2026
#@# thickness lh Thu Mar 12 17:09:53 CET 2026
#@# area and vertex vol lh Thu Mar 12 17:09:53 CET 2026
#@# white curv rh Thu Mar 12 17:09:53 CET 2026
#@# white area rh Thu Mar 12 17:09:53 CET 2026
#@# pial curv rh Thu Mar 12 17:09:53 CET 2026
#@# pial area rh Thu Mar 12 17:09:53 CET 2026
#@# thickness rh Thu Mar 12 17:09:53 CET 2026
#@# area and vertex vol rh Thu Mar 12 17:09:54 CET 2026
#@# Cortical ribbon mask Thu Mar 12 17:09:54 CET 2026
recon-all -s sub-v1s1x0050667_ses-1 finished without error at Thu Mar 12 17:14:42 CET 2026



#New# invocation of recon-all 



status file for recon-all
Thu Mar 12 17:21:44 CET 2026
#@# white curv lh Thu Mar 12 17:21:44 CET 2026
#@# white area lh Thu Mar 12 17:21:44 CET 2026
#@# pial curv lh Thu Mar 12 17:21:44 CET 2026
#@# pial area lh Thu Mar 12 17:21:44 CET 2026
#@# thickness lh Thu Mar 12 17:21:44 CET 2026
#@# area and vertex vol lh Thu Mar 12 17:21:44 CET 2026
#@# white curv rh Thu Mar 12 17:21:44 CET 2026
#@# white area rh Thu Mar 12 17:21:44 CET 2026
#@# pial curv rh Thu Mar 12 17:21:44 CET 2026
#@# pial area rh Thu Mar 12 17:21:44 CET 2026
#@# thickness rh Thu Mar 12 17:21:44 CET 2026
#@# area and vertex vol rh Thu Mar 12 17:21:44 CET 2026
#@# Curvature Stats lh Thu Mar 12 17:21:44 CET 2026
#@# Curvature Stats rh Thu Mar 12 17:21:46 CET 2026
#@# Relabel Hypointensities Thu Mar 12 17:21:49 CET 2026
#@# APas-to-ASeg Thu Mar 12 17:22:05 CET 2026
#@# AParc-to-ASeg aparc Thu Mar 12 17:22:14 CET 2026
#@# AParc-to-ASeg aparc.a2009s Thu Mar 12 17:22:47 CET 2026
#@# AParc-to-ASeg aparc.DKTatlas Thu Mar 12 17:23:18 CET 2026
#@# WMParc Thu Mar 12 17:23:49 CET 2026
#@# ASeg Stats Thu Mar 12 17:27:32 CET 2026
recon-all -s sub-v1s1x0050667_ses-1 finished without error at Thu Mar 12 17:28:13 CET 2026
