status file for recon-all
Thu Mar 12 16:25:34 CET 2026
#@# Tessellate lh Thu Mar 12 16:25:35 CET 2026
#@# Smooth1 lh Thu Mar 12 16:25:39 CET 2026
#@# Inflation1 lh Thu Mar 12 16:25:43 CET 2026
#@# QSphere lh Thu Mar 12 16:25:59 CET 2026
#@# Fix Topology lh Thu Mar 12 16:27:31 CET 2026
#@# Smooth2 lh Thu Mar 12 16:36:05 CET 2026
#@# Inflation2 lh Thu Mar 12 16:36:08 CET 2026
#@# Curv .H and .K lh Thu Mar 12 16:36:27 CET 2026
#@# Sphere lh Thu Mar 12 16:37:25 CET 2026
#@# Surf Reg lh Thu Mar 12 16:40:50 CET 2026
#@# Jacobian white lh Thu Mar 12 16:47:18 CET 2026
#@# AvgCurv lh Thu Mar 12 16:47:19 CET 2026
#@# Cortical Parc lh Thu Mar 12 16:47:20 CET 2026
#@# white curv lh Thu Mar 12 16:54:51 CET 2026
#@# white area lh Thu Mar 12 16:54:53 CET 2026
#@# pial curv lh Thu Mar 12 16:54:54 CET 2026
#@# pial area lh Thu Mar 12 16:54:56 CET 2026
#@# thickness lh Thu Mar 12 16:54:57 CET 2026
#@# area and vertex vol lh Thu Mar 12 16:55:36 CET 2026
#@# Curvature Stats lh Thu Mar 12 16:55:37 CET 2026
#@# Cortical Parc 2 lh Thu Mar 12 16:55:41 CET 2026
#@# Cortical Parc 3 lh Thu Mar 12 16:55:58 CET 2026
#@# WM/GM Contrast lh Thu Mar 12 16:56:10 CET 2026
recon-all -s sub-v1s1x0050655_ses-1 finished without error at Thu Mar 12 16:56:14 CET 2026



#New# invocation of recon-all 



status file for recon-all
Thu Mar 12 17:34:23 CET 2026
#@# white curv lh Thu Mar 12 17:34:23 CET 2026
#@# white area lh Thu Mar 12 17:34:23 CET 2026
#@# pial curv lh Thu Mar 12 17:34:23 CET 2026
#@# pial area lh Thu Mar 12 17:34:23 CET 2026
#@# thickness lh Thu Mar 12 17:34:23 CET 2026
#@# area and vertex vol lh Thu Mar 12 17:34:23 CET 2026
#@# Parcellation Stats lh Thu Mar 12 17:34:23 CET 2026
#@# Parcellation Stats 2 lh Thu Mar 12 17:34:52 CET 2026
#@# Parcellation Stats 3 lh Thu Mar 12 17:35:06 CET 2026
#@# BA_exvivo Labels lh Thu Mar 12 17:35:19 CET 2026
recon-all -s sub-v1s1x0050655_ses-1 finished without error at Thu Mar 12 17:38:34 CET 2026
