status file for recon-all
Thu Mar 12 14:26:48 CET 2026
#@# MotionCor Thu Mar 12 14:26:50 CET 2026
#@# Talairach Thu Mar 12 14:26:58 CET 2026
#@# Talairach Failure Detection Thu Mar 12 14:31:26 CET 2026
#@# Nu Intensity Correction Thu Mar 12 14:31:26 CET 2026
#@# Intensity Normalization Thu Mar 12 14:34:43 CET 2026
recon-all -s sub-v1s1x0050655_ses-1 finished without error at Thu Mar 12 14:36:15 CET 2026



#New# invocation of recon-all 



status file for recon-all
Thu Mar 12 14:43:22 CET 2026
#@# EM Registration Thu Mar 12 14:43:22 CET 2026
recon-all -s sub-v1s1x0050655_ses-1 finished without error at Thu Mar 12 14:45:29 CET 2026



#New# invocation of recon-all 



status file for recon-all
Thu Mar 12 14:45:34 CET 2026
#@# CA Normalize Thu Mar 12 14:45:34 CET 2026
#@# CA Reg Thu Mar 12 14:46:53 CET 2026
#@# SubCort Seg Thu Mar 12 15:31:48 CET 2026
#@# CC Seg Thu Mar 12 16:19:04 CET 2026
#@# Merge ASeg Thu Mar 12 16:19:47 CET 2026
#@# Intensity Normalization2 Thu Mar 12 16:19:47 CET 2026
#@# Mask BFS Thu Mar 12 16:22:03 CET 2026
#@# WM Segmentation Thu Mar 12 16:22:04 CET 2026
#@# Fill Thu Mar 12 16:24:28 CET 2026
recon-all -s sub-v1s1x0050655_ses-1 finished without error at Thu Mar 12 16:25:30 CET 2026



#New# invocation of recon-all 



status file for recon-all
Thu Mar 12 17:26:39 CET 2026
#@# white curv lh Thu Mar 12 17:26:39 CET 2026
#@# white area lh Thu Mar 12 17:26:39 CET 2026
#@# pial curv lh Thu Mar 12 17:26:39 CET 2026
#@# pial area lh Thu Mar 12 17:26:39 CET 2026
#@# thickness lh Thu Mar 12 17:26:39 CET 2026
#@# area and vertex vol lh Thu Mar 12 17:26:39 CET 2026
#@# white curv rh Thu Mar 12 17:26:39 CET 2026
#@# white area rh Thu Mar 12 17:26:39 CET 2026
#@# pial curv rh Thu Mar 12 17:26:39 CET 2026
#@# pial area rh Thu Mar 12 17:26:39 CET 2026
#@# thickness rh Thu Mar 12 17:26:39 CET 2026
#@# area and vertex vol rh Thu Mar 12 17:26:39 CET 2026
#@# Cortical ribbon mask Thu Mar 12 17:26:39 CET 2026
recon-all -s sub-v1s1x0050655_ses-1 finished without error at Thu Mar 12 17:34:19 CET 2026



#New# invocation of recon-all 



status file for recon-all
Thu Mar 12 17:42:55 CET 2026
#@# white curv lh Thu Mar 12 17:42:55 CET 2026
#@# white area lh Thu Mar 12 17:42:55 CET 2026
#@# pial curv lh Thu Mar 12 17:42:55 CET 2026
#@# pial area lh Thu Mar 12 17:42:55 CET 2026
#@# thickness lh Thu Mar 12 17:42:55 CET 2026
#@# area and vertex vol lh Thu Mar 12 17:42:55 CET 2026
#@# white curv rh Thu Mar 12 17:42:55 CET 2026
#@# white area rh Thu Mar 12 17:42:55 CET 2026
#@# pial curv rh Thu Mar 12 17:42:55 CET 2026
#@# pial area rh Thu Mar 12 17:42:55 CET 2026
#@# thickness rh Thu Mar 12 17:42:55 CET 2026
#@# area and vertex vol rh Thu Mar 12 17:42:55 CET 2026
#@# Curvature Stats lh Thu Mar 12 17:42:55 CET 2026
#@# Curvature Stats rh Thu Mar 12 17:42:59 CET 2026
#@# Relabel Hypointensities Thu Mar 12 17:43:02 CET 2026
#@# APas-to-ASeg Thu Mar 12 17:43:20 CET 2026
#@# AParc-to-ASeg aparc Thu Mar 12 17:43:31 CET 2026
#@# AParc-to-ASeg aparc.a2009s Thu Mar 12 17:44:18 CET 2026
#@# AParc-to-ASeg aparc.DKTatlas Thu Mar 12 17:45:04 CET 2026
#@# WMParc Thu Mar 12 17:45:52 CET 2026
#@# ASeg Stats Thu Mar 12 17:50:45 CET 2026
recon-all -s sub-v1s1x0050655_ses-1 finished without error at Thu Mar 12 17:51:28 CET 2026
