status file for recon-all
Thu Mar 12 16:56:17 CET 2026
#@# Tessellate rh Thu Mar 12 16:56:17 CET 2026
#@# Smooth1 rh Thu Mar 12 16:56:21 CET 2026
#@# Inflation1 rh Thu Mar 12 16:56:25 CET 2026
#@# QSphere rh Thu Mar 12 16:56:41 CET 2026
#@# Fix Topology rh Thu Mar 12 16:58:07 CET 2026
#@# Smooth2 rh Thu Mar 12 17:06:12 CET 2026
#@# Inflation2 rh Thu Mar 12 17:06:15 CET 2026
#@# Curv .H and .K rh Thu Mar 12 17:06:33 CET 2026
#@# Sphere rh Thu Mar 12 17:07:33 CET 2026
#@# Surf Reg rh Thu Mar 12 17:10:53 CET 2026
#@# Jacobian white rh Thu Mar 12 17:17:09 CET 2026
#@# AvgCurv rh Thu Mar 12 17:17:10 CET 2026
#@# Cortical Parc rh Thu Mar 12 17:17:11 CET 2026
#@# white curv rh Thu Mar 12 17:25:11 CET 2026
#@# white area rh Thu Mar 12 17:25:14 CET 2026
#@# pial curv rh Thu Mar 12 17:25:15 CET 2026
#@# pial area rh Thu Mar 12 17:25:17 CET 2026
#@# thickness rh Thu Mar 12 17:25:18 CET 2026
#@# area and vertex vol rh Thu Mar 12 17:25:55 CET 2026
#@# Curvature Stats rh Thu Mar 12 17:25:58 CET 2026
#@# Cortical Parc 2 rh Thu Mar 12 17:26:01 CET 2026
#@# Cortical Parc 3 rh Thu Mar 12 17:26:18 CET 2026
#@# WM/GM Contrast rh Thu Mar 12 17:26:30 CET 2026
recon-all -s sub-v1s1x0050655_ses-1 finished without error at Thu Mar 12 17:26:34 CET 2026



#New# invocation of recon-all 



status file for recon-all
Thu Mar 12 17:38:37 CET 2026
#@# white curv rh Thu Mar 12 17:38:37 CET 2026
#@# white area rh Thu Mar 12 17:38:37 CET 2026
#@# pial curv rh Thu Mar 12 17:38:37 CET 2026
#@# pial area rh Thu Mar 12 17:38:37 CET 2026
#@# thickness rh Thu Mar 12 17:38:37 CET 2026
#@# area and vertex vol rh Thu Mar 12 17:38:37 CET 2026
#@# Parcellation Stats rh Thu Mar 12 17:38:37 CET 2026
#@# Parcellation Stats 2 rh Thu Mar 12 17:39:06 CET 2026
#@# Parcellation Stats 3 rh Thu Mar 12 17:39:20 CET 2026
#@# BA_exvivo Labels rh Thu Mar 12 17:39:33 CET 2026
recon-all -s sub-v1s1x0050655_ses-1 finished without error at Thu Mar 12 17:42:52 CET 2026
