status file for recon-all
Thu Mar 12 16:25:24 CET 2026
#@# Tessellate rh Thu Mar 12 16:25:24 CET 2026
#@# Smooth1 rh Thu Mar 12 16:25:28 CET 2026
#@# Inflation1 rh Thu Mar 12 16:25:30 CET 2026
#@# QSphere rh Thu Mar 12 16:25:42 CET 2026
#@# Fix Topology rh Thu Mar 12 16:26:43 CET 2026
#@# Smooth2 rh Thu Mar 12 16:32:48 CET 2026
#@# Inflation2 rh Thu Mar 12 16:32:51 CET 2026
#@# Curv .H and .K rh Thu Mar 12 16:33:05 CET 2026
#@# Sphere rh Thu Mar 12 16:33:50 CET 2026
#@# Surf Reg rh Thu Mar 12 16:37:13 CET 2026
#@# Jacobian white rh Thu Mar 12 16:41:46 CET 2026
#@# AvgCurv rh Thu Mar 12 16:41:47 CET 2026
#@# Cortical Parc rh Thu Mar 12 16:41:48 CET 2026
#@# white curv rh Thu Mar 12 16:48:28 CET 2026
#@# white area rh Thu Mar 12 16:48:30 CET 2026
#@# pial curv rh Thu Mar 12 16:48:31 CET 2026
#@# pial area rh Thu Mar 12 16:48:33 CET 2026
#@# thickness rh Thu Mar 12 16:48:34 CET 2026
#@# area and vertex vol rh Thu Mar 12 16:49:02 CET 2026
#@# Curvature Stats rh Thu Mar 12 16:49:03 CET 2026
#@# Cortical Parc 2 rh Thu Mar 12 16:49:06 CET 2026
#@# Cortical Parc 3 rh Thu Mar 12 16:49:19 CET 2026
#@# WM/GM Contrast rh Thu Mar 12 16:49:29 CET 2026
recon-all -s sub-v1s1x0050643_ses-1 finished without error at Thu Mar 12 16:49:32 CET 2026



#New# invocation of recon-all 



status file for recon-all
Thu Mar 12 16:57:07 CET 2026
#@# white curv rh Thu Mar 12 16:57:07 CET 2026
#@# white area rh Thu Mar 12 16:57:07 CET 2026
#@# pial curv rh Thu Mar 12 16:57:07 CET 2026
#@# pial area rh Thu Mar 12 16:57:07 CET 2026
#@# thickness rh Thu Mar 12 16:57:07 CET 2026
#@# area and vertex vol rh Thu Mar 12 16:57:07 CET 2026
#@# Parcellation Stats rh Thu Mar 12 16:57:07 CET 2026
#@# Parcellation Stats 2 rh Thu Mar 12 16:57:25 CET 2026
#@# Parcellation Stats 3 rh Thu Mar 12 16:57:33 CET 2026
#@# BA_exvivo Labels rh Thu Mar 12 16:57:42 CET 2026
recon-all -s sub-v1s1x0050643_ses-1 finished without error at Thu Mar 12 17:00:21 CET 2026
