/out/sourcedata/freesurfer/sub-v1s1x0050652_ses-1/mri
/opt/freesurfer/bin/talairach_avi
--i orig_nu.mgz --xfm transforms/talairach.auto.xfm
talairach_avi 7.3.2
Linux dna069 5.14.0-427.37.1.el9_4.x86_64 #1 SMP PREEMPT_DYNAMIC Fri Sep 13 12:41:50 EDT 2024 x86_64 x86_64 x86_64 GNU/Linux
Thu Mar 12 14:26:46 CET 2026
mri_convert orig_nu.mgz talsrcimg.img 
reading from orig_nu.mgz...
TR=0.00, TE=0.00, TI=0.00, flip angle=0.00
i_ras = (-1, 0, 0)
j_ras = (0, 0, -1)
k_ras = (0, 1, 0)
writing to talsrcimg.img...
Analyze Output Matrix
-1.00000   0.00000   0.00000   129.50000;
 0.00000   0.00000   1.00000  -128.00000;
 0.00000  -1.00000   0.00000   123.15833;
 0.00000   0.00000   0.00000   1.00000;
--------------------
INFO: set hdr.hist.orient to -1
mpr2mni305 talsrcimg
Thu Mar 12 14:26:46 CET 2026
/opt/freesurfer/bin/mpr2mni305 talsrcimg
mpr2mni305 7.3.2
target=711-2C_as_mni_average_305

---------------------------------------------------------------------
analyzeto4dfp talsrcimg -O0 -y
---------------------------------------------------------------------

freesurfer ifh2hdr.c
Thu Mar 12 14:26:47 2026
Writing: talsrcimg.4dfp.hdr
freesurfer analyzeto4dfp.c
Reading: talsrcimg.hdr
header size 348 bytes
hdr.dime.datatype	offset=70	value=2
hdr.dime.bitpix		offset=72	value=8
hdr.hist.orient		offset=252	value=-1
dimensionality     4
dimensions       256       256       256         1
Reading: talsrcimg.img
Writing: talsrcimg.4dfp.img
Writing: talsrcimg.4dfp.ifh
ifh2hdr talsrcimg -r0to249
ori=2

---------------------------------------------------------------------
gauss_4dfp talsrcimg 1.1
---------------------------------------------------------------------

freesurfer gauss_4dfp.c
Reading: talsrcimg.4dfp.img
Writing: talsrcimg_g11.4dfp.img
image dimensions 256 256 256 padded to 288 288 288
processing volume 1freesurfer ifh2hdr.c
Thu Mar 12 14:26:48 2026
Writing: talsrcimg_g11.4dfp.hdr

Writing: talsrcimg_g11.4dfp.ifh
including: talsrcimg.4dfp.img.rec in talsrcimg_g11.4dfp.img.rec

---------------------------------------------------------------------
imgreg_4dfp /opt/freesurfer/average/711-2C_as_mni_average_305 none talsrcimg_g11 none talsrcimg_to_711-2C_as_mni_average_305_t4 4355
---------------------------------------------------------------------

freesurfer imgreg_4dfp.c
/opt/freesurfer/average/711-2C_as_mni_average_305.4dfp.img
       256       256       256         1
  1.000000  1.000000  1.000000
orientation T byte_order littleendian
Reading image: /opt/freesurfer/average/711-2C_as_mni_average_305.4dfp.img
dimensions:      256       256       256
mmppix:       1.0000   -1.0000   -1.0000
center:     128.0000 -129.0000 -129.0000
talsrcimg_g11.4dfp.img
       256       256       256         1
  1.000000  1.000000  1.000000
orientation T byte_order littleendian
Reading image: talsrcimg_g11.4dfp.img
dimensions:      256       256       256
mmppix:       1.0000   -1.0000   -1.0000
center:     128.0000 -129.0000 -129.0000
t4_read: open error in t4_sub.f l:  41 t4_file(1:l)talsrcimg_to_711-2C_as_mni_average_305_t4 
t4_read: transform initialized to I4
rotation matrix determinant  1.000000
image alignment mode   4355 decimal     1103 hex
   -7.5000  -45.0000  -45.0000 7321.0503   13.6701
    0.0000  -45.0000  -45.0000 7671.9331   13.6597
    7.5000  -45.0000  -45.0000 7341.9258   13.6369
   -7.5000  -37.5000  -45.0000 7973.8911   13.3340
    0.0000  -37.5000  -45.0000 8369.3555   13.3304
    7.5000  -37.5000  -45.0000 8011.2900   13.3125
   -7.5000  -30.0000  -45.0000 9000.2598   13.1350
    0.0000  -30.0000  -45.0000 9456.4365   13.1358
    7.5000  -30.0000  -45.0000 9044.8271   13.1210
   -7.5000  -22.5000  -45.000010070.2520   13.0586
    0.0000  -22.5000  -45.000010581.3076   13.0562
    7.5000  -22.5000  -45.000010107.8516   13.0399
   -7.5000  -15.0000  -45.000011096.8242   13.0617
    0.0000  -15.0000  -45.000011633.7695   13.0534
    7.5000  -15.0000  -45.000011130.7783   13.0332
   -7.5000   -7.5000  -45.000012072.1338   13.0684
    0.0000   -7.5000  -45.000012667.0312   13.0574
    7.5000   -7.5000  -45.000012104.9375   13.0352
   -7.5000    0.0000  -45.000013036.7012   13.0680
    0.0000    0.0000  -45.000013692.7432   13.0591
    7.5000    0.0000  -45.000013081.4629   13.0383
   -7.5000    7.5000  -45.000012996.3887   13.0510
    0.0000    7.5000  -45.000013631.6904   13.0479
    7.5000    7.5000  -45.000013034.3809   13.0307
   -7.5000   15.0000  -45.000012791.9268   13.0341
    0.0000   15.0000  -45.000013425.4326   13.0347
    7.5000   15.0000  -45.000012832.2295   13.0200
   -7.5000   22.5000  -45.000012455.7783   13.0332
    0.0000   22.5000  -45.000013061.1865   13.0308
    7.5000   22.5000  -45.000012507.7793   13.0145
   -7.5000   30.0000  -45.000011970.8330   12.8766
    0.0000   30.0000  -45.000012552.5371   12.8684
    7.5000   30.0000  -45.000011999.0469   12.8484
   -7.5000   37.5000  -45.000011815.1904   12.8919
    0.0000   37.5000  -45.000012388.8164   12.8810
    7.5000   37.5000  -45.000011819.7051   12.8591
   -7.5000   45.0000  -45.000011125.7578   12.5665
    0.0000   45.0000  -45.000011651.5615   12.5579
    7.5000   45.0000  -45.000011142.4473   12.5378
   -7.5000  -45.0000  -37.5000 7539.9741   13.6430
    0.0000  -45.0000  -37.5000 7912.7798   13.6330
    7.5000  -45.0000  -37.5000 7564.5732   13.6106
   -7.5000  -37.5000  -37.5000 8245.5898   13.2982
    0.0000  -37.5000  -37.5000 8668.9189   13.2941
    7.5000  -37.5000  -37.5000 8280.5625   13.2781
   -7.5000  -30.0000  -37.5000 9338.0605   13.0986
    0.0000  -30.0000  -37.5000 9821.1592   13.0989
    7.5000  -30.0000  -37.5000 9389.3848   13.0879
   -7.5000  -22.5000  -37.500010468.6719   13.0310
    0.0000  -22.5000  -37.500010996.2549   13.0289
    7.5000  -22.5000  -37.500010515.8564   13.0168
   -7.5000  -15.0000  -37.500011528.9873   13.0438
    0.0000  -15.0000  -37.500012088.7900   13.0366
    7.5000  -15.0000  -37.500011574.8916   13.0193
   -7.5000   -7.5000  -37.500012539.5752   13.0517
    0.0000   -7.5000  -37.500013194.3926   13.0416
    7.5000   -7.5000  -37.500012592.1328   13.0204
   -7.5000    0.0000  -37.500013501.6221   13.0433
    0.0000    0.0000  -37.500014230.5537   13.0348
    7.5000    0.0000  -37.500013570.6055   13.0144
   -7.5000    7.5000  -37.500013402.2900   13.0169
    0.0000    7.5000  -37.500014132.7949   13.0134
    7.5000    7.5000  -37.500013462.4844   12.9981
   -7.5000   15.0000  -37.500013188.3418   12.9981
    0.0000   15.0000  -37.500013906.9346   12.9983
    7.5000   15.0000  -37.500013250.0254   12.9873
   -7.5000   22.5000  -37.500012872.7998   13.0056
    0.0000   22.5000  -37.500013575.2715   13.0036
    7.5000   22.5000  -37.500012947.8027   12.9914
   -7.5000   30.0000  -37.500012381.1660   12.8589
    0.0000   30.0000  -37.500013047.4951   12.8518
    7.5000   30.0000  -37.500012445.0732   12.8347
   -7.5000   37.5000  -37.500012197.1611   12.8754
    0.0000   37.5000  -37.500012834.2461   12.8655
    7.5000   37.5000  -37.500012243.7871   12.8445
   -7.5000   45.0000  -37.500011473.1113   12.5427
    0.0000   45.0000  -37.500012052.5957   12.5345
    7.5000   45.0000  -37.500011513.8467   12.5149
   -7.5000  -45.0000  -30.0000 7876.5015   14.1960
    0.0000  -45.0000  -30.0000 8266.1846   14.1884
    7.5000  -45.0000  -30.0000 7897.7305   14.1604
   -7.5000  -37.5000  -30.0000 8628.6289   13.8353
    0.0000  -37.5000  -30.0000 9068.0381   13.8309
    7.5000  -37.5000  -30.0000 8669.2510   13.8105
   -7.5000  -30.0000  -30.0000 9782.8770   13.6263
    0.0000  -30.0000  -30.000010292.8809   13.6241
    7.5000  -30.0000  -30.0000 9851.2715   13.6104
   -7.5000  -22.5000  -30.000010977.6699   13.5573
    0.0000  -22.5000  -30.000011514.7539   13.5528
    7.5000  -22.5000  -30.000011022.6230   13.5387
   -7.5000  -15.0000  -30.000012113.2188   13.5737
    0.0000  -15.0000  -30.000012706.6826   13.5660
    7.5000  -15.0000  -30.000012142.1963   13.5462
   -7.5000   -7.5000  -30.000013188.8008   13.5838
    0.0000   -7.5000  -30.000013874.5674   13.5755
    7.5000   -7.5000  -30.000013234.4873   13.5500
   -7.5000    0.0000  -30.000014162.9932   13.5741
    0.0000    0.0000  -30.000014930.6484   13.5676
    7.5000    0.0000  -30.000014254.0693   13.5418
   -7.5000    7.5000  -30.000014017.2451   13.5434
    0.0000    7.5000  -30.000014819.6660   13.5396
    7.5000    7.5000  -30.000014114.9551   13.5199
   -7.5000   15.0000  -30.000013780.7363   13.5218
    0.0000   15.0000  -30.000014554.9678   13.5195
    7.5000   15.0000  -30.000013876.1523   13.5058
   -7.5000   22.5000  -30.000013443.6133   13.5294
    0.0000   22.5000  -30.000014191.1172   13.5250
    7.5000   22.5000  -30.000013541.7598   13.5108
   -7.5000   30.0000  -30.000012939.7539   13.3825
    0.0000   30.0000  -30.000013667.9326   13.3749
    7.5000   30.0000  -30.000013034.9609   13.3553
   -7.5000   37.5000  -30.000012730.7764   13.4016
    0.0000   37.5000  -30.000013448.8730   13.3934
    7.5000   37.5000  -30.000012820.8574   13.3683
   -7.5000   45.0000  -30.000011967.8867   13.0627
    0.0000   45.0000  -30.000012615.2920   13.0564
    7.5000   45.0000  -30.000012035.3076   13.0317
   -7.5000  -45.0000  -22.5000 8175.9082   14.7078
    0.0000  -45.0000  -22.5000 8561.9385   14.7013
    7.5000  -45.0000  -22.5000 8198.4717   14.6665
   -7.5000  -37.5000  -22.5000 8971.7949   14.3429
    0.0000  -37.5000  -22.5000 9425.7539   14.3383
    7.5000  -37.5000  -22.5000 9021.9160   14.3104
   -7.5000  -30.0000  -22.500010171.1113   14.1251
    0.0000  -30.0000  -22.500010683.7939   14.1205
    7.5000  -30.0000  -22.500010236.5820   14.0990
   -7.5000  -22.5000  -22.500011412.6943   14.0438
    0.0000  -22.5000  -22.500011973.1074   14.0361
    7.5000  -22.5000  -22.500011452.8701   14.0145
   -7.5000  -15.0000  -22.500012603.3760   14.0523
    0.0000  -15.0000  -22.500013242.6094   14.0424
    7.5000  -15.0000  -22.500012636.3535   14.0162
   -7.5000   -7.5000  -22.500013741.7217   14.0643
    0.0000   -7.5000  -22.500014476.3926   14.0561
    7.5000   -7.5000  -22.500013788.4814   14.0246
   -7.5000    0.0000  -22.500014776.4658   14.0638
    0.0000    0.0000  -22.500015618.7734   14.0582
    7.5000    0.0000  -22.500014867.7188   14.0257
   -7.5000    7.5000  -22.500014646.9111   14.0397
    0.0000    7.5000  -22.500015552.7324   14.0356
    7.5000    7.5000  -22.500014786.5410   14.0085
   -7.5000   15.0000  -22.500014353.6807   14.0165
    0.0000   15.0000  -22.500015201.8096   14.0119
    7.5000   15.0000  -22.500014481.1875   13.9904
   -7.5000   22.5000  -22.500013965.8760   14.0139
    0.0000   22.5000  -22.500014751.4014   14.0063
    7.5000   22.5000  -22.500014092.5869   13.9847
   -7.5000   30.0000  -22.500013452.4082   13.8563
    0.0000   30.0000  -22.500014226.2764   13.8466
    7.5000   30.0000  -22.500013570.6875   13.8207
   -7.5000   37.5000  -22.500013273.5352   13.8778
    0.0000   37.5000  -22.500014044.4756   13.8697
    7.5000   37.5000  -22.500013365.7207   13.8386
   -7.5000   45.0000  -22.500012488.7451   13.5441
    0.0000   45.0000  -22.500013233.0996   13.5387
    7.5000   45.0000  -22.500012547.6650   13.5075
   -7.5000  -45.0000  -15.0000 8424.9824   15.1001
    0.0000  -45.0000  -15.0000 8815.0918   15.0925
    7.5000  -45.0000  -15.0000 8453.8887   15.0558
   -7.5000  -37.5000  -15.0000 9233.3193   14.7360
    0.0000  -37.5000  -15.0000 9707.1562   14.7318
    7.5000  -37.5000  -15.0000 9296.8730   14.7003
   -7.5000  -30.0000  -15.000010462.7070   14.5126
    0.0000  -30.0000  -15.000011014.4131   14.5083
    7.5000  -30.0000  -15.000010515.0996   14.4814
   -7.5000  -22.5000  -15.000011753.3730   14.4181
    0.0000  -22.5000  -15.000012368.9014   14.4097
    7.5000  -22.5000  -15.000011804.0684   14.3823
   -7.5000  -15.0000  -15.000012989.6182   14.4157
    0.0000  -15.0000  -15.000013677.4688   14.4041
    7.5000  -15.0000  -15.000013042.0195   14.3732
   -7.5000   -7.5000  -15.000014195.6162   14.4278
    0.0000   -7.5000  -15.000014928.3389   14.4178
    7.5000   -7.5000  -15.000014245.7041   14.3838
   -7.5000    0.0000  -15.000015293.2891   14.4371
    0.0000    0.0000  -15.000016145.5820   14.4306
    7.5000    0.0000  -15.000015407.5225   14.3962
   -7.5000    7.5000  -15.000015241.1553   14.4233
    0.0000    7.5000  -15.000016253.9492   14.4194
    7.5000    7.5000  -15.000015411.6221   14.3888
   -7.5000   15.0000  -15.000015033.1465   14.4007
    0.0000   15.0000  -15.000016024.3369   14.3965
    7.5000   15.0000  -15.000015232.0059   14.3697
   -7.5000   22.5000  -15.000014619.3369   14.3868
    0.0000   22.5000  -15.000015515.3691   14.3785
    7.5000   22.5000  -15.000014755.2588   14.3510
   -7.5000   30.0000  -15.000014078.7754   14.2167
    0.0000   30.0000  -15.000014911.2188   14.2053
    7.5000   30.0000  -15.000014126.6504   14.1747
   -7.5000   37.5000  -15.000013888.4219   14.2384
    0.0000   37.5000  -15.000014739.3379   14.2286
    7.5000   37.5000  -15.000013891.0898   14.1950
   -7.5000   45.0000  -15.000013034.0537   13.9121
    0.0000   45.0000  -15.000013852.3281   13.9058
    7.5000   45.0000  -15.000013020.4629   13.8727
   -7.5000  -45.0000   -7.5000 8646.7178   15.2901
    0.0000  -45.0000   -7.5000 9072.3545   15.2805
    7.5000  -45.0000   -7.5000 8688.6787   15.2490
   -7.5000  -37.5000   -7.5000 9502.1992   14.9227
    0.0000  -37.5000   -7.5000 9989.6338   14.9190
    7.5000  -37.5000   -7.5000 9570.6797   14.8920
   -7.5000  -30.0000   -7.500010782.4619   14.6987
    0.0000  -30.0000   -7.500011320.8115   14.6973
    7.5000  -30.0000   -7.500010847.7842   14.6735
   -7.5000  -22.5000   -7.500012102.1797   14.6035
    0.0000  -22.5000   -7.500012713.4014   14.5977
    7.5000  -22.5000   -7.500012184.8545   14.5725
   -7.5000  -15.0000   -7.500013382.9824   14.5989
    0.0000  -15.0000   -7.500014052.5713   14.5879
    7.5000  -15.0000   -7.500013459.4766   14.5594
   -7.5000   -7.5000   -7.500014615.7324   14.6082
    0.0000   -7.5000   -7.500015360.6240   14.5967
    7.5000   -7.5000   -7.500014690.7402   14.5666
   -7.5000    0.0000   -7.500015812.5371   14.6168
    0.0000    0.0000   -7.500016682.3457   14.6086
    7.5000    0.0000   -7.500015913.6348   14.5794
   -7.5000    7.5000   -7.500015853.8857   14.6054
    0.0000    7.5000   -7.500016990.5625   14.6020
    7.5000    7.5000   -7.500015969.9180   14.5759
   -7.5000   15.0000   -7.500015745.6328   14.5854
    0.0000   15.0000   -7.500017001.0977   14.5840
    7.5000   15.0000   -7.500015866.2588   14.5603
   -7.5000   22.5000   -7.500015305.5732   14.5703
    0.0000   22.5000   -7.500016455.7383   14.5645
    7.5000   22.5000   -7.500015358.6719   14.5393
   -7.5000   30.0000   -7.500014660.1631   14.3971
    0.0000   30.0000   -7.500015685.5586   14.3863
    7.5000   30.0000   -7.500014661.4316   14.3580
   -7.5000   37.5000   -7.500014391.6113   14.4161
    0.0000   37.5000   -7.500015374.6426   14.4048
    7.5000   37.5000   -7.500014403.9199   14.3751
   -7.5000   45.0000   -7.500013461.5381   14.0879
    0.0000   45.0000   -7.500014363.6885   14.0799
    7.5000   45.0000   -7.500013488.1807   14.0518
   -7.5000  -45.0000    0.0000 8752.3066   15.2972
    0.0000  -45.0000    0.0000 9200.0586   15.2855
    7.5000  -45.0000    0.0000 8811.7041   15.2600
   -7.5000  -37.5000    0.0000 9643.2852   14.9211
    0.0000  -37.5000    0.000010147.7783   14.9171
    7.5000  -37.5000    0.0000 9719.2129   14.8970
   -7.5000  -30.0000    0.000010962.5000   14.6985
    0.0000  -30.0000    0.000011527.3398   14.6993
    7.5000  -30.0000    0.000011043.9189   14.6828
   -7.5000  -22.5000    0.000012328.7520   14.6129
    0.0000  -22.5000    0.000012958.0312   14.6102
    7.5000  -22.5000    0.000012417.5547   14.5920
   -7.5000  -15.0000    0.000013686.7695   14.6164
    0.0000  -15.0000    0.000014366.9521   14.6071
    7.5000  -15.0000    0.000013760.9092   14.5845
   -7.5000   -7.5000    0.000015024.9863   14.6239
    0.0000   -7.5000    0.000015793.9609   14.6116
    7.5000   -7.5000    0.000015096.6006   14.5867
   -7.5000    0.0000    0.000016283.5156   14.6235
    0.0000    0.0000    0.000017201.0547   14.6135
    7.5000    0.0000    0.000016362.3115   14.5902
   -7.5000    7.5000    0.000016287.0059   14.6044
    0.0000    7.5000    0.000017375.8730   14.6009
    7.5000    7.5000    0.000016403.9688   14.5817
   -7.5000   15.0000    0.000016074.6709   14.5855
    0.0000   15.0000    0.000017060.4922   14.5862
    7.5000   15.0000    0.000016170.7109   14.5697
   -7.5000   22.5000    0.000015572.9873   14.5797
    0.0000   22.5000    0.000016395.6660   14.5771
    7.5000   22.5000    0.000015650.8730   14.5588
   -7.5000   30.0000    0.000014948.8262   14.4148
    0.0000   30.0000    0.000015736.5000   14.4057
    7.5000   30.0000    0.000015027.3037   14.3833
   -7.5000   37.5000    0.000014713.2207   14.4321
    0.0000   37.5000    0.000015537.6572   14.4199
    7.5000   37.5000    0.000014806.2686   14.3953
   -7.5000   45.0000    0.000013786.0273   14.0953
    0.0000   45.0000    0.000014588.6768   14.0857
    7.5000   45.0000    0.000013861.8857   14.0632
   -7.5000  -45.0000    7.5000 8158.2705   15.2668
    0.0000  -45.0000    7.5000 8592.5293   15.2557
    7.5000  -45.0000    7.5000 8207.4854   15.2306
   -7.5000  -37.5000    7.5000 9038.9287   14.8810
    0.0000  -37.5000    7.5000 9546.0293   14.8764
    7.5000  -37.5000    7.5000 9102.3262   14.8585
   -7.5000  -30.0000    7.500010312.6416   14.6577
    0.0000  -30.0000    7.500010885.6816   14.6581
    7.5000  -30.0000    7.500010396.6328   14.6458
   -7.5000  -22.5000    7.500011611.9365   14.5820
    0.0000  -22.5000    7.500012213.2715   14.5797
    7.5000  -22.5000    7.500011685.3252   14.5662
   -7.5000  -15.0000    7.500012928.6680   14.5963
    0.0000  -15.0000    7.500013567.6133   14.5883
    7.5000  -15.0000    7.500012970.4707   14.5690
   -7.5000   -7.5000    7.500014200.0459   14.6052
    0.0000   -7.5000    7.500014917.0791   14.5939
    7.5000   -7.5000    7.500014257.4512   14.5701
   -7.5000    0.0000    7.500015346.7100   14.5958
    0.0000    0.0000    7.500016156.5400   14.5862
    7.5000    0.0000    7.500015451.7988   14.5634
   -7.5000    7.5000    7.500015295.0889   14.5662
    0.0000    7.5000    7.500016140.1797   14.5623
    7.5000    7.5000    7.500015426.6650   14.5452
   -7.5000   15.0000    7.500015039.8770   14.5452
    0.0000   15.0000    7.500015730.6338   14.5455
    7.5000   15.0000    7.500015086.8662   14.5331
   -7.5000   22.5000    7.500014551.8887   14.5489
    0.0000   22.5000    7.500015145.1221   14.5466
    7.5000   22.5000    7.500014564.2822   14.5330
   -7.5000   30.0000    7.500013988.1172   14.3951
    0.0000   30.0000    7.500014591.1973   14.3871
    7.5000   30.0000    7.500014030.9639   14.3680
   -7.5000   37.5000    7.500013794.0586   14.4136
    0.0000   37.5000    7.500014444.2822   14.4024
    7.5000   37.5000    7.500013862.2295   14.3790
   -7.5000   45.0000    7.500012959.9453   14.0687
    0.0000   45.0000    7.500013578.3457   14.0595
    7.5000   45.0000    7.500012998.5137   14.0375
   -7.5000  -45.0000   15.0000 7566.6733   15.4479
    0.0000  -45.0000   15.0000 7968.8931   15.4392
    7.5000  -45.0000   15.0000 7602.6445   15.4082
   -7.5000  -37.5000   15.0000 8426.1104   15.0502
    0.0000  -37.5000   15.0000 8875.6836   15.0451
    7.5000  -37.5000   15.0000 8468.2881   15.0225
   -7.5000  -30.0000   15.0000 9634.4258   14.8198
    0.0000  -30.0000   15.000010157.9102   14.8172
    7.5000  -30.0000   15.0000 9692.3096   14.8021
   -7.5000  -22.5000   15.000010840.9756   14.7438
    0.0000  -22.5000   15.000011385.4883   14.7388
    7.5000  -22.5000   15.000010882.6738   14.7233
   -7.5000  -15.0000   15.000012043.3887   14.7619
    0.0000  -15.0000   15.000012644.1621   14.7533
    7.5000  -15.0000   15.000012092.6533   14.7316
   -7.5000   -7.5000   15.000013210.8926   14.7731
    0.0000   -7.5000   15.000013852.1650   14.7637
    7.5000   -7.5000   15.000013274.4404   14.7357
   -7.5000    0.0000   15.000014278.2080   14.7626
    0.0000    0.0000   15.000014997.6455   14.7551
    7.5000    0.0000   15.000014397.1719   14.7266
   -7.5000    7.5000   15.000014216.9209   14.7286
    0.0000    7.5000   15.000014899.2617   14.7242
    7.5000    7.5000   15.000014319.9932   14.7024
   -7.5000   15.0000   15.000013967.4805   14.7047
    0.0000   15.0000   15.000014530.6191   14.7021
    7.5000   15.0000   15.000013976.4648   14.6869
   -7.5000   22.5000   15.000013517.7637   14.7099
    0.0000   22.5000   15.000014042.6406   14.7049
    7.5000   22.5000   15.000013501.1885   14.6894
   -7.5000   30.0000   15.000013004.0176   14.5581
    0.0000   30.0000   15.000013544.4600   14.5496
    7.5000   30.0000   15.000013005.8076   14.5281
   -7.5000   37.5000   15.000012821.5107   14.5793
    0.0000   37.5000   15.000013384.3828   14.5700
    7.5000   37.5000   15.000012838.0391   14.5423
   -7.5000   45.0000   15.000012051.4463   14.2294
    0.0000   45.0000   15.000012591.4443   14.2222
    7.5000   45.0000   15.000012051.7520   14.1947
   -7.5000  -45.0000   22.5000 6926.7505   15.7532
    0.0000  -45.0000   22.5000 7296.2485   15.7443
    7.5000  -45.0000   22.5000 6961.9414   15.7047
   -7.5000  -37.5000   22.5000 7722.9194   15.3495
    0.0000  -37.5000   22.5000 8142.5845   15.3430
    7.5000  -37.5000   22.5000 7766.5449   15.3113
   -7.5000  -30.0000   22.5000 8830.3730   15.1091
    0.0000  -30.0000   22.5000 9289.7939   15.1029
    7.5000  -30.0000   22.5000 8867.3135   15.0786
   -7.5000  -22.5000   22.5000 9949.0811   15.0200
    0.0000  -22.5000   22.500010429.8350   15.0105
    7.5000  -22.5000   22.5000 9971.3125   14.9865
   -7.5000  -15.0000   22.500011025.9805   15.0300
    0.0000  -15.0000   22.500011572.5293   15.0181
    7.5000  -15.0000   22.500011082.1846   14.9887
   -7.5000   -7.5000   22.500012132.0830   15.0434
    0.0000   -7.5000   22.500012709.7803   15.0330
    7.5000   -7.5000   22.500012180.3408   14.9975
   -7.5000    0.0000   22.500013133.9814   15.0424
    0.0000    0.0000   22.500013772.6699   15.0347
    7.5000    0.0000   22.500013217.0332   14.9979
   -7.5000    7.5000   22.500013063.7002   15.0152
    0.0000    7.5000   22.500013648.6729   15.0093
    7.5000    7.5000   22.500013111.0938   14.9786
   -7.5000   15.0000   22.500012824.4463   14.9895
    0.0000   15.0000   22.500013330.1494   14.9833
    7.5000   15.0000   22.500012812.4062   14.9591
   -7.5000   22.5000   22.500012429.0273   14.9850
    0.0000   22.5000   22.500012923.0244   14.9756
    7.5000   22.5000   22.500012411.6025   14.9515
   -7.5000   30.0000   22.500011940.8447   14.8221
    0.0000   30.0000   22.500012436.0918   14.8104
    7.5000   30.0000   22.500011942.6162   14.7814
   -7.5000   37.5000   22.500011777.5947   14.8459
    0.0000   37.5000   22.500012279.1670   14.8357
    7.5000   37.5000   22.500011793.3496   14.8006
   -7.5000   45.0000   22.500011069.9521   14.4992
    0.0000   45.0000   22.500011570.0029   14.4918
    7.5000   45.0000   22.500011075.8428   14.4563
   -7.5000  -45.0000   30.0000 6245.6660   16.2440
    0.0000  -45.0000   30.0000 6559.8623   16.2332
    7.5000  -45.0000   30.0000 6280.7480   16.1921
   -7.5000  -37.5000   30.0000 6963.8657   15.8295
    0.0000  -37.5000   30.0000 7327.5430   15.8224
    7.5000  -37.5000   30.0000 7013.1323   15.7875
   -7.5000  -30.0000   30.0000 7978.5581   15.5767
    0.0000  -30.0000   30.0000 8382.5215   15.5698
    7.5000  -30.0000   30.0000 8027.7759   15.5407
   -7.5000  -22.5000   30.0000 9001.5107   15.4709
    0.0000  -22.5000   30.0000 9459.5225   15.4595
    7.5000  -22.5000   30.0000 9052.8496   15.4303
   -7.5000  -15.0000   30.000010013.3730   15.4683
    0.0000  -15.0000   30.000010513.3809   15.4536
    7.5000  -15.0000   30.000010061.8086   15.4202
   -7.5000   -7.5000   30.000011023.7109   15.4805
    0.0000   -7.5000   30.000011560.0166   15.4675
    7.5000   -7.5000   30.000011066.8125   15.4301
   -7.5000    0.0000   30.000011936.8164   15.4895
    0.0000    0.0000   30.000012530.1689   15.4802
    7.5000    0.0000   30.000011999.0391   15.4419
   -7.5000    7.5000   30.000011883.0586   15.4740
    0.0000    7.5000   30.000012432.7764   15.4674
    7.5000    7.5000   30.000011915.2891   15.4334
   -7.5000   15.0000   30.000011685.6094   15.4496
    0.0000   15.0000   30.000012191.2783   15.4428
    7.5000   15.0000   30.000011676.1426   15.4138
   -7.5000   22.5000   30.000011334.0381   15.4340
    0.0000   22.5000   30.000011815.1875   15.4227
    7.5000   22.5000   30.000011327.0859   15.3935
   -7.5000   30.0000   30.000010888.3916   15.2540
    0.0000   30.0000   30.000011355.9922   15.2395
    7.5000   30.0000   30.000010892.5361   15.2065
   -7.5000   37.5000   30.000010756.8154   15.2771
    0.0000   37.5000   30.000011222.7041   15.2643
    7.5000   37.5000   30.000010766.5566   15.2274
   -7.5000   45.0000   30.000010119.2324   14.9301
    0.0000   45.0000   30.000010586.7031   14.9211
    7.5000   45.0000   30.000010133.7598   14.8842
   -7.5000  -45.0000   37.5000 5838.3906   16.9513
    0.0000  -45.0000   37.5000 6123.9893   16.9393
    7.5000  -45.0000   37.5000 5886.3247   16.9032
   -7.5000  -37.5000   37.5000 6513.1279   16.5010
    0.0000  -37.5000   37.5000 6854.4751   16.4951
    7.5000  -37.5000   37.5000 6575.5679   16.4636
   -7.5000  -30.0000   37.5000 7488.9722   16.2286
    0.0000  -30.0000   37.5000 7879.8218   16.2250
    7.5000  -30.0000   37.5000 7543.9771   16.1978
   -7.5000  -22.5000   37.5000 8463.1826   16.1155
    0.0000  -22.5000   37.5000 8896.8682   16.1074
    7.5000  -22.5000   37.5000 8511.3789   16.0799
   -7.5000  -15.0000   37.5000 9444.4111   16.1122
    0.0000  -15.0000   37.5000 9905.2949   16.0988
    7.5000  -15.0000   37.5000 9480.1279   16.0682
   -7.5000   -7.5000   37.500010392.6523   16.1229
    0.0000   -7.5000   37.500010928.5801   16.1093
    7.5000   -7.5000   37.500010443.5938   16.0763
   -7.5000    0.0000   37.500011273.2119   16.1306
    0.0000    0.0000   37.500011858.0713   16.1205
    7.5000    0.0000   37.500011328.8428   16.0872
   -7.5000    7.5000   37.500011235.1133   16.1147
    0.0000    7.5000   37.500011807.8125   16.1093
    7.5000    7.5000   37.500011279.5693   16.0789
   -7.5000   15.0000   37.500011057.7480   16.0908
    0.0000   15.0000   37.500011584.6260   16.0873
    7.5000   15.0000   37.500011067.8994   16.0602
   -7.5000   22.5000   37.500010745.0742   16.0759
    0.0000   22.5000   37.500011238.0205   16.0678
    7.5000   22.5000   37.500010760.7109   16.0403
   -7.5000   30.0000   37.500010331.8828   15.8886
    0.0000   30.0000   37.500010800.5723   15.8753
    7.5000   30.0000   37.500010347.3154   15.8450
   -7.5000   37.5000   37.500010223.3711   15.9110
    0.0000   37.5000   37.500010693.1240   15.8976
    7.5000   37.5000   37.500010243.9121   15.8650
   -7.5000   45.0000   37.5000 9642.0996   15.5480
    0.0000   45.0000   37.500010101.3271   15.5383
    7.5000   45.0000   37.5000 9675.5303   15.5062
   -7.5000  -45.0000   45.0000 5240.6724   17.7441
    0.0000  -45.0000   45.0000 5503.1606   17.7281
    7.5000  -45.0000   45.0000 5289.9629   17.6935
   -7.5000  -37.5000   45.0000 5848.3345   17.2473
    0.0000  -37.5000   45.0000 6161.8149   17.2409
    7.5000  -37.5000   45.0000 5908.3311   17.2136
   -7.5000  -30.0000   45.0000 6732.9209   16.9468
    0.0000  -30.0000   45.0000 7100.6748   16.9469
    7.5000  -30.0000   45.0000 6795.6660   16.9253
   -7.5000  -22.5000   45.0000 7628.2656   16.8372
    0.0000  -22.5000   45.0000 8015.4966   16.8334
    7.5000  -22.5000   45.0000 7681.6489   16.8106
   -7.5000  -15.0000   45.0000 8519.0332   16.8482
    0.0000  -15.0000   45.0000 8934.3730   16.8364
    7.5000  -15.0000   45.0000 8563.8184   16.8080
   -7.5000   -7.5000   45.0000 9384.9365   16.8595
    0.0000   -7.5000   45.0000 9880.1123   16.8435
    7.5000   -7.5000   45.0000 9431.4160   16.8115
   -7.5000    0.0000   45.000010182.8311   16.8547
    0.0000    0.0000   45.000010759.6240   16.8411
    7.5000    0.0000   45.000010241.8818   16.8101
   -7.5000    7.5000   45.000010194.3408   16.8233
    0.0000    7.5000   45.000010760.0215   16.8177
    7.5000    7.5000   45.000010263.2109   16.7916
   -7.5000   15.0000   45.000010044.9600   16.7957
    0.0000   15.0000   45.000010559.6963   16.7957
    7.5000   15.0000   45.000010082.2744   16.7742
   -7.5000   22.5000   45.0000 9782.7510   16.7941
    0.0000   22.5000   45.000010260.2305   16.7903
    7.5000   22.5000   45.0000 9803.8799   16.7674
   -7.5000   30.0000   45.0000 9417.7607   16.6122
    0.0000   30.0000   45.0000 9862.1035   16.6005
    7.5000   30.0000   45.0000 9430.4209   16.5724
   -7.5000   37.5000   45.0000 9324.7070   16.6364
    0.0000   37.5000   45.0000 9764.6934   16.6206
    7.5000   37.5000   45.0000 9341.4092   16.5889
   -7.5000   45.0000   45.0000 8808.1768   16.2534
    0.0000   45.0000   45.0000 9229.9785   16.2403
    7.5000   45.0000   45.0000 8841.6094   16.2104

---------------------------------------------------------------------
imgreg_4dfp /opt/freesurfer/average/711-2C_as_mni_average_305 /opt/freesurfer/average/711-2B_as_mni_average_305_mask talsrcimg_g11 none talsrcimg_to_711-2C_as_mni_average_305_t4 4355
---------------------------------------------------------------------

freesurfer imgreg_4dfp.c
/opt/freesurfer/average/711-2C_as_mni_average_305.4dfp.img
       256       256       256         1
  1.000000  1.000000  1.000000
orientation T byte_order littleendian
Reading image: /opt/freesurfer/average/711-2C_as_mni_average_305.4dfp.img
dimensions:      256       256       256
mmppix:       1.0000   -1.0000   -1.0000
center:     128.0000 -129.0000 -129.0000
/opt/freesurfer/average/711-2B_as_mni_average_305_mask.4dfp.img
       256       256       256         1
  1.000000  1.000000  1.000000
orientation T byte_order littleendian
Reading mask: /opt/freesurfer/average/711-2B_as_mni_average_305_mask.4dfp.img (2306576 pixels)
talsrcimg_g11.4dfp.img
       256       256       256         1
  1.000000  1.000000  1.000000
orientation T byte_order littleendian
Reading image: talsrcimg_g11.4dfp.img
dimensions:      256       256       256
mmppix:       1.0000   -1.0000   -1.0000
center:     128.0000 -129.0000 -129.0000
rotation matrix determinant  1.000000
image alignment mode   4355 decimal     1103 hex
   -7.5000  -37.5000  -45.0000 2114.6550   15.9575
    0.0000  -37.5000  -45.0000 2131.6809   15.8848
    7.5000  -37.5000  -45.0000 2123.6719   15.8747
   -7.5000  -30.0000  -45.0000 2238.0269   14.2891
    0.0000  -30.0000  -45.0000 2256.2317   14.2259
    7.5000  -30.0000  -45.0000 2249.1072   14.2506
   -7.5000  -22.5000  -45.0000 2354.6196   12.9247
    0.0000  -22.5000  -45.0000 2372.8093   12.8696
    7.5000  -22.5000  -45.0000 2360.7180   12.8989
   -7.5000  -15.0000  -45.0000 2446.4170   11.8193
    0.0000  -15.0000  -45.0000 2464.9080   11.7705
    7.5000  -15.0000  -45.0000 2451.6912   11.8171
   -7.5000   -7.5000  -45.0000 2525.3633   11.0110
    0.0000   -7.5000  -45.0000 2544.8655   10.9408
    7.5000   -7.5000  -45.0000 2531.8325   10.9944
   -7.5000    0.0000  -45.0000 2590.1865   10.4616
    0.0000    0.0000  -45.0000 2609.0225   10.3708
    7.5000    0.0000  -45.0000 2595.6421   10.4407
   -7.5000    7.5000  -45.0000 2626.8894   10.1775
    0.0000    7.5000  -45.0000 2640.2681   10.0822
    7.5000    7.5000  -45.0000 2630.2583   10.1705
   -7.5000   15.0000  -45.0000 2631.0930   10.1346
    0.0000   15.0000  -45.0000 2646.7278   10.0237
    7.5000   15.0000  -45.0000 2637.0627   10.1282
   -7.5000   22.5000  -45.0000 2624.4438   10.3140
    0.0000   22.5000  -45.0000 2644.6675   10.1957
    7.5000   22.5000  -45.0000 2631.6506   10.3266
   -7.5000   30.0000  -45.0000 2601.6843   10.6209
    0.0000   30.0000  -45.0000 2624.0623   10.5079
    7.5000   30.0000  -45.0000 2609.1985   10.6220
   -7.5000   37.5000  -45.0000 2553.6565   11.1126
    0.0000   37.5000  -45.0000 2577.9436   10.9695
    7.5000   37.5000  -45.0000 2562.5503   11.0791
   -7.5000   45.0000  -45.0000 2476.2827   11.7349
    0.0000   45.0000  -45.0000 2498.8005   11.5851
    7.5000   45.0000  -45.0000 2487.5520   11.6913
   -7.5000   52.5000  -45.0000 2362.7722   12.4929
    0.0000   52.5000  -45.0000 2381.8218   12.3518
    7.5000   52.5000  -45.0000 2371.2004   12.4498
   -7.5000  -37.5000  -37.5000 2147.8464   15.3912
    0.0000  -37.5000  -37.5000 2167.5300   15.3444
    7.5000  -37.5000  -37.5000 2155.8967   15.3474
   -7.5000  -30.0000  -37.5000 2275.9553   13.7754
    0.0000  -30.0000  -37.5000 2296.6929   13.7050
    7.5000  -30.0000  -37.5000 2287.2578   13.7300
   -7.5000  -22.5000  -37.5000 2395.7993   12.4446
    0.0000  -22.5000  -37.5000 2417.9805   12.3732
    7.5000  -22.5000  -37.5000 2405.2346   12.4143
   -7.5000  -15.0000  -37.5000 2491.3015   11.3659
    0.0000  -15.0000  -37.5000 2508.3586   11.2870
    7.5000  -15.0000  -37.5000 2500.1465   11.3664
   -7.5000   -7.5000  -37.5000 2575.2854   10.5288
    0.0000   -7.5000  -37.5000 2596.2832   10.4437
    7.5000   -7.5000  -37.5000 2584.0220   10.5177
   -7.5000    0.0000  -37.5000 2647.1614    9.8955
    0.0000    0.0000  -37.5000 2669.3801    9.8208
    7.5000    0.0000  -37.5000 2657.0437    9.8709
   -7.5000    7.5000  -37.5000 2686.5337    9.5494
    0.0000    7.5000  -37.5000 2707.2183    9.4795
    7.5000    7.5000  -37.5000 2695.1604    9.5206
   -7.5000   15.0000  -37.5000 2711.6411    9.4490
    0.0000   15.0000  -37.5000 2734.2935    9.3648
    7.5000   15.0000  -37.5000 2718.1536    9.4477
   -7.5000   22.5000  -37.5000 2711.9062    9.6321
    0.0000   22.5000  -37.5000 2736.3718    9.5262
    7.5000   22.5000  -37.5000 2720.5408    9.6465
   -7.5000   30.0000  -37.5000 2686.4521    9.9537
    0.0000   30.0000  -37.5000 2718.4172    9.8204
    7.5000   30.0000  -37.5000 2701.2517    9.9471
   -7.5000   37.5000  -37.5000 2638.8142   10.4358
    0.0000   37.5000  -37.5000 2666.4595   10.2740
    7.5000   37.5000  -37.5000 2652.8845   10.3821
   -7.5000   45.0000  -37.5000 2562.5159   11.0348
    0.0000   45.0000  -37.5000 2585.6194   10.8659
    7.5000   45.0000  -37.5000 2575.3538   10.9842
   -7.5000   52.5000  -37.5000 2441.7078   11.7556
    0.0000   52.5000  -37.5000 2462.1438   11.5902
    7.5000   52.5000  -37.5000 2454.2048   11.7123
   -7.5000  -37.5000  -30.0000 2203.7339   15.5232
    0.0000  -37.5000  -30.0000 2221.4463   15.4380
    7.5000  -37.5000  -30.0000 2211.9744   15.4783
   -7.5000  -30.0000  -30.0000 2336.0720   13.8245
    0.0000  -30.0000  -30.0000 2357.8342   13.7497
    7.5000  -30.0000  -30.0000 2349.5413   13.7995
   -7.5000  -22.5000  -30.0000 2463.5352   12.4665
    0.0000  -22.5000  -30.0000 2483.6946   12.3659
    7.5000  -22.5000  -30.0000 2472.9431   12.4308
   -7.5000  -15.0000  -30.0000 2564.8020   11.3602
    0.0000  -15.0000  -30.0000 2585.2136   11.2593
    7.5000  -15.0000  -30.0000 2574.2188   11.3399
   -7.5000   -7.5000  -30.0000 2653.9937   10.4619
    0.0000   -7.5000  -30.0000 2679.5652   10.3863
    7.5000   -7.5000  -30.0000 2662.9348   10.4456
   -7.5000    0.0000  -30.0000 2731.4934    9.7783
    0.0000    0.0000  -30.0000 2755.7324    9.7027
    7.5000    0.0000  -30.0000 2741.4260    9.7629
   -7.5000    7.5000  -30.0000 2790.5166    9.3444
    0.0000    7.5000  -30.0000 2818.3892    9.2770
    7.5000    7.5000  -30.0000 2803.0728    9.3301
   -7.5000   15.0000  -30.0000 2824.6072    9.1937
    0.0000   15.0000  -30.0000 2853.1326    9.0972
    7.5000   15.0000  -30.0000 2833.9082    9.2038
   -7.5000   22.5000  -30.0000 2840.4062    9.3469
    0.0000   22.5000  -30.0000 2866.7539    9.2167
    7.5000   22.5000  -30.0000 2849.3081    9.3499
   -7.5000   30.0000  -30.0000 2815.4399    9.6966
    0.0000   30.0000  -30.0000 2851.0530    9.5240
    7.5000   30.0000  -30.0000 2831.3806    9.6586
   -7.5000   37.5000  -30.0000 2761.9797   10.1762
    0.0000   37.5000  -30.0000 2799.0371    9.9986
    7.5000   37.5000  -30.0000 2780.4624   10.1265
   -7.5000   45.0000  -30.0000 2681.4275   10.8137
    0.0000   45.0000  -30.0000 2712.3020   10.6387
    7.5000   45.0000  -30.0000 2701.1719   10.7644
   -7.5000   52.5000  -30.0000 2559.3228   11.5385
    0.0000   52.5000  -30.0000 2584.5183   11.3577
    7.5000   52.5000  -30.0000 2574.3982   11.5053
   -7.5000  -37.5000  -22.5000 2226.6147   15.7255
    0.0000  -37.5000  -22.5000 2247.8413   15.5981
    7.5000  -37.5000  -22.5000 2236.9355   15.6556
   -7.5000  -30.0000  -22.5000 2359.4934   13.9650
    0.0000  -30.0000  -22.5000 2382.1311   13.8139
    7.5000  -30.0000  -22.5000 2376.5283   13.8851
   -7.5000  -22.5000  -22.5000 2489.5801   12.5205
    0.0000  -22.5000  -22.5000 2507.9822   12.3640
    7.5000  -22.5000  -22.5000 2501.4607   12.4443
   -7.5000  -15.0000  -22.5000 2596.2173   11.3690
    0.0000  -15.0000  -22.5000 2615.2402   11.2328
    7.5000  -15.0000  -22.5000 2606.8867   11.3036
   -7.5000   -7.5000  -22.5000 2691.8264   10.4286
    0.0000   -7.5000  -22.5000 2714.6990   10.3291
    7.5000   -7.5000  -22.5000 2700.4106   10.3829
   -7.5000    0.0000  -22.5000 2769.6616    9.7182
    0.0000    0.0000  -22.5000 2797.4841    9.6292
    7.5000    0.0000  -22.5000 2780.4097    9.6804
   -7.5000    7.5000  -22.5000 2847.2446    9.2432
    0.0000    7.5000  -22.5000 2877.2124    9.1740
    7.5000    7.5000  -22.5000 2864.3604    9.2178
   -7.5000   15.0000  -22.5000 2891.8921    9.0075
    0.0000   15.0000  -22.5000 2929.0635    8.9122
    7.5000   15.0000  -22.5000 2907.4365    9.0251
   -7.5000   22.5000  -22.5000 2918.4536    9.0985
    0.0000   22.5000  -22.5000 2951.8250    8.9471
    7.5000   22.5000  -22.5000 2931.4600    9.1092
   -7.5000   30.0000  -22.5000 2900.2639    9.4434
    0.0000   30.0000  -22.5000 2938.0833    9.2718
    7.5000   30.0000  -22.5000 2915.3142    9.4319
   -7.5000   37.5000  -22.5000 2853.3193    9.9332
    0.0000   37.5000  -22.5000 2889.7275    9.7555
    7.5000   37.5000  -22.5000 2867.4224    9.8995
   -7.5000   45.0000  -22.5000 2766.4512   10.5963
    0.0000   45.0000  -22.5000 2802.3599   10.4286
    7.5000   45.0000  -22.5000 2783.6558   10.5525
   -7.5000   52.5000  -22.5000 2639.6091   11.3640
    0.0000   52.5000  -22.5000 2666.7891   11.1835
    7.5000   52.5000  -22.5000 2654.2087   11.3140
   -7.5000  -37.5000  -15.0000 2209.9104   15.9778
    0.0000  -37.5000  -15.0000 2228.8938   15.7978
    7.5000  -37.5000  -15.0000 2229.0706   15.8593
   -7.5000  -30.0000  -15.0000 2341.7656   14.1178
    0.0000  -30.0000  -15.0000 2362.7415   13.9536
    7.5000  -30.0000  -15.0000 2356.8115   13.9645
   -7.5000  -22.5000  -15.0000 2473.3247   12.6029
    0.0000  -22.5000  -15.0000 2492.2622   12.4378
    7.5000  -22.5000  -15.0000 2485.4441   12.4606
   -7.5000  -15.0000  -15.0000 2582.2859   11.3938
    0.0000  -15.0000  -15.0000 2602.1848   11.2496
    7.5000  -15.0000  -15.0000 2593.4902   11.3050
   -7.5000   -7.5000  -15.0000 2686.4141   10.4351
    0.0000   -7.5000  -15.0000 2704.2446   10.3173
    7.5000   -7.5000  -15.0000 2696.2485   10.3793
   -7.5000    0.0000  -15.0000 2773.4243    9.7258
    0.0000    0.0000  -15.0000 2794.4280    9.6021
    7.5000    0.0000  -15.0000 2787.8921    9.6737
   -7.5000    7.5000  -15.0000 2856.3489    9.2445
    0.0000    7.5000  -15.0000 2888.7849    9.1578
    7.5000    7.5000  -15.0000 2880.0029    9.2062
   -7.5000   15.0000  -15.0000 2915.2219    9.0554
    0.0000   15.0000  -15.0000 2960.9575    8.9983
    7.5000   15.0000  -15.0000 2944.2573    9.0370
   -7.5000   22.5000  -15.0000 2949.3887    9.0414
    0.0000   22.5000  -15.0000 2999.1426    8.9309
    7.5000   22.5000  -15.0000 2971.6663    9.0260
   -7.5000   30.0000  -15.0000 2937.6030    9.3083
    0.0000   30.0000  -15.0000 2981.0857    9.1688
    7.5000   30.0000  -15.0000 2949.2219    9.2641
   -7.5000   37.5000  -15.0000 2891.3132    9.7941
    0.0000   37.5000  -15.0000 2932.2041    9.6547
    7.5000   37.5000  -15.0000 2901.0632    9.7324
   -7.5000   45.0000  -15.0000 2804.1477   10.4877
    0.0000   45.0000  -15.0000 2844.1785   10.3386
    7.5000   45.0000  -15.0000 2821.1367   10.4055
   -7.5000   52.5000  -15.0000 2665.2417   11.2768
    0.0000   52.5000  -15.0000 2701.8760   11.1473
    7.5000   52.5000  -15.0000 2684.6484   11.2025
   -7.5000  -37.5000   -7.5000 2179.2173   16.3192
    0.0000  -37.5000   -7.5000 2196.1006   16.1161
    7.5000  -37.5000   -7.5000 2193.1829   16.2041
   -7.5000  -30.0000   -7.5000 2310.2778   14.3265
    0.0000  -30.0000   -7.5000 2326.3240   14.0998
    7.5000  -30.0000   -7.5000 2321.0642   14.2064
   -7.5000  -22.5000   -7.5000 2436.9429   12.7429
    0.0000  -22.5000   -7.5000 2452.2197   12.5153
    7.5000  -22.5000   -7.5000 2451.8850   12.6108
   -7.5000  -15.0000   -7.5000 2549.0708   11.5041
    0.0000  -15.0000   -7.5000 2559.8162   11.2871
    7.5000  -15.0000   -7.5000 2563.6897   11.4050
   -7.5000   -7.5000   -7.5000 2653.9915   10.5610
    0.0000   -7.5000   -7.5000 2666.3958   10.3654
    7.5000   -7.5000   -7.5000 2670.7422   10.4656
   -7.5000    0.0000   -7.5000 2751.8296    9.8626
    0.0000    0.0000   -7.5000 2769.9360    9.7168
    7.5000    0.0000   -7.5000 2768.2405    9.7862
   -7.5000    7.5000   -7.5000 2841.6145    9.4070
    0.0000    7.5000   -7.5000 2876.2151    9.3213
    7.5000    7.5000   -7.5000 2860.6274    9.3332
   -7.5000   15.0000   -7.5000 2908.4346    9.1815
    0.0000   15.0000   -7.5000 2962.3989    9.1592
    7.5000   15.0000   -7.5000 2931.9512    9.1215
   -7.5000   22.5000   -7.5000 2945.0027    9.1471
    0.0000   22.5000   -7.5000 3006.5020    9.0654
    7.5000   22.5000   -7.5000 2970.2061    9.0719
   -7.5000   30.0000   -7.5000 2937.9536    9.3142
    0.0000   30.0000   -7.5000 2988.4705    9.2034
    7.5000   30.0000   -7.5000 2958.4053    9.2403
   -7.5000   37.5000   -7.5000 2892.4780    9.7625
    0.0000   37.5000   -7.5000 2933.4980    9.6126
    7.5000   37.5000   -7.5000 2906.4717    9.6980
   -7.5000   45.0000   -7.5000 2809.0122   10.4461
    0.0000   45.0000   -7.5000 2848.7144   10.2744
    7.5000   45.0000   -7.5000 2826.4121   10.3604
   -7.5000   52.5000   -7.5000 2668.1484   11.2541
    0.0000   52.5000   -7.5000 2704.3308   11.1087
    7.5000   52.5000   -7.5000 2690.0510   11.1890
   -7.5000  -37.5000    0.0000 2141.0713   16.7635
    0.0000  -37.5000    0.0000 2158.6184   16.5126
    7.5000  -37.5000    0.0000 2148.6506   16.6288
   -7.5000  -30.0000    0.0000 2268.0310   14.7008
    0.0000  -30.0000    0.0000 2282.8032   14.4482
    7.5000  -30.0000    0.0000 2276.5928   14.5826
   -7.5000  -22.5000    0.0000 2389.8042   13.1018
    0.0000  -22.5000    0.0000 2401.4995   12.8501
    7.5000  -22.5000    0.0000 2401.1985   12.9873
   -7.5000  -15.0000    0.0000 2505.4490   11.8612
    0.0000  -15.0000    0.0000 2513.4233   11.6466
    7.5000  -15.0000    0.0000 2514.8613   11.7607
   -7.5000   -7.5000    0.0000 2613.0518   10.9267
    0.0000   -7.5000    0.0000 2626.4609   10.7399
    7.5000   -7.5000    0.0000 2623.2722   10.8408
   -7.5000    0.0000    0.0000 2711.6682   10.2193
    0.0000    0.0000    0.0000 2730.7717   10.0448
    7.5000    0.0000    0.0000 2722.5752   10.1229
   -7.5000    7.5000    0.0000 2806.4546    9.7237
    0.0000    7.5000    0.0000 2837.4697    9.5674
    7.5000    7.5000    0.0000 2822.4600    9.6165
   -7.5000   15.0000    0.0000 2876.2275    9.3985
    0.0000   15.0000    0.0000 2921.8560    9.2838
    7.5000   15.0000    0.0000 2899.2781    9.3399
   -7.5000   22.5000    0.0000 2916.3044    9.3447
    0.0000   22.5000    0.0000 2964.7668    9.1417
    7.5000   22.5000    0.0000 2941.4668    9.2836
   -7.5000   30.0000    0.0000 2911.8660    9.5533
    0.0000   30.0000    0.0000 2955.0286    9.3131
    7.5000   30.0000    0.0000 2934.0168    9.4600
   -7.5000   37.5000    0.0000 2863.4868    9.9916
    0.0000   37.5000    0.0000 2902.0515    9.7894
    7.5000   37.5000    0.0000 2883.3245    9.9230
   -7.5000   45.0000    0.0000 2784.7256   10.6342
    0.0000   45.0000    0.0000 2822.6509   10.4348
    7.5000   45.0000    0.0000 2803.9958   10.5546
   -7.5000   52.5000    0.0000 2652.5610   11.4067
    0.0000   52.5000    0.0000 2680.5605   11.2454
    7.5000   52.5000    0.0000 2668.4229   11.3611
   -7.5000  -37.5000    7.5000 2091.0059   17.4576
    0.0000  -37.5000    7.5000 2107.6917   17.1753
    7.5000  -37.5000    7.5000 2093.3281   17.2791
   -7.5000  -30.0000    7.5000 2224.0481   15.3448
    0.0000  -30.0000    7.5000 2237.2832   15.0910
    7.5000  -30.0000    7.5000 2225.5627   15.2402
   -7.5000  -22.5000    7.5000 2337.8547   13.7027
    0.0000  -22.5000    7.5000 2350.2178   13.4806
    7.5000  -22.5000    7.5000 2341.5784   13.6352
   -7.5000  -15.0000    7.5000 2452.5493   12.4337
    0.0000  -15.0000    7.5000 2461.8037   12.2238
    7.5000  -15.0000    7.5000 2454.9028   12.3632
   -7.5000   -7.5000    7.5000 2560.8064   11.4620
    0.0000   -7.5000    7.5000 2574.1748   11.2187
    7.5000   -7.5000    7.5000 2570.0293   11.3628
   -7.5000    0.0000    7.5000 2663.6370   10.6629
    0.0000    0.0000    7.5000 2678.1384   10.4224
    7.5000    0.0000    7.5000 2670.0701   10.5555
   -7.5000    7.5000    7.5000 2754.5217   10.1124
    0.0000    7.5000    7.5000 2778.5989    9.8920
    7.5000    7.5000    7.5000 2767.2268   10.0115
   -7.5000   15.0000    7.5000 2822.3215    9.7512
    0.0000   15.0000    7.5000 2857.4690    9.5402
    7.5000   15.0000    7.5000 2840.1772    9.6890
   -7.5000   22.5000    7.5000 2862.5642    9.7025
    0.0000   22.5000    7.5000 2894.8040    9.4082
    7.5000   22.5000    7.5000 2878.7126    9.6043
   -7.5000   30.0000    7.5000 2861.3982    9.9202
    0.0000   30.0000    7.5000 2892.4333    9.6540
    7.5000   30.0000    7.5000 2883.5808    9.7996
   -7.5000   37.5000    7.5000 2815.1587   10.3531
    0.0000   37.5000    7.5000 2846.7349   10.1354
    7.5000   37.5000    7.5000 2837.3066   10.2703
   -7.5000   45.0000    7.5000 2734.1431   10.9835
    0.0000   45.0000    7.5000 2762.6985   10.7781
    7.5000   45.0000    7.5000 2753.2327   10.8987
   -7.5000   52.5000    7.5000 2609.9199   11.6993
    0.0000   52.5000    7.5000 2640.2542   11.5081
    7.5000   52.5000    7.5000 2627.9097   11.6398
   -7.5000  -37.5000   15.0000 2027.4706   18.4564
    0.0000  -37.5000   15.0000 2039.6937   18.1920
    7.5000  -37.5000   15.0000 2024.1321   18.3221
   -7.5000  -30.0000   15.0000 2160.5151   16.2789
    0.0000  -30.0000   15.0000 2173.0125   16.0627
    7.5000  -30.0000   15.0000 2158.8977   16.2072
   -7.5000  -22.5000   15.0000 2274.5566   14.5462
    0.0000  -22.5000   15.0000 2284.5361   14.3119
    7.5000  -22.5000   15.0000 2272.5354   14.4752
   -7.5000  -15.0000   15.0000 2384.1086   13.1867
    0.0000  -15.0000   15.0000 2397.9829   12.9180
    7.5000  -15.0000   15.0000 2389.2471   13.1035
   -7.5000   -7.5000   15.0000 2494.8833   12.0911
    0.0000   -7.5000   15.0000 2509.3081   11.8166
    7.5000   -7.5000   15.0000 2500.9233   12.0046
   -7.5000    0.0000   15.0000 2598.2297   11.2625
    0.0000    0.0000   15.0000 2616.6104   10.9985
    7.5000    0.0000   15.0000 2606.5149   11.1634
   -7.5000    7.5000   15.0000 2684.7356   10.6750
    0.0000    7.5000   15.0000 2704.3735   10.4023
    7.5000    7.5000   15.0000 2694.9763   10.5684
   -7.5000   15.0000   15.0000 2750.9546   10.3043
    0.0000   15.0000   15.0000 2780.3386   10.0049
    7.5000   15.0000   15.0000 2766.1309   10.1836
   -7.5000   22.5000   15.0000 2784.3379   10.2156
    0.0000   22.5000   15.0000 2810.7043    9.9188
    7.5000   22.5000   15.0000 2796.8850   10.0876
   -7.5000   30.0000   15.0000 2780.1116   10.4387
    0.0000   30.0000   15.0000 2805.2849   10.1911
    7.5000   30.0000   15.0000 2797.6533   10.3218
   -7.5000   37.5000   15.0000 2737.1497   10.8661
    0.0000   37.5000   15.0000 2764.0657   10.6449
    7.5000   37.5000   15.0000 2757.3005   10.7671
   -7.5000   45.0000   15.0000 2663.2100   11.4814
    0.0000   45.0000   15.0000 2691.8293   11.2631
    7.5000   45.0000   15.0000 2680.2712   11.3818
   -7.5000   52.5000   15.0000 2547.9512   12.1735
    0.0000   52.5000   15.0000 2576.5569   11.9881
    7.5000   52.5000   15.0000 2566.6128   12.1055
   -7.5000  -37.5000   22.5000 1949.1138   19.9973
    0.0000  -37.5000   22.5000 1959.4271   19.7435
    7.5000  -37.5000   22.5000 1952.9725   19.8189
   -7.5000  -30.0000   22.5000 2078.8145   17.5460
    0.0000  -30.0000   22.5000 2088.8655   17.3070
    7.5000  -30.0000   22.5000 2081.4133   17.4122
   -7.5000  -22.5000   22.5000 2199.9265   15.6276
    0.0000  -22.5000   22.5000 2210.4910   15.3132
    7.5000  -22.5000   22.5000 2201.7065   15.4980
   -7.5000  -15.0000   22.5000 2306.6001   14.1124
    0.0000  -15.0000   22.5000 2324.2292   13.7907
    7.5000  -15.0000   22.5000 2314.4619   13.9975
   -7.5000   -7.5000   22.5000 2421.5552   12.9628
    0.0000   -7.5000   22.5000 2440.6177   12.6506
    7.5000   -7.5000   22.5000 2426.7983   12.8500
   -7.5000    0.0000   22.5000 2521.6924   12.0990
    0.0000    0.0000   22.5000 2546.2971   11.7868
    7.5000    0.0000   22.5000 2529.6013   11.9666
   -7.5000    7.5000   22.5000 2606.7012   11.4351
    0.0000    7.5000   22.5000 2631.7820   11.1224
    7.5000    7.5000   22.5000 2616.7559   11.2882
   -7.5000   15.0000   22.5000 2665.0083   11.0408
    0.0000   15.0000   22.5000 2693.0029   10.7191
    7.5000   15.0000   22.5000 2677.9421   10.8775
   -7.5000   22.5000   22.5000 2695.4995   10.9188
    0.0000   22.5000   22.5000 2721.7063   10.6259
    7.5000   22.5000   22.5000 2709.0642   10.7665
   -7.5000   30.0000   22.5000 2684.0471   11.1431
    0.0000   30.0000   22.5000 2708.1880   10.8925
    7.5000   30.0000   22.5000 2702.5364   11.0011
   -7.5000   37.5000   22.5000 2642.3450   11.5513
    0.0000   37.5000   22.5000 2669.2627   11.3205
    7.5000   37.5000   22.5000 2666.3979   11.4345
   -7.5000   45.0000   22.5000 2574.7451   12.1484
    0.0000   45.0000   22.5000 2607.8357   11.9256
    7.5000   45.0000   22.5000 2597.0957   12.0336
   -7.5000   52.5000   22.5000 2471.4141   12.8140
    0.0000   52.5000   22.5000 2504.2195   12.6113
    7.5000   52.5000   22.5000 2492.7192   12.7213
   -7.5000  -37.5000   30.0000 1860.5090   21.9050
    0.0000  -37.5000   30.0000 1872.2920   21.6212
    7.5000  -37.5000   30.0000 1864.4661   21.7134
   -7.5000  -30.0000   30.0000 1992.5569   19.1086
    0.0000  -30.0000   30.0000 2008.0815   18.7576
    7.5000  -30.0000   30.0000 2000.1962   18.8857
   -7.5000  -22.5000   30.0000 2115.8506   16.9550
    0.0000  -22.5000   30.0000 2133.8013   16.5870
    7.5000  -22.5000   30.0000 2122.0659   16.7561
   -7.5000  -15.0000   30.0000 2225.6772   15.3117
    0.0000  -15.0000   30.0000 2248.6345   14.9812
    7.5000  -15.0000   30.0000 2233.3796   15.1407
   -7.5000   -7.5000   30.0000 2336.8167   14.0626
    0.0000   -7.5000   30.0000 2364.2283   13.7390
    7.5000   -7.5000   30.0000 2346.4202   13.9039
   -7.5000    0.0000   30.0000 2432.8477   13.1200
    0.0000    0.0000   30.0000 2466.9534   12.7783
    7.5000    0.0000   30.0000 2444.0100   12.9423
   -7.5000    7.5000   30.0000 2514.3354   12.3998
    0.0000    7.5000   30.0000 2549.2295   12.0822
    7.5000    7.5000   30.0000 2527.9646   12.2115
   -7.5000   15.0000   30.0000 2569.7803   11.9610
    0.0000   15.0000   30.0000 2599.9082   11.6702
    7.5000   15.0000   30.0000 2579.6423   11.7824
   -7.5000   22.5000   30.0000 2594.9807   11.8068
    0.0000   22.5000   30.0000 2621.8542   11.5618
    7.5000   22.5000   30.0000 2610.5452   11.6476
   -7.5000   30.0000   30.0000 2583.3196   11.9835
    0.0000   30.0000   30.0000 2608.8125   11.7400
    7.5000   30.0000   30.0000 2604.6846   11.8295
   -7.5000   37.5000   30.0000 2545.4802   12.4108
    0.0000   37.5000   30.0000 2570.7471   12.1938
    7.5000   37.5000   30.0000 2570.1892   12.2825
   -7.5000   45.0000   30.0000 2480.4402   12.9834
    0.0000   45.0000   30.0000 2511.5295   12.7643
    7.5000   45.0000   30.0000 2506.6973   12.8385
   -7.5000   52.5000   30.0000 2382.3425   13.6398
    0.0000   52.5000   30.0000 2416.6592   13.4476
    7.5000   52.5000   30.0000 2407.5015   13.5152
   -7.5000  -37.5000   37.5000 1760.0007   24.2126
    0.0000  -37.5000   37.5000 1776.4999   23.8457
    7.5000  -37.5000   37.5000 1767.1270   23.9782
   -7.5000  -30.0000   37.5000 1907.8175   20.9536
    0.0000  -30.0000   37.5000 1924.5018   20.5513
    7.5000  -30.0000   37.5000 1914.5731   20.6475
   -7.5000  -22.5000   37.5000 2029.8821   18.5299
    0.0000  -22.5000   37.5000 2050.8250   18.1635
    7.5000  -22.5000   37.5000 2039.7036   18.2598
   -7.5000  -15.0000   37.5000 2142.6736   16.7651
    0.0000  -15.0000   37.5000 2165.1687   16.4091
    7.5000  -15.0000   37.5000 2154.4963   16.5087
   -7.5000   -7.5000   37.5000 2250.0769   15.3992
    0.0000   -7.5000   37.5000 2282.2346   15.0546
    7.5000   -7.5000   37.5000 2264.7234   15.1577
   -7.5000    0.0000   37.5000 2347.4067   14.3137
    0.0000    0.0000   37.5000 2381.8752   14.0002
    7.5000    0.0000   37.5000 2361.1985   14.0975
   -7.5000    7.5000   37.5000 2424.4680   13.5645
    0.0000    7.5000   37.5000 2463.3369   13.2787
    7.5000    7.5000   37.5000 2442.1814   13.3415
   -7.5000   15.0000   37.5000 2474.2964   13.0747
    0.0000   15.0000   37.5000 2502.1406   12.8161
    7.5000   15.0000   37.5000 2486.4402   12.8607
   -7.5000   22.5000   37.5000 2493.3279   12.9130
    0.0000   22.5000   37.5000 2516.1970   12.6976
    7.5000   22.5000   37.5000 2508.1294   12.7320
   -7.5000   30.0000   37.5000 2482.9321   13.0020
    0.0000   30.0000   37.5000 2507.5439   12.7805
    7.5000   30.0000   37.5000 2503.1284   12.8383
   -7.5000   37.5000   37.5000 2448.5044   13.4223
    0.0000   37.5000   37.5000 2476.6809   13.2342
    7.5000   37.5000   37.5000 2470.6187   13.2799
   -7.5000   45.0000   37.5000 2388.8767   14.0014
    0.0000   45.0000   37.5000 2421.0830   13.8265
    7.5000   45.0000   37.5000 2416.6101   13.8492
   -7.5000   52.5000   37.5000 2297.5303   14.6662
    0.0000   52.5000   37.5000 2329.1021   14.4754
    7.5000   52.5000   37.5000 2322.3770   14.5139
   -7.5000  -37.5000   45.0000 1664.8926   26.9820
    0.0000  -37.5000   45.0000 1686.6713   26.5156
    7.5000  -37.5000   45.0000 1678.3772   26.5563
   -7.5000  -30.0000   45.0000 1815.3721   23.1907
    0.0000  -30.0000   45.0000 1833.3391   22.7651
    7.5000  -30.0000   45.0000 1826.7166   22.7316
   -7.5000  -22.5000   45.0000 1938.5054   20.4680
    0.0000  -22.5000   45.0000 1957.0178   20.1089
    7.5000  -22.5000   45.0000 1953.8730   20.0972
   -7.5000  -15.0000   45.0000 2051.3269   18.4606
    0.0000  -15.0000   45.0000 2068.5923   18.1142
    7.5000  -15.0000   45.0000 2067.6396   18.1620
   -7.5000   -7.5000   45.0000 2159.3018   16.9378
    0.0000   -7.5000   45.0000 2185.7419   16.6288
    7.5000   -7.5000   45.0000 2173.0889   16.6735
   -7.5000    0.0000   45.0000 2252.2917   15.7713
    0.0000    0.0000   45.0000 2288.0632   15.4821
    7.5000    0.0000   45.0000 2268.6848   15.5086
   -7.5000    7.5000   45.0000 2332.3728   14.9066
    0.0000    7.5000   45.0000 2368.8081   14.6760
    7.5000    7.5000   45.0000 2353.1350   14.6813
   -7.5000   15.0000   45.0000 2378.6387   14.3705
    0.0000   15.0000   45.0000 2405.0957   14.1415
    7.5000   15.0000   45.0000 2392.5999   14.1390
   -7.5000   22.5000   45.0000 2391.3088   14.1825
    0.0000   22.5000   45.0000 2411.5483   13.9704
    7.5000   22.5000   45.0000 2405.1750   13.9802
   -7.5000   30.0000   45.0000 2380.0029   14.2025
    0.0000   30.0000   45.0000 2400.5400   13.9868
    7.5000   30.0000   45.0000 2395.8486   14.0149
   -7.5000   37.5000   45.0000 2346.5254   14.6004
    0.0000   37.5000   45.0000 2370.4963   14.4158
    7.5000   37.5000   45.0000 2364.4370   14.4271
   -7.5000   45.0000   45.0000 2293.0259   15.2195
    0.0000   45.0000   45.0000 2319.8567   15.0523
    7.5000   45.0000   45.0000 2317.4377   15.0592
   -7.5000   52.5000   45.0000 2210.2515   15.8944
    0.0000   52.5000   45.0000 2232.0667   15.7006
    7.5000   52.5000   45.0000 2227.8738   15.7227

---------------------------------------------------------------------
imgreg_4dfp /opt/freesurfer/average/711-2C_as_mni_average_305 /opt/freesurfer/average/711-2B_as_mni_average_305_mask talsrcimg_g11 none talsrcimg_to_711-2C_as_mni_average_305_t4 1283
---------------------------------------------------------------------

freesurfer imgreg_4dfp.c
/opt/freesurfer/average/711-2C_as_mni_average_305.4dfp.img
       256       256       256         1
  1.000000  1.000000  1.000000
orientation T byte_order littleendian
Reading image: /opt/freesurfer/average/711-2C_as_mni_average_305.4dfp.img
dimensions:      256       256       256
mmppix:       1.0000   -1.0000   -1.0000
center:     128.0000 -129.0000 -129.0000
/opt/freesurfer/average/711-2B_as_mni_average_305_mask.4dfp.img
       256       256       256         1
  1.000000  1.000000  1.000000
orientation T byte_order littleendian
Reading mask: /opt/freesurfer/average/711-2B_as_mni_average_305_mask.4dfp.img (2306576 pixels)
talsrcimg_g11.4dfp.img
       256       256       256         1
  1.000000  1.000000  1.000000
orientation T byte_order littleendian
Reading image: talsrcimg_g11.4dfp.img
dimensions:      256       256       256
mmppix:       1.0000   -1.0000   -1.0000
center:     128.0000 -129.0000 -129.0000
rotation matrix determinant  1.000000
fimgreg.f
image alignment mode   1283 decimal      503 hex
parameters
    0.0000   22.5000   -7.5000    0.0000    0.0000    0.0000
eta,q 0.94306  9.10227
niter,ni,del,rscale     5    3   12.0000    1.2000
parameter  4-16.639734 ->  0.500000 qaram    1.1500
parameters
    1.1308   24.7595  -10.2425   -3.4500   -0.5972   -1.1200
eta,q 0.95250  8.94627
  0.0764  0.0652  0.0565  0.0428  0.0518  0.0520
  0.0682  0.0608  0.0547  0.0466  0.0499  0.0494
  0.0620  0.0577  0.0547  0.0510  0.0484  0.0477
  0.0576  0.0565  0.0562  0.0545  0.0479  0.0478
  0.0571  0.0561  0.0579  0.0574  0.0491  0.0498
  0.0615  0.0562  0.0603  0.0614  0.0512  0.0528
  0.0665  0.0574  0.0644  0.0652  0.0536  0.0559
niter,ni,del,rscale     5    3   12.0000    1.2000
parameter  4  4.552785 ->  0.500000 qaram    1.3225
parameters
    1.1072   24.7457   -9.5751   -7.4175    0.1546   -1.6360
eta,q 0.96004  8.95743
  0.0619  0.0567  0.0559  0.0376  0.0487  0.0461
  0.0545  0.0521  0.0513  0.0393  0.0452  0.0426
  0.0500  0.0491  0.0486  0.0427  0.0419  0.0405
  0.0475  0.0475  0.0475  0.0475  0.0400  0.0400
  0.0498  0.0486  0.0479  0.0524  0.0409  0.0415
  0.0553  0.0520  0.0495  0.0562  0.0428  0.0446
  0.0618  0.0571  0.0526  0.0600  0.0454  0.0482
niter,ni,del,rscale     5    3   12.0000    1.2000
parameter  4  1.257247 ->  0.500000 qaram    1.5209
parameters
    0.7947   25.1167  -10.0751  -11.9801    0.5743   -1.3018
eta,q 0.96507  8.95283
  0.0552  0.0526  0.0467  0.0343  0.0438  0.0417
  0.0475  0.0456  0.0441  0.0342  0.0400  0.0383
  0.0420  0.0412  0.0413  0.0371  0.0369  0.0358
  0.0400  0.0400  0.0403  0.0403  0.0350  0.0349
  0.0434  0.0426  0.0415  0.0450  0.0357  0.0356
  0.0503  0.0455  0.0446  0.0505  0.0383  0.0375
  0.0581  0.0484  0.0507  0.0553  0.0420  0.0403
niter,ni,del,rscale     5    3   12.0000    1.2000
parameters
    0.5130   26.1033  -11.5005  -15.7633    0.8537   -1.2682
eta,q 0.97002  8.87438
  0.0507  0.0502  0.0402  0.0369  0.0385  0.0363
  0.0430  0.0419  0.0364  0.0310  0.0354  0.0332
  0.0370  0.0370  0.0337  0.0304  0.0319  0.0309
  0.0349  0.0349  0.0346  0.0336  0.0301  0.0300
  0.0385  0.0351  0.0380  0.0392  0.0304  0.0308
  0.0456  0.0381  0.0430  0.0448  0.0331  0.0327
  0.0533  0.0419  0.0494  0.0497  0.0382  0.0365
niter,ni,del,rscale     4    3   12.0000    1.2000
parameters
    0.2941   27.6645  -12.4513  -17.6571    0.6598   -1.5016
eta,q 0.97324  8.89075
  0.0470  0.0504  0.0377  0.0367  0.0364  0.0343
  0.0382  0.0416  0.0330  0.0331  0.0315  0.0303
  0.0322  0.0338  0.0293  0.0273  0.0279  0.0277
  0.0300  0.0300  0.0289  0.0284  0.0268  0.0268
  0.0332  0.0289  0.0331  0.0341  0.0282  0.0279
  0.0408  0.0313  0.0385  0.0402  0.0322  0.0309
  0.0489  0.0368  0.0440  0.0452  0.0379  0.0358
niter,ni,del,rscale     3    3   12.0000    1.2000
parameters
    0.6352   28.5815  -12.8807  -18.8314    0.4946   -1.6061
eta,q 0.97391  8.92289
  0.0496  0.0454  0.0385  0.0373  0.0360  0.0341
  0.0399  0.0374  0.0328  0.0337  0.0312  0.0299
  0.0315  0.0301  0.0281  0.0276  0.0274  0.0271
  0.0268  0.0265  0.0265  0.0264  0.0261  0.0261
  0.0282  0.0276  0.0298  0.0313  0.0275  0.0270
  0.0360  0.0319  0.0357  0.0382  0.0317  0.0301
  0.0460  0.0365  0.0418  0.0436  0.0375  0.0349
niter,ni,del,rscale     2    3   12.0000    1.2000
parameters
    0.8370   29.1296  -13.2093  -19.5005    0.3686   -1.6671
eta,q 0.97401  8.93622
  0.0491  0.0429  0.0382  0.0386  0.0358  0.0340
  0.0387  0.0349  0.0326  0.0343  0.0313  0.0300
  0.0303  0.0284  0.0280  0.0282  0.0276  0.0272
  0.0261  0.0260  0.0261  0.0261  0.0260  0.0260
  0.0285  0.0280  0.0290  0.0296  0.0273  0.0267
  0.0368  0.0322  0.0345  0.0366  0.0314  0.0299
  0.0465  0.0371  0.0411  0.0430  0.0372  0.0348
niter,ni,del,rscale     1    3   12.0000    1.2000
parameters
    0.9223   29.3834  -13.4416  -19.8256    0.3067   -1.6879
eta,q 0.97396  8.93894
  0.0480  0.0409  0.0382  0.0396  0.0358  0.0340
  0.0376  0.0337  0.0325  0.0350  0.0315  0.0301
  0.0296  0.0280  0.0281  0.0287  0.0279  0.0273
  0.0260  0.0260  0.0261  0.0261  0.0260  0.0260
  0.0290  0.0284  0.0285  0.0291  0.0271  0.0267
  0.0373  0.0327  0.0337  0.0354  0.0312  0.0298
  0.0466  0.0380  0.0403  0.0423  0.0369  0.0346
registration optimization eta report
parameter search radius
    6.0000    6.0000    6.0000    9.1253    6.0000    6.0000
100000*second partial in parameter space
       58.       36.       35.       17.       28.       23.
  0.0480  0.0409  0.0382  0.0396  0.0358  0.0340
  0.0376  0.0337  0.0325  0.0350  0.0315  0.0301
  0.0296  0.0280  0.0281  0.0287  0.0279  0.0273
  0.0260  0.0260  0.0261  0.0261  0.0260  0.0260
  0.0290  0.0284  0.0285  0.0291  0.0271  0.0267
  0.0373  0.0327  0.0337  0.0354  0.0312  0.0298
  0.0466  0.0380  0.0403  0.0423  0.0369  0.0346
    0.9223   29.3834  -13.4416  -19.8256    0.3067   -1.6879
eta,q 0.97396  8.93894

---------------------------------------------------------------------
imgreg_4dfp /opt/freesurfer/average/711-2C_as_mni_average_305 /opt/freesurfer/average/711-2B_as_mni_average_305_mask talsrcimg_g11 none talsrcimg_to_711-2C_as_mni_average_305_t4 3335
---------------------------------------------------------------------

freesurfer imgreg_4dfp.c
/opt/freesurfer/average/711-2C_as_mni_average_305.4dfp.img
       256       256       256         1
  1.000000  1.000000  1.000000
orientation T byte_order littleendian
Reading image: /opt/freesurfer/average/711-2C_as_mni_average_305.4dfp.img
dimensions:      256       256       256
mmppix:       1.0000   -1.0000   -1.0000
center:     128.0000 -129.0000 -129.0000
/opt/freesurfer/average/711-2B_as_mni_average_305_mask.4dfp.img
       256       256       256         1
  1.000000  1.000000  1.000000
orientation T byte_order littleendian
Reading mask: /opt/freesurfer/average/711-2B_as_mni_average_305_mask.4dfp.img (2306576 pixels)
talsrcimg_g11.4dfp.img
       256       256       256         1
  1.000000  1.000000  1.000000
orientation T byte_order littleendian
Reading image: talsrcimg_g11.4dfp.img
dimensions:      256       256       256
mmppix:       1.0000   -1.0000   -1.0000
center:     128.0000 -129.0000 -129.0000
fimgreg.f
image alignment mode   3335 decimal      D07 hex
parameters
    0.9223   29.3834  -13.4416   -0.0448   -5.9732   -5.9284
    2.9523    0.4956   -2.9454   33.9159    0.5353  -33.9153
eta,q 0.97273  8.97272
niter,ni,del,rscale     5    3    5.0000    1.2000
parameter  4  0.544957 ->  0.500000 qaram    1.1500
parameter  5  1.481229 ->  0.500000 qaram    1.1500
parameter 12 -0.875990 -> -0.500000 qaram    1.1500
parameters
    0.8770   29.3769  -13.6499   -4.1848  -10.1132   -8.0041
    2.2344    0.8926   -1.8933   34.5607    1.0004  -29.7753
eta,q 0.97845  8.79180
  0.0312  0.0295  0.0291  0.0270  0.0217  0.0247  0.0249  0.0277  0.0256  0.0264  0.0243  0.0272
  0.0290  0.0281  0.0280  0.0262  0.0224  0.0238  0.0237  0.0252  0.0242  0.0245  0.0234  0.0254
  0.0276  0.0274  0.0274  0.0260  0.0241  0.0229  0.0229  0.0234  0.0232  0.0233  0.0229  0.0239
  0.0273  0.0273  0.0273  0.0272  0.0261  0.0228  0.0228  0.0228  0.0228  0.0227  0.0227  0.0227
  0.0278  0.0276  0.0276  0.0300  0.0282  0.0241  0.0233  0.0232  0.0228  0.0227  0.0228  0.0219
  0.0292  0.0283  0.0286  0.0337  0.0311  0.0271  0.0244  0.0244  0.0233  0.0235  0.0232  0.0215
  0.0314  0.0293  0.0300  0.0377  0.0346  0.0309  0.0260  0.0267  0.0243  0.0254  0.0239  0.0215
niter,ni,del,rscale     7    3    5.0000    1.2000
parameters
    0.9849   29.1915  -14.1346   -3.6875  -13.4530   -8.7464
    2.3692    0.8663   -1.7145   34.3622    1.2851  -29.6586
eta,q 0.97923  8.69125
  0.0252  0.0238  0.0227  0.0258  0.0222  0.0237  0.0234  0.0253  0.0230  0.0239  0.0221  0.0229
  0.0232  0.0226  0.0219  0.0241  0.0212  0.0224  0.0220  0.0229  0.0219  0.0225  0.0214  0.0216
  0.0220  0.0218  0.0215  0.0227  0.0206  0.0213  0.0211  0.0213  0.0211  0.0214  0.0209  0.0209
  0.0216  0.0215  0.0215  0.0215  0.0213  0.0206  0.0207  0.0207  0.0207  0.0207  0.0208  0.0208
  0.0218  0.0220  0.0220  0.0210  0.0232  0.0211  0.0210  0.0213  0.0210  0.0210  0.0209  0.0211
  0.0228  0.0231  0.0230  0.0225  0.0255  0.0229  0.0218  0.0229  0.0217  0.0225  0.0213  0.0217
  0.0246  0.0248  0.0243  0.0258  0.0282  0.0262  0.0233  0.0254  0.0228  0.0246  0.0219  0.0226
niter,ni,del,rscale     6    3    5.0000    1.2000
parameters
    0.9782   29.0377  -14.2430   -2.9628  -13.8446   -9.0408
    2.3343    0.8065   -1.7436   34.2955    1.4697  -29.7768
eta,q 0.97939  8.68902
  0.0240  0.0232  0.0224  0.0251  0.0237  0.0238  0.0232  0.0253  0.0227  0.0238  0.0220  0.0225
  0.0222  0.0218  0.0215  0.0235  0.0223  0.0225  0.0218  0.0228  0.0216  0.0224  0.0212  0.0213
  0.0212  0.0209  0.0209  0.0221  0.0212  0.0214  0.0209  0.0212  0.0209  0.0213  0.0208  0.0207
  0.0208  0.0208  0.0208  0.0207  0.0205  0.0205  0.0206  0.0206  0.0206  0.0206  0.0206  0.0206
  0.0211  0.0213  0.0210  0.0202  0.0209  0.0207  0.0209  0.0212  0.0209  0.0208  0.0207  0.0209
  0.0222  0.0223  0.0217  0.0216  0.0226  0.0222  0.0218  0.0229  0.0216  0.0221  0.0212  0.0216
  0.0241  0.0238  0.0227  0.0247  0.0247  0.0252  0.0233  0.0255  0.0228  0.0243  0.0218  0.0224
niter,ni,del,rscale     5    3    5.0000    1.2000
parameters
    0.9613   29.0265  -14.3343   -2.8603  -13.8905   -9.1572
    2.3477    0.7613   -1.7617   34.3100    1.5252  -29.8543
eta,q 0.97941  8.68768
  0.0241  0.0233  0.0223  0.0248  0.0240  0.0239  0.0232  0.0253  0.0227  0.0238  0.0219  0.0225
  0.0222  0.0218  0.0213  0.0232  0.0225  0.0226  0.0219  0.0229  0.0216  0.0224  0.0212  0.0213
  0.0210  0.0209  0.0208  0.0218  0.0214  0.0214  0.0209  0.0212  0.0209  0.0213  0.0207  0.0207
  0.0206  0.0206  0.0206  0.0206  0.0206  0.0206  0.0206  0.0206  0.0206  0.0206  0.0206  0.0206
  0.0210  0.0210  0.0209  0.0204  0.0208  0.0207  0.0209  0.0212  0.0209  0.0207  0.0208  0.0209
  0.0222  0.0219  0.0215  0.0223  0.0223  0.0220  0.0218  0.0229  0.0216  0.0221  0.0212  0.0215
  0.0242  0.0233  0.0225  0.0255  0.0244  0.0249  0.0233  0.0255  0.0228  0.0242  0.0218  0.0224
niter,ni,del,rscale     4    3    5.0000    1.2000
parameters
    0.9543   29.0232  -14.3781   -2.8307  -13.9059   -9.2067
    2.3566    0.7478   -1.7632   34.3239    1.5354  -29.8926
eta,q 0.97941  8.68707
  0.0241  0.0233  0.0223  0.0247  0.0240  0.0239  0.0232  0.0254  0.0227  0.0238  0.0219  0.0225
  0.0222  0.0218  0.0214  0.0232  0.0225  0.0226  0.0219  0.0229  0.0216  0.0224  0.0212  0.0213
  0.0210  0.0209  0.0208  0.0218  0.0214  0.0215  0.0209  0.0212  0.0209  0.0213  0.0207  0.0207
  0.0206  0.0206  0.0206  0.0206  0.0206  0.0206  0.0206  0.0206  0.0206  0.0206  0.0206  0.0206
  0.0210  0.0210  0.0208  0.0205  0.0208  0.0207  0.0209  0.0212  0.0209  0.0207  0.0208  0.0209
  0.0222  0.0219  0.0215  0.0224  0.0223  0.0220  0.0218  0.0228  0.0216  0.0221  0.0212  0.0215
  0.0242  0.0233  0.0224  0.0256  0.0244  0.0248  0.0233  0.0255  0.0228  0.0242  0.0218  0.0224
niter,ni,del,rscale     3    3    5.0000    1.2000
parameters
    0.9518   29.0227  -14.3958   -2.8214  -13.9102   -9.2220
    2.3577    0.7426   -1.7670   34.3285    1.5437  -29.9120
eta,q 0.97941  8.68702
  0.0241  0.0233  0.0224  0.0247  0.0240  0.0240  0.0232  0.0254  0.0227  0.0238  0.0219  0.0225
  0.0222  0.0218  0.0214  0.0232  0.0225  0.0226  0.0219  0.0229  0.0216  0.0224  0.0212  0.0213
  0.0210  0.0209  0.0208  0.0218  0.0214  0.0215  0.0209  0.0212  0.0209  0.0213  0.0207  0.0207
  0.0206  0.0206  0.0206  0.0206  0.0206  0.0206  0.0206  0.0206  0.0206  0.0206  0.0206  0.0206
  0.0210  0.0209  0.0208  0.0205  0.0208  0.0206  0.0209  0.0212  0.0209  0.0207  0.0208  0.0209
  0.0222  0.0219  0.0214  0.0224  0.0223  0.0219  0.0218  0.0228  0.0216  0.0221  0.0212  0.0215
  0.0241  0.0233  0.0224  0.0256  0.0244  0.0248  0.0233  0.0254  0.0228  0.0242  0.0218  0.0224
registration optimization eta report
parameter search radius
    2.4000    2.4000    2.4000    8.2800    8.2800    7.2000
    7.2000    7.2000    7.2000    7.2000    7.2000    8.2800
100000*second partial in parameter space
       61.       46.       31.        7.        5.        7.
        5.        9.        4.        6.        2.        3.
  0.0241  0.0233  0.0224  0.0247  0.0240  0.0240  0.0232  0.0254  0.0227  0.0238  0.0219  0.0225
  0.0222  0.0218  0.0214  0.0232  0.0225  0.0226  0.0219  0.0229  0.0216  0.0224  0.0212  0.0213
  0.0210  0.0209  0.0208  0.0218  0.0214  0.0215  0.0209  0.0212  0.0209  0.0213  0.0207  0.0207
  0.0206  0.0206  0.0206  0.0206  0.0206  0.0206  0.0206  0.0206  0.0206  0.0206  0.0206  0.0206
  0.0210  0.0209  0.0208  0.0205  0.0208  0.0206  0.0209  0.0212  0.0209  0.0207  0.0208  0.0209
  0.0222  0.0219  0.0214  0.0224  0.0223  0.0219  0.0218  0.0228  0.0216  0.0221  0.0212  0.0215
  0.0241  0.0233  0.0224  0.0256  0.0244  0.0248  0.0233  0.0254  0.0228  0.0242  0.0218  0.0224
    0.9518   29.0227  -14.3958   -2.8214  -13.9102   -9.2220
    2.3577    0.7426   -1.7670   34.3285    1.5437  -29.9120
eta,q 0.97941  8.68702

---------------------------------------------------------------------
imgreg_4dfp /opt/freesurfer/average/711-2C_as_mni_average_305 /opt/freesurfer/average/711-2B_as_mni_average_305_mask talsrcimg_g11 none talsrcimg_to_711-2C_as_mni_average_305_t4 2311
---------------------------------------------------------------------

freesurfer imgreg_4dfp.c
/opt/freesurfer/average/711-2C_as_mni_average_305.4dfp.img
       256       256       256         1
  1.000000  1.000000  1.000000
orientation T byte_order littleendian
Reading image: /opt/freesurfer/average/711-2C_as_mni_average_305.4dfp.img
dimensions:      256       256       256
mmppix:       1.0000   -1.0000   -1.0000
center:     128.0000 -129.0000 -129.0000
/opt/freesurfer/average/711-2B_as_mni_average_305_mask.4dfp.img
       256       256       256         1
  1.000000  1.000000  1.000000
orientation T byte_order littleendian
Reading mask: /opt/freesurfer/average/711-2B_as_mni_average_305_mask.4dfp.img (2306576 pixels)
talsrcimg_g11.4dfp.img
       256       256       256         1
  1.000000  1.000000  1.000000
orientation T byte_order littleendian
Reading image: talsrcimg_g11.4dfp.img
dimensions:      256       256       256
mmppix:       1.0000   -1.0000   -1.0000
center:     128.0000 -129.0000 -129.0000
fimgreg.f
image alignment mode   2311 decimal      907 hex
parameters
    0.9518   29.0227  -14.3958   -2.8214  -13.9102   -9.2220
    2.3577    0.7426   -1.7670   34.3285    1.5437  -29.9120
eta,q 0.97941  8.68703
niter,ni,del,rscale     5    3    5.0000    0.8000
parameters
    0.9535   28.9962  -14.4132   -1.7873  -13.4997   -8.7511
    2.3441    0.8727   -1.7944   34.4690    1.6830  -30.1326
eta,q 0.97980  8.73624
  0.0222  0.0218  0.0214  0.0228  0.0220  0.0224  0.0216  0.0230  0.0213  0.0220  0.0209  0.0209
  0.0213  0.0211  0.0209  0.0220  0.0214  0.0216  0.0208  0.0216  0.0207  0.0212  0.0205  0.0205
  0.0208  0.0207  0.0207  0.0212  0.0208  0.0208  0.0204  0.0206  0.0203  0.0206  0.0203  0.0202
  0.0206  0.0206  0.0206  0.0206  0.0204  0.0203  0.0202  0.0202  0.0202  0.0202  0.0202  0.0202
  0.0208  0.0208  0.0207  0.0203  0.0203  0.0203  0.0204  0.0205  0.0204  0.0203  0.0203  0.0203
  0.0213  0.0212  0.0210  0.0207  0.0208  0.0208  0.0208  0.0213  0.0207  0.0209  0.0205  0.0206
  0.0222  0.0219  0.0214  0.0217  0.0217  0.0219  0.0216  0.0227  0.0213  0.0220  0.0209  0.0209
niter,ni,del,rscale     4    3    5.0000    0.7000
parameters
    0.9200   29.0605  -14.3081   -1.8486  -13.4289   -8.4455
    2.3307    0.8617   -1.7875   34.6163    1.6836  -30.1596
eta,q 0.97985  8.74761
  0.0215  0.0213  0.0210  0.0218  0.0215  0.0219  0.0212  0.0222  0.0210  0.0216  0.0207  0.0207
  0.0208  0.0207  0.0206  0.0211  0.0210  0.0212  0.0206  0.0211  0.0206  0.0210  0.0204  0.0204
  0.0203  0.0204  0.0203  0.0205  0.0205  0.0206  0.0203  0.0204  0.0203  0.0205  0.0202  0.0202
  0.0202  0.0202  0.0202  0.0202  0.0202  0.0202  0.0202  0.0202  0.0202  0.0202  0.0201  0.0201
  0.0204  0.0203  0.0202  0.0203  0.0203  0.0202  0.0203  0.0204  0.0203  0.0202  0.0202  0.0202
  0.0209  0.0206  0.0204  0.0210  0.0207  0.0207  0.0206  0.0211  0.0206  0.0207  0.0204  0.0204
  0.0217  0.0211  0.0208  0.0222  0.0216  0.0216  0.0212  0.0223  0.0210  0.0216  0.0207  0.0207
niter,ni,del,rscale     3    3    5.0000    0.6000
parameters
    0.9131   29.0944  -14.2001   -1.8046  -13.3621   -8.2262
    2.2990    0.8842   -1.7748   34.7235    1.6811  -30.1231
eta,q 0.97989  8.75684
  0.0212  0.0210  0.0208  0.0215  0.0211  0.0215  0.0209  0.0217  0.0208  0.0212  0.0205  0.0206
  0.0206  0.0205  0.0204  0.0209  0.0207  0.0209  0.0205  0.0209  0.0204  0.0207  0.0203  0.0203
  0.0203  0.0202  0.0202  0.0204  0.0204  0.0204  0.0202  0.0203  0.0202  0.0204  0.0202  0.0201
  0.0201  0.0201  0.0201  0.0201  0.0201  0.0201  0.0201  0.0201  0.0201  0.0201  0.0201  0.0201
  0.0203  0.0202  0.0202  0.0202  0.0202  0.0202  0.0202  0.0203  0.0202  0.0202  0.0202  0.0202
  0.0206  0.0205  0.0203  0.0207  0.0206  0.0206  0.0205  0.0208  0.0204  0.0205  0.0203  0.0203
  0.0212  0.0209  0.0206  0.0216  0.0212  0.0213  0.0209  0.0217  0.0208  0.0212  0.0205  0.0205
niter,ni,del,rscale     2    3    5.0000    0.5000
parameters
    0.9131   29.1218  -14.1149   -1.7421  -13.2800   -8.0683
    2.2798    0.9094   -1.7802   34.8114    1.6916  -30.0598
eta,q 0.97992  8.76445
  0.0208  0.0207  0.0205  0.0211  0.0209  0.0211  0.0206  0.0212  0.0206  0.0209  0.0204  0.0204
  0.0204  0.0204  0.0203  0.0207  0.0205  0.0206  0.0203  0.0206  0.0203  0.0205  0.0202  0.0202
  0.0202  0.0202  0.0202  0.0203  0.0203  0.0203  0.0201  0.0202  0.0201  0.0202  0.0201  0.0201
  0.0201  0.0201  0.0201  0.0201  0.0201  0.0201  0.0201  0.0201  0.0201  0.0201  0.0201  0.0201
  0.0202  0.0202  0.0201  0.0202  0.0201  0.0202  0.0202  0.0202  0.0201  0.0201  0.0201  0.0201
  0.0204  0.0203  0.0202  0.0205  0.0204  0.0204  0.0203  0.0206  0.0203  0.0204  0.0202  0.0202
  0.0208  0.0206  0.0204  0.0211  0.0209  0.0210  0.0206  0.0212  0.0205  0.0209  0.0204  0.0204
niter,ni,del,rscale     1    3    5.0000    0.4000
parameters
    0.9111   29.1488  -14.0394   -1.6859  -13.2066   -7.9490
    2.2576    0.9283   -1.7823   34.9053    1.7074  -30.0016
eta,q 0.97994  8.77068
  0.0206  0.0205  0.0204  0.0208  0.0206  0.0208  0.0204  0.0208  0.0204  0.0206  0.0203  0.0203
  0.0203  0.0203  0.0202  0.0204  0.0204  0.0204  0.0202  0.0204  0.0202  0.0204  0.0202  0.0202
  0.0201  0.0201  0.0201  0.0202  0.0202  0.0202  0.0201  0.0202  0.0201  0.0202  0.0201  0.0201
  0.0201  0.0201  0.0201  0.0201  0.0201  0.0201  0.0201  0.0201  0.0201  0.0201  0.0201  0.0201
  0.0201  0.0201  0.0201  0.0201  0.0201  0.0201  0.0201  0.0202  0.0201  0.0201  0.0201  0.0201
  0.0203  0.0202  0.0202  0.0203  0.0203  0.0203  0.0202  0.0204  0.0202  0.0203  0.0202  0.0202
  0.0206  0.0204  0.0203  0.0208  0.0206  0.0207  0.0204  0.0208  0.0204  0.0206  0.0203  0.0203
registration optimization eta report
parameter search radius
    0.8000    0.8000    0.8000    2.4000    2.4000    2.4000
    2.4000    2.4000    2.4000    2.4000    2.4000    2.4000
100000*second partial in parameter space
       74.       58.       37.       12.        9.       11.
        6.       13.        5.       10.        3.        4.
  0.0206  0.0205  0.0204  0.0208  0.0206  0.0208  0.0204  0.0208  0.0204  0.0206  0.0203  0.0203
  0.0203  0.0203  0.0202  0.0204  0.0204  0.0204  0.0202  0.0204  0.0202  0.0204  0.0202  0.0202
  0.0201  0.0201  0.0201  0.0202  0.0202  0.0202  0.0201  0.0202  0.0201  0.0202  0.0201  0.0201
  0.0201  0.0201  0.0201  0.0201  0.0201  0.0201  0.0201  0.0201  0.0201  0.0201  0.0201  0.0201
  0.0201  0.0201  0.0201  0.0201  0.0201  0.0201  0.0201  0.0202  0.0201  0.0201  0.0201  0.0201
  0.0203  0.0202  0.0202  0.0203  0.0203  0.0203  0.0202  0.0204  0.0202  0.0203  0.0202  0.0202
  0.0206  0.0204  0.0203  0.0208  0.0206  0.0207  0.0204  0.0208  0.0204  0.0206  0.0203  0.0203
    0.9111   29.1488  -14.0394   -1.6859  -13.2066   -7.9490
    2.2576    0.9283   -1.7823   34.9053    1.7074  -30.0016
eta,q 0.97994  8.77068

---------------------------------------------------------------------
imgreg_4dfp /opt/freesurfer/average/711-2C_as_mni_average_305 /opt/freesurfer/average/711-2B_as_mni_average_305_mask talsrcimg_g11 none talsrcimg_to_711-2C_as_mni_average_305_t4 2311
---------------------------------------------------------------------

freesurfer imgreg_4dfp.c
/opt/freesurfer/average/711-2C_as_mni_average_305.4dfp.img
       256       256       256         1
  1.000000  1.000000  1.000000
orientation T byte_order littleendian
Reading image: /opt/freesurfer/average/711-2C_as_mni_average_305.4dfp.img
dimensions:      256       256       256
mmppix:       1.0000   -1.0000   -1.0000
center:     128.0000 -129.0000 -129.0000
/opt/freesurfer/average/711-2B_as_mni_average_305_mask.4dfp.img
       256       256       256         1
  1.000000  1.000000  1.000000
orientation T byte_order littleendian
Reading mask: /opt/freesurfer/average/711-2B_as_mni_average_305_mask.4dfp.img (2306576 pixels)
talsrcimg_g11.4dfp.img
       256       256       256         1
  1.000000  1.000000  1.000000
orientation T byte_order littleendian
Reading image: talsrcimg_g11.4dfp.img
dimensions:      256       256       256
mmppix:       1.0000   -1.0000   -1.0000
center:     128.0000 -129.0000 -129.0000
fimgreg.f
image alignment mode   2311 decimal      907 hex
parameters
    0.9111   29.1488  -14.0394   -1.6859  -13.2066   -7.9490
    2.2576    0.9283   -1.7823   34.9053    1.7074  -30.0016
eta,q 0.97994  8.77068
niter,ni,del,rscale     5    3    5.0000    0.8000
parameters
    0.9319   29.1886  -13.9886   -2.1525  -13.5241   -8.1429
    2.3376    0.8647   -1.7376   34.6826    1.5973  -29.9241
eta,q 0.97984  8.74654
  0.0220  0.0216  0.0211  0.0219  0.0215  0.0220  0.0216  0.0227  0.0213  0.0218  0.0208  0.0209
  0.0209  0.0208  0.0205  0.0211  0.0209  0.0212  0.0208  0.0213  0.0207  0.0210  0.0205  0.0205
  0.0203  0.0202  0.0202  0.0204  0.0204  0.0205  0.0203  0.0204  0.0203  0.0205  0.0202  0.0202
  0.0201  0.0201  0.0201  0.0201  0.0201  0.0201  0.0201  0.0201  0.0201  0.0201  0.0202  0.0202
  0.0203  0.0202  0.0202  0.0204  0.0203  0.0204  0.0203  0.0205  0.0203  0.0203  0.0203  0.0203
  0.0209  0.0207  0.0204  0.0214  0.0211  0.0212  0.0207  0.0214  0.0206  0.0211  0.0205  0.0205
  0.0219  0.0214  0.0210  0.0231  0.0222  0.0227  0.0215  0.0228  0.0212  0.0224  0.0209  0.0209
niter,ni,del,rscale     4    3    5.0000    0.7000
parameters
    0.9362   29.1252  -14.0538   -1.9811  -13.4259   -8.1568
    2.3135    0.8973   -1.7575   34.6738    1.6371  -29.9576
eta,q 0.97987  8.75193
  0.0215  0.0211  0.0208  0.0219  0.0214  0.0217  0.0212  0.0222  0.0210  0.0215  0.0207  0.0207
  0.0208  0.0206  0.0204  0.0212  0.0209  0.0210  0.0206  0.0211  0.0205  0.0209  0.0204  0.0204
  0.0203  0.0202  0.0202  0.0206  0.0204  0.0204  0.0202  0.0204  0.0202  0.0204  0.0202  0.0202
  0.0202  0.0202  0.0202  0.0202  0.0201  0.0201  0.0201  0.0201  0.0201  0.0201  0.0201  0.0201
  0.0203  0.0203  0.0203  0.0202  0.0202  0.0203  0.0203  0.0203  0.0202  0.0202  0.0202  0.0202
  0.0208  0.0207  0.0205  0.0207  0.0207  0.0209  0.0206  0.0211  0.0205  0.0207  0.0204  0.0204
  0.0215  0.0213  0.0209  0.0219  0.0215  0.0219  0.0212  0.0222  0.0210  0.0217  0.0207  0.0207
niter,ni,del,rscale     3    3    5.0000    0.6000
parameters
    0.9273   29.1231  -14.0614   -1.8607  -13.3329   -8.0733
    2.2938    0.9112   -1.7595   34.7383    1.6623  -29.9768
eta,q 0.97990  8.75940
  0.0211  0.0209  0.0206  0.0215  0.0211  0.0214  0.0209  0.0217  0.0208  0.0212  0.0205  0.0205
  0.0206  0.0205  0.0204  0.0209  0.0207  0.0208  0.0204  0.0208  0.0204  0.0207  0.0203  0.0203
  0.0202  0.0202  0.0202  0.0204  0.0203  0.0203  0.0202  0.0203  0.0202  0.0203  0.0201  0.0201
  0.0201  0.0201  0.0201  0.0201  0.0201  0.0201  0.0201  0.0201  0.0201  0.0201  0.0201  0.0201
  0.0203  0.0202  0.0202  0.0202  0.0202  0.0202  0.0202  0.0203  0.0202  0.0201  0.0201  0.0202
  0.0206  0.0205  0.0204  0.0206  0.0205  0.0206  0.0205  0.0208  0.0204  0.0205  0.0203  0.0203
  0.0212  0.0209  0.0207  0.0215  0.0212  0.0214  0.0209  0.0217  0.0207  0.0213  0.0205  0.0205
niter,ni,del,rscale     2    3    5.0000    0.5000
parameters
    0.9249   29.1396  -14.0332   -1.7643  -13.2525   -7.9827
    2.2712    0.9251   -1.7742   34.8221    1.6817  -29.9675
eta,q 0.97992  8.76620
  0.0208  0.0207  0.0205  0.0211  0.0209  0.0211  0.0206  0.0212  0.0205  0.0209  0.0204  0.0204
  0.0204  0.0204  0.0203  0.0207  0.0205  0.0206  0.0203  0.0206  0.0203  0.0205  0.0202  0.0202
  0.0202  0.0202  0.0202  0.0203  0.0202  0.0203  0.0201  0.0202  0.0201  0.0202  0.0201  0.0201
  0.0201  0.0201  0.0201  0.0201  0.0201  0.0201  0.0201  0.0201  0.0201  0.0201  0.0201  0.0201
  0.0202  0.0202  0.0201  0.0201  0.0201  0.0202  0.0201  0.0202  0.0201  0.0201  0.0201  0.0201
  0.0204  0.0203  0.0203  0.0205  0.0204  0.0205  0.0203  0.0206  0.0203  0.0204  0.0202  0.0202
  0.0208  0.0206  0.0204  0.0211  0.0209  0.0210  0.0206  0.0212  0.0205  0.0209  0.0204  0.0204
niter,ni,del,rscale     1    3    5.0000    0.4000
parameters
    0.9172   29.1618  -13.9912   -1.7051  -13.1909   -7.8980
    2.2496    0.9342   -1.7735   34.9078    1.7082  -29.9462
eta,q 0.97993  8.77163
  0.0205  0.0205  0.0203  0.0208  0.0206  0.0207  0.0204  0.0208  0.0204  0.0206  0.0203  0.0203
  0.0203  0.0203  0.0202  0.0204  0.0204  0.0204  0.0202  0.0204  0.0202  0.0204  0.0202  0.0202
  0.0201  0.0201  0.0201  0.0202  0.0202  0.0202  0.0201  0.0202  0.0201  0.0202  0.0201  0.0201
  0.0201  0.0201  0.0201  0.0201  0.0201  0.0201  0.0201  0.0201  0.0201  0.0201  0.0201  0.0201
  0.0201  0.0201  0.0201  0.0201  0.0201  0.0201  0.0201  0.0201  0.0201  0.0201  0.0201  0.0201
  0.0203  0.0202  0.0202  0.0203  0.0203  0.0203  0.0202  0.0204  0.0202  0.0203  0.0202  0.0202
  0.0206  0.0204  0.0203  0.0207  0.0206  0.0207  0.0204  0.0208  0.0204  0.0206  0.0203  0.0203
registration optimization eta report
parameter search radius
    0.8000    0.8000    0.8000    2.4000    2.4000    2.4000
    2.4000    2.4000    2.4000    2.4000    2.4000    2.4000
100000*second partial in parameter space
       73.       57.       38.       12.        9.       11.
        6.       13.        5.       10.        3.        4.
  0.0205  0.0205  0.0203  0.0208  0.0206  0.0207  0.0204  0.0208  0.0204  0.0206  0.0203  0.0203
  0.0203  0.0203  0.0202  0.0204  0.0204  0.0204  0.0202  0.0204  0.0202  0.0204  0.0202  0.0202
  0.0201  0.0201  0.0201  0.0202  0.0202  0.0202  0.0201  0.0202  0.0201  0.0202  0.0201  0.0201
  0.0201  0.0201  0.0201  0.0201  0.0201  0.0201  0.0201  0.0201  0.0201  0.0201  0.0201  0.0201
  0.0201  0.0201  0.0201  0.0201  0.0201  0.0201  0.0201  0.0201  0.0201  0.0201  0.0201  0.0201
  0.0203  0.0202  0.0202  0.0203  0.0203  0.0203  0.0202  0.0204  0.0202  0.0203  0.0202  0.0202
  0.0206  0.0204  0.0203  0.0207  0.0206  0.0207  0.0204  0.0208  0.0204  0.0206  0.0203  0.0203
    0.9172   29.1618  -13.9912   -1.7051  -13.1909   -7.8980
    2.2496    0.9342   -1.7735   34.9078    1.7082  -29.9462
eta,q 0.97993  8.77163

---------------------------------------------------------------------
compute_vox2vox talsrcimg talsrcimg_to_711-2C_as_mni_average_305_t4 /opt/freesurfer/average/711-2C_as_mni_average_305
---------------------------------------------------------------------

freesurfer compute_vox2vox.c
Reading: talsrcimg.4dfp.ifh
Reading: talsrcimg_to_711-2C_as_mni_average_305_t4
Reading: /opt/freesurfer/average/711-2C_as_mni_average_305.4dfp.ifh
Writing: talsrcimg_to_711-2C_as_mni_average_305_t4_vox2vox.txt

start time Thu Mar 12 14:26:46 CET 2026
end		time Thu Mar 12 14:27:00 CET 2026

mpr2mni305 success

avi2talxfm orig_nu.mgz /opt/freesurfer/average/mni305.cor.mgz talsrcimg_to_711-2C_as_mni_average_305_t4_vox2vox.txt transforms/talairach.auto.xfm
avi2talxfm done
mv -f /out/sourcedata/freesurfer/sub-v1s1x0050652_ses-1/mri/talsrcimg_to_711-2C_as_mni_average_305_t4_vox2vox.txt /out/sourcedata/freesurfer/sub-v1s1x0050652_ses-1/mri/transforms/talsrcimg_to_711-2C_as_mni_average_305_t4_vox2vox.txt
lta_convert --src orig_nu.mgz --trg /opt/freesurfer/average/mni305.cor.mgz --inxfm transforms/talairach.auto.xfm --outlta transforms/talairach.auto.xfm.lta --subject fsaverage
7.3.2

--src: orig_nu.mgz src image (geometry).
--trg: /opt/freesurfer/average/mni305.cor.mgz trg image (geometry).
--inmni: transforms/talairach.auto.xfm input MNI/XFM transform.
--outlta: transforms/talairach.auto.xfm.lta output LTA.
--s: fsaverage subject name
 LTA read, type : 1
 1.01688  -0.00029  -0.02645  -0.82828;
-0.01070   0.96021   0.33152   4.71866;
 0.02508  -0.38613   1.01810  -29.18027;
 0.00000   0.00000   0.00000   1.00000;
setting subject to fsaverage
Writing  LTA to file transforms/talairach.auto.xfm.lta...
lta_convert successful.
 
 
Started at Thu Mar 12 14:26:46 CET 2026
Ended   at Thu Mar 12 14:27:00 CET 2026
talairach_avi done
