status file for recon-all
Thu Mar 12 15:57:28 CET 2026
#@# Tessellate lh Thu Mar 12 15:57:28 CET 2026
#@# Smooth1 lh Thu Mar 12 15:57:32 CET 2026
#@# Inflation1 lh Thu Mar 12 15:57:34 CET 2026
#@# QSphere lh Thu Mar 12 15:57:47 CET 2026
#@# Fix Topology lh Thu Mar 12 15:58:51 CET 2026
#@# Smooth2 lh Thu Mar 12 16:03:43 CET 2026
#@# Inflation2 lh Thu Mar 12 16:03:46 CET 2026
#@# Curv .H and .K lh Thu Mar 12 16:03:58 CET 2026
#@# Sphere lh Thu Mar 12 16:04:36 CET 2026
#@# Surf Reg lh Thu Mar 12 16:07:05 CET 2026
#@# Jacobian white lh Thu Mar 12 16:10:48 CET 2026
#@# AvgCurv lh Thu Mar 12 16:10:49 CET 2026
#@# Cortical Parc lh Thu Mar 12 16:10:50 CET 2026
#@# white curv lh Thu Mar 12 16:16:06 CET 2026
#@# white area lh Thu Mar 12 16:16:07 CET 2026
#@# pial curv lh Thu Mar 12 16:16:08 CET 2026
#@# pial area lh Thu Mar 12 16:16:09 CET 2026
#@# thickness lh Thu Mar 12 16:16:10 CET 2026
#@# area and vertex vol lh Thu Mar 12 16:16:33 CET 2026
#@# Curvature Stats lh Thu Mar 12 16:16:35 CET 2026
#@# Cortical Parc 2 lh Thu Mar 12 16:16:37 CET 2026
#@# Cortical Parc 3 lh Thu Mar 12 16:16:47 CET 2026
#@# WM/GM Contrast lh Thu Mar 12 16:16:55 CET 2026
recon-all -s sub-v1s1x0050650_ses-1 finished without error at Thu Mar 12 16:16:58 CET 2026



#New# invocation of recon-all 



status file for recon-all
Thu Mar 12 16:38:17 CET 2026
#@# white curv lh Thu Mar 12 16:38:17 CET 2026
#@# white area lh Thu Mar 12 16:38:17 CET 2026
#@# pial curv lh Thu Mar 12 16:38:17 CET 2026
#@# pial area lh Thu Mar 12 16:38:17 CET 2026
#@# thickness lh Thu Mar 12 16:38:17 CET 2026
#@# area and vertex vol lh Thu Mar 12 16:38:17 CET 2026
#@# Parcellation Stats lh Thu Mar 12 16:38:17 CET 2026
#@# Parcellation Stats 2 lh Thu Mar 12 16:38:30 CET 2026
#@# Parcellation Stats 3 lh Thu Mar 12 16:38:37 CET 2026
#@# BA_exvivo Labels lh Thu Mar 12 16:38:44 CET 2026
recon-all -s sub-v1s1x0050650_ses-1 finished without error at Thu Mar 12 16:41:05 CET 2026
